%%%% 111 AG  47    B-           6.43680E+05 7.45 D     02-11-2005       BALASTAR
1 111   AG  47 7.45 D          B-         
1INTENSITY AND ENERGY BALANCE DATA

              111-SILVER-47
+                                    HALFLIFE = 7.45 DAYS    
+                                                                  02-11-2005


    LEVEL       INTENSITY   INTENSITY
    ENERGY      ENTERING    LEAVING     PERCENT
    (MEV)       LEVEL       LEVEL       ERROR

   0.0000E+00  9.9974E+01
   2.4542E-01  1.4176E+00  1.4144E+00  2.3024E-01                      
   3.4213E-01  6.9991E+00  6.9763E+00  3.2635E-01                      
   6.2020E-01  1.4691E-02  1.4729E-02  2.5886E-01                      
   7.5470E-01  3.9975E-03  4.0235E-03  6.4940E-01                      
   8.6480E-01  2.9981E-03  3.0168E-03  6.2039E-01                      
   8.6670E-01  1.1693E-02  1.1733E-02  3.4893E-01                      


 INTENSITY TO GROUND AND ISOMERIC STATE(S) OF DAUGHTER(S)=  9.997E+01
 TOTAL INTENSITY FROM PARENT=  1.000E+02
 PERCENT ERROR =  2.595E-02                      


 TOTAL INTENSITY FROM PARENT =  1.000E+02
 VALUE IS WITHIN   0.00E+00% OF 100                      


 TOTAL ENERGY AVAILABLE =  1.037E+00 MEV
 TOTAL ENERGY CONTENT OF ALL RADIATIONS =  1.037E+00 MEV
 PERCENT ERROR =  8.210E-03                      
%%%% 111 AG  47    B-           6.43680E+05 7.45 D     02-11-2005       BALAEND 
%%%% 111 AG  47    B-           6.43680E+05 7.45 D     02-11-2005       INPUSTAR
1                                      **INPUT DATA**
              111-SILVER-47
+                                    HALFLIFE = 7.45 DAYS    
+                                                                  02-11-2005

            MODE OF DECAY: BETA MINUS
 
                                MEAN
                                NUMBER/    TRANSITION
                TYPE OF    ID   TRANSFOR-  ENERGY
              TRANSITION   NO.  MATION     (MEV)       OTHER NUCLEAR PARAMETERS

               BETA MINUS   1   1.17E-04   1.701E-01*  FIRST FORBIDDEN                          
               BETA MINUS   2   3.00E-05   1.720E-01*  FIRST FORBIDDEN                          
               BETA MINUS   3   4.00E-05   2.821E-01*  FIRST FORBIDDEN                          
               BETA MINUS   4   1.47E-04   4.166E-01*  UNIQUE FIRST FORBIDDEN                   
               BETA MINUS   5   7.00E-02   6.947E-01*  FIRST FORBIDDEN                          
               BETA MINUS   6   1.23E-02   7.914E-01*  UNIQUE FIRST FORBIDDEN                   
               BETA MINUS   7   9.17E-01   1.037E+00*  FIRST FORBIDDEN                          
           I.C.E. + GAMMA   1   1.77E-03   9.675E-02   M1+E2 MULTIPOLE                          
                                                       MRS=0.0144    AK= 0.459                  
                                                       AL1=0.0530    AL2=0.00488                
                                                       AL3=0.00284   AM= 0.0118                 
                                                       AN+=0.00244                              
           I.C.E. + GAMMA   2   1.41E-02   2.454E-01   E2 MULTIPOLE                             
+                                                                    AK= 0.0535                 
                                                       AL1=0.00553   AL2=0.00149                
                                                       AL3=0.00143   AM= 0.00165                
           I.C.E. + GAMMA   3   5.50E-06   2.783E-01   M1 MULTIPOLE                             
+                                                                    AK= 0.0256                 
                                                       AL1=0.00295                              
           I.C.E. + GAMMA   4   6.80E-02   3.421E-01   M1+E2 MULTIPOLE                          
                                                       MRS=0.130     AK= 0.0154                 
                                                       AL1=0.00176                              
           I.C.E. + GAMMA   5   3.18E-05   3.746E-01   M1 MULTIPOLE                             
+                                                                    AK= 0.0120                 
                                                       AL1=0.00138                              
           I.C.E. + GAMMA   6   1.34E-05   5.094E-01   M1 MULTIPOLE                             
+                                                                    AK= 0.00565                
           I.C.E. + GAMMA   7   9.41E-06   5.224E-01   M1 MULTIPOLE                             
+                                                                    AK= 0.00532                
           I.C.E. + GAMMA   8   2.08E-05   5.243E-01   M1 MULTIPOLE                             
+                                                                    AK= 0.00527                
           I.C.E. + GAMMA   9   5.37E-06   6.193E-01   M1 MULTIPOLE                             
+                                                                    AK= 0.00355                
           I.C.E. + GAMMA  10   1.10E-04   6.203E-01   E2 MULTIPOLE                             
+                                                                    AK= 0.00319                
           I.C.E. + GAMMA  11   6.04E-05   6.220E-01   M1 MULTIPOLE                             
+                                                                    AK= 0.00351                
           I.C.E. + GAMMA  12   2.68E-05   7.546E-01   M1 MULTIPOLE                             
+                                                                    AK= 0.00224                
           I.C.E. + GAMMA  13   1.54E-05   8.651E-01   M1 MULTIPOLE                             
+                                                                    AK= 0.00164                
           I.C.E. + GAMMA  14   3.61E-05   8.670E-01   M1 MULTIPOLE                             
+                                                                    AK= 0.00163                
 
           * ENDPOINT ENERGY (MEV)
           - - - - - - - - - -
           Reference: Evaluated Nuclear Structure Data File (ENSDF)
                DATE DATA WERE ENTERED INTO ENSDF: Apr-1996
%%%% 111 AG  47    B-           6.43680E+05 7.45 D     02-11-2005       INPUEND 
%%%% 111 AG  47    B-           6.43680E+05 7.45 D     02-11-2005       OUTPSTAR
1                                      **OUTPUT DATA**
              111-SILVER-47
+                                    HALFLIFE = 7.45 DAYS    
+                                                                  02-11-2005

            MODE OF DECAY: BETA MINUS
 
                                              MEAN
                                              NUMBER/                  MEV/
                                         ID   TRANSFOR-   ENERGY       TRANSFOR-
                  TYPE OF RADIATION      NO.  MATION      (MEV)        MATION

           BETA MINUS                     5   7.00E-02    2.268E-01*   1.59E-02
           BETA MINUS                     6   1.23E-02    2.822E-01*   3.47E-03
           BETA MINUS                     7   9.17E-01    3.639E-01*   3.34E-01
           GAMMA-RAY                      1   1.16E-03    9.675E-02    1.12E-04
           GAMMA-RAY                      2   1.33E-02    2.454E-01    3.26E-03
           GAMMA-RAY                      4   6.68E-02    3.421E-01    2.29E-02
           GAMMA-RAY                     10   1.10E-04    6.203E-01    6.80E-05
           GAMMA-RAY                     11   6.01E-05    6.220E-01    3.74E-05
           GAMMA-RAY                     14   3.61E-05    8.670E-01    3.13E-05
 
           ALL LISTED X-RAYS, GAMMA-RAYS AND ANNIHILATION RADIATION    2.64E-02
           ALL NEGLECTED X-RAYS, GAMMA-RAYS AND ANNIH. RADIATION**     1.19E-04
           ALL LISTED BETAS, INTERNAL CONVERSION AND AUGER ELECTRONS   3.53E-01
           ALL NEGLECTED BETAS, INT. CONVERSION AND AUGER ELECTRONS**  6.61E-04
           ALL LISTED RADIATIONS                                       3.80E-01
           ALL NEGLECTED RADIATIONS**                                  7.80E-04
 
           *  AVERAGE ENERGY (MEV)
           ** EACH NEGLECTED TRANSITION CONTRIBUTES LESS THAN  0.100%
              TO THE TOTAL MEV/TRANSFORMATION FOR THIS CATEGORY.
           TOTAL FEEDING OF GROUND STATE LEVEL IN 111-CADMIUM
             DAUGHTER IS 1.0000E+00 PER TRANSFORMATION OF 111-SILVER.
             THIS DAUGHTER GROUND STATE IS STABLE.
           - - - - - - - - - -
           INPUT DATA SOURCE: EVALUATED NUCLEAR STRUCTURE DATA FILE (ENSDF)
             DATE INPUT DATA WERE ENTERED INTO ENSDF: Apr-1996
%%%% 111 AG  47    B-           6.43680E+05 7.45 D     02-11-2005       OUTPEND 
%%%% 111 AG  47    B-           6.43680E+05 7.45 D     02-11-2005       BETASTAR
1
              111-SILVER-47
+                                    HALFLIFE = 7.45 DAYS    
+                                                                  02-11-2005

            BETA SPECTRUM DATA FOR ALL DECAY BRANCHES

                      BETAS PER                BETAS PER                BETAS PER
            ENERGY    MEV            ENERGY    MEV            ENERGY    MEV
            (MEV)     PER DECAY      (MEV)     PER DECAY      (MEV)     PER DECAY

            0.00000   1.360E+00      0.00220   1.359E+00      0.05500   1.433E+00
            0.00010   1.360E+00      0.00240   1.359E+00      0.06000   1.441E+00
            0.00011   1.360E+00      0.00260   1.359E+00      0.06500   1.448E+00
            0.00012   1.360E+00      0.00280   1.359E+00      0.07000   1.455E+00
            0.00013   1.360E+00      0.00300   1.359E+00      0.07500   1.463E+00
            0.00014   1.360E+00      0.00320   1.359E+00      0.08000   1.470E+00
            0.00015   1.360E+00      0.00360   1.359E+00      0.08500   1.477E+00
            0.00016   1.360E+00      0.00400   1.359E+00      0.09000   1.484E+00
            0.00018   1.360E+00      0.00450   1.359E+00      0.10000   1.497E+00
            0.00020   1.360E+00      0.00500   1.359E+00      0.11000   1.509E+00
            0.00022   1.360E+00      0.00550   1.359E+00      0.12000   1.521E+00
            0.00024   1.360E+00      0.00600   1.358E+00      0.13000   1.531E+00
            0.00026   1.360E+00      0.00650   1.358E+00      0.14000   1.541E+00
            0.00028   1.360E+00      0.00700   1.358E+00      0.15000   1.549E+00
            0.00030   1.360E+00      0.00750   1.358E+00      0.16000   1.557E+00
            0.00032   1.360E+00      0.00800   1.359E+00      0.18000   1.569E+00
            0.00036   1.360E+00      0.00850   1.360E+00      0.20000   1.577E+00
            0.00040   1.360E+00      0.00900   1.361E+00      0.22000   1.581E+00
            0.00045   1.360E+00      0.01000   1.363E+00      0.24000   1.580E+00
            0.00050   1.360E+00      0.01100   1.364E+00      0.26000   1.574E+00
            0.00055   1.360E+00      0.01200   1.366E+00      0.28000   1.564E+00
            0.00060   1.360E+00      0.01300   1.368E+00      0.30000   1.550E+00
            0.00065   1.360E+00      0.01400   1.369E+00      0.32000   1.532E+00
            0.00070   1.360E+00      0.01500   1.371E+00      0.36000   1.482E+00
            0.00075   1.360E+00      0.01600   1.373E+00      0.40000   1.418E+00
            0.00080   1.360E+00      0.01800   1.376E+00      0.45000   1.318E+00
            0.00085   1.360E+00      0.02000   1.379E+00      0.50000   1.199E+00
            0.00090   1.360E+00      0.02200   1.382E+00      0.55000   1.066E+00
            0.00100   1.360E+00      0.02400   1.385E+00      0.60000   9.231E-01
            0.00110   1.359E+00      0.02600   1.388E+00      0.65000   7.770E-01
            0.00120   1.359E+00      0.02800   1.391E+00      0.70000   6.336E-01
            0.00130   1.359E+00      0.03000   1.395E+00      0.75000   4.946E-01
            0.00140   1.359E+00      0.03200   1.398E+00      0.80000   3.624E-01
            0.00150   1.359E+00      0.03600   1.404E+00      0.85000   2.420E-01
            0.00160   1.359E+00      0.04000   1.410E+00      0.90000   1.389E-01
            0.00180   1.359E+00      0.04500   1.418E+00      1.00000   1.144E-02
            0.00200   1.359E+00      0.05000   1.425E+00      1.03680   0.000E+00

            AVERAGE BETA ENERGY =   3.533E-01

            TOTAL BETAS PER DECAY FOR ALL BRANCHES =   1.000E+00
%%%% 111 AG  47    B-           6.43680E+05 7.45 D     02-11-2005       BETAEND 
%%%% 111 AG  47    B-           6.43680E+05 7.45 D     02-11-2005       SEEISTAR
111.  SILVER       47.  7.450E+00 DAYS     160 B-                   111.AG 47.   0
 5 1  1.16926E-02  4.61807E-02  1.70100E-01  0.00000E+00            111.AG 47.   1   1
 5 2  2.99810E-03  4.67380E-02  1.72000E-01  0.00000E+00            111.AG 47.   2   2
 5 3  3.99747E-03  8.04810E-02  2.82100E-01  0.00000E+00            111.AG 47.   3   3
 5 4  1.46907E-02  1.43296E-01  4.16600E-01  1.00000E+00            111.AG 47.   4   4
 5 5  6.99556E+00  2.26823E-01  6.94670E-01  0.00000E+00            111.AG 47.   5   5
 5 6  1.22922E+00  2.82240E-01  7.91380E-01  1.00000E+00            111.AG 47.   6   6
 5 7  9.17418E+01  3.63938E-01  1.03680E+00  0.00000E+00            111.AG 47.   7   7
 1 1  1.15564E-01  9.67500E-02  9.67500E-02  0.00000E+00            111.AG 47.   8   1
 6 1  5.30762E-02  7.00620E-02  7.00620E-02  1.00000E+00            111.AG 47.   9   1
 6 5  6.12734E-03  9.27559E-02  9.27559E-02  1.00000E+00            111.AG 47.  10   5
 6 6  5.64217E-04  9.30191E-02  9.30191E-02  1.00000E+00            111.AG 47.  11   6
 6 7  3.27704E-04  9.32146E-02  9.32146E-02  1.00000E+00            111.AG 47.  12   7
 6 3  1.36221E-03  9.61374E-02  9.61374E-02  1.00000E+00            111.AG 47.  13   3
 6 4  2.81404E-04  9.67500E-02  9.67500E-02  1.00000E+00            111.AG 47.  14   4
 1 2  1.32932E+00  2.45400E-01  2.45400E-01  0.00000E+00            111.AG 47.  15   2
 6 1  7.11700E-02  2.18712E-01  2.18712E-01  2.00000E+00            111.AG 47.  16   1
 6 5  7.34847E-03  2.41406E-01  2.41406E-01  2.00000E+00            111.AG 47.  17   5
 6 6  1.98649E-03  2.41669E-01  2.41669E-01  2.00000E+00            111.AG 47.  18   6
 6 7  1.90539E-03  2.41865E-01  2.41865E-01  2.00000E+00            111.AG 47.  19   7
 6 3  2.19730E-03  2.44787E-01  2.44787E-01  2.00000E+00            111.AG 47.  20   3
 6 4  4.36323E-04  2.45400E-01  2.45400E-01  2.00000E+00            111.AG 47.  21   4
 1 3  5.34400E-04  2.78300E-01  2.78300E-01  0.00000E+00            111.AG 47.  22   3
 6 1  1.36726E-05  2.51612E-01  2.51612E-01  3.00000E+00            111.AG 47.  23   1
 6 5  1.57664E-06  2.74306E-01  2.74306E-01  3.00000E+00            111.AG 47.  24   5
 6 6  7.41731E-08  2.74569E-01  2.74569E-01  3.00000E+00            111.AG 47.  25   6
 6 7  2.16276E-08  2.74765E-01  2.74765E-01  3.00000E+00            111.AG 47.  26   7
 6 3  3.22949E-07  2.77687E-01  2.77687E-01  3.00000E+00            111.AG 47.  27   3
 6 4  6.75314E-08  2.78300E-01  2.78300E-01  3.00000E+00            111.AG 47.  28   4
 1 4  6.68000E+00  3.42130E-01  3.42130E-01  0.00000E+00            111.AG 47.  29   4
 6 1  1.03205E-01  3.15442E-01  3.15442E-01  4.00000E+00            111.AG 47.  30   1
 6 5  1.17496E-02  3.38136E-01  3.38136E-01  4.00000E+00            111.AG 47.  31   5
 6 6  7.14373E-04  3.38399E-01  3.38399E-01  4.00000E+00            111.AG 47.  32   6
 6 7  3.67408E-04  3.38595E-01  3.38595E-01  4.00000E+00            111.AG 47.  33   7
 6 3  2.47934E-03  3.41517E-01  3.41517E-01  4.00000E+00            111.AG 47.  34   3
 6 4  5.15609E-04  3.42130E-01  3.42130E-01  4.00000E+00            111.AG 47.  35   4
 1 5  3.13960E-03  3.74600E-01  3.74600E-01  0.00000E+00            111.AG 47.  36   5
 6 1  3.77476E-05  3.47912E-01  3.47912E-01  5.00000E+00            111.AG 47.  37   1
 6 5  4.33719E-06  3.70606E-01  3.70606E-01  5.00000E+00            111.AG 47.  38   5
 6 6  1.80031E-07  3.70869E-01  3.70869E-01  5.00000E+00            111.AG 47.  39   6
 6 7  5.43915E-08  3.71065E-01  3.71065E-01  5.00000E+00            111.AG 47.  40   7
 6 3  8.81447E-07  3.73987E-01  3.73987E-01  5.00000E+00            111.AG 47.  41   3
 6 4  1.84583E-07  3.74600E-01  3.74600E-01  5.00000E+00            111.AG 47.  42   4
 1 6  1.33600E-03  5.09400E-01  5.09400E-01  0.00000E+00            111.AG 47.  43   6
 6 1  7.54438E-06  4.82712E-01  4.82712E-01  6.00000E+00            111.AG 47.  44   1
 6 5  8.63848E-07  5.05406E-01  5.05406E-01  6.00000E+00            111.AG 47.  45   5
 6 6  3.09884E-08  5.05669E-01  5.05669E-01  6.00000E+00            111.AG 47.  46   6
 6 7  9.88959E-09  5.05865E-01  5.05865E-01  6.00000E+00            111.AG 47.  47   7
 6 3  1.74161E-07  5.08787E-01  5.08787E-01  6.00000E+00            111.AG 47.  48   3
 6 4  3.65637E-08  5.09400E-01  5.09400E-01  6.00000E+00            111.AG 47.  49   4
 1 7  9.35200E-04  5.22400E-01  5.22400E-01  0.00000E+00            111.AG 47.  50   7
 6 1  4.97068E-06  4.95712E-01  4.95712E-01  7.00000E+00            111.AG 47.  51   1
 6 5  5.68952E-07  5.18406E-01  5.18406E-01  7.00000E+00            111.AG 47.  52   5
 6 6  2.01475E-08  5.18669E-01  5.18669E-01  7.00000E+00            111.AG 47.  53   6
 6 7  6.46660E-09  5.18865E-01  5.18865E-01  7.00000E+00            111.AG 47.  54   7
 6 3  1.14647E-07  5.21787E-01  5.21787E-01  7.00000E+00            111.AG 47.  55   3
 6 4  2.40662E-08  5.22400E-01  5.22400E-01  7.00000E+00            111.AG 47.  56   4
 1 8  2.07080E-03  5.24300E-01  5.24300E-01  0.00000E+00            111.AG 47.  57   8
 6 1  1.09111E-05  4.97612E-01  4.97612E-01  8.00000E+00            111.AG 47.  58   1
 6 5  1.24883E-06  5.20306E-01  5.20306E-01  8.00000E+00            111.AG 47.  59   5
 6 6  4.41405E-08  5.20569E-01  5.20569E-01  8.00000E+00            111.AG 47.  60   6
 6 7  1.41793E-08  5.20765E-01  5.20765E-01  8.00000E+00            111.AG 47.  61   7
 6 3  2.51627E-07  5.23687E-01  5.23687E-01  8.00000E+00            111.AG 47.  62   3
 6 4  5.28198E-08  5.24300E-01  5.24300E-01  8.00000E+00            111.AG 47.  63   4
 1 9  5.34400E-04  6.19300E-01  6.19300E-01  0.00000E+00            111.AG 47.  64   9
 6 1  1.89576E-06  5.92612E-01  5.92612E-01  9.00000E+00            111.AG 47.  65   1
 6 5  2.16466E-07  6.15306E-01  6.15306E-01  9.00000E+00            111.AG 47.  66   5
 6 6  7.00730E-09  6.15569E-01  6.15569E-01  9.00000E+00            111.AG 47.  67   6
 6 7  2.34991E-09  6.15765E-01  6.15765E-01  9.00000E+00            111.AG 47.  68   7
 6 3  4.34825E-08  6.18687E-01  6.18687E-01  9.00000E+00            111.AG 47.  69   3
 6 4  9.11787E-09  6.19300E-01  6.19300E-01  9.00000E+00            111.AG 47.  70   4
 110  1.09552E-02  6.20300E-01  6.20300E-01  0.00000E+00            111.AG 47.  71  10
 6 1  3.49406E-05  5.93612E-01  5.93612E-01  1.00000E+01            111.AG 47.  72   1
 6 5  3.85790E-06  6.16306E-01  6.16306E-01  1.00000E+01            111.AG 47.  73   5
 6 6  3.43086E-07  6.16569E-01  6.16569E-01  1.00000E+01            111.AG 47.  74   6
 6 7  2.60224E-07  6.16765E-01  6.16765E-01  1.00000E+01            111.AG 47.  75   7
 6 3  8.61908E-07  6.19687E-01  6.19687E-01  1.00000E+01            111.AG 47.  76   3
 6 4  1.77758E-07  6.20300E-01  6.20300E-01  1.00000E+01            111.AG 47.  77   4
 111  6.01200E-03  6.22000E-01  6.22000E-01  0.00000E+00            111.AG 47.  78  11
 6 1  2.11102E-05  5.95312E-01  5.95312E-01  1.10000E+01            111.AG 47.  79   1
 6 5  2.41029E-06  6.18006E-01  6.18006E-01  1.10000E+01            111.AG 47.  80   5
 6 6  7.78421E-08  6.18269E-01  6.18269E-01  1.10000E+01            111.AG 47.  81   6
 6 7  2.61055E-08  6.18465E-01  6.18465E-01  1.10000E+01            111.AG 47.  82   7
 6 3  4.84136E-07  6.21387E-01  6.21387E-01  1.10000E+01            111.AG 47.  83   3
 6 4  1.01515E-07  6.22000E-01  6.22000E-01  1.10000E+01            111.AG 47.  84   4
 112  2.67200E-03  7.54600E-01  7.54600E-01  0.00000E+00            111.AG 47.  85  12
 6 1  5.97730E-06  7.27912E-01  7.27912E-01  1.20000E+01            111.AG 47.  86   1
 6 5  6.80777E-07  7.50606E-01  7.50606E-01  1.20000E+01            111.AG 47.  87   5
 6 6  1.98128E-08  7.50869E-01  7.50869E-01  1.20000E+01            111.AG 47.  88   6
 6 7  7.08628E-09  7.51065E-01  7.51065E-01  1.20000E+01            111.AG 47.  89   7
 6 3  1.36409E-07  7.53987E-01  7.53987E-01  1.20000E+01            111.AG 47.  90   3
 6 4  2.86034E-08  7.54600E-01  7.54600E-01  1.20000E+01            111.AG 47.  91   4
 113  1.53640E-03  8.65100E-01  8.65100E-01  0.00000E+00            111.AG 47.  92  13
 6 1  2.51215E-06  8.38412E-01  8.38412E-01  1.30000E+01            111.AG 47.  93   1
 6 5  2.85690E-07  8.61106E-01  8.61106E-01  1.30000E+01            111.AG 47.  94   5
 6 6  7.71339E-09  8.61369E-01  8.61369E-01  1.30000E+01            111.AG 47.  95   6
 6 7  2.91673E-09  8.61565E-01  8.61565E-01  1.30000E+01            111.AG 47.  96   7
 6 3  5.71671E-08  8.64487E-01  8.64487E-01  1.30000E+01            111.AG 47.  97   3
 6 4  1.19989E-08  8.65100E-01  8.65100E-01  1.30000E+01            111.AG 47.  98   4
 114  3.60720E-03  8.67000E-01  8.67000E-01  0.00000E+00            111.AG 47.  99  14
 6 1  5.86875E-06  8.40312E-01  8.40312E-01  1.40000E+01            111.AG 47. 100   1
 6 5  6.67398E-07  8.63006E-01  8.63006E-01  1.40000E+01            111.AG 47. 101   5
 6 6  1.79971E-08  8.63269E-01  8.63269E-01  1.40000E+01            111.AG 47. 102   6
 6 7  6.81143E-09  8.63465E-01  8.63465E-01  1.40000E+01            111.AG 47. 103   7
 6 3  1.33545E-07  8.66387E-01  8.66387E-01  1.40000E+01            111.AG 47. 104   3
 6 4  2.80303E-08  8.67000E-01  8.67000E-01  1.40000E+01            111.AG 47. 105   4
 2 1  5.53150E-02  2.29571E-02  2.29571E-02  0.00000E+00            111.AG 47. 106   1
 2 2  1.03975E-01  2.31527E-02  2.31527E-02  0.00000E+00            111.AG 47. 107   2
 2 3  9.17373E-03  2.60401E-02  2.60401E-02  0.00000E+00            111.AG 47. 108   3
 2 4  1.78203E-02  2.60753E-02  2.60753E-02  0.00000E+00            111.AG 47. 109   4
 2 5  6.57732E-05  2.62679E-02  2.62679E-02  0.00000E+00            111.AG 47. 110   5
 2 6  9.15484E-05  2.62751E-02  2.62751E-02  0.00000E+00            111.AG 47. 111   6
 2 7  1.86750E-03  2.66098E-02  2.66098E-02  0.00000E+00            111.AG 47. 112   7
 2 8  3.62334E-03  2.66158E-02  2.66158E-02  0.00000E+00            111.AG 47. 113   8
 2 9  8.20849E-06  2.66703E-02  2.66703E-02  0.00000E+00            111.AG 47. 114   9
 210  1.13104E-05  2.66711E-02  2.66711E-02  0.00000E+00            111.AG 47. 115  10
 221  7.62751E-07  2.63200E-04  2.63200E-04  0.00000E+00            111.AG 47. 116  21
 222  6.69628E-06  4.58700E-04  4.58700E-04  0.00000E+00            111.AG 47. 117  22
 223  2.62610E-04  3.34631E-03  3.34631E-03  0.00000E+00            111.AG 47. 118  23
 224  4.33772E-04  3.38147E-03  3.38147E-03  0.00000E+00            111.AG 47. 119  24
 225  3.03844E-06  3.57404E-03  3.57404E-03  0.00000E+00            111.AG 47. 120  25
 226  4.53210E-06  3.58124E-03  3.58124E-03  0.00000E+00            111.AG 47. 121  26
 227  4.83952E-05  3.91588E-03  3.91588E-03  0.00000E+00            111.AG 47. 122  27
 228  8.09150E-05  3.92191E-03  3.92191E-03  0.00000E+00            111.AG 47. 123  28
 229  2.65017E-07  3.97640E-03  3.97640E-03  0.00000E+00            111.AG 47. 124  29
 230  3.96771E-07  3.97713E-03  3.97713E-03  0.00000E+00            111.AG 47. 125  30
 241  1.50925E-09  1.95499E-04  1.95499E-04  0.00000E+00            111.AG 47. 126  41
 242  2.79827E-04  2.97553E-03  2.97553E-03  0.00000E+00            111.AG 47. 127  42
 243  3.41438E-06  3.11827E-03  3.11827E-03  0.00000E+00            111.AG 47. 128  43
 244  3.97544E-03  3.31083E-03  3.31083E-03  0.00000E+00            111.AG 47. 129  44
 245  3.09194E-05  3.61753E-03  3.61753E-03  0.00000E+00            111.AG 47. 130  45
 246  2.48171E-07  3.65871E-03  3.65871E-03  0.00000E+00            111.AG 47. 131  46
 247  4.09127E-04  3.71320E-03  3.71320E-03  0.00000E+00            111.AG 47. 132  47
 249  1.80839E-06  3.72268E-03  3.72268E-03  0.00000E+00            111.AG 47. 133  49
 261  1.02109E-03  2.78004E-03  2.78004E-03  0.00000E+00            111.AG 47. 134  61
 262  4.98542E-06  2.88761E-03  2.88761E-03  0.00000E+00            111.AG 47. 135  62
 263  4.68531E-06  2.92277E-03  2.92277E-03  0.00000E+00            111.AG 47. 136  63
 264  8.58164E-04  3.11534E-03  3.11534E-03  0.00000E+00            111.AG 47. 137  64
 265  7.61433E-03  3.12254E-03  3.12254E-03  0.00000E+00            111.AG 47. 138  65
 266  6.94218E-05  3.42204E-03  3.42204E-03  0.00000E+00            111.AG 47. 139  66
 267  2.69779E-07  3.45717E-03  3.45717E-03  0.00000E+00            111.AG 47. 140  67
 268  2.56872E-07  3.46322E-03  3.46322E-03  0.00000E+00            111.AG 47. 141  68
 269  8.67603E-05  3.51770E-03  3.51770E-03  0.00000E+00            111.AG 47. 142  69
 270  7.67114E-04  3.51842E-03  3.51842E-03  0.00000E+00            111.AG 47. 143  70
 273  4.85023E-06  3.52719E-03  3.52719E-03  0.00000E+00            111.AG 47. 144  73
 291  5.67041E-04  3.98560E-04  3.98560E-04  0.00000E+00            111.AG 47. 145  91
 292  1.15169E-05  5.17193E-05  5.17193E-05  0.00000E+00            111.AG 47. 146  92
 294  1.96392E+00  1.71483E-05  1.71483E-05  0.00000E+00            111.AG 47. 147  94
 7 1  2.45474E-02  1.92752E-02  1.92752E-02  0.00000E+00            111.AG 47. 148   1
 7 2  1.00996E-02  2.24238E-02  2.24238E-02  0.00000E+00            111.AG 47. 149   2
 7 3  9.99118E-04  2.55755E-02  2.55755E-02  0.00000E+00            111.AG 47. 150   3
 7 4  4.06582E-02  1.65264E-04  1.65264E-04  0.00000E+00            111.AG 47. 151   4
 7 5  1.87792E-01  2.60965E-03  2.60965E-03  0.00000E+00            111.AG 47. 152   5
 7 6  4.32177E-02  3.05245E-03  3.05245E-03  0.00000E+00            111.AG 47. 153   6
 7 7  2.61729E-03  3.51318E-03  3.51318E-03  0.00000E+00            111.AG 47. 154   7
 7 8  2.01898E-01  1.28300E-04  1.28300E-04  0.00000E+00            111.AG 47. 155   8
 7 9  4.85136E-01  3.45250E-04  3.45250E-04  0.00000E+00            111.AG 47. 156   9
 710  5.51299E-03  4.02451E-04  4.02451E-04  0.00000E+00            111.AG 47. 157  10
 711  1.57117E-06  7.05640E-04  7.05640E-04  0.00000E+00            111.AG 47. 158  11
 712  6.92760E-01  3.67894E-05  3.67894E-05  0.00000E+00            111.AG 47. 159  12
 713  1.67025E-03  9.68835E-05  9.68835E-05  0.00000E+00            111.AG 47. 160  13
%%%% 111 AG  47    B-           6.43680E+05 7.45 D     02-11-2005       SEEIEND 
 


   ***************************************************** 
   *                 Radiation Summary                 * 
   ***************************************************** 
 
  Energy released by
    Gamma-ray                       (MeV) =   2.64374E-02
    X-ray                           (MeV) =   4.58285E-05
    Free-bound X-ray                (MeV) =   3.36779E-07
    Annihilation photon             (MeV) =   0.00000E+00
    Beta+ particle                  (MeV) =   0.00000E+00
    Neutrino                        (MeV) =   0.00000E+00
    Beta- particle                  (MeV) =   3.53252E-01
    Neutrino-                       (MeV) =   6.56349E-01
    Internal conv. electron         (MeV) =   6.14567E-04
    Auger and CK electron           (MeV) =   1.58435E-05
    Alpha particle                  (MeV) =   0.00000E+00
    Recoil nucleus                  (MeV) =   0.00000E+00
  E-total (except unplaced radiat.) (MeV) =   1.03671E+00
  E-unplaced radiation              (MeV) =   0.00000E+00
  Q-value from ENSDF data           (MeV) =   1.03680E+00
  Ratio of E-total/Q-value          ( % ) =   9.99918E+01
  Ratio of E-unplaced radi./Q-value ( % ) =   0.00000E+00

 
  Total yield of
    Gamma-ray                             =   8.15822E-02
    X-ray                                 =   2.08505E-03
    Free-bound X-ray                      =   1.96392E-02
    Annihilation photon                   =   0.00000E+00
    Beta+ particle                        =   0.00000E+00
    Beta- particle                        =   1.00000E+00
    Internal conv. electron               =   2.65984E-03
    Auger and CK electron                 =   1.69691E-02
    Alpha particle                        =   0.00000E+00
  Yield of unplaced radiation             =   0.00000E+00


%%%% 111 AG  47 M  IT B-        6.48000E+01 64.8 S     02-11-2005       BALASTAR
1 111M  AG  47 64.8 S          IT B-      
1INTENSITY AND ENERGY BALANCE DATA

              111M-SILVER-47
+                                    HALFLIFE = 64.8 SECONDS 
+                                                                  02-11-2005


    LEVEL       INTENSITY   INTENSITY
    ENERGY      ENTERING    LEAVING     PERCENT
    (MEV)       LEVEL       LEVEL       ERROR

   0.0000E+00  1.0029E+02
   5.9820E-02  1.0029E+02  1.0029E+02  0.0000E+00                      
   0.0000E+00  7.1954E-01
   2.4538E-01  4.9341E-01  5.1837E-01  4.9339E+00                      
   3.4213E-01  4.3018E-02  4.2108E-02  2.1366E+00                      
   4.1666E-01  1.3284E-01  1.3008E-01  2.0935E+00                      
   6.2014E-01  1.5775E-01  1.6029E-01  1.6002E+00                      
   7.5269E-01  1.3803E-01  1.3372E-01  3.1699E+00                      


 INTENSITY TO GROUND AND ISOMERIC STATE(S) OF DAUGHTER(S)=  1.010E+02
 TOTAL INTENSITY FROM PARENT=  1.010E+02
 PERCENT ERROR =  1.934E-02                      


 TOTAL INTENSITY FROM PARENT =  1.010E+02
 VALUE IS WITHIN   9.91E-01% OF 100                      


 TOTAL ENERGY AVAILABLE =  6.767E-02 MEV
 TOTAL ENERGY CONTENT OF ALL RADIATIONS =  6.765E-02 MEV
 PERCENT ERROR =  2.974E-02                      
%%%% 111 AG  47 M  IT B-        6.48000E+01 64.8 S     02-11-2005       BALAEND 
%%%% 111 AG  47 M  IT B-        6.48000E+01 64.8 S     02-11-2005       INPUSTAR
1                                      **INPUT DATA**
              111M-SILVER-47
+                                    HALFLIFE = 64.8 SECONDS 
+                                                                  02-11-2005

            MODES OF DECAY: ISOMERIC LEVEL, BETA MINUS
 
                                MEAN
                                NUMBER/    TRANSITION
                TYPE OF    ID   TRANSFOR-  ENERGY
              TRANSITION   NO.  MATION     (MEV)       OTHER NUCLEAR PARAMETERS

           I.C.E. + GAMMA   1   1.00E+00   5.977E-02   E3 MULTIPOLE                             
+                                                                    AK= 41.8                   
                                                       AL1=2.87      AL2=50.1                   
                                                       AL3=64.2      AM= 24.5                   
                                                       AN+=4.21                                 
               BETA MINUS   1   1.38E-03   3.439E-01*  ALLOWED                                  
               BETA MINUS   2   1.58E-03   4.765E-01*  ALLOWED                                  
               BETA MINUS   3   1.18E-03   6.800E-01*  ALLOWED                                  
               BETA MINUS   4   2.86E-03   8.512E-01*  ALLOWED                                  
           I.C.E. + GAMMA   1   1.07E-05   9.675E-02   M1+E2 MULTIPOLE                          
                                                       MRS=0.0144    AK= 0.459                  
                                                       AL1=0.0530    AL2=0.00488                
                                                       AL3=0.00284   AM= 0.0118                 
                                                       AN+=0.00244                              
           I.C.E. + GAMMA   2   1.30E-03   1.713E-01   M1+E2 MULTIPOLE                          
                                                       AK= 0.0921    AL1=0.0107                 
                                                       AM= 0.00221                              
           I.C.E. + GAMMA   3   8.43E-06   2.033E-01   M1 MULTIPOLE                             
+                                                                    AK= 0.0582                 
                                                       AL1=0.00673   AM= 0.00139                
           I.C.E. + GAMMA   4   5.18E-03   2.454E-01   E2 MULTIPOLE                             
+                                                                    AK= 0.0535                 
                                                       AL1=0.00553   AL2=0.00149                
                                                       AL3=0.00143   AM= 0.00165                
           I.C.E. + GAMMA   5   7.35E-05   2.783E-01   M1 MULTIPOLE                             
+                                                                    AK= 0.0256                 
                                                       AL1=0.00295                              
           I.C.E. + GAMMA   6   1.37E-04   3.362E-01   M1 MULTIPOLE                             
+                                                                    AK= 0.0158                 
                                                       AL1=0.00182                              
           I.C.E. + GAMMA   7   4.10E-04   3.421E-01   M1+E2 MULTIPOLE                          
                                                       MRS=0.130     AK= 0.0154                 
                                                       AL1=0.00176                              
           I.C.E. + GAMMA   8   3.41E-04   3.748E-01   M1 MULTIPOLE                             
+                                                                    AK= 0.0120                 
                                                       AL1=0.00138                              
           I.C.E. + GAMMA   9   3.57E-04   4.108E-01   M1+E2 MULTIPOLE                          
                                                       AK= 0.00955   AL1=0.00110                
           I.C.E. + GAMMA  10   4.23E-04   5.069E-01   M1 MULTIPOLE                             
+                                                                    AK= 0.00571                
           I.C.E. + GAMMA  11   1.18E-03   6.201E-01   E2 MULTIPOLE                             
+                                                                    AK= 0.00319                
           I.C.E. + GAMMA  12   4.21E-04   7.527E-01   E2 MULTIPOLE                             
+                                                                    AK= 0.00195                
 
           * ENDPOINT ENERGY (MEV)
           - - - - - - - - - -
           Reference: Evaluated Nuclear Structure Data File (ENSDF)
                DATE DATA WERE ENTERED INTO ENSDF: Apr-1996
%%%% 111 AG  47 M  IT B-        6.48000E+01 64.8 S     02-11-2005       INPUEND 
%%%% 111 AG  47 M  IT B-        6.48000E+01 64.8 S     02-11-2005       OUTPSTAR
1                                      **OUTPUT DATA**
              111M-SILVER-47
+                                    HALFLIFE = 64.8 SECONDS 
+                                                                  02-11-2005

            MODES OF DECAY: ISOMERIC LEVEL, BETA MINUS
 
                                              MEAN
                                              NUMBER/                  MEV/
                                         ID   TRANSFOR-   ENERGY       TRANSFOR-
                  TYPE OF RADIATION      NO.  MATION      (MEV)        MATION

           GAMMA-RAY                      1   5.31E-03    5.977E-02    3.18E-04
           K CONV. ELECTRON, GAMMA-RAY    1   2.22E-01    3.428E-02    7.62E-03
           L1 CONV. ELECTRON, GAMMA-RAY   1   1.53E-02    5.599E-02    8.54E-04
           L2 CONV. ELECTRON, GAMMA-RAY   1   2.66E-01    5.624E-02    1.50E-02
           L3 CONV. ELECTRON, GAMMA-RAY   1   3.41E-01    5.642E-02    1.93E-02
           M CONV. ELECTRON, GAMMA-RAY    1   1.30E-01    5.920E-02*   7.71E-03
           N+ CONV. ELECTRON, GAMMA-RAY   1   2.24E-02    5.977E-02*   1.34E-03
           K -L2 X-RAY                        5.33E-02    2.196E-02    1.17E-03
           K -L3 X-RAY                        1.01E-01    2.214E-02    2.23E-03
           K -M2 X-RAY                        8.76E-03    2.489E-02    2.18E-04
           K -M3 X-RAY                        1.70E-02    2.492E-02    4.24E-04
           K -N2 X-RAY                        1.78E-03    2.542E-02    4.53E-05
           K -N3 X-RAY                        3.45E-03    2.543E-02    8.76E-05
           L2-M4 X-RAY                        1.58E-02    3.145E-03    4.96E-05
           L3-M1 X-RAY                        3.17E-03    2.646E-03    8.38E-06
           L3-M5 X-RAY                        2.28E-02    2.973E-03    6.79E-05
           Free-Bound X-RAY                   6.65E+00    1.208E-05    8.04E-05
           AUGER KLL                          2.58E-02    1.847E-02*   4.76E-04
           AUGER KLX                          1.04E-02    2.146E-02*   2.24E-04
           AUGER LMM                          6.42E-01    2.496E-03*   1.60E-03
           AUGER LMX                          1.39E-01    2.903E-03*   4.03E-04
           CK MMX                             6.87E-01    1.291E-04*   8.86E-05
           AUGER MNN                          1.64E+00    3.188E-04*   5.23E-04
           CK NNX                             2.41E+00    3.792E-05*   9.15E-05
           BETA MINUS                     1   1.38E-03    1.006E-01*   1.39E-04
           BETA MINUS                     2   1.58E-03    1.461E-01*   2.30E-04
           BETA MINUS                     3   1.18E-03    2.212E-01*   2.62E-04
           BETA MINUS                     4   2.86E-03    2.883E-01*   8.24E-04
           GAMMA-RAY                      2   1.18E-03    1.713E-01    2.01E-04
           GAMMA-RAY                      4   4.87E-03    2.454E-01    1.20E-03
           K CONV. ELECTRON, GAMMA-RAY    4   2.61E-04    2.187E-01    5.70E-05
           GAMMA-RAY                      5   7.14E-05    2.783E-01    1.99E-05
           GAMMA-RAY                      6   1.34E-04    3.362E-01    4.52E-05
           GAMMA-RAY                      7   4.03E-04    3.421E-01    1.38E-04
           GAMMA-RAY                      8   3.36E-04    3.748E-01    1.26E-04
           GAMMA-RAY                      9   3.53E-04    4.108E-01    1.45E-04
           GAMMA-RAY                     10   4.20E-04    5.069E-01    2.13E-04
           GAMMA-RAY                     11   1.18E-03    6.201E-01    7.29E-04
           GAMMA-RAY                     12   4.20E-04    7.527E-01    3.16E-04
 
           ALL LISTED X-RAYS, GAMMA-RAYS AND ANNIHILATION RADIATION    7.83E-03
           ALL NEGLECTED X-RAYS, GAMMA-RAYS AND ANNIH. RADIATION**     4.15E-05
           ALL LISTED BETAS, INTERNAL CONVERSION AND AUGER ELECTRONS   5.67E-02
           ALL NEGLECTED BETAS, INT. CONVERSION AND AUGER ELECTRONS**  1.10E-04
           ALL LISTED RADIATIONS                                       6.45E-02
           ALL NEGLECTED RADIATIONS**                                  1.52E-04
 
           *  AVERAGE ENERGY (MEV)
           ** EACH NEGLECTED TRANSITION CONTRIBUTES LESS THAN  0.100%
              TO THE TOTAL MEV/TRANSFORMATION FOR THIS CATEGORY.
           TOTAL FEEDING OF GROUND STATE LEVEL IN 111-SILVER
             DAUGHTER IS 9.9300E-01  PER TRANSFORMATION OF 111M-SILVER.
             DECAY OF THIS 7.45 DAYS HALFLIFE LEVEL WILL CONTRIBUTE TO DOSE.
           TOTAL FEEDING OF GROUND STATE LEVEL IN 111-CADMIUM
             DAUGHTER IS 7.0000E-03  PER TRANSFORMATION OF 111M-SILVER.
             THIS DAUGHTER GROUND STATE IS STABLE.
           - - - - - - - - - -
           INPUT DATA SOURCE: EVALUATED NUCLEAR STRUCTURE DATA FILE (ENSDF)
             DATE INPUT DATA WERE ENTERED INTO ENSDF: Apr-1996
%%%% 111 AG  47 M  IT B-        6.48000E+01 64.8 S     02-11-2005       OUTPEND 
%%%% 111 AG  47 M  IT B-        6.48000E+01 64.8 S     02-11-2005       BETASTAR
1
              111M-SILVER-47
+                                    HALFLIFE = 64.8 SECONDS 
+                                                                  02-11-2005

            BETA SPECTRUM DATA FOR ALL DECAY BRANCHES

                      BETAS PER                BETAS PER                BETAS PER
            ENERGY    MEV            ENERGY    MEV            ENERGY    MEV
            (MEV)     PER DECAY      (MEV)     PER DECAY      (MEV)     PER DECAY

            0.00000   2.370E-02      0.00220   2.358E-02      0.05500   2.196E-02
            0.00010   2.370E-02      0.00240   2.357E-02      0.06000   2.179E-02
            0.00011   2.370E-02      0.00260   2.356E-02      0.06500   2.162E-02
            0.00012   2.370E-02      0.00280   2.355E-02      0.07000   2.145E-02
            0.00013   2.369E-02      0.00300   2.354E-02      0.07500   2.127E-02
            0.00014   2.369E-02      0.00320   2.353E-02      0.08000   2.108E-02
            0.00015   2.369E-02      0.00360   2.351E-02      0.08500   2.089E-02
            0.00016   2.369E-02      0.00400   2.348E-02      0.09000   2.070E-02
            0.00018   2.369E-02      0.00450   2.346E-02      0.10000   2.029E-02
            0.00020   2.369E-02      0.00500   2.343E-02      0.11000   1.986E-02
            0.00022   2.369E-02      0.00550   2.340E-02      0.12000   1.941E-02
            0.00024   2.369E-02      0.00600   2.337E-02      0.13000   1.894E-02
            0.00026   2.369E-02      0.00650   2.335E-02      0.14000   1.845E-02
            0.00028   2.369E-02      0.00700   2.332E-02      0.15000   1.794E-02
            0.00030   2.369E-02      0.00750   2.329E-02      0.16000   1.742E-02
            0.00032   2.368E-02      0.00800   2.329E-02      0.18000   1.634E-02
            0.00036   2.368E-02      0.00850   2.328E-02      0.20000   1.522E-02
            0.00040   2.368E-02      0.00900   2.326E-02      0.22000   1.408E-02
            0.00045   2.368E-02      0.01000   2.324E-02      0.24000   1.294E-02
            0.00050   2.367E-02      0.01100   2.322E-02      0.26000   1.183E-02
            0.00055   2.367E-02      0.01200   2.319E-02      0.28000   1.077E-02
            0.00060   2.367E-02      0.01300   2.317E-02      0.30000   9.778E-03
            0.00065   2.367E-02      0.01400   2.315E-02      0.32000   8.890E-03
            0.00070   2.366E-02      0.01500   2.312E-02      0.36000   7.484E-03
            0.00075   2.366E-02      0.01600   2.310E-02      0.40000   6.243E-03
            0.00080   2.366E-02      0.01800   2.305E-02      0.45000   4.897E-03
            0.00085   2.366E-02      0.02000   2.299E-02      0.50000   3.888E-03
            0.00090   2.365E-02      0.02200   2.294E-02      0.55000   2.958E-03
            0.00100   2.365E-02      0.02400   2.289E-02      0.60000   2.096E-03
            0.00110   2.364E-02      0.02600   2.283E-02      0.65000   1.365E-03
            0.00120   2.364E-02      0.02800   2.278E-02      0.70000   8.183E-04
            0.00130   2.363E-02      0.03000   2.272E-02      0.75000   3.959E-04
            0.00140   2.363E-02      0.03200   2.266E-02      0.80000   1.092E-04
            0.00150   2.362E-02      0.03600   2.255E-02      0.85000   6.862E-08
            0.00160   2.362E-02      0.04000   2.243E-02      0.85124   0.000E+00
            0.00180   2.360E-02      0.04500   2.228E-02
            0.00200   2.359E-02      0.05000   2.212E-02

            AVERAGE BETA ENERGY =   2.079E-01

            TOTAL BETAS PER DECAY FOR ALL BRANCHES =   7.000E-03
%%%% 111 AG  47 M  IT B-        6.48000E+01 64.8 S     02-11-2005       BETAEND 
%%%% 111 AG  47 M  IT B-        6.48000E+01 64.8 S     02-11-2005       SEEISTAR
111.M SILVER       47.  6.480E+01 SECONDS  203 IT B-                111.AG 47.   0
 1 1  5.31255E-01  5.97700E-02  5.97700E-02  0.00000E+00            111.AG 47.   1   1
 6 1  2.22258E+01  3.42810E-02  3.42810E-02  1.00000E+00            111.AG 47.   2   1
 6 5  1.52579E+00  5.59866E-02  5.59866E-02  1.00000E+00            111.AG 47.   3   5
 6 6  2.66231E+01  5.62419E-02  5.62419E-02  1.00000E+00            111.AG 47.   4   6
 6 7  3.41277E+01  5.64200E-02  5.64200E-02  1.00000E+00            111.AG 47.   5   7
 6 3  1.30224E+01  5.92015E-02  5.92015E-02  1.00000E+00            111.AG 47.   6   3
 6 4  2.23504E+00  5.97700E-02  5.97700E-02  1.00000E+00            111.AG 47.   7   4
 2 1  5.33442E+00  2.19609E-02  2.19609E-02  0.00000E+00            111.AG 47.   8   1
 2 2  1.00521E+01  2.21389E-02  2.21389E-02  0.00000E+00            111.AG 47.   9   2
 2 3  8.76476E-01  2.48888E-02  2.48888E-02  0.00000E+00            111.AG 47.  10   3
 2 4  1.70310E+00  2.49204E-02  2.49204E-02  0.00000E+00            111.AG 47.  11   4
 2 5  5.92408E-03  2.51060E-02  2.51060E-02  0.00000E+00            111.AG 47.  12   5
 2 6  8.26623E-03  2.51124E-02  2.51124E-02  0.00000E+00            111.AG 47.  13   6
 2 7  1.78165E-01  2.54206E-02  2.54206E-02  0.00000E+00            111.AG 47.  14   7
 2 8  3.44523E-01  2.54258E-02  2.54258E-02  0.00000E+00            111.AG 47.  15   8
 2 9  6.67531E-04  2.54765E-02  2.54765E-02  0.00000E+00            111.AG 47.  16   9
 210  9.20061E-04  2.54771E-02  2.54771E-02  0.00000E+00            111.AG 47.  17  10
 221  5.24833E-05  2.55300E-04  2.55300E-04  0.00000E+00            111.AG 47.  18  21
 222  4.48774E-04  4.33400E-04  4.33400E-04  0.00000E+00            111.AG 47.  19  22
 223  1.44893E-02  3.18321E-03  3.18321E-03  0.00000E+00            111.AG 47.  20  23
 224  2.41108E-02  3.21487E-03  3.21487E-03  0.00000E+00            111.AG 47.  21  24
 225  1.60140E-04  3.40041E-03  3.40041E-03  0.00000E+00            111.AG 47.  22  25
 226  2.38871E-04  3.40685E-03  3.40685E-03  0.00000E+00            111.AG 47.  23  26
 227  2.59091E-03  3.71498E-03  3.71498E-03  0.00000E+00            111.AG 47.  24  27
 228  4.35374E-03  3.72025E-03  3.72025E-03  0.00000E+00            111.AG 47.  25  28
 229  1.27794E-05  3.77093E-03  3.77093E-03  0.00000E+00            111.AG 47.  26  29
 230  1.90636E-05  3.77154E-03  3.77154E-03  0.00000E+00            111.AG 47.  27  30
 241  5.22497E-07  1.78100E-04  1.78100E-04  0.00000E+00            111.AG 47.  28  41
 242  1.16560E-01  2.82430E-03  2.82430E-03  0.00000E+00            111.AG 47.  29  42
 243  1.38126E-03  2.95956E-03  2.95956E-03  0.00000E+00            111.AG 47.  30  43
 244  1.57723E+00  3.14510E-03  3.14510E-03  0.00000E+00            111.AG 47.  31  44
 245  1.22827E-02  3.42650E-03  3.42650E-03  0.00000E+00            111.AG 47.  32  45
 246  9.10114E-05  3.46496E-03  3.46496E-03  0.00000E+00            111.AG 47.  33  46
 247  1.47426E-01  3.51563E-03  3.51563E-03  0.00000E+00            111.AG 47.  34  47
 249  2.91290E-04  3.52121E-03  3.52121E-03  0.00000E+00            111.AG 47.  35  49
 261  3.16855E-01  2.64620E-03  2.64620E-03  0.00000E+00            111.AG 47.  36  61
 262  1.51340E-03  2.74981E-03  2.74981E-03  0.00000E+00            111.AG 47.  37  62
 263  1.42474E-03  2.78147E-03  2.78147E-03  0.00000E+00            111.AG 47.  38  63
 264  2.57449E-01  2.96701E-03  2.96701E-03  0.00000E+00            111.AG 47.  39  64
 265  2.28367E+00  2.97344E-03  2.97344E-03  0.00000E+00            111.AG 47.  40  65
 266  2.05713E-02  3.24838E-03  3.24838E-03  0.00000E+00            111.AG 47.  41  66
 267  7.49790E-05  3.28159E-03  3.28159E-03  0.00000E+00            111.AG 47.  42  67
 268  7.13410E-05  3.28686E-03  3.28686E-03  0.00000E+00            111.AG 47.  43  68
 269  2.36790E-02  3.33753E-03  3.33753E-03  0.00000E+00            111.AG 47.  44  69
 270  2.08663E-01  3.33814E-03  3.33814E-03  0.00000E+00            111.AG 47.  45  70
 273  5.85310E-04  3.34311E-03  3.34311E-03  0.00000E+00            111.AG 47.  46  73
 291  1.63036E-01  3.67366E-04  3.67366E-04  0.00000E+00            111.AG 47.  47  91
 292  3.08309E-03  4.74794E-05  4.74794E-05  0.00000E+00            111.AG 47.  48  92
 294  6.65120E+02  1.20811E-05  1.20811E-05  0.00000E+00            111.AG 47.  49  94
 7 1  2.57824E+00  1.84718E-02  1.84718E-02  0.00000E+00            111.AG 47.  50   1
 7 2  1.04173E+00  2.14605E-02  2.14605E-02  0.00000E+00            111.AG 47.  51   2
 7 3  1.01301E-01  2.44523E-02  2.44523E-02  0.00000E+00            111.AG 47.  52   3
 7 4  7.80183E+00  1.34135E-04  1.34135E-04  0.00000E+00            111.AG 47.  53   4
 7 5  6.41543E+01  2.49622E-03  2.49622E-03  0.00000E+00            111.AG 47.  54   5
 7 6  1.38923E+01  2.90301E-03  2.90301E-03  0.00000E+00            111.AG 47.  55   6
 7 7  7.98937E-01  3.32755E-03  3.32755E-03  0.00000E+00            111.AG 47.  56   7
 7 8  6.86564E+01  1.29117E-04  1.29117E-04  0.00000E+00            111.AG 47.  57   8
 7 9  1.64098E+02  3.18815E-04  3.18815E-04  0.00000E+00            111.AG 47.  58   9
 710  8.44168E-01  3.68281E-04  3.68281E-04  0.00000E+00            111.AG 47.  59  10
 712  2.41421E+02  3.79190E-05  3.79190E-05  0.00000E+00            111.AG 47.  60  12
 5 1  1.38028E-01  1.00582E-01  3.43930E-01  0.00000E+00            111.AG 47.  61   1
 5 2  1.57746E-01  1.46083E-01  4.76480E-01  0.00000E+00            111.AG 47.  62   2
 5 3  1.18310E-01  2.21187E-01  6.79960E-01  0.00000E+00            111.AG 47.  63   3
 5 4  2.85915E-01  2.88251E-01  8.51240E-01  0.00000E+00            111.AG 47.  64   4
 1 1  6.97200E-04  9.67500E-02  9.67500E-02  0.00000E+00            111.AG 47.  65   1
 6 1  3.20210E-04  7.00620E-02  7.00620E-02  1.00000E+00            111.AG 47.  66   1
 6 5  3.69664E-05  9.27559E-02  9.27559E-02  1.00000E+00            111.AG 47.  67   5
 6 6  3.40393E-06  9.30191E-02  9.30191E-02  1.00000E+00            111.AG 47.  68   6
 6 7  1.97704E-06  9.32146E-02  9.32146E-02  1.00000E+00            111.AG 47.  69   7
 6 3  8.21824E-06  9.61374E-02  9.61374E-02  1.00000E+00            111.AG 47.  70   3
 6 4  1.69772E-06  9.67500E-02  9.67500E-02  1.00000E+00            111.AG 47.  71   4
 1 2  1.17600E-01  1.71280E-01  1.71280E-01  0.00000E+00            111.AG 47.  72   2
 6 1  1.08256E-02  1.44592E-01  1.44592E-01  2.00000E+00            111.AG 47.  73   1
 6 5  1.25397E-03  1.67286E-01  1.67286E-01  2.00000E+00            111.AG 47.  74   5
 6 6  7.02949E-05  1.67549E-01  1.67549E-01  2.00000E+00            111.AG 47.  75   6
 6 7  1.98418E-05  1.67745E-01  1.67745E-01  2.00000E+00            111.AG 47.  76   7
 6 3  2.60235E-04  1.70667E-01  1.70667E-01  2.00000E+00            111.AG 47.  77   3
 6 4  5.44216E-05  1.71280E-01  1.71280E-01  2.00000E+00            111.AG 47.  78   4
 1 3  7.89600E-04  2.03290E-01  2.03290E-01  0.00000E+00            111.AG 47.  79   3
 6 1  4.59352E-05  1.76602E-01  1.76602E-01  3.00000E+00            111.AG 47.  80   1
 6 5  5.31640E-06  1.99296E-01  1.99296E-01  3.00000E+00            111.AG 47.  81   5
 6 6  2.81438E-07  1.99559E-01  1.99559E-01  3.00000E+00            111.AG 47.  82   6
 6 7  8.00513E-08  1.99755E-01  1.99755E-01  3.00000E+00            111.AG 47.  83   7
 6 3  1.09767E-06  2.02677E-01  2.02677E-01  3.00000E+00            111.AG 47.  84   3
 6 4  2.29819E-07  2.03290E-01  2.03290E-01  3.00000E+00            111.AG 47.  85   4
 1 4  4.87200E-01  2.45400E-01  2.45400E-01  0.00000E+00            111.AG 47.  86   4
 6 1  2.60840E-02  2.18712E-01  2.18712E-01  4.00000E+00            111.AG 47.  87   1
 6 5  2.69324E-03  2.41406E-01  2.41406E-01  4.00000E+00            111.AG 47.  88   5
 6 6  7.28054E-04  2.41669E-01  2.41669E-01  4.00000E+00            111.AG 47.  89   6
 6 7  6.98332E-04  2.41865E-01  2.41865E-01  4.00000E+00            111.AG 47.  90   7
 6 3  8.05318E-04  2.44787E-01  2.44787E-01  4.00000E+00            111.AG 47.  91   3
 6 4  1.59914E-04  2.45400E-01  2.45400E-01  4.00000E+00            111.AG 47.  92   4
 1 5  7.14000E-03  2.78300E-01  2.78300E-01  0.00000E+00            111.AG 47.  93   5
 6 1  1.82677E-04  2.51612E-01  2.51612E-01  5.00000E+00            111.AG 47.  94   1
 6 5  2.10651E-05  2.74306E-01  2.74306E-01  5.00000E+00            111.AG 47.  95   5
 6 6  9.91010E-07  2.74569E-01  2.74569E-01  5.00000E+00            111.AG 47.  96   6
 6 7  2.88962E-07  2.74765E-01  2.74765E-01  5.00000E+00            111.AG 47.  97   7
 6 3  4.31485E-06  2.77687E-01  2.77687E-01  5.00000E+00            111.AG 47.  98   3
 6 4  9.02273E-07  2.78300E-01  2.78300E-01  5.00000E+00            111.AG 47.  99   4
 1 6  1.34400E-02  3.36160E-01  3.36160E-01  0.00000E+00            111.AG 47. 100   6
 6 1  2.12278E-04  3.09472E-01  3.09472E-01  6.00000E+00            111.AG 47. 101   1
 6 5  2.44171E-05  3.32166E-01  3.32166E-01  6.00000E+00            111.AG 47. 102   5
 6 6  1.06227E-06  3.32429E-01  3.32429E-01  6.00000E+00            111.AG 47. 103   6
 6 7  3.16437E-07  3.32625E-01  3.32625E-01  6.00000E+00            111.AG 47. 104   7
 6 3  4.97784E-06  3.35547E-01  3.35547E-01  6.00000E+00            111.AG 47. 105   3
 6 4  1.04088E-06  3.36160E-01  3.36160E-01  6.00000E+00            111.AG 47. 106   4
 1 7  4.03200E-02  3.42130E-01  3.42130E-01  0.00000E+00            111.AG 47. 107   7
 6 1  6.22938E-04  3.15442E-01  3.15442E-01  7.00000E+00            111.AG 47. 108   1
 6 5  7.09199E-05  3.38136E-01  3.38136E-01  7.00000E+00            111.AG 47. 109   5
 6 6  4.31190E-06  3.38399E-01  3.38399E-01  7.00000E+00            111.AG 47. 110   6
 6 7  2.21765E-06  3.38595E-01  3.38595E-01  7.00000E+00            111.AG 47. 111   7
 6 3  1.49651E-05  3.41517E-01  3.41517E-01  7.00000E+00            111.AG 47. 112   3
 6 4  3.11218E-06  3.42130E-01  3.42130E-01  7.00000E+00            111.AG 47. 113   4
 1 8  3.36000E-02  3.74750E-01  3.74750E-01  0.00000E+00            111.AG 47. 114   8
 6 1  4.03570E-04  3.48062E-01  3.48062E-01  8.00000E+00            111.AG 47. 115   1
 6 5  4.63699E-05  3.70756E-01  3.70756E-01  8.00000E+00            111.AG 47. 116   5
 6 6  1.92441E-06  3.71019E-01  3.71019E-01  8.00000E+00            111.AG 47. 117   6
 6 7  5.81442E-07  3.71215E-01  3.71215E-01  8.00000E+00            111.AG 47. 118   7
 6 3  9.42365E-06  3.74137E-01  3.74137E-01  8.00000E+00            111.AG 47. 119   3
 6 4  1.97341E-06  3.74750E-01  3.74750E-01  8.00000E+00            111.AG 47. 120   4
 1 9  3.52800E-02  4.10770E-01  4.10770E-01  0.00000E+00            111.AG 47. 121   9
 6 1  3.37097E-04  3.84082E-01  3.84082E-01  9.00000E+00            111.AG 47. 122   1
 6 5  3.86970E-05  4.06776E-01  4.06776E-01  9.00000E+00            111.AG 47. 123   5
 6 6  1.54087E-06  4.07039E-01  4.07039E-01  9.00000E+00            111.AG 47. 124   6
 6 7  4.72029E-07  4.07235E-01  4.07235E-01  9.00000E+00            111.AG 47. 125   7
 6 3  7.84371E-06  4.10157E-01  4.10157E-01  9.00000E+00            111.AG 47. 126   3
 6 4  1.64476E-06  4.10770E-01  4.10770E-01  9.00000E+00            111.AG 47. 127   4
 110  4.20000E-02  5.06900E-01  5.06900E-01  0.00000E+00            111.AG 47. 128  10
 6 1  2.40000E-04  4.80212E-01  4.80212E-01  1.00000E+01            111.AG 47. 129   1
 6 5  2.74824E-05  5.02906E-01  5.02906E-01  1.00000E+01            111.AG 47. 130   5
 6 6  9.88343E-07  5.03169E-01  5.03169E-01  1.00000E+01            111.AG 47. 131   6
 6 7  3.15074E-07  5.03365E-01  5.03365E-01  1.00000E+01            111.AG 47. 132   7
 6 3  5.54133E-06  5.06287E-01  5.06287E-01  1.00000E+01            111.AG 47. 133   3
 6 4  1.16338E-06  5.06900E-01  5.06900E-01  1.00000E+01            111.AG 47. 134   4
 111  1.17600E-01  6.20100E-01  6.20100E-01  0.00000E+00            111.AG 47. 135  11
 6 1  3.75396E-04  5.93412E-01  5.93412E-01  1.10000E+01            111.AG 47. 136   1
 6 5  4.14480E-05  6.16106E-01  6.16106E-01  1.10000E+01            111.AG 47. 137   5
 6 6  3.68752E-06  6.16369E-01  6.16369E-01  1.10000E+01            111.AG 47. 138   6
 6 7  2.79703E-06  6.16565E-01  6.16565E-01  1.10000E+01            111.AG 47. 139   7
 6 3  9.26063E-06  6.19487E-01  6.19487E-01  1.10000E+01            111.AG 47. 140   3
 6 4  1.90987E-06  6.20100E-01  6.20100E-01  1.10000E+01            111.AG 47. 141   4
 112  4.20000E-02  7.52700E-01  7.52700E-01  0.00000E+00            111.AG 47. 142  12
 6 1  8.16914E-05  7.26012E-01  7.26012E-01  1.20000E+01            111.AG 47. 143   1
 6 5  9.06272E-06  7.48706E-01  7.48706E-01  1.20000E+01            111.AG 47. 144   5
 6 6  6.30865E-07  7.48969E-01  7.48969E-01  1.20000E+01            111.AG 47. 145   6
 6 7  4.68366E-07  7.49165E-01  7.49165E-01  1.20000E+01            111.AG 47. 146   7
 6 3  1.96164E-06  7.52087E-01  7.52087E-01  1.20000E+01            111.AG 47. 147   3
 6 4  4.06588E-07  7.52700E-01  7.52700E-01  1.20000E+01            111.AG 47. 148   4
 2 1  9.65624E-03  2.29571E-02  2.29571E-02  0.00000E+00            111.AG 47. 149   1
 2 2  1.81508E-02  2.31527E-02  2.31527E-02  0.00000E+00            111.AG 47. 150   2
 2 3  1.60144E-03  2.60401E-02  2.60401E-02  0.00000E+00            111.AG 47. 151   3
 2 4  3.11087E-03  2.60753E-02  2.60753E-02  0.00000E+00            111.AG 47. 152   4
 2 5  1.14819E-05  2.62679E-02  2.62679E-02  0.00000E+00            111.AG 47. 153   5
 2 6  1.59814E-05  2.62751E-02  2.62751E-02  0.00000E+00            111.AG 47. 154   6
 2 7  3.26006E-04  2.66098E-02  2.66098E-02  0.00000E+00            111.AG 47. 155   7
 2 8  6.32520E-04  2.66158E-02  2.66158E-02  0.00000E+00            111.AG 47. 156   8
 2 9  1.43294E-06  2.66703E-02  2.66703E-02  0.00000E+00            111.AG 47. 157   9
 210  1.97444E-06  2.66711E-02  2.66711E-02  0.00000E+00            111.AG 47. 158  10
 221  1.30573E-07  2.63200E-04  2.63200E-04  0.00000E+00            111.AG 47. 159  21
 222  1.14631E-06  4.58700E-04  4.58700E-04  0.00000E+00            111.AG 47. 160  22
 223  4.49553E-05  3.34631E-03  3.34631E-03  0.00000E+00            111.AG 47. 161  23
 224  7.42559E-05  3.38147E-03  3.38147E-03  0.00000E+00            111.AG 47. 162  24
 225  5.20140E-07  3.57404E-03  3.57404E-03  0.00000E+00            111.AG 47. 163  25
 226  7.75833E-07  3.58124E-03  3.58124E-03  0.00000E+00            111.AG 47. 164  26
 227  8.28461E-06  3.91588E-03  3.91588E-03  0.00000E+00            111.AG 47. 165  27
 228  1.38516E-05  3.92191E-03  3.92191E-03  0.00000E+00            111.AG 47. 166  28
 229  4.53673E-08  3.97640E-03  3.97640E-03  0.00000E+00            111.AG 47. 167  29
 230  6.79219E-08  3.97713E-03  3.97713E-03  0.00000E+00            111.AG 47. 168  30
 241  2.67831E-10  1.95499E-04  1.95499E-04  0.00000E+00            111.AG 47. 169  41
 242  4.96581E-05  2.97553E-03  2.97553E-03  0.00000E+00            111.AG 47. 170  42
 243  6.05917E-07  3.11827E-03  3.11827E-03  0.00000E+00            111.AG 47. 171  43
 244  7.05482E-04  3.31083E-03  3.31083E-03  0.00000E+00            111.AG 47. 172  44
 245  5.48695E-06  3.61753E-03  3.61753E-03  0.00000E+00            111.AG 47. 173  45
 246  4.40404E-08  3.65871E-03  3.65871E-03  0.00000E+00            111.AG 47. 174  46
 247  7.26038E-05  3.71320E-03  3.71320E-03  0.00000E+00            111.AG 47. 175  47
 249  3.20917E-07  3.72268E-03  3.72268E-03  0.00000E+00            111.AG 47. 176  49
 261  1.79658E-04  2.78003E-03  2.78003E-03  0.00000E+00            111.AG 47. 177  61
 262  8.77170E-07  2.88761E-03  2.88761E-03  0.00000E+00            111.AG 47. 178  62
 263  8.24366E-07  2.92277E-03  2.92277E-03  0.00000E+00            111.AG 47. 179  63
 264  1.50991E-04  3.11534E-03  3.11534E-03  0.00000E+00            111.AG 47. 180  64
 265  1.33972E-03  3.12254E-03  3.12254E-03  0.00000E+00            111.AG 47. 181  65
 266  1.22146E-05  3.42204E-03  3.42204E-03  0.00000E+00            111.AG 47. 182  66
 267  4.74667E-08  3.45717E-03  3.45717E-03  0.00000E+00            111.AG 47. 183  67
 268  4.51958E-08  3.46322E-03  3.46322E-03  0.00000E+00            111.AG 47. 184  68
 269  1.52652E-05  3.51770E-03  3.51770E-03  0.00000E+00            111.AG 47. 185  69
 270  1.34971E-04  3.51842E-03  3.51842E-03  0.00000E+00            111.AG 47. 186  70
 273  8.53384E-07  3.52719E-03  3.52719E-03  0.00000E+00            111.AG 47. 187  73
 291  9.98281E-05  3.98550E-04  3.98550E-04  0.00000E+00            111.AG 47. 188  91
 292  2.02542E-06  5.17264E-05  5.17264E-05  0.00000E+00            111.AG 47. 189  92
 294  3.45488E-01  1.71485E-05  1.71485E-05  0.00000E+00            111.AG 47. 190  94
 7 1  4.28519E-03  1.92752E-02  1.92752E-02  0.00000E+00            111.AG 47. 191   1
 7 2  1.76307E-03  2.24238E-02  2.24238E-02  0.00000E+00            111.AG 47. 192   2
 7 3  1.74414E-04  2.55755E-02  2.55755E-02  0.00000E+00            111.AG 47. 193   3
 7 4  7.04148E-03  1.65023E-04  1.65023E-04  0.00000E+00            111.AG 47. 194   4
 7 5  3.30708E-02  2.60952E-03  2.60952E-03  0.00000E+00            111.AG 47. 195   5
 7 6  7.61020E-03  3.05225E-03  3.05225E-03  0.00000E+00            111.AG 47. 196   6
 7 7  4.60845E-04  3.51289E-03  3.51289E-03  0.00000E+00            111.AG 47. 197   7
 7 8  3.55201E-02  1.28359E-04  1.28359E-04  0.00000E+00            111.AG 47. 198   8
 7 9  8.53762E-02  3.45233E-04  3.45233E-04  0.00000E+00            111.AG 47. 199   9
 710  9.69806E-04  4.02314E-04  4.02314E-04  0.00000E+00            111.AG 47. 200  10
 711  2.73667E-07  7.05254E-04  7.05254E-04  0.00000E+00            111.AG 47. 201  11
 712  1.21837E-01  3.67928E-05  3.67928E-05  0.00000E+00            111.AG 47. 202  12
 713  2.93483E-04  9.68835E-05  9.68835E-05  0.00000E+00            111.AG 47. 203  13
%%%% 111 AG  47 M  IT B-        6.48000E+01 64.8 S     02-11-2005       SEEIEND 
 


   ***************************************************** 
   *                 Radiation Summary                 * 
   ***************************************************** 
 
  Energy released by
    Gamma-ray                       (MeV) =   3.44893E-03
    X-ray                           (MeV) =   4.33746E-03
    Free-bound X-ray                (MeV) =   8.04130E-05
    Annihilation photon             (MeV) =   0.00000E+00
    Beta+ particle                  (MeV) =   0.00000E+00
    Neutrino                        (MeV) =   0.00000E+00
    Beta- particle                  (MeV) =   1.45511E-03
    Neutrino-                       (MeV) =   3.00953E-03
    Internal conv. electron         (MeV) =   5.18464E-02
    Auger and CK electron           (MeV) =   3.47560E-03
    Alpha particle                  (MeV) =   0.00000E+00
    Recoil nucleus                  (MeV) =   0.00000E+00
  E-total (except unplaced radiat.) (MeV) =   6.76535E-02
  E-unplaced radiation              (MeV) =   0.00000E+00
  Q-value from ENSDF data           (MeV) =   6.70776E-02
  Ratio of E-total/Q-value          ( % ) =   1.00859E+02
  Ratio of E-unplaced radi./Q-value ( % ) =   0.00000E+00

 
  Total yield of
    Gamma-ray                             =   1.46892E-02
    X-ray                                 =   2.37234E-01
    Free-bound X-ray                      =   6.65465E+00
    Annihilation photon                   =   0.00000E+00
    Beta+ particle                        =   0.00000E+00
    Beta- particle                        =   7.00000E-03
    Internal conv. electron               =   9.98066E-01
    Auger and CK electron                 =   5.65687E+00
    Alpha particle                        =   0.00000E+00
  Yield of unplaced radiation             =   0.00000E+00


