%%%%  73 AS  33    EC           6.93792E+06 80.30 D    02-11-2005       BALASTAR
1  73   AS  33 80.30 D         EC         
1INTENSITY AND ENERGY BALANCE DATA

              73-ARSENIC-33
+                                    HALFLIFE = 80.3 DAYS    
+                                                                  02-11-2005


    LEVEL       INTENSITY   INTENSITY
    ENERGY      ENTERING    LEAVING     PERCENT
    (MEV)       LEVEL       LEVEL       ERROR

   0.0000E+00  1.0000E+02
   1.3285E-02  1.0000E+02  1.0000E+02  0.0000E+00                      
   6.6722E-02  1.0000E+02  1.0000E+02  0.0000E+00                      


 INTENSITY TO GROUND AND ISOMERIC STATE(S) OF DAUGHTER(S)=  1.000E+02
 TOTAL INTENSITY FROM PARENT=  1.000E+02
 PERCENT ERROR =  0.000E+00                      


 TOTAL INTENSITY FROM PARENT =  1.000E+02
 VALUE IS WITHIN   0.00E+00% OF 100                      


 TOTAL ENERGY AVAILABLE =  3.409E-01 MEV
 TOTAL ENERGY CONTENT OF ALL RADIATIONS =  3.409E-01 MEV
 PERCENT ERROR =  1.486E-04                      
%%%%  73 AS  33    EC           6.93792E+06 80.30 D    02-11-2005       BALAEND 
%%%%  73 AS  33    EC           6.93792E+06 80.30 D    02-11-2005       INPUSTAR
1                                      **INPUT DATA**
              73-ARSENIC-33
+                                    HALFLIFE = 80.3 DAYS    
+                                                                  02-11-2005

            MODE OF DECAY: ELECTRON CAPTURE
 
                                MEAN
                                NUMBER/    TRANSITION
                TYPE OF    ID   TRANSFOR-  ENERGY
              TRANSITION   NO.  MATION     (MEV)       OTHER NUCLEAR PARAMETERS

           ELECT. CAPTURE   1   1.00E+00   2.742E-01   ALLOWED                                  
           I.C.E. + GAMMA   1   1.00E+00   1.328E-02   E2 MULTIPOLE                             
+                                                                    AK= 285.                   
                                                       AL1=29.1      AL2=241.                   
                                                       AL3=426.      AM= 104.                   
           I.C.E. + GAMMA   2   1.00E+00   5.344E-02   M2 MULTIPOLE                             
+                                                                    AK= 7.29                   
                                                       AL1=0.880     AL2=0.0844                 
                                                       AL3=0.115     AM= 0.170                  
 
           - - - - - - - - - -
           Reference: Evaluated Nuclear Structure Data File (ENSDF)
                DATE DATA WERE ENTERED INTO ENSDF: Aug-2002
%%%%  73 AS  33    EC           6.93792E+06 80.30 D    02-11-2005       INPUEND 
%%%%  73 AS  33    EC           6.93792E+06 80.30 D    02-11-2005       OUTPSTAR
1                                      **OUTPUT DATA**
              73-ARSENIC-33
+                                    HALFLIFE = 80.3 DAYS    
+                                                                  02-11-2005

            MODE OF DECAY: ELECTRON CAPTURE
 
                                              MEAN
                                              NUMBER/                  MEV/
                                         ID   TRANSFOR-   ENERGY       TRANSFOR-
                  TYPE OF RADIATION      NO.  MATION      (MEV)        MATION

           K CONV. ELECTRON, GAMMA-RAY    1   2.62E-01    2.218E-03    5.82E-04
           L1 CONV. ELECTRON, GAMMA-RAY   1   2.68E-02    1.188E-02    3.18E-04
           L2 CONV. ELECTRON, GAMMA-RAY   1   2.21E-01    1.203E-02    2.66E-03
           L3 CONV. ELECTRON, GAMMA-RAY   1   3.91E-01    1.206E-02    4.72E-03
           M CONV. ELECTRON, GAMMA-RAY    1   9.57E-02    1.316E-02*   1.26E-03
           GAMMA-RAY                      2   1.05E-01    5.344E-02    5.60E-03
           K CONV. ELECTRON, GAMMA-RAY    2   7.63E-01    4.237E-02    3.23E-02
           L1 CONV. ELECTRON, GAMMA-RAY   2   9.21E-02    5.203E-02    4.79E-03
           L2 CONV. ELECTRON, GAMMA-RAY   2   8.84E-03    5.218E-02    4.61E-04
           L3 CONV. ELECTRON, GAMMA-RAY   2   1.21E-02    5.221E-02    6.31E-04
           M CONV. ELECTRON, GAMMA-RAY    2   1.78E-02    5.331E-02*   9.51E-04
           N+ CONV. ELECTRON, GAMMA-RAY   2   1.36E-03    5.344E-02*   7.28E-05
           K -L2 X-RAY                        3.01E-01    9.812E-03    2.95E-03
           K -L3 X-RAY                        5.84E-01    9.844E-03    5.75E-03
           K -M2 X-RAY                        3.89E-02    1.094E-02    4.26E-04
           K -M3 X-RAY                        7.60E-02    1.094E-02    8.32E-04
           L3-M5 X-RAY                        1.79E-02    1.185E-03    2.13E-05
           Free-Bound X-RAY                   2.21E+01    1.211E-05*   2.67E-04
           AUGER KLL                          6.93E-01    8.523E-03*   5.91E-03
           AUGER KLX                          1.90E-01    9.664E-03*   1.83E-03
           AUGER KXY                          1.38E-02    1.081E-02*   1.49E-04
           AUGER LMM                          3.19E+00    1.078E-03*   3.44E-03
           AUGER LMX                          7.86E-02    1.133E-03*   8.90E-05
           CK MMX                             3.88E+00    5.283E-05*   2.05E-04
           AUGER MNN                          1.06E+01    1.419E-05*   1.50E-04
 
           ALL LISTED X-RAYS, GAMMA-RAYS AND ANNIHILATION RADIATION    1.58E-02
           ALL NEGLECTED X-RAYS, GAMMA-RAYS AND ANNIH. RADIATION**     6.60E-05
           ALL LISTED BETAS, INTERNAL CONVERSION AND AUGER ELECTRONS   6.06E-02
           ALL NEGLECTED BETAS, INT. CONVERSION AND AUGER ELECTRONS**  7.43E-05
           ALL LISTED RADIATIONS                                       7.64E-02
           ALL NEGLECTED RADIATIONS**                                  1.40E-04
 
           *  AVERAGE ENERGY (MEV)
           ** EACH NEGLECTED TRANSITION CONTRIBUTES LESS THAN  0.100%
              TO THE TOTAL MEV/TRANSFORMATION FOR THIS CATEGORY.
           TOTAL FEEDING OF GROUND STATE LEVEL IN 73-GERMANIUM
             DAUGHTER IS 1.0000E+00 PER TRANSFORMATION OF  73-ARSENIC.
             THIS DAUGHTER GROUND STATE IS STABLE.
           - - - - - - - - - -
           INPUT DATA SOURCE: EVALUATED NUCLEAR STRUCTURE DATA FILE (ENSDF)
             DATE INPUT DATA WERE ENTERED INTO ENSDF: Aug-2002
%%%%  73 AS  33    EC           6.93792E+06 80.30 D    02-11-2005       OUTPEND 
%%%%  73 AS  33    EC           6.93792E+06 80.30 D    02-11-2005       SEEISTAR
 73.  ARSENIC      33.  8.030E+01 DAYS      55 EC                    73.AS 33.   0
 1 1  9.18974E-02  1.32845E-02  1.32845E-02  0.00000E+00             73.AS 33.   1   1
 6 1  2.62311E+01  2.21750E-03  2.21750E-03  1.00000E+00             73.AS 33.   2   1
 6 5  2.67854E+00  1.18822E-02  1.18822E-02  1.00000E+00             73.AS 33.   3   5
 6 6  2.21112E+01  1.20291E-02  1.20291E-02  1.00000E+00             73.AS 33.   4   6
 6 7  3.91132E+01  1.20617E-02  1.20617E-02  1.00000E+00             73.AS 33.   5   7
 6 3  9.57391E+00  1.31595E-02  1.31595E-02  1.00000E+00             73.AS 33.   6   3
 6 4  2.00097E-01  1.32845E-02  1.32845E-02  1.00000E+00             73.AS 33.   7   4
 1 2  1.04710E+01  5.34370E-02  5.34370E-02  0.00000E+00             73.AS 33.   8   2
 6 1  7.63014E+01  4.23700E-02  4.23700E-02  2.00000E+00             73.AS 33.   9   1
 6 5  9.21397E+00  5.20347E-02  5.20347E-02  2.00000E+00             73.AS 33.  10   5
 6 6  8.83970E-01  5.21816E-02  5.21816E-02  2.00000E+00             73.AS 33.  11   6
 6 7  1.20919E+00  5.22142E-02  5.22142E-02  2.00000E+00             73.AS 33.  12   7
 6 3  1.78414E+00  5.33120E-02  5.33120E-02  2.00000E+00             73.AS 33.  13   3
 6 4  1.36315E-01  5.34370E-02  5.34370E-02  2.00000E+00             73.AS 33.  14   4
 2 1  3.01044E+01  9.81159E-03  9.81159E-03  0.00000E+00             73.AS 33.  15   1
 2 2  5.84279E+01  9.84420E-03  9.84420E-03  0.00000E+00             73.AS 33.  16   2
 2 3  3.89133E+00  1.09376E-02  1.09376E-02  0.00000E+00             73.AS 33.  17   3
 2 4  7.60264E+00  1.09420E-02  1.09420E-02  0.00000E+00             73.AS 33.  18   4
 2 5  7.14521E-03  1.10282E-02  1.10282E-02  0.00000E+00             73.AS 33.  19   5
 2 6  1.03066E-02  1.10288E-02  1.10288E-02  0.00000E+00             73.AS 33.  20   6
 2 7  6.34656E-02  1.10605E-02  1.10605E-02  0.00000E+00             73.AS 33.  21   7
 2 8  1.21698E-01  1.10607E-02  1.10607E-02  0.00000E+00             73.AS 33.  22   8
 221  8.82015E-04  1.46900E-04  1.46900E-04  0.00000E+00             73.AS 33.  23  21
 222  4.63928E-03  1.79500E-04  1.79500E-04  0.00000E+00             73.AS 33.  24  22
 223  4.92685E-02  1.27292E-03  1.27292E-03  0.00000E+00             73.AS 33.  25  23
 224  8.28721E-02  1.27732E-03  1.27732E-03  0.00000E+00             73.AS 33.  26  24
 225  2.14590E-04  1.36348E-03  1.36348E-03  0.00000E+00             73.AS 33.  27  25
 226  3.08965E-04  1.36411E-03  1.36411E-03  0.00000E+00             73.AS 33.  28  26
 227  8.63610E-04  1.39580E-03  1.39580E-03  0.00000E+00             73.AS 33.  29  27
 228  1.54486E-03  1.39601E-03  1.39601E-03  0.00000E+00             73.AS 33.  30  28
 241  1.03694E-07  3.26000E-05  3.26000E-05  0.00000E+00             73.AS 33.  31  41
 242  4.63308E-01  1.07615E-03  1.07615E-03  0.00000E+00             73.AS 33.  32  42
 243  2.27778E-03  1.13042E-03  1.13042E-03  0.00000E+00             73.AS 33.  33  43
 244  1.02592E+00  1.21658E-03  1.21658E-03  0.00000E+00             73.AS 33.  34  44
 245  1.58785E-02  1.24062E-03  1.24062E-03  0.00000E+00             73.AS 33.  35  45
 246  5.04114E-06  1.24911E-03  1.24911E-03  0.00000E+00             73.AS 33.  36  46
 261  9.10308E-01  1.04355E-03  1.04355E-03  0.00000E+00             73.AS 33.  37  61
 262  2.35245E-03  1.09342E-03  1.09342E-03  0.00000E+00             73.AS 33.  38  62
 263  2.26487E-03  1.09782E-03  1.09782E-03  0.00000E+00             73.AS 33.  39  63
 264  1.73787E-01  1.18398E-03  1.18398E-03  0.00000E+00             73.AS 33.  40  64
 265  1.79439E+00  1.18461E-03  1.18461E-03  0.00000E+00             73.AS 33.  41  65
 266  2.69325E-02  1.20803E-03  1.20803E-03  0.00000E+00             73.AS 33.  42  66
 267  4.54507E-06  1.21630E-03  1.21630E-03  0.00000E+00             73.AS 33.  43  67
 268  4.30067E-06  1.21651E-03  1.21651E-03  0.00000E+00             73.AS 33.  44  68
 291  2.37031E-02  8.84135E-05  8.84135E-05  0.00000E+00             73.AS 33.  45  91
 294  2.20543E+03  1.21063E-05  1.21063E-05  0.00000E+00             73.AS 33.  46  94
 7 1  6.93065E+01  8.52330E-03  8.52330E-03  0.00000E+00             73.AS 33.  47   1
 7 2  1.89713E+01  9.66388E-03  9.66388E-03  0.00000E+00             73.AS 33.  48   2
 7 3  1.37978E+00  1.08081E-02  1.08081E-02  0.00000E+00             73.AS 33.  49   3
 7 4  5.19231E+01  9.04074E-05  9.04074E-05  0.00000E+00             73.AS 33.  50   4
 7 5  3.19476E+02  1.07798E-03  1.07798E-03  0.00000E+00             73.AS 33.  51   5
 7 6  7.85614E+00  1.13335E-03  1.13335E-03  0.00000E+00             73.AS 33.  52   6
 7 7  6.55346E-02  1.23728E-03  1.23728E-03  0.00000E+00             73.AS 33.  53   7
 7 8  3.87964E+02  5.28349E-05  5.28349E-05  0.00000E+00             73.AS 33.  54   8
 7 9  1.05956E+03  1.41918E-05  1.41918E-05  0.00000E+00             73.AS 33.  55   9
%%%%  73 AS  33    EC           6.93792E+06 80.30 D    02-11-2005       SEEIEND 
 


   ***************************************************** 
   *                 Radiation Summary                 * 
   ***************************************************** 
 
  Energy released by
    Gamma-ray                       (MeV) =   5.60758E-03
    X-ray                           (MeV) =   1.00380E-02
    Free-bound X-ray                (MeV) =   2.66995E-04
    Annihilation photon             (MeV) =   0.00000E+00
    Beta+ particle                  (MeV) =   0.00000E+00
    Neutrino                        (MeV) =   2.63702E-01
    Beta- particle                  (MeV) =   0.00000E+00
    Neutrino-                       (MeV) =   0.00000E+00
    Internal conv. electron         (MeV) =   4.88039E-02
    Auger and CK electron           (MeV) =   1.18257E-02
    Alpha particle                  (MeV) =   0.00000E+00
    Recoil nucleus                  (MeV) =   0.00000E+00
  E-total (except unplaced radiat.) (MeV) =   3.40244E-01
  E-unplaced radiation              (MeV) =   0.00000E+00
  Q-value from ENSDF data           (MeV) =   3.40900E-01
  Ratio of E-total/Q-value          ( % ) =   9.98076E+01
  Ratio of E-unplaced radi./Q-value ( % ) =   0.00000E+00

 
  Total yield of
    Gamma-ray                             =   1.05629E-01
    X-ray                                 =   1.04811E+00
    Free-bound X-ray                      =   2.20543E+01
    Annihilation photon                   =   0.00000E+00
    Beta+ particle                        =   0.00000E+00
    Beta- particle                        =   0.00000E+00
    Internal conv. electron               =   1.89437E+00
    Auger and CK electron                 =   1.91650E+01
    Alpha particle                        =   0.00000E+00
  Yield of unplaced radiation             =   0.00000E+00


