%%%% 211 AT  85    EC A         2.59704E+04  7.214 H   02-11-2005       BALASTAR
1 211   AT  85  7.214 H        EC A       
1INTENSITY AND ENERGY BALANCE DATA

              211-ASTATINE-85
+                                    HALFLIFE = 7.214 HOURS   
+                                                                  02-11-2005


    LEVEL       INTENSITY   INTENSITY
    ENERGY      ENTERING    LEAVING     PERCENT
    (MEV)       LEVEL       LEVEL       ERROR

   0.0000E+00  5.8202E+01
   6.8700E-01  2.7354E-01  2.7547E-01  7.0233E-01                      
   0.0000E+00  4.1800E+01
   6.6960E-01  3.5944E-03  3.6885E-03  2.5839E+00                      
   7.4270E-01  9.6129E-04  9.9215E-04  3.1596E+00                      
   8.8600E-01  4.1795E-04  0.0000E+00  2.0000E+02  ********************


 INTENSITY TO GROUND AND ISOMERIC STATE(S) OF DAUGHTER(S)=  1.000E+02
 TOTAL INTENSITY FROM PARENT=  1.000E+02
 PERCENT ERROR =  1.633E-03                      


 TOTAL INTENSITY FROM PARENT =  1.000E+02
 VALUE IS WITHIN   0.00E+00% OF 100                      


 TOTAL ENERGY AVAILABLE =  2.956E+00 MEV
 TOTAL ENERGY CONTENT OF ALL RADIATIONS =  2.956E+00 MEV
 PERCENT ERROR =  3.549E-04                      
%%%% 211 AT  85    EC A         2.59704E+04  7.214 H   02-11-2005       BALAEND 
%%%% 211 AT  85    EC A         2.59704E+04  7.214 H   02-11-2005       INPUSTAR
1                                      **INPUT DATA**
              211-ASTATINE-85
+                                    HALFLIFE = 7.214 HOURS   
+                                                                  02-11-2005

            MODES OF DECAY: ELECTRON CAPTURE, ALPHA
 
                                MEAN
                                NUMBER/    TRANSITION
                TYPE OF    ID   TRANSFOR-  ENERGY
              TRANSITION   NO.  MATION     (MEV)       OTHER NUCLEAR PARAMETERS

           ELECT. CAPTURE   1   2.74E-03   9.700E-02   FIRST FORBIDDEN                          
           ELECT. CAPTURE   2   5.79E-01   7.840E-01   FIRST FORBIDDEN                          
           I.C.E. + GAMMA   1   2.75E-03   6.870E-01   M1+E2 MULTIPOLE                          
                                                       MRS=0.0400    AK= 0.0467                 
                                                       AL1=0.00724   AM= 0.00188                
                    ALPHA   1   4.18E-06   5.095E+00                                            
                    ALPHA   2   9.61E-06   5.238E+00                                            
                    ALPHA   3   3.59E-05   5.311E+00                                            
                    ALPHA   4   4.18E-01   5.981E+00                                            
           I.C.E. + GAMMA   1   3.69E-05   6.696E-01   M1+E2 MULTIPOLE                          
                                                       MRS=0.0576    AK= 0.0454                 
                                                       AL1=0.00698   AM= 0.00181                
           I.C.E. + GAMMA   2   9.92E-06   7.427E-01   M1+E2 MULTIPOLE                          
                                                       MRS=0.112     AK= 0.0336                 
                                                       AL1=0.00515   AM= 0.00134                
 
           - - - - - - - - - -
           Reference: Evaluated Nuclear Structure Data File (ENSDF)
                DATE DATA WERE ENTERED INTO ENSDF: Feb-1994
%%%% 211 AT  85    EC A         2.59704E+04  7.214 H   02-11-2005       INPUEND 
%%%% 211 AT  85    EC A         2.59704E+04  7.214 H   02-11-2005       OUTPSTAR
1                                      **OUTPUT DATA**
              211-ASTATINE-85
+                                    HALFLIFE = 7.214 HOURS   
+                                                                  02-11-2005

            MODES OF DECAY: ELECTRON CAPTURE, ALPHA
 
                                              MEAN
                                              NUMBER/                  MEV/
                                         ID   TRANSFOR-   ENERGY       TRANSFOR-
                  TYPE OF RADIATION      NO.  MATION      (MEV)        MATION

           GAMMA-RAY                      1   2.61E-03    6.870E-01    1.79E-03
           K CONV. ELECTRON, GAMMA-RAY    1   1.22E-04    5.936E-01    7.22E-05
           L1 CONV. ELECTRON, GAMMA-RAY   1   1.89E-05    6.701E-01    1.26E-05
           K -L2 X-RAY                        1.17E-01    7.713E-02    8.99E-03
           K -L3 X-RAY                        1.94E-01    7.961E-02    1.54E-02
           K -M2 X-RAY                        2.18E-02    8.958E-02    1.95E-03
           K -M3 X-RAY                        4.23E-02    9.014E-02    3.81E-03
           K -M4 X-RAY                        6.26E-04    9.062E-02    5.67E-05
           K -M5 X-RAY                        7.49E-04    9.074E-02    6.80E-05
           K -N2 X-RAY                        5.25E-03    9.258E-02    4.86E-04
           K -N3 X-RAY                        1.04E-02    9.272E-02    9.61E-04
           K -O2 X-RAY                        1.23E-03    9.329E-02    1.15E-04
           K -O3 X-RAY                        2.37E-03    9.332E-02    2.21E-04
           L1-M2 X-RAY                        4.65E-03    1.308E-02    6.09E-05
           L1-M3 X-RAY                        4.88E-03    1.364E-02    6.66E-05
           L2-M4 X-RAY                        4.74E-02    1.349E-02    6.39E-04
           L2-N4 X-RAY                        9.89E-03    1.580E-02    1.56E-04
           L3-M1 X-RAY                        5.15E-03    9.689E-03    4.99E-05
           L3-M4 X-RAY                        9.00E-03    1.101E-02    9.91E-05
           L3-M5 X-RAY                        7.92E-02    1.113E-02    8.82E-04
           L3-N5 X-RAY                        1.55E-02    1.335E-02    2.07E-04
           M X-RAY                            3.01E-02    2.542E-03    7.65E-05
           Free-Bound X-RAY                   7.11E+00    3.841E-05    2.73E-04
           AUGER KLL                          9.45E-03    6.188E-02*   5.85E-04
           AUGER KLX                          5.22E-03    7.462E-02*   3.89E-04
           AUGER KXY                          6.96E-04    8.737E-02*   6.08E-05
           CK LLX                             1.11E-01    1.036E-03*   1.15E-04
           AUGER LMM                          1.82E-01    8.456E-03*   1.54E-03
           AUGER LMX                          8.30E-02    1.101E-02*   9.14E-04
           AUGER LXY                          9.04E-03    1.359E-02*   1.23E-04
           CK MMX                             2.80E-01    4.361E-04*   1.22E-04
           AUGER MNN                          6.45E-01    2.014E-03*   1.30E-03
           AUGER MNX                          8.87E-02    2.307E-03*   2.05E-04
           AUGER MXY                          4.62E-03    2.737E-03*   1.26E-05
           CK NNX                             1.19E+00    1.748E-04*   2.08E-04
           AUGER NXY                          2.21E+00    9.730E-05*   2.15E-04
           CK OOX                             1.70E+00    3.945E-05*   6.71E-05
           ALPHA                          4   4.18E-01    5.867E+00    2.45E+00
           RECOIL ATOM                        4.18E-01    1.134E-01    4.74E-02
 
           ALL LISTED X-RAYS, GAMMA-RAYS AND ANNIHILATION RADIATION    3.64E-02
           ALL NEGLECTED X-RAYS, GAMMA-RAYS AND ANNIH. RADIATION**     2.75E-04
           ALL LISTED BETAS, INTERNAL CONVERSION AND AUGER ELECTRONS   5.94E-03
           ALL NEGLECTED BETAS, INT. CONVERSION AND AUGER ELECTRONS**  7.67E-06
           ALL LISTED ALPHA PARTICLES AND  RECOIL NUCLEI               2.50E+00
           ALL NEGLECTED ALPHA PARTICLES AND  RECOIL NUCLEI**          2.63E-04
           ALL LISTED RADIATIONS                                       2.54E+00
           ALL NEGLECTED RADIATIONS**                                  5.45E-04
 
           *  AVERAGE ENERGY (MEV)
           ** EACH NEGLECTED TRANSITION CONTRIBUTES LESS THAN  0.100%
              TO THE TOTAL MEV/TRANSFORMATION FOR THIS CATEGORY.
           TOTAL FEEDING OF GROUND STATE LEVEL IN 211-POLONIUM
             DAUGHTER IS 5.8200E-01 PER TRANSFORMATION OF 211-ASTATINE.
             DECAY OF THIS 0.516 SECONDS HALFLIFE LEVEL WILL CONTRIBUTE TO DOSE.
           TOTAL FEEDING OF GROUND STATE LEVEL IN 207-BISMUTH
             DAUGHTER IS 4.1800E-01 PER TRANSFORMATION OF 211-ASTATINE.
             DECAY OF THIS 32.9 YEARS HALFLIFE LEVEL WILL CONTRIBUTE TO DOSE.
           - - - - - - - - - -
           INPUT DATA SOURCE: EVALUATED NUCLEAR STRUCTURE DATA FILE (ENSDF)
             DATE INPUT DATA WERE ENTERED INTO ENSDF: Feb-1994
%%%% 211 AT  85    EC A         2.59704E+04  7.214 H   02-11-2005       OUTPEND 
%%%% 211 AT  85    EC A         2.59704E+04  7.214 H   02-11-2005       SEEISTAR
211.  ASTATINE     85.  7.214E+00 HOURS    193 EC A                 211.AT 85.   0
 1 1  2.60573E-01  6.87000E-01  6.87000E-01  0.00000E+00            211.AT 85.   1   1
 6 1  1.21709E-02  5.93576E-01  5.93576E-01  1.00000E+00            211.AT 85.   2   1
 6 5  1.88634E-03  6.70082E-01  6.70082E-01  1.00000E+00            211.AT 85.   3   5
 6 6  1.72396E-04  6.70703E-01  6.70703E-01  1.00000E+00            211.AT 85.   4   6
 6 7  1.40360E-05  6.73183E-01  6.73183E-01  1.00000E+00            211.AT 85.   5   7
 6 3  4.89785E-04  6.83719E-01  6.83719E-01  1.00000E+00            211.AT 85.   6   3
 6 4  1.61360E-04  6.87000E-01  6.87000E-01  1.00000E+00            211.AT 85.   7   4
 2 1  1.16538E+01  7.71271E-02  7.71271E-02  0.00000E+00            211.AT 85.   8   1
 2 2  1.93993E+01  7.96070E-02  7.96070E-02  0.00000E+00            211.AT 85.   9   2
 2 3  2.17752E+00  8.95836E-02  8.95836E-02  0.00000E+00            211.AT 85.  10   3
 2 4  4.22531E+00  9.01425E-02  9.01425E-02  0.00000E+00            211.AT 85.  11   4
 2 5  6.25919E-02  9.06207E-02  9.06207E-02  0.00000E+00            211.AT 85.  12   5
 2 6  7.49015E-02  9.07388E-02  9.07388E-02  0.00000E+00            211.AT 85.  13   6
 2 7  5.25025E-01  9.25794E-02  9.25794E-02  0.00000E+00            211.AT 85.  14   7
 2 8  1.03640E+00  9.27190E-02  9.27190E-02  0.00000E+00            211.AT 85.  15   8
 2 9  1.70155E-02  9.29283E-02  9.29283E-02  0.00000E+00            211.AT 85.  16   9
 210  2.03502E-02  9.29543E-02  9.29543E-02  0.00000E+00            211.AT 85.  17  10
 211  1.22989E-01  9.32881E-02  9.32881E-02  0.00000E+00            211.AT 85.  18  11
 212  2.36537E-01  9.33164E-02  9.33164E-02  0.00000E+00            211.AT 85.  19  12
 213  2.52506E-03  9.33820E-02  9.33820E-02  0.00000E+00            211.AT 85.  20  13
 214  2.96527E-03  9.33856E-02  9.33856E-02  0.00000E+00            211.AT 85.  21  14
 215  7.63816E-03  9.34137E-02  9.34137E-02  0.00000E+00            211.AT 85.  22  15
 216  1.25965E-02  9.34163E-02  9.34163E-02  0.00000E+00            211.AT 85.  23  16
 221  1.52707E-04  6.21000E-04  6.21000E-04  0.00000E+00            211.AT 85.  24  21
 222  4.71914E-02  3.10101E-03  3.10101E-03  0.00000E+00            211.AT 85.  25  22
 223  4.65463E-01  1.30778E-02  1.30778E-02  0.00000E+00            211.AT 85.  26  23
 224  4.88409E-01  1.36365E-02  1.36365E-02  0.00000E+00            211.AT 85.  27  24
 225  1.76940E-02  1.41145E-02  1.41145E-02  0.00000E+00            211.AT 85.  28  25
 226  2.64620E-02  1.42329E-02  1.42329E-02  0.00000E+00            211.AT 85.  29  26
 227  1.21078E-01  1.60737E-02  1.60737E-02  0.00000E+00            211.AT 85.  30  27
 228  1.39755E-01  1.62131E-02  1.62131E-02  0.00000E+00            211.AT 85.  31  28
 229  2.77636E-03  1.64225E-02  1.64225E-02  0.00000E+00            211.AT 85.  32  29
 230  4.40567E-03  1.64485E-02  1.64485E-02  0.00000E+00            211.AT 85.  33  30
 231  2.50393E-02  1.67823E-02  1.67823E-02  0.00000E+00            211.AT 85.  34  31
 232  2.86164E-02  1.68105E-02  1.68105E-02  0.00000E+00            211.AT 85.  35  32
 233  3.69102E-04  1.68759E-02  1.68759E-02  0.00000E+00            211.AT 85.  36  33
 234  5.83125E-04  1.68795E-02  1.68795E-02  0.00000E+00            211.AT 85.  37  34
 235  1.79209E-03  1.69078E-02  1.69078E-02  0.00000E+00            211.AT 85.  38  35
 236  1.75474E-03  1.69106E-02  1.69106E-02  0.00000E+00            211.AT 85.  39  36
 241  2.00139E-04  2.48000E-03  2.48000E-03  0.00000E+00            211.AT 85.  40  41
 242  1.29535E-01  1.21694E-02  1.21694E-02  0.00000E+00            211.AT 85.  41  42
 243  5.58429E-03  1.30155E-02  1.30155E-02  0.00000E+00            211.AT 85.  42  43
 244  4.73504E+00  1.34935E-02  1.34935E-02  0.00000E+00            211.AT 85.  43  44
 245  3.37868E-02  1.53254E-02  1.53254E-02  0.00000E+00            211.AT 85.  44  45
 246  1.57685E-03  1.55921E-02  1.55921E-02  0.00000E+00            211.AT 85.  45  46
 247  9.88605E-01  1.58015E-02  1.58015E-02  0.00000E+00            211.AT 85.  46  47
 248  4.56651E-03  1.61015E-02  1.61015E-02  0.00000E+00            211.AT 85.  47  48
 249  7.51433E-03  1.61156E-02  1.61156E-02  0.00000E+00            211.AT 85.  48  49
 250  3.25692E-04  1.61894E-02  1.61894E-02  0.00000E+00            211.AT 85.  49  50
 251  1.39859E-01  1.62548E-02  1.62548E-02  0.00000E+00            211.AT 85.  50  51
 253  1.13357E-03  1.62767E-02  1.62767E-02  0.00000E+00            211.AT 85.  51  53
 254  1.97471E-05  1.62896E-02  1.62896E-02  0.00000E+00            211.AT 85.  52  54
 261  5.14674E-01  9.68940E-03  9.68940E-03  0.00000E+00            211.AT 85.  53  61
 262  5.70873E-03  9.97683E-03  9.97683E-03  0.00000E+00            211.AT 85.  54  62
 263  5.16265E-03  1.05355E-02  1.05355E-02  0.00000E+00            211.AT 85.  55  63
 264  8.99868E-01  1.10135E-02  1.10135E-02  0.00000E+00            211.AT 85.  56  64
 265  7.91967E+00  1.11319E-02  1.11319E-02  0.00000E+00            211.AT 85.  57  65
 266  1.19446E-01  1.28454E-02  1.28454E-02  0.00000E+00            211.AT 85.  58  66
 267  1.29005E-03  1.29727E-02  1.29727E-02  0.00000E+00            211.AT 85.  59  67
 268  1.33942E-03  1.31120E-02  1.31120E-02  0.00000E+00            211.AT 85.  60  68
 269  1.71335E-01  1.33214E-02  1.33214E-02  0.00000E+00            211.AT 85.  61  69
 270  1.55271E+00  1.33474E-02  1.33474E-02  0.00000E+00            211.AT 85.  62  70
 271  1.51176E-03  1.36215E-02  1.36215E-02  0.00000E+00            211.AT 85.  63  71
 272  8.42348E-03  1.36277E-02  1.36277E-02  0.00000E+00            211.AT 85.  64  72
 273  2.67374E-02  1.36357E-02  1.36357E-02  0.00000E+00            211.AT 85.  65  73
 274  2.71509E-04  1.36813E-02  1.36813E-02  0.00000E+00            211.AT 85.  66  74
 275  2.87322E-04  1.37095E-02  1.37095E-02  0.00000E+00            211.AT 85.  67  75
 276  2.38466E-02  1.37748E-02  1.37748E-02  0.00000E+00            211.AT 85.  68  76
 277  2.13436E-01  1.37785E-02  1.37785E-02  0.00000E+00            211.AT 85.  69  77
 280  3.96643E-03  1.37967E-02  1.37967E-02  0.00000E+00            211.AT 85.  70  80
 281  1.84299E-05  1.38067E-02  1.38067E-02  0.00000E+00            211.AT 85.  71  81
 282  1.64439E-05  1.38096E-02  1.38096E-02  0.00000E+00            211.AT 85.  72  82
 291  3.01028E+00  2.54189E-03  2.54189E-03  0.00000E+00            211.AT 85.  73  91
 292  6.52179E-02  3.70617E-04  3.70617E-04  0.00000E+00            211.AT 85.  74  92
 293  9.09242E-04  8.53519E-05  8.53519E-05  0.00000E+00            211.AT 85.  75  93
 294  7.11204E+02  3.84095E-05  3.84095E-05  0.00000E+00            211.AT 85.  76  94
 7 1  9.45311E-01  6.18768E-02  6.18768E-02  0.00000E+00            211.AT 85.  77   1
 7 2  5.21982E-01  7.46184E-02  7.46184E-02  0.00000E+00            211.AT 85.  78   2
 7 3  6.95558E-02  8.73736E-02  8.73736E-02  0.00000E+00            211.AT 85.  79   3
 7 4  1.11295E+01  1.03612E-03  1.03612E-03  0.00000E+00            211.AT 85.  80   4
 7 5  1.81762E+01  8.45615E-03  8.45615E-03  0.00000E+00            211.AT 85.  81   5
 7 6  8.30268E+00  1.10084E-02  1.10084E-02  0.00000E+00            211.AT 85.  82   6
 7 7  9.04013E-01  1.35906E-02  1.35906E-02  0.00000E+00            211.AT 85.  83   7
 7 8  2.79803E+01  4.36101E-04  4.36101E-04  0.00000E+00            211.AT 85.  84   8
 7 9  6.44766E+01  2.01368E-03  2.01368E-03  0.00000E+00            211.AT 85.  85   9
 710  8.86626E+00  2.30680E-03  2.30680E-03  0.00000E+00            211.AT 85.  86  10
 711  4.62247E-01  2.73657E-03  2.73657E-03  0.00000E+00            211.AT 85.  87  11
 712  1.18971E+02  1.74775E-04  1.74775E-04  0.00000E+00            211.AT 85.  88  12
 713  2.21404E+02  9.73034E-05  9.73034E-05  0.00000E+00            211.AT 85.  89  13
 714  1.70119E+02  3.94466E-05  3.94466E-05  0.00000E+00            211.AT 85.  90  14
 715  4.32500E-01  1.22309E-04  1.22309E-04  0.00000E+00            211.AT 85.  91  15
 8 1  4.17950E-04  4.99786E+00  9.66398E-02  0.00000E+00            211.AT 85.  92   1
 8 2  9.61286E-04  5.13844E+00  9.93581E-02  0.00000E+00            211.AT 85.  93   2
 8 3  3.59437E-03  5.21016E+00  1.00745E-01  0.00000E+00            211.AT 85.  94   3
 8 4  4.17950E+01  5.86705E+00  1.13447E-01  0.00000E+00            211.AT 85.  95   4
 1 1  3.49448E-03  6.69600E-01  6.69600E-01  0.00000E+00            211.AT 85.  96   1
 6 1  1.58754E-04  5.78768E-01  5.78768E-01  1.00000E+00            211.AT 85.  97   1
 6 5  2.43889E-05  6.53224E-01  6.53224E-01  1.00000E+00            211.AT 85.  98   5
 6 6  2.24400E-06  6.53832E-01  6.53832E-01  1.00000E+00            211.AT 85.  99   6
 6 7  2.06083E-07  6.56175E-01  6.56175E-01  1.00000E+00            211.AT 85. 100   7
 6 3  6.32845E-06  6.66433E-01  6.66433E-01  1.00000E+00            211.AT 85. 101   3
 6 4  2.05980E-06  6.69600E-01  6.69600E-01  1.00000E+00            211.AT 85. 102   4
 1 2  9.53040E-04  7.42700E-01  7.42700E-01  0.00000E+00            211.AT 85. 103   2
 6 1  3.19951E-05  6.51868E-01  6.51868E-01  2.00000E+00            211.AT 85. 104   1
 6 5  4.90758E-06  7.26324E-01  7.26324E-01  2.00000E+00            211.AT 85. 105   5
 6 6  4.62577E-07  7.26932E-01  7.26932E-01  2.00000E+00            211.AT 85. 106   6
 6 7  4.80227E-08  7.29275E-01  7.29275E-01  2.00000E+00            211.AT 85. 107   7
 6 3  1.27674E-06  7.39533E-01  7.39533E-01  2.00000E+00            211.AT 85. 108   3
 6 4  4.15576E-07  7.42700E-01  7.42700E-01  2.00000E+00            211.AT 85. 109   4
 2 1  5.39458E-05  7.50642E-02  7.50642E-02  0.00000E+00            211.AT 85. 110   1
 2 2  9.02072E-05  7.74071E-02  7.74071E-02  0.00000E+00            211.AT 85. 111   2
 2 3  1.00872E-05  8.71393E-02  8.71393E-02  0.00000E+00            211.AT 85. 112   3
 2 4  1.95499E-05  8.76651E-02  8.76651E-02  0.00000E+00            211.AT 85. 113   4
 2 5  2.82366E-07  8.81342E-02  8.81342E-02  0.00000E+00            211.AT 85. 114   5
 2 6  3.39915E-07  8.82464E-02  8.82464E-02  0.00000E+00            211.AT 85. 115   6
 2 7  2.41870E-06  9.00323E-02  9.00323E-02  0.00000E+00            211.AT 85. 116   7
 2 8  4.76492E-06  9.01629E-02  9.01629E-02  0.00000E+00            211.AT 85. 117   8
 2 9  7.59239E-08  9.03671E-02  9.03671E-02  0.00000E+00            211.AT 85. 118   9
 210  9.12888E-08  9.03914E-02  9.03914E-02  0.00000E+00            211.AT 85. 119  10
 211  5.64503E-07  9.07089E-02  9.07089E-02  0.00000E+00            211.AT 85. 120  11
 212  1.08655E-06  9.07345E-02  9.07345E-02  0.00000E+00            211.AT 85. 121  12
 213  1.05729E-08  9.07967E-02  9.07967E-02  0.00000E+00            211.AT 85. 122  13
 214  1.24289E-08  9.07998E-02  9.07998E-02  0.00000E+00            211.AT 85. 123  14
 215  2.28632E-08  9.08235E-02  9.08235E-02  0.00000E+00            211.AT 85. 124  15
 216  3.66811E-08  9.08258E-02  9.08258E-02  0.00000E+00            211.AT 85. 125  16
 221  3.99703E-10  6.07999E-04  6.07999E-04  0.00000E+00            211.AT 85. 126  21
 222  1.12470E-07  2.95100E-03  2.95100E-03  0.00000E+00            211.AT 85. 127  22
 223  1.17106E-06  1.26833E-02  1.26833E-02  0.00000E+00            211.AT 85. 128  23
 224  1.25389E-06  1.32091E-02  1.32091E-02  0.00000E+00            211.AT 85. 129  24
 225  4.33846E-08  1.36780E-02  1.36780E-02  0.00000E+00            211.AT 85. 130  25
 226  6.48992E-08  1.37900E-02  1.37900E-02  0.00000E+00            211.AT 85. 131  26
 227  3.03079E-07  1.55766E-02  1.55766E-02  0.00000E+00            211.AT 85. 132  27
 228  3.55272E-07  1.57068E-02  1.57068E-02  0.00000E+00            211.AT 85. 133  28
 229  6.73762E-09  1.59111E-02  1.59111E-02  0.00000E+00            211.AT 85. 134  29
 230  1.06758E-08  1.59354E-02  1.59354E-02  0.00000E+00            211.AT 85. 135  30
 231  6.10281E-08  1.62529E-02  1.62529E-02  0.00000E+00            211.AT 85. 136  31
 232  7.05807E-08  1.62785E-02  1.62785E-02  0.00000E+00            211.AT 85. 137  32
 233  8.42414E-10  1.63406E-02  1.63406E-02  0.00000E+00            211.AT 85. 138  33
 234  1.32387E-09  1.63438E-02  1.63438E-02  0.00000E+00            211.AT 85. 139  34
 235  2.91030E-09  1.63674E-02  1.63674E-02  0.00000E+00            211.AT 85. 140  35
 236  2.82299E-09  1.63697E-02  1.63697E-02  0.00000E+00            211.AT 85. 141  36
 241  7.66452E-10  2.34300E-03  2.34300E-03  0.00000E+00            211.AT 85. 142  41
 242  5.52639E-07  1.17941E-02  1.17941E-02  0.00000E+00            211.AT 85. 143  42
 243  2.32494E-08  1.26011E-02  1.26011E-02  0.00000E+00            211.AT 85. 144  43
 244  2.02595E-05  1.30700E-02  1.30700E-02  0.00000E+00            211.AT 85. 145  44
 245  1.43378E-07  1.48446E-02  1.48446E-02  0.00000E+00            211.AT 85. 146  45
 246  6.51194E-09  1.50988E-02  1.50988E-02  0.00000E+00            211.AT 85. 147  46
 247  4.18322E-06  1.53031E-02  1.53031E-02  0.00000E+00            211.AT 85. 148  47
 248  1.84815E-08  1.55941E-02  1.55941E-02  0.00000E+00            211.AT 85. 149  48
 249  3.11705E-08  1.56011E-02  1.56011E-02  0.00000E+00            211.AT 85. 150  49
 250  1.32155E-09  1.56706E-02  1.56706E-02  0.00000E+00            211.AT 85. 151  50
 251  5.55866E-07  1.57326E-02  1.57326E-02  0.00000E+00            211.AT 85. 152  51
 253  4.40268E-09  1.57503E-02  1.57503E-02  0.00000E+00            211.AT 85. 153  53
 254  5.15962E-11  1.57616E-02  1.57616E-02  0.00000E+00            211.AT 85. 154  54
 261  2.04453E-06  9.45110E-03  9.45110E-03  0.00000E+00            211.AT 85. 155  61
 262  2.20892E-08  9.73229E-03  9.73229E-03  0.00000E+00            211.AT 85. 156  62
 263  1.99590E-08  1.02581E-02  1.02581E-02  0.00000E+00            211.AT 85. 157  63
 264  3.57585E-06  1.07270E-02  1.07270E-02  0.00000E+00            211.AT 85. 158  64
 265  3.14891E-05  1.08390E-02  1.08390E-02  0.00000E+00            211.AT 85. 159  65
 266  4.65650E-07  1.25016E-02  1.25016E-02  0.00000E+00            211.AT 85. 160  66
 267  4.99205E-09  1.26255E-02  1.26255E-02  0.00000E+00            211.AT 85. 161  67
 268  5.14856E-09  1.27558E-02  1.27558E-02  0.00000E+00            211.AT 85. 162  68
 269  6.75416E-07  1.29600E-02  1.29600E-02  0.00000E+00            211.AT 85. 163  69
 270  6.11446E-06  1.29844E-02  1.29844E-02  0.00000E+00            211.AT 85. 164  70
 271  5.65212E-09  1.32511E-02  1.32511E-02  0.00000E+00            211.AT 85. 165  71
 272  3.15279E-08  1.32568E-02  1.32568E-02  0.00000E+00            211.AT 85. 166  72
 273  1.02172E-07  1.32582E-02  1.32582E-02  0.00000E+00            211.AT 85. 167  73
 274  1.04723E-09  1.33019E-02  1.33019E-02  0.00000E+00            211.AT 85. 168  74
 275  1.09616E-09  1.33275E-02  1.33275E-02  0.00000E+00            211.AT 85. 169  75
 276  8.83668E-08  1.33896E-02  1.33896E-02  0.00000E+00            211.AT 85. 170  76
 277  7.87317E-07  1.33929E-02  1.33929E-02  0.00000E+00            211.AT 85. 171  77
 280  1.41619E-08  1.34073E-02  1.34073E-02  0.00000E+00            211.AT 85. 172  80
 281  4.63976E-11  1.34164E-02  1.34164E-02  0.00000E+00            211.AT 85. 173  81
 282  4.00417E-11  1.34186E-02  1.34186E-02  0.00000E+00            211.AT 85. 174  82
 291  1.13028E-05  2.45994E-03  2.45994E-03  0.00000E+00            211.AT 85. 175  91
 292  2.41929E-07  3.55059E-04  3.55059E-04  0.00000E+00            211.AT 85. 176  92
 293  2.82088E-09  7.94348E-05  7.94348E-05  0.00000E+00            211.AT 85. 177  93
 294  2.81668E-03  3.24801E-05  3.24801E-05  0.00000E+00            211.AT 85. 178  94
 7 1  4.47006E-06  6.03003E-02  6.03003E-02  0.00000E+00            211.AT 85. 179   1
 7 2  2.45656E-06  7.26460E-02  7.26460E-02  0.00000E+00            211.AT 85. 180   2
 7 3  3.25630E-07  8.50051E-02  8.50051E-02  0.00000E+00            211.AT 85. 181   3
 7 4  3.27348E-05  1.04000E-03  1.04000E-03  0.00000E+00            211.AT 85. 182   4
 7 5  7.55971E-05  8.23783E-03  8.23783E-03  0.00000E+00            211.AT 85. 183   5
 7 6  3.39846E-05  1.06988E-02  1.06988E-02  0.00000E+00            211.AT 85. 184   6
 7 7  3.64823E-06  1.31870E-02  1.31870E-02  0.00000E+00            211.AT 85. 185   7
 7 8  1.07554E-04  4.25105E-04  4.25105E-04  0.00000E+00            211.AT 85. 186   8
 7 9  2.57030E-04  1.96158E-03  1.96158E-03  0.00000E+00            211.AT 85. 187   9
 710  3.37570E-05  2.23780E-03  2.23780E-03  0.00000E+00            211.AT 85. 188  10
 711  1.73183E-06  2.64688E-03  2.64688E-03  0.00000E+00            211.AT 85. 189  11
 712  4.77196E-04  1.73619E-04  1.73619E-04  0.00000E+00            211.AT 85. 190  12
 713  8.96152E-04  8.93877E-05  8.93877E-05  0.00000E+00            211.AT 85. 191  13
 714  6.55579E-04  4.07271E-05  4.07271E-05  0.00000E+00            211.AT 85. 192  14
 715  1.31248E-06  1.17355E-04  1.17355E-04  0.00000E+00            211.AT 85. 193  15
%%%% 211 AT  85    EC A         2.59704E+04  7.214 H   02-11-2005       SEEIEND 
 


   ***************************************************** 
   *                 Radiation Summary                 * 
   ***************************************************** 
 
  Energy released by
    Gamma-ray                       (MeV) =   1.82061E-03
    X-ray                           (MeV) =   3.45797E-02
    Free-bound X-ray                (MeV) =   2.73171E-04
    Annihilation photon             (MeV) =   0.00000E+00
    Beta+ particle                  (MeV) =   0.00000E+00
    Neutrino                        (MeV) =   4.12345E-01
    Beta- particle                  (MeV) =   0.00000E+00
    Neutrino-                       (MeV) =   0.00000E+00
    Internal conv. electron         (MeV) =   9.20024E-05
    Auger and CK electron           (MeV) =   5.85295E-03
    Alpha particle                  (MeV) =   2.45239E+00
    Recoil nucleus                  (MeV) =   4.74201E-02
  E-total (except unplaced radiat.) (MeV) =   2.95478E+00
  E-unplaced radiation              (MeV) =   0.00000E+00
  Q-value from ENSDF data           (MeV) =   2.95614E+00
  Ratio of E-total/Q-value          ( % ) =   9.99540E+01
  Ratio of E-unplaced radi./Q-value ( % ) =   0.00000E+00

 
  Total yield of
    Gamma-ray                             =   2.65021E-03
    X-ray                                 =   6.15431E-01
    Free-bound X-ray                      =   7.11207E+00
    Annihilation photon                   =   0.00000E+00
    Beta+ particle                        =   0.00000E+00
    Beta- particle                        =   0.00000E+00
    Internal conv. electron               =   1.51279E-04
    Auger and CK electron                 =   6.52764E+00
    Alpha particle                        =   4.18000E-01
  Yield of unplaced radiation             =   0.00000E+00


