%%%% 135 BA  56 M  IT           1.03320E+05 28.7 H     02-11-2005       BALASTAR
1 135M  BA  56 28.7 H          IT         
1INTENSITY AND ENERGY BALANCE DATA

              135M-BARIUM-56
+                                    HALFLIFE = 28.7 HOURS   
+                                                                  02-11-2005


    LEVEL       INTENSITY   INTENSITY
    ENERGY      ENTERING    LEAVING     PERCENT
    (MEV)       LEVEL       LEVEL       ERROR

   0.0000E+00  1.0000E+02
   2.6822E-01  1.0000E+02  1.0000E+02  0.0000E+00                      


 INTENSITY TO GROUND AND ISOMERIC STATE(S) OF DAUGHTER(S)=  1.000E+02
 TOTAL INTENSITY FROM PARENT=  1.000E+02
 PERCENT ERROR =  0.000E+00                      


 TOTAL INTENSITY FROM PARENT =  1.000E+02
 VALUE IS WITHIN   0.00E+00% OF 100                      


 TOTAL ENERGY AVAILABLE =  2.682E-01 MEV
 TOTAL ENERGY CONTENT OF ALL RADIATIONS =  2.682E-01 MEV
 PERCENT ERROR =  0.000E+00                      
%%%% 135 BA  56 M  IT           1.03320E+05 28.7 H     02-11-2005       BALAEND 
%%%% 135 BA  56 M  IT           1.03320E+05 28.7 H     02-11-2005       INPUSTAR
1                                      **INPUT DATA**
              135M-BARIUM-56
+                                    HALFLIFE = 28.7 HOURS   
+                                                                  02-11-2005

            MODE OF DECAY: ISOMERIC LEVEL
 
                                MEAN
                                NUMBER/    TRANSITION
                TYPE OF    ID   TRANSFOR-  ENERGY
              TRANSITION   NO.  MATION     (MEV)       OTHER NUCLEAR PARAMETERS

           I.C.E. + GAMMA   1   1.00E+00   2.682E-01   M4 MULTIPOLE                             
+                                                                    AK= 3.84                   
                                                       AL1=0.724     AL2=0.155                  
                                                       AL3=0.340     AM= 0.276                  
                                                       AN+=0.0743                               
 
           - - - - - - - - - -
           Reference: Evaluated Nuclear Structure Data File (ENSDF)
                DATE DATA WERE ENTERED INTO ENSDF: Jun-1998
%%%% 135 BA  56 M  IT           1.03320E+05 28.7 H     02-11-2005       INPUEND 
%%%% 135 BA  56 M  IT           1.03320E+05 28.7 H     02-11-2005       OUTPSTAR
1                                      **OUTPUT DATA**
              135M-BARIUM-56
+                                    HALFLIFE = 28.7 HOURS   
+                                                                  02-11-2005

            MODE OF DECAY: ISOMERIC LEVEL
 
                                              MEAN
                                              NUMBER/                  MEV/
                                         ID   TRANSFOR-   ENERGY       TRANSFOR-
                  TYPE OF RADIATION      NO.  MATION      (MEV)        MATION

           GAMMA-RAY                      1   1.56E-01    2.682E-01    4.18E-02
           K CONV. ELECTRON, GAMMA-RAY    1   5.99E-01    2.308E-01    1.38E-01
           L1 CONV. ELECTRON, GAMMA-RAY   1   1.13E-01    2.623E-01    2.96E-02
           L2 CONV. ELECTRON, GAMMA-RAY   1   2.41E-02    2.626E-01    6.34E-03
           L3 CONV. ELECTRON, GAMMA-RAY   1   5.31E-02    2.630E-01    1.40E-02
           M CONV. ELECTRON, GAMMA-RAY    1   4.31E-02    2.672E-01*   1.15E-02
           N+ CONV. ELECTRON, GAMMA-RAY   1   1.16E-02    2.682E-01*   3.11E-03
           K -L2 X-RAY                        1.55E-01    3.182E-02    4.94E-03
           K -L3 X-RAY                        2.86E-01    3.221E-02    9.21E-03
           K -M2 X-RAY                        2.73E-02    3.632E-02    9.93E-04
           K -M3 X-RAY                        5.30E-02    3.639E-02    1.93E-03
           K -N2 X-RAY                        5.77E-03    3.724E-02    2.15E-04
           K -N3 X-RAY                        1.12E-02    3.726E-02    4.19E-04
           L2-M4 X-RAY                        1.99E-02    4.824E-03    9.59E-05
           L3-M5 X-RAY                        3.48E-02    4.453E-03    1.55E-04
           Free-Bound X-RAY                   1.12E+01    1.860E-05*   2.07E-04
           AUGER KLL                          3.81E-02    2.634E-02*   1.00E-03
           AUGER KLX                          1.76E-02    3.096E-02*   5.44E-04
           AUGER LMM                          4.79E-01    3.572E-03*   1.71E-03
           AUGER LMX                          1.53E-01    4.339E-03*   6.65E-04
           AUGER MNN                          1.23E+00    5.525E-04*   6.78E-04
 
           ALL LISTED X-RAYS, GAMMA-RAYS AND ANNIHILATION RADIATION    6.00E-02
           ALL NEGLECTED X-RAYS, GAMMA-RAYS AND ANNIH. RADIATION**     2.47E-04
           ALL LISTED BETAS, INTERNAL CONVERSION AND AUGER ELECTRONS   2.07E-01
           ALL NEGLECTED BETAS, INT. CONVERSION AND AUGER ELECTRONS**  5.73E-04
           ALL LISTED RADIATIONS                                       2.67E-01
           ALL NEGLECTED RADIATIONS**                                  8.20E-04
 
           *  AVERAGE ENERGY (MEV)
           ** EACH NEGLECTED TRANSITION CONTRIBUTES LESS THAN  0.100%
              TO THE TOTAL MEV/TRANSFORMATION FOR THIS CATEGORY.
           TOTAL FEEDING OF GROUND STATE LEVEL IN 135-BARIUM
             DAUGHTER IS 1.0000E+00  PER TRANSFORMATION OF 135M-BARIUM.
             THIS DAUGHTER GROUND STATE IS STABLE.
           - - - - - - - - - -
           INPUT DATA SOURCE: EVALUATED NUCLEAR STRUCTURE DATA FILE (ENSDF)
             DATE INPUT DATA WERE ENTERED INTO ENSDF: Jun-1998
%%%% 135 BA  56 M  IT           1.03320E+05 28.7 H     02-11-2005       OUTPEND 
%%%% 135 BA  56 M  IT           1.03320E+05 28.7 H     02-11-2005       SEEISTAR
135.M BARIUM       56.  2.870E+01 HOURS     72 IT                   135.BA 56.   0
 1 1  1.55927E+01  2.68218E-01  2.68218E-01  0.00000E+00            135.BA 56.   1   1
 6 1  5.99322E+01  2.30769E-01  2.30769E-01  1.00000E+00            135.BA 56.   2   1
 6 5  1.12856E+01  2.62257E-01  2.62257E-01  1.00000E+00            135.BA 56.   3   5
 6 6  2.41427E+00  2.62588E-01  2.62588E-01  1.00000E+00            135.BA 56.   4   6
 6 7  5.30641E+00  2.62975E-01  2.62975E-01  1.00000E+00            135.BA 56.   5   7
 6 3  4.30950E+00  2.67161E-01  2.67161E-01  1.00000E+00            135.BA 56.   6   3
 6 4  1.15927E+00  2.68218E-01  2.68218E-01  1.00000E+00            135.BA 56.   7   4
 2 1  1.55290E+01  3.18187E-02  3.18187E-02  0.00000E+00            135.BA 56.   8   1
 2 2  2.85948E+01  3.22056E-02  3.22056E-02  0.00000E+00            135.BA 56.   9   2
 2 3  2.73290E+00  3.63167E-02  3.63167E-02  0.00000E+00            135.BA 56.  10   3
 2 4  5.29530E+00  3.63920E-02  3.63920E-02  0.00000E+00            135.BA 56.  11   4
 2 5  2.96388E-02  3.66424E-02  3.66424E-02  0.00000E+00            135.BA 56.  12   5
 2 6  4.02294E-02  3.66586E-02  3.66586E-02  0.00000E+00            135.BA 56.  13   6
 2 7  5.77368E-01  3.72447E-02  3.72447E-02  0.00000E+00            135.BA 56.  14   7
 2 8  1.12475E+00  3.72607E-02  3.72607E-02  0.00000E+00            135.BA 56.  15   8
 2 9  6.02139E-03  3.73469E-02  3.73469E-02  0.00000E+00            135.BA 56.  16   9
 210  8.16636E-03  3.73496E-02  3.73496E-02  0.00000E+00            135.BA 56.  17  10
 211  8.10104E-02  3.74247E-02  3.74247E-02  0.00000E+00            135.BA 56.  18  11
 212  1.55380E-01  3.74270E-02  3.74270E-02  0.00000E+00            135.BA 56.  19  12
 221  2.75838E-04  3.30500E-04  3.30500E-04  0.00000E+00            135.BA 56.  20  21
 222  6.19012E-03  7.17401E-04  7.17401E-04  0.00000E+00            135.BA 56.  21  22
 223  2.17630E-01  4.82860E-03  4.82860E-03  0.00000E+00            135.BA 56.  22  23
 224  3.36801E-01  4.90381E-03  4.90381E-03  0.00000E+00            135.BA 56.  23  24
 225  3.50077E-03  5.15417E-03  5.15417E-03  0.00000E+00            135.BA 56.  24  25
 226  5.22985E-03  5.17031E-03  5.17031E-03  0.00000E+00            135.BA 56.  25  26
 227  4.89052E-02  5.75658E-03  5.75658E-03  0.00000E+00            135.BA 56.  26  27
 228  7.80808E-02  5.77244E-03  5.77244E-03  0.00000E+00            135.BA 56.  27  28
 229  4.55133E-04  5.85863E-03  5.85863E-03  0.00000E+00            135.BA 56.  28  29
 230  6.94689E-04  5.86134E-03  5.86134E-03  0.00000E+00            135.BA 56.  29  30
 231  7.24345E-03  5.93650E-03  5.93650E-03  0.00000E+00            135.BA 56.  30  31
 232  1.14079E-02  5.93880E-03  5.93880E-03  0.00000E+00            135.BA 56.  31  32
 241  2.51066E-06  3.86901E-04  3.86901E-04  0.00000E+00            135.BA 56.  32  41
 242  9.89206E-02  4.35689E-03  4.35689E-03  0.00000E+00            135.BA 56.  33  42
 243  1.51849E-03  4.57329E-03  4.57329E-03  0.00000E+00            135.BA 56.  34  43
 244  1.98801E+00  4.82366E-03  4.82366E-03  0.00000E+00            135.BA 56.  35  44
 245  1.51182E-02  5.37394E-03  5.37394E-03  0.00000E+00            135.BA 56.  36  45
 246  2.17241E-04  5.44193E-03  5.44193E-03  0.00000E+00            135.BA 56.  37  46
 247  3.21058E-01  5.52814E-03  5.52814E-03  0.00000E+00            135.BA 56.  38  47
 249  2.04175E-03  5.59191E-03  5.59191E-03  0.00000E+00            135.BA 56.  39  49
 250  3.17560E-05  5.60829E-03  5.60829E-03  0.00000E+00            135.BA 56.  40  50
 261  3.61617E-01  3.97001E-03  3.97001E-03  0.00000E+00            135.BA 56.  41  61
 262  2.07365E-03  4.11121E-03  4.11121E-03  0.00000E+00            135.BA 56.  42  62
 263  1.92500E-03  4.18639E-03  4.18639E-03  0.00000E+00            135.BA 56.  43  63
 264  3.92808E-01  4.43676E-03  4.43676E-03  0.00000E+00            135.BA 56.  44  64
 265  3.47948E+00  4.45292E-03  4.45292E-03  0.00000E+00            135.BA 56.  45  65
 266  3.48314E-02  4.98704E-03  4.98704E-03  0.00000E+00            135.BA 56.  46  66
 267  2.10818E-04  5.03920E-03  5.03920E-03  0.00000E+00            135.BA 56.  47  67
 268  2.03048E-04  5.05505E-03  5.05505E-03  0.00000E+00            135.BA 56.  48  68
 269  6.15708E-02  5.14124E-03  5.14124E-03  0.00000E+00            135.BA 56.  49  69
 270  5.50197E-01  5.14394E-03  5.14394E-03  0.00000E+00            135.BA 56.  50  70
 273  5.44620E-03  5.20501E-03  5.20501E-03  0.00000E+00            135.BA 56.  51  73
 274  3.10379E-05  5.21911E-03  5.21911E-03  0.00000E+00            135.BA 56.  52  74
 275  2.95220E-05  5.22140E-03  5.22140E-03  0.00000E+00            135.BA 56.  53  75
 291  5.04007E-01  6.87387E-04  6.87387E-04  0.00000E+00            135.BA 56.  54  91
 292  1.31101E-02  1.08876E-04  1.08876E-04  0.00000E+00            135.BA 56.  55  92
 293  6.95008E-08  1.58399E-05  1.58399E-05  0.00000E+00            135.BA 56.  56  93
 294  1.11532E+03  1.85979E-05  1.85979E-05  0.00000E+00            135.BA 56.  57  94
 7 1  3.80721E+00  2.63448E-02  2.63448E-02  0.00000E+00            135.BA 56.  58   1
 7 2  1.75640E+00  3.09583E-02  3.09583E-02  0.00000E+00            135.BA 56.  59   2
 7 3  1.94048E-01  3.55723E-02  3.55723E-02  0.00000E+00            135.BA 56.  60   3
 7 4  1.16518E+01  3.47969E-04  3.47969E-04  0.00000E+00            135.BA 56.  61   4
 7 5  4.79487E+01  3.57153E-03  3.57153E-03  0.00000E+00            135.BA 56.  62   5
 7 6  1.53269E+01  4.33853E-03  4.33853E-03  0.00000E+00            135.BA 56.  63   6
 7 7  1.19804E+00  5.13612E-03  5.13612E-03  0.00000E+00            135.BA 56.  64   7
 7 8  5.50390E+01  1.14295E-04  1.14295E-04  0.00000E+00            135.BA 56.  65   8
 7 9  1.22641E+02  5.52512E-04  5.52512E-04  0.00000E+00            135.BA 56.  66   9
 710  9.04063E+00  6.91214E-04  6.91214E-04  0.00000E+00            135.BA 56.  67  10
 711  9.08281E-02  8.60986E-04  8.60986E-04  0.00000E+00            135.BA 56.  68  11
 712  1.38552E+02  4.70199E-05  4.70199E-05  0.00000E+00            135.BA 56.  69  12
 713  3.77010E+02  4.88332E-05  4.88332E-05  0.00000E+00            135.BA 56.  70  13
 714  2.38079E+02  1.08630E-05  1.08630E-05  0.00000E+00            135.BA 56.  71  14
 715  1.97357E+00  2.91100E-05  2.91100E-05  0.00000E+00            135.BA 56.  72  15
%%%% 135 BA  56 M  IT           1.03320E+05 28.7 H     02-11-2005       SEEIEND 
 


   ***************************************************** 
   *                 Radiation Summary                 * 
   ***************************************************** 
 
  Energy released by
    Gamma-ray                       (MeV) =   4.18224E-02
    X-ray                           (MeV) =   1.82022E-02
    Free-bound X-ray                (MeV) =   2.07426E-04
    Annihilation photon             (MeV) =   0.00000E+00
    Beta+ particle                  (MeV) =   0.00000E+00
    Neutrino                        (MeV) =   0.00000E+00
    Beta- particle                  (MeV) =   0.00000E+00
    Neutrino-                       (MeV) =   0.00000E+00
    Internal conv. electron         (MeV) =   2.02819E-01
    Auger and CK electron           (MeV) =   5.17480E-03
    Alpha particle                  (MeV) =   0.00000E+00
    Recoil nucleus                  (MeV) =   0.00000E+00
  E-total (except unplaced radiat.) (MeV) =   2.68226E-01
  E-unplaced radiation              (MeV) =   0.00000E+00
  Q-value from ENSDF data           (MeV) =   2.68218E-01
  Ratio of E-total/Q-value          ( % ) =   1.00003E+02
  Ratio of E-unplaced radi./Q-value ( % ) =   0.00000E+00

 
  Total yield of
    Gamma-ray                             =   1.55927E-01
    X-ray                                 =   6.27254E-01
    Free-bound X-ray                      =   1.11532E+01
    Annihilation photon                   =   0.00000E+00
    Beta+ particle                        =   0.00000E+00
    Beta- particle                        =   0.00000E+00
    Internal conv. electron               =   8.44073E-01
    Auger and CK electron                 =   1.02431E+01
    Alpha particle                        =   0.00000E+00
  Yield of unplaced radiation             =   0.00000E+00


