%%%% 140 BA  56    B-           1.10177E+06 12.752 D   02-11-2005       BALASTAR
1 140   BA  56 12.752 D        B-         
1INTENSITY AND ENERGY BALANCE DATA

              140-BARIUM-56
+                                    HALFLIFE = 12.752 DAYS    
+                                                                  02-11-2005


    LEVEL       INTENSITY   INTENSITY
    ENERGY      ENTERING    LEAVING     PERCENT
    (MEV)       LEVEL       LEVEL       ERROR

   0.0000E+00  1.0071E+02
   2.9966E-02  9.6529E+01  9.2643E+01  4.1083E+00                      
   4.3824E-02  6.6196E+01  7.0228E+01  5.9109E+00                      
   6.3170E-02  5.9317E-05  1.5121E-04  8.7299E+01  ********************
   1.6266E-01  8.9604E+00  8.3792E+00  6.7036E+00                      
   4.6751E-01  9.3734E+00  9.7073E+00  3.5000E+00                      
   5.8105E-01  2.3915E+01  2.4724E+01  3.3291E+00                      


 INTENSITY TO GROUND AND ISOMERIC STATE(S) OF DAUGHTER(S)=  1.007E+02
 TOTAL INTENSITY FROM PARENT=  1.000E+02
 PERCENT ERROR =  7.035E-01                      


 TOTAL INTENSITY FROM PARENT =  1.000E+02
 VALUE IS WITHIN   0.00E+00% OF 100                      


 TOTAL ENERGY AVAILABLE =  1.047E+00 MEV
 TOTAL ENERGY CONTENT OF ALL RADIATIONS =  1.053E+00 MEV
 PERCENT ERROR =  5.627E-01                      
%%%% 140 BA  56    B-           1.10177E+06 12.752 D   02-11-2005       BALAEND 
%%%% 140 BA  56    B-           1.10177E+06 12.752 D   02-11-2005       INPUSTAR
1                                      **INPUT DATA**
              140-BARIUM-56
+                                    HALFLIFE = 12.752 DAYS    
+                                                                  02-11-2005

            MODE OF DECAY: BETA MINUS
 
                                MEAN
                                NUMBER/    TRANSITION
                TYPE OF    ID   TRANSFOR-  ENERGY
              TRANSITION   NO.  MATION     (MEV)       OTHER NUCLEAR PARAMETERS

               BETA MINUS   1   2.39E-01   4.660E-01*  FIRST FORBIDDEN                          
               BETA MINUS   2   9.34E-02   5.795E-01*  FIRST FORBIDDEN                          
               BETA MINUS   3   4.44E-02   8.843E-01*  UNIQUE FIRST FORBIDDEN                   
               BETA MINUS   4   3.82E-01   1.003E+00*  FIRST FORBIDDEN                          
               BETA MINUS   5   2.41E-01   1.017E+00*  UNIQUE FIRST FORBIDDEN                   
           I.C.E. + GAMMA   1   7.01E-01   1.385E-02   M1+E2 MULTIPOLE                          
                                                       MRS=0.000100  AK= 0.0                    
                                                       AL1=39.4      AL2=3.91                   
                                                       AL3=1.34      AM= 9.30                   
                                                       AN+=2.57                                 
           I.C.E. + GAMMA   2   9.26E-01   2.997E-02   M1+E2 MULTIPOLE                          
                                                       MRS=8.10E-05  AK= 0.0                    
                                                       AL1=3.97      AL2=0.344                  
                                                       AL3=0.0835    AM= 0.916                  
                                                       AN+=0.254                                
           I.C.E. + GAMMA   3   8.96E-04   4.380E-02   E2 MULTIPOLE                             
+                                                                    AK= 6.88                   
                                                       AL1=0.720     AL2=12.5                   
                                                       AL3=16.5      AM= 6.64                   
                                                       AN+=1.70                                 
           I.C.E. + GAMMA   4   1.51E-06   6.317E-02   M1 MULTIPOLE                             
+                                                                    AK= 3.55                   
                                                       AL1=0.443     AL2=0.0352                 
                                                       AL3=0.00764   AM= 0.102                  
                                                       AN+=0.0281                               
           I.C.E. + GAMMA   5   5.93E-07   9.949E-02   E2 MULTIPOLE                             
+                                                                    AK= 1.23                   
                                                       AL1=0.112     AL2=0.248                  
                                                       AL3=0.275     AM= 0.141                  
                                                       AN+=0.0364                               
           I.C.E. + GAMMA   6   2.85E-04   1.135E-01   M1 MULTIPOLE                             
+                                                                    AK= 0.659                  
                                                       AL1=0.0822    AL2=0.00603                
                                                       AL3=0.00130   AM= 0.0186                 
                                                       AN+=0.00518                              
           I.C.E. + GAMMA   7   1.02E-03   1.188E-01   M1 MULTIPOLE                             
+                                                                    AK= 0.579                  
                                                       AL1=0.0722    AL2=0.00525                
                                                       AL3=0.00113   AM= 0.0163                 
                                                       AN+=0.00454                              
           I.C.E. + GAMMA   8   3.03E-03   1.327E-01   M1 MULTIPOLE                             
+                                                                    AK= 0.424                  
                                                       AL1=0.0528    AL2=0.00378                
                                                       AM= 0.0120    AN+=0.00332                
           I.C.E. + GAMMA   9   7.97E-02   1.627E-01   M1+E2 MULTIPOLE                          
                                                       MRS=0.00640   AK= 0.241                  
                                                       AL1=0.0299    AL2=0.00221                
                                                       AM= 0.00684   AN+=0.00189                
           I.C.E. + GAMMA  10   9.76E-06   1.838E-01   UNPLACED GAMMA                           
           I.C.E. + GAMMA  11   3.66E-06   2.752E-01   UNPLACED GAMMA                           
           I.C.E. + GAMMA  12   4.52E-02   3.048E-01   M1+E2 MULTIPOLE                          
                                                       MRS=0.0100    AK= 0.0444                 
                                                       AL1=0.00548   AM= 0.00123                
           I.C.E. + GAMMA  13   3.72E-05   4.184E-01   E2 MULTIPOLE                             
+                                                                    AK= 0.0142                 
                                                       AL1=0.00162                              
           I.C.E. + GAMMA  14   3.22E-02   4.237E-01   M1 MULTIPOLE                             
+                                                                    AK= 0.0191                 
                                                       AL1=0.00234                              
           I.C.E. + GAMMA  15   1.97E-02   4.376E-01   M1 MULTIPOLE                             
+                                                                    AK= 0.0176                 
                                                       AL1=0.00216                              
           I.C.E. + GAMMA  16   1.98E-05   4.675E-01   E2 MULTIPOLE                             
+                                                                    AK= 0.0104                 
                                                       AL1=0.00120                              
           I.C.E. + GAMMA  17   2.47E-01   5.373E-01   M1 MULTIPOLE                             
+                                                                    AK= 0.0105                 
                                                       AL1=0.00129                              
           I.C.E. + GAMMA  18   3.15E-05   5.511E-01   E2 MULTIPOLE                             
+                                                                    AK= 0.00672                
           I.C.E. + GAMMA  19   8.29E-06   6.999E-01   UNPLACED GAMMA                           
 
           * ENDPOINT ENERGY (MEV)
           - - - - - - - - - -
           Reference: Evaluated Nuclear Structure Data File (ENSDF)
                DATE DATA WERE ENTERED INTO ENSDF: Jan-1995
%%%% 140 BA  56    B-           1.10177E+06 12.752 D   02-11-2005       INPUEND 
%%%% 140 BA  56    B-           1.10177E+06 12.752 D   02-11-2005       OUTPSTAR
1                                      **OUTPUT DATA**
              140-BARIUM-56
+                                    HALFLIFE = 12.752 DAYS    
+                                                                  02-11-2005

            MODE OF DECAY: BETA MINUS
 
                                              MEAN
                                              NUMBER/                  MEV/
                                         ID   TRANSFOR-   ENERGY       TRANSFOR-
                  TYPE OF RADIATION      NO.  MATION      (MEV)        MATION

           BETA MINUS                     1   2.39E-01    1.406E-01*   3.36E-02
           BETA MINUS                     2   9.34E-02    1.809E-01*   1.69E-02
           BETA MINUS                     3   4.44E-02    3.102E-01*   1.38E-02
           BETA MINUS                     4   3.82E-01    3.445E-01*   1.32E-01
           BETA MINUS                     5   2.41E-01    3.616E-01*   8.72E-02
           L1 CONV. ELECTRON, GAMMA-RAY   1   4.80E-01    7.604E-03    3.65E-03
           L2 CONV. ELECTRON, GAMMA-RAY   1   4.77E-02    7.944E-03    3.79E-04
           M CONV. ELECTRON, GAMMA-RAY    1   1.13E-01    1.272E-02*   1.44E-03
           N+ CONV. ELECTRON, GAMMA-RAY   1   3.14E-02    1.385E-02*   4.35E-04
           GAMMA-RAY                      2   1.41E-01    2.997E-02    4.22E-03
           L1 CONV. ELECTRON, GAMMA-RAY   2   5.60E-01    2.372E-02    1.33E-02
           L2 CONV. ELECTRON, GAMMA-RAY   2   4.84E-02    2.406E-02    1.17E-03
           M CONV. ELECTRON, GAMMA-RAY    2   1.29E-01    2.884E-02*   3.73E-03
           N+ CONV. ELECTRON, GAMMA-RAY   2   3.58E-02    2.997E-02*   1.07E-03
           GAMMA-RAY                      8   2.02E-03    1.327E-01    2.69E-04
           GAMMA-RAY                      9   6.22E-02    1.627E-01    1.01E-02
           K CONV. ELECTRON, GAMMA-RAY    9   1.50E-02    1.237E-01    1.85E-03
           GAMMA-RAY                     12   4.29E-02    3.048E-01    1.31E-02
           K CONV. ELECTRON, GAMMA-RAY   12   1.91E-03    2.659E-01    5.07E-04
           GAMMA-RAY                     14   3.15E-02    4.237E-01    1.34E-02
           GAMMA-RAY                     15   1.93E-02    4.376E-01    8.44E-03
           GAMMA-RAY                     17   2.44E-01    5.373E-01    1.31E-01
           K CONV. ELECTRON, GAMMA-RAY   17   2.57E-03    4.983E-01    1.28E-03
           K -L2 X-RAY                        5.69E-03    3.304E-02    1.88E-04
           K -L3 X-RAY                        1.04E-02    3.346E-02    3.49E-04
           Free-Bound X-RAY                   1.95E+01    2.104E-05*   4.11E-04
           AUGER LMM                          7.69E-01    3.863E-03*   2.97E-03
           AUGER LMX                          2.57E-01    4.695E-03*   1.21E-03
           AUGER MNN                          1.97E+00    5.866E-04*   1.16E-03
           AUGER NXY                          6.68E+00    6.132E-05*   4.09E-04
 
           ALL LISTED X-RAYS, GAMMA-RAYS AND ANNIHILATION RADIATION    1.81E-01
           ALL NEGLECTED X-RAYS, GAMMA-RAYS AND ANNIH. RADIATION**     1.17E-03
           ALL LISTED BETAS, INTERNAL CONVERSION AND AUGER ELECTRONS   3.18E-01
           ALL NEGLECTED BETAS, INT. CONVERSION AND AUGER ELECTRONS**  2.64E-03
           ALL LISTED RADIATIONS                                       4.99E-01
           ALL NEGLECTED RADIATIONS**                                  3.80E-03
 
           *  AVERAGE ENERGY (MEV)
           ** EACH NEGLECTED TRANSITION CONTRIBUTES LESS THAN  0.100%
              TO THE TOTAL MEV/TRANSFORMATION FOR THIS CATEGORY.
           TOTAL FEEDING OF GROUND STATE LEVEL IN 140-LANTHANUM
             DAUGHTER IS 1.0000E+00 PER TRANSFORMATION OF 140-BARIUM.
             DECAY OF THIS 1.6781 DAYS HALFLIFE LEVEL WILL CONTRIBUTE TO DOSE.
           - - - - - - - - - -
           INPUT DATA SOURCE: EVALUATED NUCLEAR STRUCTURE DATA FILE (ENSDF)
             DATE INPUT DATA WERE ENTERED INTO ENSDF: Jan-1995
%%%% 140 BA  56    B-           1.10177E+06 12.752 D   02-11-2005       OUTPEND 
%%%% 140 BA  56    B-           1.10177E+06 12.752 D   02-11-2005       BETASTAR
1
              140-BARIUM-56
+                                    HALFLIFE = 12.752 DAYS    
+                                                                  02-11-2005

            BETA SPECTRUM DATA FOR ALL DECAY BRANCHES

                      BETAS PER                BETAS PER                BETAS PER
            ENERGY    MEV            ENERGY    MEV            ENERGY    MEV
            (MEV)     PER DECAY      (MEV)     PER DECAY      (MEV)     PER DECAY

            0.00000   2.380E+00      0.00220   2.372E+00      0.05500   2.296E+00
            0.00010   2.380E+00      0.00240   2.371E+00      0.06000   2.288E+00
            0.00011   2.380E+00      0.00260   2.370E+00      0.06500   2.280E+00
            0.00012   2.380E+00      0.00280   2.370E+00      0.07000   2.271E+00
            0.00013   2.380E+00      0.00300   2.369E+00      0.07500   2.262E+00
            0.00014   2.380E+00      0.00320   2.368E+00      0.08000   2.253E+00
            0.00015   2.380E+00      0.00360   2.367E+00      0.08500   2.243E+00
            0.00016   2.380E+00      0.00400   2.365E+00      0.09000   2.232E+00
            0.00018   2.380E+00      0.00450   2.363E+00      0.10000   2.210E+00
            0.00020   2.380E+00      0.00500   2.361E+00      0.11000   2.186E+00
            0.00022   2.380E+00      0.00550   2.359E+00      0.12000   2.161E+00
            0.00024   2.380E+00      0.00600   2.357E+00      0.13000   2.134E+00
            0.00026   2.379E+00      0.00650   2.355E+00      0.14000   2.105E+00
            0.00028   2.379E+00      0.00700   2.353E+00      0.15000   2.074E+00
            0.00030   2.379E+00      0.00750   2.351E+00      0.16000   2.042E+00
            0.00032   2.379E+00      0.00800   2.349E+00      0.18000   1.973E+00
            0.00036   2.379E+00      0.00850   2.347E+00      0.20000   1.898E+00
            0.00040   2.379E+00      0.00900   2.345E+00      0.22000   1.819E+00
            0.00045   2.379E+00      0.01000   2.344E+00      0.24000   1.736E+00
            0.00050   2.379E+00      0.01100   2.343E+00      0.26000   1.650E+00
            0.00055   2.378E+00      0.01200   2.343E+00      0.28000   1.562E+00
            0.00060   2.378E+00      0.01300   2.342E+00      0.30000   1.474E+00
            0.00065   2.378E+00      0.01400   2.342E+00      0.32000   1.385E+00
            0.00070   2.378E+00      0.01500   2.341E+00      0.36000   1.215E+00
            0.00075   2.378E+00      0.01600   2.340E+00      0.40000   1.061E+00
            0.00080   2.377E+00      0.01800   2.339E+00      0.45000   9.103E-01
            0.00085   2.377E+00      0.02000   2.337E+00      0.50000   8.091E-01
            0.00090   2.377E+00      0.02200   2.336E+00      0.55000   7.138E-01
            0.00100   2.377E+00      0.02400   2.334E+00      0.60000   6.240E-01
            0.00110   2.376E+00      0.02600   2.332E+00      0.65000   5.306E-01
            0.00120   2.376E+00      0.02800   2.330E+00      0.70000   4.329E-01
            0.00130   2.375E+00      0.03000   2.328E+00      0.75000   3.339E-01
            0.00140   2.375E+00      0.03200   2.326E+00      0.80000   2.377E-01
            0.00150   2.375E+00      0.03600   2.321E+00      0.85000   1.502E-01
            0.00160   2.374E+00      0.04000   2.316E+00      0.90000   7.827E-02
            0.00180   2.374E+00      0.04500   2.310E+00      1.00000   1.233E-03
            0.00200   2.373E+00      0.05000   2.303E+00      1.01703   0.000E+00

            AVERAGE BETA ENERGY =   2.830E-01

            TOTAL BETAS PER DECAY FOR ALL BRANCHES =   1.000E+00
%%%% 140 BA  56    B-           1.10177E+06 12.752 D   02-11-2005       BETAEND 
%%%% 140 BA  56    B-           1.10177E+06 12.752 D   02-11-2005       SEEISTAR
140.  BARIUM       56.  1.275E+01 DAYS     183 B-                   140.BA 56.   0
 5 1  2.39148E+01  1.40640E-01  4.65950E-01  0.00000E+00            140.BA 56.   1   1
 5 2  9.34486E+00  1.80919E-01  5.79490E-01  0.00000E+00            140.BA 56.   2   2
 5 3  4.44132E+00  3.10206E-01  8.84342E-01  1.00000E+00            140.BA 56.   3   3
 5 4  3.81833E+01  3.44481E-01  1.00318E+00  0.00000E+00            140.BA 56.   4   4
 5 5  2.41158E+01  3.61551E-01  1.01703E+00  1.00000E+00            140.BA 56.   5   5
 1 1  1.21950E+00  1.38460E-02  1.38460E-02  0.00000E+00            140.BA 56.   6   1
 6 5  4.80255E+01  7.60420E-03  7.60420E-03  1.00000E+00            140.BA 56.   7   5
 6 6  4.77221E+00  7.94350E-03  7.94350E-03  1.00000E+00            140.BA 56.   8   6
 6 7  1.63487E+00  8.36220E-03  8.36220E-03  1.00000E+00            140.BA 56.   9   7
 6 3  1.13461E+01  1.27233E-02  1.27233E-02  1.00000E+00            140.BA 56.  10   3
 6 4  3.13996E+00  1.38460E-02  1.38460E-02  1.00000E+00            140.BA 56.  11   4
 1 2  1.40974E+01  2.99660E-02  2.99660E-02  0.00000E+00            140.BA 56.  12   2
 6 5  5.60307E+01  2.37242E-02  2.37242E-02  2.00000E+00            140.BA 56.  13   5
 6 6  4.84249E+00  2.40635E-02  2.40635E-02  2.00000E+00            140.BA 56.  14   6
 6 7  1.17700E+00  2.44822E-02  2.44822E-02  2.00000E+00            140.BA 56.  15   7
 6 3  1.29174E+01  2.88433E-02  2.88433E-02  2.00000E+00            140.BA 56.  16   3
 6 4  3.57790E+00  2.99660E-02  2.99660E-02  2.00000E+00            140.BA 56.  17   4
 1 3  1.95120E-03  4.38000E-02  4.38000E-02  0.00000E+00            140.BA 56.  18   3
 6 1  1.34307E-02  4.85700E-03  4.85700E-03  3.00000E+00            140.BA 56.  19   1
 6 5  1.40578E-03  3.75582E-02  3.75582E-02  3.00000E+00            140.BA 56.  20   5
 6 6  2.43956E-02  3.78975E-02  3.78975E-02  3.00000E+00            140.BA 56.  21   6
 6 7  3.21802E-02  3.83162E-02  3.83162E-02  3.00000E+00            140.BA 56.  22   7
 6 3  1.29466E-02  4.26773E-02  4.26773E-02  3.00000E+00            140.BA 56.  23   3
 6 4  3.31490E-03  4.38000E-02  4.38000E-02  3.00000E+00            140.BA 56.  24   4
 1 4  2.92680E-05  6.31700E-02  6.31700E-02  0.00000E+00            140.BA 56.  25   4
 6 1  1.03916E-04  2.42270E-02  2.42270E-02  4.00000E+00            140.BA 56.  26   1
 6 5  1.29777E-05  5.69282E-02  5.69282E-02  4.00000E+00            140.BA 56.  27   5
 6 6  1.02886E-06  5.72675E-02  5.72675E-02  4.00000E+00            140.BA 56.  28   6
 6 7  2.23671E-07  5.76862E-02  5.76862E-02  4.00000E+00            140.BA 56.  29   7
 6 3  2.97378E-06  6.20473E-02  6.20473E-02  4.00000E+00            140.BA 56.  30   3
 6 4  8.23414E-07  6.31700E-02  6.31700E-02  4.00000E+00            140.BA 56.  31   4
 1 5  1.95120E-05  9.94900E-02  9.94900E-02  0.00000E+00            140.BA 56.  32   5
 6 1  2.39741E-05  6.05470E-02  6.05470E-02  5.00000E+00            140.BA 56.  33   1
 6 5  2.17714E-06  9.32482E-02  9.32482E-02  5.00000E+00            140.BA 56.  34   5
 6 6  4.83652E-06  9.35875E-02  9.35875E-02  5.00000E+00            140.BA 56.  35   6
 6 7  5.36337E-06  9.40062E-02  9.40062E-02  5.00000E+00            140.BA 56.  36   7
 6 3  2.74314E-06  9.83673E-02  9.83673E-02  5.00000E+00            140.BA 56.  37   3
 6 4  7.10903E-07  9.94900E-02  9.94900E-02  5.00000E+00            140.BA 56.  38   4
 1 6  1.60974E-02  1.13510E-01  1.13510E-01  0.00000E+00            140.BA 56.  39   6
 6 1  1.06074E-02  7.45670E-02  7.45670E-02  6.00000E+00            140.BA 56.  40   1
 6 5  1.32339E-03  1.07268E-01  1.07268E-01  6.00000E+00            140.BA 56.  41   5
 6 6  9.70019E-05  1.07608E-01  1.07608E-01  6.00000E+00            140.BA 56.  42   6
 6 7  2.08830E-05  1.08026E-01  1.08026E-01  6.00000E+00            140.BA 56.  43   7
 6 3  2.99958E-04  1.12387E-01  1.12387E-01  6.00000E+00            140.BA 56.  44   3
 6 4  8.33257E-05  1.13510E-01  1.13510E-01  6.00000E+00            140.BA 56.  45   4
 1 7  6.09750E-02  1.18837E-01  1.18837E-01  0.00000E+00            140.BA 56.  46   7
 6 1  3.52871E-02  7.98940E-02  7.98940E-02  7.00000E+00            140.BA 56.  47   1
 6 5  4.40036E-03  1.12595E-01  1.12595E-01  7.00000E+00            140.BA 56.  48   5
 6 6  3.20300E-04  1.12935E-01  1.12935E-01  7.00000E+00            140.BA 56.  49   6
 6 7  6.89203E-05  1.13353E-01  1.13353E-01  7.00000E+00            140.BA 56.  50   7
 6 3  9.96664E-04  1.17714E-01  1.17714E-01  7.00000E+00            140.BA 56.  51   3
 6 4  2.76956E-04  1.18837E-01  1.18837E-01  7.00000E+00            140.BA 56.  52   4
 1 8  2.02437E-01  1.32687E-01  1.32687E-01  0.00000E+00            140.BA 56.  53   8
 6 1  8.58694E-02  9.37440E-02  9.37440E-02  8.00000E+00            140.BA 56.  54   1
 6 5  1.06976E-02  1.26445E-01  1.26445E-01  8.00000E+00            140.BA 56.  55   5
 6 6  7.64943E-04  1.26785E-01  1.26785E-01  8.00000E+00            140.BA 56.  56   6
 6 7  1.64485E-04  1.27203E-01  1.27203E-01  8.00000E+00            140.BA 56.  57   7
 6 3  2.42040E-03  1.31564E-01  1.31564E-01  8.00000E+00            140.BA 56.  58   3
 6 4  6.72594E-04  1.32687E-01  1.32687E-01  8.00000E+00            140.BA 56.  59   4
 1 9  6.21945E+00  1.62660E-01  1.62660E-01  0.00000E+00            140.BA 56.  60   9
 6 1  1.49656E+00  1.23717E-01  1.23717E-01  9.00000E+00            140.BA 56.  61   1
 6 5  1.86065E-01  1.56418E-01  1.56418E-01  9.00000E+00            140.BA 56.  62   5
 6 6  1.37281E-02  1.56758E-01  1.56758E-01  9.00000E+00            140.BA 56.  63   6
 6 7  3.70575E-03  1.57176E-01  1.57176E-01  9.00000E+00            140.BA 56.  64   7
 6 3  4.25292E-02  1.61537E-01  1.61537E-01  9.00000E+00            140.BA 56.  65   3
 6 4  1.17683E-02  1.62660E-01  1.62660E-01  9.00000E+00            140.BA 56.  66   4
 110  9.75600E-04  1.83830E-01  1.83830E-01  0.00000E+00            140.BA 56.  67  10
 111  3.65850E-04  2.75180E-01  2.75180E-01  0.00000E+00            140.BA 56.  68  11
 112  4.29264E+00  3.04849E-01  3.04849E-01  0.00000E+00            140.BA 56.  69  12
 6 1  1.90686E-01  2.65906E-01  2.65906E-01  1.20000E+01            140.BA 56.  70   1
 6 5  2.35279E-02  2.98607E-01  2.98607E-01  1.20000E+01            140.BA 56.  71   5
 6 6  1.43021E-03  2.98946E-01  2.98946E-01  1.20000E+01            140.BA 56.  72   6
 6 7  3.51358E-04  2.99365E-01  2.99365E-01  1.20000E+01            140.BA 56.  73   7
 6 3  5.26433E-03  3.03726E-01  3.03726E-01  1.20000E+01            140.BA 56.  74   3
 6 4  1.46180E-03  3.04849E-01  3.04849E-01  1.20000E+01            140.BA 56.  75   4
 113  3.65850E-03  4.18440E-01  4.18440E-01  0.00000E+00            140.BA 56.  76  13
 6 1  5.19774E-05  3.79497E-01  3.79497E-01  1.30000E+01            140.BA 56.  77   1
 6 5  5.91510E-06  4.12198E-01  4.12198E-01  1.30000E+01            140.BA 56.  78   5
 6 6  1.55743E-06  4.12538E-01  4.12538E-01  1.30000E+01            140.BA 56.  79   6
 6 7  1.09006E-06  4.12956E-01  4.12956E-01  1.30000E+01            140.BA 56.  80   7
 6 3  1.80891E-06  4.17317E-01  4.17317E-01  1.30000E+01            140.BA 56.  81   3
 6 4  4.90527E-07  4.18440E-01  4.18440E-01  1.30000E+01            140.BA 56.  82   4
 114  3.15119E+00  4.23722E-01  4.23722E-01  0.00000E+00            140.BA 56.  83  14
 6 1  6.00761E-02  3.84779E-01  3.84779E-01  1.40000E+01            140.BA 56.  84   1
 6 5  7.37617E-03  4.17480E-01  4.17480E-01  1.40000E+01            140.BA 56.  85   5
 6 6  3.85981E-04  4.17819E-01  4.17819E-01  1.40000E+01            140.BA 56.  86   6
 6 7  8.70656E-05  4.18238E-01  4.18238E-01  1.40000E+01            140.BA 56.  87   7
 6 3  1.63292E-03  4.22599E-01  4.22599E-01  1.40000E+01            140.BA 56.  88   3
 6 4  4.53733E-04  4.23722E-01  4.23722E-01  1.40000E+01            140.BA 56.  89   4
 115  1.92925E+00  4.37575E-01  4.37575E-01  0.00000E+00            140.BA 56.  90  15
 6 1  3.39093E-02  3.98632E-01  3.98632E-01  1.50000E+01            140.BA 56.  91   1
 6 5  4.16067E-03  4.31333E-01  4.31333E-01  1.50000E+01            140.BA 56.  92   5
 6 6  2.15224E-04  4.31673E-01  4.31673E-01  1.50000E+01            140.BA 56.  93   6
 6 7  4.87412E-05  4.32091E-01  4.32091E-01  1.50000E+01            140.BA 56.  94   7
 6 3  9.20469E-04  4.36452E-01  4.36452E-01  1.50000E+01            140.BA 56.  95   3
 6 4  2.55780E-04  4.37575E-01  4.37575E-01  1.50000E+01            140.BA 56.  96   4
 116  1.95120E-03  4.67500E-01  4.67500E-01  0.00000E+00            140.BA 56.  97  16
 6 1  2.03415E-05  4.28557E-01  4.28557E-01  1.60000E+01            140.BA 56.  98   1
 6 5  2.33555E-06  4.61258E-01  4.61258E-01  1.60000E+01            140.BA 56.  99   5
 6 6  5.30240E-07  4.61598E-01  4.61598E-01  1.60000E+01            140.BA 56. 100   6
 6 7  3.58430E-07  4.62016E-01  4.62016E-01  1.60000E+01            140.BA 56. 101   7
 6 3  6.79050E-07  4.66377E-01  4.66377E-01  1.60000E+01            140.BA 56. 102   3
 6 4  1.84707E-07  4.67500E-01  4.67500E-01  1.60000E+01            140.BA 56. 103   4
 117  2.43900E+01  5.37261E-01  5.37261E-01  0.00000E+00            140.BA 56. 104  17
 6 1  2.56871E-01  4.98318E-01  4.98318E-01  1.70000E+01            140.BA 56. 105   1
 6 5  3.14524E-02  5.31019E-01  5.31019E-01  1.70000E+01            140.BA 56. 106   5
 6 6  1.50275E-03  5.31358E-01  5.31358E-01  1.70000E+01            140.BA 56. 107   6
 6 7  3.50986E-04  5.31777E-01  5.31777E-01  1.70000E+01            140.BA 56. 108   7
 6 3  6.90929E-03  5.36138E-01  5.36138E-01  1.70000E+01            140.BA 56. 109   3
 6 4  1.92221E-03  5.37261E-01  5.37261E-01  1.70000E+01            140.BA 56. 110   4
 118  3.12192E-03  5.51080E-01  5.51080E-01  0.00000E+00            140.BA 56. 111  18
 6 1  2.09819E-05  5.12137E-01  5.12137E-01  1.80000E+01            140.BA 56. 112   1
 6 5  2.43574E-06  5.44838E-01  5.44838E-01  1.80000E+01            140.BA 56. 113   5
 6 6  4.42328E-07  5.45178E-01  5.45178E-01  1.80000E+01            140.BA 56. 114   6
 6 7  2.85631E-07  5.45596E-01  5.45596E-01  1.80000E+01            140.BA 56. 115   7
 6 3  6.63833E-07  5.49957E-01  5.49957E-01  1.80000E+01            140.BA 56. 116   3
 6 4  1.81329E-07  5.51080E-01  5.51080E-01  1.80000E+01            140.BA 56. 117   4
 119  8.29260E-04  6.99890E-01  6.99890E-01  0.00000E+00            140.BA 56. 118  19
 2 1  5.68719E-01  3.30405E-02  3.30405E-02  0.00000E+00            140.BA 56. 119   1
 2 2  1.04449E+00  3.34591E-02  3.34591E-02  0.00000E+00            140.BA 56. 120   2
 2 3  1.00671E-01  3.77381E-02  3.77381E-02  0.00000E+00            140.BA 56. 121   3
 2 4  1.95041E-01  3.78203E-02  3.78203E-02  0.00000E+00            140.BA 56. 122   4
 2 5  1.14264E-03  3.80781E-02  3.80781E-02  0.00000E+00            140.BA 56. 123   5
 2 6  1.54552E-03  3.80958E-02  3.80958E-02  0.00000E+00            140.BA 56. 124   6
 2 7  2.13624E-02  3.87183E-02  3.87183E-02  0.00000E+00            140.BA 56. 125   7
 2 8  4.15894E-02  3.87359E-02  3.87359E-02  0.00000E+00            140.BA 56. 126   8
 2 9  2.41191E-04  3.88262E-02  3.88262E-02  0.00000E+00            140.BA 56. 127   9
 210  3.26174E-04  3.88292E-02  3.88292E-02  0.00000E+00            140.BA 56. 128  10
 211  3.34646E-03  3.89147E-02  3.89147E-02  0.00000E+00            140.BA 56. 129  11
 212  6.41015E-03  3.89175E-02  3.89175E-02  0.00000E+00            140.BA 56. 130  12
 221  2.06555E-03  3.39300E-04  3.39300E-04  0.00000E+00            140.BA 56. 131  21
 222  5.06702E-02  7.58000E-04  7.58000E-04  0.00000E+00            140.BA 56. 132  22
 223  1.72608E+00  5.03700E-03  5.03700E-03  0.00000E+00            140.BA 56. 133  23
 224  2.64822E+00  5.11912E-03  5.11912E-03  0.00000E+00            140.BA 56. 134  24
 225  2.88327E-02  5.37683E-03  5.37683E-03  0.00000E+00            140.BA 56. 135  25
 226  4.30945E-02  5.39451E-03  5.39451E-03  0.00000E+00            140.BA 56. 136  26
 227  3.95453E-01  6.01706E-03  6.01706E-03  0.00000E+00            140.BA 56. 137  27
 228  6.27215E-01  6.03472E-03  6.03472E-03  0.00000E+00            140.BA 56. 138  28
 229  3.85845E-03  6.12497E-03  6.12497E-03  0.00000E+00            140.BA 56. 139  29
 230  5.89999E-03  6.12804E-03  6.12804E-03  0.00000E+00            140.BA 56. 140  30
 231  5.87326E-02  6.21346E-03  6.21346E-03  0.00000E+00            140.BA 56. 141  31
 232  9.16555E-02  6.21622E-03  6.21622E-03  0.00000E+00            140.BA 56. 142  32
 241  4.19131E-06  4.18700E-04  4.18700E-04  0.00000E+00            140.BA 56. 143  41
 242  1.37844E-01  4.55210E-03  4.55210E-03  0.00000E+00            140.BA 56. 144  42
 243  2.17876E-03  4.77979E-03  4.77979E-03  0.00000E+00            140.BA 56. 145  43
 244  2.87213E+00  5.03753E-03  5.03753E-03  0.00000E+00            140.BA 56. 146  44
 245  2.17837E-02  5.62337E-03  5.62337E-03  0.00000E+00            140.BA 56. 147  45
 246  3.33684E-04  5.69543E-03  5.69543E-03  0.00000E+00            140.BA 56. 148  46
 247  4.79939E-01  5.78568E-03  5.78568E-03  0.00000E+00            140.BA 56. 149  47
 249  3.07029E-03  5.85884E-03  5.85884E-03  0.00000E+00            140.BA 56. 150  49
 250  5.33272E-05  5.87690E-03  5.87690E-03  0.00000E+00            140.BA 56. 151  50
 261  3.52897E-01  4.13341E-03  4.13341E-03  0.00000E+00            140.BA 56. 152  61
 262  2.06138E-03  4.27899E-03  4.27899E-03  0.00000E+00            140.BA 56. 153  62
 263  1.91089E-03  4.36110E-03  4.36110E-03  0.00000E+00            140.BA 56. 154  63
 264  3.94620E-01  4.61884E-03  4.61884E-03  0.00000E+00            140.BA 56. 155  64
 265  3.49482E+00  4.63652E-03  4.63652E-03  0.00000E+00            140.BA 56. 156  65
 266  3.54993E-02  5.20469E-03  5.20469E-03  0.00000E+00            140.BA 56. 157  66
 267  2.24273E-04  5.25906E-03  5.25906E-03  0.00000E+00            140.BA 56. 158  67
 268  2.16489E-04  5.27673E-03  5.27673E-03  0.00000E+00            140.BA 56. 159  68
 269  6.39033E-02  5.36696E-03  5.36696E-03  0.00000E+00            140.BA 56. 160  69
 270  5.71671E-01  5.37005E-03  5.37005E-03  0.00000E+00            140.BA 56. 161  70
 273  5.75134E-03  5.44015E-03  5.44015E-03  0.00000E+00            140.BA 56. 162  73
 274  3.59371E-05  5.45547E-03  5.45547E-03  0.00000E+00            140.BA 56. 163  74
 275  3.37719E-05  5.45820E-03  5.45820E-03  0.00000E+00            140.BA 56. 164  75
 291  9.48083E-01  7.39145E-04  7.39145E-04  0.00000E+00            140.BA 56. 165  91
 292  3.06063E-02  1.18015E-04  1.18015E-04  0.00000E+00            140.BA 56. 166  92
 293  5.08870E-07  1.74254E-05  1.74254E-05  0.00000E+00            140.BA 56. 167  93
 294  1.95107E+03  2.10428E-05  2.10428E-05  0.00000E+00            140.BA 56. 168  94
 7 1  1.30666E-01  2.73123E-02  2.73123E-02  0.00000E+00            140.BA 56. 169   1
 7 2  6.11321E-02  3.21336E-02  3.21336E-02  0.00000E+00            140.BA 56. 170   2
 7 3  6.83681E-03  3.69535E-02  3.69535E-02  0.00000E+00            140.BA 56. 171   3
 7 4  6.16744E+01  4.05109E-04  4.05109E-04  0.00000E+00            140.BA 56. 172   4
 7 5  7.68569E+01  3.86287E-03  3.86287E-03  0.00000E+00            140.BA 56. 173   5
 7 6  2.57444E+01  4.69511E-03  4.69511E-03  0.00000E+00            140.BA 56. 174   6
 7 7  2.09736E+00  5.57132E-03  5.57132E-03  0.00000E+00            140.BA 56. 175   7
 7 8  1.14614E+02  1.17058E-04  1.17058E-04  0.00000E+00            140.BA 56. 176   8
 7 9  1.97345E+02  5.86607E-04  5.86607E-04  0.00000E+00            140.BA 56. 177   9
 710  1.73996E+01  7.46032E-04  7.46032E-04  0.00000E+00            140.BA 56. 178  10
 711  2.00599E-01  9.50307E-04  9.50307E-04  0.00000E+00            140.BA 56. 179  11
 712  2.32393E+02  6.24412E-05  6.24412E-05  0.00000E+00            140.BA 56. 180  12
 713  6.67642E+02  6.13190E-05  6.13190E-05  0.00000E+00            140.BA 56. 181  13
 714  3.44351E+02  1.18532E-05  1.18532E-05  0.00000E+00            140.BA 56. 182  14
 715  2.83725E+00  3.33700E-05  3.33700E-05  0.00000E+00            140.BA 56. 183  15
%%%% 140 BA  56    B-           1.10177E+06 12.752 D   02-11-2005       SEEIEND 
 


   ***************************************************** 
   *                 Radiation Summary                 * 
   ***************************************************** 
 
  Energy released by
    Gamma-ray                       (MeV) =   1.80830E-01
    X-ray                           (MeV) =   1.39557E-03
    Free-bound X-ray                (MeV) =   4.10560E-04
    Annihilation photon             (MeV) =   0.00000E+00
    Beta+ particle                  (MeV) =   0.00000E+00
    Neutrino                        (MeV) =   0.00000E+00
    Beta- particle                  (MeV) =   2.83042E-01
    Neutrino-                       (MeV) =   5.50128E-01
    Internal conv. electron         (MeV) =   3.05621E-02
    Auger and CK electron           (MeV) =   6.62194E-03
    Alpha particle                  (MeV) =   0.00000E+00
    Recoil nucleus                  (MeV) =   0.00000E+00
  E-total (except unplaced radiat.) (MeV) =   1.05299E+00
  E-unplaced radiation              (MeV) =   8.60410E-06
  Q-value from ENSDF data           (MeV) =   1.04700E+00
  Ratio of E-total/Q-value          ( % ) =   1.00572E+02
  Ratio of E-unplaced radi./Q-value ( % ) =   8.21786E-04

 
  Total yield of
    Gamma-ray                             =   5.55897E-01
    X-ray                                 =   1.70863E-01
    Free-bound X-ray                      =   1.95107E+01
    Annihilation photon                   =   0.00000E+00
    Beta+ particle                        =   0.00000E+00
    Beta- particle                        =   1.00000E+00
    Internal conv. electron               =   1.50092E+00
    Auger and CK electron                 =   1.74335E+01
    Alpha particle                        =   0.00000E+00
  Yield of unplaced radiation             =   2.17071E-05


