%%%% 210 BI  83    B- A         4.33123E+05 5.013 D    02-11-2005       BALASTAR
1 210   BI  83 5.013 D         B- A       
1INTENSITY AND ENERGY BALANCE DATA

              210-BISMUTH-83
+                                    HALFLIFE = 5.013 DAYS    
+                                                                  02-11-2005


    LEVEL       INTENSITY   INTENSITY
    ENERGY      ENTERING    LEAVING     PERCENT
    (MEV)       LEVEL       LEVEL       ERROR

   0.0000E+00  1.0000E+02
   0.0000E+00  1.3200E-04
   2.6500E-01  5.2800E-05  5.2800E-05  6.8901E-06                      
   3.0400E-01  7.9200E-05  7.9200E-05  9.1868E-06                      


 INTENSITY TO GROUND AND ISOMERIC STATE(S) OF DAUGHTER(S)=  1.000E+02
 TOTAL INTENSITY FROM PARENT=  1.000E+02
 PERCENT ERROR =  0.000E+00                      


 TOTAL INTENSITY FROM PARENT =  1.000E+02
 VALUE IS WITHIN   1.30E-04% OF 100                      


 TOTAL ENERGY AVAILABLE =  1.162E+00 MEV
 TOTAL ENERGY CONTENT OF ALL RADIATIONS =  1.162E+00 MEV
 PERCENT ERROR =  1.026E-05                      
%%%% 210 BI  83    B- A         4.33123E+05 5.013 D    02-11-2005       BALAEND 
%%%% 210 BI  83    B- A         4.33123E+05 5.013 D    02-11-2005       INPUSTAR
1                                      **INPUT DATA**
              210-BISMUTH-83
+                                    HALFLIFE = 5.013 DAYS    
+                                                                  02-11-2005

            MODES OF DECAY: BETA MINUS, ALPHA
 
                                MEAN
                                NUMBER/    TRANSITION
                TYPE OF    ID   TRANSFOR-  ENERGY
              TRANSITION   NO.  MATION     (MEV)       OTHER NUCLEAR PARAMETERS

               BETA MINUS   1   1.00E+00   1.162E+00*  FIRST FORBIDDEN                          
                    ALPHA   1   7.92E-07   4.734E+00                                            
                    ALPHA   2   5.28E-07   4.773E+00                                            
           I.C.E. + GAMMA   1   5.28E-07   2.650E-01   E2 MULTIPOLE                             
+                                                                    AK= 0.0865                 
                                                       AL1=0.0120    AL2=0.0299                 
                                                       AL3=0.0159    AM= 0.0149                 
                                                       AN+=0.00458                              
           I.C.E. + GAMMA   2   7.92E-07   3.040E-01   M1 MULTIPOLE                             
+                                                                    AK= 0.328                  
                                                       AL1=0.0500    AL2=0.00464                
                                                       AM= 0.0129    AN+=0.00410                
 
           * ENDPOINT ENERGY (MEV)
           - - - - - - - - - -
           Reference: Evaluated Nuclear Structure Data File (ENSDF)
                DATE DATA WERE ENTERED INTO ENSDF: Oct-1999
%%%% 210 BI  83    B- A         4.33123E+05 5.013 D    02-11-2005       INPUEND 
%%%% 210 BI  83    B- A         4.33123E+05 5.013 D    02-11-2005       OUTPSTAR
1                                      **OUTPUT DATA**
              210-BISMUTH-83
+                                    HALFLIFE = 5.013 DAYS    
+                                                                  02-11-2005

            MODES OF DECAY: BETA MINUS, ALPHA
 
                                              MEAN
                                              NUMBER/                  MEV/
                                         ID   TRANSFOR-   ENERGY       TRANSFOR-
                  TYPE OF RADIATION      NO.  MATION      (MEV)        MATION

           BETA MINUS                     1   1.00E+00    3.889E-01*   3.89E-01
           ALPHA                          1   7.92E-07    4.644E+00    3.68E-06
           RECOIL ATOM                        7.92E-07    9.023E-02    7.15E-08
           ALPHA                          2   5.28E-07    4.682E+00    2.47E-06
           RECOIL ATOM                        5.28E-07    9.097E-02    4.80E-08
           GAMMA-RAY                      1   4.54E-07    2.650E-01    1.20E-07
           GAMMA-RAY                      2   5.66E-07    3.040E-01    1.72E-07
           K -L2 X-RAY                        6.32E-08    7.105E-02    4.49E-09
           K -L3 X-RAY                        1.07E-07    7.314E-02    7.80E-09
           K -M2 X-RAY                        1.18E-08    8.239E-02    9.75E-10
           K -M3 X-RAY                        2.29E-08    8.285E-02    1.90E-09
           K -N3 X-RAY                        5.50E-09    8.520E-02    4.69E-10
           L2-M4 X-RAY                        2.66E-08    1.225E-02    3.26E-10
           L3-M5 X-RAY                        3.72E-08    1.027E-02    3.82E-10
 
           ALL LISTED X-RAYS, GAMMA-RAYS AND ANNIHILATION RADIATION    3.09E-07
           ALL NEGLECTED X-RAYS, GAMMA-RAYS AND ANNIH. RADIATION**     9.12E-10
           ALL LISTED BETAS, INTERNAL CONVERSION AND AUGER ELECTRONS   3.89E-01
           ALL NEGLECTED BETAS, INT. CONVERSION AND AUGER ELECTRONS**  7.12E-08
           ALL LISTED ALPHA PARTICLES AND  RECOIL NUCLEI               6.27E-06
           ALL LISTED RADIATIONS                                       3.89E-01
           ALL NEGLECTED RADIATIONS**                                  7.21E-08
 
           *  AVERAGE ENERGY (MEV)
           ** EACH NEGLECTED TRANSITION CONTRIBUTES LESS THAN  0.100%
              TO THE TOTAL MEV/TRANSFORMATION FOR THIS CATEGORY.
           TOTAL FEEDING OF GROUND STATE LEVEL IN 210-POLONIUM
             DAUGHTER IS 1.0000E+00 PER TRANSFORMATION OF 210-BISMUTH.
             DECAY OF THIS 138.376 DAYS HALFLIFE LEVEL WILL CONTRIBUTE TO DOSE.
           TOTAL FEEDING OF GROUND STATE LEVEL IN 206-THALLIUM
             DAUGHTER IS 1.3200E-06 PER TRANSFORMATION OF 210-BISMUTH.
             DECAY OF THIS 4.2 MINUTES HALFLIFE LEVEL WILL CONTRIBUTE TO DOSE.
           - - - - - - - - - -
           INPUT DATA SOURCE: EVALUATED NUCLEAR STRUCTURE DATA FILE (ENSDF)
             DATE INPUT DATA WERE ENTERED INTO ENSDF: Oct-1999
%%%% 210 BI  83    B- A         4.33123E+05 5.013 D    02-11-2005       OUTPEND 
%%%% 210 BI  83    B- A         4.33123E+05 5.013 D    02-11-2005       BETASTAR
1
              210-BISMUTH-83
+                                    HALFLIFE = 5.013 DAYS    
+                                                                  02-11-2005

            BETA SPECTRUM DATA FOR ALL DECAY BRANCHES

                      BETAS PER                BETAS PER                BETAS PER
            ENERGY    MEV            ENERGY    MEV            ENERGY    MEV
            (MEV)     PER DECAY      (MEV)     PER DECAY      (MEV)     PER DECAY

            0.00000   1.281E+00      0.00240   1.282E+00      0.06500   1.349E+00
            0.00010   1.281E+00      0.00260   1.282E+00      0.07000   1.355E+00
            0.00011   1.281E+00      0.00280   1.282E+00      0.07500   1.360E+00
            0.00012   1.281E+00      0.00300   1.282E+00      0.08000   1.365E+00
            0.00013   1.281E+00      0.00320   1.283E+00      0.08500   1.369E+00
            0.00014   1.281E+00      0.00360   1.283E+00      0.09000   1.374E+00
            0.00015   1.281E+00      0.00400   1.283E+00      0.10000   1.382E+00
            0.00016   1.281E+00      0.00450   1.283E+00      0.11000   1.390E+00
            0.00018   1.281E+00      0.00500   1.283E+00      0.12000   1.397E+00
            0.00020   1.281E+00      0.00550   1.283E+00      0.13000   1.404E+00
            0.00022   1.281E+00      0.00600   1.283E+00      0.14000   1.409E+00
            0.00024   1.281E+00      0.00650   1.284E+00      0.15000   1.414E+00
            0.00026   1.281E+00      0.00700   1.284E+00      0.16000   1.418E+00
            0.00028   1.282E+00      0.00750   1.284E+00      0.18000   1.425E+00
            0.00030   1.282E+00      0.00800   1.284E+00      0.20000   1.428E+00
            0.00032   1.282E+00      0.00850   1.284E+00      0.22000   1.428E+00
            0.00036   1.282E+00      0.00900   1.284E+00      0.24000   1.426E+00
            0.00040   1.282E+00      0.01000   1.285E+00      0.26000   1.421E+00
            0.00045   1.282E+00      0.01100   1.285E+00      0.28000   1.413E+00
            0.00050   1.282E+00      0.01200   1.285E+00      0.30000   1.402E+00
            0.00055   1.282E+00      0.01300   1.286E+00      0.32000   1.388E+00
            0.00060   1.282E+00      0.01400   1.286E+00      0.36000   1.354E+00
            0.00065   1.282E+00      0.01500   1.286E+00      0.40000   1.309E+00
            0.00070   1.282E+00      0.01600   1.286E+00      0.45000   1.240E+00
            0.00075   1.282E+00      0.01800   1.290E+00      0.50000   1.159E+00
            0.00080   1.282E+00      0.02000   1.293E+00      0.55000   1.066E+00
            0.00085   1.282E+00      0.02200   1.296E+00      0.60000   9.646E-01
            0.00090   1.282E+00      0.02400   1.298E+00      0.65000   8.562E-01
            0.00100   1.282E+00      0.02600   1.301E+00      0.70000   7.433E-01
            0.00110   1.282E+00      0.02800   1.304E+00      0.75000   6.286E-01
            0.00120   1.282E+00      0.03000   1.307E+00      0.80000   5.147E-01
            0.00130   1.282E+00      0.03200   1.309E+00      0.85000   4.045E-01
            0.00140   1.282E+00      0.03600   1.315E+00      0.90000   3.011E-01
            0.00150   1.282E+00      0.04000   1.320E+00      1.00000   1.274E-01
            0.00160   1.282E+00      0.04500   1.326E+00      1.10000   2.035E-02
            0.00180   1.282E+00      0.05000   1.332E+00      1.16150   0.000E+00
            0.00200   1.282E+00      0.05500   1.338E+00
            0.00220   1.282E+00      0.06000   1.344E+00

            AVERAGE BETA ENERGY =   3.889E-01

            TOTAL BETAS PER DECAY FOR ALL BRANCHES =   1.000E+00
%%%% 210 BI  83    B- A         4.33123E+05 5.013 D    02-11-2005       BETAEND 
%%%% 210 BI  83    B- A         4.33123E+05 5.013 D    02-11-2005       SEEISTAR
210.  BISMUTH      83.  5.013E+00 DAYS     101 B- A                 210.BI 83.   0
 5 1  1.00000E+02  3.88902E-01  1.16150E+00  0.00000E+00            210.BI 83.   1   1
 8 1  7.92000E-05  4.64357E+00  9.02251E-02  0.00000E+00            210.BI 83.   2   1
 8 2  5.28000E-05  4.68183E+00  9.09684E-02  0.00000E+00            210.BI 83.   3   2
 1 1  4.53653E-05  2.65000E-01  2.65000E-01  0.00000E+00            210.BI 83.   4   1
 6 1  3.92439E-06  1.79202E-01  1.79202E-01  1.00000E+00            210.BI 83.   5   1
 6 5  5.46312E-07  2.49670E-01  2.49670E-01  1.00000E+00            210.BI 83.   6   5
 6 6  1.35840E-06  2.50254E-01  2.50254E-01  1.00000E+00            210.BI 83.   7   6
 6 7  7.21596E-07  2.52340E-01  2.52340E-01  1.00000E+00            210.BI 83.   8   7
 6 3  6.76128E-07  2.62055E-01  2.62055E-01  1.00000E+00            210.BI 83.   9   3
 6 4  2.07894E-07  2.65000E-01  2.65000E-01  1.00000E+00            210.BI 83.  10   4
 1 2  5.65860E-05  3.04000E-01  3.04000E-01  0.00000E+00            210.BI 83.  11   2
 6 1  1.85373E-05  2.18202E-01  2.18202E-01  2.00000E+00            210.BI 83.  12   1
 6 5  2.83045E-06  2.88670E-01  2.88670E-01  2.00000E+00            210.BI 83.  13   5
 6 6  2.62321E-07  2.89254E-01  2.89254E-01  2.00000E+00            210.BI 83.  14   6
 6 7  2.09999E-08  2.91340E-01  2.91340E-01  2.00000E+00            210.BI 83.  15   7
 6 3  7.31044E-07  3.01055E-01  3.01055E-01  2.00000E+00            210.BI 83.  16   3
 6 4  2.31884E-07  3.04000E-01  3.04000E-01  2.00000E+00            210.BI 83.  17   4
 2 1  6.32228E-06  7.10519E-02  7.10519E-02  0.00000E+00            210.BI 83.  18   1
 2 2  1.06659E-05  7.31380E-02  7.31380E-02  0.00000E+00            210.BI 83.  19   2
 2 3  1.18337E-06  8.23884E-02  8.23884E-02  0.00000E+00            210.BI 83.  20   3
 2 4  2.29087E-06  8.28534E-02  8.28534E-02  0.00000E+00            210.BI 83.  21   4
 2 5  3.13903E-08  8.33045E-02  8.33045E-02  0.00000E+00            210.BI 83.  22   5
 2 6  3.81939E-08  8.34039E-02  8.34039E-02  0.00000E+00            210.BI 83.  23   6
 2 7  2.80524E-07  8.50837E-02  8.50837E-02  0.00000E+00            210.BI 83.  24   7
 2 8  5.50355E-07  8.51979E-02  8.51979E-02  0.00000E+00            210.BI 83.  25   8
 2 9  8.25151E-09  8.53917E-02  8.53917E-02  0.00000E+00            210.BI 83.  26   9
 210  1.00219E-08  8.54128E-02  8.54128E-02  0.00000E+00            210.BI 83.  27  10
 211  6.50264E-08  8.56991E-02  8.56991E-02  0.00000E+00            210.BI 83.  28  11
 212  1.26837E-07  8.57200E-02  8.57200E-02  0.00000E+00            210.BI 83.  29  12
 213  9.78385E-10  8.57755E-02  8.57755E-02  0.00000E+00            210.BI 83.  30  13
 214  1.15455E-09  8.57781E-02  8.57781E-02  0.00000E+00            210.BI 83.  31  14
 215  5.51905E-10  8.57925E-02  8.57925E-02  0.00000E+00            210.BI 83.  32  15
 216  7.85506E-10  8.57936E-02  8.57936E-02  0.00000E+00            210.BI 83.  33  16
 221  4.44219E-11  5.84000E-04  5.84000E-04  0.00000E+00            210.BI 83.  34  21
 222  1.03608E-08  2.67000E-03  2.67000E-03  0.00000E+00            210.BI 83.  35  22
 223  1.20104E-07  1.19203E-02  1.19203E-02  0.00000E+00            210.BI 83.  36  23
 224  1.33645E-07  1.23854E-02  1.23854E-02  0.00000E+00            210.BI 83.  37  24
 225  4.22310E-09  1.28363E-02  1.28363E-02  0.00000E+00            210.BI 83.  38  25
 226  6.32147E-09  1.29361E-02  1.29361E-02  0.00000E+00            210.BI 83.  39  26
 227  3.07260E-08  1.46160E-02  1.46160E-02  0.00000E+00            210.BI 83.  40  27
 228  3.71463E-08  1.47297E-02  1.47297E-02  0.00000E+00            210.BI 83.  41  28
 229  6.42338E-10  1.49236E-02  1.49236E-02  0.00000E+00            210.BI 83.  42  29
 230  1.01452E-09  1.49449E-02  1.49449E-02  0.00000E+00            210.BI 83.  43  30
 231  5.84841E-09  1.52310E-02  1.52310E-02  0.00000E+00            210.BI 83.  44  31
 232  6.91134E-09  1.52520E-02  1.52520E-02  0.00000E+00            210.BI 83.  45  32
 233  7.02382E-11  1.53076E-02  1.53076E-02  0.00000E+00            210.BI 83.  46  33
 234  1.09173E-10  1.53100E-02  1.53100E-02  0.00000E+00            210.BI 83.  47  34
 235  6.13962E-11  1.53245E-02  1.53245E-02  0.00000E+00            210.BI 83.  48  35
 236  5.45651E-11  1.53257E-02  1.53257E-02  0.00000E+00            210.BI 83.  49  36
 241  8.03089E-11  2.08600E-03  2.08600E-03  0.00000E+00            210.BI 83.  50  41
 242  7.22074E-08  1.10673E-02  1.10673E-02  0.00000E+00            210.BI 83.  51  42
 243  2.88921E-09  1.18014E-02  1.18014E-02  0.00000E+00            210.BI 83.  52  43
 244  2.65925E-06  1.22523E-02  1.22523E-02  0.00000E+00            210.BI 83.  53  44
 245  1.85367E-08  1.39146E-02  1.39146E-02  0.00000E+00            210.BI 83.  54  45
 246  7.95098E-10  1.41457E-02  1.41457E-02  0.00000E+00            210.BI 83.  55  46
 247  5.37069E-07  1.43396E-02  1.43396E-02  0.00000E+00            210.BI 83.  56  47
 248  2.15691E-09  1.46130E-02  1.46130E-02  0.00000E+00            210.BI 83.  57  48
 249  3.88261E-09  1.46068E-02  1.46068E-02  0.00000E+00            210.BI 83.  58  49
 250  1.59342E-10  1.46680E-02  1.46680E-02  0.00000E+00            210.BI 83.  59  50
 251  6.12770E-08  1.47236E-02  1.47236E-02  0.00000E+00            210.BI 83.  60  51
 253  4.50483E-10  1.47336E-02  1.47336E-02  0.00000E+00            210.BI 83.  61  53
 254  1.16617E-12  1.47417E-02  1.47417E-02  0.00000E+00            210.BI 83.  62  54
 261  2.41982E-07  8.98130E-03  8.98130E-03  0.00000E+00            210.BI 83.  63  61
 262  2.46930E-09  9.25030E-03  9.25030E-03  0.00000E+00            210.BI 83.  64  62
 263  2.23335E-09  9.71540E-03  9.71540E-03  0.00000E+00            210.BI 83.  65  63
 264  4.22854E-07  1.01663E-02  1.01663E-02  0.00000E+00            210.BI 83.  66  64
 265  3.72376E-06  1.02661E-02  1.02661E-02  0.00000E+00            210.BI 83.  67  65
 266  5.29542E-08  1.18286E-02  1.18286E-02  0.00000E+00            210.BI 83.  68  66
 267  5.58194E-10  1.19460E-02  1.19460E-02  0.00000E+00            210.BI 83.  69  67
 268  5.68825E-10  1.20597E-02  1.20597E-02  0.00000E+00            210.BI 83.  70  68
 269  7.85475E-08  1.22537E-02  1.22537E-02  0.00000E+00            210.BI 83.  71  69
 270  7.09428E-07  1.22749E-02  1.22749E-02  0.00000E+00            210.BI 83.  72  70
 271  5.87724E-10  1.25271E-02  1.25271E-02  0.00000E+00            210.BI 83.  73  71
 272  3.28410E-09  1.25318E-02  1.25318E-02  0.00000E+00            210.BI 83.  74  72
 273  1.13934E-08  1.25208E-02  1.25208E-02  0.00000E+00            210.BI 83.  75  73
 274  1.16724E-10  1.25610E-02  1.25610E-02  0.00000E+00            210.BI 83.  76  74
 275  1.19486E-10  1.25820E-02  1.25820E-02  0.00000E+00            210.BI 83.  77  75
 276  8.83676E-09  1.26376E-02  1.26376E-02  0.00000E+00            210.BI 83.  78  76
 277  7.77943E-08  1.26400E-02  1.26400E-02  0.00000E+00            210.BI 83.  79  77
 280  1.27613E-09  1.26476E-02  1.26476E-02  0.00000E+00            210.BI 83.  80  80
 281  1.08340E-12  1.26545E-02  1.26545E-02  0.00000E+00            210.BI 83.  81  81
 282  8.19905E-13  1.26557E-02  1.26557E-02  0.00000E+00            210.BI 83.  82  82
 291  1.32168E-06  2.30106E-03  2.30106E-03  0.00000E+00            210.BI 83.  83  91
 292  2.80975E-08  3.26974E-04  3.26974E-04  0.00000E+00            210.BI 83.  84  92
 293  2.17791E-10  6.77432E-05  6.77432E-05  0.00000E+00            210.BI 83.  85  93
 294  3.75732E-04  2.07394E-05  2.07394E-05  0.00000E+00            210.BI 83.  86  94
 7 1  5.47933E-07  5.72241E-02  5.72241E-02  0.00000E+00            210.BI 83.  87   1
 7 2  2.98168E-07  6.88063E-02  6.88063E-02  0.00000E+00            210.BI 83.  88   2
 7 3  3.91029E-08  8.04012E-02  8.04012E-02  0.00000E+00            210.BI 83.  89   3
 7 4  3.99647E-06  9.41342E-04  9.41342E-04  0.00000E+00            210.BI 83.  90   4
 7 5  1.01831E-05  7.86979E-03  7.86979E-03  0.00000E+00            210.BI 83.  91   5
 7 6  4.43134E-06  1.01619E-02  1.01619E-02  0.00000E+00            210.BI 83.  92   6
 7 7  4.63568E-07  1.24817E-02  1.24817E-02  0.00000E+00            210.BI 83.  93   7
 7 8  1.40339E-05  4.18548E-04  4.18548E-04  0.00000E+00            210.BI 83.  94   8
 7 9  3.39885E-05  1.86005E-03  1.86005E-03  0.00000E+00            210.BI 83.  95   9
 710  4.00249E-06  2.10596E-03  2.10596E-03  0.00000E+00            210.BI 83.  96  10
 711  2.00241E-07  2.47795E-03  2.47795E-03  0.00000E+00            210.BI 83.  97  11
 712  6.46108E-05  1.74588E-04  1.74588E-04  0.00000E+00            210.BI 83.  98  12
 713  1.23156E-04  7.57348E-05  7.57348E-05  0.00000E+00            210.BI 83.  99  13
 714  8.24752E-05  4.30240E-05  4.30240E-05  0.00000E+00            210.BI 83. 100  14
 715  7.50722E-08  9.84430E-05  9.84430E-05  0.00000E+00            210.BI 83. 101  15
%%%% 210 BI  83    B- A         4.33123E+05 5.013 D    02-11-2005       SEEIEND 
 


   ***************************************************** 
   *                 Radiation Summary                 * 
   ***************************************************** 
 
  Energy released by
    Gamma-ray                       (MeV) =   2.92239E-07
    X-ray                           (MeV) =   1.71772E-08
    Free-bound X-ray                (MeV) =   7.79247E-11
    Annihilation photon             (MeV) =   0.00000E+00
    Beta+ particle                  (MeV) =   0.00000E+00
    Neutrino                        (MeV) =   0.00000E+00
    Beta- particle                  (MeV) =   3.88902E-01
    Neutrino-                       (MeV) =   7.72598E-01
    Internal conv. electron         (MeV) =   6.82849E-08
    Auger and CK electron           (MeV) =   2.91915E-09
    Alpha particle                  (MeV) =   6.14972E-06
    Recoil nucleus                  (MeV) =   1.19490E-07
  E-total (except unplaced radiat.) (MeV) =   1.16151E+00
  E-unplaced radiation              (MeV) =   0.00000E+00
  Q-value from ENSDF data           (MeV) =   1.16151E+00
  Ratio of E-total/Q-value          ( % ) =   1.00000E+02
  Ratio of E-unplaced radi./Q-value ( % ) =   0.00000E+00

 
  Total yield of
    Gamma-ray                             =   1.01951E-06
    X-ray                                 =   3.19813E-07
    Free-bound X-ray                      =   3.75732E-06
    Annihilation photon                   =   0.00000E+00
    Beta+ particle                        =   0.00000E+00
    Beta- particle                        =   1.00000E+00
    Internal conv. electron               =   3.00487E-07
    Auger and CK electron                 =   3.42502E-06
    Alpha particle                        =   1.32000E-06
  Yield of unplaced radiation             =   0.00000E+00


%%%% 210 BI  83 M  A            9.59351E+13 3.04E+6 Y  02-11-2005       BALASTAR
1 210M  BI  83 3.04E+6 Y       A          
1INTENSITY AND ENERGY BALANCE DATA

              210M-BISMUTH-83
+                                    HALFLIFE = 0.304E+07 YEARS   
+                                                                  02-11-2005


    LEVEL       INTENSITY   INTENSITY
    ENERGY      ENTERING    LEAVING     PERCENT
    (MEV)       LEVEL       LEVEL       ERROR

   0.0000E+00  1.0062E+02
   2.6570E-01  5.6045E+01  5.8137E+01  3.6637E+00                      
   3.0510E-01  4.1251E+01  3.8421E+01  7.1037E+00                      
   6.3460E-01  1.3997E+00  1.6424E+00  1.5953E+01  ********************
   6.4960E-01  3.8993E+00  4.9602E+00  2.3949E+01  ********************
   8.0120E-01  2.0996E-01  2.6902E-01  2.4662E+01  ********************
   9.5200E-01  5.9989E-03  6.0833E-03  1.3980E+00                      
   1.0000E+00  7.9985E-04  8.0000E-04  1.8890E-02                      
   1.1200E+00  1.9996E-03  2.0000E-03  1.8896E-02                      


 INTENSITY TO GROUND AND ISOMERIC STATE(S) OF DAUGHTER(S)=  1.006E+02
 TOTAL INTENSITY FROM PARENT=  1.000E+02
 PERCENT ERROR =  6.206E-01                      


 TOTAL INTENSITY FROM PARENT =  1.000E+02
 VALUE IS WITHIN   0.00E+00% OF 100                      


 TOTAL ENERGY AVAILABLE =  5.309E+00 MEV
 TOTAL ENERGY CONTENT OF ALL RADIATIONS =  5.315E+00 MEV
 PERCENT ERROR =  1.057E-01                      
%%%% 210 BI  83 M  A            9.59351E+13 3.04E+6 Y  02-11-2005       BALAEND 
%%%% 210 BI  83 M  A            9.59351E+13 3.04E+6 Y  02-11-2005       INPUSTAR
1                                      **INPUT DATA**
              210M-BISMUTH-83
+                                    HALFLIFE = 0.304E+07 YEARS   
+                                                                  02-11-2005

            MODE OF DECAY: ALPHA
 
                                MEAN
                                NUMBER/    TRANSITION
                TYPE OF    ID   TRANSFOR-  ENERGY
              TRANSITION   NO.  MATION     (MEV)       OTHER NUCLEAR PARAMETERS

                    ALPHA   1   2.00E-05   4.189E+00                                            
                    ALPHA   2   8.00E-06   4.309E+00                                            
                    ALPHA   3   6.00E-05   4.357E+00                                            
                    ALPHA   4   2.10E-03   4.508E+00                                            
                    ALPHA   5   3.90E-02   4.659E+00                                            
                    ALPHA   6   1.40E-02   4.674E+00                                            
                    ALPHA   7   3.95E-01   5.004E+00                                            
                    ALPHA   8   5.50E-01   5.043E+00                                            
                    ALPHA   9   1.00E-06   5.309E+00                                            
           I.C.E. + GAMMA   1   5.81E-01   2.656E-01   E2 MULTIPOLE                             
+                                                                    AK= 0.0860                 
                                                       AL1=0.0120    AL2=0.0297                 
                                                       AL3=0.0157    AM= 0.0148                 
                                                       AN+=0.00454                              
           I.C.E. + GAMMA   2   3.84E-01   3.047E-01   M1 MULTIPOLE                             
+                                                                    AK= 0.326                  
                                                       AL1=0.0497    AL2=0.00461                
                                                       AM= 0.0128    AN+=0.00407                
           I.C.E. + GAMMA   3   8.59E-03   3.293E-01   M1 MULTIPOLE                             
+                                                                    AK= 0.264                  
                                                       AL1=0.0402    AL2=0.00370                
                                                       AM= 0.0104    AN+=0.00329                
           I.C.E. + GAMMA   4   9.00E-03   3.442E-01   M1 MULTIPOLE                             
+                                                                    AK= 0.234                  
                                                       AL1=0.0357    AL2=0.00326                
                                                       AM= 0.00919   AN+=0.00292                
           I.C.E. + GAMMA   5   7.73E-03   3.688E-01   M1 MULTIPOLE                             
+                                                                    AK= 0.194                  
                                                       AL1=0.0296    AL2=0.00269                
                                                       AM= 0.00761   AN+=0.00242                
           I.C.E. + GAMMA   6   6.22E-05   3.840E-01   M1 MULTIPOLE                             
+                                                                    AK= 0.107                  
                                                       AL1=0.0162    AL2=0.00146                
                                                       AM= 0.00417   AN+=0.00132                
           I.C.E. + GAMMA   7   2.69E-03   5.355E-01   M1 MULTIPOLE                             
+                                                                    AK= 0.0452                 
                                                       AL1=0.00685   AM= 0.00174                
           I.C.E. + GAMMA   8   1.02E-04   6.350E-01   E2 MULTIPOLE                             
+                                                                    AK= 0.0124                 
                                                       AL1=0.00179                              
           I.C.E. + GAMMA   9   4.05E-02   6.497E-01   M1 MULTIPOLE                             
+                                                                    AK= 0.0437                 
                                                       AL1=0.00658   AM= 0.00167                
           I.C.E. + GAMMA  10   6.08E-05   6.860E-01   E2 MULTIPOLE                             
+                                                                    AK= 0.0106                 
                                                       AL1=0.00153                              
           I.C.E. + GAMMA  11   8.00E-06   7.340E-01   M1 MULTIPOLE                             
+                                                                    AK= 0.0206                 
                                                       AL1=0.00309                              
           I.C.E. + GAMMA  12   2.00E-05   1.120E+00   M1 MULTIPOLE                             
+                                                                    AK= 0.0109                 
                                                       AL1=0.00162                              
 
           - - - - - - - - - -
           Reference: Evaluated Nuclear Structure Data File (ENSDF)
                DATE DATA WERE ENTERED INTO ENSDF: Oct-1999
%%%% 210 BI  83 M  A            9.59351E+13 3.04E+6 Y  02-11-2005       INPUEND 
%%%% 210 BI  83 M  A            9.59351E+13 3.04E+6 Y  02-11-2005       OUTPSTAR
1                                      **OUTPUT DATA**
              210M-BISMUTH-83
+                                    HALFLIFE = 0.304E+07 YEARS   
+                                                                  02-11-2005

            MODE OF DECAY: ALPHA
 
                                              MEAN
                                              NUMBER/                  MEV/
                                         ID   TRANSFOR-   ENERGY       TRANSFOR-
                  TYPE OF RADIATION      NO.  MATION      (MEV)        MATION

           ALPHA                          4   2.10E-03    4.422E+00    9.28E-03
           RECOIL ATOM                        2.10E-03    8.592E-02    1.80E-04
           ALPHA                          5   3.90E-02    4.571E+00    1.78E-01
           RECOIL ATOM                        3.90E-02    8.881E-02    3.46E-03
           ALPHA                          6   1.40E-02    4.585E+00    6.42E-02
           RECOIL ATOM                        1.40E-02    8.909E-02    1.25E-03
           ALPHA                          7   3.95E-01    4.909E+00    1.94E+00
           RECOIL ATOM                        3.95E-01    9.537E-02    3.77E-02
           ALPHA                          8   5.50E-01    4.947E+00    2.72E+00
           RECOIL ATOM                        5.50E-01    9.612E-02    5.29E-02
           GAMMA-RAY                      1   5.00E-01    2.656E-01    1.33E-01
           K CONV. ELECTRON, GAMMA-RAY    1   4.30E-02    1.798E-01    7.73E-03
           L1 CONV. ELECTRON, GAMMA-RAY   1   5.99E-03    2.503E-01    1.50E-03
           L2 CONV. ELECTRON, GAMMA-RAY   1   1.48E-02    2.509E-01    3.72E-03
           L3 CONV. ELECTRON, GAMMA-RAY   1   7.87E-03    2.529E-01    1.99E-03
           M CONV. ELECTRON, GAMMA-RAY    1   7.39E-03    2.627E-01*   1.94E-03
           N+ CONV. ELECTRON, GAMMA-RAY   1   2.27E-03    2.656E-01*   6.03E-04
           GAMMA-RAY                      2   2.75E-01    3.047E-01    8.38E-02
           K CONV. ELECTRON, GAMMA-RAY    2   8.95E-02    2.189E-01    1.96E-02
           L1 CONV. ELECTRON, GAMMA-RAY   2   1.37E-02    2.894E-01    3.96E-03
           L2 CONV. ELECTRON, GAMMA-RAY   2   1.27E-03    2.900E-01    3.67E-04
           M CONV. ELECTRON, GAMMA-RAY    2   3.53E-03    3.018E-01*   1.07E-03
           N+ CONV. ELECTRON, GAMMA-RAY   2   1.12E-03    3.047E-01*   3.41E-04
           GAMMA-RAY                      3   6.50E-03    3.293E-01    2.14E-03
           K CONV. ELECTRON, GAMMA-RAY    3   1.71E-03    2.435E-01    4.17E-04
           L1 CONV. ELECTRON, GAMMA-RAY   3   2.62E-04    3.140E-01    8.21E-05
           GAMMA-RAY                      4   7.00E-03    3.442E-01    2.41E-03
           K CONV. ELECTRON, GAMMA-RAY    4   1.64E-03    2.584E-01    4.23E-04
           L1 CONV. ELECTRON, GAMMA-RAY   4   2.50E-04    3.289E-01    8.22E-05
           GAMMA-RAY                      5   6.25E-03    3.688E-01    2.30E-03
           K CONV. ELECTRON, GAMMA-RAY    5   1.22E-03    2.830E-01    3.44E-04
           L1 CONV. ELECTRON, GAMMA-RAY   5   1.85E-04    3.535E-01    6.55E-05
           GAMMA-RAY                      7   2.55E-03    5.355E-01    1.37E-03
           K CONV. ELECTRON, GAMMA-RAY    7   1.15E-04    4.497E-01    5.19E-05
           GAMMA-RAY                      9   3.85E-02    6.497E-01    2.50E-02
           K CONV. ELECTRON, GAMMA-RAY    9   1.68E-03    5.639E-01    9.48E-04
           L1 CONV. ELECTRON, GAMMA-RAY   9   2.53E-04    6.344E-01    1.61E-04
           K -L2 X-RAY                        3.91E-02    7.105E-02    2.78E-03
           K -L3 X-RAY                        6.60E-02    7.314E-02    4.82E-03
           K -M2 X-RAY                        7.32E-03    8.239E-02    6.03E-04
           K -M3 X-RAY                        1.42E-02    8.285E-02    1.17E-03
           K -N3 X-RAY                        3.40E-03    8.520E-02    2.90E-04
           AUGER KLL                          3.39E-03    5.722E-02*   1.94E-04
           AUGER KLX                          1.84E-03    6.881E-02*   1.27E-04
           AUGER LMM                          6.67E-02    7.890E-03*   5.26E-04
           AUGER LMX                          2.90E-02    1.018E-02*   2.96E-04
           AUGER MNN                          2.23E-01    1.861E-03*   4.14E-04
           AUGER MNX                          2.62E-02    2.107E-03*   5.53E-05
           CK NNX                             4.24E-01    1.747E-04*   7.41E-05
           AUGER NXY                          8.08E-01    7.577E-05*   6.12E-05
 
           ALL LISTED X-RAYS, GAMMA-RAYS AND ANNIHILATION RADIATION    2.59E-01
           ALL NEGLECTED X-RAYS, GAMMA-RAYS AND ANNIH. RADIATION**     1.20E-03
           ALL LISTED BETAS, INTERNAL CONVERSION AND AUGER ELECTRONS   4.71E-02
           ALL NEGLECTED BETAS, INT. CONVERSION AND AUGER ELECTRONS**  3.67E-04
           ALL LISTED ALPHA PARTICLES AND  RECOIL NUCLEI               5.01E+00
           ALL NEGLECTED ALPHA PARTICLES AND  RECOIL NUCLEI**          3.85E-04
           ALL LISTED RADIATIONS                                       5.31E+00
           ALL NEGLECTED RADIATIONS**                                  1.96E-03
 
           *  AVERAGE ENERGY (MEV)
           ** EACH NEGLECTED TRANSITION CONTRIBUTES LESS THAN  0.100%
              TO THE TOTAL MEV/TRANSFORMATION FOR THIS CATEGORY.
           TOTAL FEEDING OF GROUND STATE LEVEL IN 206-THALLIUM
             DAUGHTER IS 1.0000E+00  PER TRANSFORMATION OF 210M-BISMUTH.
             DECAY OF THIS 4.2 MINUTES HALFLIFE LEVEL WILL CONTRIBUTE TO DOSE.
           - - - - - - - - - -
           INPUT DATA SOURCE: EVALUATED NUCLEAR STRUCTURE DATA FILE (ENSDF)
             DATE INPUT DATA WERE ENTERED INTO ENSDF: Oct-1999
%%%% 210 BI  83 M  A            9.59351E+13 3.04E+6 Y  02-11-2005       OUTPEND 
%%%% 210 BI  83 M  A            9.59351E+13 3.04E+6 Y  02-11-2005       SEEISTAR
210.M BISMUTH      83.  3.040E+06 YEARS    177 A                    210.BI 83.   0
 8 1  1.99962E-03  4.10916E+00  7.98414E-02  0.00000E+00            210.BI 83.   1   1
 8 2  7.99849E-04  4.22687E+00  8.21285E-02  0.00000E+00            210.BI 83.   2   2
 8 3  5.99887E-03  4.27396E+00  8.30434E-02  0.00000E+00            210.BI 83.   3   3
 8 4  2.09960E-01  4.42188E+00  8.59176E-02  0.00000E+00            210.BI 83.   4   4
 8 5  3.89926E+00  4.57059E+00  8.88071E-02  0.00000E+00            210.BI 83.   5   5
 8 6  1.39974E+00  4.58531E+00  8.90930E-02  0.00000E+00            210.BI 83.   6   6
 8 7  3.94925E+01  4.90853E+00  9.53732E-02  0.00000E+00            210.BI 83.   7   7
 8 8  5.49896E+01  4.94718E+00  9.61241E-02  0.00000E+00            210.BI 83.   8   8
 8 9  9.99811E-05  5.20781E+00  1.01188E-01  0.00000E+00            210.BI 83.   9   9
 1 1  5.00000E+01  2.65600E-01  2.65600E-01  0.00000E+00            210.BI 83.  10   1
 6 1  4.30195E+00  1.79802E-01  1.79802E-01  1.00000E+00            210.BI 83.  11   1
 6 5  5.98997E-01  2.50270E-01  2.50270E-01  1.00000E+00            210.BI 83.  12   5
 6 6  1.48305E+00  2.50854E-01  2.50854E-01  1.00000E+00            210.BI 83.  13   6
 6 7  7.86910E-01  2.52940E-01  2.52940E-01  1.00000E+00            210.BI 83.  14   7
 6 3  7.38518E-01  2.62655E-01  2.62655E-01  1.00000E+00            210.BI 83.  15   3
 6 4  2.27088E-01  2.65600E-01  2.65600E-01  1.00000E+00            210.BI 83.  16   4
 1 2  2.75000E+01  3.04700E-01  3.04700E-01  0.00000E+00            210.BI 83.  17   2
 6 1  8.95270E+00  2.18902E-01  2.18902E-01  2.00000E+00            210.BI 83.  18   1
 6 5  1.36696E+00  2.89370E-01  2.89370E-01  2.00000E+00            210.BI 83.  19   5
 6 6  1.26658E-01  2.89954E-01  2.89954E-01  2.00000E+00            210.BI 83.  20   6
 6 7  1.01380E-02  2.92040E-01  2.92040E-01  2.00000E+00            210.BI 83.  21   7
 6 3  3.53046E-01  3.01755E-01  3.01755E-01  2.00000E+00            210.BI 83.  22   3
 6 4  1.11982E-01  3.04700E-01  3.04700E-01  2.00000E+00            210.BI 83.  23   4
 1 3  6.50000E-01  3.29300E-01  3.29300E-01  0.00000E+00            210.BI 83.  24   3
 6 1  1.71420E-01  2.43502E-01  2.43502E-01  3.00000E+00            210.BI 83.  25   1
 6 5  2.61598E-02  3.13970E-01  3.13970E-01  3.00000E+00            210.BI 83.  26   5
 6 6  2.40374E-03  3.14554E-01  3.14554E-01  3.00000E+00            210.BI 83.  27   6
 6 7  1.91535E-04  3.16640E-01  3.16640E-01  3.00000E+00            210.BI 83.  28   7
 6 3  6.74643E-03  3.26355E-01  3.26355E-01  3.00000E+00            210.BI 83.  29   3
 6 4  2.13965E-03  3.29300E-01  3.29300E-01  3.00000E+00            210.BI 83.  30   4
 1 4  7.00000E-01  3.44200E-01  3.44200E-01  0.00000E+00            210.BI 83.  31   4
 6 1  1.63805E-01  2.58402E-01  2.58402E-01  4.00000E+00            210.BI 83.  32   1
 6 5  2.49906E-02  3.28870E-01  3.28870E-01  4.00000E+00            210.BI 83.  33   5
 6 6  2.28438E-03  3.29454E-01  3.29454E-01  4.00000E+00            210.BI 83.  34   6
 6 7  1.81656E-04  3.31540E-01  3.31540E-01  4.00000E+00            210.BI 83.  35   7
 6 3  6.43615E-03  3.41255E-01  3.41255E-01  4.00000E+00            210.BI 83.  36   3
 6 4  2.04219E-03  3.44200E-01  3.44200E-01  4.00000E+00            210.BI 83.  37   4
 1 5  6.25000E-01  3.68800E-01  3.68800E-01  0.00000E+00            210.BI 83.  38   5
 6 1  1.21557E-01  2.83002E-01  2.83002E-01  5.00000E+00            210.BI 83.  39   1
 6 5  1.85205E-02  3.53470E-01  3.53470E-01  5.00000E+00            210.BI 83.  40   5
 6 6  1.67838E-03  3.54054E-01  3.54054E-01  5.00000E+00            210.BI 83.  41   6
 6 7  1.33134E-04  3.56140E-01  3.56140E-01  5.00000E+00            210.BI 83.  42   7
 6 3  4.75892E-03  3.65855E-01  3.65855E-01  5.00000E+00            210.BI 83.  43   3
 6 4  1.51136E-03  3.68800E-01  3.68800E-01  5.00000E+00            210.BI 83.  44   4
 1 6  5.50000E-03  3.84000E-01  3.84000E-01  0.00000E+00            210.BI 83.  45   6
 6 1  5.86747E-04  2.98202E-01  2.98202E-01  6.00000E+00            210.BI 83.  46   1
 6 5  8.93485E-05  3.68670E-01  3.68670E-01  6.00000E+00            210.BI 83.  47   5
 6 6  8.05390E-06  3.69254E-01  3.69254E-01  6.00000E+00            210.BI 83.  48   6
 6 7  6.38180E-07  3.71340E-01  3.71340E-01  6.00000E+00            210.BI 83.  49   7
 6 3  2.29265E-05  3.81055E-01  3.81055E-01  6.00000E+00            210.BI 83.  50   3
 6 4  7.28543E-06  3.84000E-01  3.84000E-01  6.00000E+00            210.BI 83.  51   4
 1 7  2.55000E-01  5.35500E-01  5.35500E-01  0.00000E+00            210.BI 83.  52   7
 6 1  1.15317E-02  4.49702E-01  4.49702E-01  7.00000E+00            210.BI 83.  53   1
 6 5  1.74565E-03  5.20170E-01  5.20170E-01  7.00000E+00            210.BI 83.  54   5
 6 6  1.49610E-04  5.20754E-01  5.20754E-01  7.00000E+00            210.BI 83.  55   6
 6 7  1.18880E-05  5.22840E-01  5.22840E-01  7.00000E+00            210.BI 83.  56   7
 6 3  4.44493E-04  5.32555E-01  5.32555E-01  7.00000E+00            210.BI 83.  57   3
 6 4  1.41638E-04  5.35500E-01  5.35500E-01  7.00000E+00            210.BI 83.  58   4
 1 8  1.00000E-02  6.35000E-01  6.35000E-01  0.00000E+00            210.BI 83.  59   8
 6 1  1.23908E-04  5.49202E-01  5.49202E-01  8.00000E+00            210.BI 83.  60   1
 6 5  1.79144E-05  6.19670E-01  6.19670E-01  8.00000E+00            210.BI 83.  61   5
 6 6  9.47037E-06  6.20254E-01  6.20254E-01  8.00000E+00            210.BI 83.  62   6
 6 7  3.23620E-06  6.22340E-01  6.22340E-01  8.00000E+00            210.BI 83.  63   7
 6 3  7.47566E-06  6.32055E-01  6.32055E-01  8.00000E+00            210.BI 83.  64   3
 6 4  2.34020E-06  6.35000E-01  6.35000E-01  8.00000E+00            210.BI 83.  65   4
 1 9  3.85000E+00  6.49700E-01  6.49700E-01  0.00000E+00            210.BI 83.  66   9
 6 1  1.68107E-01  5.63902E-01  5.63902E-01  9.00000E+00            210.BI 83.  67   1
 6 5  2.53318E-02  6.34370E-01  6.34370E-01  9.00000E+00            210.BI 83.  68   5
 6 6  2.09650E-03  6.34954E-01  6.34954E-01  9.00000E+00            210.BI 83.  69   6
 6 7  1.68948E-04  6.37040E-01  6.37040E-01  9.00000E+00            210.BI 83.  70   7
 6 3  6.44164E-03  6.46755E-01  6.46755E-01  9.00000E+00            210.BI 83.  71   3
 6 4  2.05148E-03  6.49700E-01  6.49700E-01  9.00000E+00            210.BI 83.  72   4
 110  6.00000E-03  6.86000E-01  6.86000E-01  0.00000E+00            210.BI 83.  73  10
 6 1  6.36757E-05  6.00202E-01  6.00202E-01  1.00000E+01            210.BI 83.  74   1
 6 5  9.19636E-06  6.70670E-01  6.70670E-01  1.00000E+01            210.BI 83.  75   5
 6 6  4.28293E-06  6.71254E-01  6.71254E-01  1.00000E+01            210.BI 83.  76   6
 6 7  1.41236E-06  6.73340E-01  6.73340E-01  1.00000E+01            210.BI 83.  77   7
 6 3  3.61828E-06  6.83055E-01  6.83055E-01  1.00000E+01            210.BI 83.  78   3
 6 4  1.13460E-06  6.86000E-01  6.86000E-01  1.00000E+01            210.BI 83.  79   4
 111  7.80488E-04  7.34000E-01  7.34000E-01  0.00000E+00            210.BI 83.  80  11
 6 1  1.60786E-05  6.48202E-01  6.48202E-01  1.10000E+01            210.BI 83.  81   1
 6 5  2.41451E-06  7.18670E-01  7.18670E-01  1.10000E+01            210.BI 83.  82   5
 6 6  1.94985E-07  7.19254E-01  7.19254E-01  1.10000E+01            210.BI 83.  83   6
 6 7  1.59473E-08  7.21340E-01  7.21340E-01  1.10000E+01            210.BI 83.  84   7
 6 3  6.12960E-07  7.31055E-01  7.31055E-01  1.10000E+01            210.BI 83.  85   3
 6 4  1.95204E-07  7.34000E-01  7.34000E-01  1.10000E+01            210.BI 83.  86   4
 112  1.97402E-03  1.12000E+00  1.12000E+00  0.00000E+00            210.BI 83.  87  12
 6 1  2.14687E-05  1.03420E+00  1.03420E+00  1.20000E+01            210.BI 83.  88   1
 6 5  3.19562E-06  1.10467E+00  1.10467E+00  1.20000E+01            210.BI 83.  89   5
 6 6  2.32016E-07  1.10525E+00  1.10525E+00  1.20000E+01            210.BI 83.  90   6
 6 7  2.11858E-08  1.10734E+00  1.10734E+00  1.20000E+01            210.BI 83.  91   7
 6 3  8.03775E-07  1.11706E+00  1.11706E+00  1.20000E+01            210.BI 83.  92   3
 6 4  2.56226E-07  1.12000E+00  1.12000E+00  1.20000E+01            210.BI 83.  93   4
 2 1  3.91013E+00  7.10519E-02  7.10519E-02  0.00000E+00            210.BI 83.  94   1
 2 2  6.59654E+00  7.31380E-02  7.31380E-02  0.00000E+00            210.BI 83.  95   2
 2 3  7.31878E-01  8.23883E-02  8.23883E-02  0.00000E+00            210.BI 83.  96   3
 2 4  1.41683E+00  8.28534E-02  8.28534E-02  0.00000E+00            210.BI 83.  97   4
 2 5  1.94139E-02  8.33045E-02  8.33045E-02  0.00000E+00            210.BI 83.  98   5
 2 6  2.36217E-02  8.34039E-02  8.34039E-02  0.00000E+00            210.BI 83.  99   6
 2 7  1.73496E-01  8.50837E-02  8.50837E-02  0.00000E+00            210.BI 83. 100   7
 2 8  3.40377E-01  8.51979E-02  8.51979E-02  0.00000E+00            210.BI 83. 101   8
 2 9  5.10331E-03  8.53917E-02  8.53917E-02  0.00000E+00            210.BI 83. 102   9
 210  6.19826E-03  8.54128E-02  8.54128E-02  0.00000E+00            210.BI 83. 103  10
 211  4.02168E-02  8.56991E-02  8.56991E-02  0.00000E+00            210.BI 83. 104  11
 212  7.84445E-02  8.57200E-02  8.57200E-02  0.00000E+00            210.BI 83. 105  12
 213  6.05101E-04  8.57755E-02  8.57755E-02  0.00000E+00            210.BI 83. 106  13
 214  7.14055E-04  8.57781E-02  8.57781E-02  0.00000E+00            210.BI 83. 107  14
 215  3.41336E-04  8.57925E-02  8.57925E-02  0.00000E+00            210.BI 83. 108  15
 216  4.85811E-04  8.57936E-02  8.57936E-02  0.00000E+00            210.BI 83. 109  16
 221  2.71834E-05  5.84000E-04  5.84000E-04  0.00000E+00            210.BI 83. 110  21
 222  6.34014E-03  2.67000E-03  2.67000E-03  0.00000E+00            210.BI 83. 111  22
 223  7.34962E-02  1.19203E-02  1.19203E-02  0.00000E+00            210.BI 83. 112  23
 224  8.17827E-02  1.23854E-02  1.23854E-02  0.00000E+00            210.BI 83. 113  24
 225  2.58427E-03  1.28363E-02  1.28363E-02  0.00000E+00            210.BI 83. 114  25
 226  3.86835E-03  1.29361E-02  1.29361E-02  0.00000E+00            210.BI 83. 115  26
 227  1.88024E-02  1.46160E-02  1.46160E-02  0.00000E+00            210.BI 83. 116  27
 228  2.27312E-02  1.47297E-02  1.47297E-02  0.00000E+00            210.BI 83. 117  28
 229  3.93071E-04  1.49236E-02  1.49236E-02  0.00000E+00            210.BI 83. 118  29
 230  6.20822E-04  1.49449E-02  1.49449E-02  0.00000E+00            210.BI 83. 119  30
 231  3.57886E-03  1.52310E-02  1.52310E-02  0.00000E+00            210.BI 83. 120  31
 232  4.22931E-03  1.52520E-02  1.52520E-02  0.00000E+00            210.BI 83. 121  32
 233  4.29814E-05  1.53076E-02  1.53076E-02  0.00000E+00            210.BI 83. 122  33
 234  6.68071E-05  1.53100E-02  1.53100E-02  0.00000E+00            210.BI 83. 123  34
 235  3.75706E-05  1.53245E-02  1.53245E-02  0.00000E+00            210.BI 83. 124  35
 236  3.33905E-05  1.53257E-02  1.53257E-02  0.00000E+00            210.BI 83. 125  36
 241  5.53960E-05  2.08600E-03  2.08600E-03  0.00000E+00            210.BI 83. 126  41
 242  4.98077E-02  1.10673E-02  1.10673E-02  0.00000E+00            210.BI 83. 127  42
 243  1.99294E-03  1.18014E-02  1.18014E-02  0.00000E+00            210.BI 83. 128  43
 244  1.83431E+00  1.22523E-02  1.22523E-02  0.00000E+00            210.BI 83. 129  44
 245  1.27864E-02  1.39146E-02  1.39146E-02  0.00000E+00            210.BI 83. 130  45
 246  5.48448E-04  1.41457E-02  1.41457E-02  0.00000E+00            210.BI 83. 131  46
 247  3.70463E-01  1.43397E-02  1.43397E-02  0.00000E+00            210.BI 83. 132  47
 248  1.48781E-03  1.46130E-02  1.46130E-02  0.00000E+00            210.BI 83. 133  48
 249  2.67817E-03  1.46068E-02  1.46068E-02  0.00000E+00            210.BI 83. 134  49
 250  1.09912E-04  1.46680E-02  1.46680E-02  0.00000E+00            210.BI 83. 135  50
 251  4.22681E-02  1.47236E-02  1.47236E-02  0.00000E+00            210.BI 83. 136  51
 253  3.10737E-04  1.47336E-02  1.47336E-02  0.00000E+00            210.BI 83. 137  53
 254  8.04409E-07  1.47417E-02  1.47417E-02  0.00000E+00            210.BI 83. 138  54
 261  1.55792E-01  8.98130E-03  8.98130E-03  0.00000E+00            210.BI 83. 139  61
 262  1.58977E-03  9.25030E-03  9.25030E-03  0.00000E+00            210.BI 83. 140  62
 263  1.43786E-03  9.71540E-03  9.71540E-03  0.00000E+00            210.BI 83. 141  63
 264  2.72240E-01  1.01663E-02  1.01663E-02  0.00000E+00            210.BI 83. 142  64
 265  2.39741E+00  1.02661E-02  1.02661E-02  0.00000E+00            210.BI 83. 143  65
 266  3.40927E-02  1.18286E-02  1.18286E-02  0.00000E+00            210.BI 83. 144  66
 267  3.59374E-04  1.19460E-02  1.19460E-02  0.00000E+00            210.BI 83. 145  67
 268  3.66218E-04  1.20597E-02  1.20597E-02  0.00000E+00            210.BI 83. 146  68
 269  5.05700E-02  1.22537E-02  1.22537E-02  0.00000E+00            210.BI 83. 147  69
 270  4.56740E-01  1.22749E-02  1.22749E-02  0.00000E+00            210.BI 83. 148  70
 271  3.78385E-04  1.25271E-02  1.25271E-02  0.00000E+00            210.BI 83. 149  71
 272  2.11435E-03  1.25318E-02  1.25318E-02  0.00000E+00            210.BI 83. 150  72
 273  7.33526E-03  1.25208E-02  1.25208E-02  0.00000E+00            210.BI 83. 151  73
 274  7.51490E-05  1.25610E-02  1.25610E-02  0.00000E+00            210.BI 83. 152  74
 275  7.69272E-05  1.25820E-02  1.25820E-02  0.00000E+00            210.BI 83. 153  75
 276  5.68924E-03  1.26376E-02  1.26376E-02  0.00000E+00            210.BI 83. 154  76
 277  5.00851E-02  1.26400E-02  1.26400E-02  0.00000E+00            210.BI 83. 155  77
 280  8.21589E-04  1.26476E-02  1.26476E-02  0.00000E+00            210.BI 83. 156  80
 281  6.97509E-07  1.26545E-02  1.26545E-02  0.00000E+00            210.BI 83. 157  81
 282  5.27867E-07  1.26557E-02  1.26557E-02  0.00000E+00            210.BI 83. 158  82
 291  8.66161E-01  2.30170E-03  2.30170E-03  0.00000E+00            210.BI 83. 159  91
 292  1.84995E-02  3.27102E-04  3.27102E-04  0.00000E+00            210.BI 83. 160  92
 293  1.42921E-04  6.77550E-05  6.77550E-05  0.00000E+00            210.BI 83. 161  93
 294  2.46520E+02  2.07407E-05  2.07407E-05  0.00000E+00            210.BI 83. 162  94
 7 1  3.38880E-01  5.72241E-02  5.72241E-02  0.00000E+00            210.BI 83. 163   1
 7 2  1.84408E-01  6.88063E-02  6.88063E-02  0.00000E+00            210.BI 83. 164   2
 7 3  2.41840E-02  8.04012E-02  8.04012E-02  0.00000E+00            210.BI 83. 165   3
 7 4  2.52875E+00  9.63070E-04  9.63070E-04  0.00000E+00            210.BI 83. 166   4
 7 5  6.67275E+00  7.89018E-03  7.89018E-03  0.00000E+00            210.BI 83. 167   5
 7 6  2.90480E+00  1.01834E-02  1.01834E-02  0.00000E+00            210.BI 83. 168   6
 7 7  3.03994E-01  1.25047E-02  1.25047E-02  0.00000E+00            210.BI 83. 169   7
 7 8  9.22781E+00  4.19701E-04  4.19701E-04  0.00000E+00            210.BI 83. 170   8
 7 9  2.22679E+01  1.86096E-03  1.86096E-03  0.00000E+00            210.BI 83. 171   9
 710  2.62362E+00  2.10728E-03  2.10728E-03  0.00000E+00            210.BI 83. 172  10
 711  1.31295E-01  2.47951E-03  2.47951E-03  0.00000E+00            210.BI 83. 173  11
 712  4.24249E+01  1.74676E-04  1.74676E-04  0.00000E+00            210.BI 83. 174  12
 713  8.08008E+01  7.57658E-05  7.57658E-05  0.00000E+00            210.BI 83. 175  13
 714  5.41122E+01  4.30313E-05  4.30313E-05  0.00000E+00            210.BI 83. 176  14
 715  4.92079E-02  9.84307E-05  9.84307E-05  0.00000E+00            210.BI 83. 177  15
%%%% 210 BI  83 M  A            9.59351E+13 3.04E+6 Y  02-11-2005       SEEIEND 
 


   ***************************************************** 
   *                 Radiation Summary                 * 
   ***************************************************** 
 
  Energy released by
    Gamma-ray                       (MeV) =   2.49980E-01
    X-ray                           (MeV) =   1.06689E-02
    Free-bound X-ray                (MeV) =   5.11298E-05
    Annihilation photon             (MeV) =   0.00000E+00
    Beta+ particle                  (MeV) =   0.00000E+00
    Neutrino                        (MeV) =   0.00000E+00
    Beta- particle                  (MeV) =   0.00000E+00
    Neutrino-                       (MeV) =   0.00000E+00
    Internal conv. electron         (MeV) =   4.56095E-02
    Auger and CK electron           (MeV) =   1.89524E-03
    Alpha particle                  (MeV) =   4.91100E+00
    Recoil nucleus                  (MeV) =   9.54212E-02
  E-total (except unplaced radiat.) (MeV) =   5.31462E+00
  E-unplaced radiation              (MeV) =   0.00000E+00
  Q-value from ENSDF data           (MeV) =   5.30900E+00
  Ratio of E-total/Q-value          ( % ) =   1.00106E+02
  Ratio of E-unplaced radi./Q-value ( % ) =   0.00000E+00

 
  Total yield of
    Gamma-ray                             =   8.36042E-01
    X-ray                                 =   2.02018E-01
    Free-bound X-ray                      =   2.46520E+00
    Annihilation photon                   =   0.00000E+00
    Beta+ particle                        =   0.00000E+00
    Beta- particle                        =   0.00000E+00
    Internal conv. electron               =   1.98342E-01
    Auger and CK electron                 =   2.24596E+00
    Alpha particle                        =   1.00000E+00
  Yield of unplaced radiation             =   0.00000E+00


