%%%% 212 BI  83    B- A         3.63300E+03  60.55 M   02-11-2005       BALASTAR
1 212   BI  83  60.55 M        B- A       
           WARNING:                                                                             
 212 PO 84  GAMMA-RAY ENERGY =   0.13000 MEV                                                    
           HALF-LIFE OF INITIAL LEVEL ASSOCIATED WITH GAMMA-RAY TOO SHORT TO BE                 
           CONSIDERED ISOMERIC, AND INTENSITY = 0.0                                             
           TRANSITION IGNORED                                                                   
           WARNING:                                                                             
 208 TL 81  GAMMA-RAY ENERGY =   0.57600 MEV                                                    
           HALF-LIFE OF INITIAL LEVEL ASSOCIATED WITH GAMMA-RAY TOO SHORT TO BE                 
           CONSIDERED ISOMERIC, AND INTENSITY = 0.0                                             
           TRANSITION IGNORED                                                                   
           WARNING:                                                                             
 208 TL 81  GAMMA-RAY ENERGY =   0.62000 MEV                                                    
           HALF-LIFE OF INITIAL LEVEL ASSOCIATED WITH GAMMA-RAY TOO SHORT TO BE                 
           CONSIDERED ISOMERIC, AND INTENSITY = 0.0                                             
           TRANSITION IGNORED                                                                   
1INTENSITY AND ENERGY BALANCE DATA

              212-BISMUTH-83
+                                    HALFLIFE = 60.55 MINUTES 
+                                                                  02-11-2005


    LEVEL       INTENSITY   INTENSITY
    ENERGY      ENTERING    LEAVING     PERCENT
    (MEV)       LEVEL       LEVEL       ERROR

   0.0000E+00  6.4063E+01
   7.2733E-01  6.6589E+00  6.6717E+00  1.9188E-01                      
   1.5127E+00  1.4349E+00  1.4366E+00  1.2278E-01                      
   1.6207E+00  1.8807E+00  1.8850E+00  2.2898E-01                      
   1.6795E+00  2.3060E-01  2.2774E-01  1.2487E+00                      
   1.8009E+00  3.5231E-02  3.0495E-02  1.4413E+01  ********************
   1.8060E+00  6.7260E-01  6.6387E-01  1.3052E+00                      
   0.0000E+00  3.7230E+01
   3.9857E-02  2.6006E+01  2.7275E+01  4.7636E+00                      
   3.2804E-01  6.3858E-01  6.5916E-01  3.1707E+00                      
   4.7340E-01  5.9194E-02  7.5948E-02  2.4794E+01  ********************
   4.9284E-01  4.2692E-01  4.1640E-01  2.4934E+00                      
   6.2100E-01  5.0226E-03  0.0000E+00  2.0000E+02  ********************
   7.5900E-01  3.5875E-04  0.0000E+00  2.0000E+02  ********************
   8.0300E-01  3.9463E-05  0.0000E+00  2.0000E+02  ********************


 INTENSITY TO GROUND AND ISOMERIC STATE(S) OF DAUGHTER(S)=  1.013E+02
 TOTAL INTENSITY FROM PARENT=  1.000E+02
 PERCENT ERROR =  1.276E+00                      


 TOTAL INTENSITY FROM PARENT =  1.000E+02
 VALUE IS WITHIN   1.53E-05% OF 100                      


 TOTAL ENERGY AVAILABLE =  3.671E+00 MEV
 TOTAL ENERGY CONTENT OF ALL RADIATIONS =  3.671E+00 MEV
 PERCENT ERROR =  1.259E-02                      
%%%% 212 BI  83    B- A         3.63300E+03  60.55 M   02-11-2005       BALAEND 
%%%% 212 BI  83    B- A         3.63300E+03  60.55 M   02-11-2005       INPUSTAR
1                                      **INPUT DATA**
              212-BISMUTH-83
+                                    HALFLIFE = 60.55 MINUTES 
+                                                                  02-11-2005

            MODES OF DECAY: BETA MINUS, ALPHA
 
                                MEAN
                                NUMBER/    TRANSITION
                TYPE OF    ID   TRANSFOR-  ENERGY
              TRANSITION   NO.  MATION     (MEV)       OTHER NUCLEAR PARAMETERS

               BETA MINUS   1   6.73E-03   4.420E-01*  FIRST FORBIDDEN                          
               BETA MINUS   2   3.52E-04   4.471E-01*  FIRST FORBIDDEN                          
               BETA MINUS   3   2.31E-03   5.686E-01*  FIRST FORBIDDEN                          
               BETA MINUS   4   1.87E-02   6.273E-01*  FIRST FORBIDDEN                          
               BETA MINUS   5   1.43E-02   7.353E-01*  FIRST FORBIDDEN                          
               BETA MINUS   6   4.36E-02   1.521E+00*  FIRST FORBIDDEN                          
               BETA MINUS   7   5.55E-01   2.248E+00*  FIRST FORBIDDEN                          
           I.C.E. + GAMMA   2   1.03E-04   1.802E-01   M1 MULTIPOLE                             
+                                                                    AK= 1.79                   
                                                       AL1=0.284     AL2=0.0283                 
                                                       AL3=0.00204   AM= 0.0745                 
                                                       AN+=0.0246                               
           I.C.E. + GAMMA   3   6.67E-02   7.273E-01   E2 MULTIPOLE                             
+                                                                    AK= 0.0106                 
                                                       AL1=0.00160                              
           I.C.E. + GAMMA   4   1.15E-02   7.854E-01   M1+E2 MULTIPOLE                          
                                                       MRS=0.00810   AK= 0.0338                 
                                                       AL1=0.00523   AM= 0.00135                
           I.C.E. + GAMMA   5   3.89E-03   8.934E-01   M1+E2 MULTIPOLE                          
                                                       MRS=0.000961  AK= 0.0244                 
                                                       AL1=0.00377                              
           I.C.E. + GAMMA   6   1.70E-03   9.521E-01   M1+E2 MULTIPOLE                          
                                                       MRS=0.422     AK= 0.0165                 
                                                       AL1=0.00253                              
           I.C.E. + GAMMA   7   1.61E-04   1.074E+00   E2 MULTIPOLE                             
+                                                                    AK= 0.00516                
           I.C.E. + GAMMA   8   5.74E-03   1.079E+00   M1+E2 MULTIPOLE                          
                                                       MRS=0.0182    AK= 0.0149                 
                                                       AL1=0.00229                              
           I.C.E. + GAMMA   9   2.89E-03   1.513E+00   E2 MULTIPOLE                             
+                                                                    AK= 0.00278                
           I.C.E. + GAMMA  10   1.50E-02   1.621E+00   M1 MULTIPOLE                             
+                                                                    AK= 0.00533                
           I.C.E. + GAMMA  11   5.78E-04   1.680E+00   E2 MULTIPOLE                             
+                                                                    AK= 0.00230                
           I.C.E. + GAMMA  12   4.10E-05   1.800E+00   E0 MULTIPOLE                             
                                                       K/L1/M/N+ =                              
                                                       100./16.4/3.85/1.26                      
           I.C.E. + GAMMA  13   8.99E-04   1.806E+00   E2 MULTIPOLE                             
+                                                                    AK= 0.00202                
                    ALPHA   1   3.95E-07   5.404E+00                                            
                    ALPHA   2   3.59E-06   5.448E+00                                            
                    ALPHA   3   5.02E-05   5.586E+00                                            
                    ALPHA   4   4.27E-03   5.714E+00                                            
                    ALPHA   5   5.92E-04   5.734E+00                                            
                    ALPHA   6   6.39E-03   5.879E+00                                            
                    ALPHA   7   2.51E-01   6.167E+00                                            
                    ALPHA   8   9.73E-02   6.207E+00                                            
           I.C.E. + GAMMA   1   2.73E-01   3.986E-02   M1 MULTIPOLE                             
+                                                                    AK= 0.0                    
                                                       AL1=17.0      AL2=1.67                   
                                                       AL3=0.161     AM= 4.40                   
                                                       AN+=1.40                                 
           I.C.E. + GAMMA   4   4.93E-03   2.882E-01   M1 MULTIPOLE                             
+                                                                    AK= 0.379                  
                                                       AL1=0.0579    AL2=0.00539                
                                                       AM= 0.0150    AN+=0.00475                
           I.C.E. + GAMMA   5   1.66E-03   3.280E-01   M1 MULTIPOLE                             
+                                                                    AK= 0.266                  
                                                       AL1=0.0407    AL2=0.00374                
                                                       AM= 0.0105    AN+=0.00333                
           I.C.E. + GAMMA   6   1.95E-04   4.337E-01   M1 MULTIPOLE                             
+                                                                    AK= 0.126                  
                                                       AL1=0.0192    AL2=0.00170                
                                                       AM= 0.00490   AN+=0.00156                
           I.C.E. + GAMMA   7   4.13E-03   4.530E-01   M1 MULTIPOLE                             
+                                                                    AK= 0.112                  
                                                       AL1=0.0171    AL2=0.00150                
                                                       AM= 0.00436   AN+=0.00139                
           I.C.E. + GAMMA   8   5.65E-04   4.730E-01   M1 MULTIPOLE                             
+                                                                    AK= 0.100                  
                                                       AL1=0.0152    AL2=0.00133                
                                                       AM= 0.00388   AN+=0.00124                
           I.C.E. + GAMMA   9   3.70E-05   4.933E-01   E2 MULTIPOLE                             
+                                                                    AK= 0.0209                 
                                                       AL1=0.00302   AL2=0.00245                
                                                       AM= 0.00159                              
 
           * ENDPOINT ENERGY (MEV)
           - - - - - - - - - -
           Reference: Evaluated Nuclear Structure Data File (ENSDF)
                DATE DATA WERE ENTERED INTO ENSDF: May-1992
%%%% 212 BI  83    B- A         3.63300E+03  60.55 M   02-11-2005       INPUEND 
%%%% 212 BI  83    B- A         3.63300E+03  60.55 M   02-11-2005       OUTPSTAR
1                                      **OUTPUT DATA**
              212-BISMUTH-83
+                                    HALFLIFE = 60.55 MINUTES 
+                                                                  02-11-2005

            MODES OF DECAY: BETA MINUS, ALPHA
 
                                              MEAN
                                              NUMBER/                  MEV/
                                         ID   TRANSFOR-   ENERGY       TRANSFOR-
                  TYPE OF RADIATION      NO.  MATION      (MEV)        MATION

           BETA MINUS                     1   6.73E-03    1.287E-01*   8.66E-04
           BETA MINUS                     4   1.87E-02    1.912E-01*   3.58E-03
           BETA MINUS                     5   1.43E-02    2.293E-01*   3.29E-03
           BETA MINUS                     6   4.36E-02    5.313E-01*   2.32E-02
           BETA MINUS                     7   5.55E-01    8.323E-01*   4.62E-01
           GAMMA-RAY                      3   6.58E-02    7.273E-01    4.79E-02
           GAMMA-RAY                      4   1.10E-02    7.854E-01    8.65E-03
           GAMMA-RAY                      5   3.78E-03    8.934E-01    3.38E-03
           GAMMA-RAY                      6   1.67E-03    9.521E-01    1.59E-03
           GAMMA-RAY                      7   1.60E-04    1.074E+00    1.72E-04
           GAMMA-RAY                      8   5.64E-03    1.079E+00    6.08E-03
           GAMMA-RAY                      9   2.88E-03    1.513E+00    4.36E-03
           GAMMA-RAY                     10   1.49E-02    1.621E+00    2.41E-02
           GAMMA-RAY                     11   5.77E-04    1.680E+00    9.68E-04
           GAMMA-RAY                     13   8.97E-04    1.806E+00    1.62E-03
           ALPHA                          4   4.27E-03    5.606E+00    2.39E-02
           RECOIL ATOM                        4.27E-03    1.079E-01    4.61E-04
           ALPHA                          5   5.92E-04    5.626E+00    3.33E-03
           RECOIL ATOM                        5.92E-04    1.083E-01    6.41E-05
           ALPHA                          6   6.39E-03    5.768E+00    3.68E-02
           RECOIL ATOM                        6.39E-03    1.110E-01    7.09E-04
           ALPHA                          7   2.51E-01    6.051E+00    1.52E+00
           RECOIL ATOM                        2.51E-01    1.164E-01    2.92E-02
           ALPHA                          8   9.73E-02    6.090E+00    5.93E-01
           RECOIL ATOM                        9.73E-02    1.172E-01    1.14E-02
           GAMMA-RAY                      1   1.06E-02    3.986E-02    4.24E-04
           L1 CONV. ELECTRON, GAMMA-RAY   1   1.81E-01    2.453E-02    4.44E-03
           M CONV. ELECTRON, GAMMA-RAY    1   4.68E-02    3.691E-02*   1.73E-03
           N+ CONV. ELECTRON, GAMMA-RAY   1   1.49E-02    3.986E-02*   5.95E-04
           GAMMA-RAY                      4   3.37E-03    2.882E-01    9.72E-04
           GAMMA-RAY                      5   1.25E-03    3.280E-01    4.11E-04
           GAMMA-RAY                      7   3.63E-03    4.530E-01    1.64E-03
           GAMMA-RAY                      8   5.03E-04    4.730E-01    2.38E-04
           L2-M4 X-RAY                        9.57E-03    1.225E-02    1.17E-04
           L3-M5 X-RAY                        3.16E-02    1.027E-02    3.24E-04
           AUGER LMM                          8.71E-02    7.930E-03*   6.91E-04
           AUGER MNN                          3.57E-01    1.856E-03*   6.62E-04
 
           ALL LISTED X-RAYS, GAMMA-RAYS AND ANNIHILATION RADIATION    1.03E-01
           ALL NEGLECTED X-RAYS, GAMMA-RAYS AND ANNIH. RADIATION**     8.81E-04
           ALL LISTED BETAS, INTERNAL CONVERSION AND AUGER ELECTRONS   5.01E-01
           ALL NEGLECTED BETAS, INT. CONVERSION AND AUGER ELECTRONS**  3.98E-03
           ALL LISTED ALPHA PARTICLES AND  RECOIL NUCLEI               2.22E+00
           ALL NEGLECTED ALPHA PARTICLES AND  RECOIL NUCLEI**          3.02E-04
           ALL LISTED RADIATIONS                                       2.82E+00
           ALL NEGLECTED RADIATIONS**                                  5.16E-03
 
           *  AVERAGE ENERGY (MEV)
           ** EACH NEGLECTED TRANSITION CONTRIBUTES LESS THAN  0.100%
              TO THE TOTAL MEV/TRANSFORMATION FOR THIS CATEGORY.
           TOTAL FEEDING OF GROUND STATE LEVEL IN 212-POLONIUM
             DAUGHTER IS 6.4060E-01 PER TRANSFORMATION OF 212-BISMUTH.
             DECAY OF THIS 0.299E-06 SECONDS HALFLIFE LEVEL WILL CONTRIBUTE TO DOSE
             .
           TOTAL FEEDING OF GROUND STATE LEVEL IN 208-THALLIUM
             DAUGHTER IS 3.5940E-01 PER TRANSFORMATION OF 212-BISMUTH.
             DECAY OF THIS 3.053 MINUTES HALFLIFE LEVEL WILL CONTRIBUTE TO DOSE.
           - - - - - - - - - -
           INPUT DATA SOURCE: EVALUATED NUCLEAR STRUCTURE DATA FILE (ENSDF)
             DATE INPUT DATA WERE ENTERED INTO ENSDF: May-1992
%%%% 212 BI  83    B- A         3.63300E+03  60.55 M   02-11-2005       OUTPEND 
%%%% 212 BI  83    B- A         3.63300E+03  60.55 M   02-11-2005       BETASTAR
1
              212-BISMUTH-83
+                                    HALFLIFE = 60.55 MINUTES 
+                                                                  02-11-2005

            BETA SPECTRUM DATA FOR ALL DECAY BRANCHES

                      BETAS PER                BETAS PER                BETAS PER
            ENERGY    MEV            ENERGY    MEV            ENERGY    MEV
            (MEV)     PER DECAY      (MEV)     PER DECAY      (MEV)     PER DECAY

            0.00000   4.049E-01      0.00280   4.051E-01      0.08500   4.307E-01
            0.00010   4.049E-01      0.00300   4.052E-01      0.09000   4.321E-01
            0.00011   4.049E-01      0.00320   4.052E-01      0.10000   4.348E-01
            0.00012   4.049E-01      0.00360   4.052E-01      0.11000   4.373E-01
            0.00013   4.049E-01      0.00400   4.052E-01      0.12000   4.396E-01
            0.00014   4.049E-01      0.00450   4.053E-01      0.13000   4.417E-01
            0.00015   4.049E-01      0.00500   4.053E-01      0.14000   4.437E-01
            0.00016   4.049E-01      0.00550   4.053E-01      0.15000   4.455E-01
            0.00018   4.049E-01      0.00600   4.054E-01      0.16000   4.471E-01
            0.00020   4.049E-01      0.00650   4.054E-01      0.18000   4.499E-01
            0.00022   4.049E-01      0.00700   4.054E-01      0.20000   4.521E-01
            0.00024   4.049E-01      0.00750   4.055E-01      0.22000   4.538E-01
            0.00026   4.049E-01      0.00800   4.055E-01      0.24000   4.550E-01
            0.00028   4.049E-01      0.00850   4.055E-01      0.26000   4.557E-01
            0.00030   4.049E-01      0.00900   4.056E-01      0.28000   4.560E-01
            0.00032   4.049E-01      0.01000   4.056E-01      0.30000   4.560E-01
            0.00036   4.049E-01      0.01100   4.057E-01      0.32000   4.556E-01
            0.00040   4.050E-01      0.01200   4.058E-01      0.36000   4.543E-01
            0.00045   4.050E-01      0.01300   4.058E-01      0.40000   4.524E-01
            0.00050   4.050E-01      0.01400   4.059E-01      0.45000   4.503E-01
            0.00055   4.050E-01      0.01500   4.059E-01      0.50000   4.478E-01
            0.00060   4.050E-01      0.01600   4.060E-01      0.55000   4.448E-01
            0.00065   4.050E-01      0.01800   4.070E-01      0.60000   4.421E-01
            0.00070   4.050E-01      0.02000   4.078E-01      0.65000   4.399E-01
            0.00075   4.050E-01      0.02200   4.087E-01      0.70000   4.367E-01
            0.00080   4.050E-01      0.02400   4.095E-01      0.75000   4.324E-01
            0.00085   4.050E-01      0.02600   4.103E-01      0.80000   4.263E-01
            0.00090   4.050E-01      0.02800   4.111E-01      0.85000   4.183E-01
            0.00100   4.050E-01      0.03000   4.119E-01      0.90000   4.084E-01
            0.00110   4.050E-01      0.03200   4.127E-01      1.00000   3.836E-01
            0.00120   4.050E-01      0.03600   4.143E-01      1.10000   3.529E-01
            0.00130   4.050E-01      0.04000   4.158E-01      1.20000   3.177E-01
            0.00140   4.050E-01      0.04500   4.177E-01      1.30000   2.793E-01
            0.00150   4.050E-01      0.05000   4.195E-01      1.40000   2.394E-01
            0.00160   4.050E-01      0.05500   4.213E-01      1.50000   1.996E-01
            0.00180   4.051E-01      0.06000   4.230E-01      1.60000   1.609E-01
            0.00200   4.051E-01      0.06500   4.246E-01      1.80000   8.786E-02
            0.00220   4.051E-01      0.07000   4.262E-01      2.00000   3.039E-02
            0.00240   4.051E-01      0.07500   4.278E-01      2.20000   1.272E-03
            0.00260   4.051E-01      0.08000   4.293E-01      2.24800   0.000E+00

            AVERAGE BETA ENERGY =   7.694E-01

            TOTAL BETAS PER DECAY FOR ALL BRANCHES =   6.406E-01
%%%% 212 BI  83    B- A         3.63300E+03  60.55 M   02-11-2005       BETAEND 
%%%% 212 BI  83    B- A         3.63300E+03  60.55 M   02-11-2005       SEEISTAR
212.  BISMUTH      83.  6.055E+01 MINUTES  313 B- A                 212.BI 83.   0
 5 1  6.72596E-01  1.28719E-01  4.42040E-01  0.00000E+00            212.BI 83.   1   1
 5 2  3.52312E-02  1.30370E-01  4.47100E-01  0.00000E+00            212.BI 83.   2   2
 5 3  2.30604E-01  1.70951E-01  5.68550E-01  0.00000E+00            212.BI 83.   3   3
 5 4  1.87046E+00  1.91176E-01  6.27262E-01  0.00000E+00            212.BI 83.   4   4
 5 5  1.43487E+00  2.29311E-01  7.35300E-01  0.00000E+00            212.BI 83.   5   5
 5 6  4.36227E+00  5.31335E-01  1.52067E+00  0.00000E+00            212.BI 83.   6   6
 5 7  5.54540E+01  8.32328E-01  2.24800E+00  0.00000E+00            212.BI 83.   7   7
 1 2  3.20300E-03  1.80200E-01  1.80200E-01  0.00000E+00            212.BI 83.   8   2
 6 1  5.74743E-03  8.67760E-02  8.67760E-02  2.00000E+00            212.BI 83.   9   1
 6 5  9.10406E-04  1.63282E-01  1.63282E-01  2.00000E+00            212.BI 83.  10   5
 6 6  9.08041E-05  1.63903E-01  1.63903E-01  2.00000E+00            212.BI 83.  11   6
 6 7  6.53091E-06  1.66383E-01  1.66383E-01  2.00000E+00            212.BI 83.  12   7
 6 3  2.38576E-04  1.76919E-01  1.76919E-01  2.00000E+00            212.BI 83.  13   3
 6 4  7.88713E-05  1.80200E-01  1.80200E-01  2.00000E+00            212.BI 83.  14   4
 1 3  6.57896E+00  7.27330E-01  7.27330E-01  0.00000E+00            212.BI 83.  15   3
 6 1  6.99739E-02  6.33906E-01  6.33906E-01  3.00000E+00            212.BI 83.  16   1
 6 5  1.05489E-02  7.10412E-01  7.10412E-01  3.00000E+00            212.BI 83.  17   5
 6 6  5.10342E-03  7.11033E-01  7.11033E-01  3.00000E+00            212.BI 83.  18   6
 6 7  1.49613E-03  7.13513E-01  7.13513E-01  3.00000E+00            212.BI 83.  19   7
 6 3  4.21117E-03  7.24049E-01  7.24049E-01  3.00000E+00            212.BI 83.  20   3
 6 4  1.37277E-03  7.27330E-01  7.27330E-01  3.00000E+00            212.BI 83.  21   4
 1 4  1.10183E+00  7.85370E-01  7.85370E-01  0.00000E+00            212.BI 83.  22   4
 6 1  3.72788E-02  6.91946E-01  6.91946E-01  4.00000E+00            212.BI 83.  23   1
 6 5  5.76459E-03  7.68452E-01  7.68452E-01  4.00000E+00            212.BI 83.  24   5
 6 6  4.93167E-04  7.69073E-01  7.69073E-01  4.00000E+00            212.BI 83.  25   6
 6 7  3.55465E-05  7.71553E-01  7.71553E-01  4.00000E+00            212.BI 83.  26   7
 6 3  1.48545E-03  7.82089E-01  7.82089E-01  4.00000E+00            212.BI 83.  27   3
 6 4  4.89958E-04  7.85370E-01  7.85370E-01  4.00000E+00            212.BI 83.  28   4
 1 5  3.77954E-01  8.93408E-01  8.93408E-01  0.00000E+00            212.BI 83.  29   5
 6 1  9.22706E-03  7.99984E-01  7.99984E-01  5.00000E+00            212.BI 83.  30   1
 6 5  1.42399E-03  8.76490E-01  8.76490E-01  5.00000E+00            212.BI 83.  31   5
 6 6  1.17437E-04  8.77111E-01  8.77111E-01  5.00000E+00            212.BI 83.  32   6
 6 7  8.44251E-06  8.79591E-01  8.79591E-01  5.00000E+00            212.BI 83.  33   7
 6 3  3.65514E-04  8.90127E-01  8.90127E-01  5.00000E+00            212.BI 83.  34   3
 6 4  1.20668E-04  8.93408E-01  8.93408E-01  5.00000E+00            212.BI 83.  35   4
 1 6  1.66556E-01  9.52120E-01  9.52120E-01  0.00000E+00            212.BI 83.  36   6
 6 1  2.74783E-03  8.58696E-01  8.58696E-01  6.00000E+00            212.BI 83.  37   1
 6 5  4.21896E-04  9.35202E-01  9.35202E-01  6.00000E+00            212.BI 83.  38   5
 6 6  4.54068E-05  9.35823E-01  9.35823E-01  6.00000E+00            212.BI 83.  39   6
 6 7  6.14330E-06  9.38303E-01  9.38303E-01  6.00000E+00            212.BI 83.  40   7
 6 3  1.11983E-04  9.48839E-01  9.48839E-01  6.00000E+00            212.BI 83.  41   3
 6 4  3.69343E-05  9.52120E-01  9.52120E-01  6.00000E+00            212.BI 83.  42   4
 1 7  1.60150E-02  1.07360E+00  1.07360E+00  0.00000E+00            212.BI 83.  43   7
 6 1  8.26844E-05  9.80176E-01  9.80176E-01  7.00000E+00            212.BI 83.  44   1
 6 5  1.22103E-05  1.05668E+00  1.05668E+00  7.00000E+00            212.BI 83.  45   5
 6 6  3.24508E-06  1.05730E+00  1.05730E+00  7.00000E+00            212.BI 83.  46   6
 6 7  8.15255E-07  1.05978E+00  1.05978E+00  7.00000E+00            212.BI 83.  47   7
 6 3  3.90456E-06  1.07032E+00  1.07032E+00  7.00000E+00            212.BI 83.  48   3
 6 4  1.27960E-06  1.07360E+00  1.07360E+00  7.00000E+00            212.BI 83.  49   4
 1 8  5.63728E-01  1.07862E+00  1.07862E+00  0.00000E+00            212.BI 83.  50   8
 6 1  8.39666E-03  9.85196E-01  9.85196E-01  8.00000E+00            212.BI 83.  51   1
 6 5  1.29295E-03  1.06170E+00  1.06170E+00  8.00000E+00            212.BI 83.  52   5
 6 6  1.02990E-04  1.06232E+00  1.06232E+00  8.00000E+00            212.BI 83.  53   6
 6 7  8.15758E-06  1.06480E+00  1.06480E+00  8.00000E+00            212.BI 83.  54   7
 6 3  3.30696E-04  1.07534E+00  1.07534E+00  8.00000E+00            212.BI 83.  55   3
 6 4  1.09234E-04  1.07862E+00  1.07862E+00  8.00000E+00            212.BI 83.  56   4
 1 9  2.88270E-01  1.51270E+00  1.51270E+00  0.00000E+00            212.BI 83.  57   9
 6 1  8.00716E-04  1.41928E+00  1.41928E+00  9.00000E+00            212.BI 83.  58   1
 6 5  1.16963E-04  1.49578E+00  1.49578E+00  9.00000E+00            212.BI 83.  59   5
 6 6  1.93453E-05  1.49640E+00  1.49640E+00  9.00000E+00            212.BI 83.  60   6
 6 7  4.51644E-06  1.49888E+00  1.49888E+00  9.00000E+00            212.BI 83.  61   7
 6 3  3.33794E-05  1.50942E+00  1.50942E+00  9.00000E+00            212.BI 83.  62   3
 6 4  1.08395E-05  1.51270E+00  1.51270E+00  9.00000E+00            212.BI 83.  63   4
 110  1.48619E+00  1.62050E+00  1.62050E+00  0.00000E+00            212.BI 83.  64  10
 6 1  7.92143E-03  1.52708E+00  1.52708E+00  1.00000E+01            212.BI 83.  65   1
 6 5  1.21543E-03  1.60358E+00  1.60358E+00  1.00000E+01            212.BI 83.  66   5
 6 6  8.41716E-05  1.60420E+00  1.60420E+00  1.00000E+01            212.BI 83.  67   6
 6 7  7.90448E-06  1.60668E+00  1.60668E+00  1.00000E+01            212.BI 83.  68   7
 6 3  3.06797E-04  1.61722E+00  1.61722E+00  1.00000E+01            212.BI 83.  69   3
 6 4  1.00887E-04  1.62050E+00  1.62050E+00  1.00000E+01            212.BI 83.  70   4
 111  5.76540E-02  1.67970E+00  1.67970E+00  0.00000E+00            212.BI 83.  71  11
 6 1  1.32748E-04  1.58628E+00  1.58628E+00  1.10000E+01            212.BI 83.  72   1
 6 5  1.93544E-05  1.66278E+00  1.66278E+00  1.10000E+01            212.BI 83.  73   5
 6 6  2.79853E-06  1.66340E+00  1.66340E+00  1.10000E+01            212.BI 83.  74   6
 6 7  6.49032E-07  1.66588E+00  1.66588E+00  1.10000E+01            212.BI 83.  75   7
 6 3  5.39293E-06  1.67642E+00  1.67642E+00  1.10000E+01            212.BI 83.  76   3
 6 4  1.74290E-06  1.67970E+00  1.67970E+00  1.10000E+01            212.BI 83.  77   4
 112  0.00000E+00  1.80020E+00  1.80020E+00  0.00000E+00            212.BI 83.  78  12
 6 1  3.37301E-03  1.70678E+00  1.70678E+00  1.20000E+01            212.BI 83.  79   1
 6 5  5.54267E-04  1.78328E+00  1.78328E+00  1.20000E+01            212.BI 83.  80   5
 6 3  1.29947E-04  1.79692E+00  1.79692E+00  1.20000E+01            212.BI 83.  81   3
 6 4  4.26164E-05  1.80020E+00  1.80020E+00  1.20000E+01            212.BI 83.  82   4
 113  8.96840E-02  1.80600E+00  1.80600E+00  0.00000E+00            212.BI 83.  83  13
 6 1  1.81381E-04  1.71258E+00  1.71258E+00  1.30000E+01            212.BI 83.  84   1
 6 5  2.64223E-05  1.78908E+00  1.78908E+00  1.30000E+01            212.BI 83.  85   5
 6 6  3.49125E-06  1.78970E+00  1.78970E+00  1.30000E+01            212.BI 83.  86   6
 6 7  8.10021E-07  1.79218E+00  1.79218E+00  1.30000E+01            212.BI 83.  87   7
 6 3  7.25862E-06  1.80272E+00  1.80272E+00  1.30000E+01            212.BI 83.  88   3
 6 4  2.33640E-06  1.80600E+00  1.80600E+00  1.30000E+01            212.BI 83.  89   4
 2 1  4.13449E-02  7.71271E-02  7.71271E-02  0.00000E+00            212.BI 83.  90   1
 2 2  6.88240E-02  7.96070E-02  7.96070E-02  0.00000E+00            212.BI 83.  91   2
 2 3  7.72534E-03  8.95836E-02  8.95836E-02  0.00000E+00            212.BI 83.  92   3
 2 4  1.49904E-02  9.01425E-02  9.01425E-02  0.00000E+00            212.BI 83.  93   4
 2 5  2.22061E-04  9.06207E-02  9.06207E-02  0.00000E+00            212.BI 83.  94   5
 2 6  2.65733E-04  9.07388E-02  9.07388E-02  0.00000E+00            212.BI 83.  95   6
 2 7  1.86266E-03  9.25794E-02  9.25794E-02  0.00000E+00            212.BI 83.  96   7
 2 8  3.67692E-03  9.27190E-02  9.27190E-02  0.00000E+00            212.BI 83.  97   8
 2 9  6.03668E-05  9.29283E-02  9.29283E-02  0.00000E+00            212.BI 83.  98   9
 210  7.21978E-05  9.29543E-02  9.29543E-02  0.00000E+00            212.BI 83.  99  10
 211  4.36335E-04  9.32881E-02  9.32881E-02  0.00000E+00            212.BI 83. 100  11
 212  8.39178E-04  9.33164E-02  9.33164E-02  0.00000E+00            212.BI 83. 101  12
 213  8.95830E-06  9.33820E-02  9.33820E-02  0.00000E+00            212.BI 83. 102  13
 214  1.05201E-05  9.33856E-02  9.33856E-02  0.00000E+00            212.BI 83. 103  14
 215  2.70984E-05  9.34137E-02  9.34137E-02  0.00000E+00            212.BI 83. 104  15
 216  4.46895E-05  9.34163E-02  9.34163E-02  0.00000E+00            212.BI 83. 105  16
 221  3.08563E-07  6.21000E-04  6.21000E-04  0.00000E+00            212.BI 83. 106  21
 222  9.53557E-05  3.10101E-03  3.10101E-03  0.00000E+00            212.BI 83. 107  22
 223  9.40523E-04  1.30778E-02  1.30778E-02  0.00000E+00            212.BI 83. 108  23
 224  9.86889E-04  1.36365E-02  1.36365E-02  0.00000E+00            212.BI 83. 109  24
 225  3.57528E-05  1.41145E-02  1.41145E-02  0.00000E+00            212.BI 83. 110  25
 226  5.34696E-05  1.42329E-02  1.42329E-02  0.00000E+00            212.BI 83. 111  26
 227  2.44652E-04  1.60737E-02  1.60737E-02  0.00000E+00            212.BI 83. 112  27
 228  2.82392E-04  1.62131E-02  1.62131E-02  0.00000E+00            212.BI 83. 113  28
 229  5.60995E-06  1.64225E-02  1.64225E-02  0.00000E+00            212.BI 83. 114  29
 230  8.90217E-06  1.64484E-02  1.64484E-02  0.00000E+00            212.BI 83. 115  30
 231  5.05949E-05  1.67823E-02  1.67823E-02  0.00000E+00            212.BI 83. 116  31
 232  5.78228E-05  1.68105E-02  1.68105E-02  0.00000E+00            212.BI 83. 117  32
 233  7.45814E-07  1.68759E-02  1.68759E-02  0.00000E+00            212.BI 83. 118  33
 234  1.17827E-06  1.68795E-02  1.68795E-02  0.00000E+00            212.BI 83. 119  34
 235  3.62113E-06  1.69078E-02  1.69078E-02  0.00000E+00            212.BI 83. 120  35
 236  3.54565E-06  1.69106E-02  1.69106E-02  0.00000E+00            212.BI 83. 121  36
 241  7.31241E-07  2.48000E-03  2.48000E-03  0.00000E+00            212.BI 83. 122  41
 242  4.73279E-04  1.21694E-02  1.21694E-02  0.00000E+00            212.BI 83. 123  42
 243  2.04031E-05  1.30155E-02  1.30155E-02  0.00000E+00            212.BI 83. 124  43
 244  1.73002E-02  1.34935E-02  1.34935E-02  0.00000E+00            212.BI 83. 125  44
 245  1.23445E-04  1.53254E-02  1.53254E-02  0.00000E+00            212.BI 83. 126  45
 246  5.76126E-06  1.55921E-02  1.55921E-02  0.00000E+00            212.BI 83. 127  46
 247  3.61203E-03  1.58015E-02  1.58015E-02  0.00000E+00            212.BI 83. 128  47
 248  1.66845E-05  1.61015E-02  1.61015E-02  0.00000E+00            212.BI 83. 129  48
 249  2.74548E-05  1.61156E-02  1.61156E-02  0.00000E+00            212.BI 83. 130  49
 250  1.18997E-06  1.61894E-02  1.61894E-02  0.00000E+00            212.BI 83. 131  50
 251  5.10998E-04  1.62548E-02  1.62548E-02  0.00000E+00            212.BI 83. 132  51
 253  4.14168E-06  1.62767E-02  1.62767E-02  0.00000E+00            212.BI 83. 133  53
 254  7.21492E-08  1.62896E-02  1.62896E-02  0.00000E+00            212.BI 83. 134  54
 261  1.62883E-03  9.68940E-03  9.68940E-03  0.00000E+00            212.BI 83. 135  61
 262  1.80669E-05  9.97683E-03  9.97683E-03  0.00000E+00            212.BI 83. 136  62
 263  1.63386E-05  1.05355E-02  1.05355E-02  0.00000E+00            212.BI 83. 137  63
 264  2.84788E-03  1.10135E-02  1.10135E-02  0.00000E+00            212.BI 83. 138  64
 265  2.50640E-02  1.11319E-02  1.11319E-02  0.00000E+00            212.BI 83. 139  65
 266  3.78019E-04  1.28454E-02  1.28454E-02  0.00000E+00            212.BI 83. 140  66
 267  4.08272E-06  1.29727E-02  1.29727E-02  0.00000E+00            212.BI 83. 141  67
 268  4.23898E-06  1.31120E-02  1.31120E-02  0.00000E+00            212.BI 83. 142  68
 269  5.42238E-04  1.33214E-02  1.33214E-02  0.00000E+00            212.BI 83. 143  69
 270  4.91399E-03  1.33474E-02  1.33474E-02  0.00000E+00            212.BI 83. 144  70
 271  4.78438E-06  1.36215E-02  1.36215E-02  0.00000E+00            212.BI 83. 145  71
 272  2.66584E-05  1.36277E-02  1.36277E-02  0.00000E+00            212.BI 83. 146  72
 273  8.46178E-05  1.36357E-02  1.36357E-02  0.00000E+00            212.BI 83. 147  73
 274  8.59265E-07  1.36813E-02  1.36813E-02  0.00000E+00            212.BI 83. 148  74
 275  9.09311E-07  1.37095E-02  1.37095E-02  0.00000E+00            212.BI 83. 149  75
 276  7.54691E-05  1.37748E-02  1.37748E-02  0.00000E+00            212.BI 83. 150  76
 277  6.75477E-04  1.37785E-02  1.37785E-02  0.00000E+00            212.BI 83. 151  77
 280  1.25529E-05  1.37967E-02  1.37967E-02  0.00000E+00            212.BI 83. 152  80
 281  5.83264E-08  1.38067E-02  1.38067E-02  0.00000E+00            212.BI 83. 153  81
 282  5.20413E-08  1.38096E-02  1.38096E-02  0.00000E+00            212.BI 83. 154  82
 291  9.31947E-03  2.54232E-03  2.54232E-03  0.00000E+00            212.BI 83. 155  91
 292  2.01574E-04  3.69761E-04  3.69761E-04  0.00000E+00            212.BI 83. 156  92
 293  2.79765E-06  8.54056E-05  8.54056E-05  0.00000E+00            212.BI 83. 157  93
 294  2.19346E+00  3.84122E-05  3.84122E-05  0.00000E+00            212.BI 83. 158  94
 7 1  3.35374E-03  6.18768E-02  6.18768E-02  0.00000E+00            212.BI 83. 159   1
 7 2  1.85187E-03  7.46184E-02  7.46184E-02  0.00000E+00            212.BI 83. 160   2
 7 3  2.46768E-04  8.73736E-02  8.73736E-02  0.00000E+00            212.BI 83. 161   3
 7 4  2.51691E-02  1.12884E-03  1.12884E-03  0.00000E+00            212.BI 83. 162   4
 7 5  5.81504E-02  8.46418E-03  8.46418E-03  0.00000E+00            212.BI 83. 163   5
 7 6  2.65649E-02  1.10148E-02  1.10148E-02  0.00000E+00            212.BI 83. 164   6
 7 7  2.89168E-03  1.35935E-02  1.35935E-02  0.00000E+00            212.BI 83. 165   7
 7 8  8.44957E-02  4.33207E-04  4.33207E-04  0.00000E+00            212.BI 83. 166   8
 7 9  1.99701E-01  2.01478E-03  2.01478E-03  0.00000E+00            212.BI 83. 167   9
 710  2.74808E-02  2.30801E-03  2.30801E-03  0.00000E+00            212.BI 83. 168  10
 711  1.43332E-03  2.73762E-03  2.73762E-03  0.00000E+00            212.BI 83. 169  11
 712  3.67645E-01  1.74651E-04  1.74651E-04  0.00000E+00            212.BI 83. 170  12
 713  6.83312E-01  9.70601E-05  9.70601E-05  0.00000E+00            212.BI 83. 171  13
 714  5.23795E-01  3.94626E-05  3.94626E-05  0.00000E+00            212.BI 83. 172  14
 715  1.32589E-03  1.22116E-04  1.22116E-04  0.00000E+00            212.BI 83. 173  15
 8 1  3.94629E-05  5.30217E+00  1.02031E-01  0.00000E+00            212.BI 83. 174   1
 8 2  3.58754E-04  5.34534E+00  1.02862E-01  0.00000E+00            212.BI 83. 175   2
 8 3  5.02255E-03  5.48073E+00  1.05467E-01  0.00000E+00            212.BI 83. 176   3
 8 4  4.26917E-01  5.60647E+00  1.07887E-01  0.00000E+00            212.BI 83. 177   4
 8 5  5.91944E-02  5.62555E+00  1.08254E-01  0.00000E+00            212.BI 83. 178   5
 8 6  6.38582E-01  5.76816E+00  1.10998E-01  0.00000E+00            212.BI 83. 179   6
 8 7  2.50805E+01  6.05090E+00  1.16439E-01  0.00000E+00            212.BI 83. 180   7
 8 8  9.72941E+00  6.09001E+00  1.17192E-01  0.00000E+00            212.BI 83. 181   8
 1 1  1.06382E+00  3.98570E-02  3.98570E-02  0.00000E+00            212.BI 83. 182   1
 6 5  1.80918E+01  2.45270E-02  2.45270E-02  1.00000E+00            212.BI 83. 183   5
 6 6  1.77185E+00  2.51110E-02  2.51110E-02  1.00000E+00            212.BI 83. 184   6
 6 7  1.71161E-01  2.71970E-02  2.71970E-02  1.00000E+00            212.BI 83. 185   7
 6 3  4.68236E+00  3.69124E-02  3.69124E-02  1.00000E+00            212.BI 83. 186   3
 6 4  1.49371E+00  3.98570E-02  3.98570E-02  1.00000E+00            212.BI 83. 187   4
 1 4  3.37117E-01  2.88200E-01  2.88200E-01  0.00000E+00            212.BI 83. 188   4
 6 1  1.27725E-01  2.02402E-01  2.02402E-01  4.00000E+00            212.BI 83. 189   1
 6 5  1.95101E-02  2.72870E-01  2.72870E-01  4.00000E+00            212.BI 83. 190   5
 6 6  1.81755E-03  2.73454E-01  2.73454E-01  4.00000E+00            212.BI 83. 191   6
 6 7  1.46043E-04  2.75540E-01  2.75540E-01  4.00000E+00            212.BI 83. 192   7
 6 3  5.04166E-03  2.85255E-01  2.85255E-01  4.00000E+00            212.BI 83. 193   3
 6 4  1.60007E-03  2.88200E-01  2.88200E-01  4.00000E+00            212.BI 83. 194   4
 1 5  1.25431E-01  3.28030E-01  3.28030E-01  0.00000E+00            212.BI 83. 195   5
 6 1  3.34267E-02  2.42232E-01  2.42232E-01  5.00000E+00            212.BI 83. 196   1
 6 5  5.10125E-03  3.12700E-01  3.12700E-01  5.00000E+00            212.BI 83. 197   5
 6 6  4.68944E-04  3.13284E-01  3.13284E-01  5.00000E+00            212.BI 83. 198   6
 6 7  3.73737E-05  3.15370E-01  3.15370E-01  5.00000E+00            212.BI 83. 199   7
 6 3  1.31572E-03  3.25085E-01  3.25085E-01  5.00000E+00            212.BI 83. 200   3
 6 4  4.17270E-04  3.28030E-01  3.28030E-01  5.00000E+00            212.BI 83. 201   4
 1 6  1.68918E-02  4.33700E-01  4.33700E-01  0.00000E+00            212.BI 83. 202   6
 6 1  2.13228E-03  3.47902E-01  3.47902E-01  6.00000E+00            212.BI 83. 203   1
 6 5  3.24108E-04  4.18370E-01  4.18370E-01  6.00000E+00            212.BI 83. 204   5
 6 6  2.87146E-05  4.18954E-01  4.18954E-01  6.00000E+00            212.BI 83. 205   6
 6 7  2.27228E-06  4.21040E-01  4.21040E-01  6.00000E+00            212.BI 83. 206   7
 6 3  8.28199E-05  4.30755E-01  4.30755E-01  6.00000E+00            212.BI 83. 207   3
 6 4  2.63670E-05  4.33700E-01  4.33700E-01  6.00000E+00            212.BI 83. 208   4
 1 7  3.62994E-01  4.52980E-01  4.52980E-01  0.00000E+00            212.BI 83. 209   7
 6 1  4.08317E-02  3.67182E-01  3.67182E-01  7.00000E+00            212.BI 83. 210   1
 6 5  6.20200E-03  4.37650E-01  4.37650E-01  7.00000E+00            212.BI 83. 211   5
 6 6  5.45863E-04  4.38234E-01  4.38234E-01  7.00000E+00            212.BI 83. 212   6
 6 7  4.32064E-05  4.40320E-01  4.40320E-01  7.00000E+00            212.BI 83. 213   7
 6 3  1.58262E-03  4.50035E-01  4.50035E-01  7.00000E+00            212.BI 83. 214   3
 6 4  5.04165E-04  4.52980E-01  4.52980E-01  7.00000E+00            212.BI 83. 215   4
 1 8  5.03160E-02  4.73000E-01  4.73000E-01  0.00000E+00            212.BI 83. 216   8
 6 1  5.04767E-03  3.87202E-01  3.87202E-01  8.00000E+00            212.BI 83. 217   1
 6 5  7.66087E-04  4.57670E-01  4.57670E-01  8.00000E+00            212.BI 83. 218   5
 6 6  6.69811E-05  4.58254E-01  4.58254E-01  8.00000E+00            212.BI 83. 219   6
 6 7  5.30411E-06  4.60340E-01  4.60340E-01  8.00000E+00            212.BI 83. 220   7
 6 3  1.95320E-04  4.70055E-01  4.70055E-01  8.00000E+00            212.BI 83. 221   3
 6 4  6.22392E-05  4.73000E-01  4.73000E-01  8.00000E+00            212.BI 83. 222   4
 1 9  3.59400E-03  4.93300E-01  4.93300E-01  0.00000E+00            212.BI 83. 223   9
 6 1  7.51675E-05  4.07502E-01  4.07502E-01  9.00000E+00            212.BI 83. 224   1
 6 5  1.08703E-05  4.77970E-01  4.77970E-01  9.00000E+00            212.BI 83. 225   5
 6 6  8.80543E-06  4.78554E-01  4.78554E-01  9.00000E+00            212.BI 83. 226   6
 6 7  3.41279E-06  4.80640E-01  4.80640E-01  9.00000E+00            212.BI 83. 227   7
 6 3  5.72950E-06  4.90355E-01  4.90355E-01  9.00000E+00            212.BI 83. 228   3
 6 4  1.78305E-06  4.93300E-01  4.93300E-01  9.00000E+00            212.BI 83. 229   4
 2 1  5.88942E-02  7.10519E-02  7.10519E-02  0.00000E+00            212.BI 83. 230   1
 2 2  9.93568E-02  7.31380E-02  7.31380E-02  0.00000E+00            212.BI 83. 231   2
 2 3  1.10235E-02  8.23883E-02  8.23883E-02  0.00000E+00            212.BI 83. 232   3
 2 4  2.13403E-02  8.28534E-02  8.28534E-02  0.00000E+00            212.BI 83. 233   4
 2 5  2.92411E-04  8.33045E-02  8.33045E-02  0.00000E+00            212.BI 83. 234   5
 2 6  3.55789E-04  8.34039E-02  8.34039E-02  0.00000E+00            212.BI 83. 235   6
 2 7  2.61318E-03  8.50837E-02  8.50837E-02  0.00000E+00            212.BI 83. 236   7
 2 8  5.12674E-03  8.51979E-02  8.51979E-02  0.00000E+00            212.BI 83. 237   8
 2 9  7.68657E-05  8.53917E-02  8.53917E-02  0.00000E+00            212.BI 83. 238   9
 210  9.33579E-05  8.54128E-02  8.54128E-02  0.00000E+00            212.BI 83. 239  10
 211  6.05744E-04  8.56991E-02  8.56991E-02  0.00000E+00            212.BI 83. 240  11
 212  1.18153E-03  8.57200E-02  8.57200E-02  0.00000E+00            212.BI 83. 241  12
 213  9.11400E-06  8.57755E-02  8.57755E-02  0.00000E+00            212.BI 83. 242  13
 214  1.07551E-05  8.57781E-02  8.57781E-02  0.00000E+00            212.BI 83. 243  14
 215  5.14118E-06  8.57925E-02  8.57925E-02  0.00000E+00            212.BI 83. 244  15
 216  7.31726E-06  8.57936E-02  8.57936E-02  0.00000E+00            212.BI 83. 245  16
 221  2.05471E-04  5.84000E-04  5.84000E-04  0.00000E+00            212.BI 83. 246  21
 222  4.79231E-02  2.67000E-03  2.67000E-03  0.00000E+00            212.BI 83. 247  22
 223  5.55535E-01  1.19203E-02  1.19203E-02  0.00000E+00            212.BI 83. 248  23
 224  6.18170E-01  1.23854E-02  1.23854E-02  0.00000E+00            212.BI 83. 249  24
 225  1.95337E-02  1.28363E-02  1.28363E-02  0.00000E+00            212.BI 83. 250  25
 226  2.92397E-02  1.29361E-02  1.29361E-02  0.00000E+00            212.BI 83. 251  26
 227  1.42121E-01  1.46160E-02  1.46160E-02  0.00000E+00            212.BI 83. 252  27
 228  1.71818E-01  1.47297E-02  1.47297E-02  0.00000E+00            212.BI 83. 253  28
 229  2.97110E-03  1.49236E-02  1.49236E-02  0.00000E+00            212.BI 83. 254  29
 230  4.69260E-03  1.49449E-02  1.49449E-02  0.00000E+00            212.BI 83. 255  30
 231  2.70515E-02  1.52310E-02  1.52310E-02  0.00000E+00            212.BI 83. 256  31
 232  3.19680E-02  1.52520E-02  1.52520E-02  0.00000E+00            212.BI 83. 257  32
 233  3.24883E-04  1.53076E-02  1.53076E-02  0.00000E+00            212.BI 83. 258  33
 234  5.04974E-04  1.53100E-02  1.53100E-02  0.00000E+00            212.BI 83. 259  34
 235  2.83985E-04  1.53245E-02  1.53245E-02  0.00000E+00            212.BI 83. 260  35
 236  2.52388E-04  1.53257E-02  1.53257E-02  0.00000E+00            212.BI 83. 261  36
 241  2.88869E-05  2.08600E-03  2.08600E-03  0.00000E+00            212.BI 83. 262  41
 242  2.59728E-02  1.10673E-02  1.10673E-02  0.00000E+00            212.BI 83. 263  42
 243  1.03924E-03  1.18014E-02  1.18014E-02  0.00000E+00            212.BI 83. 264  43
 244  9.56524E-01  1.22523E-02  1.22523E-02  0.00000E+00            212.BI 83. 265  44
 245  6.66761E-03  1.39146E-02  1.39146E-02  0.00000E+00            212.BI 83. 266  45
 246  2.85994E-04  1.41457E-02  1.41457E-02  0.00000E+00            212.BI 83. 267  46
 247  1.93182E-01  1.43397E-02  1.43397E-02  0.00000E+00            212.BI 83. 268  47
 248  7.75834E-04  1.46130E-02  1.46130E-02  0.00000E+00            212.BI 83. 269  48
 249  1.39656E-03  1.46068E-02  1.46068E-02  0.00000E+00            212.BI 83. 270  49
 250  5.73149E-05  1.46680E-02  1.46680E-02  0.00000E+00            212.BI 83. 271  50
 251  2.20412E-02  1.47236E-02  1.47236E-02  0.00000E+00            212.BI 83. 272  51
 253  1.62037E-04  1.47337E-02  1.47337E-02  0.00000E+00            212.BI 83. 273  53
 254  4.19469E-07  1.47417E-02  1.47417E-02  0.00000E+00            212.BI 83. 274  54
 261  2.05038E-01  8.98131E-03  8.98131E-03  0.00000E+00            212.BI 83. 275  61
 262  2.09231E-03  9.25027E-03  9.25027E-03  0.00000E+00            212.BI 83. 276  62
 263  1.89238E-03  9.71536E-03  9.71536E-03  0.00000E+00            212.BI 83. 277  63
 264  3.58296E-01  1.01663E-02  1.01663E-02  0.00000E+00            212.BI 83. 278  64
 265  3.15524E+00  1.02661E-02  1.02661E-02  0.00000E+00            212.BI 83. 279  65
 266  4.48695E-02  1.18286E-02  1.18286E-02  0.00000E+00            212.BI 83. 280  66
 267  4.72974E-04  1.19460E-02  1.19460E-02  0.00000E+00            212.BI 83. 281  67
 268  4.81981E-04  1.20597E-02  1.20597E-02  0.00000E+00            212.BI 83. 282  68
 269  6.65554E-02  1.22537E-02  1.22537E-02  0.00000E+00            212.BI 83. 283  69
 270  6.01118E-01  1.22749E-02  1.22749E-02  0.00000E+00            212.BI 83. 284  70
 271  4.97996E-04  1.25270E-02  1.25270E-02  0.00000E+00            212.BI 83. 285  71
 272  2.78270E-03  1.25319E-02  1.25319E-02  0.00000E+00            212.BI 83. 286  72
 273  9.65397E-03  1.25208E-02  1.25208E-02  0.00000E+00            212.BI 83. 287  73
 274  9.89039E-05  1.25610E-02  1.25610E-02  0.00000E+00            212.BI 83. 288  74
 275  1.01244E-04  1.25820E-02  1.25820E-02  0.00000E+00            212.BI 83. 289  75
 276  7.48763E-03  1.26376E-02  1.26376E-02  0.00000E+00            212.BI 83. 290  76
 277  6.59174E-02  1.26400E-02  1.26400E-02  0.00000E+00            212.BI 83. 291  77
 280  1.08129E-03  1.26476E-02  1.26476E-02  0.00000E+00            212.BI 83. 292  80
 281  9.17994E-07  1.26545E-02  1.26545E-02  0.00000E+00            212.BI 83. 293  81
 282  6.94728E-07  1.26557E-02  1.26557E-02  0.00000E+00            212.BI 83. 294  82
 291  1.39385E+00  2.30042E-03  2.30042E-03  0.00000E+00            212.BI 83. 295  91
 292  2.99002E-02  3.30093E-04  3.30093E-04  0.00000E+00            212.BI 83. 296  92
 293  2.38264E-04  6.75242E-05  6.75242E-05  0.00000E+00            212.BI 83. 297  93
 294  4.02730E+02  2.07247E-05  2.07247E-05  0.00000E+00            212.BI 83. 298  94
 7 1  5.10419E-03  5.72241E-02  5.72241E-02  0.00000E+00            212.BI 83. 299   1
 7 2  2.77754E-03  6.88063E-02  6.88063E-02  0.00000E+00            212.BI 83. 300   2
 7 3  3.64257E-04  8.04012E-02  8.04012E-02  0.00000E+00            212.BI 83. 301   3
 7 4  1.39290E+01  7.25199E-04  7.25199E-04  0.00000E+00            212.BI 83. 302   4
 7 5  8.70912E+00  7.92956E-03  7.92956E-03  0.00000E+00            212.BI 83. 303   5
 7 6  3.79638E+00  1.02397E-02  1.02397E-02  0.00000E+00            212.BI 83. 304   6
 7 7  3.99359E-01  1.25938E-02  1.25938E-02  0.00000E+00            212.BI 83. 305   7
 7 8  1.62471E+01  4.29783E-04  4.29783E-04  0.00000E+00            212.BI 83. 306   8
 7 9  3.56760E+01  1.85584E-03  1.85584E-03  0.00000E+00            212.BI 83. 307   9
 710  4.17910E+00  2.10070E-03  2.10070E-03  0.00000E+00            212.BI 83. 308  10
 711  2.07916E-01  2.47292E-03  2.47292E-03  0.00000E+00            212.BI 83. 309  11
 712  6.87035E+01  1.74792E-04  1.74792E-04  0.00000E+00            212.BI 83. 310  12
 713  1.31605E+02  7.66264E-05  7.66264E-05  0.00000E+00            212.BI 83. 311  13
 714  8.91659E+01  4.29936E-05  4.29936E-05  0.00000E+00            212.BI 83. 312  14
 715  8.41005E-02  9.92113E-05  9.92113E-05  0.00000E+00            212.BI 83. 313  15
%%%% 212 BI  83    B- A         3.63300E+03  60.55 M   02-11-2005       SEEIEND 
 


   ***************************************************** 
   *                 Radiation Summary                 * 
   ***************************************************** 
 
  Energy released by
    Gamma-ray                       (MeV) =   1.02538E-01
    X-ray                           (MeV) =   1.14103E-03
    Free-bound X-ray                (MeV) =   8.43072E-05
    Annihilation photon             (MeV) =   0.00000E+00
    Beta+ particle                  (MeV) =   0.00000E+00
    Neutrino                        (MeV) =   0.00000E+00
    Beta- particle                  (MeV) =   4.92909E-01
    Neutrino-                       (MeV) =   8.46757E-01
    Internal conv. electron         (MeV) =   9.31548E-03
    Auger and CK electron           (MeV) =   2.33874E-03
    Alpha particle                  (MeV) =   2.17451E+00
    Recoil nucleus                  (MeV) =   4.18448E-02
  E-total (except unplaced radiat.) (MeV) =   3.67144E+00
  E-unplaced radiation              (MeV) =   0.00000E+00
  Q-value from ENSDF data           (MeV) =   3.67094E+00
  Ratio of E-total/Q-value          ( % ) =   1.00014E+02
  Ratio of E-unplaced radi./Q-value ( % ) =   0.00000E+00

 
  Total yield of
    Gamma-ray                             =   1.26902E-01
    X-ray                                 =   9.22050E-02
    Free-bound X-ray                      =   4.04923E+00
    Annihilation photon                   =   0.00000E+00
    Beta+ particle                        =   0.00000E+00
    Beta- particle                        =   6.40600E-01
    Internal conv. electron               =   2.66514E-01
    Auger and CK electron                 =   3.74718E+00
    Alpha particle                        =   3.59400E-01
  Yield of unplaced radiation             =   0.00000E+00


