%%%%  75 BR  35    EC B+        5.80200E+03 96.7 M     02-11-2005       BALASTAR
1  75   BR  35 96.7 M          EC B+      
1INTENSITY AND ENERGY BALANCE DATA

              75-BROMINE-35
+                                    HALFLIFE = 96.7 MINUTES 
+                                                                  02-11-2005


    LEVEL       INTENSITY   INTENSITY
    ENERGY      ENTERING    LEAVING     PERCENT
    (MEV)       LEVEL       LEVEL       ERROR

   0.0000E+00  1.0064E+02
   1.1216E-01  1.9205E+00  1.8785E+00  2.2152E+00                      
   2.8655E-01  8.7779E+01  8.8321E+01  6.1552E-01                      
   2.9307E-01  5.1846E+00  5.1920E+00  1.4285E-01                      
   4.2780E-01  1.2004E+01  1.1969E+01  2.9110E-01                      
   5.8599E-01  3.0830E+00  3.1071E+00  7.7648E-01                      
   6.6389E-01  5.0962E+00  5.1613E+00  1.2701E+00                      
   7.4800E-01  2.6243E-01  2.1210E-01  2.1214E+01  ********************
   7.7724E-01  7.7875E-01  7.8538E-01  8.4741E-01                      
   8.5944E-01  6.5810E+00  6.6495E+00  1.0359E+00                      
   8.9529E-01  1.8870E+00  1.8948E+00  4.1322E-01                      
   9.6287E-01  1.3179E-01  1.3213E-01  2.5700E-01                      
   1.0029E+00  2.4960E-01  2.4652E-01  1.2414E+00                      
   1.0205E+00  1.5375E+00  1.5411E+00  2.3426E-01                      
   1.0738E+00  1.1082E+00  1.1101E+00  1.6905E-01                      
   1.1445E+00  1.7672E-01  1.8485E-01  4.5008E+00                      
   1.1844E+00  9.2851E-01  9.3394E-01  5.8220E-01                      
   1.1986E+00  1.5875E+00  1.5932E+00  3.6388E-01                      
   1.2453E+00  2.7456E+00  2.7556E+00  3.6375E-01                      
   1.3747E+00  3.2548E-01  3.3461E-01  2.7674E+00                      
   1.3805E+00  1.1382E-01  1.1442E-01  5.3029E-01                      
   1.5610E+00  7.1985E-01  7.2183E-01  2.7471E-01                      


 INTENSITY TO GROUND AND ISOMERIC STATE(S) OF DAUGHTER(S)=  1.006E+02
 TOTAL INTENSITY FROM PARENT=  1.000E+02
 PERCENT ERROR =  6.340E-01                      


 TOTAL INTENSITY FROM PARENT =  1.000E+02
 VALUE IS WITHIN   0.00E+00% OF 100                      


 TOTAL ENERGY AVAILABLE =  3.030E+00 MEV
 TOTAL ENERGY CONTENT OF ALL RADIATIONS =  3.033E+00 MEV
 PERCENT ERROR =  9.184E-02                      
%%%%  75 BR  35    EC B+        5.80200E+03 96.7 M     02-11-2005       BALAEND 
%%%%  75 BR  35    EC B+        5.80200E+03 96.7 M     02-11-2005       INPUSTAR
1                                      **INPUT DATA**
              75-BROMINE-35
+                                    HALFLIFE = 96.7 MINUTES 
+                                                                  02-11-2005

            MODES OF DECAY: ELECTRON CAPTURE, BETA PLUS
 
                                MEAN
                                NUMBER/    TRANSITION
                TYPE OF    ID   TRANSFOR-  ENERGY
              TRANSITION   NO.  MATION     (MEV)       OTHER NUCLEAR PARAMETERS

           ELECT. CAPTURE   1   6.89E-03   1.469E+00   ALLOWED                                  
           ELECT. CAPTURE   2   9.88E-04   1.650E+00   ALLOWED                                  
+                                                              ASSUMED                          
           ELECT. CAPTURE   3   2.80E-03   1.655E+00   ALLOWED                                  
+                                                              ASSUMED                          
           ELECT. CAPTURE   4   2.11E-02   1.785E+00   ALLOWED                                  
           ELECT. CAPTURE   5   1.16E-02   1.831E+00   FIRST FORBIDDEN                          
           ELECT. CAPTURE   6   6.69E-03   1.846E+00   ALLOWED                                  
+                                                              ASSUMED                          
           ELECT. CAPTURE   7   1.20E-03   1.885E+00   FIRST FORBIDDEN                          
           ELECT. CAPTURE   8   6.89E-03   1.956E+00   ALLOWED                                  
           ELECT. CAPTURE   9   8.89E-03   2.010E+00   ALLOWED                                  
           ELECT. CAPTURE  10   1.40E-03   2.027E+00   FIRST FORBIDDEN                          
           ELECT. CAPTURE  11   6.99E-04   2.067E+00   ALLOWED                                  
           ELECT. CAPTURE  12   9.09E-03   2.135E+00   ALLOWED                                  
           ELECT. CAPTURE  13   2.90E-02   2.171E+00   ALLOWED                                  
           ELECT. CAPTURE  14   3.10E-03   2.253E+00   ALLOWED                                  
           ELECT. CAPTURE  15   4.89E-04   2.282E+00   SECOND FORBIDDEN                         
           ELECT. CAPTURE  16   1.60E-02   2.366E+00   ALLOWED                                  
           ELECT. CAPTURE  17   5.09E-03   2.444E+00   ALLOWED                                  
           ELECT. CAPTURE  18   1.40E-02   2.602E+00   ALLOWED                                  
           ELECT. CAPTURE  19   1.20E-01   2.743E+00   ALLOWED                                  
           ELECT. CAPTURE  20   4.99E-03   3.030E+00   FIRST FORBIDDEN                          
                BETA PLUS   1   3.10E-04   4.470E-01*  ALLOWED                                  
                BETA PLUS   2   1.50E-04   6.275E-01*  ALLOWED                                  
+                                                              ASSUMED                          
                BETA PLUS   3   4.59E-04   6.333E-01*  ALLOWED                                  
+                                                              ASSUMED                          
                BETA PLUS   4   6.39E-03   7.627E-01*  ALLOWED                                  
                BETA PLUS   5   4.29E-03   8.094E-01*  FIRST FORBIDDEN                          
                BETA PLUS   6   2.60E-03   8.236E-01*  ALLOWED                                  
+                                                              ASSUMED                          
                BETA PLUS   7   5.69E-04   8.635E-01*  FIRST FORBIDDEN                          
                BETA PLUS   8   4.19E-03   9.342E-01*  ALLOWED                                  
                BETA PLUS   9   6.49E-03   9.875E-01*  ALLOWED                                  
                BETA PLUS  10   1.10E-03   1.005E+00*  FIRST FORBIDDEN                          
                BETA PLUS  11   6.19E-04   1.045E+00*  ALLOWED                                  
                BETA PLUS  12   9.78E-03   1.113E+00*  ALLOWED                                  
                BETA PLUS  13   3.39E-02   1.149E+00*  ALLOWED                                  
                BETA PLUS  14   4.69E-03   1.231E+00*  ALLOWED                                  
                BETA PLUS  15   8.09E-04   1.260E+00*  SECOND FORBIDDEN                         
                BETA PLUS  16   3.29E-02   1.344E+00*  ALLOWED                                  
                BETA PLUS  17   1.21E-02   1.422E+00*  ALLOWED                                  
                BETA PLUS  18   4.89E-02   1.580E+00*  ALLOWED                                  
                BETA PLUS  19   5.19E-01   1.721E+00*  ALLOWED                                  
                BETA PLUS  20   3.99E-02   2.008E+00*  FIRST FORBIDDEN                          
           I.C.E. + GAMMA   1   5.19E-02   6.530E-03   M1 MULTIPOLE                             
+                                                                    AK= 0.0                    
                                                       AL1=27.0      AL2=2.18                   
                                                       AL3=0.754     AM= 4.78                   
           I.C.E. + GAMMA   2   1.88E-02   1.121E-01   M1+E2 MULTIPOLE                          
                                                       MRS=0.113     AK= 0.108                  
                                                       AL1=0.0106    AL2=0.00114                
                                                       AL3=0.00129   AM= 0.00209                
           I.C.E. + GAMMA   3   6.95E-02   1.412E-01   M1+E2 MULTIPOLE                          
                                                       MRS=0.0729    AK= 0.0473                 
                                                       AL1=0.00476                              
           I.C.E. + GAMMA   4   8.95E-04   1.955E-01   M1 MULTIPOLE                             
+                                                                    AK= 0.0154                 
                                                       AL1=0.00158                              
           I.C.E. + GAMMA   5   8.01E-03   2.361E-01   M1 MULTIPOLE                             
+                                                                    AK= 0.00953                
           I.C.E. + GAMMA   6   8.83E-01   2.865E-01   E1 MULTIPOLE                             
+                                                                    AK= 0.00325                
           I.C.E. + GAMMA   7   2.68E-02   2.929E-01   M1 MULTIPOLE                             
+                                                                    AK= 0.00558                
           I.C.E. + GAMMA   8   2.39E-03   2.994E-01   M1 MULTIPOLE                             
+                                                                    AK= 0.00528                
           I.C.E. + GAMMA   9   8.85E-04   3.094E-01   M1 MULTIPOLE                             
+                                                                    AK= 0.00487                
           I.C.E. + GAMMA  10   6.09E-03   3.156E-01   E1 MULTIPOLE                             
+                                                                    AK= 0.00248                
           I.C.E. + GAMMA  11   9.73E-04   3.197E-01   M1 MULTIPOLE                             
+                                                                    AK= 0.00450                
           I.C.E. + GAMMA  12   1.33E-03   3.254E-01   M1 MULTIPOLE                             
+                                                                    AK= 0.00431                
           I.C.E. + GAMMA  13   1.06E-03   3.254E-01   M1 MULTIPOLE ASSUMED                     
                                                       AK= 0.00431                              
           I.C.E. + GAMMA  14   1.77E-03   3.492E-01   M1 MULTIPOLE                             
+                                                                    AK= 0.00364                
           I.C.E. + GAMMA  15   3.95E-02   3.774E-01   M1 MULTIPOLE                             
+                                                                    AK= 0.00302                
           I.C.E. + GAMMA  16   4.41E-02   4.278E-01   E1 MULTIPOLE                             
+                                                                    AK= 0.00110                
           I.C.E. + GAMMA  17   3.88E-02   4.318E-01   M1 MULTIPOLE                             
+                                                                    AK= 0.00220                
           I.C.E. + GAMMA  18   1.15E-03   4.609E-01   E2 MULTIPOLE                             
+                                                                    AK= 0.00317                
           I.C.E. + GAMMA  19   1.24E-03   4.673E-01   E2 MULTIPOLE                             
+                                                                    AK= 0.00304                
           I.C.E. + GAMMA  20   2.82E-03   4.844E-01   E2 MULTIPOLE                             
+                                                                    AK= 0.00272                
           I.C.E. + GAMMA  21   1.76E-03   4.881E-01   M1 MULTIPOLE                             
+                                                                    AK= 0.00166                
           I.C.E. + GAMMA  22   3.26E-03   4.907E-01   M1 MULTIPOLE                             
+                                                                    AK= 0.00164                
           I.C.E. + GAMMA  23   8.80E-04   5.140E-01   UNPLACED GAMMA                           
           I.C.E. + GAMMA  24   1.76E-04   5.348E-01   M1 MULTIPOLE                             
+                                                                    AK= 0.00134                
           I.C.E. + GAMMA  25   1.14E-03   5.348E-01   E1 MULTIPOLE                             
           I.C.E. + GAMMA  26   2.99E-03   5.517E-01   E1 MULTIPOLE                             
           I.C.E. + GAMMA  27   4.49E-03   5.664E-01   M1 MULTIPOLE                             
+                                                                    AK= 0.00118                
           I.C.E. + GAMMA  28   1.99E-02   5.729E-01   M1 MULTIPOLE                             
+                                                                    AK= 0.00115                
           I.C.E. + GAMMA  29   8.80E-04   5.798E-01   UNPLACED GAMMA                           
           I.C.E. + GAMMA  30   1.85E-03   5.861E-01   E1 MULTIPOLE                             
           I.C.E. + GAMMA  31   3.26E-03   5.982E-01   M1 MULTIPOLE ASSUMED                     
                                                       AK= 0.00104                              
           I.C.E. + GAMMA  32   1.68E-02   6.089E-01   M1 MULTIPOLE                             
+                                                                    AK= 0.00100                
           I.C.E. + GAMMA  33   1.50E-03   6.461E-01   M1 MULTIPOLE                             
           I.C.E. + GAMMA  34   1.41E-03   6.522E-01   UNPLACED GAMMA                           
           I.C.E. + GAMMA  35   3.52E-03   6.591E-01   M1 MULTIPOLE                             
           I.C.E. + GAMMA  36   1.14E-03   6.638E-01   E1 MULTIPOLE                             
           I.C.E. + GAMMA  37   1.15E-03   6.766E-01   M1 MULTIPOLE                             
           I.C.E. + GAMMA  38   1.85E-03   7.016E-01   M1 MULTIPOLE                             
           I.C.E. + GAMMA  39   1.54E-02   7.339E-01   M1 MULTIPOLE                             
           I.C.E. + GAMMA  40   4.67E-03   7.708E-01   E1 MULTIPOLE                             
           I.C.E. + GAMMA  41   1.06E-03   7.810E-01   E2 MULTIPOLE                             
           I.C.E. + GAMMA  42   3.35E-03   7.887E-01   M1 MULTIPOLE ASSUMED                     
           I.C.E. + GAMMA  43   2.38E-03   8.593E-01   E1 MULTIPOLE                             
           I.C.E. + GAMMA  44   2.47E-03   8.907E-01   M1 MULTIPOLE                             
           I.C.E. + GAMMA  45   5.02E-03   8.976E-01   M1 MULTIPOLE ASSUMED                     
           I.C.E. + GAMMA  46   1.01E-02   9.121E-01   E1 MULTIPOLE                             
           I.C.E. + GAMMA  47   1.41E-03   9.462E-01   UNPLACED GAMMA                           
           I.C.E. + GAMMA  48   1.66E-02   9.521E-01   M1 MULTIPOLE                             
           I.C.E. + GAMMA  49   2.64E-03   9.590E-01   M1 MULTIPOLE                             
           I.C.E. + GAMMA  50   4.40E-03   9.614E-01   E1 MULTIPOLE                             
           I.C.E. + GAMMA  51   8.80E-04   9.749E-01   M1 MULTIPOLE                             
           I.C.E. + GAMMA  52   1.06E-03   1.074E+00   E1 MULTIPOLE                             
           I.C.E. + GAMMA  53   1.85E-03   1.145E+00   M1 MULTIPOLE                             
           I.C.E. + GAMMA  54   4.75E-03   1.246E+00   E1 MULTIPOLE                             
           I.C.E. + GAMMA  55   1.14E-03   1.381E+00   M1 MULTIPOLE ASSUMED                     
           I.C.E. + GAMMA  56   3.26E-03   1.449E+00   E1 MULTIPOLE                             
           I.C.E. + GAMMA  57   1.14E-03   1.516E+00   UNPLACED GAMMA                           
           I.C.E. + GAMMA  58   1.23E-03   1.561E+00   E1 MULTIPOLE                             
 
           * ENDPOINT ENERGY (MEV)
           - - - - - - - - - -
           Reference: Evaluated Nuclear Structure Data File (ENSDF)
                DATE DATA WERE ENTERED INTO ENSDF: Jul-1999
%%%%  75 BR  35    EC B+        5.80200E+03 96.7 M     02-11-2005       INPUEND 
%%%%  75 BR  35    EC B+        5.80200E+03 96.7 M     02-11-2005       OUTPSTAR
1                                      **OUTPUT DATA**
              75-BROMINE-35
+                                    HALFLIFE = 96.7 MINUTES 
+                                                                  02-11-2005

            MODES OF DECAY: ELECTRON CAPTURE, BETA PLUS
 
                                              MEAN
                                              NUMBER/                  MEV/
                                         ID   TRANSFOR-   ENERGY       TRANSFOR-
                  TYPE OF RADIATION      NO.  MATION      (MEV)        MATION

           BETA PLUS                      4   6.39E-03    3.307E-01*   2.11E-03
           BETA PLUS                      5   4.29E-03    3.509E-01*   1.51E-03
           BETA PLUS                      6   2.60E-03    3.571E-01*   9.27E-04
           BETA PLUS                      8   4.19E-03    4.053E-01*   1.70E-03
           BETA PLUS                      9   6.49E-03    4.286E-01*   2.78E-03
           BETA PLUS                     12   9.78E-03    4.839E-01*   4.73E-03
           BETA PLUS                     13   3.39E-02    4.998E-01*   1.70E-02
           BETA PLUS                     14   4.69E-03    5.363E-01*   2.52E-03
           BETA PLUS                     16   3.29E-02    5.870E-01*   1.93E-02
           BETA PLUS                     17   1.21E-02    6.220E-01*   7.51E-03
           BETA PLUS                     18   4.89E-02    6.935E-01*   3.39E-02
           BETA PLUS                     19   5.19E-01    7.578E-01*   3.93E-01
           BETA PLUS                     20   3.99E-02    8.893E-01*   3.55E-02
           ANNIHILATION RADIATION             1.46E+00    5.110E-01    7.46E-01
           GAMMA-RAY                      2   1.67E-02    1.121E-01    1.87E-03
           GAMMA-RAY                      3   6.60E-02    1.412E-01    9.32E-03
           GAMMA-RAY                      5   7.92E-03    2.361E-01    1.87E-03
           GAMMA-RAY                      6   8.80E-01    2.865E-01    2.52E-01
           K CONV. ELECTRON, GAMMA-RAY    6   2.86E-03    2.739E-01    7.83E-04
           GAMMA-RAY                      7   2.67E-02    2.929E-01    7.81E-03
           GAMMA-RAY                     10   6.07E-03    3.156E-01    1.92E-03
           GAMMA-RAY                     15   3.93E-02    3.774E-01    1.48E-02
           GAMMA-RAY                     16   4.40E-02    4.278E-01    1.88E-02
           GAMMA-RAY                     17   3.87E-02    4.318E-01    1.67E-02
           GAMMA-RAY                     20   2.82E-03    4.844E-01    1.36E-03
           GAMMA-RAY                     22   3.26E-03    4.907E-01    1.60E-03
           GAMMA-RAY                     26   2.99E-03    5.517E-01    1.65E-03
           GAMMA-RAY                     27   4.49E-03    5.664E-01    2.54E-03
           GAMMA-RAY                     28   1.99E-02    5.729E-01    1.14E-02
           GAMMA-RAY                     31   3.26E-03    5.982E-01    1.95E-03
           GAMMA-RAY                     32   1.68E-02    6.089E-01    1.02E-02
           GAMMA-RAY                     35   3.52E-03    6.591E-01    2.32E-03
           GAMMA-RAY                     38   1.85E-03    7.016E-01    1.30E-03
           GAMMA-RAY                     39   1.54E-02    7.339E-01    1.13E-02
           GAMMA-RAY                     40   4.66E-03    7.708E-01    3.60E-03
           GAMMA-RAY                     42   3.34E-03    7.887E-01    2.64E-03
           GAMMA-RAY                     43   2.38E-03    8.593E-01    2.04E-03
           GAMMA-RAY                     44   2.46E-03    8.907E-01    2.19E-03
           GAMMA-RAY                     45   5.02E-03    8.976E-01    4.50E-03
           GAMMA-RAY                     46   1.01E-02    9.121E-01    9.23E-03
           GAMMA-RAY                     47   1.41E-03    9.462E-01    1.33E-03
           GAMMA-RAY                     48   1.66E-02    9.521E-01    1.58E-02
           GAMMA-RAY                     49   2.64E-03    9.590E-01    2.53E-03
           GAMMA-RAY                     50   4.40E-03    9.614E-01    4.23E-03
           GAMMA-RAY                     53   1.85E-03    1.145E+00    2.12E-03
           GAMMA-RAY                     54   4.75E-03    1.246E+00    5.92E-03
           GAMMA-RAY                     55   1.14E-03    1.381E+00    1.58E-03
           GAMMA-RAY                     56   3.26E-03    1.449E+00    4.72E-03
           GAMMA-RAY                     57   1.14E-03    1.516E+00    1.73E-03
           GAMMA-RAY                     58   1.23E-03    1.561E+00    1.92E-03
           AUGER KLL                          7.74E-02    9.627E-03*   7.46E-04
 
           ALL LISTED X-RAYS, GAMMA-RAYS AND ANNIHILATION RADIATION    1.18E+00
           ALL NEGLECTED X-RAYS, GAMMA-RAYS AND ANNIH. RADIATION**     1.55E-02
           ALL LISTED BETAS, INTERNAL CONVERSION AND AUGER ELECTRONS   5.24E-01
           ALL NEGLECTED BETAS, INT. CONVERSION AND AUGER ELECTRONS**  3.77E-03
           ALL LISTED RADIATIONS                                       1.71E+00
           ALL NEGLECTED RADIATIONS**                                  1.93E-02
 
           *  AVERAGE ENERGY (MEV)
           ** EACH NEGLECTED TRANSITION CONTRIBUTES LESS THAN  0.100%
              TO THE TOTAL MEV/TRANSFORMATION FOR THIS CATEGORY.
           TOTAL FEEDING OF GROUND STATE LEVEL IN 75-SELENIUM
             DAUGHTER IS 1.0000E+00 PER TRANSFORMATION OF  75-BROMINE.
             DECAY OF THIS 119.779 DAYS HALFLIFE LEVEL WILL CONTRIBUTE TO DOSE.
           - - - - - - - - - -
           INPUT DATA SOURCE: EVALUATED NUCLEAR STRUCTURE DATA FILE (ENSDF)
             DATE INPUT DATA WERE ENTERED INTO ENSDF: Jul-1999
%%%%  75 BR  35    EC B+        5.80200E+03 96.7 M     02-11-2005       OUTPEND 
%%%%  75 BR  35    EC B+        5.80200E+03 96.7 M     02-11-2005       BETASTAR
1
              75-BROMINE-35
+                                    HALFLIFE = 96.7 MINUTES 
+                                                                  02-11-2005

            BETA SPECTRUM DATA FOR ALL DECAY BRANCHES

                      BETAS PER                BETAS PER                BETAS PER
            ENERGY    MEV            ENERGY    MEV            ENERGY    MEV
            (MEV)     PER DECAY      (MEV)     PER DECAY      (MEV)     PER DECAY

            0.00000   0.000E+00      0.00280   2.469E-05      0.08500   1.567E-01
            0.00010   0.000E+00      0.00300   3.574E-05      0.09000   1.685E-01
            0.00011   0.000E+00      0.00320   4.956E-05      0.10000   1.921E-01
            0.00012   0.000E+00      0.00360   8.622E-05      0.11000   2.153E-01
            0.00013   0.000E+00      0.00400   1.359E-04      0.12000   2.381E-01
            0.00014   0.000E+00      0.00450   2.175E-04      0.13000   2.604E-01
            0.00015   0.000E+00      0.00500   3.217E-04      0.14000   2.823E-01
            0.00016   2.137E-27      0.00550   4.493E-04      0.15000   3.036E-01
            0.00018   7.530E-26      0.00600   6.006E-04      0.16000   3.245E-01
            0.00020   1.534E-24      0.00650   7.759E-04      0.18000   3.647E-01
            0.00022   2.053E-23      0.00700   9.752E-04      0.20000   4.028E-01
            0.00024   1.977E-22      0.00750   1.199E-03      0.22000   4.388E-01
            0.00026   1.465E-21      0.00800   1.446E-03      0.24000   4.727E-01
            0.00028   8.776E-21      0.00850   1.717E-03      0.26000   5.045E-01
            0.00030   4.419E-20      0.00900   2.012E-03      0.28000   5.343E-01
            0.00032   1.928E-19      0.01000   2.672E-03      0.30000   5.620E-01
            0.00036   2.614E-18      0.01100   3.422E-03      0.32000   5.878E-01
            0.00040   2.516E-17      0.01200   4.262E-03      0.36000   6.333E-01
            0.00045   3.008E-16      0.01300   5.186E-03      0.40000   6.711E-01
            0.00050   2.687E-15      0.01400   6.193E-03      0.45000   7.079E-01
            0.00055   1.908E-14      0.01500   7.278E-03      0.50000   7.335E-01
            0.00060   1.116E-13      0.01600   8.438E-03      0.55000   7.484E-01
            0.00065   5.511E-13      0.01800   1.097E-02      0.60000   7.533E-01
            0.00070   2.338E-12      0.02000   1.376E-02      0.65000   7.493E-01
            0.00075   8.649E-12      0.02200   1.679E-02      0.70000   7.373E-01
            0.00080   2.828E-11      0.02400   2.003E-02      0.75000   7.184E-01
            0.00085   8.274E-11      0.02600   2.345E-02      0.80000   6.936E-01
            0.00090   2.191E-10      0.02800   2.705E-02      0.85000   6.631E-01
            0.00100   1.188E-09      0.03000   3.079E-02      0.90000   6.273E-01
            0.00110   4.846E-09      0.03200   3.467E-02      1.00000   5.439E-01
            0.00120   1.578E-08      0.03600   4.278E-02      1.10000   4.504E-01
            0.00130   4.292E-08      0.04000   5.127E-02      1.20000   3.544E-01
            0.00140   1.011E-07      0.04500   6.228E-02      1.30000   2.583E-01
            0.00150   2.120E-07      0.05000   7.364E-02      1.40000   1.691E-01
            0.00160   4.042E-07      0.05500   8.524E-02      1.50000   9.233E-02
            0.00180   1.179E-06      0.06000   9.701E-02      1.60000   3.617E-02
            0.00200   2.764E-06      0.06500   1.089E-01      1.80000   3.466E-03
            0.00220   5.539E-06      0.07000   1.208E-01      2.00000   6.077E-06
            0.00240   9.886E-06      0.07500   1.328E-01      2.00800   0.000E+00
            0.00260   1.616E-05      0.08000   1.447E-01

            AVERAGE BETA ENERGY =   7.192E-01

            TOTAL BETAS PER DECAY FOR ALL BRANCHES =   7.295E-01
%%%%  75 BR  35    EC B+        5.80200E+03 96.7 M     02-11-2005       BETAEND 
%%%%  75 BR  35    EC B+        5.80200E+03 96.7 M     02-11-2005       SEEISTAR
 75.  BROMINE      35.  9.670E+01 MINUTES  437 EC B+                 75.BR 35.   0
 4 1  3.09505E-02  1.95722E-01  4.46960E-01  0.00000E+00             75.BR 35.   1   1
 4 2  1.49760E-02  2.72532E-01  6.27500E-01  0.00000E+00             75.BR 35.   2   2
 4 3  4.59265E-02  2.75015E-01  6.33300E-01  0.00000E+00             75.BR 35.   3   3
 4 4  6.38978E-01  3.30705E-01  7.62740E-01  0.00000E+00             75.BR 35.   4   4
 4 5  4.29313E-01  3.50904E-01  8.09390E-01  0.00000E+00             75.BR 35.   5   5
 4 6  2.59585E-01  3.57078E-01  8.23620E-01  0.00000E+00             75.BR 35.   6   6
 4 7  5.69089E-02  3.74413E-01  8.63490E-01  0.00000E+00             75.BR 35.   7   7
 4 8  4.19329E-01  4.05288E-01  9.34230E-01  0.00000E+00             75.BR 35.   8   8
 4 9  6.48962E-01  4.28641E-01  9.87510E-01  0.00000E+00             75.BR 35.   9   9
 410  1.09824E-01  4.36369E-01  1.00510E+00  0.00000E+00             75.BR 35.  10  10
 411  6.19010E-02  4.53989E-01  1.04513E+00  0.00000E+00             75.BR 35.  11  11
 412  9.78435E-01  4.83896E-01  1.11271E+00  0.00000E+00             75.BR 35.  12  12
 413  3.39457E+00  4.99786E-01  1.14856E+00  0.00000E+00             75.BR 35.  13  13
 414  4.69249E-01  5.36348E-01  1.23076E+00  0.00000E+00             75.BR 35.  14  14
 415  8.08706E-02  5.76675E-01  1.26000E+00  1.00000E+00             75.BR 35.  15  15
 416  3.29473E+00  5.87046E-01  1.34411E+00  0.00000E+00             75.BR 35.  16  16
 417  1.20807E+00  6.21968E-01  1.42201E+00  0.00000E+00             75.BR 35.  17  17
 418  4.89217E+00  6.93478E-01  1.58020E+00  0.00000E+00             75.BR 35.  18  18
 419  5.19169E+01  7.57767E-01  1.72145E+00  0.00000E+00             75.BR 35.  19  19
 420  3.99361E+00  8.89308E-01  2.00800E+00  0.00000E+00             75.BR 35.  20  20
 3 3  1.45891E+02  5.11000E-01  5.11000E-01  0.00000E+00             75.BR 35.  21   3
 1 1  1.43485E-01  6.53000E-03  6.53000E-03  0.00000E+00             75.BR 35.  22   1
 6 5  3.86947E+00  4.88850E-03  4.88850E-03  1.00000E+00             75.BR 35.  23   5
 6 6  3.12463E-01  5.04880E-03  5.04880E-03  1.00000E+00             75.BR 35.  24   6
 6 7  1.08174E-01  5.09140E-03  5.09140E-03  1.00000E+00             75.BR 35.  25   7
 6 3  6.86538E-01  6.36629E-03  6.36629E-03  1.00000E+00             75.BR 35.  26   3
 6 4  7.18665E-02  6.53000E-03  6.53000E-03  1.00000E+00             75.BR 35.  27   4
 1 2  1.67200E+00  1.12100E-01  1.12100E-01  0.00000E+00             75.BR 35.  28   2
 6 1  1.80743E-01  9.94810E-02  9.94810E-02  2.00000E+00             75.BR 35.  29   1
 6 5  1.78034E-02  1.10459E-01  1.10459E-01  2.00000E+00             75.BR 35.  30   5
 6 6  1.90381E-03  1.10619E-01  1.10619E-01  2.00000E+00             75.BR 35.  31   6
 6 7  2.15886E-03  1.10661E-01  1.10661E-01  2.00000E+00             75.BR 35.  32   7
 6 3  3.48944E-03  1.11936E-01  1.11936E-01  2.00000E+00             75.BR 35.  33   3
 6 4  3.53512E-04  1.12100E-01  1.12100E-01  2.00000E+00             75.BR 35.  34   4
 1 3  6.60000E+00  1.41190E-01  1.41190E-01  0.00000E+00             75.BR 35.  35   3
 6 1  3.12423E-01  1.28571E-01  1.28571E-01  3.00000E+00             75.BR 35.  36   1
 6 5  3.14356E-02  1.39549E-01  1.39549E-01  3.00000E+00             75.BR 35.  37   5
 6 6  2.16918E-03  1.39709E-01  1.39709E-01  3.00000E+00             75.BR 35.  38   6
 6 7  2.02343E-03  1.39751E-01  1.39751E-01  3.00000E+00             75.BR 35.  39   7
 6 3  5.69463E-03  1.41026E-01  1.41026E-01  3.00000E+00             75.BR 35.  40   3
 6 4  5.91278E-04  1.41190E-01  1.41190E-01  3.00000E+00             75.BR 35.  41   4
 1 4  8.80000E-02  1.95500E-01  1.95500E-01  0.00000E+00             75.BR 35.  42   4
 6 1  1.35602E-03  1.82881E-01  1.82881E-01  4.00000E+00             75.BR 35.  43   1
 6 5  1.39373E-04  1.93859E-01  1.93859E-01  4.00000E+00             75.BR 35.  44   5
 6 6  4.63890E-06  1.94019E-01  1.94019E-01  4.00000E+00             75.BR 35.  45   6
 6 7  1.90002E-06  1.94061E-01  1.94061E-01  4.00000E+00             75.BR 35.  46   7
 6 3  2.34476E-05  1.95336E-01  1.95336E-01  4.00000E+00             75.BR 35.  47   3
 6 4  2.50381E-06  1.95500E-01  1.95500E-01  4.00000E+00             75.BR 35.  48   4
 1 5  7.92000E-01  2.36100E-01  2.36100E-01  0.00000E+00             75.BR 35.  49   5
 6 1  7.55133E-03  2.23481E-01  2.23481E-01  5.00000E+00             75.BR 35.  50   1
 6 5  7.75340E-04  2.34459E-01  2.34459E-01  5.00000E+00             75.BR 35.  51   5
 6 6  2.33155E-05  2.34619E-01  2.34619E-01  5.00000E+00             75.BR 35.  52   6
 6 7  9.77299E-06  2.34661E-01  2.34661E-01  5.00000E+00             75.BR 35.  53   7
 6 3  1.29819E-04  2.35936E-01  2.35936E-01  5.00000E+00             75.BR 35.  54   3
 6 4  1.38898E-05  2.36100E-01  2.36100E-01  5.00000E+00             75.BR 35.  55   4
 1 6  8.80000E+01  2.86500E-01  2.86500E-01  0.00000E+00             75.BR 35.  56   6
 6 1  2.85738E-01  2.73881E-01  2.73881E-01  6.00000E+00             75.BR 35.  57   1
 6 5  2.82670E-02  2.84858E-01  2.84858E-01  6.00000E+00             75.BR 35.  58   5
 6 6  6.19686E-04  2.85019E-01  2.85019E-01  6.00000E+00             75.BR 35.  59   6
 6 7  1.02582E-03  2.85061E-01  2.85061E-01  6.00000E+00             75.BR 35.  60   7
 6 3  4.77612E-03  2.86336E-01  2.86336E-01  6.00000E+00             75.BR 35.  61   3
 6 4  5.08168E-04  2.86500E-01  2.86500E-01  6.00000E+00             75.BR 35.  62   4
 1 7  2.66640E+00  2.92850E-01  2.92850E-01  0.00000E+00             75.BR 35.  63   7
 6 1  1.48695E-02  2.80231E-01  2.80231E-01  7.00000E+00             75.BR 35.  64   1
 6 5  1.52948E-03  2.91209E-01  2.91209E-01  7.00000E+00             75.BR 35.  65   5
 6 6  4.05349E-05  2.91369E-01  2.91369E-01  7.00000E+00             75.BR 35.  66   6
 6 7  1.75508E-05  2.91411E-01  2.91411E-01  7.00000E+00             75.BR 35.  67   7
 6 3  2.54020E-04  2.92686E-01  2.92686E-01  7.00000E+00             75.BR 35.  68   3
 6 4  2.72015E-05  2.92850E-01  2.92850E-01  7.00000E+00             75.BR 35.  69   4
 1 8  2.37600E-01  2.99400E-01  2.99400E-01  0.00000E+00             75.BR 35.  70   8
 6 1  1.25497E-03  2.86781E-01  2.86781E-01  8.00000E+00             75.BR 35.  71   1
 6 5  1.29104E-04  2.97758E-01  2.97758E-01  8.00000E+00             75.BR 35.  72   5
 6 6  3.37605E-06  2.97919E-01  2.97919E-01  8.00000E+00             75.BR 35.  73   6
 6 7  1.46719E-06  2.97961E-01  2.97961E-01  8.00000E+00             75.BR 35.  74   7
 6 3  2.14253E-05  2.99236E-01  2.99236E-01  8.00000E+00             75.BR 35.  75   3
 6 4  2.29446E-06  2.99400E-01  2.99400E-01  8.00000E+00             75.BR 35.  76   4
 1 9  8.80000E-02  3.09400E-01  3.09400E-01  0.00000E+00             75.BR 35.  77   9
 6 1  4.28909E-04  2.96781E-01  2.96781E-01  9.00000E+00             75.BR 35.  78   1
 6 5  4.41297E-05  3.07759E-01  3.07759E-01  9.00000E+00             75.BR 35.  79   5
 6 6  1.13113E-06  3.07919E-01  3.07919E-01  9.00000E+00             75.BR 35.  80   6
 6 7  4.94355E-07  3.07961E-01  3.07961E-01  9.00000E+00             75.BR 35.  81   7
 6 3  7.31548E-06  3.09236E-01  3.09236E-01  9.00000E+00             75.BR 35.  82   3
 6 4  7.83495E-07  3.09400E-01  3.09400E-01  9.00000E+00             75.BR 35.  83   4
 110  6.07200E-01  3.15610E-01  3.15610E-01  0.00000E+00             75.BR 35.  84  10
 6 1  1.50735E-03  3.02991E-01  3.02991E-01  1.00000E+01             75.BR 35.  85   1
 6 5  1.49430E-04  3.13968E-01  3.13968E-01  1.00000E+01             75.BR 35.  86   5
 6 6  3.06235E-06  3.14129E-01  3.14129E-01  1.00000E+01             75.BR 35.  87   6
 6 7  5.10072E-06  3.14171E-01  3.14171E-01  1.00000E+01             75.BR 35.  88   7
 6 3  2.51529E-05  3.15446E-01  3.15446E-01  1.00000E+01             75.BR 35.  89   3
 6 4  2.67970E-06  3.15610E-01  3.15610E-01  1.00000E+01             75.BR 35.  90   4
 111  9.68000E-02  3.19700E-01  3.19700E-01  0.00000E+00             75.BR 35.  91  11
 6 1  4.35622E-04  3.07081E-01  3.07081E-01  1.10000E+01             75.BR 35.  92   1
 6 5  4.48241E-05  3.18059E-01  3.18059E-01  1.10000E+01             75.BR 35.  93   5
 6 6  1.12609E-06  3.18219E-01  3.18219E-01  1.10000E+01             75.BR 35.  94   6
 6 7  4.95012E-07  3.18261E-01  3.18261E-01  1.10000E+01             75.BR 35.  95   7
 6 3  7.42288E-06  3.19536E-01  3.19536E-01  1.10000E+01             75.BR 35.  96   3
 6 4  7.95074E-07  3.19700E-01  3.19700E-01  1.10000E+01             75.BR 35.  97   4
 112  1.32000E-01  3.25400E-01  3.25400E-01  0.00000E+00             75.BR 35.  98  12
 6 1  5.69141E-04  3.12781E-01  3.12781E-01  1.20000E+01             75.BR 35.  99   1
 6 5  5.85460E-05  3.23758E-01  3.23758E-01  1.20000E+01             75.BR 35. 100   5
 6 6  1.45521E-06  3.23919E-01  3.23919E-01  1.20000E+01             75.BR 35. 101   6
 6 7  6.41627E-07  3.23961E-01  3.23961E-01  1.20000E+01             75.BR 35. 102   7
 6 3  9.69262E-06  3.25236E-01  3.25236E-01  1.20000E+01             75.BR 35. 103   3
 6 4  1.03826E-06  3.25400E-01  3.25400E-01  1.20000E+01             75.BR 35. 104   4
 113  1.05600E-01  3.25400E-01  3.25400E-01  0.00000E+00             75.BR 35. 105  13
 6 1  4.55312E-04  3.12781E-01  3.12781E-01  1.30000E+01             75.BR 35. 106   1
 6 5  4.68368E-05  3.23758E-01  3.23758E-01  1.30000E+01             75.BR 35. 107   5
 6 6  1.16416E-06  3.23919E-01  3.23919E-01  1.30000E+01             75.BR 35. 108   6
 6 7  5.13302E-07  3.23961E-01  3.23961E-01  1.30000E+01             75.BR 35. 109   7
 6 3  7.75410E-06  3.25236E-01  3.25236E-01  1.30000E+01             75.BR 35. 110   3
 6 4  8.30608E-07  3.25400E-01  3.25400E-01  1.30000E+01             75.BR 35. 111   4
 114  1.76000E-01  3.49200E-01  3.49200E-01  0.00000E+00             75.BR 35. 112  14
 6 1  6.40222E-04  3.36581E-01  3.36581E-01  1.40000E+01             75.BR 35. 113   1
 6 5  6.57697E-05  3.47559E-01  3.47559E-01  1.40000E+01             75.BR 35. 114   5
 6 6  1.56598E-06  3.47719E-01  3.47719E-01  1.40000E+01             75.BR 35. 115   6
 6 7  6.99246E-07  3.47761E-01  3.47761E-01  1.40000E+01             75.BR 35. 116   7
 6 3  1.08791E-05  3.49036E-01  3.49036E-01  1.40000E+01             75.BR 35. 117   3
 6 4  1.16569E-06  3.49200E-01  3.49200E-01  1.40000E+01             75.BR 35. 118   4
 115  3.93360E+00  3.77390E-01  3.77390E-01  0.00000E+00             75.BR 35. 119  15
 6 1  1.18899E-02  3.64771E-01  3.64771E-01  1.50000E+01             75.BR 35. 120   1
 6 5  1.21935E-03  3.75749E-01  3.75749E-01  1.50000E+01             75.BR 35. 121   5
 6 6  2.76722E-05  3.75909E-01  3.75909E-01  1.50000E+01             75.BR 35. 122   6
 6 7  1.25433E-05  3.75951E-01  3.75951E-01  1.50000E+01             75.BR 35. 123   7
 6 3  2.01558E-04  3.77226E-01  3.77226E-01  1.50000E+01             75.BR 35. 124   3
 6 4  2.16043E-05  3.77390E-01  3.77390E-01  1.50000E+01             75.BR 35. 125   4
 116  4.40000E+00  4.27790E-01  4.27790E-01  0.00000E+00             75.BR 35. 126  16
 6 1  4.85537E-03  4.15171E-01  4.15171E-01  1.60000E+01             75.BR 35. 127   1
 6 5  4.84801E-04  4.26149E-01  4.26149E-01  1.60000E+01             75.BR 35. 128   5
 6 6  7.93633E-06  4.26309E-01  4.26309E-01  1.60000E+01             75.BR 35. 129   6
 6 7  1.37013E-05  4.26351E-01  4.26351E-01  1.60000E+01             75.BR 35. 130   7
 6 3  8.07041E-05  4.27626E-01  4.27626E-01  1.60000E+01             75.BR 35. 131   3
 6 4  8.60898E-06  4.27790E-01  4.27790E-01  1.60000E+01             75.BR 35. 132   4
 117  3.87200E+00  4.31750E-01  4.31750E-01  0.00000E+00             75.BR 35. 133  17
 6 1  8.52562E-03  4.19131E-01  4.19131E-01  1.70000E+01             75.BR 35. 134   1
 6 5  8.71638E-04  4.30109E-01  4.30109E-01  1.70000E+01             75.BR 35. 135   5
 6 6  1.81650E-05  4.30269E-01  4.30269E-01  1.70000E+01             75.BR 35. 136   6
 6 7  8.48034E-06  4.30311E-01  4.30311E-01  1.70000E+01             75.BR 35. 137   7
 6 3  1.43960E-04  4.31586E-01  4.31586E-01  1.70000E+01             75.BR 35. 138   3
 6 4  1.54416E-05  4.31750E-01  4.31750E-01  1.70000E+01             75.BR 35. 139   4
 118  1.14400E-01  4.60900E-01  4.60900E-01  0.00000E+00             75.BR 35. 140  18
 6 1  3.62692E-04  4.48281E-01  4.48281E-01  1.80000E+01             75.BR 35. 141   1
 6 5  3.61585E-05  4.59258E-01  4.59258E-01  1.80000E+01             75.BR 35. 142   5
 6 6  1.61133E-06  4.59419E-01  4.59419E-01  1.80000E+01             75.BR 35. 143   6
 6 7  1.63355E-06  4.59461E-01  4.59461E-01  1.80000E+01             75.BR 35. 144   7
 6 3  6.30317E-06  4.60736E-01  4.60736E-01  1.80000E+01             75.BR 35. 145   3
 6 4  6.63270E-07  4.60900E-01  4.60900E-01  1.80000E+01             75.BR 35. 146   4
 119  1.23200E-01  4.67300E-01  4.67300E-01  0.00000E+00             75.BR 35. 147  19
 6 1  3.74003E-04  4.54681E-01  4.54681E-01  1.90000E+01             75.BR 35. 148   1
 6 5  3.73073E-05  4.65658E-01  4.65658E-01  1.90000E+01             75.BR 35. 149   5
 6 6  1.63874E-06  4.65819E-01  4.65819E-01  1.90000E+01             75.BR 35. 150   6
 6 7  1.65794E-06  4.65861E-01  4.65861E-01  1.90000E+01             75.BR 35. 151   7
 6 3  6.49461E-06  4.67136E-01  4.67136E-01  1.90000E+01             75.BR 35. 152   3
 6 4  6.83689E-07  4.67300E-01  4.67300E-01  1.90000E+01             75.BR 35. 153   4
 120  2.81600E-01  4.84400E-01  4.84400E-01  0.00000E+00             75.BR 35. 154  20
 6 1  7.64966E-04  4.71781E-01  4.71781E-01  2.00000E+01             75.BR 35. 155   1
 6 5  7.64196E-05  4.82758E-01  4.82758E-01  2.00000E+01             75.BR 35. 156   5
 6 6  3.23125E-06  4.82919E-01  4.82919E-01  2.00000E+01             75.BR 35. 157   6
 6 7  3.25066E-06  4.82961E-01  4.82961E-01  2.00000E+01             75.BR 35. 158   7
 6 3  1.32511E-05  4.84236E-01  4.84236E-01  2.00000E+01             75.BR 35. 159   3
 6 4  1.39695E-06  4.84400E-01  4.84400E-01  2.00000E+01             75.BR 35. 160   4
 121  1.76000E-01  4.88100E-01  4.88100E-01  0.00000E+00             75.BR 35. 161  21
 6 1  2.91465E-04  4.75481E-01  4.75481E-01  2.10000E+01             75.BR 35. 162   1
 6 5  2.97533E-05  4.86459E-01  4.86459E-01  2.10000E+01             75.BR 35. 163   5
 6 6  5.71940E-07  4.86619E-01  4.86619E-01  2.10000E+01             75.BR 35. 164   6
 6 7  2.75770E-07  4.86661E-01  4.86661E-01  2.10000E+01             75.BR 35. 165   7
 6 3  4.90693E-06  4.87936E-01  4.87936E-01  2.10000E+01             75.BR 35. 166   3
 6 4  5.26897E-07  4.88100E-01  4.88100E-01  2.10000E+01             75.BR 35. 167   4
 122  3.25600E-01  4.90700E-01  4.90700E-01  0.00000E+00             75.BR 35. 168  22
 6 1  5.32637E-04  4.78081E-01  4.78081E-01  2.20000E+01             75.BR 35. 169   1
 6 5  5.43720E-05  4.89059E-01  4.89059E-01  2.20000E+01             75.BR 35. 170   5
 6 6  1.04144E-06  4.89219E-01  4.89219E-01  2.20000E+01             75.BR 35. 171   6
 6 7  5.02924E-07  4.89261E-01  4.89261E-01  2.20000E+01             75.BR 35. 172   7
 6 3  8.96619E-06  4.90536E-01  4.90536E-01  2.20000E+01             75.BR 35. 173   3
 6 4  9.62831E-07  4.90700E-01  4.90700E-01  2.20000E+01             75.BR 35. 174   4
 123  8.80000E-02  5.14000E-01  5.14000E-01  0.00000E+00             75.BR 35. 175  23
 124  1.76000E-02  5.34800E-01  5.34800E-01  0.00000E+00             75.BR 35. 176  24
 6 1  2.36300E-05  5.22181E-01  5.22181E-01  2.40000E+01             75.BR 35. 177   1
 6 5  2.41215E-06  5.33158E-01  5.33158E-01  2.40000E+01             75.BR 35. 178   5
 6 6  4.35707E-08  5.33319E-01  5.33319E-01  2.40000E+01             75.BR 35. 179   6
 6 7  2.16012E-08  5.33361E-01  5.33361E-01  2.40000E+01             75.BR 35. 180   7
 6 3  3.97114E-07  5.34636E-01  5.34636E-01  2.40000E+01             75.BR 35. 181   3
 6 4  4.26868E-08  5.34800E-01  5.34800E-01  2.40000E+01             75.BR 35. 182   4
 125  1.14400E-01  5.34800E-01  5.34800E-01  0.00000E+00             75.BR 35. 183  25
 6 1  7.23404E-05  5.22181E-01  5.22181E-01  2.50000E+01             75.BR 35. 184   1
 6 5  7.25305E-06  5.33158E-01  5.33158E-01  2.50000E+01             75.BR 35. 185   5
 6 6  9.98754E-08  5.33319E-01  5.33319E-01  2.50000E+01             75.BR 35. 186   6
 6 7  1.79286E-07  5.33361E-01  5.33361E-01  2.50000E+01             75.BR 35. 187   7
 6 3  1.20084E-06  5.34636E-01  5.34636E-01  2.50000E+01             75.BR 35. 188   3
 6 4  1.28282E-07  5.34800E-01  5.34800E-01  2.50000E+01             75.BR 35. 189   4
 126  2.99200E-01  5.51650E-01  5.51650E-01  0.00000E+00             75.BR 35. 190  26
 6 1  1.75616E-04  5.39031E-01  5.39031E-01  2.60000E+01             75.BR 35. 191   1
 6 5  1.76160E-05  5.50009E-01  5.50009E-01  2.60000E+01             75.BR 35. 192   5
 6 6  2.36691E-07  5.50169E-01  5.50169E-01  2.60000E+01             75.BR 35. 193   6
 6 7  4.27542E-07  5.50211E-01  5.50211E-01  2.60000E+01             75.BR 35. 194   7
 6 3  2.91492E-06  5.51486E-01  5.51486E-01  2.60000E+01             75.BR 35. 195   3
 6 4  3.11479E-07  5.51650E-01  5.51650E-01  2.60000E+01             75.BR 35. 196   4
 127  4.48800E-01  5.66430E-01  5.66430E-01  0.00000E+00             75.BR 35. 197  27
 6 1  5.28753E-04  5.53811E-01  5.53811E-01  2.70000E+01             75.BR 35. 198   1
 6 5  5.39826E-05  5.64789E-01  5.64789E-01  2.70000E+01             75.BR 35. 199   5
 6 6  9.37047E-07  5.64949E-01  5.64949E-01  2.70000E+01             75.BR 35. 200   6
 6 7  4.73413E-07  5.64991E-01  5.64991E-01  2.70000E+01             75.BR 35. 201   7
 6 3  8.87677E-06  5.66266E-01  5.66266E-01  2.70000E+01             75.BR 35. 202   3
 6 4  9.54807E-07  5.66430E-01  5.66430E-01  2.70000E+01             75.BR 35. 203   4
 128  1.98880E+00  5.72930E-01  5.72930E-01  0.00000E+00             75.BR 35. 204  28
 6 1  2.28336E-03  5.60311E-01  5.60311E-01  2.80000E+01             75.BR 35. 205   1
 6 5  2.33126E-04  5.71289E-01  5.71289E-01  2.80000E+01             75.BR 35. 206   5
 6 6  4.01461E-06  5.71449E-01  5.71449E-01  2.80000E+01             75.BR 35. 207   6
 6 7  2.03612E-06  5.71491E-01  5.71491E-01  2.80000E+01             75.BR 35. 208   7
 6 3  3.83257E-05  5.72766E-01  5.72766E-01  2.80000E+01             75.BR 35. 209   3
 6 4  4.12292E-06  5.72930E-01  5.72930E-01  2.80000E+01             75.BR 35. 210   4
 129  8.80000E-02  5.79800E-01  5.79800E-01  0.00000E+00             75.BR 35. 211  29
 130  1.84800E-01  5.86100E-01  5.86100E-01  0.00000E+00             75.BR 35. 212  30
 6 1  9.39782E-05  5.73481E-01  5.73481E-01  3.00000E+01             75.BR 35. 213   1
 6 5  9.43479E-06  5.84458E-01  5.84458E-01  3.00000E+01             75.BR 35. 214   5
 6 6  1.20786E-07  5.84619E-01  5.84619E-01  3.00000E+01             75.BR 35. 215   6
 6 7  2.20977E-07  5.84661E-01  5.84661E-01  3.00000E+01             75.BR 35. 216   7
 6 3  1.55956E-06  5.85936E-01  5.85936E-01  3.00000E+01             75.BR 35. 217   3
 6 4  1.66745E-07  5.86100E-01  5.86100E-01  3.00000E+01             75.BR 35. 218   4
 131  3.25600E-01  5.98200E-01  5.98200E-01  0.00000E+00             75.BR 35. 219  31
 6 1  3.39155E-04  5.85581E-01  5.85581E-01  3.10000E+01             75.BR 35. 220   1
 6 5  3.46328E-05  5.96559E-01  5.96559E-01  3.10000E+01             75.BR 35. 221   5
 6 6  5.78620E-07  5.96719E-01  5.96719E-01  3.10000E+01             75.BR 35. 222   6
 6 7  2.97904E-07  5.96761E-01  5.96761E-01  3.10000E+01             75.BR 35. 223   7
 6 3  5.68845E-06  5.98036E-01  5.98036E-01  3.10000E+01             75.BR 35. 224   3
 6 4  6.12216E-07  5.98200E-01  5.98200E-01  3.10000E+01             75.BR 35. 225   4
 132  1.68080E+00  6.08900E-01  6.08900E-01  0.00000E+00             75.BR 35. 226  32
 6 1  1.68245E-03  5.96281E-01  5.96281E-01  3.20000E+01             75.BR 35. 227   1
 6 5  1.71816E-04  6.07259E-01  6.07259E-01  3.20000E+01             75.BR 35. 228   5
 6 6  2.83491E-06  6.07419E-01  6.07419E-01  3.20000E+01             75.BR 35. 229   6
 6 7  1.46884E-06  6.07461E-01  6.07461E-01  3.20000E+01             75.BR 35. 230   7
 6 3  2.82104E-05  6.08736E-01  6.08736E-01  3.20000E+01             75.BR 35. 231   3
 6 4  3.03666E-06  6.08900E-01  6.08900E-01  3.20000E+01             75.BR 35. 232   4
 133  1.49600E-01  6.46100E-01  6.46100E-01  0.00000E+00             75.BR 35. 233  33
 6 1  1.31178E-04  6.33481E-01  6.33481E-01  3.30000E+01             75.BR 35. 234   1
 6 5  1.33997E-05  6.44458E-01  6.44458E-01  3.30000E+01             75.BR 35. 235   5
 6 6  2.11974E-07  6.44619E-01  6.44619E-01  3.30000E+01             75.BR 35. 236   6
 6 7  1.12285E-07  6.44661E-01  6.44661E-01  3.30000E+01             75.BR 35. 237   7
 6 3  2.19739E-06  6.45936E-01  6.45936E-01  3.30000E+01             75.BR 35. 238   3
 6 4  2.36657E-07  6.46100E-01  6.46100E-01  3.30000E+01             75.BR 35. 239   4
 134  1.40800E-01  6.52200E-01  6.52200E-01  0.00000E+00             75.BR 35. 240  34
 135  3.52000E-01  6.59100E-01  6.59100E-01  0.00000E+00             75.BR 35. 241  35
 6 1  2.95307E-04  6.46481E-01  6.46481E-01  3.50000E+01             75.BR 35. 242   1
 6 5  3.01679E-05  6.57458E-01  6.57458E-01  3.50000E+01             75.BR 35. 243   5
 6 6  4.70486E-07  6.57619E-01  6.57619E-01  3.50000E+01             75.BR 35. 244   6
 6 7  2.51103E-07  6.57661E-01  6.57661E-01  3.50000E+01             75.BR 35. 245   7
 6 3  4.94512E-06  6.58936E-01  6.58936E-01  3.50000E+01             75.BR 35. 246   3
 6 4  5.32666E-07  6.59100E-01  6.59100E-01  3.50000E+01             75.BR 35. 247   4
 136  1.14400E-01  6.63800E-01  6.63800E-01  0.00000E+00             75.BR 35. 248  36
 6 1  4.37097E-05  6.51181E-01  6.51181E-01  3.60000E+01             75.BR 35. 249   1
 6 5  4.39419E-06  6.62158E-01  6.62158E-01  3.60000E+01             75.BR 35. 250   5
 6 6  5.08543E-08  6.62319E-01  6.62319E-01  3.60000E+01             75.BR 35. 251   6
 6 7  9.57237E-08  6.62361E-01  6.62361E-01  3.60000E+01             75.BR 35. 252   7
 6 3  7.24961E-07  6.63636E-01  6.63636E-01  3.60000E+01             75.BR 35. 253   3
 6 4  7.76066E-08  6.63800E-01  6.63800E-01  3.60000E+01             75.BR 35. 254   4
 137  1.14400E-01  6.76600E-01  6.76600E-01  0.00000E+00             75.BR 35. 255  37
 6 1  9.05712E-05  6.63981E-01  6.63981E-01  3.70000E+01             75.BR 35. 256   1
 6 5  9.25357E-06  6.74958E-01  6.74958E-01  3.70000E+01             75.BR 35. 257   5
 6 6  1.41627E-07  6.75119E-01  6.75119E-01  3.70000E+01             75.BR 35. 258   6
 6 7  7.63526E-08  6.75161E-01  6.75161E-01  3.70000E+01             75.BR 35. 259   7
 6 3  1.51603E-06  6.76436E-01  6.76436E-01  3.70000E+01             75.BR 35. 260   3
 6 4  1.63329E-07  6.76600E-01  6.76600E-01  3.70000E+01             75.BR 35. 261   4
 138  1.84800E-01  7.01600E-01  7.01600E-01  0.00000E+00             75.BR 35. 262  38
 6 1  1.35104E-04  6.88981E-01  6.88981E-01  3.80000E+01             75.BR 35. 263   1
 6 5  1.38028E-05  6.99959E-01  6.99959E-01  3.80000E+01             75.BR 35. 264   5
 6 6  2.05839E-07  7.00119E-01  7.00119E-01  3.80000E+01             75.BR 35. 265   6
 6 7  1.12546E-07  7.00161E-01  7.00161E-01  3.80000E+01             75.BR 35. 266   7
 6 3  2.26004E-06  7.01436E-01  7.01436E-01  3.80000E+01             75.BR 35. 267   3
 6 4  2.43493E-07  7.01600E-01  7.01600E-01  3.80000E+01             75.BR 35. 268   4
 139  1.54000E+00  7.33940E-01  7.33940E-01  0.00000E+00             75.BR 35. 269  39
 6 1  1.02050E-03  7.21321E-01  7.21321E-01  3.90000E+01             75.BR 35. 270   1
 6 5  1.04245E-04  7.32299E-01  7.32299E-01  3.90000E+01             75.BR 35. 271   5
 6 6  1.50503E-06  7.32459E-01  7.32459E-01  3.90000E+01             75.BR 35. 272   6
 6 7  8.37886E-07  7.32501E-01  7.32501E-01  3.90000E+01             75.BR 35. 273   7
 6 3  1.70576E-05  7.33776E-01  7.33776E-01  3.90000E+01             75.BR 35. 274   3
 6 4  1.83765E-06  7.33940E-01  7.33940E-01  3.90000E+01             75.BR 35. 275   4
 140  4.66400E-01  7.70800E-01  7.70800E-01  0.00000E+00             75.BR 35. 276  40
 6 1  1.28645E-04  7.58181E-01  7.58181E-01  4.00000E+01             75.BR 35. 277   1
 6 5  1.29415E-05  7.69159E-01  7.69159E-01  4.00000E+01             75.BR 35. 278   5
 6 6  1.32307E-07  7.69319E-01  7.69319E-01  4.00000E+01             75.BR 35. 279   6
 6 7  2.58555E-07  7.69361E-01  7.69361E-01  4.00000E+01             75.BR 35. 280   7
 6 3  2.12954E-06  7.70636E-01  7.70636E-01  4.00000E+01             75.BR 35. 281   3
 6 4  2.28425E-07  7.70800E-01  7.70800E-01  4.00000E+01             75.BR 35. 282   4
 141  1.05600E-01  7.81000E-01  7.81000E-01  0.00000E+00             75.BR 35. 283  41
 6 1  7.36252E-05  7.68381E-01  7.68381E-01  4.10000E+01             75.BR 35. 284   1
 6 5  7.44247E-06  7.79359E-01  7.79359E-01  4.10000E+01             75.BR 35. 285   5
 6 6  1.85816E-07  7.79519E-01  7.79519E-01  4.10000E+01             75.BR 35. 286   6
 6 7  1.81115E-07  7.79561E-01  7.79561E-01  4.10000E+01             75.BR 35. 287   7
 6 3  1.24360E-06  7.80836E-01  7.80836E-01  4.10000E+01             75.BR 35. 288   3
 6 4  1.32810E-07  7.81000E-01  7.81000E-01  4.10000E+01             75.BR 35. 289   4
 142  3.34400E-01  7.88700E-01  7.88700E-01  0.00000E+00             75.BR 35. 290  42
 6 1  1.89690E-04  7.76081E-01  7.76081E-01  4.20000E+01             75.BR 35. 291   1
 6 5  1.93727E-05  7.87059E-01  7.87059E-01  4.20000E+01             75.BR 35. 292   5
 6 6  2.65455E-07  7.87219E-01  7.87219E-01  4.20000E+01             75.BR 35. 293   6
 6 7  1.52320E-07  7.87261E-01  7.87261E-01  4.20000E+01             75.BR 35. 294   7
 6 3  3.16666E-06  7.88536E-01  7.88536E-01  4.20000E+01             75.BR 35. 295   3
 6 4  3.41069E-07  7.88700E-01  7.88700E-01  4.20000E+01             75.BR 35. 296   4
 143  2.37600E-01  8.59300E-01  8.59300E-01  0.00000E+00             75.BR 35. 297  43
 6 1  5.22858E-05  8.46681E-01  8.46681E-01  4.30000E+01             75.BR 35. 298   1
 6 5  5.26058E-06  8.57659E-01  8.57659E-01  4.30000E+01             75.BR 35. 299   5
 6 6  4.90413E-08  8.57819E-01  8.57819E-01  4.30000E+01             75.BR 35. 300   6
 6 7  9.88160E-08  8.57861E-01  8.57861E-01  4.30000E+01             75.BR 35. 301   7
 6 3  8.64062E-07  8.59136E-01  8.59136E-01  4.30000E+01             75.BR 35. 302   3
 6 4  9.27910E-08  8.59300E-01  8.59300E-01  4.30000E+01             75.BR 35. 303   4
 144  2.46400E-01  8.90700E-01  8.90700E-01  0.00000E+00             75.BR 35. 304  44
 6 1  1.07913E-04  8.78081E-01  8.78081E-01  4.40000E+01             75.BR 35. 305   1
 6 5  1.10159E-05  8.89059E-01  8.89059E-01  4.40000E+01             75.BR 35. 306   5
 6 6  1.37995E-07  8.89219E-01  8.89219E-01  4.40000E+01             75.BR 35. 307   6
 6 7  8.36281E-08  8.89261E-01  8.89261E-01  4.40000E+01             75.BR 35. 308   7
 6 3  1.79753E-06  8.90536E-01  8.90536E-01  4.40000E+01             75.BR 35. 309   3
 6 4  1.93462E-07  8.90700E-01  8.90700E-01  4.40000E+01             75.BR 35. 310   4
 145  5.01600E-01  8.97600E-01  8.97600E-01  0.00000E+00             75.BR 35. 311  45
 6 1  2.16141E-04  8.84981E-01  8.84981E-01  4.50000E+01             75.BR 35. 312   1
 6 5  2.20633E-05  8.95958E-01  8.95958E-01  4.50000E+01             75.BR 35. 313   5
 6 6  2.74797E-07  8.96119E-01  8.96119E-01  4.50000E+01             75.BR 35. 314   6
 6 7  1.67159E-07  8.96161E-01  8.96161E-01  4.50000E+01             75.BR 35. 315   7
 6 3  3.59979E-06  8.97436E-01  8.97436E-01  4.50000E+01             75.BR 35. 316   3
 6 4  3.87409E-07  8.97600E-01  8.97600E-01  4.50000E+01             75.BR 35. 317   4
 146  1.01200E+00  9.12050E-01  9.12050E-01  0.00000E+00             75.BR 35. 318  46
 6 1  1.97520E-04  8.99431E-01  8.99431E-01  4.60000E+01             75.BR 35. 319   1
 6 5  1.98732E-05  9.10408E-01  9.10408E-01  4.60000E+01             75.BR 35. 320   5
 6 6  1.75990E-07  9.10569E-01  9.10569E-01  4.60000E+01             75.BR 35. 321   6
 6 7  3.60955E-07  9.10611E-01  9.10611E-01  4.60000E+01             75.BR 35. 322   7
 6 3  3.26111E-06  9.11886E-01  9.11886E-01  4.60000E+01             75.BR 35. 323   3
 6 4  3.50361E-07  9.12050E-01  9.12050E-01  4.60000E+01             75.BR 35. 324   4
 147  1.40800E-01  9.46200E-01  9.46200E-01  0.00000E+00             75.BR 35. 325  47
 148  1.66320E+00  9.52100E-01  9.52100E-01  0.00000E+00             75.BR 35. 326  48
 6 1  6.33483E-04  9.39481E-01  9.39481E-01  4.80000E+01             75.BR 35. 327   1
 6 5  6.46496E-05  9.50459E-01  9.50459E-01  4.80000E+01             75.BR 35. 328   5
 6 6  7.70384E-07  9.50619E-01  9.50619E-01  4.80000E+01             75.BR 35. 329   6
 6 7  4.82608E-07  9.50661E-01  9.50661E-01  4.80000E+01             75.BR 35. 330   7
 6 3  1.05388E-05  9.51936E-01  9.51936E-01  4.80000E+01             75.BR 35. 331   3
 6 4  1.13362E-06  9.52100E-01  9.52100E-01  4.80000E+01             75.BR 35. 332   4
 149  2.64000E-01  9.59000E-01  9.59000E-01  0.00000E+00             75.BR 35. 333  49
 6 1  9.90524E-05  9.46381E-01  9.46381E-01  4.90000E+01             75.BR 35. 334   1
 6 5  1.01084E-05  9.57359E-01  9.57359E-01  4.90000E+01             75.BR 35. 335   5
 6 6  1.19801E-07  9.57519E-01  9.57519E-01  4.90000E+01             75.BR 35. 336   6
 6 7  7.53276E-08  9.57561E-01  9.57561E-01  4.90000E+01             75.BR 35. 337   7
 6 3  1.64763E-06  9.58836E-01  9.58836E-01  4.90000E+01             75.BR 35. 338   3
 6 4  1.77219E-07  9.59000E-01  9.59000E-01  4.90000E+01             75.BR 35. 339   4
 150  4.40000E-01  9.61400E-01  9.61400E-01  0.00000E+00             75.BR 35. 340  50
 6 1  7.74035E-05  9.48781E-01  9.48781E-01  5.00000E+01             75.BR 35. 341   1
 6 5  7.78784E-06  9.59759E-01  9.59759E-01  5.00000E+01             75.BR 35. 342   5
 6 6  6.58721E-08  9.59919E-01  9.59919E-01  5.00000E+01             75.BR 35. 343   6
 6 7  1.37346E-07  9.59961E-01  9.59961E-01  5.00000E+01             75.BR 35. 344   7
 6 3  1.27695E-06  9.61236E-01  9.61236E-01  5.00000E+01             75.BR 35. 345   3
 6 4  1.37217E-07  9.61400E-01  9.61400E-01  5.00000E+01             75.BR 35. 346   4
 151  8.80000E-02  9.74900E-01  9.74900E-01  0.00000E+00             75.BR 35. 347  51
 6 1  3.19083E-05  9.62281E-01  9.62281E-01  5.10000E+01             75.BR 35. 348   1
 6 5  3.25608E-06  9.73259E-01  9.73259E-01  5.10000E+01             75.BR 35. 349   5
 6 6  3.81128E-08  9.73419E-01  9.73419E-01  5.10000E+01             75.BR 35. 350   6
 6 7  2.41691E-08  9.73461E-01  9.73461E-01  5.10000E+01             75.BR 35. 351   7
 6 3  5.30590E-07  9.74736E-01  9.74736E-01  5.10000E+01             75.BR 35. 352   3
 6 4  5.70616E-08  9.74900E-01  9.74900E-01  5.10000E+01             75.BR 35. 353   4
 152  1.05600E-01  1.07420E+00  1.07420E+00  0.00000E+00             75.BR 35. 354  52
 6 1  1.50357E-05  1.06158E+00  1.06158E+00  5.20000E+01             75.BR 35. 355   1
 6 5  1.51205E-06  1.07256E+00  1.07256E+00  5.20000E+01             75.BR 35. 356   5
 6 6  1.15936E-08  1.07272E+00  1.07272E+00  5.20000E+01             75.BR 35. 357   6
 6 7  2.50934E-08  1.07276E+00  1.07276E+00  5.20000E+01             75.BR 35. 358   7
 6 3  2.47563E-07  1.07404E+00  1.07404E+00  5.20000E+01             75.BR 35. 359   3
 6 4  2.65932E-08  1.07420E+00  1.07420E+00  5.20000E+01             75.BR 35. 360   4
 153  1.84800E-01  1.14450E+00  1.14450E+00  0.00000E+00             75.BR 35. 361  53
 6 1  4.82359E-05  1.13188E+00  1.13188E+00  5.30000E+01             75.BR 35. 362   1
 6 5  4.92061E-06  1.14286E+00  1.14286E+00  5.30000E+01             75.BR 35. 363   5
 6 6  5.09188E-08  1.14302E+00  1.14302E+00  5.30000E+01             75.BR 35. 364   6
 6 7  3.52839E-08  1.14306E+00  1.14306E+00  5.30000E+01             75.BR 35. 365   7
 6 3  7.99614E-07  1.14434E+00  1.14434E+00  5.30000E+01             75.BR 35. 366   3
 6 4  8.58550E-08  1.14450E+00  1.14450E+00  5.30000E+01             75.BR 35. 367   4
 154  4.75200E-01  1.24550E+00  1.24550E+00  0.00000E+00             75.BR 35. 368  54
 6 1  5.17447E-05  1.23288E+00  1.23288E+00  5.40000E+01             75.BR 35. 369   1
 6 5  5.20163E-06  1.24386E+00  1.24386E+00  5.40000E+01             75.BR 35. 370   5
 6 6  3.48742E-08  1.24402E+00  1.24402E+00  5.40000E+01             75.BR 35. 371   6
 6 7  7.98576E-08  1.24406E+00  1.24406E+00  5.40000E+01             75.BR 35. 372   7
 6 3  8.50435E-07  1.24534E+00  1.24534E+00  5.40000E+01             75.BR 35. 373   3
 6 4  9.11205E-08  1.24550E+00  1.24550E+00  5.40000E+01             75.BR 35. 374   4
 155  1.14400E-01  1.38050E+00  1.38050E+00  0.00000E+00             75.BR 35. 375  55
 6 1  2.05645E-05  1.36788E+00  1.36788E+00  5.50000E+01             75.BR 35. 376   1
 6 5  2.09715E-06  1.37886E+00  1.37886E+00  5.50000E+01             75.BR 35. 377   5
 6 6  1.87001E-08  1.37902E+00  1.37902E+00  5.50000E+01             75.BR 35. 378   6
 6 7  1.45571E-08  1.37906E+00  1.37906E+00  5.50000E+01             75.BR 35. 379   7
 6 3  3.39369E-07  1.38034E+00  1.38034E+00  5.50000E+01             75.BR 35. 380   3
 6 4  3.63691E-08  1.38050E+00  1.38050E+00  5.50000E+01             75.BR 35. 381   4
 156  3.25600E-01  1.44890E+00  1.44890E+00  0.00000E+00             75.BR 35. 382  56
 6 1  2.73495E-05  1.43628E+00  1.43628E+00  5.60000E+01             75.BR 35. 383   1
 6 5  2.75354E-06  1.44726E+00  1.44726E+00  5.60000E+01             75.BR 35. 384   5
 6 6  1.60281E-08  1.44742E+00  1.44742E+00  5.60000E+01             75.BR 35. 385   6
 6 7  3.92314E-08  1.44746E+00  1.44746E+00  5.60000E+01             75.BR 35. 386   7
 6 3  4.49890E-07  1.44874E+00  1.44874E+00  5.60000E+01             75.BR 35. 387   3
 6 4  4.79229E-08  1.44890E+00  1.44890E+00  5.60000E+01             75.BR 35. 388   4
 157  1.14400E-01  1.51580E+00  1.51580E+00  0.00000E+00             75.BR 35. 389  57
 158  1.23200E-01  1.56100E+00  1.56100E+00  0.00000E+00             75.BR 35. 390  58
 6 1  9.15181E-06  1.54838E+00  1.54838E+00  5.80000E+01             75.BR 35. 391   1
 6 5  9.23127E-07  1.55936E+00  1.55936E+00  5.80000E+01             75.BR 35. 392   5
 6 6  5.00412E-09  1.55952E+00  1.55952E+00  5.80000E+01             75.BR 35. 393   6
 6 7  1.27053E-08  1.55956E+00  1.55956E+00  5.80000E+01             75.BR 35. 394   7
 6 3  1.50830E-07  1.56084E+00  1.56084E+00  5.80000E+01             75.BR 35. 395   3
 6 4  1.59971E-08  1.56100E+00  1.56100E+00  5.80000E+01             75.BR 35. 396   4
 2 1  4.30072E+00  1.11378E-02  1.11378E-02  0.00000E+00             75.BR 35. 397   1
 2 2  8.31932E+00  1.11804E-02  1.11804E-02  0.00000E+00             75.BR 35. 398   2
 2 3  5.80978E-01  1.24492E-02  1.24492E-02  0.00000E+00             75.BR 35. 399   3
 2 4  1.13377E+00  1.24553E-02  1.24553E-02  0.00000E+00             75.BR 35. 400   4
 2 5  1.36867E-03  1.25541E-02  1.25541E-02  0.00000E+00             75.BR 35. 401   5
 2 6  1.96863E-03  1.25550E-02  1.25550E-02  0.00000E+00             75.BR 35. 402   6
 2 7  2.75473E-02  1.26092E-02  1.26092E-02  0.00000E+00             75.BR 35. 403   7
 2 8  5.30290E-02  1.26096E-02  1.26096E-02  0.00000E+00             75.BR 35. 404   8
 221  1.54923E-04  1.60300E-04  1.60300E-04  0.00000E+00             75.BR 35. 405  21
 222  8.53867E-04  2.02900E-04  2.02900E-04  0.00000E+00             75.BR 35. 406  22
 223  1.02572E-02  1.47173E-03  1.47173E-03  0.00000E+00             75.BR 35. 407  23
 224  1.81609E-02  1.47779E-03  1.47779E-03  0.00000E+00             75.BR 35. 408  24
 225  5.15018E-05  1.57659E-03  1.57659E-03  0.00000E+00             75.BR 35. 409  25
 226  7.65803E-05  1.57752E-03  1.57752E-03  0.00000E+00             75.BR 35. 410  26
 227  5.17247E-04  1.63168E-03  1.63168E-03  0.00000E+00             75.BR 35. 411  27
 228  9.22220E-04  1.63210E-03  1.63210E-03  0.00000E+00             75.BR 35. 412  28
 241  1.45752E-08  4.26000E-05  4.26000E-05  0.00000E+00             75.BR 35. 413  41
 242  4.17354E-02  1.25510E-03  1.25510E-03  0.00000E+00             75.BR 35. 414  42
 243  2.48267E-04  1.31749E-03  1.31749E-03  0.00000E+00             75.BR 35. 415  43
 244  1.47501E-01  1.41629E-03  1.41629E-03  0.00000E+00             75.BR 35. 416  44
 245  1.72829E-03  1.46021E-03  1.46021E-03  0.00000E+00             75.BR 35. 417  45
 246  1.80437E-06  1.47180E-03  1.47180E-03  0.00000E+00             75.BR 35. 418  46
 261  1.02897E-01  1.21250E-03  1.21250E-03  0.00000E+00             75.BR 35. 419  61
 262  3.07928E-04  1.26882E-03  1.26882E-03  0.00000E+00             75.BR 35. 420  62
 263  2.95220E-04  1.27489E-03  1.27489E-03  0.00000E+00             75.BR 35. 421  63
 264  2.97762E-02  1.37369E-03  1.37369E-03  0.00000E+00             75.BR 35. 422  64
 265  2.98114E-01  1.37463E-03  1.37463E-03  0.00000E+00             75.BR 35. 423  65
 266  3.42804E-03  1.41761E-03  1.41761E-03  0.00000E+00             75.BR 35. 424  66
 267  1.91385E-06  1.42878E-03  1.42878E-03  0.00000E+00             75.BR 35. 425  67
 268  1.81742E-06  1.42920E-03  1.42920E-03  0.00000E+00             75.BR 35. 426  68
 291  4.81259E-03  1.06278E-04  1.06278E-04  0.00000E+00             75.BR 35. 427  91
 294  2.45809E+02  1.58664E-05  1.58664E-05  0.00000E+00             75.BR 35. 428  94
 7 1  7.74440E+00  9.62662E-03  9.62662E-03  0.00000E+00             75.BR 35. 429   1
 7 2  2.28288E+00  1.09573E-02  1.09573E-02  0.00000E+00             75.BR 35. 430   2
 7 3  1.71625E-01  1.22910E-02  1.22910E-02  0.00000E+00             75.BR 35. 431   3
 7 4  9.54261E+00  9.70424E-05  9.70424E-05  0.00000E+00             75.BR 35. 432   4
 7 5  3.51579E+01  1.23914E-03  1.23914E-03  0.00000E+00             75.BR 35. 433   5
 7 6  1.67177E+00  1.31964E-03  1.31964E-03  0.00000E+00             75.BR 35. 434   6
 7 7  2.96257E-02  1.44797E-03  1.44797E-03  0.00000E+00             75.BR 35. 435   7
 7 8  4.21582E+01  5.48128E-05  5.48128E-05  0.00000E+00             75.BR 35. 436   8
 7 9  1.13311E+02  3.25250E-05  3.25250E-05  0.00000E+00             75.BR 35. 437   9
%%%%  75 BR  35    EC B+        5.80200E+03 96.7 M     02-11-2005       SEEIEND 
 


   ***************************************************** 
   *                 Radiation Summary                 * 
   ***************************************************** 
 
  Energy released by
    Gamma-ray                       (MeV) =   4.45926E-01
    X-ray                           (MeV) =   1.64216E-03
    Free-bound X-ray                (MeV) =   3.90011E-05
    Annihilation photon             (MeV) =   7.45501E-01
    Beta+ particle                  (MeV) =   5.24618E-01
    Neutrino                        (MeV) =   1.31207E+00
    Beta- particle                  (MeV) =   0.00000E+00
    Neutrino-                       (MeV) =   0.00000E+00
    Internal conv. electron         (MeV) =   2.08908E-03
    Auger and CK electron           (MeV) =   1.54413E-03
    Alpha particle                  (MeV) =   0.00000E+00
    Recoil nucleus                  (MeV) =   0.00000E+00
  E-total (except unplaced radiat.) (MeV) =   3.03343E+00
  E-unplaced radiation              (MeV) =   4.94717E-03
  Q-value from ENSDF data           (MeV) =   3.03000E+00
  Ratio of E-total/Q-value          ( % ) =   1.00113E+02
  Ratio of E-unplaced radi./Q-value ( % ) =   1.63273E-01

 
  Total yield of
    Gamma-ray                             =   1.28835E+00
    X-ray                                 =   1.50805E-01
    Free-bound X-ray                      =   2.45809E+00
    Annihilation photon                   =   1.45891E+00
    Beta+ particle                        =   7.29453E-01
    Beta- particle                        =   0.00000E+00
    Internal conv. electron               =   6.00397E-02
    Auger and CK electron                 =   2.12070E+00
    Alpha particle                        =   0.00000E+00
  Yield of unplaced radiation             =   5.72000E-03


