%%%%  77 BR  35    EC B+        2.05330E+05 57.036 H   02-11-2005       BALASTAR
1  77   BR  35 57.036 H        EC B+      
1INTENSITY AND ENERGY BALANCE DATA

              77-BROMINE-35
+                                    HALFLIFE = 57.036 HOURS   
+                                                                  02-11-2005


    LEVEL       INTENSITY   INTENSITY
    ENERGY      ENTERING    LEAVING     PERCENT
    (MEV)       LEVEL       LEVEL       ERROR

   0.0000E+00  1.0003E+02
   1.6201E-01  2.1983E+00  2.0826E+00  5.4061E+00                      
   1.7546E-01  2.8999E-02  2.8875E-02  4.2895E-01                      
   2.3895E-01  2.3423E+01  2.3349E+01  3.1624E-01                      
   2.4975E-01  4.6533E+00  4.6491E+00  8.8659E-02                      
   3.0109E-01  1.5705E-01  1.5693E-01  7.9076E-02                      
   4.3943E-01  2.8303E+00  2.8382E+00  2.7793E-01                      
   5.2058E-01  2.4974E+01  2.5095E+01  4.8323E-01                      
   5.8101E-01  9.9333E-02  1.0007E-01  7.3669E-01                      
   6.7983E-01  1.8207E-01  1.8027E-01  9.9346E-01                      
   8.1780E-01  1.0048E+01  1.0144E+01  9.4904E-01                      
   8.2439E-01  4.9852E+00  4.9599E+00  5.0935E-01                      
   9.1149E-01  1.4585E-01  1.4702E-01  8.0188E-01                      
   1.0051E+00  4.4553E+00  4.4753E+00  4.4788E-01                      
   1.1868E+00  9.9894E-03  1.0631E-02  6.2215E+00                      
   1.2306E+00  3.7960E-02  3.8825E-02  2.2531E+00                      


 INTENSITY TO GROUND AND ISOMERIC STATE(S) OF DAUGHTER(S)=  1.000E+02
 TOTAL INTENSITY FROM PARENT=  1.000E+02
 PERCENT ERROR =  2.692E-02                      


 TOTAL INTENSITY FROM PARENT =  1.000E+02
 VALUE IS WITHIN   1.53E-05% OF 100                      


 TOTAL ENERGY AVAILABLE =  1.365E+00 MEV
 TOTAL ENERGY CONTENT OF ALL RADIATIONS =  1.366E+00 MEV
 PERCENT ERROR =  8.156E-02                      
%%%%  77 BR  35    EC B+        2.05330E+05 57.036 H   02-11-2005       BALAEND 
%%%%  77 BR  35    EC B+        2.05330E+05 57.036 H   02-11-2005       INPUSTAR
1                                      **INPUT DATA**
              77-BROMINE-35
+                                    HALFLIFE = 57.036 HOURS   
+                                                                  02-11-2005

            MODES OF DECAY: ELECTRON CAPTURE, BETA PLUS
 
                                MEAN
                                NUMBER/    TRANSITION
                TYPE OF    ID   TRANSFOR-  ENERGY
              TRANSITION   NO.  MATION     (MEV)       OTHER NUCLEAR PARAMETERS

           ELECT. CAPTURE   1   3.80E-04   1.345E-01   ALLOWED                                  
           ELECT. CAPTURE   2   9.99E-05   1.783E-01   ALLOWED                                  
+                                                              ASSUMED                          
           ELECT. CAPTURE   3   4.46E-02   3.600E-01   ALLOWED                                  
           ELECT. CAPTURE   4   1.46E-03   4.536E-01   FIRST FORBIDDEN                          
           ELECT. CAPTURE   5   4.70E-02   5.407E-01   ALLOWED                                  
           ELECT. CAPTURE   6   9.99E-02   5.473E-01   ALLOWED                                  
           ELECT. CAPTURE   7   8.99E-04   6.853E-01   FIRST FORBIDDEN                          
           ELECT. CAPTURE   8   4.00E-04   7.841E-01   SECOND FORBIDDEN                         
           ELECT. CAPTURE   9   1.86E-01   8.445E-01   ALLOWED                                  
           ELECT. CAPTURE  10   1.46E-02   9.257E-01   ALLOWED                                  
           ELECT. CAPTURE  11   5.99E-04   1.064E+00   FIRST FORBIDDEN                          
           ELECT. CAPTURE  12   5.39E-03   1.115E+00   ALLOWED                                  
           ELECT. CAPTURE  13   1.53E-01   1.126E+00   ALLOWED                                  
           ELECT. CAPTURE  14   1.20E-03   1.203E+00   UNIQUE FIRST FORBIDDEN                   
           ELECT. CAPTURE  15   4.38E-01   1.365E+00   ALLOWED                                  
                BETA PLUS   1   1.78E-05   1.042E-01*  ALLOWED                                  
                BETA PLUS   2   7.39E-03   3.431E-01*  ALLOWED                                  
           I.C.E. + GAMMA   1   2.89E-04   1.340E-02   M1 MULTIPOLE                             
+                                                                    AK= 30.5                   
                                                       AL1=3.16      AL2=0.232                  
                                                       AL3=0.0818    AM= 0.556                  
           I.C.E. + GAMMA   2   2.46E-04   8.090E-02   M1 MULTIPOLE                             
+                                                                    AK= 0.164                  
                                                       AL1=0.0169    AM= 0.00290                
           I.C.E. + GAMMA   3   1.58E-02   8.759E-02   E1+M2 MULTIPOLE                          
                                                       MRS=0.00810   AK= 0.116                  
                                                       AL1=0.0112    AM= 0.00204                
           I.C.E. + GAMMA   4   1.26E-04   1.256E-01   E2 MULTIPOLE                             
+                                                                    AK= 0.312                  
                                                       AL1=0.0290    AL2=0.00498                
                                                       AL3=0.00666   AM= 0.00647                
           I.C.E. + GAMMA   5   1.44E-03   1.390E-01   M1+E2 MULTIPOLE                          
                                                       MRS=0.562     AK= 0.101                  
                                                       AL1=0.00975   AL2=0.00120                
                                                       AL3=0.00149   AM= 0.00198                
           I.C.E. + GAMMA   6   2.64E-05   1.411E-01   M1 MULTIPOLE                             
+                                                                    AK= 0.0361                 
                                                       AL1=0.00373                              
           I.C.E. + GAMMA   7   5.93E-05   1.445E-01   E1 MULTIPOLE                             
+                                                                    AK= 0.0237                 
                                                       AL1=0.00229                              
           I.C.E. + GAMMA   8   2.08E-02   1.618E-01   E3 MULTIPOLE                             
+                                                                    AK= 0.739                  
                                                       AL1=0.0684    AL2=0.0286                 
                                                       AL3=0.0316    AM= 0.0206                 
           I.C.E. + GAMMA   9   2.90E-03   1.807E-01   M1 MULTIPOLE                             
+                                                                    AK= 0.0189                 
                                                       AL1=0.00194                              
           I.C.E. + GAMMA  10   5.89E-04   1.873E-01   M1 MULTIPOLE                             
+                                                                    AK= 0.0172                 
                                                       AL1=0.00177                              
           I.C.E. + GAMMA  11   2.35E-05   1.896E-01   M1 MULTIPOLE                             
+                                                                    AK= 0.0167                 
                                                       AL1=0.00172                              
           I.C.E. + GAMMA  12   1.23E-02   2.004E-01   M1+E2 MULTIPOLE                          
                                                       MRS=0.00810   AK= 0.0148                 
                                                       AL1=0.00152                              
           I.C.E. + GAMMA  13   6.31E-04   2.315E-01   M1 MULTIPOLE                             
+                                                                    AK= 0.0100                 
                                                       AL1=0.00103                              
           I.C.E. + GAMMA  14   2.33E-01   2.390E-01   M1+E2 MULTIPOLE                          
                                                       MRS=0.0169    AK= 0.00959                
           I.C.E. + GAMMA  15   3.73E-04   2.434E-01   M1 MULTIPOLE                             
+                                                                    AK= 0.00884                
           I.C.E. + GAMMA  16   3.07E-02   2.498E-01   E2 MULTIPOLE                             
+                                                                    AK= 0.0252                 
                                                       AL1=0.00245                              
           I.C.E. + GAMMA  17   3.24E-03   2.708E-01   M1+E2 MULTIPOLE                          
                                                       MRS=0.0900    AK= 0.00777                
           I.C.E. + GAMMA  18   3.25E-04   2.775E-01   E1 MULTIPOLE                             
+                                                                    AK= 0.00355                
           I.C.E. + GAMMA  19   2.30E-02   2.817E-01   M1+E2 MULTIPOLE                          
                                                       MRS=0.0144    AK= 0.00629                
           I.C.E. + GAMMA  20   4.18E-02   2.972E-01   M1+E2 MULTIPOLE                          
                                                       MRS=0.0289    AK= 0.00561                
           I.C.E. + GAMMA  21   1.18E-02   3.038E-01   M1 MULTIPOLE                             
+                                                                    AK= 0.00510                
           I.C.E. + GAMMA  22   2.32E-04   3.251E-01   E1 MULTIPOLE                             
+                                                                    AK= 0.00229                
           I.C.E. + GAMMA  23   6.73E-04   3.312E-01   M1 MULTIPOLE                             
+                                                                    AK= 0.00413                
           I.C.E. + GAMMA  24   6.30E-05   3.421E-01   E2 MULTIPOLE                             
+                                                                    AK= 0.00844                
           I.C.E. + GAMMA  25   6.05E-04   3.785E-01   E2 MULTIPOLE                             
+                                                                    AK= 0.00601                
           I.C.E. + GAMMA  26   9.27E-05   3.785E-01   M1 MULTIPOLE                             
+                                                                    AK= 0.00300                
           I.C.E. + GAMMA  27   8.39E-03   3.850E-01   M1+E2 MULTIPOLE                          
                                                       MRS=0.0529    AK= 0.00302                
           I.C.E. + GAMMA  28   2.24E-04   3.910E-01   E1 MULTIPOLE                             
+                                                                    AK= 0.00139                
           I.C.E. + GAMMA  29   7.40E-05   4.059E-01   E1 MULTIPOLE                             
+                                                                    AK= 0.00126                
           I.C.E. + GAMMA  30   1.64E-04   4.192E-01   E1 MULTIPOLE                             
+                                                                    AK= 0.00116                
           I.C.E. + GAMMA  31   2.20E-04   4.242E-01   E2 MULTIPOLE                             
+                                                                    AK= 0.00413                
           I.C.E. + GAMMA  32   1.57E-02   4.395E-01   E2 MULTIPOLE                             
+                                                                    AK= 0.00369                
           I.C.E. + GAMMA  33   7.86E-05   4.720E-01   E1 MULTIPOLE                             
           I.C.E. + GAMMA  34   1.00E-02   4.846E-01   M1+E2 MULTIPOLE                          
                                                       MRS=0.0729    AK= 0.00175                
           I.C.E. + GAMMA  35   9.03E-05   5.045E-01   E2 MULTIPOLE                             
+                                                                    AK= 0.00240                
           I.C.E. + GAMMA  36   1.62E-03   5.179E-01   M1 MULTIPOLE                             
+                                                                    AK= 0.00144                
           I.C.E. + GAMMA  37   2.24E-01   5.207E-01   M1+E2 MULTIPOLE                          
                                                       MRS=0.0289    AK= 0.00145                
           I.C.E. + GAMMA  38   3.93E-04   5.234E-01   E1 MULTIPOLE                             
           I.C.E. + GAMMA  39   4.28E-03   5.659E-01   M1 MULTIPOLE                             
+                                                                    AK= 0.00118                
           I.C.E. + GAMMA  40   8.59E-03   5.679E-01   E2 MULTIPOLE                             
+                                                                    AK= 0.00168                
           I.C.E. + GAMMA  41   1.19E-02   5.746E-01   M1+E2 MULTIPOLE                          
                                                       MRS=0.109     AK= 0.00119                
           I.C.E. + GAMMA  42   2.96E-02   5.789E-01   M1+E2 MULTIPOLE                          
                                                       AK= 0.00112                              
           I.C.E. + GAMMA  43   1.57E-02   5.855E-01   M1 MULTIPOLE                             
+                                                                    AK= 0.00109                
           I.C.E. + GAMMA  44   2.15E-04   6.104E-01   M1 MULTIPOLE                             
           I.C.E. + GAMMA  45   8.09E-04   6.624E-01   E1 MULTIPOLE                             
           I.C.E. + GAMMA  46   1.59E-04   7.041E-01   E1 MULTIPOLE                             
           I.C.E. + GAMMA  47   2.96E-04   7.496E-01   E2 MULTIPOLE                             
           I.C.E. + GAMMA  48   1.67E-02   7.553E-01   M1+E2 MULTIPOLE                          
                                                       MRS=0.0900                               
           I.C.E. + GAMMA  49   4.16E-04   7.661E-01   M1 MULTIPOLE                             
           I.C.E. + GAMMA  50   9.25E-05   7.913E-01   M1 MULTIPOLE                             
           I.C.E. + GAMMA  51   2.08E-02   8.178E-01   M1 MULTIPOLE                             
           I.C.E. + GAMMA  52   1.32E-04   8.243E-01   E2 MULTIPOLE                             
           I.C.E. + GAMMA  53   8.32E-05   8.857E-01   M1 MULTIPOLE ASSUMED                     
           I.C.E. + GAMMA  54   2.54E-05   9.114E-01   E1 MULTIPOLE                             
           I.C.E. + GAMMA  55   2.77E-05   9.294E-01   E1 MULTIPOLE                             
           I.C.E. + GAMMA  56   6.93E-06   9.475E-01   M1 MULTIPOLE ASSUMED                     
           I.C.E. + GAMMA  57   3.70E-05   9.808E-01   M1 MULTIPOLE                             
           I.C.E. + GAMMA  58   2.22E-04   9.917E-01   M1 MULTIPOLE                             
           I.C.E. + GAMMA  59   9.24E-03   1.005E+00   M1 MULTIPOLE                             
           I.C.E. + GAMMA  60   1.62E-05   1.187E+00   M1 MULTIPOLE ASSUMED                     
           I.C.E. + GAMMA  61   9.24E-06   1.231E+00   E2 MULTIPOLE                             
 
           * ENDPOINT ENERGY (MEV)
           - - - - - - - - - -
           Reference: Evaluated Nuclear Structure Data File (ENSDF)
                DATE DATA WERE ENTERED INTO ENSDF: Aug-1997
%%%%  77 BR  35    EC B+        2.05330E+05 57.036 H   02-11-2005       INPUEND 
%%%%  77 BR  35    EC B+        2.05330E+05 57.036 H   02-11-2005       OUTPSTAR
1                                      **OUTPUT DATA**
              77-BROMINE-35
+                                    HALFLIFE = 57.036 HOURS   
+                                                                  02-11-2005

            MODES OF DECAY: ELECTRON CAPTURE, BETA PLUS
 
                                              MEAN
                                              NUMBER/                  MEV/
                                         ID   TRANSFOR-   ENERGY       TRANSFOR-
                  TYPE OF RADIATION      NO.  MATION      (MEV)        MATION

           BETA PLUS                      2   7.39E-03    1.519E-01*   1.12E-03
           ANNIHILATION RADIATION             1.48E-02    5.110E-01    7.57E-03
           GAMMA-RAY                      3   1.40E-02    8.759E-02    1.23E-03
           K CONV. ELECTRON, GAMMA-RAY    3   1.63E-03    7.497E-02    1.22E-04
           L1 CONV. ELECTRON, GAMMA-RAY   3   1.57E-04    8.595E-02    1.35E-05
           K CONV. ELECTRON, GAMMA-RAY    5   1.31E-04    1.263E-01    1.66E-05
           GAMMA-RAY                      8   1.10E-02    1.618E-01    1.78E-03
           K CONV. ELECTRON, GAMMA-RAY    8   8.14E-03    1.492E-01    1.22E-03
           L1 CONV. ELECTRON, GAMMA-RAY   8   7.53E-04    1.602E-01    1.21E-04
           L2 CONV. ELECTRON, GAMMA-RAY   8   3.15E-04    1.603E-01    5.05E-05
           L3 CONV. ELECTRON, GAMMA-RAY   8   3.48E-04    1.604E-01    5.58E-05
           M CONV. ELECTRON, GAMMA-RAY    8   2.27E-04    1.617E-01*   3.66E-05
           GAMMA-RAY                      9   2.84E-03    1.807E-01    5.13E-04
           GAMMA-RAY                     12   1.21E-02    2.004E-01    2.43E-03
           K CONV. ELECTRON, GAMMA-RAY   12   1.79E-04    1.878E-01    3.37E-05
           GAMMA-RAY                     14   2.31E-01    2.390E-01    5.52E-02
           K CONV. ELECTRON, GAMMA-RAY   14   2.21E-03    2.264E-01    5.01E-04
           L1 CONV. ELECTRON, GAMMA-RAY  14   2.27E-04    2.373E-01    5.38E-05
           GAMMA-RAY                     16   2.98E-02    2.498E-01    7.44E-03
           K CONV. ELECTRON, GAMMA-RAY   16   7.52E-04    2.372E-01    1.78E-04
           L1 CONV. ELECTRON, GAMMA-RAY  16   7.31E-05    2.481E-01    1.81E-05
           GAMMA-RAY                     17   3.21E-03    2.708E-01    8.70E-04
           GAMMA-RAY                     19   2.29E-02    2.817E-01    6.44E-03
           K CONV. ELECTRON, GAMMA-RAY   19   1.44E-04    2.690E-01    3.87E-05
           GAMMA-RAY                     20   4.16E-02    2.972E-01    1.24E-02
           K CONV. ELECTRON, GAMMA-RAY   20   2.33E-04    2.846E-01    6.64E-05
           GAMMA-RAY                     21   1.18E-02    3.038E-01    3.58E-03
           K CONV. ELECTRON, GAMMA-RAY   21   6.01E-05    2.911E-01    1.75E-05
           GAMMA-RAY                     27   8.36E-03    3.850E-01    3.22E-03
           K CONV. ELECTRON, GAMMA-RAY   27   2.53E-05    3.724E-01    9.41E-06
           GAMMA-RAY                     32   1.56E-02    4.395E-01    6.87E-03
           K CONV. ELECTRON, GAMMA-RAY   32   5.77E-05    4.269E-01    2.46E-05
           GAMMA-RAY                     34   1.00E-02    4.846E-01    4.85E-03
           GAMMA-RAY                     36   1.62E-03    5.179E-01    8.37E-04
           GAMMA-RAY                     37   2.24E-01    5.207E-01    1.17E-01
           K CONV. ELECTRON, GAMMA-RAY   37   3.25E-04    5.081E-01    1.65E-04
           L1 CONV. ELECTRON, GAMMA-RAY  37   3.31E-05    5.190E-01    1.72E-05
           GAMMA-RAY                     39   4.27E-03    5.659E-01    2.42E-03
           GAMMA-RAY                     40   8.57E-03    5.679E-01    4.87E-03
           GAMMA-RAY                     41   1.19E-02    5.746E-01    6.82E-03
           GAMMA-RAY                     42   2.96E-02    5.789E-01    1.71E-02
           K CONV. ELECTRON, GAMMA-RAY   42   3.32E-05    5.663E-01    1.88E-05
           GAMMA-RAY                     43   1.57E-02    5.855E-01    9.18E-03
           K CONV. ELECTRON, GAMMA-RAY   43   1.71E-05    5.729E-01    9.82E-06
           GAMMA-RAY                     45   8.08E-04    6.624E-01    5.36E-04
           GAMMA-RAY                     48   1.67E-02    7.553E-01    1.26E-02
           GAMMA-RAY                     51   2.08E-02    8.178E-01    1.70E-02
           GAMMA-RAY                     59   9.24E-03    1.005E+00    9.29E-03
           K -L2 X-RAY                        1.55E-01    1.114E-02    1.72E-03
           K -L3 X-RAY                        2.99E-01    1.118E-02    3.34E-03
           K -M3 X-RAY                        4.08E-02    1.246E-02    5.08E-04
           AUGER KLL                          2.78E-01    9.627E-03*   2.68E-03
           AUGER KLX                          8.21E-02    1.096E-02*   8.99E-04
           AUGER KXY                          6.17E-03    1.229E-02*   7.58E-05
           CK LLX                             2.29E-01    9.469E-05*   2.17E-05
           AUGER LMM                          1.12E+00    1.237E-03*   1.39E-03
           AUGER LMX                          5.28E-02    1.316E-03*   6.94E-05
           CK MMX                             1.30E+00    5.460E-05*   7.11E-05
           AUGER MNN                          3.52E+00    3.251E-05*   1.14E-04
 
           ALL LISTED X-RAYS, GAMMA-RAYS AND ANNIHILATION RADIATION    3.17E-01
           ALL NEGLECTED X-RAYS, GAMMA-RAYS AND ANNIH. RADIATION**     3.63E-03
           ALL LISTED BETAS, INTERNAL CONVERSION AND AUGER ELECTRONS   9.23E-03
           ALL NEGLECTED BETAS, INT. CONVERSION AND AUGER ELECTRONS**  1.54E-04
           ALL LISTED RADIATIONS                                       3.26E-01
           ALL NEGLECTED RADIATIONS**                                  3.79E-03
 
           *  AVERAGE ENERGY (MEV)
           ** EACH NEGLECTED TRANSITION CONTRIBUTES LESS THAN  0.100%
              TO THE TOTAL MEV/TRANSFORMATION FOR THIS CATEGORY.
           TOTAL FEEDING OF GROUND STATE LEVEL IN 77-SELENIUM
             DAUGHTER IS 1.0000E+00 PER TRANSFORMATION OF  77-BROMINE.
             THIS DAUGHTER GROUND STATE IS STABLE.
           - - - - - - - - - -
           INPUT DATA SOURCE: EVALUATED NUCLEAR STRUCTURE DATA FILE (ENSDF)
             DATE INPUT DATA WERE ENTERED INTO ENSDF: Aug-1997
%%%%  77 BR  35    EC B+        2.05330E+05 57.036 H   02-11-2005       OUTPEND 
%%%%  77 BR  35    EC B+        2.05330E+05 57.036 H   02-11-2005       BETASTAR
1
              77-BROMINE-35
+                                    HALFLIFE = 57.036 HOURS   
+                                                                  02-11-2005

            BETA SPECTRUM DATA FOR ALL DECAY BRANCHES

                      BETAS PER                BETAS PER                BETAS PER
            ENERGY    MEV            ENERGY    MEV            ENERGY    MEV
            (MEV)     PER DECAY      (MEV)     PER DECAY      (MEV)     PER DECAY

            0.00000   0.000E+00      0.00150   7.159E-08      0.02600   6.976E-03
            0.00010   0.000E+00      0.00160   1.365E-07      0.02800   7.959E-03
            0.00011   0.000E+00      0.00180   3.977E-07      0.03000   8.963E-03
            0.00012   0.000E+00      0.00200   9.313E-07      0.03200   9.982E-03
            0.00013   0.000E+00      0.00220   1.864E-06      0.03600   1.205E-02
            0.00014   0.000E+00      0.00240   3.324E-06      0.04000   1.412E-02
            0.00015   0.000E+00      0.00260   5.429E-06      0.04500   1.667E-02
            0.00016   7.266E-28      0.00280   8.285E-06      0.05000   1.915E-02
            0.00018   2.560E-26      0.00300   1.198E-05      0.05500   2.152E-02
            0.00020   5.213E-25      0.00320   1.660E-05      0.06000   2.378E-02
            0.00022   6.977E-24      0.00360   2.882E-05      0.06500   2.589E-02
            0.00024   6.720E-23      0.00400   4.532E-05      0.07000   2.786E-02
            0.00026   4.978E-22      0.00450   7.236E-05      0.07500   2.968E-02
            0.00028   2.982E-21      0.00500   1.068E-04      0.08000   3.134E-02
            0.00030   1.501E-20      0.00550   1.487E-04      0.08500   3.285E-02
            0.00032   6.549E-20      0.00600   1.983E-04      0.09000   3.421E-02
            0.00036   8.878E-19      0.00650   2.556E-04      0.10000   3.648E-02
            0.00040   8.543E-18      0.00700   3.204E-04      0.11000   3.818E-02
            0.00045   1.021E-16      0.00750   3.928E-04      0.12000   3.930E-02
            0.00050   9.122E-16      0.00800   4.726E-04      0.13000   3.985E-02
            0.00055   6.474E-15      0.00850   5.599E-04      0.14000   3.987E-02
            0.00060   3.787E-14      0.00900   6.543E-04      0.15000   3.941E-02
            0.00065   1.869E-13      0.01000   8.644E-04      0.16000   3.849E-02
            0.00070   7.927E-13      0.01100   1.102E-03      0.18000   3.547E-02
            0.00075   2.932E-12      0.01200   1.365E-03      0.20000   3.118E-02
            0.00080   9.585E-12      0.01300   1.652E-03      0.22000   2.600E-02
            0.00085   2.804E-11      0.01400   1.963E-03      0.24000   2.033E-02
            0.00090   7.423E-11      0.01500   2.295E-03      0.26000   1.460E-02
            0.00100   4.022E-10      0.01600   2.647E-03      0.28000   9.233E-03
            0.00110   1.640E-09      0.01800   3.405E-03      0.30000   4.696E-03
            0.00120   5.337E-09      0.02000   4.227E-03      0.32000   1.463E-03
            0.00130   1.451E-08      0.02200   5.102E-03      0.34310   0.000E+00
            0.00140   3.416E-08      0.02400   6.022E-03

            AVERAGE BETA ENERGY =   1.516E-01

            TOTAL BETAS PER DECAY FOR ALL BRANCHES =   7.410E-03
%%%%  77 BR  35    EC B+        2.05330E+05 57.036 H   02-11-2005       BETAEND 
%%%%  77 BR  35    EC B+        2.05330E+05 57.036 H   02-11-2005       SEEISTAR
 77.  BROMINE      35.  5.704E+01 HOURS    471 EC B+                 77.BR 35.   0
 4 1  1.77812E-03  5.00802E-02  1.04150E-01  0.00000E+00             77.BR 35.   1   1
 4 2  7.39218E-01  1.51870E-01  3.43100E-01  0.00000E+00             77.BR 35.   2   2
 3 3  1.48199E+00  5.11000E-01  5.11000E-01  0.00000E+00             77.BR 35.   3   3
 1 1  8.12136E-04  1.34000E-02  1.34000E-02  0.00000E+00             77.BR 35.   4   1
 6 1  2.47439E-02  7.81001E-04  7.81001E-04  1.00000E+00             77.BR 35.   5   1
 6 5  2.56538E-03  1.17585E-02  1.17585E-02  1.00000E+00             77.BR 35.   6   5
 6 6  1.88211E-04  1.19188E-02  1.19188E-02  1.00000E+00             77.BR 35.   7   6
 6 7  6.64629E-05  1.19614E-02  1.19614E-02  1.00000E+00             77.BR 35.   8   7
 6 3  4.51513E-04  1.32363E-02  1.32363E-02  1.00000E+00             77.BR 35.   9   3
 6 4  4.73949E-05  1.34000E-02  1.34000E-02  1.00000E+00             77.BR 35.  10   4
 1 2  2.07900E-02  8.09000E-02  8.09000E-02  0.00000E+00             77.BR 35.  11   2
 6 1  3.40189E-03  6.82810E-02  6.82810E-02  2.00000E+00             77.BR 35.  12   1
 6 5  3.52343E-04  7.92585E-02  7.92585E-02  2.00000E+00             77.BR 35.  13   5
 6 6  1.72124E-05  7.94188E-02  7.94188E-02  2.00000E+00             77.BR 35.  14   6
 6 7  6.58517E-06  7.94614E-02  7.94614E-02  2.00000E+00             77.BR 35.  15   7
 6 3  6.02900E-05  8.07363E-02  8.07363E-02  2.00000E+00             77.BR 35.  16   3
 6 4  6.39478E-06  8.09000E-02  8.09000E-02  2.00000E+00             77.BR 35.  17   4
 1 3  1.39986E+00  8.75900E-02  8.75900E-02  0.00000E+00             77.BR 35.  18   3
 6 1  1.62950E-01  7.49710E-02  7.49710E-02  3.00000E+00             77.BR 35.  19   1
 6 5  1.56727E-02  8.59485E-02  8.59485E-02  3.00000E+00             77.BR 35.  20   5
 6 6  8.92317E-04  8.61088E-02  8.61088E-02  3.00000E+00             77.BR 35.  21   6
 6 7  1.37418E-03  8.61514E-02  8.61514E-02  3.00000E+00             77.BR 35.  22   7
 6 3  2.85089E-03  8.74263E-02  8.74263E-02  3.00000E+00             77.BR 35.  23   3
 6 4  2.95373E-04  8.75900E-02  8.75900E-02  3.00000E+00             77.BR 35.  24   4
 1 4  9.24000E-03  1.25570E-01  1.25570E-01  0.00000E+00             77.BR 35.  25   4
 6 1  2.88181E-03  1.12951E-01  1.12951E-01  4.00000E+00             77.BR 35.  26   1
 6 5  2.68322E-04  1.23929E-01  1.23929E-01  4.00000E+00             77.BR 35.  27   5
 6 6  4.60023E-05  1.24089E-01  1.24089E-01  4.00000E+00             77.BR 35.  28   6
 6 7  6.15292E-05  1.24131E-01  1.24131E-01  4.00000E+00             77.BR 35.  29   7
 6 3  5.97976E-05  1.25406E-01  1.25406E-01  4.00000E+00             77.BR 35.  30   3
 6 4  5.81465E-06  1.25570E-01  1.25570E-01  4.00000E+00             77.BR 35.  31   4
 1 5  1.29360E-01  1.38950E-01  1.38950E-01  0.00000E+00             77.BR 35.  32   5
 6 1  1.31136E-02  1.26331E-01  1.26331E-01  5.00000E+00             77.BR 35.  33   1
 6 5  1.26062E-03  1.37309E-01  1.37309E-01  5.00000E+00             77.BR 35.  34   5
 6 6  1.55759E-04  1.37469E-01  1.37469E-01  5.00000E+00             77.BR 35.  35   6
 6 7  1.92647E-04  1.37511E-01  1.37511E-01  5.00000E+00             77.BR 35.  36   7
 6 3  2.56247E-04  1.38786E-01  1.38786E-01  5.00000E+00             77.BR 35.  37   3
 6 4  2.56135E-05  1.38950E-01  1.38950E-01  5.00000E+00             77.BR 35.  38   4
 1 6  2.54100E-03  1.41100E-01  1.41100E-01  0.00000E+00             77.BR 35.  39   6
 6 1  9.16999E-05  1.28481E-01  1.28481E-01  6.00000E+00             77.BR 35.  40   1
 6 5  9.47531E-06  1.39459E-01  1.39459E-01  6.00000E+00             77.BR 35.  41   5
 6 6  3.68942E-07  1.39619E-01  1.39619E-01  6.00000E+00             77.BR 35.  42   6
 6 7  1.46519E-07  1.39661E-01  1.39661E-01  6.00000E+00             77.BR 35.  43   7
 6 3  1.60090E-06  1.40936E-01  1.40936E-01  6.00000E+00             77.BR 35.  44   3
 6 4  1.70348E-07  1.41100E-01  1.41100E-01  6.00000E+00             77.BR 35.  45   4
 1 7  5.77500E-03  1.44500E-01  1.44500E-01  0.00000E+00             77.BR 35.  46   7
 6 1  1.36773E-04  1.31881E-01  1.31881E-01  7.00000E+00             77.BR 35.  47   1
 6 5  1.32011E-05  1.42859E-01  1.42859E-01  7.00000E+00             77.BR 35.  48   5
 6 6  4.70771E-07  1.43019E-01  1.43019E-01  7.00000E+00             77.BR 35.  49   6
 6 7  7.68321E-07  1.43061E-01  1.43061E-01  7.00000E+00             77.BR 35.  50   7
 6 3  2.29164E-06  1.44336E-01  1.44336E-01  7.00000E+00             77.BR 35.  51   3
 6 4  2.40899E-07  1.44500E-01  1.44500E-01  7.00000E+00             77.BR 35.  52   4
 1 8  1.10187E+00  1.61830E-01  1.61830E-01  0.00000E+00             77.BR 35.  53   8
 6 1  8.14394E-01  1.49211E-01  1.49211E-01  8.00000E+00             77.BR 35.  54   1
 6 5  7.53499E-02  1.60189E-01  1.60189E-01  8.00000E+00             77.BR 35.  55   5
 6 6  3.15184E-02  1.60349E-01  1.60349E-01  8.00000E+00             77.BR 35.  56   6
 6 7  3.47713E-02  1.60391E-01  1.60391E-01  8.00000E+00             77.BR 35.  57   7
 6 3  2.26651E-02  1.61666E-01  1.61666E-01  8.00000E+00             77.BR 35.  58   3
 6 4  2.05690E-03  1.61830E-01  1.61830E-01  8.00000E+00             77.BR 35.  59   4
 1 9  2.84130E-01  1.80680E-01  1.80680E-01  0.00000E+00             77.BR 35.  60   9
 6 1  5.36492E-03  1.68061E-01  1.68061E-01  9.00000E+00             77.BR 35.  61   1
 6 5  5.52117E-04  1.79039E-01  1.79039E-01  9.00000E+00             77.BR 35.  62   5
 6 6  1.91215E-05  1.79199E-01  1.79199E-01  9.00000E+00             77.BR 35.  63   6
 6 7  7.76658E-06  1.79241E-01  1.79241E-01  9.00000E+00             77.BR 35.  64   7
 6 3  9.29961E-05  1.80516E-01  1.80516E-01  9.00000E+00             77.BR 35.  65   3
 6 4  9.91956E-06  1.80680E-01  1.80680E-01  9.00000E+00             77.BR 35.  66   4
 110  5.77500E-02  1.87260E-01  1.87260E-01  0.00000E+00             77.BR 35.  67  10
 6 1  9.94174E-04  1.74641E-01  1.74641E-01  1.00000E+01             77.BR 35.  68   1
 6 5  1.02251E-04  1.85619E-01  1.85619E-01  1.00000E+01             77.BR 35.  69   5
 6 6  3.47857E-06  1.85779E-01  1.85779E-01  1.00000E+01             77.BR 35.  70   6
 6 7  1.41815E-06  1.85821E-01  1.85821E-01  1.00000E+01             77.BR 35.  71   7
 6 3  1.72139E-05  1.87096E-01  1.87096E-01  1.00000E+01             77.BR 35.  72   3
 6 4  1.83706E-06  1.87260E-01  1.87260E-01  1.00000E+01             77.BR 35.  73   4
 111  2.31000E-03  1.89570E-01  1.89570E-01  0.00000E+00             77.BR 35.  74  11
 6 1  3.85299E-05  1.76951E-01  1.76951E-01  1.10000E+01             77.BR 35.  75   1
 6 5  3.96204E-06  1.87929E-01  1.87929E-01  1.10000E+01             77.BR 35.  76   5
 6 6  1.33957E-07  1.88089E-01  1.88089E-01  1.10000E+01             77.BR 35.  77   6
 6 7  5.46830E-08  1.88131E-01  1.88131E-01  1.10000E+01             77.BR 35.  78   7
 6 3  6.66883E-07  1.89406E-01  1.89406E-01  1.10000E+01             77.BR 35.  79   3
 6 4  7.11817E-08  1.89570E-01  1.89570E-01  1.10000E+01             77.BR 35.  80   4
 112  1.21275E+00  2.00400E-01  2.00400E-01  0.00000E+00             77.BR 35.  81  12
 6 1  1.79415E-02  1.87781E-01  1.87781E-01  1.20000E+01             77.BR 35.  82   1
 6 5  1.83985E-03  1.98759E-01  1.98759E-01  1.20000E+01             77.BR 35.  83   5
 6 6  6.41385E-05  1.98919E-01  1.98919E-01  1.20000E+01             77.BR 35.  84   6
 6 7  3.06393E-05  1.98961E-01  1.98961E-01  1.20000E+01             77.BR 35.  85   7
 6 3  3.10818E-04  2.00236E-01  2.00236E-01  1.20000E+01             77.BR 35.  86   3
 6 4  3.31457E-05  2.00400E-01  2.00400E-01  1.20000E+01             77.BR 35.  87   4
 113  6.23700E-02  2.31490E-01  2.31490E-01  0.00000E+00             77.BR 35.  88  13
 6 1  6.25003E-04  2.18871E-01  2.18871E-01  1.30000E+01             77.BR 35.  89   1
 6 5  6.41636E-05  2.29849E-01  2.29849E-01  1.30000E+01             77.BR 35.  90   5
 6 6  1.95108E-06  2.30009E-01  2.30009E-01  1.30000E+01             77.BR 35.  91   6
 6 7  8.15656E-07  2.30051E-01  2.30051E-01  1.30000E+01             77.BR 35.  92   7
 6 3  1.07510E-05  2.31326E-01  2.31326E-01  1.30000E+01             77.BR 35.  93   3
 6 4  1.15017E-06  2.31490E-01  2.31490E-01  1.30000E+01             77.BR 35.  94   4
 114  2.31000E+01  2.38980E-01  2.38980E-01  0.00000E+00             77.BR 35.  95  14
 6 1  2.21417E-01  2.26361E-01  2.26361E-01  1.40000E+01             77.BR 35.  96   1
 6 5  2.26727E-02  2.37339E-01  2.37339E-01  1.40000E+01             77.BR 35.  97   5
 6 6  7.39286E-04  2.37499E-01  2.37499E-01  1.40000E+01             77.BR 35.  98   6
 6 7  3.80480E-04  2.37541E-01  2.37541E-01  1.40000E+01             77.BR 35.  99   7
 6 3  3.81834E-03  2.38816E-01  2.38816E-01  1.40000E+01             77.BR 35. 100   3
 6 4  4.07639E-04  2.38980E-01  2.38980E-01  1.40000E+01             77.BR 35. 101   4
 115  3.69600E-02  2.43350E-01  2.43350E-01  0.00000E+00             77.BR 35. 102  15
 6 1  3.26570E-04  2.30731E-01  2.30731E-01  1.50000E+01             77.BR 35. 103   1
 6 5  3.35391E-05  2.41709E-01  2.41709E-01  1.50000E+01             77.BR 35. 104   5
 6 6  9.91337E-07  2.41869E-01  2.41869E-01  1.50000E+01             77.BR 35. 105   6
 6 7  4.17266E-07  2.41911E-01  2.41911E-01  1.50000E+01             77.BR 35. 106   7
 6 3  5.60923E-06  2.43186E-01  2.43186E-01  1.50000E+01             77.BR 35. 107   3
 6 4  6.00247E-07  2.43350E-01  2.43350E-01  1.50000E+01             77.BR 35. 108   4
 116  2.97990E+00  2.49770E-01  2.49770E-01  0.00000E+00             77.BR 35. 109  16
 6 1  7.52107E-02  2.37151E-01  2.37151E-01  1.60000E+01             77.BR 35. 110   1
 6 5  7.31362E-03  2.48129E-01  2.48129E-01  1.60000E+01             77.BR 35. 111   5
 6 6  6.04111E-04  2.48289E-01  2.48289E-01  1.60000E+01             77.BR 35. 112   6
 6 7  6.91851E-04  2.48331E-01  2.48331E-01  1.60000E+01             77.BR 35. 113   7
 6 3  1.37284E-03  2.49606E-01  2.49606E-01  1.60000E+01             77.BR 35. 114   3
 6 4  1.41127E-04  2.49770E-01  2.49770E-01  1.60000E+01             77.BR 35. 115   4
 117  3.21090E-01  2.70830E-01  2.70830E-01  0.00000E+00             77.BR 35. 116  17
 6 1  2.49486E-03  2.58211E-01  2.58211E-01  1.70000E+01             77.BR 35. 117   1
 6 5  2.53824E-04  2.69188E-01  2.69188E-01  1.70000E+01             77.BR 35. 118   5
 6 6  9.42282E-06  2.69349E-01  2.69349E-01  1.70000E+01             77.BR 35. 119   6
 6 7  6.62968E-06  2.69391E-01  2.69391E-01  1.70000E+01             77.BR 35. 120   7
 6 3  4.32037E-05  2.70666E-01  2.70666E-01  1.70000E+01             77.BR 35. 121   3
 6 4  4.59052E-06  2.70830E-01  2.70830E-01  1.70000E+01             77.BR 35. 122   4
 118  3.23400E-02  2.77470E-01  2.77470E-01  0.00000E+00             77.BR 35. 123  18
 6 1  1.14874E-04  2.64851E-01  2.64851E-01  1.80000E+01             77.BR 35. 124   1
 6 5  1.13559E-05  2.75829E-01  2.75829E-01  1.80000E+01             77.BR 35. 125   5
 6 6  2.54517E-07  2.75989E-01  2.75989E-01  1.80000E+01             77.BR 35. 126   6
 6 7  4.20635E-07  2.76031E-01  2.76031E-01  1.80000E+01             77.BR 35. 127   7
 6 3  1.92118E-06  2.77306E-01  2.77306E-01  1.80000E+01             77.BR 35. 128   3
 6 4  2.04309E-07  2.77470E-01  2.77470E-01  1.80000E+01             77.BR 35. 129   4
 119  2.28690E+00  2.81650E-01  2.81650E-01  0.00000E+00             77.BR 35. 130  19
 6 1  1.43760E-02  2.69031E-01  2.69031E-01  1.90000E+01             77.BR 35. 131   1
 6 5  1.47555E-03  2.80008E-01  2.80008E-01  1.90000E+01             77.BR 35. 132   5
 6 6  4.24512E-05  2.80169E-01  2.80169E-01  1.90000E+01             77.BR 35. 133   6
 6 7  2.08886E-05  2.80211E-01  2.80211E-01  1.90000E+01             77.BR 35. 134   7
 6 3  2.46359E-04  2.81486E-01  2.81486E-01  1.90000E+01             77.BR 35. 135   3
 6 4  2.63427E-05  2.81650E-01  2.81650E-01  1.90000E+01             77.BR 35. 136   4
 120  4.15800E+00  2.97230E-01  2.97230E-01  0.00000E+00             77.BR 35. 137  20
 6 1  2.33270E-02  2.84611E-01  2.84611E-01  2.00000E+01             77.BR 35. 138   1
 6 5  2.39163E-03  2.95589E-01  2.95589E-01  2.00000E+01             77.BR 35. 139   5
 6 6  6.95802E-05  2.95749E-01  2.95749E-01  2.00000E+01             77.BR 35. 140   6
 6 7  3.74481E-05  2.95791E-01  2.95791E-01  2.00000E+01             77.BR 35. 141   7
 6 3  3.99683E-04  2.97066E-01  2.97066E-01  2.00000E+01             77.BR 35. 142   3
 6 4  4.27039E-05  2.97230E-01  2.97230E-01  2.00000E+01             77.BR 35. 143   4
 121  1.17810E+00  3.03760E-01  3.03760E-01  0.00000E+00             77.BR 35. 144  21
 6 1  6.00609E-03  2.91141E-01  2.91141E-01  2.10000E+01             77.BR 35. 145   1
 6 5  6.17912E-04  3.02119E-01  3.02119E-01  2.10000E+01             77.BR 35. 146   5
 6 6  1.60170E-05  3.02279E-01  3.02279E-01  2.10000E+01             77.BR 35. 147   6
 6 7  6.97794E-06  3.02321E-01  3.02321E-01  2.10000E+01             77.BR 35. 148   7
 6 3  1.02495E-04  3.03596E-01  3.03596E-01  2.10000E+01             77.BR 35. 149   3
 6 4  1.09767E-05  3.03760E-01  3.03760E-01  2.10000E+01             77.BR 35. 150   4
 122  2.31000E-02  3.25080E-01  3.25080E-01  0.00000E+00             77.BR 35. 151  22
 6 1  5.28782E-05  3.12461E-01  3.12461E-01  2.20000E+01             77.BR 35. 152   1
 6 5  5.24564E-06  3.23438E-01  3.23438E-01  2.20000E+01             77.BR 35. 153   5
 6 6  1.05261E-07  3.23599E-01  3.23599E-01  2.20000E+01             77.BR 35. 154   6
 6 7  1.75754E-07  3.23641E-01  3.23641E-01  2.20000E+01             77.BR 35. 155   7
 6 3  8.81958E-07  3.24916E-01  3.24916E-01  2.20000E+01             77.BR 35. 156   3
 6 4  9.39858E-08  3.25080E-01  3.25080E-01  2.20000E+01             77.BR 35. 157   4
 123  6.69900E-02  3.31230E-01  3.31230E-01  0.00000E+00             77.BR 35. 158  23
 6 1  2.76707E-04  3.18611E-01  3.18611E-01  2.30000E+01             77.BR 35. 159   1
 6 5  2.84553E-05  3.29589E-01  3.29589E-01  2.30000E+01             77.BR 35. 160   5
 6 6  6.99710E-07  3.29749E-01  3.29749E-01  2.30000E+01             77.BR 35. 161   6
 6 7  3.09471E-07  3.29791E-01  3.29791E-01  2.30000E+01             77.BR 35. 162   7
 6 3  4.70977E-06  3.31066E-01  3.31066E-01  2.30000E+01             77.BR 35. 163   3
 6 4  5.04540E-07  3.31230E-01  3.31230E-01  2.30000E+01             77.BR 35. 164   4
 124  6.23700E-03  3.42080E-01  3.42080E-01  0.00000E+00             77.BR 35. 165  24
 6 1  5.26249E-05  3.29461E-01  3.29461E-01  2.40000E+01             77.BR 35. 166   1
 6 5  5.17837E-06  3.40438E-01  3.40438E-01  2.40000E+01             77.BR 35. 167   5
 6 6  3.12966E-07  3.40599E-01  3.40599E-01  2.40000E+01             77.BR 35. 168   6
 6 7  3.34438E-07  3.40641E-01  3.40641E-01  2.40000E+01             77.BR 35. 169   7
 6 3  9.32124E-07  3.41916E-01  3.41916E-01  2.40000E+01             77.BR 35. 170   3
 6 4  9.71816E-08  3.42080E-01  3.42080E-01  2.40000E+01             77.BR 35. 171   4
 125  6.00600E-02  3.78450E-01  3.78450E-01  0.00000E+00             77.BR 35. 172  25
 6 1  3.60795E-04  3.65831E-01  3.65831E-01  2.50000E+01             77.BR 35. 173   1
 6 5  3.56629E-05  3.76809E-01  3.76809E-01  2.50000E+01             77.BR 35. 174   5
 6 6  1.94636E-06  3.76969E-01  3.76969E-01  2.50000E+01             77.BR 35. 175   6
 6 7  2.03970E-06  3.77011E-01  3.77011E-01  2.50000E+01             77.BR 35. 176   7
 6 3  6.34571E-06  3.78286E-01  3.78286E-01  2.50000E+01             77.BR 35. 177   3
 6 4  6.63830E-07  3.78450E-01  3.78450E-01  2.50000E+01             77.BR 35. 178   4
 126  9.24000E-03  3.78450E-01  3.78450E-01  0.00000E+00             77.BR 35. 179  26
 6 1  2.77439E-05  3.65831E-01  3.65831E-01  2.60000E+01             77.BR 35. 180   1
 6 5  2.84505E-06  3.76809E-01  3.76809E-01  2.60000E+01             77.BR 35. 181   5
 6 6  6.44534E-08  3.76969E-01  3.76969E-01  2.60000E+01             77.BR 35. 182   6
 6 7  2.92322E-08  3.77011E-01  3.77011E-01  2.60000E+01             77.BR 35. 183   7
 6 3  4.70276E-07  3.78286E-01  3.78286E-01  2.60000E+01             77.BR 35. 184   3
 6 4  5.04079E-08  3.78450E-01  3.78450E-01  2.60000E+01             77.BR 35. 185   4
 127  8.36220E-01  3.84990E-01  3.84990E-01  0.00000E+00             77.BR 35. 186  27
 6 1  2.52819E-03  3.72371E-01  3.72371E-01  2.70000E+01             77.BR 35. 187   1
 6 5  2.58300E-04  3.83348E-01  3.83348E-01  2.70000E+01             77.BR 35. 188   5
 6 6  6.52577E-06  3.83509E-01  3.83509E-01  2.70000E+01             77.BR 35. 189   6
 6 7  3.71587E-06  3.83551E-01  3.83551E-01  2.70000E+01             77.BR 35. 190   7
 6 3  4.29817E-05  3.84826E-01  3.84826E-01  2.70000E+01             77.BR 35. 191   3
 6 4  4.59691E-06  3.84990E-01  3.84990E-01  2.70000E+01             77.BR 35. 192   4
 128  2.24070E-02  3.90970E-01  3.90970E-01  0.00000E+00             77.BR 35. 193  28
 6 1  3.12534E-05  3.78351E-01  3.78351E-01  2.80000E+01             77.BR 35. 194   1
 6 5  3.11431E-06  3.89329E-01  3.89329E-01  2.80000E+01             77.BR 35. 195   5
 6 6  5.45643E-08  3.89489E-01  3.89489E-01  2.80000E+01             77.BR 35. 196   6
 6 7  9.30042E-08  3.89531E-01  3.89531E-01  2.80000E+01             77.BR 35. 197   7
 6 3  5.20013E-07  3.90806E-01  3.90806E-01  2.80000E+01             77.BR 35. 198   3
 6 4  5.54583E-08  3.90970E-01  3.90970E-01  2.80000E+01             77.BR 35. 199   4
 129  7.39200E-03  4.05870E-01  4.05870E-01  0.00000E+00             77.BR 35. 200  29
 6 1  9.34814E-06  3.93251E-01  3.93251E-01  2.90000E+01             77.BR 35. 201   1
 6 5  9.32311E-07  4.04229E-01  4.04229E-01  2.90000E+01             77.BR 35. 202   5
 6 6  1.58822E-08  4.04389E-01  4.04389E-01  2.90000E+01             77.BR 35. 203   6
 6 7  2.72093E-08  4.04431E-01  4.04431E-01  2.90000E+01             77.BR 35. 204   7
 6 3  1.55471E-07  4.05706E-01  4.05706E-01  2.90000E+01             77.BR 35. 205   3
 6 4  1.65824E-08  4.05870E-01  4.05870E-01  2.90000E+01             77.BR 35. 206   4
 130  1.64010E-02  4.19150E-01  4.19150E-01  0.00000E+00             77.BR 35. 207  30
 6 1  1.90770E-05  4.06531E-01  4.06531E-01  3.00000E+01             77.BR 35. 208   1
 6 5  1.90396E-06  4.17509E-01  4.17509E-01  3.00000E+01             77.BR 35. 209   5
 6 6  3.16550E-08  4.17669E-01  4.17669E-01  3.00000E+01             77.BR 35. 210   6
 6 7  5.44827E-08  4.17711E-01  4.17711E-01  3.00000E+01             77.BR 35. 211   7
 6 3  3.17160E-07  4.18986E-01  4.18986E-01  3.00000E+01             77.BR 35. 212   3
 6 4  3.38307E-08  4.19150E-01  4.19150E-01  3.00000E+01             77.BR 35. 213   4
 131  2.19450E-02  4.24220E-01  4.24220E-01  0.00000E+00             77.BR 35. 214  31
 6 1  9.06645E-05  4.11601E-01  4.11601E-01  3.10000E+01             77.BR 35. 215   1
 6 5  9.00698E-06  4.22579E-01  4.22579E-01  3.10000E+01             77.BR 35. 216   5
 6 6  4.37420E-07  4.22739E-01  4.22739E-01  3.10000E+01             77.BR 35. 217   6
 6 7  4.49291E-07  4.22781E-01  4.22781E-01  3.10000E+01             77.BR 35. 218   7
 6 3  1.58328E-06  4.24056E-01  4.24056E-01  3.10000E+01             77.BR 35. 219   3
 6 4  1.66204E-07  4.24220E-01  4.24220E-01  3.10000E+01             77.BR 35. 220   4
 132  1.56387E+00  4.39470E-01  4.39470E-01  0.00000E+00             77.BR 35. 221  32
 6 1  5.76760E-03  4.26851E-01  4.26851E-01  3.20000E+01             77.BR 35. 222   1
 6 5  5.73848E-04  4.37829E-01  4.37829E-01  3.20000E+01             77.BR 35. 223   5
 6 6  2.68702E-05  4.37989E-01  4.37989E-01  3.20000E+01             77.BR 35. 224   6
 6 7  2.74417E-05  4.38031E-01  4.38031E-01  3.20000E+01             77.BR 35. 225   7
 6 3  1.00510E-04  4.39306E-01  4.39306E-01  3.20000E+01             77.BR 35. 226   3
 6 4  1.05619E-05  4.39470E-01  4.39470E-01  3.20000E+01             77.BR 35. 227   4
 133  7.85400E-03  4.72030E-01  4.72030E-01  0.00000E+00             77.BR 35. 228  33
 6 1  6.75006E-06  4.59411E-01  4.59411E-01  3.30000E+01             77.BR 35. 229   1
 6 5  6.75337E-07  4.70389E-01  4.70389E-01  3.30000E+01             77.BR 35. 230   5
 6 6  1.02518E-08  4.70549E-01  4.70549E-01  3.30000E+01             77.BR 35. 231   6
 6 7  1.79829E-08  4.70591E-01  4.70591E-01  3.30000E+01             77.BR 35. 232   7
 6 3  1.12102E-07  4.71866E-01  4.71866E-01  3.30000E+01             77.BR 35. 233   3
 6 4  1.19632E-08  4.72030E-01  4.72030E-01  3.30000E+01             77.BR 35. 234   4
 134  1.00023E+00  4.84570E-01  4.84570E-01  0.00000E+00             77.BR 35. 235  34
 6 1  1.75441E-03  4.71951E-01  4.71951E-01  3.40000E+01             77.BR 35. 236   1
 6 5  1.78694E-04  4.82929E-01  4.82929E-01  3.40000E+01             77.BR 35. 237   5
 6 6  3.87464E-06  4.83089E-01  4.83089E-01  3.40000E+01             77.BR 35. 238   6
 6 7  2.27298E-06  4.83131E-01  4.83131E-01  3.40000E+01             77.BR 35. 239   7
 6 3  2.96300E-05  4.84406E-01  4.84406E-01  3.40000E+01             77.BR 35. 240   3
 6 4  3.17513E-06  4.84570E-01  4.84570E-01  3.40000E+01             77.BR 35. 241   4
 135  9.00900E-03  5.04530E-01  5.04530E-01  0.00000E+00             77.BR 35. 242  35
 6 1  2.16028E-05  4.91911E-01  4.91911E-01  3.50000E+01             77.BR 35. 243   1
 6 5  2.16160E-06  5.02889E-01  5.02889E-01  3.50000E+01             77.BR 35. 244   5
 6 6  8.75243E-08  5.03049E-01  5.03049E-01  3.50000E+01             77.BR 35. 245   6
 6 7  8.75346E-08  5.03091E-01  5.03091E-01  3.50000E+01             77.BR 35. 246   7
 6 3  3.73239E-07  5.04366E-01  5.04366E-01  3.50000E+01             77.BR 35. 247   3
 6 4  3.94061E-08  5.04530E-01  5.04530E-01  3.50000E+01             77.BR 35. 248   4
 136  1.61700E-01  5.17900E-01  5.17900E-01  0.00000E+00             77.BR 35. 249  36
 6 1  2.33649E-04  5.05281E-01  5.05281E-01  3.60000E+01             77.BR 35. 250   1
 6 5  2.38501E-05  5.16259E-01  5.16259E-01  3.60000E+01             77.BR 35. 251   5
 6 6  4.40396E-07  5.16419E-01  5.16419E-01  3.60000E+01             77.BR 35. 252   6
 6 7  2.16145E-07  5.16461E-01  5.16461E-01  3.60000E+01             77.BR 35. 253   7
 6 3  3.92896E-06  5.17736E-01  5.17736E-01  3.60000E+01             77.BR 35. 254   3
 6 4  4.22176E-07  5.17900E-01  5.17900E-01  3.60000E+01             77.BR 35. 255   4
 137  2.24070E+01  5.20690E-01  5.20690E-01  0.00000E+00             77.BR 35. 256  37
 6 1  3.24544E-02  5.08071E-01  5.08071E-01  3.70000E+01             77.BR 35. 257   1
 6 5  3.31024E-03  5.19049E-01  5.19049E-01  3.70000E+01             77.BR 35. 258   5
 6 6  6.37515E-05  5.19209E-01  5.19209E-01  3.70000E+01             77.BR 35. 259   6
 6 7  3.40539E-05  5.19251E-01  5.19251E-01  3.70000E+01             77.BR 35. 260   7
 6 3  5.46274E-04  5.20526E-01  5.20526E-01  3.70000E+01             77.BR 35. 261   3
 6 4  5.86604E-05  5.20690E-01  5.20690E-01  3.70000E+01             77.BR 35. 262   4
 138  3.92700E-02  5.23400E-01  5.23400E-01  0.00000E+00             77.BR 35. 263  38
 6 1  2.61617E-05  5.10781E-01  5.10781E-01  3.80000E+01             77.BR 35. 264   1
 6 5  2.62216E-06  5.21759E-01  5.21759E-01  3.80000E+01             77.BR 35. 265   5
 6 6  3.67257E-08  5.21919E-01  5.21919E-01  3.80000E+01             77.BR 35. 266   6
 6 7  6.56490E-08  5.21961E-01  5.21961E-01  3.80000E+01             77.BR 35. 267   7
 6 3  4.34311E-07  5.23236E-01  5.23236E-01  3.80000E+01             77.BR 35. 268   3
 6 4  4.63873E-08  5.23400E-01  5.23400E-01  3.80000E+01             77.BR 35. 269   4
 139  4.27350E-01  5.65910E-01  5.65910E-01  0.00000E+00             77.BR 35. 270  39
 6 1  5.04530E-04  5.53291E-01  5.53291E-01  3.90000E+01             77.BR 35. 271   1
 6 5  5.15095E-05  5.64268E-01  5.64268E-01  3.90000E+01             77.BR 35. 272   5
 6 6  8.94690E-07  5.64429E-01  5.64429E-01  3.90000E+01             77.BR 35. 273   6
 6 7  4.51874E-07  5.64471E-01  5.64471E-01  3.90000E+01             77.BR 35. 274   7
 6 3  8.47026E-06  5.65746E-01  5.65746E-01  3.90000E+01             77.BR 35. 275   3
 6 4  9.11072E-07  5.65910E-01  5.65910E-01  3.90000E+01             77.BR 35. 276   4
 140  8.57010E-01  5.67900E-01  5.67900E-01  0.00000E+00             77.BR 35. 277  40
 6 1  1.44341E-03  5.55281E-01  5.55281E-01  4.00000E+01             77.BR 35. 278   1
 6 5  1.45050E-04  5.66259E-01  5.66259E-01  4.00000E+01             77.BR 35. 279   5
 6 6  5.16996E-06  5.66419E-01  5.66419E-01  4.00000E+01             77.BR 35. 280   6
 6 7  5.09614E-06  5.66461E-01  5.66461E-01  4.00000E+01             77.BR 35. 281   7
 6 3  2.47576E-05  5.67736E-01  5.67736E-01  4.00000E+01             77.BR 35. 282   3
 6 4  2.62483E-06  5.67900E-01  5.67900E-01  4.00000E+01             77.BR 35. 283   4
 141  1.18734E+00  5.74640E-01  5.74640E-01  0.00000E+00             77.BR 35. 284  41
 6 1  1.41080E-03  5.62021E-01  5.62021E-01  4.10000E+01             77.BR 35. 285   1
 6 5  1.43744E-04  5.72999E-01  5.72999E-01  4.10000E+01             77.BR 35. 286   5
 6 6  2.81360E-06  5.73159E-01  5.73159E-01  4.10000E+01             77.BR 35. 287   6
 6 7  1.74849E-06  5.73201E-01  5.73201E-01  4.10000E+01             77.BR 35. 288   7
 6 3  2.37464E-05  5.74476E-01  5.74476E-01  4.10000E+01             77.BR 35. 289   3
 6 4  2.54969E-06  5.74640E-01  5.74640E-01  4.10000E+01             77.BR 35. 290   4
 142  2.95680E+00  5.78910E-01  5.78910E-01  0.00000E+00             77.BR 35. 291  42
 6 1  3.31599E-03  5.66291E-01  5.66291E-01  4.20000E+01             77.BR 35. 292   1
 6 5  3.38568E-04  5.77268E-01  5.77268E-01  4.20000E+01             77.BR 35. 293   5
 6 6  5.78823E-06  5.77429E-01  5.77429E-01  4.20000E+01             77.BR 35. 294   6
 6 7  2.94613E-06  5.77471E-01  5.77471E-01  4.20000E+01             77.BR 35. 295   7
 6 3  5.56482E-05  5.78746E-01  5.78746E-01  4.20000E+01             77.BR 35. 296   3
 6 4  5.98706E-06  5.78910E-01  5.78910E-01  4.20000E+01             77.BR 35. 297   4
 143  1.56849E+00  5.85480E-01  5.85480E-01  0.00000E+00             77.BR 35. 298  43
 6 1  1.71479E-03  5.72861E-01  5.72861E-01  4.30000E+01             77.BR 35. 299   1
 6 5  1.75091E-04  5.83839E-01  5.83839E-01  4.30000E+01             77.BR 35. 300   5
 6 6  2.96982E-06  5.83999E-01  5.83999E-01  4.30000E+01             77.BR 35. 301   6
 6 7  1.51751E-06  5.84041E-01  5.84041E-01  4.30000E+01             77.BR 35. 302   7
 6 3  2.87717E-05  5.85316E-01  5.85316E-01  4.30000E+01             77.BR 35. 303   3
 6 4  3.09586E-06  5.85480E-01  5.85480E-01  4.30000E+01             77.BR 35. 304   4
 144  2.14830E-02  6.10390E-01  6.10390E-01  0.00000E+00             77.BR 35. 305  44
 6 1  2.13866E-05  5.97771E-01  5.97771E-01  4.40000E+01             77.BR 35. 306   1
 6 5  2.18408E-06  6.08749E-01  6.08749E-01  4.40000E+01             77.BR 35. 307   5
 6 6  3.59744E-08  6.08909E-01  6.08909E-01  4.40000E+01             77.BR 35. 308   6
 6 7  1.86557E-08  6.08951E-01  6.08951E-01  4.40000E+01             77.BR 35. 309   7
 6 3  3.58584E-07  6.10226E-01  6.10226E-01  4.40000E+01             77.BR 35. 310   3
 6 4  3.86000E-08  6.10390E-01  6.10390E-01  4.40000E+01             77.BR 35. 311   4
 145  8.08500E-02  6.62430E-01  6.62430E-01  0.00000E+00             77.BR 35. 312  45
 6 1  3.10348E-05  6.49811E-01  6.49811E-01  4.50000E+01             77.BR 35. 313   1
 6 5  3.11991E-06  6.60789E-01  6.60789E-01  4.50000E+01             77.BR 35. 314   5
 6 6  3.61682E-08  6.60949E-01  6.60949E-01  4.50000E+01             77.BR 35. 315   6
 6 7  6.80458E-08  6.60991E-01  6.60991E-01  4.50000E+01             77.BR 35. 316   7
 6 3  5.14745E-07  6.62266E-01  6.62266E-01  4.50000E+01             77.BR 35. 317   3
 6 4  5.51019E-08  6.62430E-01  6.62430E-01  4.50000E+01             77.BR 35. 318   4
 146  1.59390E-02  7.04090E-01  7.04090E-01  0.00000E+00             77.BR 35. 319  46
 6 1  5.34360E-06  6.91471E-01  6.91471E-01  4.60000E+01             77.BR 35. 320   1
 6 5  5.37404E-07  7.02449E-01  7.02449E-01  4.60000E+01             77.BR 35. 321   5
 6 6  5.92490E-09  7.02609E-01  7.02609E-01  4.60000E+01             77.BR 35. 322   6
 6 7  1.13137E-08  7.02651E-01  7.02651E-01  4.60000E+01             77.BR 35. 323   7
 6 3  8.85745E-08  7.03926E-01  7.03926E-01  4.60000E+01             77.BR 35. 324   3
 6 4  9.48895E-09  7.04090E-01  7.04090E-01  4.60000E+01             77.BR 35. 325   4
 147  2.95680E-02  7.49550E-01  7.49550E-01  0.00000E+00             77.BR 35. 326  47
 6 1  2.29667E-05  7.36931E-01  7.36931E-01  4.70000E+01             77.BR 35. 327   1
 6 5  2.32124E-06  7.47909E-01  7.47909E-01  4.70000E+01             77.BR 35. 328   5
 6 6  6.07403E-08  7.48069E-01  7.48069E-01  4.70000E+01             77.BR 35. 329   6
 6 7  5.91230E-08  7.48111E-01  7.48111E-01  4.70000E+01             77.BR 35. 330   7
 6 3  3.88514E-07  7.49386E-01  7.49386E-01  4.70000E+01             77.BR 35. 331   3
 6 4  4.14733E-08  7.49550E-01  7.49550E-01  4.70000E+01             77.BR 35. 332   4
 148  1.66782E+00  7.55350E-01  7.55350E-01  0.00000E+00             77.BR 35. 333  48
 6 1  1.05748E-03  7.42731E-01  7.42731E-01  4.80000E+01             77.BR 35. 334   1
 6 5  1.07902E-04  7.53708E-01  7.53708E-01  4.80000E+01             77.BR 35. 335   5
 6 6  1.65072E-06  7.53869E-01  7.53869E-01  4.80000E+01             77.BR 35. 336   6
 6 7  1.04268E-06  7.53911E-01  7.53911E-01  4.80000E+01             77.BR 35. 337   7
 6 3  1.76883E-05  7.55186E-01  7.55186E-01  4.80000E+01             77.BR 35. 338   3
 6 4  1.90374E-06  7.55350E-01  7.55350E-01  4.80000E+01             77.BR 35. 339   4
 149  4.15800E-02  7.66110E-01  7.66110E-01  0.00000E+00             77.BR 35. 340  49
 6 1  2.51092E-05  7.53491E-01  7.53491E-01  4.90000E+01             77.BR 35. 341   1
 6 5  2.56461E-06  7.64468E-01  7.64468E-01  4.90000E+01             77.BR 35. 342   5
 6 6  3.58935E-08  7.64629E-01  7.64629E-01  4.90000E+01             77.BR 35. 343   6
 6 7  2.03418E-08  7.64671E-01  7.64671E-01  4.90000E+01             77.BR 35. 344   7
 6 3  4.19386E-07  7.65946E-01  7.65946E-01  4.90000E+01             77.BR 35. 345   3
 6 4  4.51757E-08  7.66110E-01  7.66110E-01  4.90000E+01             77.BR 35. 346   4
 150  9.24000E-03  7.91260E-01  7.91260E-01  0.00000E+00             77.BR 35. 347  50
 6 1  5.20508E-06  7.78641E-01  7.78641E-01  5.00000E+01             77.BR 35. 348   1
 6 5  5.31579E-07  7.89619E-01  7.89619E-01  5.00000E+01             77.BR 35. 349   5
 6 6  7.26677E-09  7.89779E-01  7.89779E-01  5.00000E+01             77.BR 35. 350   6
 6 7  4.17559E-09  7.89821E-01  7.89821E-01  5.00000E+01             77.BR 35. 351   7
 6 3  8.68882E-08  7.91096E-01  7.91096E-01  5.00000E+01             77.BR 35. 352   3
 6 4  9.35824E-09  7.91260E-01  7.91260E-01  5.00000E+01             77.BR 35. 353   4
 151  2.07900E+00  8.17790E-01  8.17790E-01  0.00000E+00             77.BR 35. 354  51
 6 1  1.09130E-03  8.05171E-01  8.05171E-01  5.10000E+01             77.BR 35. 355   1
 6 5  1.11438E-04  8.16149E-01  8.16149E-01  5.10000E+01             77.BR 35. 356   5
 6 6  1.48702E-06  8.16309E-01  8.16309E-01  5.10000E+01             77.BR 35. 357   6
 6 7  8.66934E-07  8.16351E-01  8.16351E-01  5.10000E+01             77.BR 35. 358   7
 6 3  1.82063E-05  8.17626E-01  8.17626E-01  5.10000E+01             77.BR 35. 359   3
 6 4  1.96058E-06  8.17790E-01  8.17790E-01  5.10000E+01             77.BR 35. 360   4
 152  1.31670E-02  8.24280E-01  8.24280E-01  0.00000E+00             77.BR 35. 361  52
 6 1  7.98697E-06  8.11661E-01  8.11661E-01  5.20000E+01             77.BR 35. 362   1
 6 5  8.07436E-07  8.22639E-01  8.22639E-01  5.20000E+01             77.BR 35. 363   5
 6 6  1.89479E-08  8.22799E-01  8.22799E-01  5.20000E+01             77.BR 35. 364   6
 6 7  1.85229E-08  8.22841E-01  8.22841E-01  5.20000E+01             77.BR 35. 365   7
 6 3  1.34659E-07  8.24116E-01  8.24116E-01  5.20000E+01             77.BR 35. 366   3
 6 4  1.43870E-08  8.24280E-01  8.24280E-01  5.20000E+01             77.BR 35. 367   4
 153  8.31600E-03  8.85710E-01  8.85710E-01  0.00000E+00             77.BR 35. 368  53
 6 1  3.68543E-06  8.73091E-01  8.73091E-01  5.30000E+01             77.BR 35. 369   1
 6 5  3.76222E-07  8.84069E-01  8.84069E-01  5.30000E+01             77.BR 35. 370   5
 6 6  4.73264E-09  8.84229E-01  8.84229E-01  5.30000E+01             77.BR 35. 371   6
 6 7  2.86033E-09  8.84271E-01  8.84271E-01  5.30000E+01             77.BR 35. 372   7
 6 3  6.13954E-08  8.85546E-01  8.85546E-01  5.30000E+01             77.BR 35. 373   3
 6 4  6.60805E-09  8.85710E-01  8.85710E-01  5.30000E+01             77.BR 35. 374   4
 154  2.54100E-03  9.11360E-01  9.11360E-01  0.00000E+00             77.BR 35. 375  54
 6 1  4.96694E-07  8.98741E-01  8.98741E-01  5.40000E+01             77.BR 35. 376   1
 6 5  4.99742E-08  9.09719E-01  9.09719E-01  5.40000E+01             77.BR 35. 377   5
 6 6  4.42846E-10  9.09879E-01  9.09879E-01  5.40000E+01             77.BR 35. 378   6
 6 7  9.08064E-10  9.09921E-01  9.09921E-01  5.40000E+01             77.BR 35. 379   7
 6 3  8.20068E-09  9.11196E-01  9.11196E-01  5.40000E+01             77.BR 35. 380   3
 6 4  8.81045E-10  9.11360E-01  9.11360E-01  5.40000E+01             77.BR 35. 381   4
 155  2.77200E-03  9.29380E-01  9.29380E-01  0.00000E+00             77.BR 35. 382  55
 6 1  5.21197E-07  9.16761E-01  9.16761E-01  5.50000E+01             77.BR 35. 383   1
 6 5  5.24395E-08  9.27739E-01  9.27739E-01  5.50000E+01             77.BR 35. 384   5
 6 6  4.56858E-10  9.27899E-01  9.27899E-01  5.50000E+01             77.BR 35. 385   6
 6 7  9.42456E-10  9.27941E-01  9.27941E-01  5.50000E+01             77.BR 35. 386   7
 6 3  8.60265E-09  9.29216E-01  9.29216E-01  5.50000E+01             77.BR 35. 387   3
 6 4  9.24321E-10  9.29380E-01  9.29380E-01  5.50000E+01             77.BR 35. 388   4
 156  6.93000E-04  9.47500E-01  9.47500E-01  0.00000E+00             77.BR 35. 389  56
 6 1  2.66629E-07  9.34881E-01  9.34881E-01  5.60000E+01             77.BR 35. 390   1
 6 5  2.72111E-08  9.45859E-01  9.45859E-01  5.60000E+01             77.BR 35. 391   5
 6 6  3.25442E-10  9.46019E-01  9.46019E-01  5.60000E+01             77.BR 35. 392   6
 6 7  2.03371E-10  9.46061E-01  9.46061E-01  5.60000E+01             77.BR 35. 393   7
 6 3  4.43611E-09  9.47336E-01  9.47336E-01  5.60000E+01             77.BR 35. 394   3
 6 4  4.77199E-10  9.47500E-01  9.47500E-01  5.60000E+01             77.BR 35. 395   4
 157  3.69600E-03  9.80810E-01  9.80810E-01  0.00000E+00             77.BR 35. 396  57
 6 1  1.32345E-06  9.68191E-01  9.68191E-01  5.70000E+01             77.BR 35. 397   1
 6 5  1.35049E-07  9.79169E-01  9.79169E-01  5.70000E+01             77.BR 35. 398   5
 6 6  1.57354E-09  9.79329E-01  9.79329E-01  5.70000E+01             77.BR 35. 399   6
 6 7  1.00101E-09  9.79371E-01  9.79371E-01  5.70000E+01             77.BR 35. 400   7
 6 3  2.20046E-08  9.80646E-01  9.80646E-01  5.70000E+01             77.BR 35. 401   3
 6 4  2.36632E-09  9.80810E-01  9.80810E-01  5.70000E+01             77.BR 35. 402   4
 158  2.21760E-02  9.91720E-01  9.91720E-01  0.00000E+00             77.BR 35. 403  58
 6 1  7.76085E-06  9.79101E-01  9.79101E-01  5.80000E+01             77.BR 35. 404   1
 6 5  7.91903E-07  9.90079E-01  9.90079E-01  5.80000E+01             77.BR 35. 405   5
 6 6  9.14985E-09  9.90239E-01  9.90239E-01  5.80000E+01             77.BR 35. 406   6
 6 7  5.85460E-09  9.90281E-01  9.90281E-01  5.80000E+01             77.BR 35. 407   7
 6 3  1.29009E-07  9.91556E-01  9.91556E-01  5.80000E+01             77.BR 35. 408   3
 6 4  1.38718E-08  9.91720E-01  9.91720E-01  5.80000E+01             77.BR 35. 409   4
 159  9.24000E-01  1.00505E+00  1.00505E+00  0.00000E+00             77.BR 35. 410  59
 6 1  3.14566E-04  9.92431E-01  9.92431E-01  5.90000E+01             77.BR 35. 411   1
 6 5  3.20961E-05  1.00341E+00  1.00341E+00  5.90000E+01             77.BR 35. 412   5
 6 6  3.67101E-07  1.00357E+00  1.00357E+00  5.90000E+01             77.BR 35. 413   6
 6 7  2.36561E-07  1.00361E+00  1.00361E+00  5.90000E+01             77.BR 35. 414   7
 6 3  5.22764E-06  1.00489E+00  1.00489E+00  5.90000E+01             77.BR 35. 415   3
 6 4  5.62038E-07  1.00505E+00  1.00505E+00  5.90000E+01             77.BR 35. 416   4
 160  1.61700E-03  1.18680E+00  1.18680E+00  0.00000E+00             77.BR 35. 417  60
 6 1  3.92288E-07  1.17418E+00  1.17418E+00  6.00000E+01             77.BR 35. 418   1
 6 5  4.00155E-08  1.18516E+00  1.18516E+00  6.00000E+01             77.BR 35. 419   5
 6 6  4.02490E-10  1.18532E+00  1.18532E+00  6.00000E+01             77.BR 35. 420   6
 6 7  2.84957E-10  1.18536E+00  1.18536E+00  6.00000E+01             77.BR 35. 421   7
 6 3  6.49800E-09  1.18664E+00  1.18664E+00  6.00000E+01             77.BR 35. 422   3
 6 4  6.97427E-10  1.18680E+00  1.18680E+00  6.00000E+01             77.BR 35. 423   4
 161  9.24000E-04  1.23050E+00  1.23050E+00  0.00000E+00             77.BR 35. 424  61
 6 1  2.17990E-07  1.21788E+00  1.21788E+00  6.10000E+01             77.BR 35. 425   1
 6 5  2.19881E-08  1.22886E+00  1.22886E+00  6.10000E+01             77.BR 35. 426   5
 6 6  3.22473E-10  1.22902E+00  1.22902E+00  6.10000E+01             77.BR 35. 427   6
 6 7  3.35745E-10  1.22906E+00  1.22906E+00  6.10000E+01             77.BR 35. 428   7
 6 3  3.63089E-09  1.23034E+00  1.23034E+00  6.10000E+01             77.BR 35. 429   3
 6 4  3.87694E-10  1.23050E+00  1.23050E+00  6.10000E+01             77.BR 35. 430   4
 2 1  1.54591E+01  1.11378E-02  1.11378E-02  0.00000E+00             77.BR 35. 431   1
 2 2  2.99042E+01  1.11804E-02  1.11804E-02  0.00000E+00             77.BR 35. 432   2
 2 3  2.08835E+00  1.24492E-02  1.24492E-02  0.00000E+00             77.BR 35. 433   3
 2 4  4.07539E+00  1.24553E-02  1.24553E-02  0.00000E+00             77.BR 35. 434   4
 2 5  4.91976E-03  1.25541E-02  1.25541E-02  0.00000E+00             77.BR 35. 435   5
 2 6  7.07633E-03  1.25550E-02  1.25550E-02  0.00000E+00             77.BR 35. 436   6
 2 7  9.90203E-02  1.26092E-02  1.26092E-02  0.00000E+00             77.BR 35. 437   7
 2 8  1.90615E-01  1.26096E-02  1.26096E-02  0.00000E+00             77.BR 35. 438   8
 221  3.59130E-04  1.60300E-04  1.60300E-04  0.00000E+00             77.BR 35. 439  21
 222  1.97937E-03  2.02900E-04  2.02900E-04  0.00000E+00             77.BR 35. 440  22
 223  2.37774E-02  1.47173E-03  1.47173E-03  0.00000E+00             77.BR 35. 441  23
 224  4.20993E-02  1.47779E-03  1.47779E-03  0.00000E+00             77.BR 35. 442  24
 225  1.19388E-04  1.57659E-03  1.57659E-03  0.00000E+00             77.BR 35. 443  25
 226  1.77523E-04  1.57752E-03  1.57752E-03  0.00000E+00             77.BR 35. 444  26
 227  1.19905E-03  1.63168E-03  1.63168E-03  0.00000E+00             77.BR 35. 445  27
 228  2.13782E-03  1.63210E-03  1.63210E-03  0.00000E+00             77.BR 35. 446  28
 241  4.80391E-08  4.26000E-05  4.26000E-05  0.00000E+00             77.BR 35. 447  41
 242  1.37557E-01  1.25510E-03  1.25510E-03  0.00000E+00             77.BR 35. 448  42
 243  8.18272E-04  1.31749E-03  1.31749E-03  0.00000E+00             77.BR 35. 449  43
 244  4.86154E-01  1.41629E-03  1.41629E-03  0.00000E+00             77.BR 35. 450  44
 245  5.69635E-03  1.46021E-03  1.46021E-03  0.00000E+00             77.BR 35. 451  45
 246  5.94708E-06  1.47180E-03  1.47180E-03  0.00000E+00             77.BR 35. 452  46
 261  3.30893E-01  1.21250E-03  1.21250E-03  0.00000E+00             77.BR 35. 453  61
 262  9.90229E-04  1.26882E-03  1.26882E-03  0.00000E+00             77.BR 35. 454  62
 263  9.49362E-04  1.27489E-03  1.27489E-03  0.00000E+00             77.BR 35. 455  63
 264  9.57535E-02  1.37369E-03  1.37369E-03  0.00000E+00             77.BR 35. 456  64
 265  9.58668E-01  1.37463E-03  1.37463E-03  0.00000E+00             77.BR 35. 457  65
 266  1.10238E-02  1.41761E-03  1.41761E-03  0.00000E+00             77.BR 35. 458  66
 267  6.15450E-06  1.42878E-03  1.42878E-03  0.00000E+00             77.BR 35. 459  67
 268  5.84442E-06  1.42920E-03  1.42920E-03  0.00000E+00             77.BR 35. 460  68
 291  1.49154E-02  1.06220E-04  1.06220E-04  0.00000E+00             77.BR 35. 461  91
 294  7.62292E+02  1.58643E-05  1.58643E-05  0.00000E+00             77.BR 35. 462  94
 7 1  2.78376E+01  9.62662E-03  9.62662E-03  0.00000E+00             77.BR 35. 463   1
 7 2  8.20594E+00  1.09573E-02  1.09573E-02  0.00000E+00             77.BR 35. 464   2
 7 3  6.16915E-01  1.22909E-02  1.22909E-02  0.00000E+00             77.BR 35. 465   3
 7 4  2.29184E+01  9.46913E-05  9.46913E-05  0.00000E+00             77.BR 35. 466   4
 7 5  1.12179E+02  1.23738E-03  1.23738E-03  0.00000E+00             77.BR 35. 467   5
 7 6  5.27754E+00  1.31569E-03  1.31569E-03  0.00000E+00             77.BR 35. 468   6
 7 7  9.28681E-02  1.44280E-03  1.44280E-03  0.00000E+00             77.BR 35. 469   7
 7 8  1.30221E+02  5.45963E-05  5.45963E-05  0.00000E+00             77.BR 35. 470   8
 7 9  3.51986E+02  3.25138E-05  3.25138E-05  0.00000E+00             77.BR 35. 471   9
%%%%  77 BR  35    EC B+        2.05330E+05 57.036 H   02-11-2005       SEEIEND 
 


   ***************************************************** 
   *                 Radiation Summary                 * 
   ***************************************************** 
 
  Energy released by
    Gamma-ray                       (MeV) =   3.07312E-01
    X-ray                           (MeV) =   5.89926E-03
    Free-bound X-ray                (MeV) =   1.20932E-04
    Annihilation photon             (MeV) =   7.57298E-03
    Beta+ particle                  (MeV) =   1.12354E-03
    Neutrino                        (MeV) =   1.03617E+00
    Beta- particle                  (MeV) =   0.00000E+00
    Neutrino-                       (MeV) =   0.00000E+00
    Internal conv. electron         (MeV) =   2.93499E-03
    Auger and CK electron           (MeV) =   5.32089E-03
    Alpha particle                  (MeV) =   0.00000E+00
    Recoil nucleus                  (MeV) =   0.00000E+00
  E-total (except unplaced radiat.) (MeV) =   1.36646E+00
  E-unplaced radiation              (MeV) =   0.00000E+00
  Q-value from ENSDF data           (MeV) =   1.36510E+00
  Ratio of E-total/Q-value          ( % ) =   1.00099E+02
  Ratio of E-unplaced radi./Q-value ( % ) =   0.00000E+00

 
  Total yield of
    Gamma-ray                             =   7.65642E-01
    X-ray                                 =   5.39440E-01
    Free-bound X-ray                      =   7.62292E+00
    Annihilation photon                   =   1.48199E-02
    Beta+ particle                        =   7.40996E-03
    Beta- particle                        =   0.00000E+00
    Internal conv. electron               =   1.69221E-02
    Auger and CK electron                 =   6.59335E+00
    Alpha particle                        =   0.00000E+00
  Yield of unplaced radiation             =   0.00000E+00


%%%%  77 BR  35 M  IT           2.56800E+02   4.28 M   02-11-2005       BALASTAR
1  77M  BR  35   4.28 M        IT         
1INTENSITY AND ENERGY BALANCE DATA

              77M-BROMINE-35
+                                    HALFLIFE = 4.28 MINUTES 
+                                                                  02-11-2005


    LEVEL       INTENSITY   INTENSITY
    ENERGY      ENTERING    LEAVING     PERCENT
    (MEV)       LEVEL       LEVEL       ERROR

   0.0000E+00  1.0136E+02
   1.0587E-01  1.0136E+02  1.0136E+02  0.0000E+00                      


 INTENSITY TO GROUND AND ISOMERIC STATE(S) OF DAUGHTER(S)=  1.014E+02
 TOTAL INTENSITY FROM PARENT=  1.014E+02
 PERCENT ERROR =  0.000E+00                      


 TOTAL INTENSITY FROM PARENT =  1.014E+02
 VALUE IS WITHIN   1.36E+00% OF 100                      


 TOTAL ENERGY AVAILABLE =  1.073E-01 MEV
 TOTAL ENERGY CONTENT OF ALL RADIATIONS =  1.073E-01 MEV
 PERCENT ERROR =  6.943E-06                      
%%%%  77 BR  35 M  IT           2.56800E+02   4.28 M   02-11-2005       BALAEND 
%%%%  77 BR  35 M  IT           2.56800E+02   4.28 M   02-11-2005       INPUSTAR
1                                      **INPUT DATA**
              77M-BROMINE-35
+                                    HALFLIFE = 4.28 MINUTES 
+                                                                  02-11-2005

            MODE OF DECAY: ISOMERIC LEVEL
 
                                MEAN
                                NUMBER/    TRANSITION
                TYPE OF    ID   TRANSFOR-  ENERGY
              TRANSITION   NO.  MATION     (MEV)       OTHER NUCLEAR PARAMETERS

           I.C.E. + GAMMA   1   1.01E+00   1.059E-01   E3 MULTIPOLE                             
+                                                                    AK= 4.84                   
                                                       AL1=0.427     AL2=0.377                  
                                                       AL3=0.469     AM= 0.209                  
 
           - - - - - - - - - -
           Reference: Evaluated Nuclear Structure Data File (ENSDF)
                DATE DATA WERE ENTERED INTO ENSDF: Aug-1997
%%%%  77 BR  35 M  IT           2.56800E+02   4.28 M   02-11-2005       INPUEND 
%%%%  77 BR  35 M  IT           2.56800E+02   4.28 M   02-11-2005       OUTPSTAR
1                                      **OUTPUT DATA**
              77M-BROMINE-35
+                                    HALFLIFE = 4.28 MINUTES 
+                                                                  02-11-2005

            MODE OF DECAY: ISOMERIC LEVEL
 
                                              MEAN
                                              NUMBER/                  MEV/
                                         ID   TRANSFOR-   ENERGY       TRANSFOR-
                  TYPE OF RADIATION      NO.  MATION      (MEV)        MATION

           GAMMA-RAY                      1   1.38E-01    1.059E-01    1.46E-02
           K CONV. ELECTRON, GAMMA-RAY    1   6.68E-01    9.244E-02    6.18E-02
           L1 CONV. ELECTRON, GAMMA-RAY   1   5.89E-02    1.041E-01    6.13E-03
           L2 CONV. ELECTRON, GAMMA-RAY   1   5.20E-02    1.043E-01    5.42E-03
           L3 CONV. ELECTRON, GAMMA-RAY   1   6.48E-02    1.043E-01    6.76E-03
           M CONV. ELECTRON, GAMMA-RAY    1   2.89E-02    1.057E-01*   3.05E-03
           N+ CONV. ELECTRON, GAMMA-RAY   1   2.66E-03    1.059E-01*   2.82E-04
           K -L2 X-RAY                        1.22E-01    1.183E-02    1.44E-03
           K -L3 X-RAY                        2.35E-01    1.188E-02    2.79E-03
           K -M2 X-RAY                        1.68E-02    1.324E-02    2.22E-04
           K -M3 X-RAY                        3.28E-02    1.325E-02    4.34E-04
           K -N3 X-RAY                        2.15E-03    1.342E-02    2.89E-05
           Free-Bound X-RAY                   6.00E+00    1.759E-05*   1.05E-04
           AUGER KLL                          1.95E-01    1.020E-02*   1.99E-03
           AUGER KLX                          5.96E-02    1.164E-02*   6.93E-04
           AUGER LMM                          9.07E-01    1.321E-03*   1.20E-03
           AUGER MNN                          2.70E+00    4.384E-05*   1.18E-04
 
           ALL LISTED X-RAYS, GAMMA-RAYS AND ANNIHILATION RADIATION    1.96E-02
           ALL NEGLECTED X-RAYS, GAMMA-RAYS AND ANNIH. RADIATION**     4.47E-05
           ALL LISTED BETAS, INTERNAL CONVERSION AND AUGER ELECTRONS   8.74E-02
           ALL NEGLECTED BETAS, INT. CONVERSION AND AUGER ELECTRONS**  2.11E-04
           ALL LISTED RADIATIONS                                       1.07E-01
           ALL NEGLECTED RADIATIONS**                                  2.56E-04
 
           *  AVERAGE ENERGY (MEV)
           ** EACH NEGLECTED TRANSITION CONTRIBUTES LESS THAN  0.100%
              TO THE TOTAL MEV/TRANSFORMATION FOR THIS CATEGORY.
           TOTAL FEEDING OF GROUND STATE LEVEL IN 77-BROMINE
             DAUGHTER IS 1.0000E+00  PER TRANSFORMATION OF  77M-BROMINE.
             DECAY OF THIS 57.036 HOURS HALFLIFE LEVEL WILL CONTRIBUTE TO DOSE.
           - - - - - - - - - -
           INPUT DATA SOURCE: EVALUATED NUCLEAR STRUCTURE DATA FILE (ENSDF)
             DATE INPUT DATA WERE ENTERED INTO ENSDF: Aug-1997
%%%%  77 BR  35 M  IT           2.56800E+02   4.28 M   02-11-2005       OUTPEND 
%%%%  77 BR  35 M  IT           2.56800E+02   4.28 M   02-11-2005       SEEISTAR
 77.M BROMINE      35.  4.280E+00 MINUTES   48 IT                    77.BR 35.   0
 1 1  1.38000E+01  1.05870E-01  1.05870E-01  0.00000E+00             77.BR 35.   1   1
 6 1  6.68373E+01  9.24350E-02  9.24350E-02  1.00000E+00             77.BR 35.   2   1
 6 5  5.89124E+00  1.04101E-01  1.04101E-01  1.00000E+00             77.BR 35.   3   5
 6 6  5.19838E+00  1.04268E-01  1.04268E-01  1.00000E+00             77.BR 35.   4   6
 6 7  6.47666E+00  1.04316E-01  1.04316E-01  1.00000E+00             77.BR 35.   5   7
 6 3  2.88630E+00  1.05685E-01  1.05685E-01  1.00000E+00             77.BR 35.   6   3
 6 4  2.65924E-01  1.05870E-01  1.05870E-01  1.00000E+00             77.BR 35.   7   4
 2 1  1.21692E+01  1.18329E-02  1.18329E-02  0.00000E+00             77.BR 35.   8   1
 2 2  2.34956E+01  1.18814E-02  1.18814E-02  0.00000E+00             77.BR 35.   9   2
 2 3  1.67851E+00  1.32432E-02  1.32432E-02  0.00000E+00             77.BR 35.  10   3
 2 4  3.27500E+00  1.32502E-02  1.32502E-02  0.00000E+00             77.BR 35.  11   4
 2 5  4.41426E-03  1.33554E-02  1.33554E-02  0.00000E+00             77.BR 35.  12   5
 2 6  6.33760E-03  1.33565E-02  1.33565E-02  0.00000E+00             77.BR 35.  13   6
 2 7  1.11907E-01  1.34234E-02  1.34234E-02  0.00000E+00             77.BR 35.  14   7
 2 8  2.15366E-01  1.34240E-02  1.34240E-02  0.00000E+00             77.BR 35.  15   8
 221  2.32566E-04  1.67100E-04  1.67100E-04  0.00000E+00             77.BR 35.  16  21
 222  1.31073E-03  2.15600E-04  2.15600E-04  0.00000E+00             77.BR 35.  17  22
 223  1.67200E-02  1.57738E-03  1.57738E-03  0.00000E+00             77.BR 35.  18  23
 224  2.98992E-02  1.58442E-03  1.58442E-03  0.00000E+00             77.BR 35.  19  24
 225  9.11271E-05  1.68961E-03  1.68961E-03  0.00000E+00             77.BR 35.  20  25
 226  1.35542E-04  1.69075E-03  1.69075E-03  0.00000E+00             77.BR 35.  21  26
 227  1.18761E-03  1.75761E-03  1.75761E-03  0.00000E+00             77.BR 35.  22  27
 228  2.10914E-03  1.75817E-03  1.75817E-03  0.00000E+00             77.BR 35.  23  28
 241  4.90063E-08  4.85000E-05  4.85000E-05  0.00000E+00             77.BR 35.  24  41
 242  1.13426E-01  1.35061E-03  1.35061E-03  0.00000E+00             77.BR 35.  25  42
 243  7.29889E-04  1.41732E-03  1.41732E-03  0.00000E+00             77.BR 35.  26  43
 244  4.89999E-01  1.52251E-03  1.52251E-03  0.00000E+00             77.BR 35.  27  44
 245  5.14122E-03  1.57792E-03  1.57792E-03  0.00000E+00             77.BR 35.  28  45
 246  8.04088E-06  1.59107E-03  1.59107E-03  0.00000E+00             77.BR 35.  29  46
 261  2.68309E-01  1.30211E-03  1.30211E-03  0.00000E+00             77.BR 35.  30  61
 262  8.59263E-04  1.36178E-03  1.36178E-03  0.00000E+00             77.BR 35.  31  62
 263  8.22052E-04  1.36881E-03  1.36881E-03  0.00000E+00             77.BR 35.  32  63
 264  9.23800E-02  1.47401E-03  1.47401E-03  0.00000E+00             77.BR 35.  33  64
 265  9.04702E-01  1.47515E-03  1.47515E-03  0.00000E+00             77.BR 35.  34  65
 266  9.46060E-03  1.52942E-03  1.52942E-03  0.00000E+00             77.BR 35.  35  66
 267  7.92544E-06  1.54201E-03  1.54201E-03  0.00000E+00             77.BR 35.  36  67
 268  7.52173E-06  1.54257E-03  1.54257E-03  0.00000E+00             77.BR 35.  37  68
 291  1.57069E-02  1.15416E-04  1.15416E-04  0.00000E+00             77.BR 35.  38  91
 294  5.99549E+02  1.75873E-05  1.75873E-05  0.00000E+00             77.BR 35.  39  94
 7 1  1.94684E+01  1.02029E-02  1.02029E-02  0.00000E+00             77.BR 35.  40   1
 7 2  5.95556E+00  1.16354E-02  1.16354E-02  0.00000E+00             77.BR 35.  41   2
 7 3  4.57040E-01  1.30708E-02  1.30708E-02  0.00000E+00             77.BR 35.  42   3
 7 4  1.59469E+01  8.85320E-05  8.85320E-05  0.00000E+00             77.BR 35.  43   4
 7 5  9.06985E+01  1.32050E-03  1.32050E-03  0.00000E+00             77.BR 35.  44   5
 7 6  5.36632E+00  1.41061E-03  1.41061E-03  0.00000E+00             77.BR 35.  45   6
 7 7  1.22598E-01  1.55243E-03  1.55243E-03  0.00000E+00             77.BR 35.  46   7
 7 8  1.04057E+02  5.76197E-05  5.76197E-05  0.00000E+00             77.BR 35.  47   8
 7 9  2.70187E+02  4.38396E-05  4.38396E-05  0.00000E+00             77.BR 35.  48   9
%%%%  77 BR  35 M  IT           2.56800E+02   4.28 M   02-11-2005       SEEIEND 
 


   ***************************************************** 
   *                 Radiation Summary                 * 
   ***************************************************** 
 
  Energy released by
    Gamma-ray                       (MeV) =   1.46101E-02
    X-ray                           (MeV) =   4.96145E-03
    Free-bound X-ray                (MeV) =   1.05445E-04
    Annihilation photon             (MeV) =   0.00000E+00
    Beta+ particle                  (MeV) =   0.00000E+00
    Neutrino                        (MeV) =   0.00000E+00
    Beta- particle                  (MeV) =   0.00000E+00
    Neutrino-                       (MeV) =   0.00000E+00
    Internal conv. electron         (MeV) =   8.34223E-02
    Auger and CK electron           (MeV) =   4.20684E-03
    Alpha particle                  (MeV) =   0.00000E+00
    Recoil nucleus                  (MeV) =   0.00000E+00
  E-total (except unplaced radiat.) (MeV) =   1.07306E-01
  E-unplaced radiation              (MeV) =   0.00000E+00
  Q-value from ENSDF data           (MeV) =   1.05870E-01
  Ratio of E-total/Q-value          ( % ) =   1.01356E+02
  Ratio of E-unplaced radi./Q-value ( % ) =   0.00000E+00

 
  Total yield of
    Gamma-ray                             =   1.38000E-01
    X-ray                                 =   4.29096E-01
    Free-bound X-ray                      =   5.99549E+00
    Annihilation photon                   =   0.00000E+00
    Beta+ particle                        =   0.00000E+00
    Beta- particle                        =   0.00000E+00
    Internal conv. electron               =   8.75559E-01
    Auger and CK electron                 =   5.12259E+00
    Alpha particle                        =   0.00000E+00
  Yield of unplaced radiation             =   0.00000E+00


