%%%%  80 BR  35    B- EC B+     1.06080E+03  17.68 M   02-11-2005       BALASTAR
1  80   BR  35  17.68 M        B- EC B+   
           WARNING:                                                                             
  80 KR 36  GAMMA-RAY ENERGY =   1.33850 MEV                                                    
           HALF-LIFE OF INITIAL LEVEL ASSOCIATED WITH GAMMA-RAY TOO SHORT TO BE                 
           CONSIDERED ISOMERIC, AND INTENSITY = 0.0                                             
           TRANSITION IGNORED                                                                   
           WARNING:                                                                             
  80 SE 34  GAMMA-RAY ENERGY =   1.33850 MEV                                                    
           HALF-LIFE OF INITIAL LEVEL ASSOCIATED WITH GAMMA-RAY TOO SHORT TO BE                 
           CONSIDERED ISOMERIC, AND INTENSITY = 0.0                                             
           TRANSITION IGNORED                                                                   
1INTENSITY AND ENERGY BALANCE DATA

              80-BROMINE-35
+                                    HALFLIFE = 17.68 MINUTES 
+                                                                  02-11-2005


    LEVEL       INTENSITY   INTENSITY
    ENERGY      ENTERING    LEAVING     PERCENT
    (MEV)       LEVEL       LEVEL       ERROR

   0.0000E+00  9.1779E+01
   6.1660E-01  6.6558E+00  6.7057E+00  7.4689E-01                      
   1.2560E+00  3.1000E-01  3.3513E-01  7.7918E+00                      
   1.3204E+00  1.9000E-01  1.9436E-01  2.2701E+00                      
   0.0000E+00  8.2082E+00
   6.6580E-01  1.1591E+00  1.0837E+00  6.7245E+00                      
   1.4500E+00  2.0069E-02  1.3455E-02  3.9461E+01  ********************
   1.4780E+00  5.0172E-02  4.0367E-02  2.1661E+01  ********************


 INTENSITY TO GROUND AND ISOMERIC STATE(S) OF DAUGHTER(S)=  9.999E+01
 TOTAL INTENSITY FROM PARENT=  1.000E+02
 PERCENT ERROR =  1.243E-02                      


 TOTAL INTENSITY FROM PARENT =  1.000E+02
 VALUE IS WITHIN   0.00E+00% OF 100                      


 TOTAL ENERGY AVAILABLE =  1.990E+00 MEV
 TOTAL ENERGY CONTENT OF ALL RADIATIONS =  1.990E+00 MEV
 PERCENT ERROR =  4.097E-03                      
%%%%  80 BR  35    B- EC B+     1.06080E+03  17.68 M   02-11-2005       BALAEND 
%%%%  80 BR  35    B- EC B+     1.06080E+03  17.68 M   02-11-2005       INPUSTAR
1                                      **INPUT DATA**
              80-BROMINE-35
+                                    HALFLIFE = 17.68 MINUTES 
+                                                                  02-11-2005

            MODES OF DECAY: BETA MINUS, ELECTRON CAPTURE, BETA PLUS
 
                                MEAN
                                NUMBER/    TRANSITION
                TYPE OF    ID   TRANSFOR-  ENERGY
              TRANSITION   NO.  MATION     (MEV)       OTHER NUCLEAR PARAMETERS

               BETA MINUS   1   1.90E-03   6.806E-01*  ALLOWED                                  
               BETA MINUS   2   3.10E-03   7.450E-01*  ALLOWED                                  
               BETA MINUS   3   6.20E-02   1.384E+00*  ALLOWED                                  
               BETA MINUS   4   8.50E-01   2.001E+00*  ALLOWED                                  
           I.C.E. + GAMMA   1   6.71E-02   6.163E-01   E2 MULTIPOLE                             
+                                                                    AK= 0.00154                
           I.C.E. + GAMMA   2   2.61E-03   6.394E-01   M1+E2 MULTIPOLE                          
                                                       MRS=36.0      AK= 0.00138                
           I.C.E. + GAMMA   3   8.03E-05   6.770E-01   UNPLACED GAMMA                           
           I.C.E. + GAMMA   4   1.20E-04   6.874E-01   UNPLACED GAMMA                           
           I.C.E. + GAMMA   5   1.94E-03   7.038E-01   E2 MULTIPOLE                             
+                                                                    AK= 0.00107                
           I.C.E. + GAMMA   6   7.37E-04   1.256E+00   E2 MULTIPOLE                             
           ELECT. CAPTURE   1   5.02E-04   3.931E-01   ALLOWED                                  
           ELECT. CAPTURE   2   2.01E-04   4.211E-01   ALLOWED                                  
           ELECT. CAPTURE   3   1.10E-02   1.205E+00   ALLOWED                                  
           ELECT. CAPTURE   4   4.92E-02   1.871E+00   ALLOWED                                  
                BETA PLUS   1   1.51E-05   1.833E-01*  ALLOWED                                  
                BETA PLUS   2   2.21E-02   8.491E-01*  ALLOWED                                  
           I.C.E. + GAMMA   1   1.08E-02   6.658E-01   E2 MULTIPOLE                             
+                                                                    AK= 0.00107                
           I.C.E. + GAMMA   2   8.07E-05   6.770E-01   UNPLACED GAMMA                           
           I.C.E. + GAMMA   3   1.21E-04   6.874E-01   UNPLACED GAMMA                           
           I.C.E. + GAMMA   4   1.35E-04   7.880E-01   M1 MULTIPOLE                             
           I.C.E. + GAMMA   5   4.04E-04   8.122E-01   E2 MULTIPOLE                             
 
           * ENDPOINT ENERGY (MEV)
           - - - - - - - - - -
           Reference: Evaluated Nuclear Structure Data File (ENSDF)
                DATE DATA WERE ENTERED INTO ENSDF: Aug-1992
%%%%  80 BR  35    B- EC B+     1.06080E+03  17.68 M   02-11-2005       INPUEND 
%%%%  80 BR  35    B- EC B+     1.06080E+03  17.68 M   02-11-2005       OUTPSTAR
1                                      **OUTPUT DATA**
              80-BROMINE-35
+                                    HALFLIFE = 17.68 MINUTES 
+                                                                  02-11-2005

            MODES OF DECAY: BETA MINUS, ELECTRON CAPTURE, BETA PLUS
 
                                              MEAN
                                              NUMBER/                  MEV/
                                         ID   TRANSFOR-   ENERGY       TRANSFOR-
                  TYPE OF RADIATION      NO.  MATION      (MEV)        MATION

           BETA MINUS                     2   3.10E-03    2.523E-01*   7.82E-04
           BETA MINUS                     3   6.20E-02    5.235E-01*   3.25E-02
           BETA MINUS                     4   8.50E-01    8.029E-01*   6.82E-01
           GAMMA-RAY                      1   6.69E-02    6.163E-01    4.13E-02
           GAMMA-RAY                      2   2.61E-03    6.394E-01    1.67E-03
           GAMMA-RAY                      4   1.20E-04    6.874E-01    8.28E-05
           GAMMA-RAY                      5   1.94E-03    7.038E-01    1.37E-03
           GAMMA-RAY                      6   7.36E-04    1.256E+00    9.25E-04
           BETA PLUS                      2   2.21E-02    3.682E-01*   8.13E-03
           ANNIHILATION RADIATION             4.42E-02    5.110E-01    2.26E-02
           GAMMA-RAY                      1   1.08E-02    6.658E-01    7.21E-03
           GAMMA-RAY                      3   1.21E-04    6.874E-01    8.32E-05
           GAMMA-RAY                      4   1.34E-04    7.880E-01    1.06E-04
           GAMMA-RAY                      5   4.03E-04    8.122E-01    3.28E-04
           K -L2 X-RAY                        9.35E-03    1.114E-02    1.04E-04
           K -L3 X-RAY                        1.81E-02    1.118E-02    2.02E-04
 
           ALL LISTED X-RAYS, GAMMA-RAYS AND ANNIHILATION RADIATION    7.59E-02
           ALL NEGLECTED X-RAYS, GAMMA-RAYS AND ANNIH. RADIATION**     1.68E-04
           ALL LISTED BETAS, INTERNAL CONVERSION AND AUGER ELECTRONS   7.24E-01
           ALL NEGLECTED BETAS, INT. CONVERSION AND AUGER ELECTRONS**  8.38E-04
           ALL LISTED RADIATIONS                                       8.00E-01
           ALL NEGLECTED RADIATIONS**                                  1.01E-03
 
           *  AVERAGE ENERGY (MEV)
           ** EACH NEGLECTED TRANSITION CONTRIBUTES LESS THAN  0.100%
              TO THE TOTAL MEV/TRANSFORMATION FOR THIS CATEGORY.
           TOTAL FEEDING OF GROUND STATE LEVEL IN 80-KRYPTON
             DAUGHTER IS 9.1700E-01 PER TRANSFORMATION OF  80-BROMINE.
             THIS DAUGHTER GROUND STATE IS STABLE.
           TOTAL FEEDING OF GROUND STATE LEVEL IN 80-SELENIUM
             DAUGHTER IS 8.3000E-02 PER TRANSFORMATION OF  80-BROMINE.
             THIS DAUGHTER GROUND STATE IS STABLE.
           - - - - - - - - - -
           INPUT DATA SOURCE: EVALUATED NUCLEAR STRUCTURE DATA FILE (ENSDF)
             DATE INPUT DATA WERE ENTERED INTO ENSDF: Aug-1992
%%%%  80 BR  35    B- EC B+     1.06080E+03  17.68 M   02-11-2005       OUTPEND 
%%%%  80 BR  35    B- EC B+     1.06080E+03  17.68 M   02-11-2005       BETASTAR
1
              80-BROMINE-35
+                                    HALFLIFE = 17.68 MINUTES 
+                                                                  02-11-2005

            BETA SPECTRUM DATA FOR ALL DECAY BRANCHES

                      BETAS PER                BETAS PER                BETAS PER
            ENERGY    MEV            ENERGY    MEV            ENERGY    MEV
            (MEV)     PER DECAY      (MEV)     PER DECAY      (MEV)     PER DECAY

            0.00000   3.227E-01      0.00280   3.235E-01      0.08500   4.150E-01
            0.00010   3.227E-01      0.00300   3.235E-01      0.09000   4.213E-01
            0.00011   3.227E-01      0.00320   3.236E-01      0.10000   4.337E-01
            0.00012   3.227E-01      0.00360   3.237E-01      0.11000   4.460E-01
            0.00013   3.227E-01      0.00400   3.238E-01      0.12000   4.581E-01
            0.00014   3.227E-01      0.00450   3.240E-01      0.13000   4.701E-01
            0.00015   3.227E-01      0.00500   3.241E-01      0.14000   4.819E-01
            0.00016   3.228E-01      0.00550   3.245E-01      0.15000   4.934E-01
            0.00018   3.228E-01      0.00600   3.249E-01      0.16000   5.047E-01
            0.00020   3.228E-01      0.00650   3.253E-01      0.18000   5.268E-01
            0.00022   3.228E-01      0.00700   3.257E-01      0.20000   5.479E-01
            0.00024   3.228E-01      0.00750   3.261E-01      0.22000   5.680E-01
            0.00026   3.228E-01      0.00800   3.266E-01      0.24000   5.871E-01
            0.00028   3.228E-01      0.00850   3.270E-01      0.26000   6.052E-01
            0.00030   3.228E-01      0.00900   3.274E-01      0.28000   6.223E-01
            0.00032   3.228E-01      0.01000   3.282E-01      0.30000   6.383E-01
            0.00036   3.228E-01      0.01100   3.291E-01      0.32000   6.533E-01
            0.00040   3.228E-01      0.01200   3.299E-01      0.36000   6.802E-01
            0.00045   3.228E-01      0.01300   3.308E-01      0.40000   7.029E-01
            0.00050   3.228E-01      0.01400   3.317E-01      0.45000   7.254E-01
            0.00055   3.229E-01      0.01500   3.326E-01      0.50000   7.417E-01
            0.00060   3.229E-01      0.01600   3.335E-01      0.55000   7.520E-01
            0.00065   3.229E-01      0.01800   3.354E-01      0.60000   7.569E-01
            0.00070   3.229E-01      0.02000   3.373E-01      0.65000   7.568E-01
            0.00075   3.229E-01      0.02200   3.393E-01      0.70000   7.523E-01
            0.00080   3.229E-01      0.02400   3.413E-01      0.75000   7.441E-01
            0.00085   3.229E-01      0.02600   3.434E-01      0.80000   7.327E-01
            0.00090   3.230E-01      0.02800   3.456E-01      0.85000   7.187E-01
            0.00100   3.230E-01      0.03000   3.477E-01      0.90000   7.014E-01
            0.00110   3.230E-01      0.03200   3.500E-01      1.00000   6.540E-01
            0.00120   3.230E-01      0.03600   3.545E-01      1.10000   5.918E-01
            0.00130   3.231E-01      0.04000   3.592E-01      1.20000   5.184E-01
            0.00140   3.231E-01      0.04500   3.652E-01      1.30000   4.380E-01
            0.00150   3.231E-01      0.05000   3.712E-01      1.40000   3.557E-01
            0.00160   3.232E-01      0.05500   3.774E-01      1.50000   2.728E-01
            0.00180   3.232E-01      0.06000   3.836E-01      1.60000   1.920E-01
            0.00200   3.233E-01      0.06500   3.899E-01      1.80000   5.743E-02
            0.00220   3.233E-01      0.07000   3.962E-01      2.00000   1.668E-06
            0.00240   3.234E-01      0.07500   4.025E-01      2.00100   0.000E+00
            0.00260   3.234E-01      0.08000   4.088E-01

            AVERAGE BETA ENERGY =   7.712E-01

            TOTAL BETAS PER DECAY FOR ALL BRANCHES =   9.391E-01
%%%%  80 BR  35    B- EC B+     1.06080E+03  17.68 M   02-11-2005       BETAEND 
%%%%  80 BR  35    B- EC B+     1.06080E+03  17.68 M   02-11-2005       SEEISTAR
 80.  BROMINE      35.  1.768E+01 MINUTES  142 B- EC B+              80.BR 35.   0
 5 1  1.90000E-01  2.26817E-01  6.80600E-01  0.00000E+00             80.BR 35.   1   1
 5 2  3.10000E-01  2.52301E-01  7.45000E-01  0.00000E+00             80.BR 35.   2   2
 5 3  6.20000E+00  5.23529E-01  1.38440E+00  0.00000E+00             80.BR 35.   3   3
 5 4  8.50000E+01  8.02895E-01  2.00100E+00  0.00000E+00             80.BR 35.   4   4
 1 1  6.69410E+00  6.16300E-01  6.16300E-01  0.00000E+00             80.BR 35.   5   1
 6 1  1.02958E-02  6.02020E-01  6.02020E-01  1.00000E+00             80.BR 35.   6   1
 6 5  1.05357E-03  6.14398E-01  6.14398E-01  1.00000E+00             80.BR 35.   7   5
 6 6  4.04543E-05  6.14572E-01  6.14572E-01  1.00000E+00             80.BR 35.   8   6
 6 7  3.82930E-05  6.14627E-01  6.14627E-01  1.00000E+00             80.BR 35.   9   7
 6 3  1.87160E-04  6.16093E-01  6.16093E-01  1.00000E+00             80.BR 35.  10   3
 6 4  2.26975E-05  6.16300E-01  6.16300E-01  1.00000E+00             80.BR 35.  11   4
 1 2  2.61070E-01  6.39400E-01  6.39400E-01  0.00000E+00             80.BR 35.  12   2
 6 1  3.60038E-04  6.25120E-01  6.25120E-01  2.00000E+00             80.BR 35.  13   1
 6 5  3.68884E-05  6.37498E-01  6.37498E-01  2.00000E+00             80.BR 35.  14   5
 6 6  1.34339E-06  6.37672E-01  6.37672E-01  2.00000E+00             80.BR 35.  15   6
 6 7  1.26163E-06  6.37727E-01  6.37727E-01  2.00000E+00             80.BR 35.  16   7
 6 3  6.52867E-06  6.39193E-01  6.39193E-01  2.00000E+00             80.BR 35.  17   3
 6 4  7.92573E-07  6.39400E-01  6.39400E-01  2.00000E+00             80.BR 35.  18   4
 1 3  8.03292E-03  6.77000E-01  6.77000E-01  0.00000E+00             80.BR 35.  19   3
 1 4  1.20494E-02  6.87400E-01  6.87400E-01  0.00000E+00             80.BR 35.  20   4
 1 5  1.94129E-01  7.03800E-01  7.03800E-01  0.00000E+00             80.BR 35.  21   5
 6 1  2.07041E-04  6.89520E-01  6.89520E-01  5.00000E+00             80.BR 35.  22   1
 6 5  2.12421E-05  7.01898E-01  7.01898E-01  5.00000E+00             80.BR 35.  23   5
 6 6  7.00887E-07  7.02072E-01  7.02072E-01  5.00000E+00             80.BR 35.  24   6
 6 7  6.59516E-07  7.02127E-01  7.02127E-01  5.00000E+00             80.BR 35.  25   7
 6 3  3.73592E-06  7.03593E-01  7.03593E-01  5.00000E+00             80.BR 35.  26   3
 6 4  4.54352E-07  7.03800E-01  7.03800E-01  5.00000E+00             80.BR 35.  27   4
 1 6  7.36351E-02  1.25620E+00  1.25620E+00  0.00000E+00             80.BR 35.  28   6
 6 1  1.95815E-05  1.24192E+00  1.24192E+00  6.00000E+00             80.BR 35.  29   1
 6 5  2.01390E-06  1.25430E+00  1.25430E+00  6.00000E+00             80.BR 35.  30   5
 6 6  3.33283E-08  1.25447E+00  1.25447E+00  6.00000E+00             80.BR 35.  31   6
 6 7  3.33930E-08  1.25453E+00  1.25453E+00  6.00000E+00             80.BR 35.  32   7
 6 3  3.43101E-07  1.25599E+00  1.25599E+00  6.00000E+00             80.BR 35.  33   3
 6 4  4.20086E-08  1.25620E+00  1.25620E+00  6.00000E+00             80.BR 35.  34   4
 2 1  2.05536E-03  1.25517E-02  1.25517E-02  0.00000E+00             80.BR 35.  35   1
 2 2  3.96337E-03  1.26066E-02  1.26066E-02  0.00000E+00             80.BR 35.  36   2
 2 3  2.89178E-04  1.40649E-02  1.40649E-02  0.00000E+00             80.BR 35.  37   3
 2 4  5.63959E-04  1.40730E-02  1.40730E-02  0.00000E+00             80.BR 35.  38   4
 2 5  8.43091E-07  1.41846E-02  1.41846E-02  0.00000E+00             80.BR 35.  39   5
 2 6  1.20795E-06  1.41860E-02  1.41860E-02  0.00000E+00             80.BR 35.  40   6
 2 7  2.54104E-05  1.42666E-02  1.42666E-02  0.00000E+00             80.BR 35.  41   7
 2 8  4.88826E-05  1.42673E-02  1.42673E-02  0.00000E+00             80.BR 35.  42   8
 221  3.84752E-08  1.74000E-04  1.74000E-04  0.00000E+00             80.BR 35.  43  21
 222  2.21626E-07  2.28901E-04  2.28901E-04  0.00000E+00             80.BR 35.  44  22
 223  3.00932E-06  1.68718E-03  1.68718E-03  0.00000E+00             80.BR 35.  45  23
 224  5.35271E-06  1.69534E-03  1.69534E-03  0.00000E+00             80.BR 35.  46  24
 225  1.77043E-08  1.80695E-03  1.80695E-03  0.00000E+00             80.BR 35.  47  25
 226  2.63448E-08  1.80832E-03  1.80832E-03  0.00000E+00             80.BR 35.  48  26
 227  2.82191E-07  1.88887E-03  1.88887E-03  0.00000E+00             80.BR 35.  49  27
 228  4.98788E-07  1.88958E-03  1.88958E-03  0.00000E+00             80.BR 35.  50  28
 241  7.89782E-12  5.49000E-05  5.49000E-05  0.00000E+00             80.BR 35.  51  41
 242  1.48662E-05  1.45012E-03  1.45012E-03  0.00000E+00             80.BR 35.  52  42
 243  1.03260E-07  1.52134E-03  1.52134E-03  0.00000E+00             80.BR 35.  53  43
 244  7.68345E-05  1.63295E-03  1.63295E-03  0.00000E+00             80.BR 35.  54  44
 245  7.35797E-07  1.70086E-03  1.70086E-03  0.00000E+00             80.BR 35.  55  45
 246  1.60855E-09  1.71558E-03  1.71558E-03  0.00000E+00             80.BR 35.  56  46
 261  3.85741E-05  1.39523E-03  1.39523E-03  0.00000E+00             80.BR 35.  57  61
 262  1.29953E-07  1.45829E-03  1.45829E-03  0.00000E+00             80.BR 35.  58  62
 263  1.24061E-07  1.46644E-03  1.46644E-03  0.00000E+00             80.BR 35.  59  63
 264  1.54576E-05  1.57805E-03  1.57805E-03  0.00000E+00             80.BR 35.  60  64
 265  1.50449E-04  1.57942E-03  1.57942E-03  0.00000E+00             80.BR 35.  61  65
 266  1.43719E-06  1.64596E-03  1.64596E-03  0.00000E+00             80.BR 35.  62  66
 267  1.69257E-09  1.65997E-03  1.65997E-03  0.00000E+00             80.BR 35.  63  67
 268  1.60516E-09  1.66068E-03  1.66068E-03  0.00000E+00             80.BR 35.  64  68
 291  2.84671E-06  1.24980E-04  1.24980E-04  0.00000E+00             80.BR 35.  65  91
 294  8.32103E-02  1.93802E-05  1.93802E-05  0.00000E+00             80.BR 35.  66  94
 7 1  2.93105E-03  1.07980E-02  1.07980E-02  0.00000E+00             80.BR 35.  67   1
 7 2  9.30281E-04  1.23371E-02  1.23371E-02  0.00000E+00             80.BR 35.  68   2
 7 3  7.28979E-05  1.38786E-02  1.38786E-02  0.00000E+00             80.BR 35.  69   3
 7 4  2.61804E-03  9.94090E-05  9.94090E-05  0.00000E+00             80.BR 35.  70   4
 7 5  1.27521E-02  1.40714E-03  1.40714E-03  0.00000E+00             80.BR 35.  71   5
 7 6  9.21253E-04  1.51185E-03  1.51185E-03  0.00000E+00             80.BR 35.  72   6
 7 7  2.64065E-05  1.67069E-03  1.67069E-03  0.00000E+00             80.BR 35.  73   7
 7 8  1.42835E-02  6.55074E-05  6.55074E-05  0.00000E+00             80.BR 35.  74   8
 7 9  3.63981E-02  5.62719E-05  5.62719E-05  0.00000E+00             80.BR 35.  75   9
 4 1  1.50517E-03  8.42880E-02  1.83300E-01  0.00000E+00             80.BR 35.  76   1
 4 2  2.20758E+00  3.68156E-01  8.49100E-01  0.00000E+00             80.BR 35.  77   2
 3 3  4.41817E+00  5.11000E-01  5.11000E-01  0.00000E+00             80.BR 35.  78   3
 1 1  1.08240E+00  6.65800E-01  6.65800E-01  0.00000E+00             80.BR 35.  79   1
 6 1  1.15878E-03  6.53181E-01  6.53181E-01  1.00000E+00             80.BR 35.  80   1
 6 5  1.16972E-04  6.64159E-01  6.64159E-01  1.00000E+00             80.BR 35.  81   5
 6 6  3.49896E-06  6.64319E-01  6.64319E-01  1.00000E+00             80.BR 35.  82   6
 6 7  3.40745E-06  6.64361E-01  6.64361E-01  1.00000E+00             80.BR 35.  83   7
 6 3  1.97017E-05  6.65636E-01  6.65636E-01  1.00000E+00             80.BR 35.  84   3
 6 4  2.09895E-06  6.65800E-01  6.65800E-01  1.00000E+00             80.BR 35.  85   4
 1 2  8.06760E-03  6.77000E-01  6.77000E-01  0.00000E+00             80.BR 35.  86   2
 1 3  1.21014E-02  6.87400E-01  6.87400E-01  0.00000E+00             80.BR 35.  87   3
 1 4  1.34460E-02  7.88000E-01  7.88000E-01  0.00000E+00             80.BR 35.  88   4
 6 1  7.64186E-06  7.75381E-01  7.75381E-01  4.00000E+00             80.BR 35.  89   1
 6 5  7.80452E-07  7.86359E-01  7.86359E-01  4.00000E+00             80.BR 35.  90   5
 6 6  1.07011E-08  7.86519E-01  7.86519E-01  4.00000E+00             80.BR 35.  91   6
 6 7  6.13803E-09  7.86561E-01  7.86561E-01  4.00000E+00             80.BR 35.  92   7
 6 3  1.27575E-07  7.87836E-01  7.87836E-01  4.00000E+00             80.BR 35.  93   3
 6 4  1.37406E-08  7.88000E-01  7.88000E-01  4.00000E+00             80.BR 35.  94   4
 1 5  4.03380E-02  8.12200E-01  8.12200E-01  0.00000E+00             80.BR 35.  95   5
 6 1  2.54119E-05  7.99581E-01  7.99581E-01  5.00000E+00             80.BR 35.  96   1
 6 5  2.56897E-06  8.10559E-01  8.10559E-01  5.00000E+00             80.BR 35.  97   5
 6 6  6.13192E-08  8.10719E-01  8.10719E-01  5.00000E+00             80.BR 35.  98   6
 6 7  5.98879E-08  8.10761E-01  8.10761E-01  5.00000E+00             80.BR 35.  99   7
 6 3  4.28652E-07  8.12036E-01  8.12036E-01  5.00000E+00             80.BR 35. 100   3
 6 4  4.57925E-08  8.12200E-01  8.12200E-01  5.00000E+00             80.BR 35. 101   4
 2 1  9.34744E-01  1.11378E-02  1.11378E-02  0.00000E+00             80.BR 35. 102   1
 2 2  1.80817E+00  1.11804E-02  1.11804E-02  0.00000E+00             80.BR 35. 103   2
 2 3  1.26273E-01  1.24492E-02  1.24492E-02  0.00000E+00             80.BR 35. 104   3
 2 4  2.46420E-01  1.24553E-02  1.24553E-02  0.00000E+00             80.BR 35. 105   4
 2 5  2.97475E-04  1.25541E-02  1.25541E-02  0.00000E+00             80.BR 35. 106   5
 2 6  4.27873E-04  1.25550E-02  1.25550E-02  0.00000E+00             80.BR 35. 107   6
 2 7  5.98730E-03  1.26092E-02  1.26092E-02  0.00000E+00             80.BR 35. 108   7
 2 8  1.15256E-02  1.26096E-02  1.26096E-02  0.00000E+00             80.BR 35. 109   8
 221  2.16345E-05  1.60300E-04  1.60300E-04  0.00000E+00             80.BR 35. 110  21
 222  1.19240E-04  2.02900E-04  2.02900E-04  0.00000E+00             80.BR 35. 111  22
 223  1.43238E-03  1.47173E-03  1.47173E-03  0.00000E+00             80.BR 35. 112  23
 224  2.53612E-03  1.47779E-03  1.47779E-03  0.00000E+00             80.BR 35. 113  24
 225  7.19207E-06  1.57659E-03  1.57659E-03  0.00000E+00             80.BR 35. 114  25
 226  1.06942E-05  1.57752E-03  1.57752E-03  0.00000E+00             80.BR 35. 115  26
 227  7.22320E-05  1.63168E-03  1.63168E-03  0.00000E+00             80.BR 35. 116  27
 228  1.28785E-04  1.63210E-03  1.63210E-03  0.00000E+00             80.BR 35. 117  28
 241  2.90083E-09  4.26000E-05  4.26000E-05  0.00000E+00             80.BR 35. 118  41
 242  8.30636E-03  1.25510E-03  1.25510E-03  0.00000E+00             80.BR 35. 119  42
 243  4.94111E-05  1.31749E-03  1.31749E-03  0.00000E+00             80.BR 35. 120  43
 244  2.93563E-02  1.41629E-03  1.41629E-03  0.00000E+00             80.BR 35. 121  44
 245  3.43972E-04  1.46021E-03  1.46021E-03  0.00000E+00             80.BR 35. 122  45
 246  3.59113E-07  1.47180E-03  1.47180E-03  0.00000E+00             80.BR 35. 123  46
 261  1.99825E-02  1.21250E-03  1.21250E-03  0.00000E+00             80.BR 35. 124  61
 262  5.97996E-05  1.26882E-03  1.26882E-03  0.00000E+00             80.BR 35. 125  62
 263  5.73316E-05  1.27489E-03  1.27489E-03  0.00000E+00             80.BR 35. 126  63
 264  5.78252E-03  1.37369E-03  1.37369E-03  0.00000E+00             80.BR 35. 127  64
 265  5.78936E-02  1.37463E-03  1.37463E-03  0.00000E+00             80.BR 35. 128  65
 266  6.65725E-04  1.41761E-03  1.41761E-03  0.00000E+00             80.BR 35. 129  66
 267  3.71668E-07  1.42878E-03  1.42878E-03  0.00000E+00             80.BR 35. 130  67
 268  3.52942E-07  1.42920E-03  1.42920E-03  0.00000E+00             80.BR 35. 131  68
 291  9.00429E-04  1.06219E-04  1.06219E-04  0.00000E+00             80.BR 35. 132  91
 294  4.60200E+01  1.58643E-05  1.58643E-05  0.00000E+00             80.BR 35. 133  94
 7 1  1.68321E+00  9.62662E-03  9.62662E-03  0.00000E+00             80.BR 35. 134   1
 7 2  4.96176E-01  1.09573E-02  1.09573E-02  0.00000E+00             80.BR 35. 135   2
 7 3  3.73021E-02  1.22909E-02  1.22909E-02  0.00000E+00             80.BR 35. 136   3
 7 4  1.38102E+00  9.46731E-05  9.46731E-05  0.00000E+00             80.BR 35. 137   4
 7 5  6.77363E+00  1.23737E-03  1.23737E-03  0.00000E+00             80.BR 35. 138   5
 7 6  3.18650E-01  1.31566E-03  1.31566E-03  0.00000E+00             80.BR 35. 139   6
 7 7  5.60698E-03  1.44277E-03  1.44277E-03  0.00000E+00             80.BR 35. 140   7
 7 8  7.86114E+00  5.45947E-05  5.45947E-05  0.00000E+00             80.BR 35. 141   8
 7 9  2.12498E+01  3.25137E-05  3.25137E-05  0.00000E+00             80.BR 35. 142   9
%%%%  80 BR  35    B- EC B+     1.06080E+03  17.68 M   02-11-2005       SEEIEND 
 


   ***************************************************** 
   *                 Radiation Summary                 * 
   ***************************************************** 
 
  Energy released by
    Gamma-ray                       (MeV) =   5.28565E-02
    X-ray                           (MeV) =   3.57593E-04
    Free-bound X-ray                (MeV) =   7.31686E-06
    Annihilation photon             (MeV) =   2.25768E-02
    Beta+ particle                  (MeV) =   8.12862E-03
    Neutrino                        (MeV) =   1.15479E-01
    Beta- particle                  (MeV) =   7.16133E-01
    Neutrino-                       (MeV) =   1.07415E+00
    Internal conv. electron         (MeV) =   8.35041E-05
    Auger and CK electron           (MeV) =   3.22253E-04
    Alpha particle                  (MeV) =   0.00000E+00
    Recoil nucleus                  (MeV) =   0.00000E+00
  E-total (except unplaced radiat.) (MeV) =   1.99010E+00
  E-unplaced radiation              (MeV) =   2.75013E-04
  Q-value from ENSDF data           (MeV) =   1.99022E+00
  Ratio of E-total/Q-value          ( % ) =   9.99939E+01
  Ratio of E-unplaced radi./Q-value ( % ) =   1.38182E-02

 
  Total yield of
    Gamma-ray                             =   8.35912E-02
    X-ray                                 =   3.26883E-02
    Free-bound X-ray                      =   4.61032E-01
    Annihilation photon                   =   4.41817E-02
    Beta+ particle                        =   2.20909E-02
    Beta- particle                        =   9.17000E-01
    Internal conv. electron               =   1.36423E-04
    Auger and CK electron                 =   3.98775E-01
    Alpha particle                        =   0.00000E+00
  Yield of unplaced radiation             =   4.02513E-04


%%%%  80 BR  35 M  IT           1.59138E+04  4.4205 H  02-11-2005       BALASTAR
1  80M  BR  35  4.4205 H       IT         
1INTENSITY AND ENERGY BALANCE DATA

              80M-BROMINE-35
+                                    HALFLIFE = 4.4205 HOURS   
+                                                                  02-11-2005


    LEVEL       INTENSITY   INTENSITY
    ENERGY      ENTERING    LEAVING     PERCENT
    (MEV)       LEVEL       LEVEL       ERROR

   0.0000E+00  1.0000E+02
   3.7052E-02  1.0000E+02  1.0000E+02  0.0000E+00                      
   8.5902E-02  1.0000E+02  1.0000E+02  0.0000E+00                      


 INTENSITY TO GROUND AND ISOMERIC STATE(S) OF DAUGHTER(S)=  1.000E+02
 TOTAL INTENSITY FROM PARENT=  1.000E+02
 PERCENT ERROR =  0.000E+00                      


 TOTAL INTENSITY FROM PARENT =  1.000E+02
 VALUE IS WITHIN   0.00E+00% OF 100                      


 TOTAL ENERGY AVAILABLE =  8.590E-02 MEV
 TOTAL ENERGY CONTENT OF ALL RADIATIONS =  8.590E-02 MEV
 PERCENT ERROR =  8.673E-06                      
%%%%  80 BR  35 M  IT           1.59138E+04  4.4205 H  02-11-2005       BALAEND 
%%%%  80 BR  35 M  IT           1.59138E+04  4.4205 H  02-11-2005       INPUSTAR
1                                      **INPUT DATA**
              80M-BROMINE-35
+                                    HALFLIFE = 4.4205 HOURS   
+                                                                  02-11-2005

            MODE OF DECAY: ISOMERIC LEVEL
 
                                MEAN
                                NUMBER/    TRANSITION
                TYPE OF    ID   TRANSFOR-  ENERGY
              TRANSITION   NO.  MATION     (MEV)       OTHER NUCLEAR PARAMETERS

           I.C.E. + GAMMA   1   1.00E+00   3.705E-02   E1 MULTIPOLE                             
+                                                                    AK= 1.38                   
                                                       AL1=0.120     AL2=0.0139                 
                                                       AL3=0.0237    AM= 0.0251                 
           I.C.E. + GAMMA   2   1.00E+00   4.885E-02   M3 MULTIPOLE                             
+                                                                    AK= 221.                   
                                                       AL1=38.9      AL2=6.10                   
                                                       AL3=25.9      AM= 12.2                   
 
           - - - - - - - - - -
           Reference: Evaluated Nuclear Structure Data File (ENSDF)
                DATE DATA WERE ENTERED INTO ENSDF: Aug-1992
%%%%  80 BR  35 M  IT           1.59138E+04  4.4205 H  02-11-2005       INPUEND 
%%%%  80 BR  35 M  IT           1.59138E+04  4.4205 H  02-11-2005       OUTPSTAR
1                                      **OUTPUT DATA**
              80M-BROMINE-35
+                                    HALFLIFE = 4.4205 HOURS   
+                                                                  02-11-2005

            MODE OF DECAY: ISOMERIC LEVEL
 
                                              MEAN
                                              NUMBER/                  MEV/
                                         ID   TRANSFOR-   ENERGY       TRANSFOR-
                  TYPE OF RADIATION      NO.  MATION      (MEV)        MATION

           GAMMA-RAY                      1   3.91E-01    3.705E-02    1.45E-02
           K CONV. ELECTRON, GAMMA-RAY    1   5.37E-01    2.362E-02    1.27E-02
           L1 CONV. ELECTRON, GAMMA-RAY   1   4.68E-02    3.528E-02    1.65E-03
           L2 CONV. ELECTRON, GAMMA-RAY   1   5.41E-03    3.545E-02    1.92E-04
           L3 CONV. ELECTRON, GAMMA-RAY   1   9.27E-03    3.550E-02    3.29E-04
           M CONV. ELECTRON, GAMMA-RAY    1   9.81E-03    3.687E-02*   3.62E-04
           GAMMA-RAY                      2   3.27E-03    4.885E-02    1.60E-04
           K CONV. ELECTRON, GAMMA-RAY    2   7.21E-01    3.542E-02    2.55E-02
           L1 CONV. ELECTRON, GAMMA-RAY   2   1.27E-01    4.708E-02    5.99E-03
           L2 CONV. ELECTRON, GAMMA-RAY   2   1.99E-02    4.725E-02    9.42E-04
           L3 CONV. ELECTRON, GAMMA-RAY   2   8.46E-02    4.730E-02    4.00E-03
           M CONV. ELECTRON, GAMMA-RAY    2   3.99E-02    4.867E-02*   1.94E-03
           N+ CONV. ELECTRON, GAMMA-RAY   2   4.03E-03    4.885E-02*   1.97E-04
           K -L2 X-RAY                        2.29E-01    1.183E-02    2.71E-03
           K -L3 X-RAY                        4.42E-01    1.188E-02    5.25E-03
           K -M2 X-RAY                        3.16E-02    1.324E-02    4.18E-04
           K -M3 X-RAY                        6.16E-02    1.325E-02    8.17E-04
           K -N2 X-RAY                        2.11E-03    1.342E-02    2.83E-05
           K -N3 X-RAY                        4.05E-03    1.342E-02    5.44E-05
           L3-M5 X-RAY                        1.71E-02    1.475E-03    2.53E-05
           Free-Bound X-RAY                   1.12E+01    1.759E-05*   1.97E-04
           AUGER KLL                          3.66E-01    1.020E-02*   3.74E-03
           AUGER KLX                          1.12E-01    1.164E-02*   1.30E-03
           AUGER KXY                          8.60E-03    1.307E-02*   1.12E-04
           AUGER LMM                          1.67E+00    1.321E-03*   2.21E-03
           AUGER LMX                          9.93E-02    1.411E-03*   1.40E-04
           CK MMX                             1.95E+00    5.771E-05*   1.13E-04
           AUGER MNN                          5.04E+00    4.386E-05*   2.21E-04
 
           ALL LISTED X-RAYS, GAMMA-RAYS AND ANNIHILATION RADIATION    2.41E-02
           ALL NEGLECTED X-RAYS, GAMMA-RAYS AND ANNIH. RADIATION**     2.94E-05
           ALL LISTED BETAS, INTERNAL CONVERSION AND AUGER ELECTRONS   6.17E-02
           ALL NEGLECTED BETAS, INT. CONVERSION AND AUGER ELECTRONS**  7.40E-05
           ALL LISTED RADIATIONS                                       8.58E-02
           ALL NEGLECTED RADIATIONS**                                  1.03E-04
 
           *  AVERAGE ENERGY (MEV)
           ** EACH NEGLECTED TRANSITION CONTRIBUTES LESS THAN  0.100%
              TO THE TOTAL MEV/TRANSFORMATION FOR THIS CATEGORY.
           TOTAL FEEDING OF GROUND STATE LEVEL IN 80-BROMINE
             DAUGHTER IS 1.0000E+00  PER TRANSFORMATION OF  80M-BROMINE.
             DECAY OF THIS 17.68 MINUTES HALFLIFE LEVEL WILL CONTRIBUTE TO DOSE.
           - - - - - - - - - -
           INPUT DATA SOURCE: EVALUATED NUCLEAR STRUCTURE DATA FILE (ENSDF)
             DATE INPUT DATA WERE ENTERED INTO ENSDF: Aug-1992
%%%%  80 BR  35 M  IT           1.59138E+04  4.4205 H  02-11-2005       OUTPEND 
%%%%  80 BR  35 M  IT           1.59138E+04  4.4205 H  02-11-2005       SEEISTAR
 80.M BROMINE      35.  4.420E+00 HOURS     55 IT                    80.BR 35.   0
 1 1  3.90540E+01  3.70520E-02  3.70520E-02  0.00000E+00             80.BR 35.   1   1
 6 1  5.37071E+01  2.36170E-02  2.36170E-02  1.00000E+00             80.BR 35.   2   1
 6 5  4.68469E+00  3.52828E-02  3.52828E-02  1.00000E+00             80.BR 35.   3   5
 6 6  5.41166E-01  3.54499E-02  3.54499E-02  1.00000E+00             80.BR 35.   4   6
 6 7  9.26926E-01  3.54984E-02  3.54984E-02  1.00000E+00             80.BR 35.   5   7
 6 3  9.80990E-01  3.68672E-02  3.68672E-02  1.00000E+00             80.BR 35.   6   3
 6 4  1.05225E-01  3.70520E-02  3.70520E-02  1.00000E+00             80.BR 35.   7   4
 1 2  3.26673E-01  4.88500E-02  4.88500E-02  0.00000E+00             80.BR 35.   8   2
 6 1  7.21050E+01  3.54150E-02  3.54150E-02  2.00000E+00             80.BR 35.   9   1
 6 5  1.27179E+01  4.70808E-02  4.70808E-02  2.00000E+00             80.BR 35.  10   5
 6 6  1.99298E+00  4.72479E-02  4.72479E-02  2.00000E+00             80.BR 35.  11   6
 6 7  8.45939E+00  4.72964E-02  4.72964E-02  2.00000E+00             80.BR 35.  12   7
 6 3  3.99496E+00  4.86652E-02  4.86652E-02  2.00000E+00             80.BR 35.  13   3
 6 4  4.03106E-01  4.88500E-02  4.88500E-02  2.00000E+00             80.BR 35.  14   4
 2 1  2.29068E+01  1.18329E-02  1.18329E-02  0.00000E+00             80.BR 35.  15   1
 2 2  4.42272E+01  1.18814E-02  1.18814E-02  0.00000E+00             80.BR 35.  16   2
 2 3  3.15955E+00  1.32432E-02  1.32432E-02  0.00000E+00             80.BR 35.  17   3
 2 4  6.16474E+00  1.32502E-02  1.32502E-02  0.00000E+00             80.BR 35.  18   4
 2 5  8.30923E-03  1.33554E-02  1.33554E-02  0.00000E+00             80.BR 35.  19   5
 2 6  1.19297E-02  1.33565E-02  1.33565E-02  0.00000E+00             80.BR 35.  20   6
 2 7  2.10650E-01  1.34234E-02  1.34234E-02  0.00000E+00             80.BR 35.  21   7
 2 8  4.05397E-01  1.34240E-02  1.34240E-02  0.00000E+00             80.BR 35.  22   8
 221  5.27853E-04  1.67100E-04  1.67100E-04  0.00000E+00             80.BR 35.  23  21
 222  2.97495E-03  2.15600E-04  2.15600E-04  0.00000E+00             80.BR 35.  24  22
 223  3.79491E-02  1.57738E-03  1.57738E-03  0.00000E+00             80.BR 35.  25  23
 224  6.78621E-02  1.58442E-03  1.58442E-03  0.00000E+00             80.BR 35.  26  24
 225  2.06831E-04  1.68961E-03  1.68961E-03  0.00000E+00             80.BR 35.  27  25
 226  3.07639E-04  1.69075E-03  1.69075E-03  0.00000E+00             80.BR 35.  28  26
 227  2.69552E-03  1.75761E-03  1.75761E-03  0.00000E+00             80.BR 35.  29  27
 228  4.78709E-03  1.75817E-03  1.75817E-03  0.00000E+00             80.BR 35.  30  28
 241  8.26207E-08  4.85000E-05  4.85000E-05  0.00000E+00             80.BR 35.  31  41
 242  1.91228E-01  1.35061E-03  1.35061E-03  0.00000E+00             80.BR 35.  32  42
 243  1.23054E-03  1.41732E-03  1.41732E-03  0.00000E+00             80.BR 35.  33  43
 244  8.26099E-01  1.52251E-03  1.52251E-03  0.00000E+00             80.BR 35.  34  44
 245  8.66769E-03  1.57792E-03  1.57792E-03  0.00000E+00             80.BR 35.  35  45
 246  1.35563E-05  1.59107E-03  1.59107E-03  0.00000E+00             80.BR 35.  36  46
 261  5.08335E-01  1.30211E-03  1.30211E-03  0.00000E+00             80.BR 35.  37  61
 262  1.62795E-03  1.36178E-03  1.36178E-03  0.00000E+00             80.BR 35.  38  62
 263  1.55745E-03  1.36881E-03  1.36881E-03  0.00000E+00             80.BR 35.  39  63
 264  1.75022E-01  1.47401E-03  1.47401E-03  0.00000E+00             80.BR 35.  40  64
 265  1.71404E+00  1.47515E-03  1.47515E-03  0.00000E+00             80.BR 35.  41  65
 266  1.79239E-02  1.52942E-03  1.52942E-03  0.00000E+00             80.BR 35.  42  66
 267  1.50154E-05  1.54201E-03  1.54201E-03  0.00000E+00             80.BR 35.  43  67
 268  1.42506E-05  1.54257E-03  1.54257E-03  0.00000E+00             80.BR 35.  44  68
 291  2.93047E-02  1.15474E-04  1.15474E-04  0.00000E+00             80.BR 35.  45  91
 294  1.12022E+03  1.75897E-05  1.75897E-05  0.00000E+00             80.BR 35.  46  94
 7 1  3.66465E+01  1.02029E-02  1.02029E-02  0.00000E+00             80.BR 35.  47   1
 7 2  1.12105E+01  1.16354E-02  1.16354E-02  0.00000E+00             80.BR 35.  48   2
 7 3  8.60314E-01  1.30708E-02  1.30708E-02  0.00000E+00             80.BR 35.  49   3
 7 4  3.46096E+01  9.10348E-05  9.10348E-05  0.00000E+00             80.BR 35.  50   4
 7 5  1.67248E+02  1.32052E-03  1.32052E-03  0.00000E+00             80.BR 35.  51   5
 7 6  9.92556E+00  1.41147E-03  1.41147E-03  0.00000E+00             80.BR 35.  52   6
 7 7  2.27070E-01  1.55364E-03  1.55364E-03  0.00000E+00             80.BR 35.  53   7
 7 8  1.95052E+02  5.77057E-05  5.77057E-05  0.00000E+00             80.BR 35.  54   8
 7 9  5.04325E+02  4.38569E-05  4.38569E-05  0.00000E+00             80.BR 35.  55   9
%%%%  80 BR  35 M  IT           1.59138E+04  4.4205 H  02-11-2005       SEEIEND 
 


   ***************************************************** 
   *                 Radiation Summary                 * 
   ***************************************************** 
 
  Energy released by
    Gamma-ray                       (MeV) =   1.46298E-02
    X-ray                           (MeV) =   9.33800E-03
    Free-bound X-ray                (MeV) =   1.97043E-04
    Annihilation photon             (MeV) =   0.00000E+00
    Beta+ particle                  (MeV) =   0.00000E+00
    Neutrino                        (MeV) =   0.00000E+00
    Beta- particle                  (MeV) =   0.00000E+00
    Neutrino-                       (MeV) =   0.00000E+00
    Internal conv. electron         (MeV) =   5.38658E-02
    Auger and CK electron           (MeV) =   7.87327E-03
    Alpha particle                  (MeV) =   0.00000E+00
    Recoil nucleus                  (MeV) =   0.00000E+00
  E-total (except unplaced radiat.) (MeV) =   8.59040E-02
  E-unplaced radiation              (MeV) =   0.00000E+00
  Q-value from ENSDF data           (MeV) =   8.59020E-02
  Ratio of E-total/Q-value          ( % ) =   1.00002E+02
  Ratio of E-unplaced radi./Q-value ( % ) =   0.00000E+00

 
  Total yield of
    Gamma-ray                             =   3.93806E-01
    X-ray                                 =   8.06870E-01
    Free-bound X-ray                      =   1.12022E+01
    Annihilation photon                   =   0.00000E+00
    Beta+ particle                        =   0.00000E+00
    Beta- particle                        =   0.00000E+00
    Internal conv. electron               =   1.60619E+00
    Auger and CK electron                 =   9.60105E+00
    Alpha particle                        =   0.00000E+00
  Yield of unplaced radiation             =   0.00000E+00


