%%%%  82 BR  35    B-           1.27080E+05 35.30 H    02-11-2005       BALASTAR
1  82   BR  35 35.30 H         B-         
1INTENSITY AND ENERGY BALANCE DATA

              82-BROMINE-35
+                                    HALFLIFE = 35.3 HOURS   
+                                                                  02-11-2005


    LEVEL       INTENSITY   INTENSITY
    ENERGY      ENTERING    LEAVING     PERCENT
    (MEV)       LEVEL       LEVEL       ERROR

   0.0000E+00  9.9976E+01
   7.7652E-01  8.3619E+01  8.3618E+01  1.2774E-03                      
   1.4749E+00  4.4793E+01  4.4840E+01  1.0474E-01                      
   1.8205E+00  2.7812E+01  2.7247E+01  2.0514E+00                      
   1.9567E+00  2.3069E-01  1.2518E-01  5.9298E+01  ********************
   2.0940E+00  7.1010E+01  7.0989E+01  3.0088E-02                      
   2.4269E+00  2.4237E+00  2.4150E+00  3.6210E-01                      
   2.5476E+00  1.0822E-01  7.9378E-02  3.0745E+01  ********************
   2.5562E+00  1.2939E+00  8.5712E-01  4.0612E+01  ********************
   2.6484E+00  9.7046E+01  9.8123E+01  1.1032E+00                      
   2.8281E+00  1.2807E+00  1.3000E+00  1.4958E+00                      
   2.9204E+00  5.9108E-03  5.8501E-03  1.0316E+00                      


 INTENSITY TO GROUND AND ISOMERIC STATE(S) OF DAUGHTER(S)=  9.998E+01
 TOTAL INTENSITY FROM PARENT=  1.000E+02
 PERCENT ERROR =  2.435E-02                      


 TOTAL INTENSITY FROM PARENT =  1.000E+02
 VALUE IS WITHIN   0.00E+00% OF 100                      


 TOTAL ENERGY AVAILABLE =  3.093E+00 MEV
 TOTAL ENERGY CONTENT OF ALL RADIATIONS =  3.097E+00 MEV
 PERCENT ERROR =  1.554E-01                      
%%%%  82 BR  35    B-           1.27080E+05 35.30 H    02-11-2005       BALAEND 
%%%%  82 BR  35    B-           1.27080E+05 35.30 H    02-11-2005       INPUSTAR
1                                      **INPUT DATA**
              82-BROMINE-35
+                                    HALFLIFE = 35.3 HOURS   
+                                                                  02-11-2005

            MODE OF DECAY: BETA MINUS
 
                                MEAN
                                NUMBER/    TRANSITION
                TYPE OF    ID   TRANSFOR-  ENERGY
              TRANSITION   NO.  MATION     (MEV)       OTHER NUCLEAR PARAMETERS

               BETA MINUS   1   5.91E-05   1.722E-01*  FIRST FORBIDDEN                          
               BETA MINUS   2   1.28E-02   2.645E-01*  ALLOWED                                  
               BETA MINUS   3   9.70E-01   4.442E-01*  ALLOWED                                  
               BETA MINUS   4   4.93E-03   5.364E-01*  FIRST FORBIDDEN                          
               BETA MINUS   5   2.96E-05   5.450E-01*  SECOND FORBIDDEN                         
               BETA MINUS   6   5.91E-04   6.657E-01*  FIRST FORBIDDEN                          
               BETA MINUS   7   9.85E-04   9.986E-01*  UNIQUE FIRST FORBIDDEN                   
               BETA MINUS   8   3.94E-04   1.136E+00*  THIRD FORBIDDEN                          
               BETA MINUS   9   3.94E-03   1.272E+00*  FIRST FORBIDDEN                          
               BETA MINUS  10   1.97E-03   1.618E+00*  THIRD FORBIDDEN                          
               BETA MINUS  11   3.94E-03   2.316E+00*  THIRD FORBIDDEN                          
           I.C.E. + GAMMA   1   8.01E-03   9.219E-02   E1 MULTIPOLE                             
+                                                                    AK= 0.102                  
                                                       AL1=0.00968   AM= 0.00182                
           I.C.E. + GAMMA   2   1.05E-03   1.009E-01   M1+E2 MULTIPOLE                          
                                                       AK= 0.441     AL1=0.0468                 
                                                       AL2=0.00224   AM= 0.00826                
           I.C.E. + GAMMA   3   3.64E-04   1.293E-01   M1+E2 MULTIPOLE                          
                                                       AK= 0.185     AL1=0.0196                 
                                                       AM= 0.00344                              
           I.C.E. + GAMMA   4   1.78E-03   1.374E-01   M1+E2 MULTIPOLE                          
                                                       AK= 0.150     AL1=0.0158                 
                                                       AM= 0.00278                              
           I.C.E. + GAMMA   5   1.07E-04   1.798E-01   M1+E2 MULTIPOLE                          
                                                       AK= 0.0619    AL1=0.00650                
                                                       AM= 0.00113                              
           I.C.E. + GAMMA   6   2.32E-02   2.215E-01   E1+M2 MULTIPOLE                          
                                                       MRS=0.250     AK= 0.0214                 
                                                       AL1=0.00230                              
           I.C.E. + GAMMA   7   8.10E-03   2.735E-01   M1+E2 MULTIPOLE                          
                                                       MRS=0.0324    AK= 0.00860                
           I.C.E. + GAMMA   8   9.10E-04   3.329E-01   M1+E2 MULTIPOLE                          
                                                       AK= 0.00797                              
           I.C.E. + GAMMA   9   8.44E-06   3.456E-01   E2 MULTIPOLE                             
+                                                                    AK= 0.00926                
           I.C.E. + GAMMA  10   9.12E-05   4.012E-01   E1 MULTIPOLE                             
+                                                                    AK= 0.00152                
           I.C.E. + GAMMA  11   7.08E-01   5.543E-01   E1 MULTIPOLE                             
           I.C.E. + GAMMA  12   1.34E-04   5.995E-01   E2 MULTIPOLE                             
+                                                                    AK= 0.00166                
           I.C.E. + GAMMA  13   1.21E-02   6.064E-01   M1+E2 MULTIPOLE                          
                                                       MRS=0.116     AK= 0.00128                
           I.C.E. + GAMMA  14   4.35E-01   6.191E-01   M1+E2 MULTIPOLE                          
                                                       MRS=3.88      AK= 0.00145                
           I.C.E. + GAMMA  15   2.85E-01   6.984E-01   M1+E2 MULTIPOLE                          
                                                       MRS=4.41      AK= 0.00105                
           I.C.E. + GAMMA  16   8.37E-05   7.341E-01   M2 MULTIPOLE                             
+                                                                    AK= 0.00215                
           I.C.E. + GAMMA  17   7.53E-04   7.356E-01   M1 MULTIPOLE                             
           I.C.E. + GAMMA  18   8.36E-01   7.765E-01   E2 MULTIPOLE                             
           I.C.E. + GAMMA  19   2.40E-01   8.278E-01   E1+M2 MULTIPOLE                          
                                                       MRS=0.00810                              
           I.C.E. + GAMMA  20   3.68E-03   9.520E-01   E2 MULTIPOLE                             
           I.C.E. + GAMMA  21   1.27E-02   1.008E+00   E1+M2 MULTIPOLE                          
                                                       MRS=0.00490                              
           I.C.E. + GAMMA  22   2.72E-01   1.044E+00   E2+M3 MULTIPOLE                          
                                                       MRS=0.00250                              
           I.C.E. + GAMMA  23   7.94E-04   1.073E+00   E1 MULTIPOLE                             
           I.C.E. + GAMMA  24   6.18E-03   1.081E+00   E2 MULTIPOLE                             
           I.C.E. + GAMMA  25   5.85E-05   1.100E+00   E2 MULTIPOLE                             
           I.C.E. + GAMMA  26   1.76E-04   1.174E+00   M2 MULTIPOLE                             
           I.C.E. + GAMMA  27   8.61E-04   1.180E+00   M1 MULTIPOLE                             
           I.C.E. + GAMMA  28   2.65E-01   1.317E+00   M1+E2 MULTIPOLE                          
                                                       MRS=19.8                                 
           I.C.E. + GAMMA  29   1.63E-01   1.475E+00   E2 MULTIPOLE                             
           I.C.E. + GAMMA  30   7.43E-03   1.650E+00   E2+M3 MULTIPOLE                          
                                                       MRS=10.9                                 
           I.C.E. + GAMMA  31   1.14E-03   1.780E+00   E2 MULTIPOLE                             
           I.C.E. + GAMMA  32   2.51E-04   1.872E+00   M2 MULTIPOLE                             
           I.C.E. + GAMMA  33   3.91E-04   1.957E+00   E2 MULTIPOLE                             
 
           * ENDPOINT ENERGY (MEV)
           - - - - - - - - - -
           Reference: Evaluated Nuclear Structure Data File (ENSDF)
                DATE DATA WERE ENTERED INTO ENSDF: Dec-1995
%%%%  82 BR  35    B-           1.27080E+05 35.30 H    02-11-2005       INPUEND 
%%%%  82 BR  35    B-           1.27080E+05 35.30 H    02-11-2005       OUTPSTAR
1                                      **OUTPUT DATA**
              82-BROMINE-35
+                                    HALFLIFE = 35.3 HOURS   
+                                                                  02-11-2005

            MODE OF DECAY: BETA MINUS
 
                                              MEAN
                                              NUMBER/                  MEV/
                                         ID   TRANSFOR-   ENERGY       TRANSFOR-
                  TYPE OF RADIATION      NO.  MATION      (MEV)        MATION

           BETA MINUS                     2   1.28E-02    7.619E-02*   9.76E-04
           BETA MINUS                     3   9.70E-01    1.378E-01*   1.34E-01
           BETA MINUS                     4   4.93E-03    1.716E-01*   8.45E-04
           BETA MINUS                     7   9.85E-04    3.779E-01*   3.72E-04
           BETA MINUS                     8   3.94E-04    4.599E-01*   1.81E-04
           BETA MINUS                     9   3.94E-03    4.741E-01*   1.87E-03
           BETA MINUS                    10   1.97E-03    6.665E-01*   1.31E-03
           BETA MINUS                    11   3.94E-03    9.781E-01*   3.85E-03
           GAMMA-RAY                      6   2.26E-02    2.215E-01    5.01E-03
           GAMMA-RAY                     11   7.08E-01    5.543E-01    3.92E-01
           K CONV. ELECTRON, GAMMA-RAY   11   4.80E-04    5.401E-01    2.59E-04
           GAMMA-RAY                     13   1.21E-02    6.064E-01    7.35E-03
           GAMMA-RAY                     14   4.34E-01    6.191E-01    2.69E-01
           K CONV. ELECTRON, GAMMA-RAY   14   6.30E-04    6.048E-01    3.81E-04
           GAMMA-RAY                     15   2.85E-01    6.984E-01    1.99E-01
           K CONV. ELECTRON, GAMMA-RAY   15   3.00E-04    6.841E-01    2.06E-04
           GAMMA-RAY                     18   8.35E-01    7.765E-01    6.49E-01
           K CONV. ELECTRON, GAMMA-RAY   18   6.88E-04    7.622E-01    5.25E-04
           GAMMA-RAY                     19   2.40E-01    8.278E-01    1.99E-01
           GAMMA-RAY                     20   3.68E-03    9.520E-01    3.50E-03
           GAMMA-RAY                     21   1.27E-02    1.008E+00    1.28E-02
           GAMMA-RAY                     22   2.72E-01    1.044E+00    2.84E-01
           GAMMA-RAY                     24   6.18E-03    1.081E+00    6.68E-03
           GAMMA-RAY                     28   2.65E-01    1.317E+00    3.49E-01
           GAMMA-RAY                     29   1.63E-01    1.475E+00    2.41E-01
           GAMMA-RAY                     30   7.43E-03    1.650E+00    1.23E-02
 
           ALL LISTED X-RAYS, GAMMA-RAYS AND ANNIHILATION RADIATION    2.63E+00
           ALL NEGLECTED X-RAYS, GAMMA-RAYS AND ANNIH. RADIATION**     9.66E-03
           ALL LISTED BETAS, INTERNAL CONVERSION AND AUGER ELECTRONS   1.44E-01
           ALL NEGLECTED BETAS, INT. CONVERSION AND AUGER ELECTRONS**  9.83E-04
           ALL LISTED RADIATIONS                                       2.77E+00
           ALL NEGLECTED RADIATIONS**                                  1.06E-02
 
           *  AVERAGE ENERGY (MEV)
           ** EACH NEGLECTED TRANSITION CONTRIBUTES LESS THAN  0.100%
              TO THE TOTAL MEV/TRANSFORMATION FOR THIS CATEGORY.
           TOTAL FEEDING OF GROUND STATE LEVEL IN 82-KRYPTON
             DAUGHTER IS 1.0000E+00 PER TRANSFORMATION OF  82-BROMINE.
             THIS DAUGHTER GROUND STATE IS STABLE.
           - - - - - - - - - -
           INPUT DATA SOURCE: EVALUATED NUCLEAR STRUCTURE DATA FILE (ENSDF)
             DATE INPUT DATA WERE ENTERED INTO ENSDF: Dec-1995
%%%%  82 BR  35    B-           1.27080E+05 35.30 H    02-11-2005       OUTPEND 
%%%%  82 BR  35    B-           1.27080E+05 35.30 H    02-11-2005       BETASTAR
1
              82-BROMINE-35
+                                    HALFLIFE = 35.3 HOURS   
+                                                                  02-11-2005

            BETA SPECTRUM DATA FOR ALL DECAY BRANCHES

                      BETAS PER                BETAS PER                BETAS PER
            ENERGY    MEV            ENERGY    MEV            ENERGY    MEV
            (MEV)     PER DECAY      (MEV)     PER DECAY      (MEV)     PER DECAY

            0.00000   4.426E+00      0.00280   4.394E+00      0.08500   3.901E+00
            0.00010   4.425E+00      0.00300   4.391E+00      0.09000   3.862E+00
            0.00011   4.425E+00      0.00320   4.389E+00      0.10000   3.779E+00
            0.00012   4.424E+00      0.00360   4.384E+00      0.11000   3.689E+00
            0.00013   4.424E+00      0.00400   4.380E+00      0.12000   3.593E+00
            0.00014   4.424E+00      0.00450   4.374E+00      0.13000   3.490E+00
            0.00015   4.424E+00      0.00500   4.368E+00      0.14000   3.381E+00
            0.00016   4.424E+00      0.00550   4.366E+00      0.15000   3.266E+00
            0.00018   4.424E+00      0.00600   4.363E+00      0.16000   3.147E+00
            0.00020   4.424E+00      0.00650   4.361E+00      0.18000   2.893E+00
            0.00022   4.423E+00      0.00700   4.358E+00      0.20000   2.623E+00
            0.00024   4.423E+00      0.00750   4.355E+00      0.22000   2.343E+00
            0.00026   4.423E+00      0.00800   4.353E+00      0.24000   2.057E+00
            0.00028   4.423E+00      0.00850   4.350E+00      0.26000   1.770E+00
            0.00030   4.422E+00      0.00900   4.347E+00      0.28000   1.487E+00
            0.00032   4.422E+00      0.01000   4.342E+00      0.30000   1.212E+00
            0.00036   4.422E+00      0.01100   4.336E+00      0.32000   9.492E-01
            0.00040   4.421E+00      0.01200   4.331E+00      0.36000   4.883E-01
            0.00045   4.421E+00      0.01300   4.325E+00      0.40000   1.574E-01
            0.00050   4.420E+00      0.01400   4.320E+00      0.45000   1.258E-02
            0.00055   4.420E+00      0.01500   4.314E+00      0.50000   1.097E-02
            0.00060   4.419E+00      0.01600   4.309E+00      0.55000   1.027E-02
            0.00065   4.418E+00      0.01800   4.298E+00      0.60000   9.843E-03
            0.00070   4.418E+00      0.02000   4.287E+00      0.65000   9.383E-03
            0.00075   4.417E+00      0.02200   4.276E+00      0.70000   8.898E-03
            0.00080   4.417E+00      0.02400   4.265E+00      0.75000   8.343E-03
            0.00085   4.416E+00      0.02600   4.255E+00      0.80000   7.725E-03
            0.00090   4.416E+00      0.02800   4.245E+00      0.85000   7.066E-03
            0.00100   4.414E+00      0.03000   4.234E+00      0.90000   6.392E-03
            0.00110   4.413E+00      0.03200   4.224E+00      1.00000   5.152E-03
            0.00120   4.412E+00      0.03600   4.203E+00      1.10000   4.143E-03
            0.00130   4.411E+00      0.04000   4.183E+00      1.20000   3.390E-03
            0.00140   4.410E+00      0.04500   4.156E+00      1.30000   2.934E-03
            0.00150   4.409E+00      0.05000   4.129E+00      1.40000   2.529E-03
            0.00160   4.407E+00      0.05500   4.101E+00      1.50000   2.099E-03
            0.00180   4.405E+00      0.06000   4.071E+00      1.60000   1.751E-03
            0.00200   4.403E+00      0.06500   4.040E+00      1.80000   1.310E-03
            0.00220   4.400E+00      0.07000   4.008E+00      2.00000   7.326E-04
            0.00240   4.398E+00      0.07500   3.974E+00      2.20000   1.506E-04
            0.00260   4.396E+00      0.08000   3.939E+00      2.31608   0.000E+00

            AVERAGE BETA ENERGY =   1.432E-01

            TOTAL BETAS PER DECAY FOR ALL BRANCHES =   1.000E+00
%%%%  82 BR  35    B-           1.27080E+05 35.30 H    02-11-2005       BETAEND 
%%%%  82 BR  35    B-           1.27080E+05 35.30 H    02-11-2005       SEEISTAR
 82.  BROMINE      35.  3.530E+01 HOURS    283 B-                    82.BR 35.   0
 5 1  5.91081E-03  4.73393E-02  1.72160E-01  0.00000E+00             82.BR 35.   1   1
 5 2  1.28067E+00  7.61894E-02  2.64490E-01  0.00000E+00             82.BR 35.   2   2
 5 3  9.70357E+01  1.37756E-01  4.44238E-01  0.00000E+00             82.BR 35.   3   3
 5 4  4.92567E-01  1.71558E-01  5.36422E-01  0.00000E+00             82.BR 35.   4   4
 5 5  2.95540E-03  1.97368E-01  5.45000E-01  1.00000E+00             82.BR 35.   5   5
 5 6  5.91081E-02  2.20992E-01  6.65718E-01  0.00000E+00             82.BR 35.   6   6
 5 7  9.85134E-02  3.77892E-01  9.98589E-01  1.00000E+00             82.BR 35.   7   7
 5 8  3.94054E-02  4.59925E-01  1.13595E+00  2.00000E+00             82.BR 35.   8   8
 5 9  3.94054E-01  4.74073E-01  1.27207E+00  0.00000E+00             82.BR 35.   9   9
 510  1.97027E-01  6.66466E-01  1.61770E+00  2.00000E+00             82.BR 35.  10  10
 511  3.94054E-01  9.78110E-01  2.31608E+00  2.00000E+00             82.BR 35.  11  11
 1 1  7.18444E-01  9.21900E-02  9.21900E-02  0.00000E+00             82.BR 35.  12   1
 6 1  7.34286E-02  7.79100E-02  7.79100E-02  1.00000E+00             82.BR 35.  13   1
 6 5  6.95463E-03  9.02877E-02  9.02877E-02  1.00000E+00             82.BR 35.  14   5
 6 6  3.99027E-04  9.04617E-02  9.04617E-02  1.00000E+00             82.BR 35.  15   6
 6 7  6.51799E-04  9.05166E-02  9.05166E-02  1.00000E+00             82.BR 35.  16   7
 6 3  1.31107E-03  9.19830E-02  9.19830E-02  1.00000E+00             82.BR 35.  17   3
 6 4  1.56163E-04  9.21900E-02  9.21900E-02  1.00000E+00             82.BR 35.  18   4
 1 2  7.01736E-02  1.00890E-01  1.00890E-01  0.00000E+00             82.BR 35.  19   2
 6 1  3.09387E-02  8.66100E-02  8.66100E-02  2.00000E+00             82.BR 35.  20   1
 6 5  3.28240E-03  9.89877E-02  9.89877E-02  2.00000E+00             82.BR 35.  21   5
 6 6  1.57140E-04  9.91617E-02  9.91617E-02  2.00000E+00             82.BR 35.  22   6
 6 7  5.82199E-05  9.92166E-02  9.92166E-02  2.00000E+00             82.BR 35.  23   7
 6 3  5.79878E-04  1.00683E-01  1.00683E-01  2.00000E+00             82.BR 35.  24   3
 6 4  7.05094E-05  1.00890E-01  1.00890E-01  2.00000E+00             82.BR 35.  25   4
 1 3  3.00744E-02  1.29290E-01  1.29290E-01  0.00000E+00             82.BR 35.  26   3
 6 1  5.57591E-03  1.15010E-01  1.15010E-01  3.00000E+00             82.BR 35.  27   1
 6 5  5.88513E-04  1.27388E-01  1.27388E-01  3.00000E+00             82.BR 35.  28   5
 6 6  2.56045E-05  1.27562E-01  1.27562E-01  3.00000E+00             82.BR 35.  29   6
 6 7  9.64189E-06  1.27617E-01  1.27617E-01  3.00000E+00             82.BR 35.  30   7
 6 3  1.03365E-04  1.29083E-01  1.29083E-01  3.00000E+00             82.BR 35.  31   3
 6 4  1.25905E-05  1.29290E-01  1.29290E-01  3.00000E+00             82.BR 35.  32   4
 1 4  1.52043E-01  1.37400E-01  1.37400E-01  0.00000E+00             82.BR 35.  33   4
 6 1  2.28274E-02  1.23120E-01  1.23120E-01  4.00000E+00             82.BR 35.  34   1
 6 5  2.40582E-03  1.35498E-01  1.35498E-01  4.00000E+00             82.BR 35.  35   5
 6 6  1.02089E-04  1.35672E-01  1.35672E-01  4.00000E+00             82.BR 35.  36   6
 6 7  3.86107E-05  1.35727E-01  1.35727E-01  4.00000E+00             82.BR 35.  37   7
 6 3  4.21984E-04  1.37193E-01  1.37193E-01  4.00000E+00             82.BR 35.  38   3
 6 4  5.14226E-05  1.37400E-01  1.37400E-01  4.00000E+00             82.BR 35.  39   4
 1 5  1.00248E-02  1.79800E-01  1.79800E-01  0.00000E+00             82.BR 35.  40   5
 6 1  6.20410E-04  1.65520E-01  1.65520E-01  5.00000E+00             82.BR 35.  41   1
 6 5  6.51599E-05  1.77898E-01  1.77898E-01  5.00000E+00             82.BR 35.  42   5
 6 6  2.45594E-06  1.78072E-01  1.78072E-01  5.00000E+00             82.BR 35.  43   6
 6 7  9.49643E-07  1.78127E-01  1.78127E-01  5.00000E+00             82.BR 35.  44   7
 6 3  1.13716E-05  1.79593E-01  1.79593E-01  5.00000E+00             82.BR 35.  45   3
 6 4  1.38885E-06  1.79800E-01  1.79800E-01  5.00000E+00             82.BR 35.  46   4
 1 6  2.26393E+00  2.21480E-01  2.21480E-01  0.00000E+00             82.BR 35.  47   6
 6 1  4.84003E-02  2.07200E-01  2.07200E-01  6.00000E+00             82.BR 35.  48   1
 6 5  5.21703E-03  2.19578E-01  2.19578E-01  6.00000E+00             82.BR 35.  49   5
 6 6  2.85862E-04  2.19752E-01  2.19752E-01  6.00000E+00             82.BR 35.  50   6
 6 7  2.09320E-04  2.19807E-01  2.19807E-01  6.00000E+00             82.BR 35.  51   7
 6 3  9.51047E-04  2.21273E-01  2.21273E-01  6.00000E+00             82.BR 35.  52   3
 6 4  1.14764E-04  2.21480E-01  2.21480E-01  6.00000E+00             82.BR 35.  53   4
 1 7  8.01984E-01  2.73480E-01  2.73480E-01  0.00000E+00             82.BR 35.  54   7
 6 1  6.89365E-03  2.59200E-01  2.59200E-01  7.00000E+00             82.BR 35.  55   1
 6 5  7.19438E-04  2.71578E-01  2.71578E-01  7.00000E+00             82.BR 35.  56   5
 6 6  2.49504E-05  2.71752E-01  2.71752E-01  7.00000E+00             82.BR 35.  57   6
 6 7  1.33313E-05  2.71807E-01  2.71807E-01  7.00000E+00             82.BR 35.  58   7
 6 3  1.25557E-04  2.73273E-01  2.73273E-01  7.00000E+00             82.BR 35.  59   3
 6 4  1.52942E-05  2.73480E-01  2.73480E-01  7.00000E+00             82.BR 35.  60   4
 1 8  9.02232E-02  3.32900E-01  3.32900E-01  0.00000E+00             82.BR 35.  61   8
 6 1  7.19331E-04  3.18620E-01  3.18620E-01  8.00000E+00             82.BR 35.  62   1
 6 5  7.52628E-05  3.30998E-01  3.30998E-01  8.00000E+00             82.BR 35.  63   5
 6 6  2.04340E-06  3.31172E-01  3.31172E-01  8.00000E+00             82.BR 35.  64   6
 6 7  8.57240E-07  3.31227E-01  3.31227E-01  8.00000E+00             82.BR 35.  65   7
 6 3  1.29343E-05  3.32693E-01  3.32693E-01  8.00000E+00             82.BR 35.  66   3
 6 4  1.58021E-06  3.32900E-01  3.32900E-01  8.00000E+00             82.BR 35.  67   4
 1 9  8.35400E-04  3.45600E-01  3.45600E-01  0.00000E+00             82.BR 35.  68   9
 6 1  7.73191E-06  3.31320E-01  3.31320E-01  9.00000E+00             82.BR 35.  69   1
 6 5  7.75796E-07  3.43698E-01  3.43698E-01  9.00000E+00             82.BR 35.  70   5
 6 6  5.51945E-08  3.43872E-01  3.43872E-01  9.00000E+00             82.BR 35.  71   6
 6 7  5.71838E-08  3.43927E-01  3.43927E-01  9.00000E+00             82.BR 35.  72   7
 6 3  1.47108E-07  3.45393E-01  3.45393E-01  9.00000E+00             82.BR 35.  73   3
 6 4  1.74824E-08  3.45600E-01  3.45600E-01  9.00000E+00             82.BR 35.  74   4
 110  9.10586E-03  4.01160E-01  4.01160E-01  0.00000E+00             82.BR 35.  75  10
 6 1  1.38212E-05  3.86880E-01  3.86880E-01  1.00000E+01             82.BR 35.  76   1
 6 5  1.39411E-06  3.99258E-01  3.99258E-01  1.00000E+01             82.BR 35.  77   5
 6 6  2.74190E-08  3.99432E-01  3.99432E-01  1.00000E+01             82.BR 35.  78   6
 6 7  4.56727E-08  3.99487E-01  3.99487E-01  1.00000E+01             82.BR 35.  79   7
 6 3  2.41853E-07  4.00953E-01  4.00953E-01  1.00000E+01             82.BR 35.  80   3
 6 4  2.95620E-08  4.01160E-01  4.01160E-01  1.00000E+01             82.BR 35.  81   4
 111  7.07584E+01  5.54348E-01  5.54348E-01  0.00000E+00             82.BR 35.  82  11
 6 1  4.80075E-02  5.40068E-01  5.40068E-01  1.10000E+01             82.BR 35.  83   1
 6 5  4.86570E-03  5.52446E-01  5.52446E-01  1.10000E+01             82.BR 35.  84   5
 6 6  7.48733E-05  5.52620E-01  5.52620E-01  1.10000E+01             82.BR 35.  85   6
 6 7  1.31159E-04  5.52675E-01  5.52675E-01  1.10000E+01             82.BR 35.  86   7
 6 3  8.37266E-04  5.54141E-01  5.54141E-01  1.10000E+01             82.BR 35.  87   3
 6 4  1.02571E-04  5.54348E-01  5.54348E-01  1.10000E+01             82.BR 35.  88   4
 112  1.33664E-02  5.99500E-01  5.99500E-01  0.00000E+00             82.BR 35.  89  12
 6 1  2.22397E-05  5.85220E-01  5.85220E-01  1.20000E+01             82.BR 35.  90   1
 6 5  2.27409E-06  5.97598E-01  5.97598E-01  1.20000E+01             82.BR 35.  91   5
 6 6  9.00782E-08  5.97772E-01  5.97772E-01  1.20000E+01             82.BR 35.  92   6
 6 7  8.54423E-08  5.97827E-01  5.97827E-01  1.20000E+01             82.BR 35.  93   7
 6 3  4.04880E-07  5.99293E-01  5.99293E-01  1.20000E+01             82.BR 35.  94   3
 6 4  4.90697E-08  5.99500E-01  5.99500E-01  1.20000E+01             82.BR 35.  95   4
 113  1.21133E+00  6.06370E-01  6.06370E-01  0.00000E+00             82.BR 35.  96  13
 6 1  1.54807E-03  5.92090E-01  5.92090E-01  1.30000E+01             82.BR 35.  97   1
 6 5  1.60614E-04  6.04468E-01  6.04468E-01  1.30000E+01             82.BR 35.  98   5
 6 6  3.40611E-06  6.04642E-01  6.04642E-01  1.30000E+01             82.BR 35.  99   6
 6 7  2.03547E-06  6.04697E-01  6.04697E-01  1.30000E+01             82.BR 35. 100   7
 6 3  2.75017E-05  6.06163E-01  6.06163E-01  1.30000E+01             82.BR 35. 101   3
 6 4  3.37015E-06  6.06370E-01  6.06370E-01  1.30000E+01             82.BR 35. 102   4
 114  4.34408E+01  6.19106E-01  6.19106E-01  0.00000E+00             82.BR 35. 103  14
 6 1  6.29736E-02  6.04826E-01  6.04826E-01  1.40000E+01             82.BR 35. 104   1
 6 5  6.46178E-03  6.17204E-01  6.17204E-01  1.40000E+01             82.BR 35. 105   5
 6 6  2.25073E-04  6.17378E-01  6.17378E-01  1.40000E+01             82.BR 35. 106   6
 6 7  2.03885E-04  6.17433E-01  6.17433E-01  1.40000E+01             82.BR 35. 107   7
 6 3  1.13943E-03  6.18899E-01  6.18899E-01  1.40000E+01             82.BR 35. 108   3
 6 4  1.38468E-04  6.19106E-01  6.19106E-01  1.40000E+01             82.BR 35. 109   4
 115  2.84871E+01  6.98374E-01  6.98374E-01  0.00000E+00             82.BR 35. 110  15
 6 1  3.00452E-02  6.84094E-01  6.84094E-01  1.50000E+01             82.BR 35. 111   1
 6 5  3.08831E-03  6.96472E-01  6.96472E-01  1.50000E+01             82.BR 35. 112   5
 6 6  9.46927E-05  6.96646E-01  6.96646E-01  1.50000E+01             82.BR 35. 113   6
 6 7  8.55617E-05  6.96701E-01  6.96701E-01  1.50000E+01             82.BR 35. 114   7
 6 3  5.40503E-04  6.98167E-01  6.98167E-01  1.50000E+01             82.BR 35. 115   3
 6 4  6.58228E-05  6.98374E-01  6.98374E-01  1.50000E+01             82.BR 35. 116   4
 116  8.35400E-03  7.34100E-01  7.34100E-01  0.00000E+00             82.BR 35. 117  16
 6 1  1.79662E-05  7.19820E-01  7.19820E-01  1.60000E+01             82.BR 35. 118   1
 6 5  1.90200E-06  7.32198E-01  7.32198E-01  1.60000E+01             82.BR 35. 119   5
 6 6  5.32647E-08  7.32372E-01  7.32372E-01  1.60000E+01             82.BR 35. 120   6
 6 7  1.85783E-08  7.32427E-01  7.32427E-01  1.60000E+01             82.BR 35. 121   7
 6 3  3.27446E-07  7.33893E-01  7.33893E-01  1.60000E+01             82.BR 35. 122   3
 6 4  4.00825E-08  7.34100E-01  7.34100E-01  1.60000E+01             82.BR 35. 123   4
 117  7.51860E-02  7.35640E-01  7.35640E-01  0.00000E+00             82.BR 35. 124  17
 6 1  6.06287E-05  7.21360E-01  7.21360E-01  1.70000E+01             82.BR 35. 125   1
 6 5  6.29312E-06  7.33738E-01  7.33738E-01  1.70000E+01             82.BR 35. 126   5
 6 6  1.02341E-07  7.33912E-01  7.33912E-01  1.70000E+01             82.BR 35. 127   6
 6 7  5.37419E-08  7.33967E-01  7.33967E-01  1.70000E+01             82.BR 35. 128   7
 6 3  1.06859E-06  7.35433E-01  7.35433E-01  1.70000E+01             82.BR 35. 129   3
 6 4  1.31266E-07  7.35640E-01  7.35640E-01  1.70000E+01             82.BR 35. 130   4
 118  8.35400E+01  7.76517E-01  7.76517E-01  0.00000E+00             82.BR 35. 131  18
 6 1  6.88343E-02  7.62237E-01  7.62237E-01  1.80000E+01             82.BR 35. 132   1
 6 5  7.06659E-03  7.74615E-01  7.74615E-01  1.80000E+01             82.BR 35. 133   5
 6 6  2.07895E-04  7.74789E-01  7.74789E-01  1.80000E+01             82.BR 35. 134   6
 6 7  1.95672E-04  7.74844E-01  7.74844E-01  1.80000E+01             82.BR 35. 135   7
 6 3  1.23423E-03  7.76310E-01  7.76310E-01  1.80000E+01             82.BR 35. 136   3
 6 4  1.50400E-04  7.76517E-01  7.76517E-01  1.80000E+01             82.BR 35. 137   4
 119  2.40345E+01  8.27828E-01  8.27828E-01  0.00000E+00             82.BR 35. 138  19
 6 1  6.93974E-03  8.13548E-01  8.13548E-01  1.90000E+01             82.BR 35. 139   1
 6 5  7.11135E-04  8.25926E-01  8.25926E-01  1.90000E+01             82.BR 35. 140   5
 6 6  8.27482E-06  8.26100E-01  8.26100E-01  1.90000E+01             82.BR 35. 141   6
 6 7  1.46834E-05  8.26155E-01  8.26155E-01  1.90000E+01             82.BR 35. 142   7
 6 3  1.20917E-04  8.27621E-01  8.27621E-01  1.90000E+01             82.BR 35. 143   3
 6 4  1.48394E-05  8.27828E-01  8.27828E-01  1.90000E+01             82.BR 35. 144   4
 120  3.67576E-01  9.52020E-01  9.52020E-01  0.00000E+00             82.BR 35. 145  20
 6 1  1.82859E-04  9.37740E-01  9.37740E-01  2.00000E+01             82.BR 35. 146   1
 6 5  1.87796E-05  9.50118E-01  9.50118E-01  2.00000E+01             82.BR 35. 147   5
 6 6  4.33844E-07  9.50292E-01  9.50292E-01  2.00000E+01             82.BR 35. 148   6
 6 7  4.13949E-07  9.50347E-01  9.50347E-01  2.00000E+01             82.BR 35. 149   7
 6 3  3.23974E-06  9.51813E-01  9.51813E-01  2.00000E+01             82.BR 35. 150   3
 6 4  3.96010E-07  9.52020E-01  9.52020E-01  2.00000E+01             82.BR 35. 151   4
 121  1.27148E+00  1.00759E+00  1.00759E+00  0.00000E+00             82.BR 35. 152  21
 6 1  2.44085E-04  9.93310E-01  9.93310E-01  2.10000E+01             82.BR 35. 153   1
 6 5  2.50641E-05  1.00569E+00  1.00569E+00  2.10000E+01             82.BR 35. 154   5
 6 6  2.38799E-07  1.00586E+00  1.00586E+00  2.10000E+01             82.BR 35. 155   6
 6 7  4.67809E-07  1.00592E+00  1.00592E+00  2.10000E+01             82.BR 35. 156   7
 6 3  4.23856E-06  1.00738E+00  1.00738E+00  2.10000E+01             82.BR 35. 157   3
 6 4  5.20970E-07  1.00759E+00  1.00759E+00  2.10000E+01             82.BR 35. 158   4
 122  2.72340E+01  1.04400E+00  1.04400E+00  0.00000E+00             82.BR 35. 159  22
 6 1  1.10133E-02  1.02972E+00  1.02972E+00  2.20000E+01             82.BR 35. 160   1
 6 5  1.13173E-03  1.04210E+00  1.04210E+00  2.20000E+01             82.BR 35. 161   5
 6 6  2.35427E-05  1.04227E+00  1.04227E+00  2.20000E+01             82.BR 35. 162   6
 6 7  2.24933E-05  1.04233E+00  1.04233E+00  2.20000E+01             82.BR 35. 163   7
 6 3  1.94343E-04  1.04380E+00  1.04380E+00  2.20000E+01             82.BR 35. 164   3
 6 4  2.37770E-05  1.04400E+00  1.04400E+00  2.20000E+01             82.BR 35. 165   4
 123  7.93630E-02  1.07290E+00  1.07290E+00  0.00000E+00             82.BR 35. 166  23
 6 1  1.32711E-05  1.05862E+00  1.05862E+00  2.30000E+01             82.BR 35. 167   1
 6 5  1.36177E-06  1.07100E+00  1.07100E+00  2.30000E+01             82.BR 35. 168   5
 6 6  1.18703E-08  1.07117E+00  1.07117E+00  2.30000E+01             82.BR 35. 169   6
 6 7  2.49249E-08  1.07123E+00  1.07123E+00  2.30000E+01             82.BR 35. 170   7
 6 3  2.29957E-07  1.07269E+00  1.07269E+00  2.30000E+01             82.BR 35. 171   3
 6 4  2.82674E-08  1.07290E+00  1.07290E+00  2.30000E+01             82.BR 35. 172   4
 124  6.18196E-01  1.08129E+00  1.08129E+00  0.00000E+00             82.BR 35. 173  24
 6 1  2.28789E-04  1.06701E+00  1.06701E+00  2.40000E+01             82.BR 35. 174   1
 6 5  2.35024E-05  1.07939E+00  1.07939E+00  2.40000E+01             82.BR 35. 175   5
 6 6  4.65991E-07  1.07956E+00  1.07956E+00  2.40000E+01             82.BR 35. 176   6
 6 7  4.52391E-07  1.07962E+00  1.07962E+00  2.40000E+01             82.BR 35. 177   7
 6 3  4.02889E-06  1.08108E+00  1.08108E+00  2.40000E+01             82.BR 35. 178   3
 6 4  4.93030E-07  1.08129E+00  1.08129E+00  2.40000E+01             82.BR 35. 179   4
 125  5.84780E-03  1.09990E+00  1.09990E+00  0.00000E+00             82.BR 35. 180  25
 6 1  2.08236E-06  1.08562E+00  1.08562E+00  2.50000E+01             82.BR 35. 181   1
 6 5  2.13925E-07  1.09800E+00  1.09800E+00  2.50000E+01             82.BR 35. 182   5
 6 6  4.15531E-09  1.09817E+00  1.09817E+00  2.50000E+01             82.BR 35. 183   6
 6 7  4.04597E-09  1.09823E+00  1.09823E+00  2.50000E+01             82.BR 35. 184   7
 6 3  3.66437E-08  1.09969E+00  1.09969E+00  2.50000E+01             82.BR 35. 185   3
 6 4  4.48469E-09  1.09990E+00  1.09990E+00  2.50000E+01             82.BR 35. 186   4
 126  1.75434E-02  1.17400E+00  1.17400E+00  0.00000E+00             82.BR 35. 187  26
 6 1  1.14937E-05  1.15972E+00  1.15972E+00  2.60000E+01             82.BR 35. 188   1
 6 5  1.20406E-06  1.17210E+00  1.17210E+00  2.60000E+01             82.BR 35. 189   5
 6 6  2.27683E-08  1.17227E+00  1.17227E+00  2.60000E+01             82.BR 35. 190   6
 6 7  8.00891E-09  1.17233E+00  1.17233E+00  2.60000E+01             82.BR 35. 191   7
 6 3  2.04658E-07  1.17379E+00  1.17379E+00  2.60000E+01             82.BR 35. 192   3
 6 4  2.51229E-08  1.17400E+00  1.17400E+00  2.60000E+01             82.BR 35. 193   4
 127  8.60462E-02  1.18010E+00  1.18010E+00  0.00000E+00             82.BR 35. 194  27
 6 1  2.55505E-05  1.16582E+00  1.16582E+00  2.70000E+01             82.BR 35. 195   1
 6 5  2.64472E-06  1.17820E+00  1.17820E+00  2.70000E+01             82.BR 35. 196   5
 6 6  3.05894E-08  1.17837E+00  1.17837E+00  2.70000E+01             82.BR 35. 197   6
 6 7  2.02644E-08  1.17843E+00  1.17843E+00  2.70000E+01             82.BR 35. 198   7
 6 3  4.44990E-07  1.17989E+00  1.17989E+00  2.70000E+01             82.BR 35. 199   3
 6 4  5.48426E-08  1.18010E+00  1.18010E+00  2.70000E+01             82.BR 35. 200   4
 128  2.64822E+01  1.31747E+00  1.31747E+00  0.00000E+00             82.BR 35. 201  28
 6 1  6.36117E-03  1.30319E+00  1.30319E+00  2.80000E+01             82.BR 35. 202   1
 6 5  6.54866E-04  1.31557E+00  1.31557E+00  2.80000E+01             82.BR 35. 203   5
 6 6  1.00768E-05  1.31574E+00  1.31574E+00  2.80000E+01             82.BR 35. 204   6
 6 7  1.01247E-05  1.31580E+00  1.31580E+00  2.80000E+01             82.BR 35. 205   7
 6 3  1.11318E-04  1.31727E+00  1.31727E+00  2.80000E+01             82.BR 35. 206   3
 6 4  1.36331E-05  1.31747E+00  1.31747E+00  2.80000E+01             82.BR 35. 207   4
 129  1.63154E+01  1.47488E+00  1.47488E+00  0.00000E+00             82.BR 35. 208  29
 6 1  3.10606E-03  1.46060E+00  1.46060E+00  2.90000E+01             82.BR 35. 209   1
 6 5  3.20560E-04  1.47298E+00  1.47298E+00  2.90000E+01             82.BR 35. 210   5
 6 6  4.37310E-06  1.47315E+00  1.47315E+00  2.90000E+01             82.BR 35. 211   6
 6 7  4.60270E-06  1.47321E+00  1.47321E+00  2.90000E+01             82.BR 35. 212   7
 6 3  5.43319E-05  1.47467E+00  1.47467E+00  2.90000E+01             82.BR 35. 213   3
 6 4  6.64918E-06  1.47488E+00  1.47488E+00  2.90000E+01             82.BR 35. 214   4
 130  7.42671E-01  1.65037E+00  1.65037E+00  0.00000E+00             82.BR 35. 215  30
 6 1  3.61871E-04  1.63609E+00  1.63609E+00  3.00000E+01             82.BR 35. 216   1
 6 5  3.81565E-05  1.64847E+00  1.64847E+00  3.00000E+01             82.BR 35. 217   5
 6 6  7.64305E-07  1.64864E+00  1.64864E+00  3.00000E+01             82.BR 35. 218   6
 6 7  2.55312E-07  1.64870E+00  1.64870E+00  3.00000E+01             82.BR 35. 219   7
 6 3  6.52260E-06  1.65016E+00  1.65016E+00  3.00000E+01             82.BR 35. 220   3
 6 4  7.94291E-07  1.65037E+00  1.65037E+00  3.00000E+01             82.BR 35. 221   4
 131  1.13614E-01  1.77966E+00  1.77966E+00  0.00000E+00             82.BR 35. 222  31
 6 1  1.49709E-05  1.76538E+00  1.76538E+00  3.10000E+01             82.BR 35. 223   1
 6 5  1.55825E-06  1.77776E+00  1.77776E+00  3.10000E+01             82.BR 35. 224   5
 6 6  1.69908E-08  1.77793E+00  1.77793E+00  3.10000E+01             82.BR 35. 225   6
 6 7  1.93927E-08  1.77799E+00  1.77799E+00  3.10000E+01             82.BR 35. 226   7
 6 3  2.63025E-07  1.77945E+00  1.77945E+00  3.10000E+01             82.BR 35. 227   3
 6 4  3.21237E-08  1.77966E+00  1.77966E+00  3.10000E+01             82.BR 35. 228   4
 132  2.50620E-02  1.87160E+00  1.87160E+00  0.00000E+00             82.BR 35. 229  32
 6 1  5.63839E-06  1.85732E+00  1.85732E+00  3.20000E+01             82.BR 35. 230   1
 6 5  5.88802E-07  1.86970E+00  1.86970E+00  3.20000E+01             82.BR 35. 231   5
 6 6  7.50435E-09  1.86987E+00  1.86987E+00  3.20000E+01             82.BR 35. 232   6
 6 7  3.22887E-09  1.86993E+00  1.86993E+00  3.20000E+01             82.BR 35. 233   7
 6 3  9.91392E-08  1.87139E+00  1.87139E+00  3.20000E+01             82.BR 35. 234   3
 6 4  1.21142E-08  1.87160E+00  1.87160E+00  3.20000E+01             82.BR 35. 235   4
 133  3.90967E-02  1.95680E+00  1.95680E+00  0.00000E+00             82.BR 35. 236  33
 6 1  4.31560E-06  1.94252E+00  1.94252E+00  3.30000E+01             82.BR 35. 237   1
 6 5  4.52139E-07  1.95490E+00  1.95490E+00  3.30000E+01             82.BR 35. 238   5
 6 6  4.40892E-09  1.95507E+00  1.95507E+00  3.30000E+01             82.BR 35. 239   6
 6 7  4.76307E-09  1.95513E+00  1.95513E+00  3.30000E+01             82.BR 35. 240   7
 6 3  7.61459E-08  1.95659E+00  1.95659E+00  3.30000E+01             82.BR 35. 241   3
 6 4  9.28570E-09  1.95680E+00  1.95680E+00  3.30000E+01             82.BR 35. 242   4
 2 1  8.11099E-02  1.25517E-02  1.25517E-02  0.00000E+00             82.BR 35. 243   1
 2 2  1.56405E-01  1.26066E-02  1.26066E-02  0.00000E+00             82.BR 35. 244   2
 2 3  1.14117E-02  1.40649E-02  1.40649E-02  0.00000E+00             82.BR 35. 245   3
 2 4  2.22553E-02  1.40730E-02  1.40730E-02  0.00000E+00             82.BR 35. 246   4
 2 5  3.32707E-05  1.41846E-02  1.41846E-02  0.00000E+00             82.BR 35. 247   5
 2 6  4.76690E-05  1.41860E-02  1.41860E-02  0.00000E+00             82.BR 35. 248   6
 2 7  1.00276E-03  1.42666E-02  1.42666E-02  0.00000E+00             82.BR 35. 249   7
 2 8  1.92904E-03  1.42673E-02  1.42673E-02  0.00000E+00             82.BR 35. 250   8
 221  1.51756E-06  1.74000E-04  1.74000E-04  0.00000E+00             82.BR 35. 251  21
 222  8.74151E-06  2.28901E-04  2.28901E-04  0.00000E+00             82.BR 35. 252  22
 223  1.18695E-04  1.68718E-03  1.68718E-03  0.00000E+00             82.BR 35. 253  23
 224  2.11125E-04  1.69534E-03  1.69534E-03  0.00000E+00             82.BR 35. 254  24
 225  6.98305E-07  1.80695E-03  1.80695E-03  0.00000E+00             82.BR 35. 255  25
 226  1.03911E-06  1.80832E-03  1.80832E-03  0.00000E+00             82.BR 35. 256  26
 227  1.11303E-05  1.88887E-03  1.88887E-03  0.00000E+00             82.BR 35. 257  27
 228  1.96735E-05  1.88958E-03  1.88958E-03  0.00000E+00             82.BR 35. 258  28
 241  3.11608E-10  5.49000E-05  5.49000E-05  0.00000E+00             82.BR 35. 259  41
 242  5.86544E-04  1.45012E-03  1.45012E-03  0.00000E+00             82.BR 35. 260  42
 243  4.07412E-06  1.52134E-03  1.52134E-03  0.00000E+00             82.BR 35. 261  43
 244  3.03150E-03  1.63295E-03  1.63295E-03  0.00000E+00             82.BR 35. 262  44
 245  2.90308E-05  1.70086E-03  1.70086E-03  0.00000E+00             82.BR 35. 263  45
 246  6.34654E-08  1.71558E-03  1.71558E-03  0.00000E+00             82.BR 35. 264  46
 261  1.52235E-03  1.39523E-03  1.39523E-03  0.00000E+00             82.BR 35. 265  61
 262  5.12867E-06  1.45829E-03  1.45829E-03  0.00000E+00             82.BR 35. 266  62
 263  4.89616E-06  1.46644E-03  1.46644E-03  0.00000E+00             82.BR 35. 267  63
 264  6.10045E-04  1.57805E-03  1.57805E-03  0.00000E+00             82.BR 35. 268  64
 265  5.93756E-03  1.57942E-03  1.57942E-03  0.00000E+00             82.BR 35. 269  65
 266  5.67196E-05  1.64596E-03  1.64596E-03  0.00000E+00             82.BR 35. 270  66
 267  6.67986E-08  1.65997E-03  1.65997E-03  0.00000E+00             82.BR 35. 271  67
 268  6.33488E-08  1.66068E-03  1.66068E-03  0.00000E+00             82.BR 35. 272  68
 291  1.12332E-04  1.24979E-04  1.24979E-04  0.00000E+00             82.BR 35. 273  91
 294  3.28351E+00  1.93801E-05  1.93801E-05  0.00000E+00             82.BR 35. 274  94
 7 1  1.15667E-01  1.07980E-02  1.07980E-02  0.00000E+00             82.BR 35. 275   1
 7 2  3.67114E-02  1.23371E-02  1.23371E-02  0.00000E+00             82.BR 35. 276   2
 7 3  2.87675E-03  1.38786E-02  1.38786E-02  0.00000E+00             82.BR 35. 277   3
 7 4  1.03268E-01  9.94059E-05  9.94059E-05  0.00000E+00             82.BR 35. 278   4
 7 5  5.03220E-01  1.40714E-03  1.40714E-03  0.00000E+00             82.BR 35. 279   5
 7 6  3.63540E-02  1.51184E-03  1.51184E-03  0.00000E+00             82.BR 35. 280   6
 7 7  1.04204E-03  1.67068E-03  1.67068E-03  0.00000E+00             82.BR 35. 281   7
 7 8  5.63629E-01  6.55073E-05  6.55073E-05  0.00000E+00             82.BR 35. 282   8
 7 9  1.43629E+00  5.62718E-05  5.62718E-05  0.00000E+00             82.BR 35. 283   9
%%%%  82 BR  35    B-           1.27080E+05 35.30 H    02-11-2005       SEEIEND 
 


   ***************************************************** 
   *                 Radiation Summary                 * 
   ***************************************************** 
 
  Energy released by
    Gamma-ray                       (MeV) =   2.63889E+00
    X-ray                           (MeV) =   3.52556E-05
    Free-bound X-ray                (MeV) =   6.36349E-07
    Annihilation photon             (MeV) =   0.00000E+00
    Beta+ particle                  (MeV) =   0.00000E+00
    Neutrino                        (MeV) =   0.00000E+00
    Beta- particle                  (MeV) =   1.43222E-01
    Neutrino-                       (MeV) =   3.13055E-01
    Internal conv. electron         (MeV) =   2.18786E-03
    Auger and CK electron           (MeV) =   2.63463E-05
    Alpha particle                  (MeV) =   0.00000E+00
    Recoil nucleus                  (MeV) =   0.00000E+00
  E-total (except unplaced radiat.) (MeV) =   3.09742E+00
  E-unplaced radiation              (MeV) =   0.00000E+00
  Q-value from ENSDF data           (MeV) =   3.09260E+00
  Ratio of E-total/Q-value          ( % ) =   1.00156E+02
  Ratio of E-unplaced radi./Q-value ( % ) =   0.00000E+00

 
  Total yield of
    Gamma-ray                             =   3.29114E+00
    X-ray                                 =   2.86468E-03
    Free-bound X-ray                      =   3.28351E-02
    Annihilation photon                   =   0.00000E+00
    Beta+ particle                        =   0.00000E+00
    Beta- particle                        =   1.00000E+00
    Internal conv. electron               =   4.85399E-03
    Auger and CK electron                 =   2.79906E-02
    Alpha particle                        =   0.00000E+00
  Yield of unplaced radiation             =   0.00000E+00


