%%%%  14 C    6    B-           1.79878E+11 5.70E+3 Y  02-11-2005       BALASTAR
1  14   C    6 5.70E+3 Y       B-         
1INTENSITY AND ENERGY BALANCE DATA

              14-CARBON-6
+                                    HALFLIFE = 5700 YEARS   
+                                                                  02-11-2005


    LEVEL       INTENSITY   INTENSITY
    ENERGY      ENTERING    LEAVING     PERCENT
    (MEV)       LEVEL       LEVEL       ERROR

   0.0000E+00  1.0000E+02


 INTENSITY TO GROUND AND ISOMERIC STATE(S) OF DAUGHTER(S)=  1.000E+02
 TOTAL INTENSITY FROM PARENT=  1.000E+02
 PERCENT ERROR =  0.000E+00                      


 TOTAL INTENSITY FROM PARENT =  1.000E+02
 VALUE IS WITHIN   0.00E+00% OF 100                      


 TOTAL ENERGY AVAILABLE =  1.565E-01 MEV
 TOTAL ENERGY CONTENT OF ALL RADIATIONS =  1.565E-01 MEV
 PERCENT ERROR =  0.000E+00                      
%%%%  14 C    6    B-           1.79878E+11 5.70E+3 Y  02-11-2005       BALAEND 
%%%%  14 C    6    B-           1.79878E+11 5.70E+3 Y  02-11-2005       INPUSTAR
1                                      **INPUT DATA**
              14-CARBON-6
+                                    HALFLIFE = 5700 YEARS   
+                                                                  02-11-2005

            MODE OF DECAY: BETA MINUS
 
                                MEAN
                                NUMBER/    TRANSITION
                TYPE OF    ID   TRANSFOR-  ENERGY
              TRANSITION   NO.  MATION     (MEV)       OTHER NUCLEAR PARAMETERS

               BETA MINUS   1   1.00E+00   1.565E-01*  ALLOWED                                  
 
           * ENDPOINT ENERGY (MEV)
           - - - - - - - - - -
           Reference: Evaluated Nuclear Structure Data File (ENSDF)
                DATE DATA WERE ENTERED INTO ENSDF: Oct-2001
%%%%  14 C    6    B-           1.79878E+11 5.70E+3 Y  02-11-2005       INPUEND 
%%%%  14 C    6    B-           1.79878E+11 5.70E+3 Y  02-11-2005       OUTPSTAR
1                                      **OUTPUT DATA**
              14-CARBON-6
+                                    HALFLIFE = 5700 YEARS   
+                                                                  02-11-2005

            MODE OF DECAY: BETA MINUS
 
                                              MEAN
                                              NUMBER/                  MEV/
                                         ID   TRANSFOR-   ENERGY       TRANSFOR-
                  TYPE OF RADIATION      NO.  MATION      (MEV)        MATION

           BETA MINUS                     1   1.00E+00    4.945E-02*   4.95E-02
 
           ALL LISTED BETAS, INTERNAL CONVERSION AND AUGER ELECTRONS   4.95E-02
           ALL LISTED RADIATIONS                                       4.95E-02
 
           *  AVERAGE ENERGY (MEV)
           TOTAL FEEDING OF GROUND STATE LEVEL IN 14-NITROGEN
             DAUGHTER IS 1.0000E+00 PER TRANSFORMATION OF  14-CARBON.
             THIS DAUGHTER GROUND STATE IS STABLE.
           - - - - - - - - - -
           INPUT DATA SOURCE: EVALUATED NUCLEAR STRUCTURE DATA FILE (ENSDF)
             DATE INPUT DATA WERE ENTERED INTO ENSDF: Oct-2001
%%%%  14 C    6    B-           1.79878E+11 5.70E+3 Y  02-11-2005       OUTPEND 
%%%%  14 C    6    B-           1.79878E+11 5.70E+3 Y  02-11-2005       BETASTAR
1
              14-CARBON-6
+                                    HALFLIFE = 5700 YEARS   
+                                                                  02-11-2005

            BETA SPECTRUM DATA FOR ALL DECAY BRANCHES

                      BETAS PER                BETAS PER                BETAS PER
            ENERGY    MEV            ENERGY    MEV            ENERGY    MEV
            (MEV)     PER DECAY      (MEV)     PER DECAY      (MEV)     PER DECAY

            0.00000   9.911E+00      0.00120   9.816E+00      0.01500   1.145E+01
            0.00010   9.900E+00      0.00130   9.817E+00      0.01600   1.150E+01
            0.00011   9.899E+00      0.00140   9.821E+00      0.01800   1.158E+01
            0.00012   9.898E+00      0.00150   9.826E+00      0.02000   1.163E+01
            0.00013   9.897E+00      0.00160   9.833E+00      0.02200   1.166E+01
            0.00014   9.896E+00      0.00180   9.850E+00      0.02400   1.166E+01
            0.00015   9.894E+00      0.00200   9.872E+00      0.02600   1.164E+01
            0.00016   9.893E+00      0.00220   9.897E+00      0.02800   1.159E+01
            0.00018   9.891E+00      0.00240   9.925E+00      0.03000   1.153E+01
            0.00020   9.889E+00      0.00260   9.955E+00      0.03200   1.146E+01
            0.00022   9.887E+00      0.00280   9.986E+00      0.03600   1.125E+01
            0.00024   9.885E+00      0.00300   1.002E+01      0.04000   1.099E+01
            0.00026   9.883E+00      0.00320   1.005E+01      0.04500   1.060E+01
            0.00028   9.881E+00      0.00360   1.012E+01      0.05000   1.015E+01
            0.00030   9.878E+00      0.00400   1.019E+01      0.05500   9.648E+00
            0.00032   9.876E+00      0.00450   1.028E+01      0.06000   9.102E+00
            0.00036   9.872E+00      0.00500   1.036E+01      0.06500   8.522E+00
            0.00040   9.868E+00      0.00550   1.044E+01      0.07000   7.917E+00
            0.00045   9.862E+00      0.00600   1.052E+01      0.07500   7.293E+00
            0.00050   9.857E+00      0.00650   1.060E+01      0.08000   6.658E+00
            0.00055   9.853E+00      0.00700   1.067E+01      0.08500   6.018E+00
            0.00060   9.848E+00      0.00750   1.074E+01      0.09000   5.380E+00
            0.00065   9.844E+00      0.00800   1.081E+01      0.10000   4.135E+00
            0.00070   9.839E+00      0.00850   1.087E+01      0.11000   2.970E+00
            0.00075   9.835E+00      0.00900   1.093E+01      0.12000   1.935E+00
            0.00080   9.831E+00      0.01000   1.105E+01      0.13000   1.075E+00
            0.00085   9.827E+00      0.01100   1.115E+01      0.14000   4.379E-01
            0.00090   9.824E+00      0.01200   1.124E+01      0.15000   7.099E-02
            0.00100   9.819E+00      0.01300   1.132E+01      0.15648   0.000E+00
            0.00110   9.817E+00      0.01400   1.139E+01

            AVERAGE BETA ENERGY =   4.945E-02

            TOTAL BETAS PER DECAY FOR ALL BRANCHES =   1.000E+00
%%%%  14 C    6    B-           1.79878E+11 5.70E+3 Y  02-11-2005       BETAEND 
%%%%  14 C    6    B-           1.79878E+11 5.70E+3 Y  02-11-2005       SEEISTAR
 14.  CARBON        6.  5.700E+03 YEARS      1 B-                    14.C   6.   0
 5 1  1.00000E+02  4.94533E-02  1.56475E-01  0.00000E+00             14.C   6.   1   1
%%%%  14 C    6    B-           1.79878E+11 5.70E+3 Y  02-11-2005       SEEIEND 
 


   ***************************************************** 
   *                 Radiation Summary                 * 
   ***************************************************** 
 
  Energy released by
    Gamma-ray                       (MeV) =   0.00000E+00
    X-ray                           (MeV) =   0.00000E+00
    Free-bound X-ray                (MeV) =   0.00000E+00
    Annihilation photon             (MeV) =   0.00000E+00
    Beta+ particle                  (MeV) =   0.00000E+00
    Neutrino                        (MeV) =   0.00000E+00
    Beta- particle                  (MeV) =   4.94533E-02
    Neutrino-                       (MeV) =   1.07022E-01
    Internal conv. electron         (MeV) =   0.00000E+00
    Auger and CK electron           (MeV) =   0.00000E+00
    Alpha particle                  (MeV) =   0.00000E+00
    Recoil nucleus                  (MeV) =   0.00000E+00
  E-total (except unplaced radiat.) (MeV) =   1.56475E-01
  E-unplaced radiation              (MeV) =   0.00000E+00
  Q-value from ENSDF data           (MeV) =   1.56475E-01
  Ratio of E-total/Q-value          ( % ) =   1.00000E+02
  Ratio of E-unplaced radi./Q-value ( % ) =   0.00000E+00

 
  Total yield of
    Gamma-ray                             =   0.00000E+00
    X-ray                                 =   0.00000E+00
    Free-bound X-ray                      =   0.00000E+00
    Annihilation photon                   =   0.00000E+00
    Beta+ particle                        =   0.00000E+00
    Beta- particle                        =   1.00000E+00
    Internal conv. electron               =   0.00000E+00
    Auger and CK electron                 =   0.00000E+00
    Alpha particle                        =   0.00000E+00
  Yield of unplaced radiation             =   0.00000E+00


