%%%%  55 CO  27    EC B+        6.31080E+04 17.53 H    02-11-2005       BALASTAR
1  55   CO  27 17.53 H         EC B+      
1INTENSITY AND ENERGY BALANCE DATA

              55-COBALT-27
+                                    HALFLIFE = 17.53 HOURS   
+                                                                  02-11-2005


    LEVEL       INTENSITY   INTENSITY
    ENERGY      ENTERING    LEAVING     PERCENT
    (MEV)       LEVEL       LEVEL       ERROR

   0.0000E+00  1.0037E+02
   4.1139E-01  8.2599E-01  1.0736E+00  2.6072E+01  ********************
   9.3127E-01  7.5794E+01  7.5840E+01  6.0357E-02                      
   1.3166E+00  7.7002E+00  7.6289E+00  9.3051E-01                      
   1.4085E+00  3.8181E+01  3.8280E+01  2.5892E-01                      
   2.1440E+00  5.6365E-01  5.6258E-01  1.9015E-01                      
   2.2122E+00  1.8632E+00  1.8680E+00  2.5271E-01                      
   2.3013E+00  3.3957E+00  3.4354E+00  1.1621E+00                      
   2.5788E+00  4.2897E-02  4.2751E-02  3.4110E-01                      
   2.8723E+00  1.7957E-01  1.7776E-01  1.0150E+00                      
   2.9390E+00  9.9761E-02  1.0200E-01  2.2234E+00                      
   3.1087E+00  3.7909E-01  3.7952E-01  1.1153E-01                      


 INTENSITY TO GROUND AND ISOMERIC STATE(S) OF DAUGHTER(S)=  1.004E+02
 TOTAL INTENSITY FROM PARENT=  1.000E+02
 PERCENT ERROR =  3.638E-01                      


 TOTAL INTENSITY FROM PARENT =  1.000E+02
 VALUE IS WITHIN   1.53E-05% OF 100                      


 TOTAL ENERGY AVAILABLE =  3.451E+00 MEV
 TOTAL ENERGY CONTENT OF ALL RADIATIONS =  3.454E+00 MEV
 PERCENT ERROR =  8.061E-02                      
%%%%  55 CO  27    EC B+        6.31080E+04 17.53 H    02-11-2005       BALAEND 
%%%%  55 CO  27    EC B+        6.31080E+04 17.53 H    02-11-2005       INPUSTAR
1                                      **INPUT DATA**
              55-COBALT-27
+                                    HALFLIFE = 17.53 HOURS   
+                                                                  02-11-2005

            MODES OF DECAY: ELECTRON CAPTURE, BETA PLUS
 
                                MEAN
                                NUMBER/    TRANSITION
                TYPE OF    ID   TRANSFOR-  ENERGY
              TRANSITION   NO.  MATION     (MEV)       OTHER NUCLEAR PARAMETERS

           ELECT. CAPTURE   1   3.79E-03   3.426E-01   ALLOWED                                  
           ELECT. CAPTURE   2   9.98E-04   5.123E-01   ALLOWED                                  
           ELECT. CAPTURE   3   1.80E-03   5.790E-01   ALLOWED                                  
           ELECT. CAPTURE   4   4.29E-04   8.725E-01   ALLOWED                                  
           ELECT. CAPTURE   5   3.39E-02   1.150E+00   ALLOWED                                  
           ELECT. CAPTURE   6   1.85E-02   1.239E+00   ALLOWED                                  
           ELECT. CAPTURE   7   5.49E-03   1.307E+00   ALLOWED                                  
           ELECT. CAPTURE   8   1.07E-01   2.043E+00   ALLOWED                                  
           ELECT. CAPTURE   9   1.30E-02   2.135E+00   ALLOWED                                  
           ELECT. CAPTURE  10   5.69E-02   2.520E+00   ALLOWED                                  
                BETA PLUS   1   3.79E-05   1.280E-01*  ALLOWED                                  
                BETA PLUS   2   1.77E-04   2.171E-01*  ALLOWED                                  
                BETA PLUS   3   1.50E-04   2.853E-01*  ALLOWED                                  
                BETA PLUS   4   2.56E-01   1.021E+00*  ALLOWED                                  
                BETA PLUS   5   4.29E-02   1.113E+00*  ALLOWED                                  
                BETA PLUS   6   4.59E-01   1.498E+00*  ALLOWED                                  
           I.C.E. + GAMMA   1   1.21E-02   9.190E-02   M1 MULTIPOLE                             
+                                                                    AK= 0.0398                 
                                                       AL1=0.00380                              
           I.C.E. + GAMMA   2   5.41E-03   3.854E-01   M1 MULTIPOLE                             
+                                                                    AK= 0.00110                
           I.C.E. + GAMMA   3   1.07E-02   4.115E-01   M1+E2 MULTIPOLE                          
           I.C.E. + GAMMA   4   2.02E-01   4.772E-01   M1+E2 MULTIPOLE                          
           I.C.E. + GAMMA   5   8.26E-03   5.200E-01   E2 MULTIPOLE                             
+                                                                    AK= 0.00109                
           I.C.E. + GAMMA   6   1.87E-02   8.037E-01   M1 MULTIPOLE                             
           I.C.E. + GAMMA   7   2.10E-03   8.270E-01   M1 MULTIPOLE                             
           I.C.E. + GAMMA   8   7.50E-01   9.311E-01   M1+E2 MULTIPOLE                          
                                                       MRS=0.160                                
           I.C.E. + GAMMA   9   5.18E-03   9.846E-01   M1 MULTIPOLE                             
           I.C.E. + GAMMA  10   2.63E-03   1.213E+00   M1 MULTIPOLE                             
           I.C.E. + GAMMA  11   7.09E-02   1.317E+00   E2 MULTIPOLE                             
           I.C.E. + GAMMA  12   2.92E-02   1.370E+00   E2 MULTIPOLE                             
           I.C.E. + GAMMA  13   1.69E-01   1.409E+00   E2 MULTIPOLE                             
           I.C.E. + GAMMA  14   4.58E-04   1.556E+00   M1 MULTIPOLE                             
           I.C.E. + GAMMA  15   4.50E-04   1.622E+00   M1 MULTIPOLE                             
           I.C.E. + GAMMA  16   8.18E-04   1.792E+00   M1 MULTIPOLE                             
           I.C.E. + GAMMA  17   1.43E-04   1.941E+00   M1 MULTIPOLE                             
           I.C.E. + GAMMA  18   9.00E-04   2.144E+00   M1 MULTIPOLE                             
           I.C.E. + GAMMA  19   2.93E-03   2.178E+00   M1 MULTIPOLE                             
           I.C.E. + GAMMA  20   4.28E-04   2.579E+00   M1 MULTIPOLE                             
           I.C.E. + GAMMA  21   1.18E-03   2.872E+00   M1 MULTIPOLE                             
           I.C.E. + GAMMA  22   5.70E-04   2.939E+00   M1 MULTIPOLE                             
           I.C.E. + GAMMA  23   5.25E-05   3.108E+00   M1 MULTIPOLE                             
 
           * ENDPOINT ENERGY (MEV)
           - - - - - - - - - -
           Reference: Evaluated Nuclear Structure Data File (ENSDF)
                DATE DATA WERE ENTERED INTO ENSDF: Aug-2001
%%%%  55 CO  27    EC B+        6.31080E+04 17.53 H    02-11-2005       INPUEND 
%%%%  55 CO  27    EC B+        6.31080E+04 17.53 H    02-11-2005       OUTPSTAR
1                                      **OUTPUT DATA**
              55-COBALT-27
+                                    HALFLIFE = 17.53 HOURS   
+                                                                  02-11-2005

            MODES OF DECAY: ELECTRON CAPTURE, BETA PLUS
 
                                              MEAN
                                              NUMBER/                  MEV/
                                         ID   TRANSFOR-   ENERGY       TRANSFOR-
                  TYPE OF RADIATION      NO.  MATION      (MEV)        MATION

           BETA PLUS                      4   2.56E-01    4.356E-01*   1.12E-01
           BETA PLUS                      5   4.29E-02    4.761E-01*   2.04E-02
           BETA PLUS                      6   4.59E-01    6.487E-01*   2.98E-01
           ANNIHILATION RADIATION             1.52E+00    5.110E-01    7.75E-01
           GAMMA-RAY                      2   5.40E-03    3.854E-01    2.08E-03
           GAMMA-RAY                      3   1.07E-02    4.115E-01    4.41E-03
           GAMMA-RAY                      4   2.02E-01    4.772E-01    9.63E-02
           GAMMA-RAY                      5   8.25E-03    5.200E-01    4.29E-03
           GAMMA-RAY                      6   1.87E-02    8.037E-01    1.50E-02
           GAMMA-RAY                      8   7.50E-01    9.311E-01    6.98E-01
           GAMMA-RAY                      9   5.17E-03    9.846E-01    5.10E-03
           GAMMA-RAY                     10   2.62E-03    1.213E+00    3.18E-03
           GAMMA-RAY                     11   7.09E-02    1.317E+00    9.33E-02
           GAMMA-RAY                     12   2.92E-02    1.370E+00    4.00E-02
           GAMMA-RAY                     13   1.69E-01    1.409E+00    2.38E-01
           GAMMA-RAY                     19   2.92E-03    2.178E+00    6.37E-03
           GAMMA-RAY                     21   1.18E-03    2.872E+00    3.38E-03
           AUGER KLL                          1.13E-01    5.582E-03*   6.33E-04
 
           ALL LISTED X-RAYS, GAMMA-RAYS AND ANNIHILATION RADIATION    1.98E+00
           ALL NEGLECTED X-RAYS, GAMMA-RAYS AND ANNIH. RADIATION**     1.13E-02
           ALL LISTED BETAS, INTERNAL CONVERSION AND AUGER ELECTRONS   4.30E-01
           ALL NEGLECTED BETAS, INT. CONVERSION AND AUGER ELECTRONS**  7.61E-04
           ALL LISTED RADIATIONS                                       2.42E+00
           ALL NEGLECTED RADIATIONS**                                  1.21E-02
 
           *  AVERAGE ENERGY (MEV)
           ** EACH NEGLECTED TRANSITION CONTRIBUTES LESS THAN  0.100%
              TO THE TOTAL MEV/TRANSFORMATION FOR THIS CATEGORY.
           TOTAL FEEDING OF GROUND STATE LEVEL IN 55-IRON
             DAUGHTER IS 1.0000E+00 PER TRANSFORMATION OF  55-COBALT.
             DECAY OF THIS 2.737 YEARS HALFLIFE LEVEL WILL CONTRIBUTE TO DOSE.
           - - - - - - - - - -
           INPUT DATA SOURCE: EVALUATED NUCLEAR STRUCTURE DATA FILE (ENSDF)
             DATE INPUT DATA WERE ENTERED INTO ENSDF: Aug-2001
%%%%  55 CO  27    EC B+        6.31080E+04 17.53 H    02-11-2005       OUTPEND 
%%%%  55 CO  27    EC B+        6.31080E+04 17.53 H    02-11-2005       BETASTAR
1
              55-COBALT-27
+                                    HALFLIFE = 17.53 HOURS   
+                                                                  02-11-2005

            BETA SPECTRUM DATA FOR ALL DECAY BRANCHES

                      BETAS PER                BETAS PER                BETAS PER
            ENERGY    MEV            ENERGY    MEV            ENERGY    MEV
            (MEV)     PER DECAY      (MEV)     PER DECAY      (MEV)     PER DECAY

            0.00000   0.000E+00      0.00260   1.541E-04      0.07500   2.723E-01
            0.00010   1.621E-26      0.00280   2.186E-04      0.08000   2.923E-01
            0.00011   2.676E-25      0.00300   2.969E-04      0.08500   3.119E-01
            0.00012   3.087E-24      0.00320   3.893E-04      0.09000   3.313E-01
            0.00013   2.671E-23      0.00360   6.169E-04      0.10000   3.689E-01
            0.00014   1.825E-22      0.00400   9.013E-04      0.11000   4.053E-01
            0.00015   1.026E-21      0.00450   1.335E-03      0.12000   4.404E-01
            0.00016   4.892E-21      0.00500   1.853E-03      0.13000   4.742E-01
            0.00018   7.455E-20      0.00550   2.450E-03      0.14000   5.068E-01
            0.00020   7.468E-19      0.00600   3.125E-03      0.15000   5.381E-01
            0.00022   5.423E-18      0.00650   3.873E-03      0.16000   5.683E-01
            0.00024   3.059E-17      0.00700   4.691E-03      0.18000   6.251E-01
            0.00026   1.409E-16      0.00750   5.576E-03      0.20000   6.776E-01
            0.00028   5.501E-16      0.00800   6.525E-03      0.22000   7.257E-01
            0.00030   1.875E-15      0.00850   7.534E-03      0.24000   7.697E-01
            0.00032   5.707E-15      0.00900   8.602E-03      0.26000   8.096E-01
            0.00036   4.031E-14      0.01000   1.090E-02      0.28000   8.454E-01
            0.00040   2.159E-13      0.01100   1.340E-02      0.30000   8.772E-01
            0.00045   1.324E-12      0.01200   1.609E-02      0.32000   9.050E-01
            0.00050   6.438E-12      0.01300   1.894E-02      0.36000   9.492E-01
            0.00055   2.622E-11      0.01400   2.194E-02      0.40000   9.783E-01
            0.00060   9.264E-11      0.01500   2.508E-02      0.45000   9.946E-01
            0.00065   2.905E-10      0.01600   2.835E-02      0.50000   9.900E-01
            0.00070   8.212E-10      0.01800   3.521E-02      0.55000   9.662E-01
            0.00075   2.118E-09      0.02000   4.245E-02      0.60000   9.251E-01
            0.00080   5.028E-09      0.02200   5.000E-02      0.65000   8.691E-01
            0.00085   1.108E-08      0.02400   5.779E-02      0.70000   8.011E-01
            0.00090   2.285E-08      0.02600   6.579E-02      0.75000   7.240E-01
            0.00100   8.140E-08      0.02800   7.395E-02      0.80000   6.413E-01
            0.00110   2.380E-07      0.03000   8.224E-02      0.85000   5.569E-01
            0.00120   5.925E-07      0.03200   9.064E-02      0.90000   4.750E-01
            0.00130   1.295E-06      0.03600   1.076E-01      1.00000   3.375E-01
            0.00140   2.543E-06      0.04000   1.248E-01      1.10000   2.425E-01
            0.00150   4.579E-06      0.04500   1.464E-01      1.20000   1.547E-01
            0.00160   7.670E-06      0.05000   1.679E-01      1.30000   7.708E-02
            0.00180   1.816E-05      0.05500   1.893E-01      1.40000   2.116E-02
            0.00200   3.625E-05      0.06000   2.104E-01      1.49803   0.000E+00
            0.00220   6.393E-05      0.06500   2.314E-01
            0.00240   1.028E-04      0.07000   2.520E-01

            AVERAGE BETA ENERGY =   5.667E-01

            TOTAL BETAS PER DECAY FOR ALL BRANCHES =   7.585E-01
%%%%  55 CO  27    EC B+        6.31080E+04 17.53 H    02-11-2005       BETAEND 
%%%%  55 CO  27    EC B+        6.31080E+04 17.53 H    02-11-2005       SEEISTAR
 55.  COBALT       27.  1.753E+01 HOURS    154 EC B+                 55.CO 27.   0
 4 1  3.79092E-03  5.75841E-02  1.28000E-01  0.00000E+00             55.CO 27.   1   1
 4 2  1.76577E-02  9.44560E-02  2.17100E-01  0.00000E+00             55.CO 27.   2   2
 4 3  1.49642E-02  1.22538E-01  2.85300E-01  0.00000E+00             55.CO 27.   3   3
 4 4  2.56386E+01  4.35589E-01  1.02080E+00  0.00000E+00             55.CO 27.   4   4
 4 5  4.28973E+00  4.76131E-01  1.11268E+00  0.00000E+00             55.CO 27.   5   5
 4 6  4.58901E+01  6.48717E-01  1.49803E+00  0.00000E+00             55.CO 27.   6   6
 3 3  1.51710E+02  5.11000E-01  5.11000E-01  0.00000E+00             55.CO 27.   7   3
 1 1  1.16250E+00  9.19000E-02  9.19000E-02  0.00000E+00             55.CO 27.   8   1
 6 1  4.63131E-02  8.48166E-02  8.48166E-02  1.00000E+00             55.CO 27.   9   1
 6 5  4.41790E-03  9.10570E-02  9.10570E-02  1.00000E+00             55.CO 27.  10   5
 6 6  1.45809E-04  9.11665E-02  9.11665E-02  1.00000E+00             55.CO 27.  11   6
 6 7  6.61928E-05  9.11793E-02  9.11793E-02  1.00000E+00             55.CO 27.  12   7
 1 2  5.40000E-01  3.85400E-01  3.85400E-01  0.00000E+00             55.CO 27.  13   2
 6 1  5.96688E-04  3.78317E-01  3.78317E-01  2.00000E+00             55.CO 27.  14   1
 6 5  5.64500E-05  3.84557E-01  3.84557E-01  2.00000E+00             55.CO 27.  15   5
 6 6  7.55047E-07  3.84666E-01  3.84666E-01  2.00000E+00             55.CO 27.  16   6
 6 7  4.20517E-07  3.84679E-01  3.84679E-01  2.00000E+00             55.CO 27.  17   7
 1 3  1.07250E+00  4.11500E-01  4.11500E-01  0.00000E+00             55.CO 27.  18   3
 6 1  1.01909E-03  4.04417E-01  4.04417E-01  3.00000E+00             55.CO 27.  19   1
 6 5  9.64614E-05  4.10657E-01  4.10657E-01  3.00000E+00             55.CO 27.  20   5
 6 6  1.22813E-06  4.10766E-01  4.10766E-01  3.00000E+00             55.CO 27.  21   6
 6 7  6.95699E-07  4.10779E-01  4.10779E-01  3.00000E+00             55.CO 27.  22   7
 1 4  2.01750E+01  4.77200E-01  4.77200E-01  0.00000E+00             55.CO 27.  23   4
 6 1  1.36995E-02  4.70117E-01  4.70117E-01  4.00000E+00             55.CO 27.  24   1
 6 5  1.29720E-03  4.76357E-01  4.76357E-01  4.00000E+00             55.CO 27.  25   5
 6 6  1.47516E-05  4.76466E-01  4.76466E-01  4.00000E+00             55.CO 27.  26   6
 6 7  8.72065E-06  4.76479E-01  4.76479E-01  4.00000E+00             55.CO 27.  27   7
 1 5  8.25000E-01  5.20000E-01  5.20000E-01  0.00000E+00             55.CO 27.  28   5
 6 1  8.98078E-04  5.12917E-01  5.12917E-01  5.00000E+00             55.CO 27.  29   1
 6 5  8.37679E-05  5.19157E-01  5.19157E-01  5.00000E+00             55.CO 27.  30   5
 6 6  1.56923E-06  5.19266E-01  5.19266E-01  5.00000E+00             55.CO 27.  31   6
 6 7  1.76528E-06  5.19279E-01  5.19279E-01  5.00000E+00             55.CO 27.  32   7
 1 6  1.86750E+00  8.03700E-01  8.03700E-01  0.00000E+00             55.CO 27.  33   6
 6 1  4.12636E-04  7.96617E-01  7.96617E-01  6.00000E+00             55.CO 27.  34   1
 6 5  3.89615E-05  8.02857E-01  8.02857E-01  6.00000E+00             55.CO 27.  35   5
 6 6  2.92588E-07  8.02966E-01  8.02966E-01  6.00000E+00             55.CO 27.  36   6
 6 7  2.11734E-07  8.02979E-01  8.02979E-01  6.00000E+00             55.CO 27.  37   7
 1 7  2.10000E-01  8.27000E-01  8.27000E-01  0.00000E+00             55.CO 27.  38   7
 6 1  4.37519E-05  8.19917E-01  8.19917E-01  7.00000E+00             55.CO 27.  39   1
 6 5  4.13075E-06  8.26157E-01  8.26157E-01  7.00000E+00             55.CO 27.  40   5
 6 6  3.02976E-08  8.26266E-01  8.26266E-01  7.00000E+00             55.CO 27.  41   6
 6 7  2.22241E-08  8.26279E-01  8.26279E-01  7.00000E+00             55.CO 27.  42   7
 1 8  7.50000E+01  9.31100E-01  9.31100E-01  0.00000E+00             55.CO 27.  43   8
 6 1  1.27712E-02  9.24017E-01  9.24017E-01  8.00000E+00             55.CO 27.  44   1
 6 5  1.20401E-03  9.30257E-01  9.30257E-01  8.00000E+00             55.CO 27.  45   5
 6 6  8.70221E-06  9.30366E-01  9.30366E-01  8.00000E+00             55.CO 27.  46   6
 6 7  7.54391E-06  9.30379E-01  9.30379E-01  8.00000E+00             55.CO 27.  47   7
 1 9  5.17500E-01  9.84600E-01  9.84600E-01  0.00000E+00             55.CO 27.  48   9
 6 1  7.57868E-05  9.77517E-01  9.77517E-01  9.00000E+00             55.CO 27.  49   1
 6 5  7.15198E-06  9.83757E-01  9.83757E-01  9.00000E+00             55.CO 27.  50   5
 6 6  4.53666E-08  9.83866E-01  9.83866E-01  9.00000E+00             55.CO 27.  51   6
 6 7  3.63556E-08  9.83879E-01  9.83879E-01  9.00000E+00             55.CO 27.  52   7
 110  2.62500E-01  1.21280E+00  1.21280E+00  0.00000E+00             55.CO 27.  53  10
 6 1  2.55866E-05  1.20572E+00  1.20572E+00  1.00000E+01             55.CO 27.  54   1
 6 5  2.41332E-06  1.21196E+00  1.21196E+00  1.00000E+01             55.CO 27.  55   5
 6 6  1.28407E-08  1.21207E+00  1.21207E+00  1.00000E+01             55.CO 27.  56   6
 6 7  1.15934E-08  1.21208E+00  1.21208E+00  1.00000E+01             55.CO 27.  57   7
 111  7.08750E+00  1.31660E+00  1.31660E+00  0.00000E+00             55.CO 27.  58  11
 6 1  6.68051E-04  1.30952E+00  1.30952E+00  1.10000E+01             55.CO 27.  59   1
 6 5  6.27125E-05  1.31576E+00  1.31576E+00  1.10000E+01             55.CO 27.  60   5
 6 6  4.23418E-07  1.31587E+00  1.31587E+00  1.10000E+01             55.CO 27.  61   6
 6 7  5.32683E-07  1.31588E+00  1.31588E+00  1.10000E+01             55.CO 27.  62   7
 112  2.91750E+00  1.37000E+00  1.37000E+00  0.00000E+00             55.CO 27.  63  12
 6 1  2.52592E-04  1.36292E+00  1.36292E+00  1.20000E+01             55.CO 27.  64   1
 6 5  2.37143E-05  1.36916E+00  1.36916E+00  1.20000E+01             55.CO 27.  65   5
 6 6  1.52897E-07  1.36927E+00  1.36927E+00  1.20000E+01             55.CO 27.  66   6
 6 7  1.94961E-07  1.36928E+00  1.36928E+00  1.20000E+01             55.CO 27.  67   7
 113  1.68750E+01  1.40850E+00  1.40850E+00  0.00000E+00             55.CO 27.  68  13
 6 1  1.37820E-03  1.40142E+00  1.40142E+00  1.30000E+01             55.CO 27.  69   1
 6 5  1.29400E-04  1.40766E+00  1.40766E+00  1.30000E+01             55.CO 27.  70   5
 6 6  8.07919E-07  1.40777E+00  1.40777E+00  1.30000E+01             55.CO 27.  71   6
 6 7  1.04035E-06  1.40778E+00  1.40778E+00  1.30000E+01             55.CO 27.  72   7
 114  4.57500E-02  1.55600E+00  1.55600E+00  0.00000E+00             55.CO 27.  73  14
 6 1  2.79749E-06  1.54892E+00  1.54892E+00  1.40000E+01             55.CO 27.  74   1
 6 5  2.63640E-07  1.55516E+00  1.55516E+00  1.40000E+01             55.CO 27.  75   5
 6 6  1.13503E-09  1.55527E+00  1.55527E+00  1.40000E+01             55.CO 27.  76   6
 6 7  1.20591E-09  1.55528E+00  1.55528E+00  1.40000E+01             55.CO 27.  77   7
 115  4.50000E-02  1.62230E+00  1.62230E+00  0.00000E+00             55.CO 27.  78  15
 6 1  2.55050E-06  1.61522E+00  1.61522E+00  1.50000E+01             55.CO 27.  79   1
 6 5  2.40321E-07  1.62146E+00  1.62146E+00  1.50000E+01             55.CO 27.  80   5
 6 6  9.98540E-10  1.62157E+00  1.62157E+00  1.50000E+01             55.CO 27.  81   6
 6 7  1.09263E-09  1.62158E+00  1.62158E+00  1.50000E+01             55.CO 27.  82   7
 116  8.17500E-02  1.79210E+00  1.79210E+00  0.00000E+00             55.CO 27.  83  16
 6 1  3.87580E-06  1.78502E+00  1.78502E+00  1.60000E+01             55.CO 27.  84   1
 6 5  3.65020E-07  1.79126E+00  1.79126E+00  1.60000E+01             55.CO 27.  85   5
 6 6  1.39355E-09  1.79137E+00  1.79137E+00  1.60000E+01             55.CO 27.  86   6
 6 7  1.64027E-09  1.79138E+00  1.79138E+00  1.60000E+01             55.CO 27.  87   7
 117  1.42500E-02  1.94060E+00  1.94060E+00  0.00000E+00             55.CO 27.  88  17
 6 1  5.87211E-07  1.93352E+00  1.93352E+00  1.70000E+01             55.CO 27.  89   1
 6 5  5.52776E-08  1.93976E+00  1.93976E+00  1.70000E+01             55.CO 27.  90   5
 6 6  1.97246E-10  1.93987E+00  1.93987E+00  1.70000E+01             55.CO 27.  91   6
 6 7  2.46785E-10  1.93988E+00  1.93988E+00  1.70000E+01             55.CO 27.  92   7
 118  9.00000E-02  2.14420E+00  2.14420E+00  0.00000E+00             55.CO 27.  93  18
 6 1  3.12114E-06  2.13712E+00  2.13712E+00  1.80000E+01             55.CO 27.  94   1
 6 5  2.93610E-07  2.14336E+00  2.14336E+00  1.80000E+01             55.CO 27.  95   5
 6 6  9.62857E-10  2.14347E+00  2.14347E+00  1.80000E+01             55.CO 27.  96   6
 6 7  1.30502E-09  2.14348E+00  2.14348E+00  1.80000E+01             55.CO 27.  97   7
 119  2.92500E-01  2.17760E+00  2.17760E+00  0.00000E+00             55.CO 27.  98  19
 6 1  9.87941E-06  2.17052E+00  2.17052E+00  1.90000E+01             55.CO 27.  99   1
 6 5  9.29260E-07  2.17676E+00  2.17676E+00  1.90000E+01             55.CO 27. 100   5
 6 6  3.00790E-09  2.17687E+00  2.17687E+00  1.90000E+01             55.CO 27. 101   6
 6 7  4.12907E-09  2.17688E+00  2.17688E+00  1.90000E+01             55.CO 27. 102   7
 120  4.27500E-02  2.57870E+00  2.57870E+00  0.00000E+00             55.CO 27. 103  20
 6 1  1.08793E-06  2.57162E+00  2.57162E+00  2.00000E+01             55.CO 27. 104   1
 6 5  1.02175E-07  2.57786E+00  2.57786E+00  2.00000E+01             55.CO 27. 105   5
 6 6  2.86970E-10  2.57797E+00  2.57797E+00  2.00000E+01             55.CO 27. 106   6
 6 7  4.55682E-10  2.57798E+00  2.57798E+00  2.00000E+01             55.CO 27. 107   7
 121  1.17750E-01  2.87240E+00  2.87240E+00  0.00000E+00             55.CO 27. 108  21
 6 1  2.51508E-06  2.86532E+00  2.86532E+00  2.10000E+01             55.CO 27. 109   1
 6 5  2.35922E-07  2.87156E+00  2.87156E+00  2.10000E+01             55.CO 27. 110   5
 6 6  6.05813E-10  2.87167E+00  2.87167E+00  2.10000E+01             55.CO 27. 111   6
 6 7  1.06204E-09  2.87168E+00  2.87168E+00  2.10000E+01             55.CO 27. 112   7
 122  5.70000E-02  2.93890E+00  2.93890E+00  0.00000E+00             55.CO 27. 113  22
 6 1  1.17371E-06  2.93182E+00  2.93182E+00  2.20000E+01             55.CO 27. 114   1
 6 5  1.10066E-07  2.93806E+00  2.93806E+00  2.20000E+01             55.CO 27. 115   5
 6 6  2.77340E-10  2.93817E+00  2.93817E+00  2.20000E+01             55.CO 27. 116   6
 6 7  4.96827E-10  2.93818E+00  2.93818E+00  2.20000E+01             55.CO 27. 117   7
 123  5.25000E-03  3.10830E+00  3.10830E+00  0.00000E+00             55.CO 27. 118  23
 6 1  9.89130E-08  3.10122E+00  3.10122E+00  2.30000E+01             55.CO 27. 119   1
 6 5  9.26880E-09  3.10746E+00  3.10746E+00  2.30000E+01             55.CO 27. 120   5
 6 6  2.23028E-11  3.10757E+00  3.10757E+00  2.30000E+01             55.CO 27. 121   6
 6 7  4.21639E-11  3.10758E+00  3.10758E+00  2.30000E+01             55.CO 27. 122   7
 2 1  2.18168E+00  6.34985E-03  6.34985E-03  0.00000E+00             55.CO 27. 123   1
 2 2  4.27383E+00  6.36272E-03  6.36272E-03  0.00000E+00             55.CO 27. 124   2
 2 3  2.62752E-01  7.01536E-03  7.01536E-03  0.00000E+00             55.CO 27. 125   3
 2 4  5.16510E-01  7.01694E-03  7.01694E-03  0.00000E+00             55.CO 27. 126   4
 2 5  1.29276E-04  7.07049E-03  7.07049E-03  0.00000E+00             55.CO 27. 127   5
 2 6  1.88757E-04  7.07066E-03  7.07066E-03  0.00000E+00             55.CO 27. 128   6
 221  2.27962E-04  1.09410E-04  1.09410E-04  0.00000E+00             55.CO 27. 129  21
 222  8.92212E-04  1.22270E-04  1.22270E-04  0.00000E+00             55.CO 27. 130  22
 223  4.23485E-03  7.74918E-04  7.74918E-04  0.00000E+00             55.CO 27. 131  23
 224  6.28697E-03  7.76510E-04  7.76510E-04  0.00000E+00             55.CO 27. 132  24
 225  1.28660E-05  8.30051E-04  8.30051E-04  0.00000E+00             55.CO 27. 133  25
 226  1.74751E-05  8.30220E-04  8.30220E-04  0.00000E+00             55.CO 27. 134  26
 241  2.22194E-09  1.28600E-05  1.28600E-05  0.00000E+00             55.CO 27. 135  41
 242  4.38234E-02  6.32537E-04  6.32537E-04  0.00000E+00             55.CO 27. 136  42
 243  9.96486E-05  6.67099E-04  6.67099E-04  0.00000E+00             55.CO 27. 137  43
 244  1.52166E-02  7.20640E-04  7.20640E-04  0.00000E+00             55.CO 27. 138  44
 245  8.98011E-04  7.26019E-04  7.26019E-04  0.00000E+00             55.CO 27. 139  45
 261  8.27521E-02  6.19680E-04  6.19680E-04  0.00000E+00             55.CO 27. 140  61
 262  1.00509E-04  6.52649E-04  6.52649E-04  0.00000E+00             55.CO 27. 141  62
 263  9.79643E-05  6.54240E-04  6.54240E-04  0.00000E+00             55.CO 27. 142  63
 264  2.53111E-03  7.07777E-04  7.07777E-04  0.00000E+00             55.CO 27. 143  64
 265  2.82891E-02  7.07952E-04  7.07952E-04  0.00000E+00             55.CO 27. 144  65
 266  1.69394E-03  7.13160E-04  7.13160E-04  0.00000E+00             55.CO 27. 145  66
 291  3.11621E-04  4.72387E-05  4.72387E-05  0.00000E+00             55.CO 27. 146  91
 294  1.38861E+02  1.25308E-05  1.25308E-05  0.00000E+00             55.CO 27. 147  94
 7 1  1.13359E+01  5.58186E-03  5.58186E-03  0.00000E+00             55.CO 27. 148   1
 7 2  2.77361E+00  6.25798E-03  6.25798E-03  0.00000E+00             55.CO 27. 149   2
 7 3  1.72863E-01  6.93818E-03  6.93818E-03  0.00000E+00             55.CO 27. 150   3
 7 4  6.56772E+00  6.97184E-05  6.97184E-05  0.00000E+00             55.CO 27. 151   4
 7 5  3.35932E+01  6.26750E-04  6.26750E-04  0.00000E+00             55.CO 27. 152   5
 7 6  4.53764E-01  6.73988E-04  6.73988E-04  0.00000E+00             55.CO 27. 153   6
 7 8  5.97330E+01  4.00282E-05  4.00282E-05  0.00000E+00             55.CO 27. 154   8
%%%%  55 CO  27    EC B+        6.31080E+04 17.53 H    02-11-2005       SEEIEND 
 


   ***************************************************** 
   *                 Radiation Summary                 * 
   ***************************************************** 
 
  Energy released by
    Gamma-ray                       (MeV) =   1.22025E+00
    X-ray                           (MeV) =   4.66386E-04
    Free-bound X-ray                (MeV) =   1.74004E-05
    Annihilation photon             (MeV) =   7.75236E-01
    Beta+ particle                  (MeV) =   4.29838E-01
    Neutrino                        (MeV) =   1.02753E+00
    Beta- particle                  (MeV) =   0.00000E+00
    Neutrino-                       (MeV) =   0.00000E+00
    Internal conv. electron         (MeV) =   2.95921E-04
    Auger and CK electron           (MeV) =   1.06041E-03
    Alpha particle                  (MeV) =   0.00000E+00
    Recoil nucleus                  (MeV) =   0.00000E+00
  E-total (except unplaced radiat.) (MeV) =   3.45469E+00
  E-unplaced radiation              (MeV) =   0.00000E+00
  Q-value from ENSDF data           (MeV) =   3.45130E+00
  Ratio of E-total/Q-value          ( % ) =   1.00098E+02
  Ratio of E-unplaced radi./Q-value ( % ) =   0.00000E+00

 
  Total yield of
    Gamma-ray                             =   1.29305E+00
    X-ray                                 =   7.42258E-02
    Free-bound X-ray                      =   1.38861E+00
    Annihilation photon                   =   1.51710E+00
    Beta+ particle                        =   7.58548E-01
    Beta- particle                        =   0.00000E+00
    Internal conv. electron               =   8.58707E-04
    Auger and CK electron                 =   1.14630E+00
    Alpha particle                        =   0.00000E+00
  Yield of unplaced radiation             =   0.00000E+00


