%%%%  56 CO  27    EC B+        6.67267E+06 77.23 D    02-11-2005       BALASTAR
1  56   CO  27 77.23 D         EC B+      
1INTENSITY AND ENERGY BALANCE DATA

              56-COBALT-27
+                                    HALFLIFE = 77.23 DAYS    
+                                                                  02-11-2005


    LEVEL       INTENSITY   INTENSITY
    ENERGY      ENTERING    LEAVING     PERCENT
    (MEV)       LEVEL       LEVEL       ERROR

   0.0000E+00  9.9996E+01
   8.4678E-01  1.0115E+02  9.9964E+01  1.1748E+00                      
   2.0851E+00  6.6573E+01  6.6908E+01  5.0111E-01                      
   2.6576E+00  6.8812E-01  6.5903E-01  4.3189E+00                      
   2.9599E+00  4.3105E-01  3.7601E-01  1.3638E+01  ********************
   3.1229E+00  1.2898E+01  1.4300E+01  1.0310E+01  ********************
   3.3701E+00  8.2122E-02  7.9002E-02  3.8728E+00                      
   3.4453E+00  2.2058E+01  2.1906E+01  6.9125E-01                      
   3.8565E+00  1.6721E+01  1.7044E+01  1.9131E+00                      
   4.0488E+00  3.7998E+00  4.0941E+00  7.4575E+00                      
   4.1003E+00  1.2539E+01  1.2970E+01  3.3743E+00                      
   4.1199E+00  1.1579E+01  1.0169E+01  1.2964E+01  ********************
   4.2980E+00  3.6998E+00  3.7773E+00  2.0741E+00                      
   4.3948E+00  2.3399E-01  2.2401E-01  4.3580E+00                      
   4.4476E+00  1.4999E-02  1.6500E-02  9.5313E+00                      
   4.4583E+00  2.3499E-01  2.0851E-01  1.1938E+01  ********************


 INTENSITY TO GROUND AND ISOMERIC STATE(S) OF DAUGHTER(S)=  1.000E+02
 TOTAL INTENSITY FROM PARENT=  1.000E+02
 PERCENT ERROR =  3.548E-03                      


 TOTAL INTENSITY FROM PARENT =  1.000E+02
 VALUE IS WITHIN   0.00E+00% OF 100                      


 TOTAL ENERGY AVAILABLE =  4.566E+00 MEV
 TOTAL ENERGY CONTENT OF ALL RADIATIONS =  4.585E+00 MEV
 PERCENT ERROR =  4.073E-01                      
%%%%  56 CO  27    EC B+        6.67267E+06 77.23 D    02-11-2005       BALAEND 
%%%%  56 CO  27    EC B+        6.67267E+06 77.23 D    02-11-2005       INPUSTAR
1                                      **INPUT DATA**
              56-COBALT-27
+                                    HALFLIFE = 77.23 DAYS    
+                                                                  02-11-2005

            MODES OF DECAY: ELECTRON CAPTURE, BETA PLUS
 
                                MEAN
                                NUMBER/    TRANSITION
                TYPE OF    ID   TRANSFOR-  ENERGY
              TRANSITION   NO.  MATION     (MEV)       OTHER NUCLEAR PARAMETERS

           ELECT. CAPTURE   1   2.35E-03   1.077E-01   ALLOWED                                  
           ELECT. CAPTURE   2   1.50E-04   1.184E-01   UNIQUE FIRST FORBIDDEN                   
           ELECT. CAPTURE   3   2.34E-03   1.712E-01   ALLOWED                                  
           ELECT. CAPTURE   4   3.70E-02   2.680E-01   ALLOWED                                  
           ELECT. CAPTURE   5   1.16E-01   4.461E-01   ALLOWED                                  
           ELECT. CAPTURE   6   1.25E-01   4.657E-01   ALLOWED                                  
           ELECT. CAPTURE   7   3.80E-02   5.172E-01   ALLOWED                                  
           ELECT. CAPTURE   8   1.67E-01   7.095E-01   ALLOWED                                  
           ELECT. CAPTURE   9   2.19E-01   1.121E+00   ALLOWED                                  
           ELECT. CAPTURE  10   2.10E-04   1.196E+00   SECOND FORBIDDEN                         
           ELECT. CAPTURE  11   7.80E-02   1.443E+00   ALLOWED                                  
           ELECT. CAPTURE  12   4.60E-04   1.606E+00   SECOND FORBIDDEN                         
           ELECT. CAPTURE  13   2.41E-02   2.481E+00   ALLOWED                                  
                BETA PLUS   1   8.20E-05   9.869E-02*  ALLOWED                                  
                BETA PLUS   2   8.00E-07   1.739E-01*  SECOND FORBIDDEN                         
                BETA PLUS   3   9.00E-03   4.211E-01*  ALLOWED                                  
                BETA PLUS   4   1.70E-04   5.841E-01*  SECOND FORBIDDEN                         
                BETA PLUS   5   1.81E-01   1.459E+00*  ALLOWED                                  
           I.C.E. + GAMMA   1   2.21E-04   2.634E-01   M1 MULTIPOLE                             
+                                                                    AK= 0.00272                
           I.C.E. + GAMMA   2   2.50E-04   4.114E-01   M1 MULTIPOLE                             
           I.C.E. + GAMMA   3   6.10E-04   4.865E-01   M1 MULTIPOLE                             
           I.C.E. + GAMMA   4   3.80E-04   6.550E-01   M1 MULTIPOLE                             
           I.C.E. + GAMMA   5   3.80E-04   6.747E-01   M1 MULTIPOLE                             
           I.C.E. + GAMMA   6   1.90E-03   7.335E-01   M1+E2 MULTIPOLE                          
                                                       MRS=0.000400                             
           I.C.E. + GAMMA   7   3.15E-03   7.877E-01   M1+E2 MULTIPOLE                          
                                                       MRS=0.723                                
           I.C.E. + GAMMA   8   1.00E+00   8.468E-01   E2 MULTIPOLE                             
           I.C.E. + GAMMA   9   5.00E-04   8.528E-01   M1 MULTIPOLE                             
           I.C.E. + GAMMA  10   8.60E-04   8.965E-01   M1 MULTIPOLE                             
           I.C.E. + GAMMA  11   1.45E-02   9.774E-01   M1+E2 MULTIPOLE                          
                                                       MRS=0.00490                              
           I.C.E. + GAMMA  12   1.29E-03   9.973E-01   M1+E2 MULTIPOLE                          
           I.C.E. + GAMMA  13   1.42E-01   1.038E+00   M1+E2 MULTIPOLE                          
           I.C.E. + GAMMA  14   5.00E-04   1.089E+00   M1+E2 MULTIPOLE                          
                                                       MRS=0.185                                
           I.C.E. + GAMMA  15   1.37E-03   1.140E+00   E2 MULTIPOLE                             
           I.C.E. + GAMMA  16   9.50E-04   1.160E+00   M1+E2 MULTIPOLE                          
                                                       MRS=0.00410                              
           I.C.E. + GAMMA  17   2.29E-02   1.175E+00   M1+E2 MULTIPOLE                          
                                                       MRS=0.0196                               
           I.C.E. + GAMMA  18   5.10E-04   1.199E+00   M1 MULTIPOLE                             
           I.C.E. + GAMMA  19   6.69E-01   1.238E+00   E2 MULTIPOLE                             
           I.C.E. + GAMMA  20   2.40E-04   1.272E+00   M1 MULTIPOLE                             
           I.C.E. + GAMMA  21   1.18E-03   1.335E+00   M1 MULTIPOLE                             
           I.C.E. + GAMMA  22   4.29E-02   1.360E+00   M1+E2 MULTIPOLE                          
                                                       MRS=0.0121                               
           I.C.E. + GAMMA  23   1.85E-03   1.443E+00   E2 MULTIPOLE                             
           I.C.E. + GAMMA  24   6.50E-04   1.462E+00   M1 MULTIPOLE                             
           I.C.E. + GAMMA  25   7.20E-04   1.640E+00   E2 MULTIPOLE                             
           I.C.E. + GAMMA  26   1.55E-01   1.771E+00   M1+E2 MULTIPOLE                          
                                                       MRS=1.60E-05                             
           I.C.E. + GAMMA  27   6.38E-03   1.811E+00   M1+E2 MULTIPOLE                          
                                                       MRS=0.0289                               
           I.C.E. + GAMMA  28   7.24E-03   1.964E+00   M1+E2 MULTIPOLE                          
                                                       MRS=0.0484                               
           I.C.E. + GAMMA  29   3.04E-02   2.015E+00   M1+E2 MULTIPOLE                          
                                                       MRS=0.462                                
           I.C.E. + GAMMA  30   7.89E-02   2.035E+00   M1+E2 MULTIPOLE                          
                                                       MRS=0.00533                              
           I.C.E. + GAMMA  31   3.76E-03   2.113E+00   M1+E2 MULTIPOLE                          
                                                       MRS=0.0729                               
           I.C.E. + GAMMA  32   3.95E-03   2.213E+00   M1+E2 MULTIPOLE                          
                                                       MRS=9.00                                 
           I.C.E. + GAMMA  33   1.28E-03   2.276E+00   E2 MULTIPOLE                             
           I.C.E. + GAMMA  34   8.20E-04   2.374E+00   M1 MULTIPOLE                             
           I.C.E. + GAMMA  35   6.80E-04   2.524E+00   M1+E2 MULTIPOLE                          
                                                       MRS=0.0625                               
           I.C.E. + GAMMA  36   1.73E-01   2.598E+00   M1+E2 MULTIPOLE                          
                                                       MRS=0.0784                               
           I.C.E. + GAMMA  37   2.10E-04   2.657E+00   E2 MULTIPOLE                             
           I.C.E. + GAMMA  38   1.16E-02   3.010E+00   M1+E2 MULTIPOLE                          
                                                       MRS=0.00422                              
           I.C.E. + GAMMA  39   3.32E-02   3.202E+00   M1+E2 MULTIPOLE                          
                                                       MRS=0.250                                
           I.C.E. + GAMMA  40   8.12E-02   3.253E+00   E2 MULTIPOLE                             
           I.C.E. + GAMMA  41   1.93E-02   3.273E+00   M1+E2 MULTIPOLE                          
                                                       MRS=0.176                                
           I.C.E. + GAMMA  42   1.10E-04   3.370E+00   E2 MULTIPOLE                             
           I.C.E. + GAMMA  43   9.72E-03   3.451E+00   E2 MULTIPOLE                             
           I.C.E. + GAMMA  44   2.00E-03   3.548E+00   M1+E2 MULTIPOLE                          
                                                       MRS=0.0900                               
           I.C.E. + GAMMA  45   1.65E-04   3.601E+00   E1 MULTIPOLE                             
           I.C.E. + GAMMA  46   8.50E-05   3.612E+00   E2 MULTIPOLE                             
 
           * ENDPOINT ENERGY (MEV)
           - - - - - - - - - -
           Reference: Evaluated Nuclear Structure Data File (ENSDF)
                DATE DATA WERE ENTERED INTO ENSDF: Apr-1999
%%%%  56 CO  27    EC B+        6.67267E+06 77.23 D    02-11-2005       INPUEND 
%%%%  56 CO  27    EC B+        6.67267E+06 77.23 D    02-11-2005       OUTPSTAR
1                                      **OUTPUT DATA**
              56-COBALT-27
+                                    HALFLIFE = 77.23 DAYS    
+                                                                  02-11-2005

            MODES OF DECAY: ELECTRON CAPTURE, BETA PLUS
 
                                              MEAN
                                              NUMBER/                  MEV/
                                         ID   TRANSFOR-   ENERGY       TRANSFOR-
                  TYPE OF RADIATION      NO.  MATION      (MEV)        MATION

           BETA PLUS                      3   9.00E-03    1.787E-01*   1.61E-03
           BETA PLUS                      5   1.81E-01    6.310E-01*   1.14E-01
           ANNIHILATION RADIATION             3.80E-01    5.110E-01    1.94E-01
           GAMMA-RAY                      8   9.99E-01    8.468E-01    8.46E-01
           K CONV. ELECTRON, GAMMA-RAY    8   2.69E-04    8.397E-01    2.26E-04
           GAMMA-RAY                     11   1.45E-02    9.774E-01    1.42E-02
           GAMMA-RAY                     13   1.42E-01    1.038E+00    1.47E-01
           GAMMA-RAY                     17   2.29E-02    1.175E+00    2.69E-02
           GAMMA-RAY                     19   6.69E-01    1.238E+00    8.28E-01
           GAMMA-RAY                     22   4.29E-02    1.360E+00    5.84E-02
           GAMMA-RAY                     26   1.55E-01    1.771E+00    2.74E-01
           GAMMA-RAY                     27   6.38E-03    1.811E+00    1.16E-02
           GAMMA-RAY                     28   7.24E-03    1.964E+00    1.42E-02
           GAMMA-RAY                     29   3.04E-02    2.015E+00    6.13E-02
           GAMMA-RAY                     30   7.89E-02    2.035E+00    1.61E-01
           GAMMA-RAY                     31   3.76E-03    2.113E+00    7.95E-03
           GAMMA-RAY                     32   3.95E-03    2.213E+00    8.74E-03
           GAMMA-RAY                     36   1.73E-01    2.598E+00    4.50E-01
           GAMMA-RAY                     38   1.16E-02    3.010E+00    3.49E-02
           GAMMA-RAY                     39   3.32E-02    3.202E+00    1.06E-01
           GAMMA-RAY                     40   8.12E-02    3.253E+00    2.64E-01
           GAMMA-RAY                     41   1.93E-02    3.273E+00    6.32E-02
           GAMMA-RAY                     43   9.72E-03    3.451E+00    3.35E-02
           GAMMA-RAY                     44   2.00E-03    3.548E+00    7.10E-03
           AUGER KLL                          3.78E-01    5.582E-03*   2.11E-03
           AUGER KLX                          9.26E-02    6.258E-03*   5.79E-04
           AUGER LMM                          1.12E+00    6.268E-04*   7.04E-04
 
           ALL LISTED X-RAYS, GAMMA-RAYS AND ANNIHILATION RADIATION    3.61E+00
           ALL NEGLECTED X-RAYS, GAMMA-RAYS AND ANNIH. RADIATION**     2.78E-02
           ALL LISTED BETAS, INTERNAL CONVERSION AND AUGER ELECTRONS   1.19E-01
           ALL NEGLECTED BETAS, INT. CONVERSION AND AUGER ELECTRONS**  3.98E-04
           ALL LISTED RADIATIONS                                       3.73E+00
           ALL NEGLECTED RADIATIONS**                                  2.82E-02
 
           *  AVERAGE ENERGY (MEV)
           ** EACH NEGLECTED TRANSITION CONTRIBUTES LESS THAN  0.100%
              TO THE TOTAL MEV/TRANSFORMATION FOR THIS CATEGORY.
           TOTAL FEEDING OF GROUND STATE LEVEL IN 56-IRON
             DAUGHTER IS 1.0000E+00 PER TRANSFORMATION OF  56-COBALT.
             THIS DAUGHTER GROUND STATE IS STABLE.
           - - - - - - - - - -
           INPUT DATA SOURCE: EVALUATED NUCLEAR STRUCTURE DATA FILE (ENSDF)
             DATE INPUT DATA WERE ENTERED INTO ENSDF: Apr-1999
%%%%  56 CO  27    EC B+        6.67267E+06 77.23 D    02-11-2005       OUTPEND 
%%%%  56 CO  27    EC B+        6.67267E+06 77.23 D    02-11-2005       BETASTAR
1
              56-COBALT-27
+                                    HALFLIFE = 77.23 DAYS    
+                                                                  02-11-2005

            BETA SPECTRUM DATA FOR ALL DECAY BRANCHES

                      BETAS PER                BETAS PER                BETAS PER
            ENERGY    MEV            ENERGY    MEV            ENERGY    MEV
            (MEV)     PER DECAY      (MEV)     PER DECAY      (MEV)     PER DECAY

            0.00000   0.000E+00      0.00260   4.972E-05      0.07500   7.417E-02
            0.00010   5.267E-27      0.00280   7.050E-05      0.08000   7.894E-02
            0.00011   8.694E-26      0.00300   9.570E-05      0.08500   8.358E-02
            0.00012   1.003E-24      0.00320   1.254E-04      0.09000   8.811E-02
            0.00013   8.676E-24      0.00360   1.985E-04      0.10000   9.689E-02
            0.00014   5.930E-23      0.00400   2.898E-04      0.11000   1.052E-01
            0.00015   3.333E-22      0.00450   4.286E-04      0.12000   1.129E-01
            0.00016   1.589E-21      0.00500   5.940E-04      0.13000   1.201E-01
            0.00018   2.422E-20      0.00550   7.846E-04      0.14000   1.268E-01
            0.00020   2.426E-19      0.00600   9.993E-04      0.15000   1.330E-01
            0.00022   1.761E-18      0.00650   1.237E-03      0.16000   1.388E-01
            0.00024   9.934E-18      0.00700   1.496E-03      0.18000   1.489E-01
            0.00026   4.575E-17      0.00750   1.776E-03      0.20000   1.574E-01
            0.00028   1.786E-16      0.00800   2.075E-03      0.22000   1.646E-01
            0.00030   6.089E-16      0.00850   2.393E-03      0.24000   1.704E-01
            0.00032   1.853E-15      0.00900   2.728E-03      0.26000   1.753E-01
            0.00036   1.309E-14      0.01000   3.448E-03      0.28000   1.792E-01
            0.00040   7.007E-14      0.01100   4.228E-03      0.30000   1.825E-01
            0.00045   4.299E-13      0.01200   5.062E-03      0.32000   1.853E-01
            0.00050   2.089E-12      0.01300   5.944E-03      0.36000   1.902E-01
            0.00055   8.508E-12      0.01400   6.868E-03      0.40000   1.957E-01
            0.00060   3.006E-11      0.01500   7.831E-03      0.45000   2.047E-01
            0.00065   9.424E-11      0.01600   8.828E-03      0.50000   2.111E-01
            0.00070   2.664E-10      0.01800   1.091E-02      0.55000   2.143E-01
            0.00075   6.868E-10      0.02000   1.308E-02      0.60000   2.144E-01
            0.00080   1.631E-09      0.02200   1.533E-02      0.65000   2.115E-01
            0.00085   3.594E-09      0.02400   1.763E-02      0.70000   2.057E-01
            0.00090   7.407E-09      0.02600   1.996E-02      0.75000   1.972E-01
            0.00100   2.638E-08      0.02800   2.233E-02      0.80000   1.862E-01
            0.00110   7.711E-08      0.03000   2.471E-02      0.85000   1.731E-01
            0.00120   1.919E-07      0.03200   2.709E-02      0.90000   1.581E-01
            0.00130   4.193E-07      0.03600   3.186E-02      1.00000   1.240E-01
            0.00140   8.234E-07      0.04000   3.660E-02      1.10000   8.718E-02
            0.00150   1.482E-06      0.04500   4.242E-02      1.20000   5.164E-02
            0.00160   2.482E-06      0.05000   4.810E-02      1.30000   2.195E-02
            0.00180   5.873E-06      0.05500   5.364E-02      1.40000   3.380E-03
            0.00200   1.172E-05      0.06000   5.901E-02      1.45892   0.000E+00
            0.00220   2.065E-05      0.06500   6.422E-02
            0.00240   3.319E-05      0.07000   6.927E-02

            AVERAGE BETA ENERGY =   6.090E-01

            TOTAL BETAS PER DECAY FOR ALL BRANCHES =   1.902E-01
%%%%  56 CO  27    EC B+        6.67267E+06 77.23 D    02-11-2005       BETAEND 
%%%%  56 CO  27    EC B+        6.67267E+06 77.23 D    02-11-2005       SEEISTAR
 56.  COBALT       27.  7.723E+01 DAYS     268 EC B+                 56.CO 27.   0
 4 1  8.19949E-03  4.52745E-02  9.86878E-02  0.00000E+00             56.CO 27.   1   1
 4 2  7.99950E-05  8.66048E-02  1.73930E-01  1.00000E+00             56.CO 27.   2   2
 4 3  8.99943E-01  1.78713E-01  4.21069E-01  0.00000E+00             56.CO 27.   3   3
 4 4  1.69989E-02  2.71360E-01  5.84072E-01  1.00000E+00             56.CO 27.   4   4
 4 5  1.80989E+01  6.31015E-01  1.45892E+00  0.00000E+00             56.CO 27.   5   5
 3 3  3.80482E+01  5.11000E-01  5.11000E-01  0.00000E+00             56.CO 27.   6   3
 1 1  2.20000E-02  2.63410E-01  2.63410E-01  0.00000E+00             56.CO 27.   7   1
 6 1  5.97780E-05  2.56327E-01  2.56327E-01  1.00000E+00             56.CO 27.   8   1
 6 5  5.65752E-06  2.62567E-01  2.62567E-01  1.00000E+00             56.CO 27.   9   5
 6 6  9.94785E-08  2.62676E-01  2.62676E-01  1.00000E+00             56.CO 27.  10   6
 6 7  5.10414E-08  2.62689E-01  2.62689E-01  1.00000E+00             56.CO 27.  11   7
 1 2  2.50000E-02  4.11380E-01  4.11380E-01  0.00000E+00             56.CO 27.  12   2
 6 1  2.37710E-05  4.04297E-01  4.04297E-01  2.00000E+00             56.CO 27.  13   1
 6 5  2.25002E-06  4.10537E-01  4.10537E-01  2.00000E+00             56.CO 27.  14   5
 6 6  2.86532E-08  4.10646E-01  4.10646E-01  2.00000E+00             56.CO 27.  15   6
 6 7  1.62299E-08  4.10659E-01  4.10659E-01  2.00000E+00             56.CO 27.  16   7
 1 3  6.10000E-02  4.86540E-01  4.86540E-01  0.00000E+00             56.CO 27.  17   3
 6 1  3.96613E-05  4.79457E-01  4.79457E-01  3.00000E+00             56.CO 27.  18   1
 6 5  3.75516E-06  4.85697E-01  4.85697E-01  3.00000E+00             56.CO 27.  19   5
 6 6  4.20720E-08  4.85806E-01  4.85806E-01  3.00000E+00             56.CO 27.  20   6
 6 7  2.50232E-08  4.85819E-01  4.85819E-01  3.00000E+00             56.CO 27.  21   7
 1 4  3.80000E-02  6.55000E-01  6.55000E-01  0.00000E+00             56.CO 27.  22   4
 6 1  1.28971E-05  6.47917E-01  6.47917E-01  4.00000E+00             56.CO 27.  23   1
 6 5  1.21861E-06  6.54157E-01  6.54157E-01  4.00000E+00             56.CO 27.  24   5
 6 6  1.08113E-08  6.54266E-01  6.54266E-01  4.00000E+00             56.CO 27.  25   6
 6 7  7.15526E-09  6.54279E-01  6.54279E-01  4.00000E+00             56.CO 27.  26   7
 1 5  3.80000E-02  6.74700E-01  6.74700E-01  0.00000E+00             56.CO 27.  27   5
 6 1  1.21081E-05  6.67617E-01  6.67617E-01  5.00000E+00             56.CO 27.  28   1
 6 5  1.14382E-06  6.73857E-01  6.73857E-01  5.00000E+00             56.CO 27.  29   5
 6 6  9.90933E-09  6.73966E-01  6.73966E-01  5.00000E+00             56.CO 27.  30   6
 6 7  6.63817E-09  6.73979E-01  6.73979E-01  5.00000E+00             56.CO 27.  31   7
 1 6  1.90000E-01  7.33511E-01  7.33511E-01  0.00000E+00             56.CO 27.  32   6
 6 1  5.07614E-05  7.26428E-01  7.26428E-01  6.00000E+00             56.CO 27.  33   1
 6 5  4.79260E-06  7.32668E-01  7.32668E-01  6.00000E+00             56.CO 27.  34   5
 6 6  3.88222E-08  7.32777E-01  7.32777E-01  6.00000E+00             56.CO 27.  35   6
 6 7  2.69652E-08  7.32790E-01  7.32790E-01  6.00000E+00             56.CO 27.  36   7
 1 7  3.15000E-01  7.87742E-01  7.87742E-01  0.00000E+00             56.CO 27.  37   7
 6 1  8.50975E-05  7.80659E-01  7.80659E-01  7.00000E+00             56.CO 27.  38   1
 6 5  8.00258E-06  7.86899E-01  7.86899E-01  7.00000E+00             56.CO 27.  39   5
 6 6  7.92393E-08  7.87008E-01  7.87008E-01  7.00000E+00             56.CO 27.  40   6
 6 7  7.68558E-08  7.87021E-01  7.87021E-01  7.00000E+00             56.CO 27.  41   7
 1 8  9.99350E+01  8.46771E-01  8.46771E-01  0.00000E+00             56.CO 27.  42   8
 6 1  2.68679E-02  8.39688E-01  8.39688E-01  8.00000E+00             56.CO 27.  43   1
 6 5  2.51766E-03  8.45928E-01  8.45928E-01  8.00000E+00             56.CO 27.  44   5
 6 6  2.82041E-05  8.46038E-01  8.46038E-01  8.00000E+00             56.CO 27.  45   6
 6 7  3.20547E-05  8.46050E-01  8.46050E-01  8.00000E+00             56.CO 27.  46   7
 1 9  5.00000E-02  8.52780E-01  8.52780E-01  0.00000E+00             56.CO 27.  47   9
 6 1  9.78288E-06  8.45697E-01  8.45697E-01  9.00000E+00             56.CO 27.  48   1
 6 5  9.23551E-07  8.51937E-01  8.51937E-01  9.00000E+00             56.CO 27.  49   5
 6 6  6.60403E-09  8.52046E-01  8.52046E-01  9.00000E+00             56.CO 27.  50   6
 6 7  4.91665E-09  8.52059E-01  8.52059E-01  9.00000E+00             56.CO 27.  51   7
 110  8.60000E-02  8.96531E-01  8.96531E-01  0.00000E+00             56.CO 27.  52  10
 6 1  1.51999E-05  8.89448E-01  8.89448E-01  1.00000E+01             56.CO 27.  53   1
 6 5  1.43475E-06  8.95688E-01  8.95688E-01  1.00000E+01             56.CO 27.  54   5
 6 6  9.84192E-09  8.95797E-01  8.95797E-01  1.00000E+01             56.CO 27.  55   6
 6 7  7.51158E-09  8.95810E-01  8.95810E-01  1.00000E+01             56.CO 27.  56   7
 111  1.44900E+00  9.77373E-01  9.77373E-01  0.00000E+00             56.CO 27.  57  11
 6 1  2.15611E-04  9.70290E-01  9.70290E-01  1.10000E+01             56.CO 27.  58   1
 6 5  2.03468E-05  9.76530E-01  9.76530E-01  1.10000E+01             56.CO 27.  59   5
 6 6  1.30253E-07  9.76639E-01  9.76639E-01  1.10000E+01             56.CO 27.  60   6
 6 7  1.04402E-07  9.76652E-01  9.76652E-01  1.10000E+01             56.CO 27.  61   7
 112  1.29000E-01  9.97330E-01  9.97330E-01  0.00000E+00             56.CO 27.  62  12
 6 1  1.84155E-05  9.90247E-01  9.90247E-01  1.20000E+01             56.CO 27.  63   1
 6 5  1.73781E-06  9.96487E-01  9.96487E-01  1.20000E+01             56.CO 27.  64   5
 6 6  1.09052E-08  9.96597E-01  9.96597E-01  1.20000E+01             56.CO 27.  65   6
 6 7  8.79979E-09  9.96609E-01  9.96609E-01  1.20000E+01             56.CO 27.  66   7
 113  1.41700E+01  1.03784E+00  1.03784E+00  0.00000E+00             56.CO 27.  67  13
 6 1  1.86962E-03  1.03076E+00  1.03076E+00  1.30000E+01             56.CO 27.  68   1
 6 5  1.76413E-04  1.03700E+00  1.03700E+00  1.30000E+01             56.CO 27.  69   5
 6 6  1.07062E-06  1.03711E+00  1.03711E+00  1.30000E+01             56.CO 27.  70   6
 6 7  8.82961E-07  1.03712E+00  1.03712E+00  1.30000E+01             56.CO 27.  71   7
 114  5.00000E-02  1.08903E+00  1.08903E+00  0.00000E+00             56.CO 27.  72  14
 6 1  6.19245E-06  1.08195E+00  1.08195E+00  1.40000E+01             56.CO 27.  73   1
 6 5  5.83639E-07  1.08819E+00  1.08819E+00  1.40000E+01             56.CO 27.  74   5
 6 6  3.67436E-09  1.08830E+00  1.08830E+00  1.40000E+01             56.CO 27.  75   6
 6 7  3.41944E-09  1.08831E+00  1.08831E+00  1.40000E+01             56.CO 27.  76   7
 115  1.37000E-01  1.14040E+00  1.14040E+00  0.00000E+00             56.CO 27.  77  15
 6 1  1.77800E-05  1.13332E+00  1.13332E+00  1.50000E+01             56.CO 27.  78   1
 6 5  1.66835E-06  1.13956E+00  1.13956E+00  1.50000E+01             56.CO 27.  79   5
 6 6  1.33048E-08  1.13967E+00  1.13967E+00  1.50000E+01             56.CO 27.  80   6
 6 7  1.60388E-08  1.13968E+00  1.13968E+00  1.50000E+01             56.CO 27.  81   7
 116  9.50000E-02  1.15992E+00  1.15992E+00  0.00000E+00             56.CO 27.  82  16
 6 1  1.00963E-05  1.15284E+00  1.15284E+00  1.60000E+01             56.CO 27.  83   1
 6 5  9.52374E-07  1.15908E+00  1.15908E+00  1.60000E+01             56.CO 27.  84   5
 6 6  5.27266E-09  1.15919E+00  1.15919E+00  1.60000E+01             56.CO 27.  85   6
 6 7  4.64655E-09  1.15920E+00  1.15920E+00  1.60000E+01             56.CO 27.  86   7
 117  2.28800E+00  1.17510E+00  1.17510E+00  0.00000E+00             56.CO 27.  87  17
 6 1  2.37743E-04  1.16802E+00  1.16802E+00  1.70000E+01             56.CO 27.  88   1
 6 5  2.24232E-05  1.17426E+00  1.17426E+00  1.70000E+01             56.CO 27.  89   5
 6 6  1.23661E-07  1.17437E+00  1.17437E+00  1.70000E+01             56.CO 27.  90   6
 6 7  1.10814E-07  1.17438E+00  1.17438E+00  1.70000E+01             56.CO 27.  91   7
 118  5.10000E-02  1.19878E+00  1.19878E+00  0.00000E+00             56.CO 27.  92  18
 6 1  5.08321E-06  1.19170E+00  1.19170E+00  1.80000E+01             56.CO 27.  93   1
 6 5  4.79462E-07  1.19794E+00  1.19794E+00  1.80000E+01             56.CO 27.  94   5
 6 6  2.57635E-09  1.19805E+00  1.19805E+00  1.80000E+01             56.CO 27.  95   6
 6 7  2.30976E-09  1.19806E+00  1.19806E+00  1.80000E+01             56.CO 27.  96   7
 119  6.69000E+01  1.23828E+00  1.23828E+00  0.00000E+00             56.CO 27.  97  19
 6 1  7.21050E-03  1.23120E+00  1.23120E+00  1.90000E+01             56.CO 27.  98   1
 6 5  6.76759E-04  1.23744E+00  1.23744E+00  1.90000E+01             56.CO 27.  99   5
 6 6  4.90617E-06  1.23755E+00  1.23755E+00  1.90000E+01             56.CO 27. 100   6
 6 7  6.05387E-06  1.23756E+00  1.23756E+00  1.90000E+01             56.CO 27. 101   7
 120  2.40000E-02  1.27220E+00  1.27220E+00  0.00000E+00             56.CO 27. 102  20
 6 1  2.13544E-06  1.26512E+00  1.26512E+00  2.00000E+01             56.CO 27. 103   1
 6 5  2.01387E-07  1.27136E+00  1.27136E+00  2.00000E+01             56.CO 27. 104   5
 6 6  1.02895E-09  1.27147E+00  1.27147E+00  2.00000E+01             56.CO 27. 105   6
 6 7  9.56811E-10  1.27148E+00  1.27148E+00  2.00000E+01             56.CO 27. 106   7
 121  1.18000E-01  1.33539E+00  1.33539E+00  0.00000E+00             56.CO 27. 107  21
 6 1  9.58004E-06  1.32831E+00  1.32831E+00  2.10000E+01             56.CO 27. 108   1
 6 5  9.03333E-07  1.33455E+00  1.33455E+00  2.10000E+01             56.CO 27. 109   5
 6 6  4.42926E-09  1.33466E+00  1.33466E+00  2.10000E+01             56.CO 27. 110   6
 6 7  4.24729E-09  1.33467E+00  1.33467E+00  2.10000E+01             56.CO 27. 111   7
 122  4.29000E+00  1.36022E+00  1.36022E+00  0.00000E+00             56.CO 27. 112  22
 6 1  3.36934E-04  1.35313E+00  1.35313E+00  2.20000E+01             56.CO 27. 113   1
 6 5  3.17670E-05  1.35937E+00  1.35937E+00  2.20000E+01             56.CO 27. 114   5
 6 6  1.54050E-07  1.35948E+00  1.35948E+00  2.20000E+01             56.CO 27. 115   6
 6 7  1.50319E-07  1.35949E+00  1.35949E+00  2.20000E+01             56.CO 27. 116   7
 123  1.85000E-01  1.44275E+00  1.44275E+00  0.00000E+00             56.CO 27. 117  23
 6 1  1.43723E-05  1.43567E+00  1.43567E+00  2.30000E+01             56.CO 27. 118   1
 6 5  1.34951E-06  1.44191E+00  1.44191E+00  2.30000E+01             56.CO 27. 119   5
 6 6  8.19448E-09  1.44202E+00  1.44202E+00  2.30000E+01             56.CO 27. 120   6
 6 7  1.06451E-08  1.44203E+00  1.44203E+00  2.30000E+01             56.CO 27. 121   7
 124  6.50000E-02  1.46234E+00  1.46234E+00  0.00000E+00             56.CO 27. 122  24
 6 1  4.45489E-06  1.45526E+00  1.45526E+00  2.40000E+01             56.CO 27. 123   1
 6 5  4.19937E-07  1.46150E+00  1.46150E+00  2.40000E+01             56.CO 27. 124   5
 6 6  1.90602E-09  1.46161E+00  1.46161E+00  2.40000E+01             56.CO 27. 125   6
 6 7  1.94046E-09  1.46162E+00  1.46162E+00  2.40000E+01             56.CO 27. 126   7
 125  7.20000E-02  1.64040E+00  1.64040E+00  0.00000E+00             56.CO 27. 127  25
 6 1  4.32133E-06  1.63332E+00  1.63332E+00  2.50000E+01             56.CO 27. 128   1
 6 5  4.05886E-07  1.63956E+00  1.63956E+00  2.50000E+01             56.CO 27. 129   5
 6 6  2.12517E-09  1.63967E+00  1.63967E+00  2.50000E+01             56.CO 27. 130   6
 6 7  2.90653E-09  1.63968E+00  1.63968E+00  2.50000E+01             56.CO 27. 131   7
 126  1.54700E+01  1.77135E+00  1.77135E+00  0.00000E+00             56.CO 27. 132  26
 6 1  7.48782E-04  1.76427E+00  1.76427E+00  2.60000E+01             56.CO 27. 133   1
 6 5  7.05241E-05  1.77051E+00  1.77051E+00  2.60000E+01             56.CO 27. 134   5
 6 6  2.71922E-07  1.77062E+00  1.77062E+00  2.60000E+01             56.CO 27. 135   6
 6 7  3.17284E-07  1.77063E+00  1.77063E+00  2.60000E+01             56.CO 27. 136   7
 127  6.38000E-01  1.81077E+00  1.81077E+00  0.00000E+00             56.CO 27. 137  27
 6 1  2.97567E-05  1.80369E+00  1.80369E+00  2.70000E+01             56.CO 27. 138   1
 6 5  2.80181E-06  1.80993E+00  1.80993E+00  2.70000E+01             56.CO 27. 139   5
 6 6  1.06775E-08  1.81004E+00  1.81004E+00  2.70000E+01             56.CO 27. 140   6
 6 7  1.27620E-08  1.81005E+00  1.81005E+00  2.70000E+01             56.CO 27. 141   7
 128  7.24000E-01  1.96371E+00  1.96371E+00  0.00000E+00             56.CO 27. 142  28
 6 1  2.93095E-05  1.95663E+00  1.95663E+00  2.80000E+01             56.CO 27. 143   1
 6 5  2.75853E-06  1.96287E+00  1.96287E+00  2.80000E+01             56.CO 27. 144   5
 6 6  9.84372E-09  1.96298E+00  1.96298E+00  2.80000E+01             56.CO 27. 145   6
 6 7  1.25609E-08  1.96299E+00  1.96299E+00  2.80000E+01             56.CO 27. 146   7
 129  3.04000E+00  2.01518E+00  2.01518E+00  0.00000E+00             56.CO 27. 147  29
 6 1  1.19568E-04  2.00810E+00  2.00810E+00  2.90000E+01             56.CO 27. 148   1
 6 5  1.12488E-05  2.01434E+00  2.01434E+00  2.90000E+01             56.CO 27. 149   5
 6 6  4.14221E-08  2.01445E+00  2.01445E+00  2.90000E+01             56.CO 27. 150   6
 6 7  5.67655E-08  2.01446E+00  2.01446E+00  2.90000E+01             56.CO 27. 151   7
 130  7.89000E+00  2.03475E+00  2.03475E+00  0.00000E+00             56.CO 27. 152  30
 6 1  2.99520E-04  2.02767E+00  2.02767E+00  3.00000E+01             56.CO 27. 153   1
 6 5  2.81868E-05  2.03391E+00  2.03391E+00  3.00000E+01             56.CO 27. 154   5
 6 6  9.67277E-08  2.03402E+00  2.03402E+00  3.00000E+01             56.CO 27. 155   6
 6 7  1.25788E-07  2.03403E+00  2.03403E+00  3.00000E+01             56.CO 27. 156   7
 131  3.76000E-01  2.11312E+00  2.11312E+00  0.00000E+00             56.CO 27. 157  31
 6 1  1.34215E-05  2.10604E+00  2.10604E+00  3.10000E+01             56.CO 27. 158   1
 6 5  1.26288E-06  2.11228E+00  2.11228E+00  3.10000E+01             56.CO 27. 159   5
 6 6  4.24810E-09  2.11239E+00  2.11239E+00  3.10000E+01             56.CO 27. 160   6
 6 7  5.76357E-09  2.11240E+00  2.11240E+00  3.10000E+01             56.CO 27. 161   7
 132  3.95000E-01  2.21293E+00  2.21293E+00  0.00000E+00             56.CO 27. 162  32
 6 1  1.36127E-05  2.20585E+00  2.20585E+00  3.20000E+01             56.CO 27. 163   1
 6 5  1.28631E-06  2.21209E+00  2.21209E+00  3.20000E+01             56.CO 27. 164   5
 6 6  4.73790E-09  2.21220E+00  2.21220E+00  3.20000E+01             56.CO 27. 165   6
 6 7  7.44892E-09  2.21221E+00  2.21221E+00  3.20000E+01             56.CO 27. 166   7
 133  1.28000E-01  2.27636E+00  2.27636E+00  0.00000E+00             56.CO 27. 167  33
 6 1  4.22055E-06  2.26928E+00  2.26928E+00  3.30000E+01             56.CO 27. 168   1
 6 5  3.99857E-07  2.27552E+00  2.27552E+00  3.30000E+01             56.CO 27. 169   5
 6 6  1.44770E-09  2.27563E+00  2.27563E+00  3.30000E+01             56.CO 27. 170   6
 6 7  2.33732E-09  2.27564E+00  2.27564E+00  3.30000E+01             56.CO 27. 171   7
 134  8.20000E-02  2.37370E+00  2.37370E+00  0.00000E+00             56.CO 27. 172  34
 6 1  2.39415E-06  2.36662E+00  2.36662E+00  3.40000E+01             56.CO 27. 173   1
 6 5  2.25032E-07  2.37286E+00  2.37286E+00  3.40000E+01             56.CO 27. 174   5
 6 6  6.77409E-10  2.37297E+00  2.37297E+00  3.40000E+01             56.CO 27. 175   6
 6 7  1.00016E-09  2.37298E+00  2.37298E+00  3.40000E+01             56.CO 27. 176   7
 135  6.80000E-02  2.52386E+00  2.52386E+00  0.00000E+00             56.CO 27. 177  35
 6 1  1.79801E-06  2.51678E+00  2.51678E+00  3.50000E+01             56.CO 27. 178   1
 6 5  1.69090E-07  2.52302E+00  2.52302E+00  3.50000E+01             56.CO 27. 179   5
 6 6  4.87514E-10  2.52313E+00  2.52313E+00  3.50000E+01             56.CO 27. 180   6
 6 7  7.64960E-10  2.52314E+00  2.52314E+00  3.50000E+01             56.CO 27. 181   7
 136  1.73000E+01  2.59846E+00  2.59846E+00  0.00000E+00             56.CO 27. 182  36
 6 1  4.36286E-04  2.59138E+00  2.59138E+00  3.60000E+01             56.CO 27. 183   1
 6 5  4.10395E-05  2.59762E+00  2.59762E+00  3.60000E+01             56.CO 27. 184   5
 6 6  1.15638E-07  2.59773E+00  2.59773E+00  3.60000E+01             56.CO 27. 185   6
 6 7  1.86405E-07  2.59774E+00  2.59774E+00  3.60000E+01             56.CO 27. 186   7
 137  2.10000E-02  2.65740E+00  2.65740E+00  0.00000E+00             56.CO 27. 187  37
 6 1  5.32781E-07  2.65032E+00  2.65032E+00  3.70000E+01             56.CO 27. 188   1
 6 5  5.12634E-08  2.65656E+00  2.65656E+00  3.70000E+01             56.CO 27. 189   5
 6 6  1.57141E-10  2.65667E+00  2.65667E+00  3.70000E+01             56.CO 27. 190   6
 6 7  2.79233E-10  2.65668E+00  2.65668E+00  3.70000E+01             56.CO 27. 191   7
 138  1.16000E+00  3.00960E+00  3.00960E+00  0.00000E+00             56.CO 27. 192  38
 6 1  2.30037E-05  3.00251E+00  3.00251E+00  3.80000E+01             56.CO 27. 193   1
 6 5  2.15696E-06  3.00875E+00  3.00875E+00  3.80000E+01             56.CO 27. 194   5
 6 6  5.33181E-09  3.00886E+00  3.00886E+00  3.80000E+01             56.CO 27. 195   6
 6 7  9.77327E-09  3.00888E+00  3.00888E+00  3.80000E+01             56.CO 27. 196   7
 139  3.32000E+00  3.20196E+00  3.20196E+00  0.00000E+00             56.CO 27. 197  39
 6 1  6.02448E-05  3.19488E+00  3.19488E+00  3.90000E+01             56.CO 27. 198   1
 6 5  5.70996E-06  3.20112E+00  3.20112E+00  3.90000E+01             56.CO 27. 199   5
 6 6  1.36373E-08  3.20123E+00  3.20123E+00  3.90000E+01             56.CO 27. 200   6
 6 7  2.67878E-08  3.20124E+00  3.20124E+00  3.90000E+01             56.CO 27. 201   7
 140  8.12000E+00  3.25342E+00  3.25342E+00  0.00000E+00             56.CO 27. 202  40
 6 1  1.48895E-04  3.24633E+00  3.24633E+00  4.00000E+01             56.CO 27. 203   1
 6 5  1.47908E-05  3.25257E+00  3.25257E+00  4.00000E+01             56.CO 27. 204   5
 6 6  3.68756E-08  3.25268E+00  3.25268E+00  4.00000E+01             56.CO 27. 205   6
 6 7  7.55635E-08  3.25270E+00  3.25270E+00  4.00000E+01             56.CO 27. 206   7
 141  1.93000E+00  3.27299E+00  3.27299E+00  0.00000E+00             56.CO 27. 207  41
 6 1  3.37665E-05  3.26591E+00  3.26591E+00  4.10000E+01             56.CO 27. 208   1
 6 5  3.19238E-06  3.27215E+00  3.27215E+00  4.10000E+01             56.CO 27. 209   5
 6 6  7.45373E-09  3.27226E+00  3.27226E+00  4.10000E+01             56.CO 27. 210   6
 6 7  1.49155E-08  3.27227E+00  3.27227E+00  4.10000E+01             56.CO 27. 211   7
 142  1.10000E-02  3.36969E+00  3.36969E+00  0.00000E+00             56.CO 27. 212  42
 6 1  1.90995E-07  3.36261E+00  3.36261E+00  4.20000E+01             56.CO 27. 213   1
 6 5  1.91076E-08  3.36885E+00  3.36885E+00  4.20000E+01             56.CO 27. 214   5
 6 6  4.60293E-11  3.36896E+00  3.36896E+00  4.20000E+01             56.CO 27. 215   6
 6 7  9.68754E-11  3.36897E+00  3.36897E+00  4.20000E+01             56.CO 27. 216   7
 143  9.72000E-01  3.45115E+00  3.45115E+00  0.00000E+00             56.CO 27. 217  43
 6 1  1.62664E-05  3.44407E+00  3.44407E+00  4.30000E+01             56.CO 27. 218   1
 6 5  1.63565E-06  3.45031E+00  3.45031E+00  4.30000E+01             56.CO 27. 219   5
 6 6  3.85027E-09  3.45042E+00  3.45042E+00  4.30000E+01             56.CO 27. 220   6
 6 7  8.25492E-09  3.45043E+00  3.45043E+00  4.30000E+01             56.CO 27. 221   7
 144  2.00000E-01  3.54793E+00  3.54793E+00  0.00000E+00             56.CO 27. 222  44
 6 1  3.08056E-06  3.54085E+00  3.54085E+00  4.40000E+01             56.CO 27. 223   1
 6 5  2.90116E-07  3.54709E+00  3.54709E+00  4.40000E+01             56.CO 27. 224   5
 6 6  6.30349E-10  3.54720E+00  3.54720E+00  4.40000E+01             56.CO 27. 225   6
 6 7  1.36242E-09  3.54721E+00  3.54721E+00  4.40000E+01             56.CO 27. 226   7
 145  1.65000E-02  3.60070E+00  3.60070E+00  0.00000E+00             56.CO 27. 227  45
 6 1  1.78719E-07  3.59362E+00  3.59362E+00  4.50000E+01             56.CO 27. 228   1
 6 5  1.80044E-08  3.59986E+00  3.59986E+00  4.50000E+01             56.CO 27. 229   5
 6 6  2.49713E-11  3.59997E+00  3.59997E+00  4.50000E+01             56.CO 27. 230   6
 6 7  1.08048E-10  3.59998E+00  3.59998E+00  4.50000E+01             56.CO 27. 231   7
 146  8.50000E-03  3.61180E+00  3.61180E+00  0.00000E+00             56.CO 27. 232  46
 6 1  1.32681E-07  3.60472E+00  3.60472E+00  4.60000E+01             56.CO 27. 233   1
 6 5  1.34806E-08  3.61096E+00  3.61096E+00  4.60000E+01             56.CO 27. 234   5
 6 6  3.03872E-11  3.61107E+00  3.61107E+00  4.60000E+01             56.CO 27. 235   6
 6 7  6.75403E-11  3.61108E+00  3.61108E+00  4.60000E+01             56.CO 27. 236   7
 2 1  7.28294E+00  6.34985E-03  6.34985E-03  0.00000E+00             56.CO 27. 237   1
 2 2  1.42670E+01  6.36272E-03  6.36272E-03  0.00000E+00             56.CO 27. 238   2
 2 3  8.77127E-01  7.01536E-03  7.01536E-03  0.00000E+00             56.CO 27. 239   3
 2 4  1.72423E+00  7.01694E-03  7.01694E-03  0.00000E+00             56.CO 27. 240   4
 2 5  4.31552E-04  7.07049E-03  7.07049E-03  0.00000E+00             56.CO 27. 241   5
 2 6  6.30114E-04  7.07066E-03  7.07066E-03  0.00000E+00             56.CO 27. 242   6
 221  7.64046E-04  1.09410E-04  1.09410E-04  0.00000E+00             56.CO 27. 243  21
 222  2.99038E-03  1.22270E-04  1.22270E-04  0.00000E+00             56.CO 27. 244  22
 223  1.41937E-02  7.74918E-04  7.74918E-04  0.00000E+00             56.CO 27. 245  23
 224  2.10717E-02  7.76510E-04  7.76510E-04  0.00000E+00             56.CO 27. 246  24
 225  4.31223E-05  8.30051E-04  8.30051E-04  0.00000E+00             56.CO 27. 247  25
 226  5.85702E-05  8.30220E-04  8.30220E-04  0.00000E+00             56.CO 27. 248  26
 241  7.42255E-09  1.28600E-05  1.28600E-05  0.00000E+00             56.CO 27. 249  41
 242  1.46395E-01  6.32537E-04  6.32537E-04  0.00000E+00             56.CO 27. 250  42
 243  3.32884E-04  6.67099E-04  6.67099E-04  0.00000E+00             56.CO 27. 251  43
 244  5.08323E-02  7.20640E-04  7.20640E-04  0.00000E+00             56.CO 27. 252  44
 245  2.99987E-03  7.26019E-04  7.26019E-04  0.00000E+00             56.CO 27. 253  45
 261  2.76482E-01  6.19680E-04  6.19680E-04  0.00000E+00             56.CO 27. 254  61
 262  3.35809E-04  6.52649E-04  6.52649E-04  0.00000E+00             56.CO 27. 255  62
 263  3.27308E-04  6.54240E-04  6.54240E-04  0.00000E+00             56.CO 27. 256  63
 264  8.45668E-03  7.07777E-04  7.07777E-04  0.00000E+00             56.CO 27. 257  64
 265  9.45163E-02  7.07953E-04  7.07953E-04  0.00000E+00             56.CO 27. 258  65
 266  5.65960E-03  7.13160E-04  7.13160E-04  0.00000E+00             56.CO 27. 259  66
 291  1.04199E-03  4.72325E-05  4.72325E-05  0.00000E+00             56.CO 27. 260  91
 294  4.64148E+02  1.25307E-05  1.25307E-05  0.00000E+00             56.CO 27. 261  94
 7 1  3.78419E+01  5.58186E-03  5.58186E-03  0.00000E+00             56.CO 27. 262   1
 7 2  9.25892E+00  6.25798E-03  6.25798E-03  0.00000E+00             56.CO 27. 263   2
 7 3  5.77054E-01  6.93818E-03  6.93818E-03  0.00000E+00             56.CO 27. 264   3
 7 4  2.20127E+01  6.97184E-05  6.97184E-05  0.00000E+00             56.CO 27. 265   4
 7 5  1.12246E+02  6.26760E-04  6.26760E-04  0.00000E+00             56.CO 27. 266   5
 7 6  1.51684E+00  6.74044E-04  6.74044E-04  0.00000E+00             56.CO 27. 267   6
 7 8  1.99675E+02  4.00261E-05  4.00261E-05  0.00000E+00             56.CO 27. 268   8
%%%%  56 CO  27    EC B+        6.67267E+06 77.23 D    02-11-2005       SEEIEND 
 


   ***************************************************** 
   *                 Radiation Summary                 * 
   ***************************************************** 
 
  Energy released by
    Gamma-ray                       (MeV) =   3.44435E+00
    X-ray                           (MeV) =   1.55690E-03
    Free-bound X-ray                (MeV) =   5.81609E-05
    Annihilation photon             (MeV) =   1.94426E-01
    Beta+ particle                  (MeV) =   1.15865E-01
    Neutrino                        (MeV) =   8.24015E-01
    Beta- particle                  (MeV) =   0.00000E+00
    Neutrino-                       (MeV) =   0.00000E+00
    Internal conv. electron         (MeV) =   4.27782E-04
    Auger and CK electron           (MeV) =   3.54075E-03
    Alpha particle                  (MeV) =   0.00000E+00
    Recoil nucleus                  (MeV) =   0.00000E+00
  E-total (except unplaced radiat.) (MeV) =   4.58424E+00
  E-unplaced radiation              (MeV) =   0.00000E+00
  Q-value from ENSDF data           (MeV) =   4.56600E+00
  Ratio of E-total/Q-value          ( % ) =   1.00399E+02
  Ratio of E-unplaced radi./Q-value ( % ) =   0.00000E+00

 
  Total yield of
    Gamma-ray                             =   2.52653E+00
    X-ray                                 =   2.47789E-01
    Free-bound X-ray                      =   4.64148E+00
    Annihilation photon                   =   3.80482E-01
    Beta+ particle                        =   1.90241E-01
    Beta- particle                        =   0.00000E+00
    Internal conv. electron               =   4.28719E-04
    Auger and CK electron                 =   3.83129E+00
    Alpha particle                        =   0.00000E+00
  Yield of unplaced radiation             =   0.00000E+00


