%%%%  60 CO  27    B-           1.66350E+08 5.2713 Y   02-11-2005       BALASTAR
1  60   CO  27 5.2713 Y        B-         
1INTENSITY AND ENERGY BALANCE DATA

              60-COBALT-27
+                                    HALFLIFE = 5.2713 YEARS   
+                                                                  02-11-2005


    LEVEL       INTENSITY   INTENSITY
    ENERGY      ENTERING    LEAVING     PERCENT
    (MEV)       LEVEL       LEVEL       ERROR

   0.0000E+00  9.9996E+01
   1.3325E+00  9.9994E+01  9.9995E+01  9.9188E-04                      
   2.1586E+00  7.5415E-03  8.8026E-03  1.5432E+01  ********************
   2.5057E+00  9.9880E+01  9.9874E+01  6.0117E-03                      


 INTENSITY TO GROUND AND ISOMERIC STATE(S) OF DAUGHTER(S)=  1.000E+02
 TOTAL INTENSITY FROM PARENT=  1.000E+02
 PERCENT ERROR =  3.754E-03                      


 TOTAL INTENSITY FROM PARENT =  1.000E+02
 VALUE IS WITHIN   7.63E-06% OF 100                      


 TOTAL ENERGY AVAILABLE =  2.824E+00 MEV
 TOTAL ENERGY CONTENT OF ALL RADIATIONS =  2.824E+00 MEV
 PERCENT ERROR =  4.889E-03                      
%%%%  60 CO  27    B-           1.66350E+08 5.2713 Y   02-11-2005       BALAEND 
%%%%  60 CO  27    B-           1.66350E+08 5.2713 Y   02-11-2005       INPUSTAR
1                                      **INPUT DATA**
              60-COBALT-27
+                                    HALFLIFE = 5.2713 YEARS   
+                                                                  02-11-2005

            MODE OF DECAY: BETA MINUS
 
                                MEAN
                                NUMBER/    TRANSITION
                TYPE OF    ID   TRANSFOR-  ENERGY
              TRANSITION   NO.  MATION     (MEV)       OTHER NUCLEAR PARAMETERS

               BETA MINUS   1   9.99E-01   3.182E-01*  ALLOWED                                  
               BETA MINUS   3   1.20E-03   1.491E+00*  UNIQUE SECOND FORBIDDEN                  
           I.C.E. + GAMMA   1   7.54E-05   3.471E-01   E2 MULTIPOLE                             
+                                                                    AK= 0.00503                
           I.C.E. + GAMMA   2   7.60E-05   8.261E-01   M1 MULTIPOLE                             
+                                                                    MRS=0.810                  
           I.C.E. + GAMMA   3   9.99E-01   1.173E+00   E2+M3 MULTIPOLE                          
                                                       MRS=6.25E-06                             
           I.C.E. + GAMMA   4   1.00E+00   1.332E+00   E2 MULTIPOLE                             
           I.C.E. + GAMMA   5   1.20E-05   2.159E+00   E2 MULTIPOLE                             
           I.C.E. + GAMMA   6   2.00E-08   2.506E+00   E4 MULTIPOLE                             
 
           * ENDPOINT ENERGY (MEV)
           - - - - - - - - - -
           Reference: Evaluated Nuclear Structure Data File (ENSDF)
                DATE DATA WERE ENTERED INTO ENSDF: Sep-2000
%%%%  60 CO  27    B-           1.66350E+08 5.2713 Y   02-11-2005       INPUEND 
%%%%  60 CO  27    B-           1.66350E+08 5.2713 Y   02-11-2005       OUTPSTAR
1                                      **OUTPUT DATA**
              60-COBALT-27
+                                    HALFLIFE = 5.2713 YEARS   
+                                                                  02-11-2005

            MODE OF DECAY: BETA MINUS
 
                                              MEAN
                                              NUMBER/                  MEV/
                                         ID   TRANSFOR-   ENERGY       TRANSFOR-
                  TYPE OF RADIATION      NO.  MATION      (MEV)        MATION

           BETA MINUS                     1   9.99E-01    9.587E-02*   9.58E-02
           BETA MINUS                     3   1.20E-03    6.259E-01*   7.51E-04
           GAMMA-RAY                      3   9.98E-01    1.173E+00    1.17E+00
           K CONV. ELECTRON, GAMMA-RAY    3   1.50E-04    1.165E+00    1.75E-04
           GAMMA-RAY                      4   1.00E+00    1.332E+00    1.33E+00
           K CONV. ELECTRON, GAMMA-RAY    4   1.14E-04    1.324E+00    1.50E-04
 
           ALL LISTED X-RAYS, GAMMA-RAYS AND ANNIHILATION RADIATION    2.50E+00
           ALL NEGLECTED X-RAYS, GAMMA-RAYS AND ANNIH. RADIATION**     1.16E-04
           ALL LISTED BETAS, INTERNAL CONVERSION AND AUGER ELECTRONS   9.68E-02
           ALL NEGLECTED BETAS, INT. CONVERSION AND AUGER ELECTRONS**  3.35E-05
           ALL LISTED RADIATIONS                                       2.60E+00
           ALL NEGLECTED RADIATIONS**                                  1.49E-04
 
           *  AVERAGE ENERGY (MEV)
           ** EACH NEGLECTED TRANSITION CONTRIBUTES LESS THAN  0.100%
              TO THE TOTAL MEV/TRANSFORMATION FOR THIS CATEGORY.
           TOTAL FEEDING OF GROUND STATE LEVEL IN 60-NICKEL
             DAUGHTER IS 1.0000E+00 PER TRANSFORMATION OF  60-COBALT.
             THIS DAUGHTER GROUND STATE IS STABLE.
           - - - - - - - - - -
           INPUT DATA SOURCE: EVALUATED NUCLEAR STRUCTURE DATA FILE (ENSDF)
             DATE INPUT DATA WERE ENTERED INTO ENSDF: Sep-2000
%%%%  60 CO  27    B-           1.66350E+08 5.2713 Y   02-11-2005       OUTPEND 
%%%%  60 CO  27    B-           1.66350E+08 5.2713 Y   02-11-2005       BETASTAR
1
              60-COBALT-27
+                                    HALFLIFE = 5.2713 YEARS   
+                                                                  02-11-2005

            BETA SPECTRUM DATA FOR ALL DECAY BRANCHES

                      BETAS PER                BETAS PER                BETAS PER
            ENERGY    MEV            ENERGY    MEV            ENERGY    MEV
            (MEV)     PER DECAY      (MEV)     PER DECAY      (MEV)     PER DECAY

            0.00000   6.626E+00      0.00260   6.551E+00      0.07500   5.304E+00
            0.00010   6.623E+00      0.00280   6.545E+00      0.08000   5.198E+00
            0.00011   6.623E+00      0.00300   6.540E+00      0.08500   5.089E+00
            0.00012   6.622E+00      0.00320   6.534E+00      0.09000   4.977E+00
            0.00013   6.622E+00      0.00360   6.523E+00      0.10000   4.742E+00
            0.00014   6.622E+00      0.00400   6.516E+00      0.11000   4.494E+00
            0.00015   6.621E+00      0.00450   6.507E+00      0.12000   4.235E+00
            0.00016   6.621E+00      0.00500   6.497E+00      0.13000   3.967E+00
            0.00018   6.621E+00      0.00550   6.488E+00      0.14000   3.692E+00
            0.00020   6.620E+00      0.00600   6.478E+00      0.15000   3.411E+00
            0.00022   6.619E+00      0.00650   6.469E+00      0.16000   3.127E+00
            0.00024   6.619E+00      0.00700   6.459E+00      0.18000   2.557E+00
            0.00026   6.618E+00      0.00750   6.450E+00      0.20000   1.998E+00
            0.00028   6.618E+00      0.00800   6.440E+00      0.22000   1.469E+00
            0.00030   6.617E+00      0.00850   6.431E+00      0.24000   9.907E-01
            0.00032   6.616E+00      0.00900   6.422E+00      0.26000   5.822E-01
            0.00036   6.615E+00      0.01000   6.403E+00      0.28000   2.658E-01
            0.00040   6.614E+00      0.01100   6.385E+00      0.30000   6.436E-02
            0.00045   6.613E+00      0.01200   6.367E+00      0.32000   1.027E-03
            0.00050   6.611E+00      0.01300   6.349E+00      0.36000   1.050E-03
            0.00055   6.610E+00      0.01400   6.332E+00      0.40000   1.070E-03
            0.00060   6.608E+00      0.01500   6.315E+00      0.45000   1.089E-03
            0.00065   6.607E+00      0.01600   6.298E+00      0.50000   1.102E-03
            0.00070   6.606E+00      0.01800   6.265E+00      0.55000   1.108E-03
            0.00075   6.604E+00      0.02000   6.234E+00      0.60000   1.108E-03
            0.00080   6.603E+00      0.02200   6.203E+00      0.65000   1.102E-03
            0.00085   6.601E+00      0.02400   6.172E+00      0.70000   1.089E-03
            0.00090   6.600E+00      0.02600   6.142E+00      0.75000   1.070E-03
            0.00100   6.597E+00      0.02800   6.113E+00      0.80000   1.044E-03
            0.00110   6.594E+00      0.03000   6.083E+00      0.85000   1.010E-03
            0.00120   6.591E+00      0.03200   6.053E+00      0.90000   9.695E-04
            0.00130   6.588E+00      0.03600   5.993E+00      1.00000   8.627E-04
            0.00140   6.586E+00      0.04000   5.932E+00      1.10000   7.174E-04
            0.00150   6.583E+00      0.04500   5.853E+00      1.20000   5.296E-04
            0.00160   6.580E+00      0.05000   5.771E+00      1.30000   3.083E-04
            0.00180   6.574E+00      0.05500   5.685E+00      1.40000   9.574E-05
            0.00200   6.568E+00      0.06000   5.596E+00      1.49139   0.000E+00
            0.00220   6.563E+00      0.06500   5.502E+00
            0.00240   6.557E+00      0.07000   5.405E+00

            AVERAGE BETA ENERGY =   9.650E-02

            TOTAL BETAS PER DECAY FOR ALL BRANCHES =   1.000E+00
%%%%  60 CO  27    B-           1.66350E+08 5.2713 Y   02-11-2005       BETAEND 
%%%%  60 CO  27    B-           1.66350E+08 5.2713 Y   02-11-2005       SEEISTAR
 60.  COBALT       27.  5.271E+00 YEARS     64 B-                    60.CO 27.   0
 5 1  9.98800E+01  9.58654E-02  3.18152E-01  0.00000E+00             60.CO 27.   1   1
 5 3  1.20000E-01  6.25925E-01  1.49139E+00  2.00000E+00             60.CO 27.   2   3
 1 1  7.50000E-03  3.47140E-01  3.47140E-01  0.00000E+00             60.CO 27.   3   1
 6 1  3.76876E-05  3.38837E-01  3.38837E-01  1.00000E+00             60.CO 27.   4   1
 6 5  3.55561E-06  3.46134E-01  3.46134E-01  1.00000E+00             60.CO 27.   5   5
 6 6  1.20411E-07  3.46255E-01  3.46255E-01  1.00000E+00             60.CO 27.   6   6
 6 7  1.38713E-07  3.46273E-01  3.46273E-01  1.00000E+00             60.CO 27.   7   7
 1 2  7.60000E-03  8.26100E-01  8.26100E-01  0.00000E+00             60.CO 27.   8   2
 6 1  2.31404E-06  8.17797E-01  8.17797E-01  2.00000E+00             60.CO 27.   9   1
 6 5  2.22619E-07  8.25094E-01  8.25094E-01  2.00000E+00             60.CO 27.  10   5
 6 6  2.54225E-09  8.25215E-01  8.25215E-01  2.00000E+00             60.CO 27.  11   6
 6 7  2.39864E-09  8.25233E-01  8.25233E-01  2.00000E+00             60.CO 27.  12   7
 1 3  9.98500E+01  1.17323E+00  1.17323E+00  0.00000E+00             60.CO 27.  13   3
 6 1  1.49950E-02  1.16493E+00  1.16493E+00  3.00000E+00             60.CO 27.  14   1
 6 5  1.43798E-03  1.17222E+00  1.17222E+00  3.00000E+00             60.CO 27.  15   5
 6 6  1.35110E-05  1.17234E+00  1.17234E+00  3.00000E+00             60.CO 27.  16   6
 6 7  1.56700E-05  1.17236E+00  1.17236E+00  3.00000E+00             60.CO 27.  17   7
 1 4  9.99826E+01  1.33249E+00  1.33249E+00  0.00000E+00             60.CO 27.  18   4
 6 1  1.13537E-02  1.32419E+00  1.32419E+00  4.00000E+00             60.CO 27.  19   1
 6 5  1.08897E-03  1.33149E+00  1.33149E+00  4.00000E+00             60.CO 27.  20   5
 6 6  8.82547E-06  1.33161E+00  1.33161E+00  4.00000E+00             60.CO 27.  21   6
 6 7  1.06304E-05  1.33162E+00  1.33162E+00  4.00000E+00             60.CO 27.  22   7
 1 5  1.20000E-03  2.15857E+00  2.15857E+00  0.00000E+00             60.CO 27.  23   5
 6 1  5.36789E-08  2.15027E+00  2.15027E+00  5.00000E+00             60.CO 27.  24   1
 6 5  5.17962E-09  2.15756E+00  2.15756E+00  5.00000E+00             60.CO 27.  25   5
 6 6  2.39562E-11  2.15769E+00  2.15769E+00  5.00000E+00             60.CO 27.  26   6
 6 7  3.59675E-11  2.15770E+00  2.15770E+00  5.00000E+00             60.CO 27.  27   7
 1 6  2.00000E-06  2.50569E+00  2.50569E+00  0.00000E+00             60.CO 27.  28   6
 6 1  1.55807E-10  2.49739E+00  2.49739E+00  6.00000E+00             60.CO 27.  29   1
 6 5  1.54615E-11  2.50469E+00  2.50469E+00  6.00000E+00             60.CO 27.  30   5
 6 6  1.49361E-13  2.50481E+00  2.50481E+00  6.00000E+00             60.CO 27.  31   6
 6 7  8.76110E-14  2.50482E+00  2.50482E+00  6.00000E+00             60.CO 27.  32   7
 2 1  3.19463E-03  7.41782E-03  7.41782E-03  0.00000E+00             60.CO 27.  33   1
 2 2  6.23882E-03  7.43578E-03  7.43578E-03  0.00000E+00             60.CO 27.  34   2
 2 3  3.90686E-04  8.22229E-03  8.22229E-03  0.00000E+00             60.CO 27.  35   3
 2 4  7.66065E-04  8.22459E-03  8.22459E-03  0.00000E+00             60.CO 27.  36   4
 2 5  3.34900E-07  8.28784E-03  8.28784E-03  0.00000E+00             60.CO 27.  37   5
 2 6  4.86742E-07  8.28816E-03  8.28816E-03  0.00000E+00             60.CO 27.  38   6
 221  1.88427E-07  1.21520E-04  1.21520E-04  0.00000E+00             60.CO 27.  39  21
 222  8.17232E-07  1.39480E-04  1.39480E-04  0.00000E+00             60.CO 27.  40  22
 223  5.54510E-06  9.26018E-04  9.26018E-04  0.00000E+00             60.CO 27.  41  23
 224  8.48861E-06  9.28291E-04  9.28291E-04  0.00000E+00             60.CO 27.  42  24
 225  1.99386E-08  9.91581E-04  9.91581E-04  0.00000E+00             60.CO 27.  43  25
 226  2.61353E-08  9.91840E-04  9.91840E-04  0.00000E+00             60.CO 27.  44  26
 241  5.02051E-12  1.79600E-05  1.79600E-05  0.00000E+00             60.CO 27.  45  41
 242  5.82779E-05  7.66341E-04  7.66341E-04  0.00000E+00             60.CO 27.  46  42
 243  1.78285E-07  8.06771E-04  8.06771E-04  0.00000E+00             60.CO 27.  47  43
 244  3.99531E-05  8.70064E-04  8.70064E-04  0.00000E+00             60.CO 27.  48  44
 245  1.38510E-06  8.76890E-04  8.76890E-04  0.00000E+00             60.CO 27.  49  45
 261  1.10137E-04  7.48381E-04  7.48381E-04  0.00000E+00             60.CO 27.  50  61
 262  1.81945E-07  7.86540E-04  7.86540E-04  0.00000E+00             60.CO 27.  51  62
 263  1.76654E-07  7.88810E-04  7.88810E-04  0.00000E+00             60.CO 27.  52  63
 264  6.78951E-06  8.52098E-04  8.52098E-04  0.00000E+00             60.CO 27.  53  64
 265  7.39118E-05  8.52361E-04  8.52361E-04  0.00000E+00             60.CO 27.  54  65
 266  2.52983E-06  8.58930E-04  8.58930E-04  0.00000E+00             60.CO 27.  55  66
 291  7.90703E-07  5.95467E-05  5.95467E-05  0.00000E+00             60.CO 27.  56  91
 294  1.50257E-01  1.45030E-05  1.45030E-05  0.00000E+00             60.CO 27.  57  94
 7 1  1.24729E-02  6.49788E-03  6.49788E-03  0.00000E+00             60.CO 27.  58   1
 7 2  3.11916E-03  7.31362E-03  7.31362E-03  0.00000E+00             60.CO 27.  59   2
 7 3  2.05737E-04  8.13349E-03  8.13349E-03  0.00000E+00             60.CO 27.  60   3
 7 4  7.32775E-03  7.87867E-05  7.87867E-05  0.00000E+00             60.CO 27.  61   4
 7 5  3.93729E-02  7.72593E-04  7.72593E-04  0.00000E+00             60.CO 27.  62   5
 7 6  3.97670E-04  8.18380E-04  8.18380E-04  0.00000E+00             60.CO 27.  63   6
 7 8  5.83929E-02  4.79803E-05  4.79803E-05  0.00000E+00             60.CO 27.  64   8
%%%%  60 CO  27    B-           1.66350E+08 5.2713 Y   02-11-2005       SEEIEND 
 


   ***************************************************** 
   *                 Radiation Summary                 * 
   ***************************************************** 
 
  Energy released by
    Gamma-ray                       (MeV) =   2.50384E+00
    X-ray                           (MeV) =   7.98551E-07
    Free-bound X-ray                (MeV) =   2.17918E-08
    Annihilation photon             (MeV) =   0.00000E+00
    Beta+ particle                  (MeV) =   0.00000E+00
    Neutrino                        (MeV) =   0.00000E+00
    Beta- particle                  (MeV) =   9.65015E-02
    Neutrino-                       (MeV) =   2.23058E-01
    Internal conv. electron         (MeV) =   3.57146E-04
    Auger and CK electron           (MeV) =   1.39657E-06
    Alpha particle                  (MeV) =   0.00000E+00
    Recoil nucleus                  (MeV) =   0.00000E+00
  E-total (except unplaced radiat.) (MeV) =   2.82376E+00
  E-unplaced radiation              (MeV) =   0.00000E+00
  Q-value from ENSDF data           (MeV) =   2.82390E+00
  Ratio of E-total/Q-value          ( % ) =   9.99951E+01
  Ratio of E-unplaced radi./Q-value ( % ) =   0.00000E+00

 
  Total yield of
    Gamma-ray                             =   1.99849E+00
    X-ray                                 =   1.09004E-04
    Free-bound X-ray                      =   1.50257E-03
    Annihilation photon                   =   0.00000E+00
    Beta+ particle                        =   0.00000E+00
    Beta- particle                        =   1.00000E+00
    Internal conv. electron               =   2.89685E-04
    Auger and CK electron                 =   1.21289E-03
    Alpha particle                        =   0.00000E+00
  Yield of unplaced radiation             =   0.00000E+00


%%%%  60 CO  27 M  IT B-        6.28020E+02 10.467 M   02-11-2005       BALASTAR
1  60M  CO  27 10.467 M        IT B-      
1INTENSITY AND ENERGY BALANCE DATA

              60M-COBALT-27
+                                    HALFLIFE = 10.467 MINUTES 
+                                                                  02-11-2005


    LEVEL       INTENSITY   INTENSITY
    ENERGY      ENTERING    LEAVING     PERCENT
    (MEV)       LEVEL       LEVEL       ERROR

   0.0000E+00  9.9760E+01
   5.8603E-02  9.9760E+01  9.9760E+01  0.0000E+00                      
   0.0000E+00  2.4075E-01
   1.3325E+00  2.3922E-01  2.4003E-01  3.3672E-01                      
   2.1588E+00  8.4592E-03  8.4023E-03  6.7535E-01                      


 INTENSITY TO GROUND AND ISOMERIC STATE(S) OF DAUGHTER(S)=  1.000E+02
 TOTAL INTENSITY FROM PARENT=  1.000E+02
 PERCENT ERROR =  7.477E-04                      


 TOTAL INTENSITY FROM PARENT =  1.000E+02
 VALUE IS WITHIN   7.63E-06% OF 100                      


 TOTAL ENERGY AVAILABLE =  6.538E-02 MEV
 TOTAL ENERGY CONTENT OF ALL RADIATIONS =  6.539E-02 MEV
 PERCENT ERROR =  1.450E-02                      
%%%%  60 CO  27 M  IT B-        6.28020E+02 10.467 M   02-11-2005       BALAEND 
%%%%  60 CO  27 M  IT B-        6.28020E+02 10.467 M   02-11-2005       INPUSTAR
1                                      **INPUT DATA**
              60M-COBALT-27
+                                    HALFLIFE = 10.467 MINUTES 
+                                                                  02-11-2005

            MODES OF DECAY: ISOMERIC LEVEL, BETA MINUS
 
                                MEAN
                                NUMBER/    TRANSITION
                TYPE OF    ID   TRANSFOR-  ENERGY
              TRANSITION   NO.  MATION     (MEV)       OTHER NUCLEAR PARAMETERS

           I.C.E. + GAMMA   1   9.98E-01   5.860E-02   M3+E4 MULTIPOLE                          
                                                       MRS=0.000400  AK= 40.3                   
                                                       AL1=4.91      AL2=0.690                  
                                                       AL3=1.59                                 
               BETA MINUS   1   8.46E-05   7.234E-01*  ALLOWED                                  
               BETA MINUS   2   2.32E-03   1.550E+00*  ALLOWED                                  
           I.C.E. + GAMMA   1   7.68E-05   8.263E-01   M1 MULTIPOLE                             
           I.C.E. + GAMMA   2   2.40E-03   1.333E+00   E2 MULTIPOLE                             
           I.C.E. + GAMMA   3   7.20E-06   2.159E+00   E2 MULTIPOLE                             
 
           * ENDPOINT ENERGY (MEV)
           - - - - - - - - - -
           Reference: Evaluated Nuclear Structure Data File (ENSDF)
                DATE DATA WERE ENTERED INTO ENSDF: Jul-1993
%%%%  60 CO  27 M  IT B-        6.28020E+02 10.467 M   02-11-2005       INPUEND 
%%%%  60 CO  27 M  IT B-        6.28020E+02 10.467 M   02-11-2005       OUTPSTAR
1                                      **OUTPUT DATA**
              60M-COBALT-27
+                                    HALFLIFE = 10.467 MINUTES 
+                                                                  02-11-2005

            MODES OF DECAY: ISOMERIC LEVEL, BETA MINUS
 
                                              MEAN
                                              NUMBER/                  MEV/
                                         ID   TRANSFOR-   ENERGY       TRANSFOR-
                  TYPE OF RADIATION      NO.  MATION      (MEV)        MATION

           GAMMA-RAY                      1   2.06E-02    5.860E-02    1.21E-03
           K CONV. ELECTRON, GAMMA-RAY    1   8.29E-01    5.092E-02    4.22E-02
           L1 CONV. ELECTRON, GAMMA-RAY   1   1.01E-01    5.768E-02    5.82E-03
           L2 CONV. ELECTRON, GAMMA-RAY   1   1.42E-02    5.780E-02    8.21E-04
           L3 CONV. ELECTRON, GAMMA-RAY   1   3.28E-02    5.781E-02    1.89E-03
           K -L2 X-RAY                        9.22E-02    6.873E-03    6.34E-04
           K -L3 X-RAY                        1.80E-01    6.888E-03    1.24E-03
           K -M2 X-RAY                        1.12E-02    7.607E-03    8.52E-05
           K -M3 X-RAY                        2.20E-02    7.608E-03    1.67E-04
           Free-Bound X-RAY                   5.22E+00    1.354E-05    7.07E-05
           AUGER KLL                          4.14E-01    6.031E-03*   2.50E-03
           AUGER KLX                          1.03E-01    6.775E-03*   6.95E-04
           AUGER LMM                          1.33E+00    6.982E-04*   9.27E-04
           CK MMX                             2.13E+00    4.392E-05*   9.35E-05
           BETA MINUS                     2   2.32E-03    6.063E-01*   1.40E-03
           GAMMA-RAY                      1   7.68E-05    8.263E-01    6.35E-05
           GAMMA-RAY                      2   2.40E-03    1.333E+00    3.20E-03
           GAMMA-RAY                      3   7.20E-06    2.159E+00    1.55E-05
 
           ALL LISTED X-RAYS, GAMMA-RAYS AND ANNIHILATION RADIATION    6.68E-03
           ALL NEGLECTED X-RAYS, GAMMA-RAYS AND ANNIH. RADIATION**     6.54E-06
           ALL LISTED BETAS, INTERNAL CONVERSION AND AUGER ELECTRONS   5.64E-02
           ALL NEGLECTED BETAS, INT. CONVERSION AND AUGER ELECTRONS**  1.01E-04
           ALL LISTED RADIATIONS                                       6.31E-02
           ALL NEGLECTED RADIATIONS**                                  1.08E-04
 
           *  AVERAGE ENERGY (MEV)
           ** EACH NEGLECTED TRANSITION CONTRIBUTES LESS THAN  0.100%
              TO THE TOTAL MEV/TRANSFORMATION FOR THIS CATEGORY.
           TOTAL FEEDING OF GROUND STATE LEVEL IN 60-COBALT
             DAUGHTER IS 9.9760E-01  PER TRANSFORMATION OF  60M-COBALT.
             DECAY OF THIS 5.2713 YEARS HALFLIFE LEVEL WILL CONTRIBUTE TO DOSE.
           TOTAL FEEDING OF GROUND STATE LEVEL IN 60-NICKEL
             DAUGHTER IS 2.4000E-03  PER TRANSFORMATION OF  60M-COBALT.
             THIS DAUGHTER GROUND STATE IS STABLE.
           - - - - - - - - - -
           INPUT DATA SOURCE: EVALUATED NUCLEAR STRUCTURE DATA FILE (ENSDF)
             DATE INPUT DATA WERE ENTERED INTO ENSDF: Jul-1993
%%%%  60 CO  27 M  IT B-        6.28020E+02 10.467 M   02-11-2005       OUTPEND 
%%%%  60 CO  27 M  IT B-        6.28020E+02 10.467 M   02-11-2005       BETASTAR
1
              60M-COBALT-27
+                                    HALFLIFE = 10.467 MINUTES 
+                                                                  02-11-2005

            BETA SPECTRUM DATA FOR ALL DECAY BRANCHES

                      BETAS PER                BETAS PER                BETAS PER
            ENERGY    MEV            ENERGY    MEV            ENERGY    MEV
            (MEV)     PER DECAY      (MEV)     PER DECAY      (MEV)     PER DECAY

            0.00000   1.264E-03      0.00260   1.266E-03      0.07500   1.546E-03
            0.00010   1.264E-03      0.00280   1.266E-03      0.08000   1.567E-03
            0.00011   1.264E-03      0.00300   1.266E-03      0.08500   1.588E-03
            0.00012   1.264E-03      0.00320   1.266E-03      0.09000   1.609E-03
            0.00013   1.264E-03      0.00360   1.266E-03      0.10000   1.651E-03
            0.00014   1.264E-03      0.00400   1.268E-03      0.11000   1.691E-03
            0.00015   1.264E-03      0.00450   1.269E-03      0.12000   1.731E-03
            0.00016   1.264E-03      0.00500   1.270E-03      0.13000   1.770E-03
            0.00018   1.264E-03      0.00550   1.271E-03      0.14000   1.807E-03
            0.00020   1.264E-03      0.00600   1.273E-03      0.15000   1.844E-03
            0.00022   1.264E-03      0.00650   1.274E-03      0.16000   1.880E-03
            0.00024   1.264E-03      0.00700   1.275E-03      0.18000   1.948E-03
            0.00026   1.264E-03      0.00750   1.276E-03      0.20000   2.012E-03
            0.00028   1.264E-03      0.00800   1.278E-03      0.22000   2.072E-03
            0.00030   1.264E-03      0.00850   1.279E-03      0.24000   2.127E-03
            0.00032   1.264E-03      0.00900   1.280E-03      0.26000   2.178E-03
            0.00036   1.264E-03      0.01000   1.283E-03      0.28000   2.225E-03
            0.00040   1.264E-03      0.01100   1.286E-03      0.30000   2.267E-03
            0.00045   1.264E-03      0.01200   1.289E-03      0.32000   2.305E-03
            0.00050   1.264E-03      0.01300   1.292E-03      0.36000   2.367E-03
            0.00055   1.265E-03      0.01400   1.295E-03      0.40000   2.412E-03
            0.00060   1.265E-03      0.01500   1.298E-03      0.45000   2.445E-03
            0.00065   1.265E-03      0.01600   1.301E-03      0.50000   2.451E-03
            0.00070   1.265E-03      0.01800   1.308E-03      0.55000   2.434E-03
            0.00075   1.265E-03      0.02000   1.314E-03      0.60000   2.396E-03
            0.00080   1.265E-03      0.02200   1.322E-03      0.65000   2.338E-03
            0.00085   1.265E-03      0.02400   1.329E-03      0.70000   2.265E-03
            0.00090   1.265E-03      0.02600   1.337E-03      0.75000   2.178E-03
            0.00100   1.265E-03      0.02800   1.345E-03      0.80000   2.071E-03
            0.00110   1.265E-03      0.03000   1.353E-03      0.85000   1.946E-03
            0.00120   1.265E-03      0.03200   1.361E-03      0.90000   1.805E-03
            0.00130   1.265E-03      0.03600   1.378E-03      1.00000   1.483E-03
            0.00140   1.265E-03      0.04000   1.394E-03      1.10000   1.128E-03
            0.00150   1.265E-03      0.04500   1.416E-03      1.20000   7.695E-04
            0.00160   1.265E-03      0.05000   1.438E-03      1.30000   4.393E-04
            0.00180   1.265E-03      0.05500   1.459E-03      1.40000   1.757E-04
            0.00200   1.265E-03      0.06000   1.481E-03      1.50000   2.143E-05
            0.00220   1.266E-03      0.06500   1.503E-03      1.54973   0.000E+00
            0.00240   1.266E-03      0.07000   1.524E-03

            AVERAGE BETA ENERGY =   5.937E-01

            TOTAL BETAS PER DECAY FOR ALL BRANCHES =   2.400E-03
%%%%  60 CO  27 M  IT B-        6.28020E+02 10.467 M   02-11-2005       BETAEND 
%%%%  60 CO  27 M  IT B-        6.28020E+02 10.467 M   02-11-2005       SEEISTAR
 60.M COBALT       27.  1.047E+01 MINUTES   86 IT B-                 60.CO 27.   0
 1 1  2.05764E+00  5.86030E-02  5.86030E-02  0.00000E+00             60.CO 27.   1   1
 6 1  8.29116E+01  5.09223E-02  5.09223E-02  1.00000E+00             60.CO 27.   2   1
 6 5  1.00944E+01  5.76801E-02  5.76801E-02  1.00000E+00             60.CO 27.   3   5
 6 6  1.42041E+00  5.77955E-02  5.77955E-02  1.00000E+00             60.CO 27.   4   6
 6 7  3.27597E+00  5.78107E-02  5.78107E-02  1.00000E+00             60.CO 27.   5   7
 2 1  9.22142E+00  6.87316E-03  6.87316E-03  0.00000E+00             60.CO 27.   6   1
 2 2  1.80308E+01  6.88840E-03  6.88840E-03  0.00000E+00             60.CO 27.   7   2
 2 3  1.11947E+00  7.60650E-03  7.60650E-03  0.00000E+00             60.CO 27.   8   3
 2 4  2.19823E+00  7.60846E-03  7.60846E-03  0.00000E+00             60.CO 27.   9   4
 2 5  7.38453E-04  7.66677E-03  7.66677E-03  0.00000E+00             60.CO 27.  10   5
 2 6  1.07569E-03  7.66698E-03  7.66698E-03  0.00000E+00             60.CO 27.  11   6
 221  7.53243E-04  1.15410E-04  1.15410E-04  0.00000E+00             60.CO 27.  12  21
 222  3.10643E-03  1.30660E-04  1.30660E-04  0.00000E+00             60.CO 27.  13  22
 223  1.79089E-02  8.48779E-04  8.48779E-04  0.00000E+00             60.CO 27.  14  23
 224  2.67270E-02  8.50688E-04  8.50688E-04  0.00000E+00             60.CO 27.  15  24
 225  6.01162E-05  9.09021E-04  9.09021E-04  0.00000E+00             60.CO 27.  16  25
 226  7.97954E-05  9.09230E-04  9.09230E-04  0.00000E+00             60.CO 27.  17  26
 241  1.25305E-08  1.52500E-05  1.52500E-05  0.00000E+00             60.CO 27.  18  41
 242  1.87362E-01  6.97849E-04  6.97849E-04  0.00000E+00             60.CO 27.  19  42
 243  4.98153E-04  7.35280E-04  7.35280E-04  0.00000E+00             60.CO 27.  20  43
 244  9.26824E-02  7.93612E-04  7.93612E-04  0.00000E+00             60.CO 27.  21  44
 245  4.11785E-03  7.99731E-04  7.99731E-04  0.00000E+00             60.CO 27.  22  45
 261  3.53712E-01  6.82599E-04  6.82599E-04  0.00000E+00             60.CO 27.  23  61
 262  5.01800E-04  7.18119E-04  7.18119E-04  0.00000E+00             60.CO 27.  24  62
 263  4.88155E-04  7.20029E-04  7.20029E-04  0.00000E+00             60.CO 27.  25  63
 264  1.55354E-02  7.78359E-04  7.78359E-04  0.00000E+00             60.CO 27.  26  64
 265  1.70641E-01  7.78571E-04  7.78571E-04  0.00000E+00             60.CO 27.  27  65
 266  7.60629E-03  7.84479E-04  7.84479E-04  0.00000E+00             60.CO 27.  28  66
 291  1.81868E-03  5.34955E-05  5.34955E-05  0.00000E+00             60.CO 27.  29  91
 294  5.22410E+02  1.35401E-05  1.35401E-05  0.00000E+00             60.CO 27.  30  94
 7 1  4.14310E+01  6.03079E-03  6.03079E-03  0.00000E+00             60.CO 27.  31   1
 7 2  1.02529E+01  6.77509E-03  6.77509E-03  0.00000E+00             60.CO 27.  32   2
 7 3  6.55969E-01  7.52354E-03  7.52354E-03  0.00000E+00             60.CO 27.  33   3
 7 4  2.52354E+01  7.49251E-05  7.49251E-05  0.00000E+00             60.CO 27.  34   4
 7 5  1.32732E+02  6.98200E-04  6.98200E-04  0.00000E+00             60.CO 27.  35   5
 7 6  1.54800E+00  7.44749E-04  7.44749E-04  0.00000E+00             60.CO 27.  36   6
 7 8  2.12852E+02  4.39205E-05  4.39205E-05  0.00000E+00             60.CO 27.  37   8
 5 1  8.45922E-03  2.48791E-01  7.23433E-01  0.00000E+00             60.CO 27.  38   1
 5 2  2.31541E-01  6.06326E-01  1.54973E+00  0.00000E+00             60.CO 27.  39   2
 1 1  7.68000E-03  8.26280E-01  8.26280E-01  0.00000E+00             60.CO 27.  40   1
 6 1  2.04186E-06  8.17977E-01  8.17977E-01  1.00000E+00             60.CO 27.  41   1
 6 5  1.97320E-07  8.25274E-01  8.25274E-01  1.00000E+00             60.CO 27.  42   5
 6 6  1.70941E-09  8.25395E-01  8.25395E-01  1.00000E+00             60.CO 27.  43   6
 6 7  1.18730E-09  8.25413E-01  8.25413E-01  1.00000E+00             60.CO 27.  44   7
 1 2  2.40000E-01  1.33250E+00  1.33250E+00  0.00000E+00             60.CO 27.  45   2
 6 1  2.72533E-05  1.32420E+00  1.32420E+00  2.00000E+00             60.CO 27.  46   1
 6 5  2.61395E-06  1.33149E+00  1.33149E+00  2.00000E+00             60.CO 27.  47   5
 6 6  2.11843E-08  1.33162E+00  1.33162E+00  2.00000E+00             60.CO 27.  48   6
 6 7  2.55168E-08  1.33163E+00  1.33163E+00  2.00000E+00             60.CO 27.  49   7
 1 3  7.20000E-04  2.15877E+00  2.15877E+00  0.00000E+00             60.CO 27.  50   3
 6 1  3.22020E-08  2.15047E+00  2.15047E+00  3.00000E+00             60.CO 27.  51   1
 6 5  3.10728E-09  2.15776E+00  2.15776E+00  3.00000E+00             60.CO 27.  52   5
 6 6  1.43699E-11  2.15789E+00  2.15789E+00  3.00000E+00             60.CO 27.  53   6
 6 7  2.15759E-11  2.15790E+00  2.15790E+00  3.00000E+00             60.CO 27.  54   7
 2 1  3.55036E-06  7.41782E-03  7.41782E-03  0.00000E+00             60.CO 27.  55   1
 2 2  6.93353E-06  7.43578E-03  7.43578E-03  0.00000E+00             60.CO 27.  56   2
 2 3  4.34191E-07  8.22229E-03  8.22229E-03  0.00000E+00             60.CO 27.  57   3
 2 4  8.51369E-07  8.22459E-03  8.22459E-03  0.00000E+00             60.CO 27.  58   4
 2 5  3.72193E-10  8.28784E-03  8.28784E-03  0.00000E+00             60.CO 27.  59   5
 2 6  5.40942E-10  8.28815E-03  8.28815E-03  0.00000E+00             60.CO 27.  60   6
 221  2.09449E-10  1.21520E-04  1.21520E-04  0.00000E+00             60.CO 27.  61  21
 222  9.08405E-10  1.39480E-04  1.39480E-04  0.00000E+00             60.CO 27.  62  22
 223  6.16373E-09  9.26018E-04  9.26018E-04  0.00000E+00             60.CO 27.  63  23
 224  9.43563E-09  9.28291E-04  9.28291E-04  0.00000E+00             60.CO 27.  64  24
 225  2.21630E-11  9.91580E-04  9.91580E-04  0.00000E+00             60.CO 27.  65  25
 226  2.90510E-11  9.91840E-04  9.91840E-04  0.00000E+00             60.CO 27.  66  26
 241  5.57893E-15  1.79600E-05  1.79600E-05  0.00000E+00             60.CO 27.  67  41
 242  6.47601E-08  7.66341E-04  7.66341E-04  0.00000E+00             60.CO 27.  68  42
 243  1.98116E-10  8.06771E-04  8.06771E-04  0.00000E+00             60.CO 27.  69  43
 244  4.43970E-08  8.70064E-04  8.70064E-04  0.00000E+00             60.CO 27.  70  44
 245  1.53916E-09  8.76890E-04  8.76890E-04  0.00000E+00             60.CO 27.  71  45
 261  1.22394E-07  7.48381E-04  7.48381E-04  0.00000E+00             60.CO 27.  72  61
 262  2.02194E-10  7.86540E-04  7.86540E-04  0.00000E+00             60.CO 27.  73  62
 263  1.96314E-10  7.88810E-04  7.88810E-04  0.00000E+00             60.CO 27.  74  63
 264  7.54512E-09  8.52098E-04  8.52098E-04  0.00000E+00             60.CO 27.  75  64
 265  8.21376E-08  8.52360E-04  8.52360E-04  0.00000E+00             60.CO 27.  76  65
 266  2.81138E-09  8.58930E-04  8.58930E-04  0.00000E+00             60.CO 27.  77  66
 291  8.78726E-10  5.95464E-05  5.95464E-05  0.00000E+00             60.CO 27.  78  91
 294  1.66983E-04  1.45030E-05  1.45030E-05  0.00000E+00             60.CO 27.  79  94
 7 1  1.38618E-05  6.49788E-03  6.49788E-03  0.00000E+00             60.CO 27.  80   1
 7 2  3.46649E-06  7.31362E-03  7.31362E-03  0.00000E+00             60.CO 27.  81   2
 7 3  2.28647E-07  8.13349E-03  8.13349E-03  0.00000E+00             60.CO 27.  82   3
 7 4  8.14520E-06  7.87872E-05  7.87872E-05  0.00000E+00             60.CO 27.  83   4
 7 5  4.37543E-05  7.72593E-04  7.72593E-04  0.00000E+00             60.CO 27.  84   5
 7 6  4.41942E-07  8.18386E-04  8.18386E-04  0.00000E+00             60.CO 27.  85   6
 7 8  6.48930E-05  4.79802E-05  4.79802E-05  0.00000E+00             60.CO 27.  86   8
%%%%  60 CO  27 M  IT B-        6.28020E+02 10.467 M   02-11-2005       SEEIEND 
 


   ***************************************************** 
   *                 Radiation Summary                 * 
   ***************************************************** 
 
  Energy released by
    Gamma-ray                       (MeV) =   4.48284E-03
    X-ray                           (MeV) =   2.13478E-03
    Free-bound X-ray                (MeV) =   7.07347E-05
    Annihilation photon             (MeV) =   0.00000E+00
    Beta+ particle                  (MeV) =   0.00000E+00
    Neutrino                        (MeV) =   0.00000E+00
    Beta- particle                  (MeV) =   1.42494E-03
    Neutrino-                       (MeV) =   2.22451E-03
    Internal conv. electron         (MeV) =   5.07581E-02
    Auger and CK electron           (MeV) =   4.29327E-03
    Alpha particle                  (MeV) =   0.00000E+00
    Recoil nucleus                  (MeV) =   0.00000E+00
  E-total (except unplaced radiat.) (MeV) =   6.53892E-02
  E-unplaced radiation              (MeV) =   0.00000E+00
  Q-value from ENSDF data           (MeV) =   6.53797E-02
  Ratio of E-total/Q-value          ( % ) =   1.00014E+02
  Ratio of E-unplaced radi./Q-value ( % ) =   0.00000E+00

 
  Total yield of
    Gamma-ray                             =   2.30604E-02
    X-ray                                 =   3.14553E-01
    Free-bound X-ray                      =   5.22410E+00
    Annihilation photon                   =   0.00000E+00
    Beta+ particle                        =   0.00000E+00
    Beta- particle                        =   2.40000E-03
    Internal conv. electron               =   9.77024E-01
    Auger and CK electron                 =   4.24708E+00
    Alpha particle                        =   0.00000E+00
  Yield of unplaced radiation             =   0.00000E+00


