%%%% 128 CS  55    EC B+        2.18400E+02 3.640 M    02-11-2005       BALASTAR
1 128   CS  55 3.640 M         EC B+      
1INTENSITY AND ENERGY BALANCE DATA

              128-CESIUM-55
+                                    HALFLIFE = 3.64 MINUTES 
+                                                                  02-11-2005


    LEVEL       INTENSITY   INTENSITY
    ENERGY      ENTERING    LEAVING     PERCENT
    (MEV)       LEVEL       LEVEL       ERROR

   0.0000E+00  9.9985E+01
   4.4291E-01  2.7183E+01  2.7142E+01  1.5109E-01                      
   9.6948E-01  3.0415E+00  3.0619E+00  6.7156E-01                      
   1.0331E+00  6.7355E-02  7.2778E-02  7.7402E+00                      
   1.4296E+00  6.2110E-02  6.2075E-02  5.6138E-02                      
   1.5830E+00  1.5234E+00  1.5228E+00  3.9563E-02                      
   1.8773E+00  1.2904E-02  1.2874E-02  2.3045E-01                      
   1.9996E+00  2.6558E-01  2.6654E-01  3.6113E-01                      
   2.1271E+00  1.2163E-01  1.2257E-01  7.6347E-01                      
   2.2529E+00  1.6635E-02  1.6632E-02  1.5386E-02                      
   2.2729E+00  1.3546E-01  1.3523E-01  1.6966E-01                      
   2.3618E+00  9.9028E-02  9.8674E-02  3.5828E-01                      
   2.4211E+00  4.7323E-02  4.7188E-02  2.8694E-01                      
   2.4307E+00  6.1387E-02  6.1414E-02  4.3113E-02                      
   2.4439E+00  5.4305E-03  5.3638E-03  1.2373E+00                      
   2.4825E+00  8.7365E-02  8.7161E-02  2.3367E-01                      
   2.5107E+00  4.9154E-02  4.9365E-02  4.2879E-01                      
   2.5214E+00  1.5043E-02  1.5015E-02  1.9031E-01                      
   2.5507E+00  2.9063E-03  2.9490E-03  1.4581E+00                      
   2.5648E+00  3.2061E-03  3.2170E-03  3.3763E-01                      
   2.5916E+00  6.3090E-02  6.2745E-02  5.4887E-01                      
   2.5986E+00  2.9639E-01  2.9601E-01  1.2910E-01                      
   2.6330E+00  9.8028E-02  9.7606E-02  4.3124E-01                      
   2.7185E+00  1.8805E-02  1.8767E-02  2.0600E-01                      
   2.7262E+00  4.0011E-03  4.0215E-03  5.0649E-01                      
   2.8070E+00  1.4004E-02  1.4209E-02  1.4527E+00                      
   2.8233E+00  1.1003E-03  1.0991E-03  1.0999E-01                      
   2.8376E+00  4.2012E-02  4.2201E-02  4.4972E-01                      
   2.8595E+00  3.9011E-02  3.9085E-02  1.8998E-01                      
   2.8767E+00  2.1006E-04  2.1445E-04  2.0663E+00                      
   2.9378E+00  3.2009E-03  3.1899E-03  3.4556E-01                      
   3.0603E+00  4.1012E-03  4.1286E-03  6.6613E-01                      
   3.0996E+00  3.9011E-03  3.9140E-03  3.3020E-01                      
   3.1049E+00  1.9005E-03  1.8764E-03  1.2794E+00                      
   3.1105E+00  1.0203E-02  1.0222E-02  1.8864E-01                      
   3.4067E+00  4.0011E-04  4.0207E-04  4.8814E-01                      


 INTENSITY TO GROUND AND ISOMERIC STATE(S) OF DAUGHTER(S)=  9.998E+01
 TOTAL INTENSITY FROM PARENT=  1.000E+02
 PERCENT ERROR =  1.530E-02                      


 TOTAL INTENSITY FROM PARENT =  1.000E+02
 VALUE IS WITHIN   7.63E-06% OF 100                      


 TOTAL ENERGY AVAILABLE =  3.929E+00 MEV
 TOTAL ENERGY CONTENT OF ALL RADIATIONS =  3.929E+00 MEV
 PERCENT ERROR =  1.657E-03                      
%%%% 128 CS  55    EC B+        2.18400E+02 3.640 M    02-11-2005       BALAEND 
%%%% 128 CS  55    EC B+        2.18400E+02 3.640 M    02-11-2005       INPUSTAR
1                                      **INPUT DATA**
              128-CESIUM-55
+                                    HALFLIFE = 3.64 MINUTES 
+                                                                  02-11-2005

            MODES OF DECAY: ELECTRON CAPTURE, BETA PLUS
 
                                MEAN
                                NUMBER/    TRANSITION
                TYPE OF    ID   TRANSFOR-  ENERGY
              TRANSITION   NO.  MATION     (MEV)       OTHER NUCLEAR PARAMETERS

           ELECT. CAPTURE   1   4.00E-06   5.224E-01   ALLOWED                                  
+                                                              ASSUMED                          
           ELECT. CAPTURE   2   1.02E-04   8.185E-01   ALLOWED                                  
+                                                              ASSUMED                          
           ELECT. CAPTURE   3   1.90E-05   8.241E-01   ALLOWED                                  
+                                                              ASSUMED                          
           ELECT. CAPTURE   4   3.90E-05   8.294E-01   ALLOWED                                  
+                                                              ASSUMED                          
           ELECT. CAPTURE   5   4.10E-05   8.687E-01   ALLOWED                                  
+                                                              ASSUMED                          
           ELECT. CAPTURE   6   3.20E-05   9.912E-01   ALLOWED                                  
+                                                              ASSUMED                          
           ELECT. CAPTURE   7   2.10E-06   1.052E+00   ALLOWED                                  
+                                                              ASSUMED                          
           ELECT. CAPTURE   8   3.90E-04   1.069E+00   ALLOWED                                  
+                                                              ASSUMED                          
           ELECT. CAPTURE   9   4.20E-04   1.091E+00   ALLOWED                                  
           ELECT. CAPTURE  10   1.10E-05   1.106E+00   ALLOWED                                  
+                                                              ASSUMED                          
           ELECT. CAPTURE  11   1.40E-04   1.122E+00   ALLOWED                                  
+                                                              ASSUMED                          
           ELECT. CAPTURE  12   4.00E-05   1.203E+00   ALLOWED                                  
+                                                              ASSUMED                          
           ELECT. CAPTURE  13   1.88E-04   1.211E+00   ALLOWED                                  
+                                                              ASSUMED                          
           ELECT. CAPTURE  14   9.80E-04   1.296E+00   ALLOWED                                  
           ELECT. CAPTURE  15   2.96E-03   1.330E+00   ALLOWED                                  
           ELECT. CAPTURE  16   6.30E-04   1.337E+00   ALLOWED                                  
           ELECT. CAPTURE  17   3.20E-05   1.364E+00   ALLOWED                                  
+                                                              ASSUMED                          
           ELECT. CAPTURE  18   2.90E-05   1.378E+00   ALLOWED                                  
+                                                              ASSUMED                          
           ELECT. CAPTURE  19   1.50E-04   1.408E+00   ALLOWED                                  
+                                                              ASSUMED                          
           ELECT. CAPTURE  20   4.90E-04   1.418E+00   ALLOWED                                  
           ELECT. CAPTURE  21   8.70E-04   1.446E+00   ALLOWED                                  
+                                                              ASSUMED                          
           ELECT. CAPTURE  22   5.40E-05   1.485E+00   ALLOWED                                  
+                                                              ASSUMED                          
           ELECT. CAPTURE  23   6.10E-04   1.498E+00   ALLOWED                                  
           ELECT. CAPTURE  24   4.70E-04   1.508E+00   ALLOWED                                  
+                                                              ASSUMED                          
           ELECT. CAPTURE  25   9.80E-04   1.567E+00   ALLOWED                                  
           ELECT. CAPTURE  26   1.33E-03   1.656E+00   ALLOWED                                  
           ELECT. CAPTURE  27   1.63E-04   1.676E+00   ALLOWED                                  
+                                                              ASSUMED                          
           ELECT. CAPTURE  28   1.17E-03   1.802E+00   ALLOWED                                  
           ELECT. CAPTURE  29   2.49E-03   1.929E+00   ALLOWED                                  
           ELECT. CAPTURE  30   1.17E-04   2.052E+00   ALLOWED                                  
           ELECT. CAPTURE  31   1.23E-02   2.346E+00   ALLOWED                                  
           ELECT. CAPTURE  32   1.90E-04   2.499E+00   SECOND FORBIDDEN                         
           ELECT. CAPTURE  33   1.11E-02   2.960E+00   ALLOWED                                  
           ELECT. CAPTURE  34   8.40E-02   3.486E+00   ALLOWED                                  
           ELECT. CAPTURE  35   1.89E-01   3.929E+00   ALLOWED                                  
                BETA PLUS   1   3.10E-06   3.084E-01*  ALLOWED                                  
                BETA PLUS   2   7.20E-07   3.154E-01*  ALLOWED                                  
                BETA PLUS   3   5.20E-08   3.422E-01*  ALLOWED                                  
+                                                              ASSUMED                          
                BETA PLUS   4   5.50E-08   3.563E-01*  ALLOWED                                  
+                                                              ASSUMED                          
                BETA PLUS   5   3.90E-07   3.856E-01*  ALLOWED                                  
+                                                              ASSUMED                          
                BETA PLUS   6   1.40E-06   3.963E-01*  ALLOWED                                  
                BETA PLUS   7   3.40E-06   4.245E-01*  ALLOWED                                  
+                                                              ASSUMED                          
                BETA PLUS   8   2.90E-07   4.631E-01*  ALLOWED                                  
+                                                              ASSUMED                          
                BETA PLUS   9   3.70E-06   4.763E-01*  ALLOWED                                  
                BETA PLUS  10   3.10E-06   4.859E-01*  ALLOWED                                  
+                                                              ASSUMED                          
                BETA PLUS  11   1.00E-05   5.452E-01*  ALLOWED                                  
                BETA PLUS  12   2.42E-05   6.341E-01*  ALLOWED                                  
                BETA PLUS  13   3.30E-06   6.541E-01*  ALLOWED                                  
+                                                              ASSUMED                          
                BETA PLUS  14   4.60E-05   7.799E-01*  ALLOWED                                  
                BETA PLUS  15   1.65E-04   9.074E-01*  ALLOWED                                  
                BETA PLUS  16   1.20E-05   1.030E+00*  ALLOWED                                  
                BETA PLUS  17   2.93E-03   1.324E+00*  ALLOWED                                  
                BETA PLUS  18   6.60E-05   1.477E+00*  SECOND FORBIDDEN                         
                BETA PLUS  19   8.90E-03   1.938E+00*  ALLOWED                                  
                BETA PLUS  20   1.44E-01   2.464E+00*  ALLOWED                                  
                BETA PLUS  21   5.32E-01   2.907E+00*  ALLOWED                                  
           I.C.E. + GAMMA   1   2.71E-01   4.429E-01   E2 MULTIPOLE                             
+                                                                    AK= 0.0107                 
                                                       AL1=0.00120                              
           I.C.E. + GAMMA   2   3.25E-04   4.601E-01   M1+E2 MULTIPOLE                          
                                                       MRS=60.8      AK= 0.00965                
                                                       AL1=0.00109                              
           I.C.E. + GAMMA   3   2.43E-02   5.266E-01   M1+E2 MULTIPOLE                          
                                                       MRS=36.0      AK= 0.00669                
           I.C.E. + GAMMA   4   7.28E-04   5.902E-01   E2 MULTIPOLE                             
+                                                                    AK= 0.00491                
           I.C.E. + GAMMA   5   3.53E-03   6.135E-01   E2 MULTIPOLE                             
+                                                                    AK= 0.00444                
           I.C.E. + GAMMA   6   5.36E-05   8.970E-01   UNPLACED GAMMA                           
           I.C.E. + GAMMA   7   3.49E-04   9.665E-01   E2 MULTIPOLE                             
+                                                                    AK= 0.00151                
           I.C.E. + GAMMA   8   6.31E-03   9.695E-01   E2 MULTIPOLE                             
+                                                                    AK= 0.00150                
           I.C.E. + GAMMA   9   2.95E-04   9.866E-01   M1 MULTIPOLE                             
+                                                                    AK= 0.00196                
           I.C.E. + GAMMA  10   5.36E-05   1.001E+00   UNPLACED GAMMA                           
           I.C.E. + GAMMA  11   2.17E-03   1.030E+00   M1+E2 MULTIPOLE                          
                                                       MRS=11.6      AK= 0.00135                
           I.C.E. + GAMMA  12   1.61E-04   1.081E+00   M1 MULTIPOLE                             
+                                                                    AK= 0.00159                
           I.C.E. + GAMMA  13   3.22E-05   1.118E+00   UNPLACED GAMMA                           
           I.C.E. + GAMMA  14   1.17E-02   1.140E+00   E2 MULTIPOLE                             
+                                                                    AK= 0.00106                
           I.C.E. + GAMMA  15   7.25E-05   1.158E+00   M1 MULTIPOLE                             
+                                                                    AK= 0.00136                
           I.C.E. + GAMMA  16   9.66E-05   1.162E+00   E2 MULTIPOLE                             
+                                                                    AK= 0.00102                
           I.C.E. + GAMMA  17   7.25E-05   1.204E+00   M1 MULTIPOLE                             
+                                                                    AK= 0.00125                
           I.C.E. + GAMMA  18   1.21E-04   1.240E+00   E2 MULTIPOLE                             
           I.C.E. + GAMMA  19   9.66E-05   1.283E+00   M1 MULTIPOLE ASSUMED                     
                                                       AK= 0.00108                              
           I.C.E. + GAMMA  20   1.17E-03   1.303E+00   M1 MULTIPOLE                             
+                                                                    AK= 0.00105                
           I.C.E. + GAMMA  21   8.04E-05   1.376E+00   UNPLACED GAMMA                           
           I.C.E. + GAMMA  22   1.37E-04   1.392E+00   M1 MULTIPOLE                             
           I.C.E. + GAMMA  23   3.49E-05   1.409E+00   M1 MULTIPOLE                             
           I.C.E. + GAMMA  24   1.29E-04   1.434E+00   E2 MULTIPOLE                             
           I.C.E. + GAMMA  25   2.90E-04   1.461E+00   M1 MULTIPOLE                             
           I.C.E. + GAMMA  26   4.83E-05   1.474E+00   E2 MULTIPOLE ASSUMED                     
           I.C.E. + GAMMA  27   8.85E-05   1.478E+00   E2 MULTIPOLE                             
           I.C.E. + GAMMA  28   1.34E-05   1.489E+00   E2 MULTIPOLE ASSUMED                     
           I.C.E. + GAMMA  29   5.23E-04   1.513E+00   M1 MULTIPOLE ASSUMED                     
           I.C.E. + GAMMA  30   1.34E-05   1.515E+00   UNPLACED GAMMA                           
           I.C.E. + GAMMA  31   1.77E-04   1.541E+00   M1 MULTIPOLE                             
           I.C.E. + GAMMA  32   1.61E-05   1.552E+00   E2 MULTIPOLE ASSUMED                     
           I.C.E. + GAMMA  33   1.34E-04   1.557E+00   M1 MULTIPOLE                             
           I.C.E. + GAMMA  34   4.56E-05   1.600E+00   E2 MULTIPOLE                             
           I.C.E. + GAMMA  35   1.35E-03   1.629E+00   E2 MULTIPOLE                             
           I.C.E. + GAMMA  36   2.44E-04   1.663E+00   M1 MULTIPOLE                             
           I.C.E. + GAMMA  37   4.29E-05   1.679E+00   UNPLACED GAMMA                           
           I.C.E. + GAMMA  38   1.15E-03   1.684E+00   M1+E2 MULTIPOLE                          
                                                       MRS=0.00640                              
           I.C.E. + GAMMA  39   3.22E-05   1.749E+00   E2 MULTIPOLE ASSUMED                     
           I.C.E. + GAMMA  40   8.04E-06   1.756E+00   E2 MULTIPOLE ASSUMED                     
           I.C.E. + GAMMA  41   1.34E-05   1.796E+00   UNPLACED GAMMA                           
           I.C.E. + GAMMA  42   5.63E-05   1.804E+00   E2 MULTIPOLE                             
           I.C.E. + GAMMA  43   6.97E-05   1.810E+00   M1 MULTIPOLE ASSUMED                     
           I.C.E. + GAMMA  44   6.44E-05   1.830E+00   M1 MULTIPOLE                             
           I.C.E. + GAMMA  45   3.49E-05   1.838E+00   E2 MULTIPOLE ASSUMED                     
           I.C.E. + GAMMA  46   2.14E-05   1.859E+00   UNPLACED GAMMA                           
           I.C.E. + GAMMA  47   6.44E-05   1.868E+00   M1 MULTIPOLE                             
           I.C.E. + GAMMA  48   3.78E-04   1.919E+00   M1 MULTIPOLE                             
           I.C.E. + GAMMA  49   4.72E-04   1.978E+00   E2 MULTIPOLE ASSUMED                     
           I.C.E. + GAMMA  50   2.65E-04   1.988E+00   M1 MULTIPOLE                             
           I.C.E. + GAMMA  51   8.04E-06   2.000E+00   E2 MULTIPOLE                             
           I.C.E. + GAMMA  52   5.36E-06   2.001E+00   E2 MULTIPOLE ASSUMED                     
           I.C.E. + GAMMA  53   3.19E-04   2.040E+00   M1 MULTIPOLE ASSUMED                     
           I.C.E. + GAMMA  54   8.04E-06   2.063E+00   UNPLACED GAMMA                           
           I.C.E. + GAMMA  55   3.49E-05   2.068E+00   M1 MULTIPOLE                             
           I.C.E. + GAMMA  56   1.21E-04   2.078E+00   E2 MULTIPOLE ASSUMED                     
           I.C.E. + GAMMA  57   2.68E-05   2.091E+00   E2 MULTIPOLE ASSUMED                     
           I.C.E. + GAMMA  58   2.14E-05   2.108E+00   E2 MULTIPOLE ASSUMED                     
           I.C.E. + GAMMA  59   1.07E-05   2.122E+00   E2 MULTIPOLE ASSUMED                     
           I.C.E. + GAMMA  60   2.14E-05   2.130E+00   E2 MULTIPOLE ASSUMED                     
           I.C.E. + GAMMA  61   6.97E-05   2.141E+00   E2 MULTIPOLE ASSUMED                     
           I.C.E. + GAMMA  62   4.75E-04   2.149E+00   M1 MULTIPOLE                             
           I.C.E. + GAMMA  63   1.61E-03   2.156E+00   E2 MULTIPOLE                             
           I.C.E. + GAMMA  64   5.52E-04   2.190E+00   M1 MULTIPOLE                             
           I.C.E. + GAMMA  65   2.68E-05   2.232E+00   UNPLACED GAMMA                           
           I.C.E. + GAMMA  66   1.34E-05   2.255E+00   UNPLACED GAMMA                           
           I.C.E. + GAMMA  67   1.47E-04   2.276E+00   E2 MULTIPOLE ASSUMED                     
           I.C.E. + GAMMA  68   3.22E-05   2.283E+00   E2 MULTIPOLE ASSUMED                     
           I.C.E. + GAMMA  69   8.04E-06   2.315E+00   UNPLACED GAMMA                           
           I.C.E. + GAMMA  70   5.36E-06   2.327E+00   UNPLACED GAMMA                           
           I.C.E. + GAMMA  71   1.07E-05   2.348E+00   UNPLACED GAMMA                           
           I.C.E. + GAMMA  72   4.72E-04   2.362E+00   M1 MULTIPOLE                             
           I.C.E. + GAMMA  73   1.07E-04   2.364E+00   E2 MULTIPOLE ASSUMED                     
           I.C.E. + GAMMA  74   8.04E-06   2.381E+00   E2 MULTIPOLE ASSUMED                     
           I.C.E. + GAMMA  75   2.14E-04   2.395E+00   M1 MULTIPOLE                             
           I.C.E. + GAMMA  76   3.35E-04   2.417E+00   E2 MULTIPOLE ASSUMED                     
           I.C.E. + GAMMA  77   5.90E-05   2.431E+00   M1 MULTIPOLE                             
           I.C.E. + GAMMA  78   1.07E-05   2.467E+00   UNPLACED GAMMA                           
           I.C.E. + GAMMA  79   2.95E-05   2.483E+00   E2 MULTIPOLE ASSUMED                     
           I.C.E. + GAMMA  80   2.41E-06   2.494E+00   E2 MULTIPOLE ASSUMED                     
           I.C.E. + GAMMA  81   3.22E-05   2.511E+00   E2 MULTIPOLE                             
           I.C.E. + GAMMA  82   8.04E-06   2.550E+00   E2 MULTIPOLE ASSUMED                     
           I.C.E. + GAMMA  83   2.14E-05   2.565E+00   E2 MULTIPOLE ASSUMED                     
           I.C.E. + GAMMA  84   5.63E-05   2.592E+00   M1 MULTIPOLE                             
           I.C.E. + GAMMA  85   1.34E-05   2.617E+00   E2 MULTIPOLE ASSUMED                     
           I.C.E. + GAMMA  86   6.17E-05   2.633E+00   E2 MULTIPOLE                             
           I.C.E. + GAMMA  87   1.61E-05   2.657E+00   E2 MULTIPOLE ASSUMED                     
           I.C.E. + GAMMA  88   5.36E-06   2.662E+00   E2 MULTIPOLE ASSUMED                     
           I.C.E. + GAMMA  89   3.22E-05   2.668E+00   E2 MULTIPOLE ASSUMED                     
           I.C.E. + GAMMA  90   1.88E-06   2.684E+00   UNPLACED GAMMA                           
           I.C.E. + GAMMA  91   8.04E-06   2.719E+00   E2 MULTIPOLE ASSUMED                     
           I.C.E. + GAMMA  92   8.04E-06   2.724E+00   UNPLACED GAMMA                           
           I.C.E. + GAMMA  93   2.14E-05   2.747E+00   UNPLACED GAMMA                           
           I.C.E. + GAMMA  94   4.29E-06   2.797E+00   UNPLACED GAMMA                           
           I.C.E. + GAMMA  95   3.48E-06   2.815E+00   UNPLACED GAMMA                           
           I.C.E. + GAMMA  96   2.95E-06   2.823E+00   E2 MULTIPOLE ASSUMED                     
           I.C.E. + GAMMA  97   5.20E-05   2.838E+00   E2 MULTIPOLE                             
           I.C.E. + GAMMA  98   5.58E-05   2.859E+00   E2 MULTIPOLE ASSUMED                     
           I.C.E. + GAMMA  99   2.14E-06   2.877E+00   E2 MULTIPOLE ASSUMED                     
           I.C.E. + GAMMA 100   8.04E-07   2.893E+00   UNPLACED GAMMA                           
           I.C.E. + GAMMA 101   2.95E-05   2.938E+00   E2 MULTIPOLE ASSUMED                     
           I.C.E. + GAMMA 102   1.88E-06   2.964E+00   E2 MULTIPOLE ASSUMED                     
           I.C.E. + GAMMA 103   1.07E-06   3.062E+00   E2 MULTIPOLE ASSUMED                     
           I.C.E. + GAMMA 104   1.61E-06   3.099E+00   E2 MULTIPOLE ASSUMED                     
           I.C.E. + GAMMA 105   1.34E-05   3.105E+00   E2 MULTIPOLE ASSUMED                     
           I.C.E. + GAMMA 106   3.48E-07   3.110E+00   E2 MULTIPOLE ASSUMED                     
           I.C.E. + GAMMA 107   2.14E-07   3.125E+00   UNPLACED GAMMA                           
           I.C.E. + GAMMA 108   2.41E-06   3.167E+00   UNPLACED GAMMA                           
           I.C.E. + GAMMA 109   1.88E-07   3.204E+00   UNPLACED GAMMA                           
           I.C.E. + GAMMA 110   2.14E-06   3.407E+00   E2 MULTIPOLE ASSUMED                     
           I.C.E. + GAMMA 111   8.04E-07   3.493E+00   UNPLACED GAMMA                           
 
           * ENDPOINT ENERGY (MEV)
           - - - - - - - - - -
           Reference: Evaluated Nuclear Structure Data File (ENSDF)
                DATE DATA WERE ENTERED INTO ENSDF: Dec-2001
%%%% 128 CS  55    EC B+        2.18400E+02 3.640 M    02-11-2005       INPUEND 
%%%% 128 CS  55    EC B+        2.18400E+02 3.640 M    02-11-2005       OUTPSTAR
1                                      **OUTPUT DATA**
              128-CESIUM-55
+                                    HALFLIFE = 3.64 MINUTES 
+                                                                  02-11-2005

            MODES OF DECAY: ELECTRON CAPTURE, BETA PLUS
 
                                              MEAN
                                              NUMBER/                  MEV/
                                         ID   TRANSFOR-   ENERGY       TRANSFOR-
                  TYPE OF RADIATION      NO.  MATION      (MEV)        MATION

           BETA PLUS                     17   2.93E-03    5.942E-01*   1.74E-03
           BETA PLUS                     19   8.90E-03    8.701E-01*   7.75E-03
           BETA PLUS                     20   1.44E-01    1.111E+00*   1.60E-01
           BETA PLUS                     21   5.32E-01    1.316E+00*   7.00E-01
           ANNIHILATION RADIATION             1.38E+00    5.110E-01    7.04E-01
           GAMMA-RAY                      1   2.68E-01    4.429E-01    1.19E-01
           K CONV. ELECTRON, GAMMA-RAY    1   2.87E-03    4.083E-01    1.17E-03
           GAMMA-RAY                      3   2.41E-02    5.266E-01    1.27E-02
           GAMMA-RAY                      5   3.51E-03    6.135E-01    2.15E-03
           GAMMA-RAY                      8   6.30E-03    9.695E-01    6.11E-03
           GAMMA-RAY                     11   2.17E-03    1.030E+00    2.24E-03
           GAMMA-RAY                     14   1.17E-02    1.140E+00    1.33E-02
           GAMMA-RAY                     20   1.17E-03    1.303E+00    1.52E-03
           GAMMA-RAY                     35   1.35E-03    1.629E+00    2.20E-03
           GAMMA-RAY                     38   1.15E-03    1.684E+00    1.94E-03
           GAMMA-RAY                     49   4.72E-04    1.978E+00    9.33E-04
           GAMMA-RAY                     62   4.74E-04    2.149E+00    1.02E-03
           GAMMA-RAY                     63   1.61E-03    2.156E+00    3.47E-03
           GAMMA-RAY                     64   5.52E-04    2.190E+00    1.21E-03
           GAMMA-RAY                     72   4.72E-04    2.362E+00    1.11E-03
           K -L2 X-RAY                        6.90E-02    2.945E-02    2.03E-03
           K -L3 X-RAY                        1.28E-01    2.978E-02    3.80E-03
 
           ALL LISTED X-RAYS, GAMMA-RAYS AND ANNIHILATION RADIATION    8.78E-01
           ALL NEGLECTED X-RAYS, GAMMA-RAYS AND ANNIH. RADIATION**     1.37E-02
           ALL LISTED BETAS, INTERNAL CONVERSION AND AUGER ELECTRONS   8.71E-01
           ALL NEGLECTED BETAS, INT. CONVERSION AND AUGER ELECTRONS**  2.56E-03
           ALL LISTED RADIATIONS                                       1.75E+00
           ALL NEGLECTED RADIATIONS**                                  1.62E-02
 
           *  AVERAGE ENERGY (MEV)
           ** EACH NEGLECTED TRANSITION CONTRIBUTES LESS THAN  0.100%
              TO THE TOTAL MEV/TRANSFORMATION FOR THIS CATEGORY.
           TOTAL FEEDING OF GROUND STATE LEVEL IN 128-XENON
             DAUGHTER IS 1.0000E+00 PER TRANSFORMATION OF 128-CESIUM.
             THIS DAUGHTER GROUND STATE IS STABLE.
           - - - - - - - - - -
           INPUT DATA SOURCE: EVALUATED NUCLEAR STRUCTURE DATA FILE (ENSDF)
             DATE INPUT DATA WERE ENTERED INTO ENSDF: Dec-2001
%%%% 128 CS  55    EC B+        2.18400E+02 3.640 M    02-11-2005       OUTPEND 
%%%% 128 CS  55    EC B+        2.18400E+02 3.640 M    02-11-2005       BETASTAR
1
              128-CESIUM-55
+                                    HALFLIFE = 3.64 MINUTES 
+                                                                  02-11-2005

            BETA SPECTRUM DATA FOR ALL DECAY BRANCHES

                      BETAS PER                BETAS PER                BETAS PER
            ENERGY    MEV            ENERGY    MEV            ENERGY    MEV
            (MEV)     PER DECAY      (MEV)     PER DECAY      (MEV)     PER DECAY

            0.00000   0.000E+00      0.00300   3.370E-07      0.10000   3.191E-02
            0.00010   0.000E+00      0.00320   5.068E-07      0.11000   3.756E-02
            0.00011   0.000E+00      0.00360   1.015E-06      0.12000   4.337E-02
            0.00012   0.000E+00      0.00400   1.803E-06      0.13000   4.931E-02
            0.00013   0.000E+00      0.00450   3.276E-06      0.14000   5.536E-02
            0.00014   0.000E+00      0.00500   5.403E-06      0.15000   6.148E-02
            0.00015   0.000E+00      0.00550   8.297E-06      0.16000   6.766E-02
            0.00016   0.000E+00      0.00600   1.206E-05      0.18000   8.014E-02
            0.00018   0.000E+00      0.00650   1.681E-05      0.20000   9.269E-02
            0.00020   0.000E+00      0.00700   2.262E-05      0.22000   1.052E-01
            0.00022   0.000E+00      0.00750   2.961E-05      0.24000   1.177E-01
            0.00024   0.000E+00      0.00800   3.784E-05      0.26000   1.302E-01
            0.00026   0.000E+00      0.00850   4.742E-05      0.28000   1.424E-01
            0.00028   0.000E+00      0.00900   5.841E-05      0.30000   1.546E-01
            0.00030   0.000E+00      0.01000   8.495E-05      0.32000   1.666E-01
            0.00032   0.000E+00      0.01100   1.180E-04      0.36000   1.900E-01
            0.00036   0.000E+00      0.01200   1.581E-04      0.40000   2.126E-01
            0.00040   7.960E-26      0.01300   2.057E-04      0.45000   2.396E-01
            0.00045   1.093E-23      0.01400   2.611E-04      0.50000   2.651E-01
            0.00050   7.612E-22      0.01500   3.248E-04      0.55000   2.889E-01
            0.00055   2.923E-20      0.01600   3.969E-04      0.60000   3.111E-01
            0.00060   6.711E-19      0.01800   5.674E-04      0.65000   3.314E-01
            0.00065   9.957E-18      0.02000   7.742E-04      0.70000   3.500E-01
            0.00070   1.023E-16      0.02200   1.018E-03      0.75000   3.667E-01
            0.00075   7.723E-16      0.02400   1.300E-03      0.80000   3.815E-01
            0.00080   4.507E-15      0.02600   1.618E-03      0.85000   3.944E-01
            0.00085   2.119E-14      0.02800   1.975E-03      0.90000   4.054E-01
            0.00090   8.308E-14      0.03000   2.368E-03      1.00000   4.215E-01
            0.00100   8.245E-13      0.03200   2.797E-03      1.10000   4.299E-01
            0.00110   5.224E-12      0.03600   3.760E-03      1.20000   4.309E-01
            0.00120   2.374E-11      0.04000   4.855E-03      1.30000   4.247E-01
            0.00130   8.390E-11      0.04500   6.399E-03      1.40000   4.119E-01
            0.00140   2.443E-10      0.05000   8.120E-03      1.50000   3.928E-01
            0.00150   6.111E-10      0.05500   1.000E-02      1.60000   3.679E-01
            0.00160   1.354E-09      0.06000   1.203E-02      1.80000   3.044E-01
            0.00180   5.039E-09      0.06500   1.418E-02      2.00000   2.297E-01
            0.00200   1.432E-08      0.07000   1.645E-02      2.20000   1.527E-01
            0.00220   3.361E-08      0.07500   1.883E-02      2.40000   8.446E-02
            0.00240   6.856E-08      0.08000   2.130E-02      2.60000   3.496E-02
            0.00260   1.258E-07      0.08500   2.385E-02      2.80000   4.798E-03
            0.00280   2.127E-07      0.09000   2.647E-02      2.90700   0.000E+00

            AVERAGE BETA ENERGY =   1.264E+00

            TOTAL BETAS PER DECAY FOR ALL BRANCHES =   6.884E-01
%%%% 128 CS  55    EC B+        2.18400E+02 3.640 M    02-11-2005       BETAEND 
%%%% 128 CS  55    EC B+        2.18400E+02 3.640 M    02-11-2005       SEEISTAR
128.  CESIUM       55.  3.640E+00 MINUTES  711 EC B+                128.CS 55.   0
 4 1  3.10088E-04  1.48185E-01  3.08420E-01  0.00000E+00            128.CS 55.   1   1
 4 2  7.20205E-05  1.51288E-01  3.15430E-01  0.00000E+00            128.CS 55.   2   2
 4 3  5.20148E-06  1.63118E-01  3.42220E-01  0.00000E+00            128.CS 55.   3   3
 4 4  5.50156E-06  1.69333E-01  3.56330E-01  0.00000E+00            128.CS 55.   4   4
 4 5  3.90111E-05  1.82209E-01  3.85630E-01  0.00000E+00            128.CS 55.   5   5
 4 6  1.40040E-04  1.86886E-01  3.96290E-01  0.00000E+00            128.CS 55.   6   6
 4 7  3.40097E-04  1.99192E-01  4.24490E-01  0.00000E+00            128.CS 55.   7   7
 4 8  2.90082E-05  2.16063E-01  4.63080E-01  0.00000E+00            128.CS 55.   8   8
 4 9  3.70105E-04  2.21840E-01  4.76310E-01  0.00000E+00            128.CS 55.   9   9
 410  3.10088E-04  2.26036E-01  4.85920E-01  0.00000E+00            128.CS 55.  10  10
 411  1.00028E-03  2.51891E-01  5.45200E-01  0.00000E+00            128.CS 55.  11  11
 412  2.42069E-03  2.90663E-01  6.34150E-01  0.00000E+00            128.CS 55.  12  12
 413  3.30094E-04  2.99361E-01  6.54100E-01  0.00000E+00            128.CS 55.  13  13
 414  4.60131E-03  3.54287E-01  7.79940E-01  0.00000E+00            128.CS 55.  14  14
 415  1.65047E-02  4.10073E-01  9.07355E-01  0.00000E+00            128.CS 55.  15  15
 416  1.20034E-03  4.63841E-01  1.02968E+00  0.00000E+00            128.CS 55.  16  16
 417  2.93083E-01  5.94172E-01  1.32402E+00  0.00000E+00            128.CS 55.  17  17
 418  6.60188E-03  6.81883E-01  1.47744E+00  1.00000E+00            128.CS 55.  18  18
 419  8.90253E-01  8.70089E-01  1.93753E+00  0.00000E+00            128.CS 55.  19  19
 420  1.44041E+01  1.11091E+00  2.46409E+00  0.00000E+00            128.CS 55.  20  20
 421  5.32151E+01  1.31581E+00  2.90700E+00  0.00000E+00            128.CS 55.  21  21
 3 3  1.37674E+02  5.11000E-01  5.11000E-01  0.00000E+00            128.CS 55.  22   3
 1 1  2.68000E+01  4.42901E-01  4.42901E-01  0.00000E+00            128.CS 55.  23   1
 6 1  2.87084E-01  4.08345E-01  4.08345E-01  1.00000E+00            128.CS 55.  24   1
 6 5  3.21460E-02  4.37484E-01  4.37484E-01  1.00000E+00            128.CS 55.  25   5
 6 6  6.49989E-03  4.37797E-01  4.37797E-01  1.00000E+00            128.CS 55.  26   6
 6 7  4.73747E-03  4.38126E-01  4.38126E-01  1.00000E+00            128.CS 55.  27   7
 6 3  8.94335E-03  4.41974E-01  4.41974E-01  1.00000E+00            128.CS 55.  28   3
 6 4  2.20855E-03  4.42901E-01  4.42901E-01  1.00000E+00            128.CS 55.  29   4
 1 2  3.21600E-02  4.60100E-01  4.60100E-01  0.00000E+00            128.CS 55.  30   2
 6 1  3.10479E-04  4.25544E-01  4.25544E-01  2.00000E+00            128.CS 55.  31   1
 6 5  3.49043E-05  4.54683E-01  4.54683E-01  2.00000E+00            128.CS 55.  32   5
 6 6  6.61020E-06  4.54996E-01  4.54996E-01  2.00000E+00            128.CS 55.  33   6
 6 7  4.75042E-06  4.55325E-01  4.55325E-01  2.00000E+00            128.CS 55.  34   7
 6 3  9.52891E-06  4.59173E-01  4.59173E-01  2.00000E+00            128.CS 55.  35   3
 6 4  2.35595E-06  4.60100E-01  4.60100E-01  2.00000E+00            128.CS 55.  36   4
 1 3  2.41200E+00  5.26557E-01  5.26557E-01  0.00000E+00            128.CS 55.  37   3
 6 1  1.61423E-02  4.92001E-01  4.92001E-01  3.00000E+00            128.CS 55.  38   1
 6 5  1.83120E-03  5.21140E-01  5.21140E-01  3.00000E+00            128.CS 55.  39   5
 6 6  2.87383E-04  5.21453E-01  5.21453E-01  3.00000E+00            128.CS 55.  40   6
 6 7  1.98576E-04  5.21782E-01  5.21782E-01  3.00000E+00            128.CS 55.  41   7
 6 3  4.75767E-04  5.25630E-01  5.25630E-01  3.00000E+00            128.CS 55.  42   3
 6 4  1.18048E-04  5.26557E-01  5.26557E-01  3.00000E+00            128.CS 55.  43   4
 1 4  7.23600E-02  5.90240E-01  5.90240E-01  0.00000E+00            128.CS 55.  44   4
 6 1  3.55310E-04  5.55684E-01  5.55684E-01  4.00000E+00            128.CS 55.  45   1
 6 5  4.04658E-05  5.84823E-01  5.84823E-01  4.00000E+00            128.CS 55.  46   5
 6 6  5.60939E-06  5.85136E-01  5.85136E-01  4.00000E+00            128.CS 55.  47   6
 6 7  3.79708E-06  5.85465E-01  5.85465E-01  4.00000E+00            128.CS 55.  48   7
 6 3  1.02189E-05  5.89313E-01  5.89313E-01  4.00000E+00            128.CS 55.  49   3
 6 4  2.54137E-06  5.90240E-01  5.90240E-01  4.00000E+00            128.CS 55.  50   4
 1 5  3.51080E-01  6.13493E-01  6.13493E-01  0.00000E+00            128.CS 55.  51   5
 6 1  1.56054E-03  5.78937E-01  5.78937E-01  5.00000E+00            128.CS 55.  52   1
 6 5  1.78047E-04  6.08076E-01  6.08076E-01  5.00000E+00            128.CS 55.  53   5
 6 6  2.34430E-05  6.08389E-01  6.08389E-01  5.00000E+00            128.CS 55.  54   6
 6 7  1.57389E-05  6.08718E-01  6.08718E-01  5.00000E+00            128.CS 55.  55   7
 6 3  4.44753E-05  6.12566E-01  6.12566E-01  5.00000E+00            128.CS 55.  56   3
 6 4  1.10718E-05  6.13493E-01  6.13493E-01  5.00000E+00            128.CS 55.  57   4
 1 6  5.36000E-03  8.97000E-01  8.97000E-01  0.00000E+00            128.CS 55.  58   6
 1 7  3.48400E-02  9.66480E-01  9.66480E-01  0.00000E+00            128.CS 55.  59   7
 6 1  5.25542E-05  9.31924E-01  9.31924E-01  7.00000E+00            128.CS 55.  60   1
 6 5  6.07810E-06  9.61063E-01  9.61063E-01  7.00000E+00            128.CS 55.  61   5
 6 6  4.35710E-07  9.61376E-01  9.61376E-01  7.00000E+00            128.CS 55.  62   6
 6 7  2.78606E-07  9.61705E-01  9.61705E-01  7.00000E+00            128.CS 55.  63   7
 6 3  1.38500E-06  9.65553E-01  9.65553E-01  7.00000E+00            128.CS 55.  64   3
 6 4  3.49388E-07  9.66480E-01  9.66480E-01  7.00000E+00            128.CS 55.  65   4
 1 8  6.29800E-01  9.69458E-01  9.69458E-01  0.00000E+00            128.CS 55.  66   8
 6 1  9.43610E-04  9.34902E-01  9.34902E-01  8.00000E+00            128.CS 55.  67   1
 6 5  1.09138E-04  9.64041E-01  9.64041E-01  8.00000E+00            128.CS 55.  68   5
 6 6  7.79168E-06  9.64354E-01  9.64354E-01  8.00000E+00            128.CS 55.  69   6
 6 7  4.98228E-06  9.64683E-01  9.64683E-01  8.00000E+00            128.CS 55.  70   7
 6 3  2.48580E-05  9.68531E-01  9.68531E-01  8.00000E+00            128.CS 55.  71   3
 6 4  6.27155E-06  9.69458E-01  9.69458E-01  8.00000E+00            128.CS 55.  72   4
 1 9  2.94800E-02  9.86640E-01  9.86640E-01  0.00000E+00            128.CS 55.  73   9
 6 1  5.77553E-05  9.52084E-01  9.52084E-01  9.00000E+00            128.CS 55.  74   1
 6 5  6.84145E-06  9.81223E-01  9.81223E-01  9.00000E+00            128.CS 55.  75   5
 6 6  2.20817E-07  9.81536E-01  9.81536E-01  9.00000E+00            128.CS 55.  76   6
 6 7  6.99998E-08  9.81865E-01  9.81865E-01  9.00000E+00            128.CS 55.  77   7
 6 3  1.44459E-06  9.85713E-01  9.85713E-01  9.00000E+00            128.CS 55.  78   3
 6 4  3.64677E-07  9.86640E-01  9.86640E-01  9.00000E+00            128.CS 55.  79   4
 110  5.36000E-03  1.00100E+00  1.00100E+00  0.00000E+00            128.CS 55.  80  10
 111  2.17080E-01  1.03017E+00  1.03017E+00  0.00000E+00            128.CS 55.  81  11
 6 1  2.92979E-04  9.95614E-01  9.95614E-01  1.10000E+01            128.CS 55.  82   1
 6 5  3.39950E-05  1.02475E+00  1.02475E+00  1.10000E+01            128.CS 55.  83   5
 6 6  2.11484E-06  1.02507E+00  1.02507E+00  1.10000E+01            128.CS 55.  84   6
 6 7  1.31739E-06  1.02540E+00  1.02540E+00  1.10000E+01            128.CS 55.  85   7
 6 3  7.62499E-06  1.02924E+00  1.02924E+00  1.10000E+01            128.CS 55.  86   3
 6 4  1.88828E-06  1.03017E+00  1.03017E+00  1.10000E+01            128.CS 55.  87   4
 112  1.60800E-02  1.08111E+00  1.08111E+00  0.00000E+00            128.CS 55.  88  12
 6 1  2.55812E-05  1.04655E+00  1.04655E+00  1.20000E+01            128.CS 55.  89   1
 6 5  3.02677E-06  1.07569E+00  1.07569E+00  1.20000E+01            128.CS 55.  90   5
 6 6  9.29703E-08  1.07601E+00  1.07601E+00  1.20000E+01            128.CS 55.  91   6
 6 7  3.08123E-08  1.07634E+00  1.07634E+00  1.20000E+01            128.CS 55.  92   7
 6 3  6.38533E-07  1.08018E+00  1.08018E+00  1.20000E+01            128.CS 55.  93   3
 6 4  1.60069E-07  1.08111E+00  1.08111E+00  1.20000E+01            128.CS 55.  94   4
 113  3.21600E-03  1.11800E+00  1.11800E+00  0.00000E+00            128.CS 55.  95  13
 114  1.16848E+00  1.14008E+00  1.14008E+00  0.00000E+00            128.CS 55.  96  14
 6 1  1.24029E-03  1.10552E+00  1.10552E+00  1.40000E+01            128.CS 55.  97   1
 6 5  1.43437E-04  1.13466E+00  1.13466E+00  1.40000E+01            128.CS 55.  98   5
 6 6  8.27330E-06  1.13498E+00  1.13498E+00  1.40000E+01            128.CS 55.  99   6
 6 7  5.32117E-06  1.13530E+00  1.13530E+00  1.40000E+01            128.CS 55. 100   7
 6 3  3.19969E-05  1.13915E+00  1.13915E+00  1.40000E+01            128.CS 55. 101   3
 6 4  7.87257E-06  1.14008E+00  1.14008E+00  1.40000E+01            128.CS 55. 102   4
 115  7.23600E-03  1.15754E+00  1.15754E+00  0.00000E+00            128.CS 55. 103  15
 6 1  9.86554E-06  1.12298E+00  1.12298E+00  1.50000E+01            128.CS 55. 104   1
 6 5  1.16663E-06  1.15212E+00  1.15212E+00  1.50000E+01            128.CS 55. 105   5
 6 6  3.45040E-08  1.15244E+00  1.15244E+00  1.50000E+01            128.CS 55. 106   6
 6 7  1.18538E-08  1.15277E+00  1.15277E+00  1.50000E+01            128.CS 55. 107   7
 6 3  2.45913E-07  1.15661E+00  1.15661E+00  1.50000E+01            128.CS 55. 108   3
 6 4  6.15248E-08  1.15754E+00  1.15754E+00  1.50000E+01            128.CS 55. 109   4
 116  9.64800E-03  1.16202E+00  1.16202E+00  0.00000E+00            128.CS 55. 110  16
 6 1  9.84636E-06  1.12746E+00  1.12746E+00  1.60000E+01            128.CS 55. 111   1
 6 5  1.13863E-06  1.15660E+00  1.15660E+00  1.60000E+01            128.CS 55. 112   5
 6 6  6.40659E-08  1.15692E+00  1.15692E+00  1.60000E+01            128.CS 55. 113   6
 6 7  4.12597E-08  1.15725E+00  1.15725E+00  1.60000E+01            128.CS 55. 114   7
 6 3  2.53443E-07  1.16109E+00  1.16109E+00  1.60000E+01            128.CS 55. 115   3
 6 4  6.22936E-08  1.16202E+00  1.16202E+00  1.60000E+01            128.CS 55. 116   4
 117  7.23600E-03  1.20350E+00  1.20350E+00  0.00000E+00            128.CS 55. 117  17
 6 1  9.03974E-06  1.16894E+00  1.16894E+00  1.70000E+01            128.CS 55. 118   1
 6 5  1.06869E-06  1.19808E+00  1.19808E+00  1.70000E+01            128.CS 55. 119   5
 6 6  3.09239E-08  1.19840E+00  1.19840E+00  1.70000E+01            128.CS 55. 120   6
 6 7  1.08550E-08  1.19873E+00  1.19873E+00  1.70000E+01            128.CS 55. 121   7
 6 3  2.25146E-07  1.20257E+00  1.20257E+00  1.70000E+01            128.CS 55. 122   3
 6 4  5.62693E-08  1.20350E+00  1.20350E+00  1.70000E+01            128.CS 55. 123   4
 118  1.20600E-02  1.23975E+00  1.23975E+00  0.00000E+00            128.CS 55. 124  18
 6 1  1.07883E-05  1.20519E+00  1.20519E+00  1.80000E+01            128.CS 55. 125   1
 6 5  1.24744E-06  1.23433E+00  1.23433E+00  1.80000E+01            128.CS 55. 126   5
 6 6  6.45505E-08  1.23465E+00  1.23465E+00  1.80000E+01            128.CS 55. 127   6
 6 7  4.17942E-08  1.23498E+00  1.23498E+00  1.80000E+01            128.CS 55. 128   7
 6 3  2.75702E-07  1.23882E+00  1.23882E+00  1.80000E+01            128.CS 55. 129   3
 6 4  6.75154E-08  1.23975E+00  1.23975E+00  1.80000E+01            128.CS 55. 130   4
 119  9.64800E-03  1.28341E+00  1.28341E+00  0.00000E+00            128.CS 55. 131  19
 6 1  1.04424E-05  1.24885E+00  1.24885E+00  1.90000E+01            128.CS 55. 132   1
 6 5  1.23407E-06  1.27799E+00  1.27799E+00  1.90000E+01            128.CS 55. 133   5
 6 6  3.44269E-08  1.27831E+00  1.27831E+00  1.90000E+01            128.CS 55. 134   6
 6 7  1.25426E-08  1.27864E+00  1.27864E+00  1.90000E+01            128.CS 55. 135   7
 6 3  2.59708E-07  1.28248E+00  1.28248E+00  1.90000E+01            128.CS 55. 136   3
 6 4  6.48028E-08  1.28341E+00  1.28341E+00  1.90000E+01            128.CS 55. 137   4
 120  1.16580E-01  1.30336E+00  1.30336E+00  0.00000E+00            128.CS 55. 138  20
 6 1  1.21931E-04  1.26880E+00  1.26880E+00  2.00000E+01            128.CS 55. 139   1
 6 5  1.44086E-05  1.29794E+00  1.29794E+00  2.00000E+01            128.CS 55. 140   5
 6 6  3.98413E-07  1.29825E+00  1.29825E+00  2.00000E+01            128.CS 55. 141   6
 6 7  1.46498E-07  1.29858E+00  1.29858E+00  2.00000E+01            128.CS 55. 142   7
 6 3  3.03140E-06  1.30243E+00  1.30243E+00  2.00000E+01            128.CS 55. 143   3
 6 4  7.56130E-07  1.30336E+00  1.30336E+00  2.00000E+01            128.CS 55. 144   4
 121  8.04000E-03  1.37630E+00  1.37630E+00  0.00000E+00            128.CS 55. 145  21
 122  1.36680E-02  1.39231E+00  1.39231E+00  0.00000E+00            128.CS 55. 146  22
 6 1  1.23556E-05  1.35775E+00  1.35775E+00  2.20000E+01            128.CS 55. 147   1
 6 5  1.45963E-06  1.38689E+00  1.38689E+00  2.20000E+01            128.CS 55. 148   5
 6 6  3.88439E-08  1.38721E+00  1.38721E+00  2.20000E+01            128.CS 55. 149   6
 6 7  1.48787E-08  1.38754E+00  1.38754E+00  2.20000E+01            128.CS 55. 150   7
 6 3  3.06652E-07  1.39138E+00  1.39138E+00  2.20000E+01            128.CS 55. 151   3
 6 4  7.63863E-08  1.39231E+00  1.39231E+00  2.20000E+01            128.CS 55. 152   4
 123  3.48400E-03  1.40900E+00  1.40900E+00  0.00000E+00            128.CS 55. 153  23
 6 1  3.06807E-06  1.37444E+00  1.37444E+00  2.30000E+01            128.CS 55. 154   1
 6 5  3.62428E-07  1.40358E+00  1.40358E+00  2.30000E+01            128.CS 55. 155   5
 6 6  9.57794E-09  1.40390E+00  1.40390E+00  2.30000E+01            128.CS 55. 156   6
 6 7  3.69673E-09  1.40423E+00  1.40423E+00  2.30000E+01            128.CS 55. 157   7
 6 3  7.61201E-08  1.40807E+00  1.40807E+00  2.30000E+01            128.CS 55. 158   3
 6 4  1.89574E-08  1.40900E+00  1.40900E+00  2.30000E+01            128.CS 55. 159   4
 124  1.28640E-02  1.43440E+00  1.43440E+00  0.00000E+00            128.CS 55. 160  24
 6 1  8.62494E-06  1.39984E+00  1.39984E+00  2.40000E+01            128.CS 55. 161   1
 6 5  9.98764E-07  1.42898E+00  1.42898E+00  2.40000E+01            128.CS 55. 162   5
 6 6  4.29481E-08  1.42930E+00  1.42930E+00  2.40000E+01            128.CS 55. 163   6
 6 7  2.82646E-08  1.42963E+00  1.42963E+00  2.40000E+01            128.CS 55. 164   7
 6 3  2.17581E-07  1.43347E+00  1.43347E+00  2.40000E+01            128.CS 55. 165   3
 6 4  5.27880E-08  1.43440E+00  1.43440E+00  2.40000E+01            128.CS 55. 166   4
 125  2.89440E-02  1.46119E+00  1.46119E+00  0.00000E+00            128.CS 55. 167  25
 6 1  2.35368E-05  1.42663E+00  1.42663E+00  2.50000E+01            128.CS 55. 168   1
 6 5  2.77997E-06  1.45577E+00  1.45577E+00  2.50000E+01            128.CS 55. 169   5
 6 6  7.19107E-08  1.45609E+00  1.45609E+00  2.50000E+01            128.CS 55. 170   6
 6 7  2.84193E-08  1.45642E+00  1.45642E+00  2.50000E+01            128.CS 55. 171   7
 6 3  5.83317E-07  1.46026E+00  1.46026E+00  2.50000E+01            128.CS 55. 172   3
 6 4  1.45190E-07  1.46119E+00  1.46119E+00  2.50000E+01            128.CS 55. 173   4
 126  4.82400E-03  1.47442E+00  1.47442E+00  0.00000E+00            128.CS 55. 174  26
 6 1  3.06665E-06  1.43986E+00  1.43986E+00  2.60000E+01            128.CS 55. 175   1
 6 5  3.55354E-07  1.46900E+00  1.46900E+00  2.60000E+01            128.CS 55. 176   5
 6 6  1.47652E-08  1.46932E+00  1.46932E+00  2.60000E+01            128.CS 55. 177   6
 6 7  9.75256E-09  1.46965E+00  1.46965E+00  2.60000E+01            128.CS 55. 178   7
 6 3  7.72174E-08  1.47349E+00  1.47349E+00  2.60000E+01            128.CS 55. 179   3
 6 4  1.86984E-08  1.47442E+00  1.47442E+00  2.60000E+01            128.CS 55. 180   4
 127  8.84400E-03  1.47766E+00  1.47766E+00  0.00000E+00            128.CS 55. 181  27
 6 1  5.59844E-06  1.44310E+00  1.44310E+00  2.70000E+01            128.CS 55. 182   1
 6 5  6.48770E-07  1.47224E+00  1.47224E+00  2.70000E+01            128.CS 55. 183   5
 6 6  2.68833E-08  1.47256E+00  1.47256E+00  2.70000E+01            128.CS 55. 184   6
 6 7  1.77620E-08  1.47289E+00  1.47289E+00  2.70000E+01            128.CS 55. 185   7
 6 3  1.40947E-07  1.47673E+00  1.47673E+00  2.70000E+01            128.CS 55. 186   3
 6 4  3.41256E-08  1.47766E+00  1.47766E+00  2.70000E+01            128.CS 55. 187   4
 128  1.34000E-03  1.48880E+00  1.48880E+00  0.00000E+00            128.CS 55. 188  28
 6 1  8.36063E-07  1.45424E+00  1.45424E+00  2.80000E+01            128.CS 55. 189   1
 6 5  9.69072E-08  1.48338E+00  1.48338E+00  2.80000E+01            128.CS 55. 190   5
 6 6  3.97830E-09  1.48370E+00  1.48370E+00  2.80000E+01            128.CS 55. 191   6
 6 7  2.63119E-09  1.48403E+00  1.48403E+00  2.80000E+01            128.CS 55. 192   7
 6 3  2.10390E-08  1.48787E+00  1.48787E+00  2.80000E+01            128.CS 55. 193   3
 6 4  5.09118E-09  1.48880E+00  1.48880E+00  2.80000E+01            128.CS 55. 194   4
 129  5.22600E-02  1.51301E+00  1.51301E+00  0.00000E+00            128.CS 55. 195  29
 6 1  3.93887E-05  1.47845E+00  1.47845E+00  2.90000E+01            128.CS 55. 196   1
 6 5  4.65159E-06  1.50759E+00  1.50759E+00  2.90000E+01            128.CS 55. 197   5
 6 6  1.17862E-07  1.50791E+00  1.50791E+00  2.90000E+01            128.CS 55. 198   6
 6 7  4.76771E-08  1.50824E+00  1.50824E+00  2.90000E+01            128.CS 55. 199   7
 6 3  9.75043E-07  1.51208E+00  1.51208E+00  2.90000E+01            128.CS 55. 200   3
 6 4  2.42586E-07  1.51301E+00  1.51301E+00  2.90000E+01            128.CS 55. 201   4
 130  1.34000E-03  1.51450E+00  1.51450E+00  0.00000E+00            128.CS 55. 202  30
 131  1.76880E-02  1.54121E+00  1.54121E+00  0.00000E+00            128.CS 55. 203  31
 6 1  1.28076E-05  1.50665E+00  1.50665E+00  3.10000E+01            128.CS 55. 204   1
 6 5  1.51239E-06  1.53579E+00  1.53579E+00  3.10000E+01            128.CS 55. 205   5
 6 6  3.79009E-08  1.53611E+00  1.53611E+00  3.10000E+01            128.CS 55. 206   6
 6 7  1.55257E-08  1.53644E+00  1.53644E+00  3.10000E+01            128.CS 55. 207   7
 6 3  3.16835E-07  1.54028E+00  1.54028E+00  3.10000E+01            128.CS 55. 208   3
 6 4  7.88124E-08  1.54121E+00  1.54121E+00  3.10000E+01            128.CS 55. 209   4
 132  1.60800E-03  1.55230E+00  1.55230E+00  0.00000E+00            128.CS 55. 210  32
 6 1  9.26114E-07  1.51774E+00  1.51774E+00  3.20000E+01            128.CS 55. 211   1
 6 5  1.07497E-07  1.54688E+00  1.54688E+00  3.20000E+01            128.CS 55. 212   5
 6 6  4.19133E-09  1.54720E+00  1.54720E+00  3.20000E+01            128.CS 55. 213   6
 6 7  2.78846E-09  1.54753E+00  1.54753E+00  3.20000E+01            128.CS 55. 214   7
 6 3  2.32505E-08  1.55137E+00  1.55137E+00  3.20000E+01            128.CS 55. 215   3
 6 4  5.60965E-09  1.55230E+00  1.55230E+00  3.20000E+01            128.CS 55. 216   4
 133  1.34000E-02  1.55671E+00  1.55671E+00  0.00000E+00            128.CS 55. 217  33
 6 1  9.49457E-06  1.52215E+00  1.52215E+00  3.30000E+01            128.CS 55. 218   1
 6 5  1.12113E-06  1.55129E+00  1.55129E+00  3.30000E+01            128.CS 55. 219   5
 6 6  2.79279E-08  1.55161E+00  1.55161E+00  3.30000E+01            128.CS 55. 220   6
 6 7  1.15195E-08  1.55194E+00  1.55194E+00  3.30000E+01            128.CS 55. 221   7
 6 3  2.34790E-07  1.55578E+00  1.55578E+00  3.30000E+01            128.CS 55. 222   3
 6 4  5.83989E-08  1.55671E+00  1.55671E+00  3.30000E+01            128.CS 55. 223   4
 134  4.55600E-03  1.59980E+00  1.59980E+00  0.00000E+00            128.CS 55. 224  34
 6 1  2.47780E-06  1.56524E+00  1.56524E+00  3.40000E+01            128.CS 55. 225   1
 6 5  2.87977E-07  1.59438E+00  1.59438E+00  3.40000E+01            128.CS 55. 226   5
 6 6  1.08218E-08  1.59470E+00  1.59470E+00  3.40000E+01            128.CS 55. 227   6
 6 7  7.23171E-09  1.59503E+00  1.59503E+00  3.40000E+01            128.CS 55. 228   7
 6 3  6.21201E-08  1.59887E+00  1.59887E+00  3.40000E+01            128.CS 55. 229   3
 6 4  1.49549E-08  1.59980E+00  1.59980E+00  3.40000E+01            128.CS 55. 230   4
 135  1.35072E-01  1.62907E+00  1.62907E+00  0.00000E+00            128.CS 55. 231  35
 6 1  7.09810E-05  1.59451E+00  1.59451E+00  3.50000E+01            128.CS 55. 232   1
 6 5  8.25697E-06  1.62365E+00  1.62365E+00  3.50000E+01            128.CS 55. 233   5
 6 6  3.03522E-07  1.62397E+00  1.62397E+00  3.50000E+01            128.CS 55. 234   6
 6 7  2.03386E-07  1.62430E+00  1.62430E+00  3.50000E+01            128.CS 55. 235   7
 6 3  1.77829E-06  1.62814E+00  1.62814E+00  3.50000E+01            128.CS 55. 236   3
 6 4  4.27538E-07  1.62907E+00  1.62907E+00  3.50000E+01            128.CS 55. 237   4
 136  2.43880E-02  1.66349E+00  1.66349E+00  0.00000E+00            128.CS 55. 238  36
 6 1  1.49783E-05  1.62893E+00  1.62893E+00  3.60000E+01            128.CS 55. 239   1
 6 5  1.76811E-06  1.65807E+00  1.65807E+00  3.60000E+01            128.CS 55. 240   5
 6 6  4.23155E-08  1.65839E+00  1.65839E+00  3.60000E+01            128.CS 55. 241   6
 6 7  1.82934E-08  1.65872E+00  1.65872E+00  3.60000E+01            128.CS 55. 242   7
 6 3  3.69383E-07  1.66256E+00  1.66256E+00  3.60000E+01            128.CS 55. 243   3
 6 4  9.18491E-08  1.66349E+00  1.66349E+00  3.60000E+01            128.CS 55. 244   4
 137  4.28800E-03  1.67850E+00  1.67850E+00  0.00000E+00            128.CS 55. 245  37
 138  1.15240E-01  1.68414E+00  1.68414E+00  0.00000E+00            128.CS 55. 246  38
 6 1  6.88539E-05  1.64958E+00  1.64958E+00  3.80000E+01            128.CS 55. 247   1
 6 5  8.12678E-06  1.67872E+00  1.67872E+00  3.80000E+01            128.CS 55. 248   5
 6 6  1.93528E-07  1.67904E+00  1.67904E+00  3.80000E+01            128.CS 55. 249   6
 6 7  8.47722E-08  1.67937E+00  1.67937E+00  3.80000E+01            128.CS 55. 250   7
 6 3  1.69720E-06  1.68321E+00  1.68321E+00  3.80000E+01            128.CS 55. 251   3
 6 4  4.21939E-07  1.68414E+00  1.68414E+00  3.80000E+01            128.CS 55. 252   4
 139  3.21600E-03  1.74900E+00  1.74900E+00  0.00000E+00            128.CS 55. 253  39
 6 1  1.47896E-06  1.71444E+00  1.71444E+00  3.90000E+01            128.CS 55. 254   1
 6 5  1.72803E-07  1.74358E+00  1.74358E+00  3.90000E+01            128.CS 55. 255   5
 6 6  5.83277E-09  1.74390E+00  1.74390E+00  3.90000E+01            128.CS 55. 256   6
 6 7  3.95240E-09  1.74423E+00  1.74423E+00  3.90000E+01            128.CS 55. 257   7
 6 3  3.69872E-08  1.74807E+00  1.74807E+00  3.90000E+01            128.CS 55. 258   3
 6 4  8.84494E-09  1.74900E+00  1.74900E+00  3.90000E+01            128.CS 55. 259   4
 140  8.04000E-04  1.75600E+00  1.75600E+00  0.00000E+00            128.CS 55. 260  40
 6 1  3.66994E-07  1.72144E+00  1.72144E+00  4.00000E+01            128.CS 55. 261   1
 6 5  4.28925E-08  1.75058E+00  1.75058E+00  4.00000E+01            128.CS 55. 262   5
 6 6  1.44094E-09  1.75090E+00  1.75090E+00  4.00000E+01            128.CS 55. 263   6
 6 7  9.77040E-10  1.75123E+00  1.75123E+00  4.00000E+01            128.CS 55. 264   7
 6 3  9.17768E-09  1.75507E+00  1.75507E+00  4.00000E+01            128.CS 55. 265   3
 6 4  2.19403E-09  1.75600E+00  1.75600E+00  4.00000E+01            128.CS 55. 266   4
 141  1.34000E-03  1.79560E+00  1.79560E+00  0.00000E+00            128.CS 55. 267  41
 142  5.62800E-03  1.80404E+00  1.80404E+00  0.00000E+00            128.CS 55. 268  42
 6 1  2.44305E-06  1.76948E+00  1.76948E+00  4.20000E+01            128.CS 55. 269   1
 6 5  2.86142E-07  1.79862E+00  1.79862E+00  4.20000E+01            128.CS 55. 270   5
 6 6  9.31082E-09  1.79894E+00  1.79894E+00  4.20000E+01            128.CS 55. 271   6
 6 7  6.34118E-09  1.79927E+00  1.79927E+00  4.20000E+01            128.CS 55. 272   7
 6 3  6.10830E-08  1.80311E+00  1.80311E+00  4.20000E+01            128.CS 55. 273   3
 6 4  1.45722E-08  1.80404E+00  1.80404E+00  4.20000E+01            128.CS 55. 274   4
 143  6.96800E-03  1.81000E+00  1.81000E+00  0.00000E+00            128.CS 55. 275  43
 6 1  3.57525E-06  1.77544E+00  1.77544E+00  4.30000E+01            128.CS 55. 276   1
 6 5  4.21833E-07  1.80458E+00  1.80458E+00  4.30000E+01            128.CS 55. 277   5
 6 6  9.58636E-09  1.80490E+00  1.80490E+00  4.30000E+01            128.CS 55. 278   6
 6 7  4.41364E-09  1.80523E+00  1.80523E+00  4.30000E+01            128.CS 55. 279   7
 6 3  8.77936E-08  1.80907E+00  1.80907E+00  4.30000E+01            128.CS 55. 280   3
 6 4  2.18393E-08  1.81000E+00  1.81000E+00  4.30000E+01            128.CS 55. 281   4
 144  6.43200E-03  1.82990E+00  1.82990E+00  0.00000E+00            128.CS 55. 282  44
 6 1  3.22482E-06  1.79534E+00  1.79534E+00  4.40000E+01            128.CS 55. 283   1
 6 5  3.80458E-07  1.82448E+00  1.82448E+00  4.40000E+01            128.CS 55. 284   5
 6 6  8.58777E-09  1.82480E+00  1.82480E+00  4.40000E+01            128.CS 55. 285   6
 6 7  3.98731E-09  1.82513E+00  1.82513E+00  4.40000E+01            128.CS 55. 286   7
 6 3  7.91388E-08  1.82897E+00  1.82897E+00  4.40000E+01            128.CS 55. 287   3
 6 4  1.96888E-08  1.82990E+00  1.82990E+00  4.40000E+01            128.CS 55. 288   4
 145  3.48400E-03  1.83750E+00  1.83750E+00  0.00000E+00            128.CS 55. 289  45
 6 1  1.46165E-06  1.80294E+00  1.80294E+00  4.50000E+01            128.CS 55. 290   1
 6 5  1.71469E-07  1.83208E+00  1.83208E+00  4.50000E+01            128.CS 55. 291   5
 6 6  5.46039E-09  1.83240E+00  1.83240E+00  4.50000E+01            128.CS 55. 292   6
 6 7  3.73017E-09  1.83273E+00  1.83273E+00  4.50000E+01            128.CS 55. 293   7
 6 3  3.65458E-08  1.83657E+00  1.83657E+00  4.50000E+01            128.CS 55. 294   3
 6 4  8.70600E-09  1.83750E+00  1.83750E+00  4.50000E+01            128.CS 55. 295   4
 146  2.14400E-03  1.85890E+00  1.85890E+00  0.00000E+00            128.CS 55. 296  46
 147  6.43200E-03  1.86796E+00  1.86796E+00  0.00000E+00            128.CS 55. 297  47
 6 1  3.09028E-06  1.83340E+00  1.83340E+00  4.70000E+01            128.CS 55. 298   1
 6 5  3.64242E-07  1.86254E+00  1.86254E+00  4.70000E+01            128.CS 55. 299   5
 6 6  8.11731E-09  1.86286E+00  1.86286E+00  4.70000E+01            128.CS 55. 300   6
 6 7  3.82972E-09  1.86319E+00  1.86319E+00  4.70000E+01            128.CS 55. 301   7
 6 3  7.56838E-08  1.86703E+00  1.86703E+00  4.70000E+01            128.CS 55. 302   3
 6 4  1.88345E-08  1.86796E+00  1.86796E+00  4.70000E+01            128.CS 55. 303   4
 148  3.77880E-02  1.91887E+00  1.91887E+00  0.00000E+00            128.CS 55. 304  48
 6 1  1.71593E-05  1.88431E+00  1.88431E+00  4.80000E+01            128.CS 55. 305   1
 6 5  2.02198E-06  1.91345E+00  1.91345E+00  4.80000E+01            128.CS 55. 306   5
 6 6  4.43112E-08  1.91377E+00  1.91377E+00  4.80000E+01            128.CS 55. 307   6
 6 7  2.05373E-08  1.91410E+00  1.91410E+00  4.80000E+01            128.CS 55. 308   7
 6 3  4.19256E-07  1.91794E+00  1.91794E+00  4.80000E+01            128.CS 55. 309   3
 6 4  1.04401E-07  1.91887E+00  1.91887E+00  4.80000E+01            128.CS 55. 310   4
 149  4.71680E-02  1.97815E+00  1.97815E+00  0.00000E+00            128.CS 55. 311  49
 6 1  1.71840E-05  1.94359E+00  1.94359E+00  4.90000E+01            128.CS 55. 312   1
 6 5  2.04173E-06  1.97273E+00  1.97273E+00  4.90000E+01            128.CS 55. 313   5
 6 6  5.97034E-08  1.97305E+00  1.97305E+00  4.90000E+01            128.CS 55. 314   6
 6 7  3.82185E-08  1.97338E+00  1.97338E+00  4.90000E+01            128.CS 55. 315   7
 6 3  4.31587E-07  1.97722E+00  1.97722E+00  4.90000E+01            128.CS 55. 316   3
 6 4  1.02251E-07  1.97815E+00  1.97815E+00  4.90000E+01            128.CS 55. 317   4
 150  2.65320E-02  1.98780E+00  1.98780E+00  0.00000E+00            128.CS 55. 318  50
 6 1  1.11920E-05  1.95324E+00  1.95324E+00  5.00000E+01            128.CS 55. 319   1
 6 5  1.31835E-06  1.98238E+00  1.98238E+00  5.00000E+01            128.CS 55. 320   5
 6 6  2.82585E-08  1.98270E+00  1.98270E+00  5.00000E+01            128.CS 55. 321   6
 6 7  1.33535E-08  1.98303E+00  1.98303E+00  5.00000E+01            128.CS 55. 322   7
 6 3  2.72742E-07  1.98687E+00  1.98687E+00  5.00000E+01            128.CS 55. 323   3
 6 4  6.79728E-08  1.98780E+00  1.98780E+00  5.00000E+01            128.CS 55. 324   4
 151  8.04000E-04  1.99970E+00  1.99970E+00  0.00000E+00            128.CS 55. 325  51
 6 1  2.87130E-07  1.96514E+00  1.96514E+00  5.10000E+01            128.CS 55. 326   1
 6 5  3.41616E-08  1.99428E+00  1.99428E+00  5.10000E+01            128.CS 55. 327   5
 6 6  9.86679E-10  1.99460E+00  1.99460E+00  5.10000E+01            128.CS 55. 328   6
 6 7  6.29810E-10  1.99493E+00  1.99493E+00  5.10000E+01            128.CS 55. 329   7
 6 3  7.21365E-09  1.99877E+00  1.99877E+00  5.10000E+01            128.CS 55. 330   3
 6 4  1.70759E-09  1.99970E+00  1.99970E+00  5.10000E+01            128.CS 55. 331   4
 152  5.36000E-04  2.00110E+00  2.00110E+00  0.00000E+00            128.CS 55. 332  52
 6 1  1.91174E-07  1.96654E+00  1.96654E+00  5.20000E+01            128.CS 55. 333   1
 6 5  2.27471E-08  1.99568E+00  1.99568E+00  5.20000E+01            128.CS 55. 334   5
 6 6  6.56475E-10  1.99600E+00  1.99600E+00  5.20000E+01            128.CS 55. 335   6
 6 7  4.18958E-10  1.99633E+00  1.99633E+00  5.20000E+01            128.CS 55. 336   7
 6 3  4.80301E-09  2.00017E+00  2.00017E+00  5.20000E+01            128.CS 55. 337   3
 6 4  1.13689E-09  2.00110E+00  2.00110E+00  5.20000E+01            128.CS 55. 338   4
 153  3.18920E-02  2.03956E+00  2.03956E+00  0.00000E+00            128.CS 55. 339  53
 6 1  1.27531E-05  2.00500E+00  2.00500E+00  5.30000E+01            128.CS 55. 340   1
 6 5  1.50185E-06  2.03414E+00  2.03414E+00  5.30000E+01            128.CS 55. 341   5
 6 6  3.16737E-08  2.03446E+00  2.03446E+00  5.30000E+01            128.CS 55. 342   6
 6 7  1.51776E-08  2.03479E+00  2.03479E+00  5.30000E+01            128.CS 55. 343   7
 6 3  3.10157E-07  2.03863E+00  2.03863E+00  5.30000E+01            128.CS 55. 344   3
 6 4  7.73539E-08  2.03956E+00  2.03956E+00  5.30000E+01            128.CS 55. 345   4
 154  8.04000E-04  2.06300E+00  2.06300E+00  0.00000E+00            128.CS 55. 346  54
 155  3.48400E-03  2.06770E+00  2.06770E+00  0.00000E+00            128.CS 55. 347  55
 6 1  1.35420E-06  2.03314E+00  2.03314E+00  5.50000E+01            128.CS 55. 348   1
 6 5  1.59453E-07  2.06228E+00  2.06228E+00  5.50000E+01            128.CS 55. 349   5
 6 6  3.33376E-09  2.06260E+00  2.06260E+00  5.50000E+01            128.CS 55. 350   6
 6 7  1.60933E-09  2.06293E+00  2.06293E+00  5.50000E+01            128.CS 55. 351   7
 6 3  3.28972E-08  2.06677E+00  2.06677E+00  5.50000E+01            128.CS 55. 352   3
 6 4  8.20825E-09  2.06770E+00  2.06770E+00  5.50000E+01            128.CS 55. 353   4
 156  1.20600E-02  2.07823E+00  2.07823E+00  0.00000E+00            128.CS 55. 354  56
 6 1  4.01373E-06  2.04367E+00  2.04367E+00  5.60000E+01            128.CS 55. 355   1
 6 5  4.79941E-07  2.07281E+00  2.07281E+00  5.60000E+01            128.CS 55. 356   5
 6 6  1.32720E-08  2.07313E+00  2.07313E+00  5.60000E+01            128.CS 55. 357   6
 6 7  8.37803E-09  2.07346E+00  2.07346E+00  5.60000E+01            128.CS 55. 358   7
 6 3  1.00968E-07  2.07730E+00  2.07730E+00  5.60000E+01            128.CS 55. 359   3
 6 4  2.38280E-08  2.07823E+00  2.07823E+00  5.60000E+01            128.CS 55. 360   4
 157  2.68000E-03  2.09085E+00  2.09085E+00  0.00000E+00            128.CS 55. 361  57
 6 1  8.82151E-07  2.05629E+00  2.05629E+00  5.70000E+01            128.CS 55. 362   1
 6 5  1.05570E-07  2.08543E+00  2.08543E+00  5.70000E+01            128.CS 55. 363   5
 6 6  2.89963E-09  2.08575E+00  2.08575E+00  5.70000E+01            128.CS 55. 364   6
 6 7  1.82697E-09  2.08608E+00  2.08608E+00  5.70000E+01            128.CS 55. 365   7
 6 3  2.21962E-08  2.08992E+00  2.08992E+00  5.70000E+01            128.CS 55. 366   3
 6 4  5.23570E-09  2.09085E+00  2.09085E+00  5.70000E+01            128.CS 55. 367   4
 158  2.14400E-03  2.10780E+00  2.10780E+00  0.00000E+00            128.CS 55. 368  58
 6 1  6.95426E-07  2.07324E+00  2.07324E+00  5.80000E+01            128.CS 55. 369   1
 6 5  8.33166E-08  2.10238E+00  2.10238E+00  5.80000E+01            128.CS 55. 370   5
 6 6  2.26787E-09  2.10270E+00  2.10270E+00  5.80000E+01            128.CS 55. 371   6
 6 7  1.42524E-09  2.10303E+00  2.10303E+00  5.80000E+01            128.CS 55. 372   7
 6 3  1.75036E-08  2.10687E+00  2.10687E+00  5.80000E+01            128.CS 55. 373   3
 6 4  4.12612E-09  2.10780E+00  2.10780E+00  5.80000E+01            128.CS 55. 374   4
 159  1.07200E-03  2.12180E+00  2.12180E+00  0.00000E+00            128.CS 55. 375  59
 6 1  3.43554E-07  2.08724E+00  2.08724E+00  5.90000E+01            128.CS 55. 376   1
 6 5  4.11980E-08  2.11638E+00  2.11638E+00  5.90000E+01            128.CS 55. 377   5
 6 6  1.11317E-09  2.11670E+00  2.11670E+00  5.90000E+01            128.CS 55. 378   6
 6 7  6.98061E-10  2.11703E+00  2.11703E+00  5.90000E+01            128.CS 55. 379   7
 6 3  8.64945E-09  2.12087E+00  2.12087E+00  5.90000E+01            128.CS 55. 380   3
 6 4  2.03786E-09  2.12180E+00  2.12180E+00  5.90000E+01            128.CS 55. 381   4
 160  2.14400E-03  2.12950E+00  2.12950E+00  0.00000E+00            128.CS 55. 382  60
 6 1  6.82604E-07  2.09494E+00  2.09494E+00  6.00000E+01            128.CS 55. 383   1
 6 5  8.18977E-08  2.12408E+00  2.12408E+00  6.00000E+01            128.CS 55. 384   5
 6 6  2.20398E-09  2.12440E+00  2.12440E+00  6.00000E+01            128.CS 55. 385   6
 6 7  1.38044E-09  2.12473E+00  2.12473E+00  6.00000E+01            128.CS 55. 386   7
 6 3  1.71881E-08  2.12857E+00  2.12857E+00  6.00000E+01            128.CS 55. 387   3
 6 4  4.04845E-09  2.12950E+00  2.12950E+00  6.00000E+01            128.CS 55. 388   4
 161  6.96800E-03  2.14106E+00  2.14106E+00  0.00000E+00            128.CS 55. 389  61
 6 1  2.19678E-06  2.10650E+00  2.10650E+00  6.10000E+01            128.CS 55. 390   1
 6 5  2.63768E-07  2.13564E+00  2.13564E+00  6.10000E+01            128.CS 55. 391   5
 6 6  7.05586E-09  2.13596E+00  2.13596E+00  6.10000E+01            128.CS 55. 392   6
 6 7  4.41135E-09  2.13629E+00  2.13629E+00  6.10000E+01            128.CS 55. 393   7
 6 3  5.53283E-08  2.14013E+00  2.14013E+00  6.10000E+01            128.CS 55. 394   3
 6 4  1.30262E-08  2.14106E+00  2.14106E+00  6.10000E+01            128.CS 55. 395   4
 162  4.74360E-02  2.14864E+00  2.14864E+00  0.00000E+00            128.CS 55. 396  62
 6 1  1.70337E-05  2.11408E+00  2.11408E+00  6.20000E+01            128.CS 55. 397   1
 6 5  2.00485E-06  2.14322E+00  2.14322E+00  6.20000E+01            128.CS 55. 398   5
 6 6  4.09044E-08  2.14354E+00  2.14354E+00  6.20000E+01            128.CS 55. 399   6
 6 7  2.01546E-08  2.14387E+00  2.14387E+00  6.20000E+01            128.CS 55. 400   7
 6 3  4.12421E-07  2.14771E+00  2.14771E+00  6.20000E+01            128.CS 55. 401   3
 6 4  1.03049E-07  2.14864E+00  2.14864E+00  6.20000E+01            128.CS 55. 402   4
 163  1.60800E-01  2.15568E+00  2.15568E+00  0.00000E+00            128.CS 55. 403  63
 6 1  5.00736E-05  2.12112E+00  2.12112E+00  6.30000E+01            128.CS 55. 404   1
 6 5  6.01823E-06  2.15026E+00  2.15026E+00  6.30000E+01            128.CS 55. 405   5
 6 6  1.59781E-07  2.15058E+00  2.15058E+00  6.30000E+01            128.CS 55. 406   6
 6 7  9.96631E-08  2.15091E+00  2.15091E+00  6.30000E+01            128.CS 55. 407   7
 6 3  1.26154E-06  2.15475E+00  2.15475E+00  6.30000E+01            128.CS 55. 408   3
 6 4  2.96849E-07  2.15568E+00  2.15568E+00  6.30000E+01            128.CS 55. 409   4
 164  5.52080E-02  2.19008E+00  2.19008E+00  0.00000E+00            128.CS 55. 410  64
 6 1  1.90620E-05  2.15552E+00  2.15552E+00  6.40000E+01            128.CS 55. 411   1
 6 5  2.24311E-06  2.18466E+00  2.18466E+00  6.40000E+01            128.CS 55. 412   5
 6 6  4.52096E-08  2.18498E+00  2.18498E+00  6.40000E+01            128.CS 55. 413   6
 6 7  2.25013E-08  2.18531E+00  2.18531E+00  6.40000E+01            128.CS 55. 414   7
 6 3  4.60720E-07  2.18915E+00  2.18915E+00  6.40000E+01            128.CS 55. 415   3
 6 4  1.15211E-07  2.19008E+00  2.19008E+00  6.40000E+01            128.CS 55. 416   4
 165  2.68000E-03  2.23240E+00  2.23240E+00  0.00000E+00            128.CS 55. 417  65
 166  1.34000E-03  2.25520E+00  2.25520E+00  0.00000E+00            128.CS 55. 418  66
 167  1.47400E-02  2.27557E+00  2.27557E+00  0.00000E+00            128.CS 55. 419  67
 6 1  4.16362E-06  2.24101E+00  2.24101E+00  6.70000E+01            128.CS 55. 420   1
 6 5  4.52093E-07  2.27015E+00  2.27015E+00  6.70000E+01            128.CS 55. 421   5
 6 6  1.07578E-08  2.27047E+00  2.27047E+00  6.70000E+01            128.CS 55. 422   6
 6 7  7.71713E-09  2.27080E+00  2.27080E+00  6.70000E+01            128.CS 55. 423   7
 6 3  9.54602E-08  2.27464E+00  2.27464E+00  6.70000E+01            128.CS 55. 424   3
 6 4  2.26035E-08  2.27557E+00  2.27557E+00  6.70000E+01            128.CS 55. 425   4
 168  3.21600E-03  2.28330E+00  2.28330E+00  0.00000E+00            128.CS 55. 426  68
 6 1  9.02924E-07  2.24874E+00  2.24874E+00  6.80000E+01            128.CS 55. 427   1
 6 5  9.79637E-08  2.27788E+00  2.27788E+00  6.80000E+01            128.CS 55. 428   5
 6 6  2.32096E-09  2.27820E+00  2.27820E+00  6.80000E+01            128.CS 55. 429   6
 6 7  1.66603E-09  2.27853E+00  2.27853E+00  6.80000E+01            128.CS 55. 430   7
 6 3  2.06817E-08  2.28237E+00  2.28237E+00  6.80000E+01            128.CS 55. 431   3
 6 4  4.89631E-09  2.28330E+00  2.28330E+00  6.80000E+01            128.CS 55. 432   4
 169  8.04000E-04  2.31490E+00  2.31490E+00  0.00000E+00            128.CS 55. 433  69
 170  5.36000E-04  2.32680E+00  2.32680E+00  0.00000E+00            128.CS 55. 434  70
 171  1.07200E-03  2.34840E+00  2.34840E+00  0.00000E+00            128.CS 55. 435  71
 172  4.71680E-02  2.36180E+00  2.36180E+00  0.00000E+00            128.CS 55. 436  72
 6 1  1.39642E-05  2.32724E+00  2.32724E+00  7.20000E+01            128.CS 55. 437   1
 6 5  1.54699E-06  2.35638E+00  2.35638E+00  7.20000E+01            128.CS 55. 438   5
 6 6  3.04659E-08  2.35670E+00  2.35670E+00  7.20000E+01            128.CS 55. 439   6
 6 7  1.63113E-08  2.35703E+00  2.35703E+00  7.20000E+01            128.CS 55. 440   7
 6 3  3.22488E-07  2.36087E+00  2.36087E+00  7.20000E+01            128.CS 55. 441   3
 6 4  7.94106E-08  2.36180E+00  2.36180E+00  7.20000E+01            128.CS 55. 442   4
 173  1.07200E-02  2.36410E+00  2.36410E+00  0.00000E+00            128.CS 55. 443  73
 6 1  2.82856E-06  2.32954E+00  2.32954E+00  7.30000E+01            128.CS 55. 444   1
 6 5  3.04351E-07  2.35868E+00  2.35868E+00  7.30000E+01            128.CS 55. 445   5
 6 6  6.89525E-09  2.35900E+00  2.35900E+00  7.30000E+01            128.CS 55. 446   6
 6 7  4.98278E-09  2.35933E+00  2.35933E+00  7.30000E+01            128.CS 55. 447   7
 6 3  6.41434E-08  2.36317E+00  2.36317E+00  7.30000E+01            128.CS 55. 448   3
 6 4  1.51610E-08  2.36410E+00  2.36410E+00  7.30000E+01            128.CS 55. 449   4
 174  8.04000E-04  2.38080E+00  2.38080E+00  0.00000E+00            128.CS 55. 450  74
 6 1  2.09503E-07  2.34624E+00  2.34624E+00  7.40000E+01            128.CS 55. 451   1
 6 5  2.25034E-08  2.37538E+00  2.37538E+00  7.40000E+01            128.CS 55. 452   5
 6 6  5.05233E-10  2.37570E+00  2.37570E+00  7.40000E+01            128.CS 55. 453   6
 6 7  3.65596E-10  2.37603E+00  2.37603E+00  7.40000E+01            128.CS 55. 454   7
 6 3  4.74110E-09  2.37987E+00  2.37987E+00  7.40000E+01            128.CS 55. 455   3
 6 4  1.12024E-09  2.38080E+00  2.38080E+00  7.40000E+01            128.CS 55. 456   4
 175  2.14400E-02  2.39451E+00  2.39451E+00  0.00000E+00            128.CS 55. 457  75
 6 1  6.17323E-06  2.35995E+00  2.35995E+00  7.50000E+01            128.CS 55. 458   1
 6 5  6.81837E-07  2.38909E+00  2.38909E+00  7.50000E+01            128.CS 55. 459   5
 6 6  1.33237E-08  2.38941E+00  2.38941E+00  7.50000E+01            128.CS 55. 460   6
 6 7  7.19551E-09  2.38974E+00  2.38974E+00  7.50000E+01            128.CS 55. 461   7
 6 3  1.42115E-07  2.39358E+00  2.39358E+00  7.50000E+01            128.CS 55. 462   3
 6 4  3.49842E-08  2.39451E+00  2.39451E+00  7.50000E+01            128.CS 55. 463   4
 176  3.35000E-02  2.41658E+00  2.41658E+00  0.00000E+00            128.CS 55. 464  76
 6 1  8.50122E-06  2.38202E+00  2.38202E+00  7.60000E+01            128.CS 55. 465   1
 6 5  9.09754E-07  2.41116E+00  2.41116E+00  7.60000E+01            128.CS 55. 466   5
 6 6  2.00371E-08  2.41148E+00  2.41148E+00  7.60000E+01            128.CS 55. 467   6
 6 7  1.45409E-08  2.41181E+00  2.41181E+00  7.60000E+01            128.CS 55. 468   7
 6 3  1.91535E-07  2.41565E+00  2.41565E+00  7.60000E+01            128.CS 55. 469   3
 6 4  4.52251E-08  2.41658E+00  2.41658E+00  7.60000E+01            128.CS 55. 470   4
 177  5.89600E-03  2.43070E+00  2.43070E+00  0.00000E+00            128.CS 55. 471  77
 6 1  1.64703E-06  2.39614E+00  2.39614E+00  7.70000E+01            128.CS 55. 472   1
 6 5  1.81307E-07  2.42528E+00  2.42528E+00  7.70000E+01            128.CS 55. 473   5
 6 6  3.51292E-09  2.42560E+00  2.42560E+00  7.70000E+01            128.CS 55. 474   6
 6 7  1.91519E-09  2.42593E+00  2.42593E+00  7.70000E+01            128.CS 55. 475   7
 6 3  3.77836E-08  2.42977E+00  2.42977E+00  7.70000E+01            128.CS 55. 476   3
 6 4  9.29804E-09  2.43070E+00  2.43070E+00  7.70000E+01            128.CS 55. 477   4
 178  1.07200E-03  2.46700E+00  2.46700E+00  0.00000E+00            128.CS 55. 478  78
 179  2.94800E-03  2.48270E+00  2.48270E+00  0.00000E+00            128.CS 55. 479  79
 6 1  7.13247E-07  2.44814E+00  2.44814E+00  7.90000E+01            128.CS 55. 480   1
 6 5  7.58015E-08  2.47728E+00  2.47728E+00  7.90000E+01            128.CS 55. 481   5
 6 6  1.61254E-09  2.47760E+00  2.47760E+00  7.90000E+01            128.CS 55. 482   6
 6 7  1.17631E-09  2.47793E+00  2.47793E+00  7.90000E+01            128.CS 55. 483   7
 6 3  1.59390E-08  2.48177E+00  2.48177E+00  7.90000E+01            128.CS 55. 484   3
 6 4  3.75883E-09  2.48270E+00  2.48270E+00  7.90000E+01            128.CS 55. 485   4
 180  2.41200E-04  2.49400E+00  2.49400E+00  0.00000E+00            128.CS 55. 486  80
 6 1  5.78913E-08  2.45944E+00  2.45944E+00  8.00000E+01            128.CS 55. 487   1
 6 5  6.14519E-09  2.48858E+00  2.48858E+00  8.00000E+01            128.CS 55. 488   5
 6 6  1.29966E-10  2.48890E+00  2.48890E+00  8.00000E+01            128.CS 55. 489   6
 6 7  9.48904E-11  2.48923E+00  2.48923E+00  8.00000E+01            128.CS 55. 490   7
 6 3  1.29190E-09  2.49307E+00  2.49307E+00  8.00000E+01            128.CS 55. 491   3
 6 4  3.04600E-10  2.49400E+00  2.49400E+00  8.00000E+01            128.CS 55. 492   4
 181  3.21600E-03  2.51078E+00  2.51078E+00  0.00000E+00            128.CS 55. 493  81
 6 1  7.62824E-07  2.47622E+00  2.47622E+00  8.10000E+01            128.CS 55. 494   1
 6 5  8.08314E-08  2.50536E+00  2.50536E+00  8.10000E+01            128.CS 55. 495   5
 6 6  1.69484E-09  2.50568E+00  2.50568E+00  8.10000E+01            128.CS 55. 496   6
 6 7  1.23903E-09  2.50601E+00  2.50601E+00  8.10000E+01            128.CS 55. 497   7
 6 3  1.69881E-08  2.50985E+00  2.50985E+00  8.10000E+01            128.CS 55. 498   3
 6 4  4.00415E-09  2.51078E+00  2.51078E+00  8.10000E+01            128.CS 55. 499   4
 182  8.04000E-04  2.55040E+00  2.55040E+00  0.00000E+00            128.CS 55. 500  82
 6 1  1.85531E-07  2.51584E+00  2.51584E+00  8.20000E+01            128.CS 55. 501   1
 6 5  1.95775E-08  2.54498E+00  2.54498E+00  8.20000E+01            128.CS 55. 502   5
 6 6  4.02309E-10  2.54530E+00  2.54530E+00  8.20000E+01            128.CS 55. 503   6
 6 7  2.94999E-10  2.54563E+00  2.54563E+00  8.20000E+01            128.CS 55. 504   7
 6 3  4.11168E-09  2.54947E+00  2.54947E+00  8.20000E+01            128.CS 55. 505   3
 6 4  9.68447E-10  2.55040E+00  2.55040E+00  8.20000E+01            128.CS 55. 506   4
 183  2.14400E-03  2.56476E+00  2.56476E+00  0.00000E+00            128.CS 55. 507  83
 6 1  4.89901E-07  2.53020E+00  2.53020E+00  8.30000E+01            128.CS 55. 508   1
 6 5  5.16166E-08  2.55934E+00  2.55934E+00  8.30000E+01            128.CS 55. 509   5
 6 6  1.05307E-09  2.55966E+00  2.55966E+00  8.30000E+01            128.CS 55. 510   6
 6 7  7.73011E-10  2.55999E+00  2.55999E+00  8.30000E+01            128.CS 55. 511   7
 6 3  1.08379E-08  2.56383E+00  2.56383E+00  8.30000E+01            128.CS 55. 512   3
 6 4  2.55206E-09  2.56476E+00  2.56476E+00  8.30000E+01            128.CS 55. 513   4
 184  5.62800E-03  2.59154E+00  2.59154E+00  0.00000E+00            128.CS 55. 514  84
 6 1  1.38273E-06  2.55698E+00  2.55698E+00  8.40000E+01            128.CS 55. 515   1
 6 5  1.49920E-07  2.58612E+00  2.58612E+00  8.40000E+01            128.CS 55. 516   5
 6 6  2.80124E-09  2.58644E+00  2.58644E+00  8.40000E+01            128.CS 55. 517   6
 6 7  1.59014E-09  2.58677E+00  2.58677E+00  8.40000E+01            128.CS 55. 518   7
 6 3  3.12212E-08  2.59061E+00  2.59061E+00  8.40000E+01            128.CS 55. 519   3
 6 4  7.67231E-09  2.59154E+00  2.59154E+00  8.40000E+01            128.CS 55. 520   4
 185  1.34000E-03  2.61710E+00  2.61710E+00  0.00000E+00            128.CS 55. 521  85
 6 1  2.95555E-07  2.58254E+00  2.58254E+00  8.50000E+01            128.CS 55. 522   1
 6 5  3.09679E-08  2.61168E+00  2.61168E+00  8.50000E+01            128.CS 55. 523   5
 6 6  6.15592E-10  2.61200E+00  2.61200E+00  8.50000E+01            128.CS 55. 524   6
 6 7  4.53639E-10  2.61233E+00  2.61233E+00  8.50000E+01            128.CS 55. 525   7
 6 3  6.49664E-09  2.61617E+00  2.61617E+00  8.50000E+01            128.CS 55. 526   3
 6 4  1.52840E-09  2.61710E+00  2.61710E+00  8.50000E+01            128.CS 55. 527   4
 186  6.16400E-03  2.63294E+00  2.63294E+00  0.00000E+00            128.CS 55. 528  86
 6 1  1.34531E-06  2.59838E+00  2.59838E+00  8.60000E+01            128.CS 55. 529   1
 6 5  1.40723E-07  2.62752E+00  2.62752E+00  8.60000E+01            128.CS 55. 530   5
 6 6  2.77572E-09  2.62784E+00  2.62784E+00  8.60000E+01            128.CS 55. 531   6
 6 7  2.04785E-09  2.62817E+00  2.62817E+00  8.60000E+01            128.CS 55. 532   7
 6 3  2.95142E-08  2.63201E+00  2.63201E+00  8.60000E+01            128.CS 55. 533   3
 6 4  6.94164E-09  2.63294E+00  2.63294E+00  8.60000E+01            128.CS 55. 534   4
 187  1.60800E-03  2.65668E+00  2.65668E+00  0.00000E+00            128.CS 55. 535  87
 6 1  3.45503E-07  2.62212E+00  2.62212E+00  8.70000E+01            128.CS 55. 536   1
 6 5  3.60494E-08  2.65126E+00  2.65126E+00  8.70000E+01            128.CS 55. 537   5
 6 6  7.02902E-10  2.65158E+00  2.65158E+00  8.70000E+01            128.CS 55. 538   6
 6 7  5.19477E-10  2.65191E+00  2.65191E+00  8.70000E+01            128.CS 55. 539   7
 6 3  7.55788E-09  2.65575E+00  2.65575E+00  8.70000E+01            128.CS 55. 540   3
 6 4  1.77687E-09  2.65668E+00  2.65668E+00  8.70000E+01            128.CS 55. 541   4
 188  5.36000E-04  2.66200E+00  2.66200E+00  0.00000E+00            128.CS 55. 542  88
 6 1  1.14767E-07  2.62744E+00  2.62744E+00  8.80000E+01            128.CS 55. 543   1
 6 5  1.19679E-08  2.65658E+00  2.65658E+00  8.80000E+01            128.CS 55. 544   5
 6 6  2.32754E-10  2.65690E+00  2.65690E+00  8.80000E+01            128.CS 55. 545   6
 6 7  1.72082E-10  2.65723E+00  2.65723E+00  8.80000E+01            128.CS 55. 546   7
 6 3  2.50890E-09  2.66107E+00  2.66107E+00  8.80000E+01            128.CS 55. 547   3
 6 4  5.89795E-10  2.66200E+00  2.66200E+00  8.80000E+01            128.CS 55. 548   4
 189  3.21600E-03  2.66752E+00  2.66752E+00  0.00000E+00            128.CS 55. 549  89
 6 1  6.86124E-07  2.63296E+00  2.63296E+00  8.90000E+01            128.CS 55. 550   1
 6 5  7.15069E-08  2.66210E+00  2.66210E+00  8.90000E+01            128.CS 55. 551   5
 6 6  1.38698E-09  2.66242E+00  2.66242E+00  8.90000E+01            128.CS 55. 552   6
 6 7  1.02585E-09  2.66275E+00  2.66275E+00  8.90000E+01            128.CS 55. 553   7
 6 3  1.49891E-08  2.66659E+00  2.66659E+00  8.90000E+01            128.CS 55. 554   3
 6 4  3.52333E-09  2.66752E+00  2.66752E+00  8.90000E+01            128.CS 55. 555   4
 190  1.87600E-04  2.68350E+00  2.68350E+00  0.00000E+00            128.CS 55. 556  90
 191  8.04000E-04  2.71850E+00  2.71850E+00  0.00000E+00            128.CS 55. 557  91
 6 1  1.65982E-07  2.68394E+00  2.68394E+00  9.10000E+01            128.CS 55. 558   1
 6 5  1.72047E-08  2.71308E+00  2.71308E+00  9.10000E+01            128.CS 55. 559   5
 6 6  3.25682E-10  2.71340E+00  2.71340E+00  9.10000E+01            128.CS 55. 560   6
 6 7  2.41762E-10  2.71373E+00  2.71373E+00  9.10000E+01            128.CS 55. 561   7
 6 3  3.60360E-09  2.71757E+00  2.71757E+00  9.10000E+01            128.CS 55. 562   3
 6 4  8.46345E-10  2.71850E+00  2.71850E+00  9.10000E+01            128.CS 55. 563   4
 192  8.04000E-04  2.72390E+00  2.72390E+00  0.00000E+00            128.CS 55. 564  92
 193  2.14400E-03  2.74700E+00  2.74700E+00  0.00000E+00            128.CS 55. 565  93
 194  4.28800E-04  2.79680E+00  2.79680E+00  0.00000E+00            128.CS 55. 566  94
 195  3.48400E-04  2.81480E+00  2.81480E+00  0.00000E+00            128.CS 55. 567  95
 196  2.94800E-04  2.82300E+00  2.82300E+00  0.00000E+00            128.CS 55. 568  96
 6 1  5.70190E-08  2.78844E+00  2.78844E+00  9.60000E+01            128.CS 55. 569   1
 6 5  5.84467E-09  2.81758E+00  2.81758E+00  9.60000E+01            128.CS 55. 570   5
 6 6  1.05399E-10  2.81790E+00  2.81790E+00  9.60000E+01            128.CS 55. 571   6
 6 7  7.88102E-11  2.81823E+00  2.81823E+00  9.60000E+01            128.CS 55. 572   7
 6 3  1.22236E-09  2.82207E+00  2.82207E+00  9.60000E+01            128.CS 55. 573   3
 6 4  2.86606E-10  2.82300E+00  2.82300E+00  9.60000E+01            128.CS 55. 574   4
 197  5.19920E-03  2.83807E+00  2.83807E+00  0.00000E+00            128.CS 55. 575  97
 6 1  9.96432E-07  2.80351E+00  2.80351E+00  9.70000E+01            128.CS 55. 576   1
 6 5  1.01974E-07  2.83265E+00  2.83265E+00  9.70000E+01            128.CS 55. 577   5
 6 6  1.82638E-09  2.83297E+00  2.83297E+00  9.70000E+01            128.CS 55. 578   6
 6 7  1.36704E-09  2.83330E+00  2.83330E+00  9.70000E+01            128.CS 55. 579   7
 6 3  2.13225E-08  2.83714E+00  2.83714E+00  9.70000E+01            128.CS 55. 580   3
 6 4  4.99832E-09  2.83807E+00  2.83807E+00  9.70000E+01            128.CS 55. 581   4
 198  5.57440E-03  2.85947E+00  2.85947E+00  0.00000E+00            128.CS 55. 582  98
 6 1  1.05463E-06  2.82491E+00  2.82491E+00  9.80000E+01            128.CS 55. 583   1
 6 5  1.07683E-07  2.85405E+00  2.85405E+00  9.80000E+01            128.CS 55. 584   5
 6 6  1.91009E-09  2.85437E+00  2.85437E+00  9.80000E+01            128.CS 55. 585   6
 6 7  1.43176E-09  2.85470E+00  2.85470E+00  9.80000E+01            128.CS 55. 586   7
 6 3  2.25097E-08  2.85854E+00  2.85854E+00  9.80000E+01            128.CS 55. 587   3
 6 4  5.27490E-09  2.85947E+00  2.85947E+00  9.80000E+01            128.CS 55. 588   4
 199  2.14400E-04  2.87670E+00  2.87670E+00  0.00000E+00            128.CS 55. 589  99
 6 1  4.01462E-08  2.84214E+00  2.84214E+00  9.90000E+01            128.CS 55. 590   1
 6 5  4.09160E-09  2.87128E+00  2.87128E+00  9.90000E+01            128.CS 55. 591   5
 6 6  7.20182E-11  2.87160E+00  2.87160E+00  9.90000E+01            128.CS 55. 592   6
 6 7  5.40460E-11  2.87193E+00  2.87193E+00  9.90000E+01            128.CS 55. 593   7
 6 3  8.55099E-10  2.87577E+00  2.87577E+00  9.90000E+01            128.CS 55. 594   3
 6 4  2.00330E-10  2.87670E+00  2.87670E+00  9.90000E+01            128.CS 55. 595   4
 1 0  8.04000E-05  2.89300E+00  2.89300E+00  0.00000E+00            128.CS 55. 596 100
 1 1  2.94800E-03  2.93779E+00  2.93779E+00  0.00000E+00            128.CS 55. 597 101
 6 1  5.32489E-07  2.90323E+00  2.90323E+00  1.01000E+02            128.CS 55. 598   1
 6 5  5.39167E-08  2.93237E+00  2.93237E+00  1.01000E+02            128.CS 55. 599   5
 6 6  9.23707E-10  2.93269E+00  2.93269E+00  1.01000E+02            128.CS 55. 600   6
 6 7  6.96003E-10  2.93302E+00  2.93302E+00  1.01000E+02            128.CS 55. 601   7
 6 3  1.12591E-08  2.93686E+00  2.93686E+00  1.01000E+02            128.CS 55. 602   3
 6 4  2.63535E-09  2.93779E+00  2.93779E+00  1.01000E+02            128.CS 55. 603   4
 1 2  1.87600E-04  2.96370E+00  2.96370E+00  0.00000E+00            128.CS 55. 604 102
 6 1  3.33810E-08  2.92914E+00  2.92914E+00  1.02000E+02            128.CS 55. 605   1
 6 5  3.37062E-09  2.95828E+00  2.95828E+00  1.02000E+02            128.CS 55. 606   5
 6 6  5.70974E-11  2.95860E+00  2.95860E+00  1.02000E+02            128.CS 55. 607   6
 6 7  4.30950E-11  2.95893E+00  2.95893E+00  1.02000E+02            128.CS 55. 608   7
 6 3  7.03641E-10  2.96277E+00  2.96277E+00  1.02000E+02            128.CS 55. 609   3
 6 4  1.64634E-10  2.96370E+00  2.96370E+00  1.02000E+02            128.CS 55. 610   4
 1 3  1.07200E-04  3.06190E+00  3.06190E+00  0.00000E+00            128.CS 55. 611 103
 6 1  1.80451E-08  3.02734E+00  3.02734E+00  1.03000E+02            128.CS 55. 612   1
 6 5  1.80309E-09  3.05648E+00  3.05648E+00  1.03000E+02            128.CS 55. 613   5
 6 6  2.92897E-11  3.05680E+00  3.05680E+00  1.03000E+02            128.CS 55. 614   6
 6 7  2.22459E-11  3.05713E+00  3.05713E+00  1.03000E+02            128.CS 55. 615   7
 6 3  3.75967E-10  3.06097E+00  3.06097E+00  1.03000E+02            128.CS 55. 616   3
 6 4  8.78440E-11  3.06190E+00  3.06190E+00  1.03000E+02            128.CS 55. 617   4
 1 4  1.60800E-04  3.09920E+00  3.09920E+00  0.00000E+00            128.CS 55. 618 104
 6 1  2.65175E-08  3.06464E+00  3.06464E+00  1.04000E+02            128.CS 55. 619   1
 6 5  2.63915E-09  3.09378E+00  3.09378E+00  1.04000E+02            128.CS 55. 620   5
 6 6  4.22082E-11  3.09410E+00  3.09410E+00  1.04000E+02            128.CS 55. 621   6
 6 7  3.21325E-11  3.09443E+00  3.09443E+00  1.04000E+02            128.CS 55. 622   7
 6 3  5.50063E-10  3.09827E+00  3.09827E+00  1.04000E+02            128.CS 55. 623   3
 6 4  1.28455E-10  3.09920E+00  3.09920E+00  1.04000E+02            128.CS 55. 624   4
 1 5  1.34000E-03  3.10490E+00  3.10490E+00  0.00000E+00            128.CS 55. 625 105
 6 1  2.20292E-07  3.07034E+00  3.07034E+00  1.05000E+02            128.CS 55. 626   1
 6 5  2.19113E-08  3.09948E+00  3.09948E+00  1.05000E+02            128.CS 55. 627   5
 6 6  3.49602E-10  3.09980E+00  3.09980E+00  1.05000E+02            128.CS 55. 628   6
 6 7  2.66240E-10  3.10013E+00  3.10013E+00  1.05000E+02            128.CS 55. 629   7
 6 3  4.56655E-09  3.10397E+00  3.10397E+00  1.05000E+02            128.CS 55. 630   3
 6 4  1.06633E-09  3.10490E+00  3.10490E+00  1.05000E+02            128.CS 55. 631   4
 1 6  3.48400E-05  3.11000E+00  3.11000E+00  0.00000E+00            128.CS 55. 632 106
 6 1  5.71170E-09  3.07544E+00  3.07544E+00  1.06000E+02            128.CS 55. 633   1
 6 5  5.67804E-10  3.10458E+00  3.10458E+00  1.06000E+02            128.CS 55. 634   5
 6 6  9.04040E-12  3.10490E+00  3.10490E+00  1.06000E+02            128.CS 55. 635   6
 6 7  6.88692E-12  3.10523E+00  3.10523E+00  1.06000E+02            128.CS 55. 636   7
 6 3  1.18330E-10  3.10907E+00  3.10907E+00  1.06000E+02            128.CS 55. 637   3
 6 4  2.76292E-11  3.11000E+00  3.11000E+00  1.06000E+02            128.CS 55. 638   4
 1 7  2.14400E-05  3.12500E+00  3.12500E+00  0.00000E+00            128.CS 55. 639 107
 1 8  2.41200E-04  3.16720E+00  3.16720E+00  0.00000E+00            128.CS 55. 640 108
 1 9  1.87600E-05  3.20400E+00  3.20400E+00  0.00000E+00            128.CS 55. 641 109
 110  2.14400E-04  3.40660E+00  3.40660E+00  0.00000E+00            128.CS 55. 642 110
 6 1  3.01622E-08  3.37204E+00  3.37204E+00  1.10000E+02            128.CS 55. 643   1
 6 5  2.90583E-09  3.40118E+00  3.40118E+00  1.10000E+02            128.CS 55. 644   5
 6 6  4.11504E-11  3.40150E+00  3.40150E+00  1.10000E+02            128.CS 55. 645   6
 6 7  3.19024E-11  3.40183E+00  3.40183E+00  1.10000E+02            128.CS 55. 646   7
 6 3  6.03771E-10  3.40567E+00  3.40567E+00  1.10000E+02            128.CS 55. 647   3
 6 4  1.40442E-10  3.40660E+00  3.40660E+00  1.10000E+02            128.CS 55. 648   4
 111  8.04000E-05  3.49300E+00  3.49300E+00  0.00000E+00            128.CS 55. 649 111
 2 1  6.89819E+00  2.94521E-02  2.94521E-02  0.00000E+00            128.CS 55. 650   1
 2 2  1.27751E+01  2.97812E-02  2.97812E-02  0.00000E+00            128.CS 55. 651   2
 2 3  1.19923E+00  3.35665E-02  3.35665E-02  0.00000E+00            128.CS 55. 652   3
 2 4  2.32495E+00  3.36295E-02  3.36295E-02  0.00000E+00            128.CS 55. 653   4
 2 5  1.18293E-02  3.38651E-02  3.38651E-02  0.00000E+00            128.CS 55. 654   5
 2 6  1.61548E-02  3.38785E-02  3.38785E-02  0.00000E+00            128.CS 55. 655   6
 2 7  2.51436E-01  3.43952E-02  3.43952E-02  0.00000E+00            128.CS 55. 656   7
 2 8  4.90385E-01  3.44080E-02  3.44080E-02  0.00000E+00            128.CS 55. 657   8
 2 9  2.20511E-03  3.44862E-02  3.44862E-02  0.00000E+00            128.CS 55. 658   9
 210  3.00568E-03  3.44882E-02  3.44882E-02  0.00000E+00            128.CS 55. 659  10
 211  2.57685E-02  3.45436E-02  3.45436E-02  0.00000E+00            128.CS 55. 660  11
 212  4.87259E-02  3.45450E-02  3.45450E-02  0.00000E+00            128.CS 55. 661  12
 221  9.59730E-05  3.13000E-04  3.13000E-04  0.00000E+00            128.CS 55. 662  21
 222  1.80593E-03  6.42201E-04  6.42201E-04  0.00000E+00            128.CS 55. 663  22
 223  6.71571E-02  4.42743E-03  4.42743E-03  0.00000E+00            128.CS 55. 664  23
 224  1.05822E-01  4.49034E-03  4.49034E-03  0.00000E+00            128.CS 55. 665  24
 225  1.00056E-03  4.72599E-03  4.72599E-03  0.00000E+00            128.CS 55. 666  25
 226  1.49368E-03  4.73937E-03  4.73937E-03  0.00000E+00            128.CS 55. 667  26
 227  1.44763E-02  5.25621E-03  5.25621E-03  0.00000E+00            128.CS 55. 668  27
 228  2.34075E-02  5.26892E-03  5.26892E-03  0.00000E+00            128.CS 55. 669  28
 229  1.21698E-04  5.34706E-03  5.34706E-03  0.00000E+00            128.CS 55. 670  29
 230  1.84855E-04  5.34913E-03  5.34913E-03  0.00000E+00            128.CS 55. 671  30
 231  1.64543E-03  5.40454E-03  5.40454E-03  0.00000E+00            128.CS 55. 672  31
 232  2.55543E-03  5.40593E-03  5.40593E-03  0.00000E+00            128.CS 55. 673  32
 241  6.51777E-07  3.29200E-04  3.29200E-04  0.00000E+00            128.CS 55. 674  41
 242  3.72893E-02  3.98191E-03  3.98191E-03  0.00000E+00            128.CS 55. 675  42
 243  5.39025E-04  4.17734E-03  4.17734E-03  0.00000E+00            128.CS 55. 676  43
 244  6.93244E-01  4.41300E-03  4.41300E-03  0.00000E+00            128.CS 55. 677  44
 245  5.32010E-03  4.89553E-03  4.89553E-03  0.00000E+00            128.CS 55. 678  45
 246  6.66592E-05  4.95593E-03  4.95593E-03  0.00000E+00            128.CS 55. 679  46
 247  1.03489E-01  5.03405E-03  5.03405E-03  0.00000E+00            128.CS 55. 680  47
 249  6.38534E-04  5.08031E-03  5.08031E-03  0.00000E+00            128.CS 55. 681  49
 250  7.28188E-06  5.09294E-03  5.09294E-03  0.00000E+00            128.CS 55. 682  50
 261  1.32070E-01  3.65269E-03  3.65269E-03  0.00000E+00            128.CS 55. 683  61
 262  7.29134E-04  3.78523E-03  3.78523E-03  0.00000E+00            128.CS 55. 684  62
 263  6.78839E-04  3.84813E-03  3.84813E-03  0.00000E+00            128.CS 55. 685  63
 264  1.34918E-01  4.08379E-03  4.08379E-03  0.00000E+00            128.CS 55. 686  64
 265  1.19575E+00  4.09719E-03  4.09719E-03  0.00000E+00            128.CS 55. 687  65
 266  1.16355E-02  4.56632E-03  4.56632E-03  0.00000E+00            128.CS 55. 688  66
 267  6.41701E-05  4.61402E-03  4.61402E-03  0.00000E+00            128.CS 55. 689  67
 268  6.15727E-05  4.62673E-03  4.62673E-03  0.00000E+00            128.CS 55. 690  68
 269  1.96209E-02  4.70486E-03  4.70486E-03  0.00000E+00            128.CS 55. 691  69
 270  1.74973E-01  4.70692E-03  4.70692E-03  0.00000E+00            128.CS 55. 692  70
 273  1.63821E-03  4.75109E-03  4.75109E-03  0.00000E+00            128.CS 55. 693  73
 274  7.25758E-06  4.76235E-03  4.76235E-03  0.00000E+00            128.CS 55. 694  74
 275  6.70106E-06  4.76373E-03  4.76373E-03  0.00000E+00            128.CS 55. 695  75
 291  1.51025E-01  6.08518E-04  6.08518E-04  0.00000E+00            128.CS 55. 696  91
 292  3.71909E-03  9.22472E-05  9.22472E-05  0.00000E+00            128.CS 55. 697  92
 294  3.73642E+02  1.66177E-05  1.66177E-05  0.00000E+00            128.CS 55. 698  94
 7 1  1.93942E+00  2.44715E-02  2.44715E-02  0.00000E+00            128.CS 55. 699   1
 7 2  8.67650E-01  2.86854E-02  2.86854E-02  0.00000E+00            128.CS 55. 700   2
 7 3  9.32639E-02  3.29032E-02  3.29032E-02  0.00000E+00            128.CS 55. 701   3
 7 4  4.20748E+00  3.21976E-04  3.21976E-04  0.00000E+00            128.CS 55. 702   4
 7 5  1.91799E+01  3.32543E-03  3.32543E-03  0.00000E+00            128.CS 55. 703   5
 7 6  5.69015E+00  4.00275E-03  4.00275E-03  0.00000E+00            128.CS 55. 704   6
 7 7  4.32261E-01  4.70708E-03  4.70708E-03  0.00000E+00            128.CS 55. 705   7
 7 8  2.19245E+01  1.23733E-04  1.23733E-04  0.00000E+00            128.CS 55. 706   8
 7 9  4.86737E+01  5.05176E-04  5.05176E-04  0.00000E+00            128.CS 55. 707   9
 710  2.78610E+00  6.17465E-04  6.17465E-04  0.00000E+00            128.CS 55. 708  10
 711  1.87848E-02  7.68156E-04  7.68156E-04  0.00000E+00            128.CS 55. 709  11
 712  5.82736E+01  2.61889E-05  2.61889E-05  0.00000E+00            128.CS 55. 710  12
 713  1.77697E+02  3.62437E-05  3.62437E-05  0.00000E+00            128.CS 55. 711  13
%%%% 128 CS  55    EC B+        2.18400E+02 3.640 M    02-11-2005       SEEIEND 
 


   ***************************************************** 
   *                 Radiation Summary                 * 
   ***************************************************** 
 
  Energy released by
    Gamma-ray                       (MeV) =   1.79929E-01
    X-ray                           (MeV) =   7.43066E-03
    Free-bound X-ray                (MeV) =   6.20906E-05
    Annihilation photon             (MeV) =   7.03512E-01
    Beta+ particle                  (MeV) =   8.69861E-01
    Neutrino                        (MeV) =   2.16397E+00
    Beta- particle                  (MeV) =   0.00000E+00
    Neutrino-                       (MeV) =   0.00000E+00
    Internal conv. electron         (MeV) =   1.56461E-03
    Auger and CK electron           (MeV) =   2.02368E-03
    Alpha particle                  (MeV) =   0.00000E+00
    Recoil nucleus                  (MeV) =   0.00000E+00
  E-total (except unplaced radiat.) (MeV) =   3.92835E+00
  E-unplaced radiation              (MeV) =   7.15540E-04
  Q-value from ENSDF data           (MeV) =   3.92900E+00
  Ratio of E-total/Q-value          ( % ) =   9.99834E+01
  Ratio of E-unplaced radi./Q-value ( % ) =   1.82118E-02

 
  Total yield of
    Gamma-ray                             =   3.30180E-01
    X-ray                                 =   2.69343E-01
    Free-bound X-ray                      =   3.73642E+00
    Annihilation photon                   =   1.37674E+00
    Beta+ particle                        =   6.88368E-01
    Beta- particle                        =   0.00000E+00
    Internal conv. electron               =   3.67093E-03
    Auger and CK electron                 =   3.41784E+00
    Alpha particle                        =   0.00000E+00
  Yield of unplaced radiation             =   4.37510E-04


