%%%% 159 DY  66    EC           1.24762E+07 144.4 D    02-11-2005       BALASTAR
1 159   DY  66 144.4 D         EC         
           WARNING:                                                                             
 159 TB 65  GAMMA-RAY ENERGY =   0.01540 MEV                                                    
           HALF-LIFE OF INITIAL LEVEL ASSOCIATED WITH GAMMA-RAY TOO SHORT TO BE                 
           CONSIDERED ISOMERIC, AND INTENSITY = 0.0                                             
           TRANSITION IGNORED                                                                   
1INTENSITY AND ENERGY BALANCE DATA

              159-DYSPROSIUM-66
+                                    HALFLIFE = 144.4 DAYS    
+                                                                  02-11-2005


    LEVEL       INTENSITY   INTENSITY
    ENERGY      ENTERING    LEAVING     PERCENT
    (MEV)       LEVEL       LEVEL       ERROR

   0.0000E+00  1.0037E+02
   5.8000E-02  2.6602E+01  2.6971E+01  1.3783E+00                      
   1.3740E-01  2.8528E-03  2.8150E-03  1.3326E+00                      
   3.4810E-01  1.2000E-03  1.2128E-03  1.0640E+00                      
   3.6350E-01  5.9998E-05  6.0392E-05  6.5456E-01                      


 INTENSITY TO GROUND AND ISOMERIC STATE(S) OF DAUGHTER(S)=  1.004E+02
 TOTAL INTENSITY FROM PARENT=  1.000E+02
 PERCENT ERROR =  3.678E-01                      


 TOTAL INTENSITY FROM PARENT =  1.000E+02
 VALUE IS WITHIN   0.00E+00% OF 100                      


 TOTAL ENERGY AVAILABLE =  3.656E-01 MEV
 TOTAL ENERGY CONTENT OF ALL RADIATIONS =  3.658E-01 MEV
 PERCENT ERROR =  5.853E-02                      
%%%% 159 DY  66    EC           1.24762E+07 144.4 D    02-11-2005       BALAEND 
%%%% 159 DY  66    EC           1.24762E+07 144.4 D    02-11-2005       INPUSTAR
1                                      **INPUT DATA**
              159-DYSPROSIUM-66
+                                    HALFLIFE = 144.4 DAYS    
+                                                                  02-11-2005

            MODE OF DECAY: ELECTRON CAPTURE
 
                                MEAN
                                NUMBER/    TRANSITION
                TYPE OF    ID   TRANSFOR-  ENERGY
              TRANSITION   NO.  MATION     (MEV)       OTHER NUCLEAR PARAMETERS

           ELECT. CAPTURE   1   6.00E-07   2.100E-03   ALLOWED                                  
           ELECT. CAPTURE   2   1.20E-05   1.750E-02   FIRST FORBIDDEN                          
           ELECT. CAPTURE   3   2.80E-05   2.282E-01   UNIQUE FIRST FORBIDDEN                   
           ELECT. CAPTURE   4   2.66E-01   3.076E-01   FIRST FORBIDDEN                          
           ELECT. CAPTURE   5   7.34E-01   3.656E-01   FIRST FORBIDDEN                          
           I.C.E. + GAMMA   2   2.70E-01   5.800E-02   M1+E2 MULTIPOLE                          
                                                       MRS=0.0142    AK= 9.16                   
                                                       AL1=1.22      AL2=0.200                  
                                                       AL3=0.128     AM= 0.343                  
                                                       AN+=0.0953                               
           I.C.E. + GAMMA   3   2.61E-05   7.940E-02   M1+E2 MULTIPOLE                          
                                                       MRS=0.0159    AK= 3.69                   
                                                       AL1=0.489     AL2=0.0651                 
                                                       AL3=0.0327    AM= 0.130                  
                                                       AN+=0.0361                               
           I.C.E. + GAMMA   4   2.02E-06   1.375E-01   E2 MULTIPOLE                             
+                                                                    AK= 0.473                  
                                                       AL1=0.0464    AL2=0.120                  
                                                       AL3=0.110     AM= 0.0653                 
                                                       AN+=0.0172                               
           I.C.E. + GAMMA   5   4.92E-07   2.108E-01   M1 MULTIPOLE                             
+                                                                    AK= 0.194                  
                                                       AL1=0.0257    AL2=0.00193                
                                                       AM= 0.00612   AN+=0.00172                
           I.C.E. + GAMMA   6   3.72E-08   2.260E-01   E1 MULTIPOLE                             
+                                                                    AK= 0.0290                 
                                                       AL1=0.00329                              
           I.C.E. + GAMMA   7   1.50E-06   2.902E-01   M1+E2 MULTIPOLE                          
                                                       AK= 0.0786    AL1=0.0104                 
                                                       AM= 0.00245                              
           I.C.E. + GAMMA   8   1.10E-08   3.055E-01   E1 MULTIPOLE                             
+                                                                    AK= 0.0135                 
                                                       AL1=0.00157                              
           I.C.E. + GAMMA   9   1.01E-05   3.481E-01   M1+E2 MULTIPOLE                          
                                                       MRS=0.185     AK= 0.0564                 
                                                       AL1=0.00738   AM= 0.00185                
           I.C.E. + GAMMA  10   5.56E-07   3.635E-01   E1 MULTIPOLE                             
+                                                                    AK= 0.00881                
                                                       AL1=0.00104                              
 
           - - - - - - - - - -
           Reference: Evaluated Nuclear Structure Data File (ENSDF)
                DATE DATA WERE ENTERED INTO ENSDF: Aug-1994
%%%% 159 DY  66    EC           1.24762E+07 144.4 D    02-11-2005       INPUEND 
%%%% 159 DY  66    EC           1.24762E+07 144.4 D    02-11-2005       OUTPSTAR
1                                      **OUTPUT DATA**
              159-DYSPROSIUM-66
+                                    HALFLIFE = 144.4 DAYS    
+                                                                  02-11-2005

            MODE OF DECAY: ELECTRON CAPTURE
 
                                              MEAN
                                              NUMBER/                  MEV/
                                         ID   TRANSFOR-   ENERGY       TRANSFOR-
                  TYPE OF RADIATION      NO.  MATION      (MEV)        MATION

           GAMMA-RAY                      2   2.22E-02    5.800E-02    1.29E-03
           K CONV. ELECTRON, GAMMA-RAY    2   2.03E-01    5.940E-03    1.21E-03
           L1 CONV. ELECTRON, GAMMA-RAY   2   2.71E-02    4.933E-02    1.34E-03
           L2 CONV. ELECTRON, GAMMA-RAY   2   4.45E-03    4.974E-02    2.21E-04
           L3 CONV. ELECTRON, GAMMA-RAY   2   2.84E-03    5.049E-02    1.43E-04
           M CONV. ELECTRON, GAMMA-RAY    2   7.62E-03    5.640E-02*   4.30E-04
           N+ CONV. ELECTRON, GAMMA-RAY   2   2.12E-03    5.800E-02*   1.23E-04
           K -L2 X-RAY                        2.70E-01    4.380E-02    1.18E-02
           K -L3 X-RAY                        4.84E-01    4.455E-02    2.16E-02
           K -M2 X-RAY                        4.95E-02    5.031E-02    2.49E-03
           K -M3 X-RAY                        9.57E-02    5.046E-02    4.83E-03
           K -M5 X-RAY                        1.03E-03    5.082E-02    5.24E-05
           K -N2 X-RAY                        1.09E-02    5.174E-02    5.62E-04
           K -N3 X-RAY                        2.11E-02    5.178E-02    1.09E-03
           K -O2 X-RAY                        2.33E-03    5.203E-02    1.21E-04
           K -O3 X-RAY                        4.82E-03    5.203E-02    2.51E-04
           L1-M3 X-RAY                        7.35E-03    7.076E-03    5.20E-05
           L2-M4 X-RAY                        5.35E-02    6.982E-03    3.74E-04
           L2-N4 X-RAY                        9.35E-03    8.100E-03    7.58E-05
           L3-M4 X-RAY                        9.18E-03    6.226E-03    5.71E-05
           L3-M5 X-RAY                        8.11E-02    6.261E-03    5.08E-04
           L3-N5 X-RAY                        1.37E-02    7.351E-03    1.01E-04
           Free-Bound X-RAY                   1.10E+01    1.383E-05*   1.53E-04
           AUGER KLL                          4.02E-02    3.589E-02*   1.44E-03
           AUGER KLX                          2.00E-02    4.255E-02*   8.50E-04
           AUGER KXY                          2.38E-03    4.921E-02*   1.17E-04
           CK LLX                             1.72E-01    6.231E-04*   1.07E-04
           AUGER LMM                          6.14E-01    4.959E-03*   3.05E-03
           AUGER LMX                          2.15E-01    6.167E-03*   1.32E-03
           AUGER LXY                          1.89E-02    7.411E-03*   1.40E-04
           CK MMX                             8.05E-01    1.975E-04*   1.59E-04
           AUGER MNN                          1.70E+00    9.612E-04*   1.63E-03
           AUGER MNX                          9.68E-02    1.137E-03*   1.10E-04
           CK NNX                             5.05E+00    1.220E-04*   6.15E-04
           AUGER NXY                          3.11E-01    1.359E-04*   4.23E-05
 
           ALL LISTED X-RAYS, GAMMA-RAYS AND ANNIHILATION RADIATION    4.54E-02
           ALL NEGLECTED X-RAYS, GAMMA-RAYS AND ANNIH. RADIATION**     2.26E-04
           ALL LISTED BETAS, INTERNAL CONVERSION AND AUGER ELECTRONS   1.31E-02
           ALL NEGLECTED BETAS, INT. CONVERSION AND AUGER ELECTRONS**  1.80E-05
           ALL LISTED RADIATIONS                                       5.84E-02
           ALL NEGLECTED RADIATIONS**                                  2.44E-04
 
           *  AVERAGE ENERGY (MEV)
           ** EACH NEGLECTED TRANSITION CONTRIBUTES LESS THAN  0.100%
              TO THE TOTAL MEV/TRANSFORMATION FOR THIS CATEGORY.
           TOTAL FEEDING OF GROUND STATE LEVEL IN 159-TERBIUM
             DAUGHTER IS 1.0000E+00 PER TRANSFORMATION OF 159-DYSPROSIUM.
             THIS DAUGHTER GROUND STATE IS STABLE.
           - - - - - - - - - -
           INPUT DATA SOURCE: EVALUATED NUCLEAR STRUCTURE DATA FILE (ENSDF)
             DATE INPUT DATA WERE ENTERED INTO ENSDF: Aug-1994
%%%% 159 DY  66    EC           1.24762E+07 144.4 D    02-11-2005       OUTPEND 
%%%% 159 DY  66    EC           1.24762E+07 144.4 D    02-11-2005       SEEISTAR
159.  DYSPROSIUM   66.  1.444E+02 DAYS     131 EC                   159.DY 66.   0
 1 2  2.22000E+00  5.80000E-02  5.80000E-02  0.00000E+00            159.DY 66.   1   2
 6 1  2.03341E+01  5.94000E-03  5.94000E-03  2.00000E+00            159.DY 66.   2   1
 6 5  2.71463E+00  4.93269E-02  4.93269E-02  2.00000E+00            159.DY 66.   3   5
 6 6  4.44554E-01  4.97391E-02  4.97391E-02  2.00000E+00            159.DY 66.   4   6
 6 7  2.83597E-01  5.04947E-02  5.04947E-02  2.00000E+00            159.DY 66.   5   7
 6 3  7.62302E-01  5.64032E-02  5.64032E-02  2.00000E+00            159.DY 66.   6   3
 6 4  2.11658E-01  5.80000E-02  5.80000E-02  2.00000E+00            159.DY 66.   7   4
 1 3  4.80000E-04  7.94000E-02  7.94000E-02  0.00000E+00            159.DY 66.   8   3
 6 1  1.77237E-03  2.73400E-02  2.73400E-02  3.00000E+00            159.DY 66.   9   1
 6 5  2.34719E-04  7.07269E-02  7.07269E-02  3.00000E+00            159.DY 66.  10   5
 6 6  3.12244E-05  7.11391E-02  7.11391E-02  3.00000E+00            159.DY 66.  11   6
 6 7  1.56757E-05  7.18947E-02  7.18947E-02  3.00000E+00            159.DY 66.  12   7
 6 3  6.21741E-05  7.78032E-02  7.78032E-02  3.00000E+00            159.DY 66.  13   3
 6 4  1.73265E-05  7.94000E-02  7.94000E-02  3.00000E+00            159.DY 66.  14   4
 1 4  1.10000E-04  1.37500E-01  1.37500E-01  0.00000E+00            159.DY 66.  15   4
 6 1  5.20256E-05  8.54400E-02  8.54400E-02  4.00000E+00            159.DY 66.  16   1
 6 5  5.10092E-06  1.28827E-01  1.28827E-01  4.00000E+00            159.DY 66.  17   5
 6 6  1.32497E-05  1.29239E-01  1.29239E-01  4.00000E+00            159.DY 66.  18   6
 6 7  1.21031E-05  1.29995E-01  1.29995E-01  4.00000E+00            159.DY 66.  19   7
 6 3  7.18259E-06  1.35903E-01  1.35903E-01  4.00000E+00            159.DY 66.  20   3
 6 4  1.89609E-06  1.37500E-01  1.37500E-01  4.00000E+00            159.DY 66.  21   4
 1 5  4.00000E-05  2.10800E-01  2.10800E-01  0.00000E+00            159.DY 66.  22   5
 6 1  7.76727E-06  1.58740E-01  1.58740E-01  5.00000E+00            159.DY 66.  23   1
 6 5  1.02965E-06  2.02127E-01  2.02127E-01  5.00000E+00            159.DY 66.  24   5
 6 6  7.71616E-08  2.02539E-01  2.02539E-01  5.00000E+00            159.DY 66.  25   6
 6 7  1.25916E-08  2.03295E-01  2.03295E-01  5.00000E+00            159.DY 66.  26   7
 6 3  2.44608E-07  2.09203E-01  2.09203E-01  5.00000E+00            159.DY 66.  27   3
 6 4  6.87203E-08  2.10800E-01  2.10800E-01  5.00000E+00            159.DY 66.  28   4
 1 6  3.60000E-06  2.26000E-01  2.26000E-01  0.00000E+00            159.DY 66.  29   6
 6 1  1.04407E-07  1.73940E-01  1.73940E-01  6.00000E+00            159.DY 66.  30   1
 6 5  1.18471E-08  2.17327E-01  2.17327E-01  6.00000E+00            159.DY 66.  31   5
 6 6  1.46723E-09  2.17739E-01  2.17739E-01  6.00000E+00            159.DY 66.  32   6
 6 7  1.62767E-09  2.18495E-01  2.18495E-01  6.00000E+00            159.DY 66.  33   7
 6 3  3.25098E-09  2.24403E-01  2.24403E-01  6.00000E+00            159.DY 66.  34   3
 6 4  8.97228E-10  2.26000E-01  2.26000E-01  6.00000E+00            159.DY 66.  35   4
 1 7  1.37000E-04  2.90200E-01  2.90200E-01  0.00000E+00            159.DY 66.  36   7
 6 1  1.07679E-05  2.38140E-01  2.38140E-01  7.00000E+00            159.DY 66.  37   1
 6 5  1.42621E-06  2.81527E-01  2.81527E-01  7.00000E+00            159.DY 66.  38   5
 6 6  1.00211E-07  2.81939E-01  2.81939E-01  7.00000E+00            159.DY 66.  39   6
 6 7  1.62981E-08  2.82695E-01  2.82695E-01  7.00000E+00            159.DY 66.  40   7
 6 3  3.36032E-07  2.88603E-01  2.88603E-01  7.00000E+00            159.DY 66.  41   3
 6 4  9.43785E-08  2.90200E-01  2.90200E-01  7.00000E+00            159.DY 66.  42   4
 1 8  1.08000E-06  3.05500E-01  3.05500E-01  0.00000E+00            159.DY 66.  43   8
 6 1  1.45368E-08  2.53440E-01  2.53440E-01  8.00000E+00            159.DY 66.  44   1
 6 5  1.69058E-09  2.96827E-01  2.96827E-01  8.00000E+00            159.DY 66.  45   5
 6 6  1.70795E-10  2.97239E-01  2.97239E-01  8.00000E+00            159.DY 66.  46   6
 6 7  1.83967E-10  2.97995E-01  2.97995E-01  8.00000E+00            159.DY 66.  47   7
 6 3  4.44370E-10  3.03903E-01  3.03903E-01  8.00000E+00            159.DY 66.  48   3
 6 4  1.23263E-10  3.05500E-01  3.05500E-01  8.00000E+00            159.DY 66.  49   4
 1 9  9.50000E-04  3.48100E-01  3.48100E-01  0.00000E+00            159.DY 66.  50   9
 6 1  5.35715E-05  2.96040E-01  2.96040E-01  9.00000E+00            159.DY 66.  51   1
 6 5  7.01250E-06  3.39427E-01  3.39427E-01  9.00000E+00            159.DY 66.  52   5
 6 6  7.44439E-07  3.39839E-01  3.39839E-01  9.00000E+00            159.DY 66.  53   6
 6 7  2.70030E-07  3.40595E-01  3.40595E-01  9.00000E+00            159.DY 66.  54   7
 6 3  1.75715E-06  3.46503E-01  3.46503E-01  9.00000E+00            159.DY 66.  55   3
 6 4  4.90747E-07  3.48100E-01  3.48100E-01  9.00000E+00            159.DY 66.  56   4
 110  5.50000E-05  3.63500E-01  3.63500E-01  0.00000E+00            159.DY 66.  57  10
 6 1  4.84717E-07  3.11440E-01  3.11440E-01  1.00000E+01            159.DY 66.  58   1
 6 5  5.69828E-08  3.54827E-01  3.54827E-01  1.00000E+01            159.DY 66.  59   5
 6 6  5.09138E-09  3.55239E-01  3.55239E-01  1.00000E+01            159.DY 66.  60   6
 6 7  5.41139E-09  3.55995E-01  3.55995E-01  1.00000E+01            159.DY 66.  61   7
 6 3  1.46491E-08  3.61903E-01  3.61903E-01  1.00000E+01            159.DY 66.  62   3
 6 4  4.07078E-09  3.63500E-01  3.63500E-01  1.00000E+01            159.DY 66.  63   4
 2 1  2.70005E+01  4.37992E-02  4.37992E-02  0.00000E+00            159.DY 66.  64   1
 2 2  4.83941E+01  4.45546E-02  4.45546E-02  0.00000E+00            159.DY 66.  65   2
 2 3  4.94984E+00  5.03066E-02  5.03066E-02  0.00000E+00            159.DY 66.  66   3
 2 4  9.57400E+00  5.04632E-02  5.04632E-02  0.00000E+00            159.DY 66.  67   4
 2 5  7.85050E-02  5.07810E-02  5.07810E-02  0.00000E+00            159.DY 66.  68   5
 2 6  1.03021E-01  5.08154E-02  5.08154E-02  0.00000E+00            159.DY 66.  69   6
 2 7  1.08618E+00  5.17440E-02  5.17440E-02  0.00000E+00            159.DY 66.  70   7
 2 8  2.10516E+00  5.17791E-02  5.17791E-02  0.00000E+00            159.DY 66.  71   8
 2 9  1.76172E-02  5.18994E-02  5.18994E-02  0.00000E+00            159.DY 66.  72   9
 210  2.30386E-02  5.19056E-02  5.19056E-02  0.00000E+00            159.DY 66.  73  10
 211  2.33084E-01  5.20277E-02  5.20277E-02  0.00000E+00            159.DY 66.  74  11
 212  4.81885E-01  5.20323E-02  5.20323E-02  0.00000E+00            159.DY 66.  75  12
 221  3.97539E-04  4.12200E-04  4.12200E-04  0.00000E+00            159.DY 66.  76  21
 222  2.04919E-02  1.16780E-03  1.16780E-03  0.00000E+00            159.DY 66.  77  22
 223  5.20778E-01  6.91969E-03  6.91969E-03  0.00000E+00            159.DY 66.  78  23
 224  7.34740E-01  7.07629E-03  7.07629E-03  0.00000E+00            159.DY 66.  79  24
 225  1.14825E-02  7.39410E-03  7.39410E-03  0.00000E+00            159.DY 66.  80  25
 226  1.71827E-02  7.42850E-03  7.42850E-03  0.00000E+00            159.DY 66.  81  26
 227  1.23382E-01  8.35710E-03  8.35710E-03  0.00000E+00            159.DY 66.  82  27
 228  1.81392E-01  8.39206E-03  8.39206E-03  0.00000E+00            159.DY 66.  83  28
 229  1.55609E-03  8.51252E-03  8.51252E-03  0.00000E+00            159.DY 66.  84  29
 230  2.39984E-03  8.51881E-03  8.51881E-03  0.00000E+00            159.DY 66.  85  30
 231  1.69114E-02  8.64086E-03  8.64086E-03  0.00000E+00            159.DY 66.  86  31
 232  2.40687E-02  8.64550E-03  8.64550E-03  0.00000E+00            159.DY 66.  87  32
 241  2.32796E-05  7.55602E-04  7.55602E-04  0.00000E+00            159.DY 66.  88  41
 242  1.87785E-01  6.32511E-03  6.32511E-03  0.00000E+00            159.DY 66.  89  42
 243  3.95515E-03  6.66409E-03  6.66409E-03  0.00000E+00            159.DY 66.  90  43
 244  5.35488E+00  6.98190E-03  6.98190E-03  0.00000E+00            159.DY 66.  91  44
 245  3.73802E-02  7.87251E-03  7.87251E-03  0.00000E+00            159.DY 66.  92  45
 246  8.72083E-04  7.97985E-03  7.97985E-03  0.00000E+00            159.DY 66.  93  46
 247  9.35172E-01  8.10032E-03  8.10032E-03  0.00000E+00            159.DY 66.  94  47
 248  8.50580E-04  8.25052E-03  8.25052E-03  0.00000E+00            159.DY 66.  95  48
 249  6.43911E-03  8.20873E-03  8.20873E-03  0.00000E+00            159.DY 66.  96  49
 250  1.96315E-04  8.23331E-03  8.23331E-03  0.00000E+00            159.DY 66.  97  50
 261  6.42724E-01  5.56950E-03  5.56950E-03  0.00000E+00            159.DY 66.  98  61
 262  4.44268E-03  5.75191E-03  5.75191E-03  0.00000E+00            159.DY 66.  99  62
 263  4.06309E-03  5.90850E-03  5.90850E-03  0.00000E+00            159.DY 66. 100  63
 264  9.17824E-01  6.22630E-03  6.22630E-03  0.00000E+00            159.DY 66. 101  64
 265  8.11484E+00  6.26069E-03  6.26069E-03  0.00000E+00            159.DY 66. 102  65
 266  8.88395E-02  7.11690E-03  7.11690E-03  0.00000E+00            159.DY 66. 103  66
 267  7.18354E-04  7.18930E-03  7.18930E-03  0.00000E+00            159.DY 66. 104  67
 268  6.95530E-04  7.22426E-03  7.22426E-03  0.00000E+00            159.DY 66. 105  68
 269  1.53107E-01  7.34473E-03  7.34473E-03  0.00000E+00            159.DY 66. 106  69
 270  1.36941E+00  7.35101E-03  7.35101E-03  0.00000E+00            159.DY 66. 107  70
 271  2.24491E-04  7.49490E-03  7.49490E-03  0.00000E+00            159.DY 66. 108  71
 272  1.28543E-03  7.49579E-03  7.49579E-03  0.00000E+00            159.DY 66. 109  72
 273  1.65880E-02  7.45315E-03  7.45315E-03  0.00000E+00            159.DY 66. 110  73
 274  1.65292E-04  7.47303E-03  7.47303E-03  0.00000E+00            159.DY 66. 111  74
 275  1.41675E-04  7.47771E-03  7.47771E-03  0.00000E+00            159.DY 66. 112  75
 291  1.86505E+00  1.16078E-03  1.16078E-03  0.00000E+00            159.DY 66. 113  91
 292  4.84594E-02  1.65338E-04  1.65338E-04  0.00000E+00            159.DY 66. 114  92
 293  1.75941E-05  2.36125E-05  2.36125E-05  0.00000E+00            159.DY 66. 115  93
 294  1.10414E+03  1.38267E-05  1.38267E-05  0.00000E+00            159.DY 66. 116  94
 7 1  4.01887E+00  3.58945E-02  3.58945E-02  0.00000E+00            159.DY 66. 117   1
 7 2  1.99859E+00  4.25487E-02  4.25487E-02  0.00000E+00            159.DY 66. 118   2
 7 3  2.38454E-01  4.92092E-02  4.92092E-02  0.00000E+00            159.DY 66. 119   3
 7 4  1.71518E+01  6.23083E-04  6.23083E-04  0.00000E+00            159.DY 66. 120   4
 7 5  6.14349E+01  4.95880E-03  4.95880E-03  0.00000E+00            159.DY 66. 121   5
 7 6  2.14782E+01  6.16748E-03  6.16748E-03  0.00000E+00            159.DY 66. 122   6
 7 7  1.88693E+00  7.41064E-03  7.41064E-03  0.00000E+00            159.DY 66. 123   7
 7 8  8.04676E+01  1.97465E-04  1.97465E-04  0.00000E+00            159.DY 66. 124   8
 7 9  1.70085E+02  9.61231E-04  9.61231E-04  0.00000E+00            159.DY 66. 125   9
 710  9.67827E+00  1.13714E-03  1.13714E-03  0.00000E+00            159.DY 66. 126  10
 711  3.98426E-01  1.32602E-03  1.32602E-03  0.00000E+00            159.DY 66. 127  11
 712  5.04565E+02  1.21985E-04  1.21985E-04  0.00000E+00            159.DY 66. 128  12
 713  3.11073E+01  1.35890E-04  1.35890E-04  0.00000E+00            159.DY 66. 129  13
 714  6.58949E+01  1.73725E-05  1.73725E-05  0.00000E+00            159.DY 66. 130  14
 715  5.15821E-01  4.15900E-05  4.15900E-05  0.00000E+00            159.DY 66. 131  15
%%%% 159 DY  66    EC           1.24762E+07 144.4 D    02-11-2005       SEEIEND 
 


   ***************************************************** 
   *                 Radiation Summary                 * 
   ***************************************************** 
 
  Energy released by
    Gamma-ray                       (MeV) =   1.29213E-03
    X-ray                           (MeV) =   4.41747E-02
    Free-bound X-ray                (MeV) =   1.52667E-04
    Annihilation photon             (MeV) =   0.00000E+00
    Beta+ particle                  (MeV) =   0.00000E+00
    Neutrino                        (MeV) =   3.05644E-01
    Beta- particle                  (MeV) =   0.00000E+00
    Neutrino-                       (MeV) =   0.00000E+00
    Internal conv. electron         (MeV) =   3.46502E-03
    Auger and CK electron           (MeV) =   9.60664E-03
    Alpha particle                  (MeV) =   0.00000E+00
    Recoil nucleus                  (MeV) =   0.00000E+00
  E-total (except unplaced radiat.) (MeV) =   3.64336E-01
  E-unplaced radiation              (MeV) =   0.00000E+00
  Q-value from ENSDF data           (MeV) =   3.65600E-01
  Ratio of E-total/Q-value          ( % ) =   9.96541E+01
  Ratio of E-unplaced radi./Q-value ( % ) =   0.00000E+00

 
  Total yield of
    Gamma-ray                             =   2.22178E-02
    X-ray                                 =   1.15458E+00
    Free-bound X-ray                      =   1.10414E+01
    Annihilation photon                   =   0.00000E+00
    Beta+ particle                        =   0.00000E+00
    Beta- particle                        =   0.00000E+00
    Internal conv. electron               =   2.47532E-01
    Auger and CK electron                 =   9.70920E+00
    Alpha particle                        =   0.00000E+00
  Yield of unplaced radiation             =   0.00000E+00


