%%%% 157 DY  66    EC           2.93040E+04   8.14 H   02-11-2005       BALASTAR
1 157   DY  66   8.14 H        EC         
1INTENSITY AND ENERGY BALANCE DATA

              157-DYSPROSIUM-66
+                                    HALFLIFE = 8.14 HOURS   
+                                                                  02-11-2005


    LEVEL       INTENSITY   INTENSITY
    ENERGY      ENTERING    LEAVING     PERCENT
    (MEV)       LEVEL       LEVEL       ERROR

   0.0000E+00  1.0029E+02
   6.0820E-02  5.3149E+00  4.8986E+00  8.1512E+00                      
   1.4383E-01  3.0561E+00  3.0893E+00  1.0794E+00                      
   3.2612E-01  9.4712E+01  9.5391E+01  7.1479E-01                      
   3.5780E-01  5.1805E-02  5.2396E-02  1.1361E+00                      
   5.9750E-01  8.8415E-02  8.1482E-02  8.1607E+00                      
   6.3730E-01  4.9285E-02  5.2393E-02  6.1147E+00                      
   6.9750E-01  4.3190E-02  4.3959E-02  1.7660E+00                      
   9.9260E-01  1.2814E-02  1.2922E-02  8.3536E-01                      
   1.0446E+00  6.8999E-03  6.9320E-03  4.6426E-01                      
   1.0962E+00  4.9285E-02  4.9932E-02  1.3047E+00                      
   1.1028E+00  1.2814E-01  1.2721E-01  7.3047E-01                      
   1.2761E+00  6.3084E-03  6.4518E-03  2.2471E+00                      


 INTENSITY TO GROUND AND ISOMERIC STATE(S) OF DAUGHTER(S)=  1.003E+02
 TOTAL INTENSITY FROM PARENT=  1.000E+02
 PERCENT ERROR =  2.930E-01                      


 TOTAL INTENSITY FROM PARENT =  1.000E+02
 VALUE IS WITHIN   2.29E-05% OF 100                      


 TOTAL ENERGY AVAILABLE =  1.341E+00 MEV
 TOTAL ENERGY CONTENT OF ALL RADIATIONS =  1.343E+00 MEV
 PERCENT ERROR =  1.513E-01                      
%%%% 157 DY  66    EC           2.93040E+04   8.14 H   02-11-2005       BALAEND 
%%%% 157 DY  66    EC           2.93040E+04   8.14 H   02-11-2005       INPUSTAR
1                                      **INPUT DATA**
              157-DYSPROSIUM-66
+                                    HALFLIFE = 8.14 HOURS   
+                                                                  02-11-2005

            MODE OF DECAY: ELECTRON CAPTURE
 
                                MEAN
                                NUMBER/    TRANSITION
                TYPE OF    ID   TRANSFOR-  ENERGY
              TRANSITION   NO.  MATION     (MEV)       OTHER NUCLEAR PARAMETERS

           ELECT. CAPTURE   1   6.31E-05   6.490E-02   ALLOWED                                  
+                                                              ASSUMED                          
           ELECT. CAPTURE   2   1.28E-03   2.382E-01   ALLOWED                                  
           ELECT. CAPTURE   3   4.93E-04   2.448E-01   ALLOWED                                  
           ELECT. CAPTURE   4   6.90E-05   2.964E-01   FIRST FORBIDDEN                          
           ELECT. CAPTURE   5   1.28E-04   3.484E-01   FIRST FORBIDDEN                          
           ELECT. CAPTURE   6   2.46E-04   6.435E-01   FIRST FORBIDDEN                          
           ELECT. CAPTURE   7   4.93E-04   7.037E-01   FIRST FORBIDDEN                          
           ELECT. CAPTURE   8   6.90E-04   7.435E-01   FIRST FORBIDDEN                          
           ELECT. CAPTURE   9   9.46E-01   1.015E+00   ALLOWED                                  
           ELECT. CAPTURE  10   1.08E-02   1.197E+00   UNIQUE FIRST FORBIDDEN                   
           ELECT. CAPTURE  11   1.97E-02   1.280E+00   FIRST FORBIDDEN                          
           ELECT. CAPTURE  12   1.97E-02   1.341E+00   FIRST FORBIDDEN                          
           I.C.E. + GAMMA   1   4.90E-02   6.082E-02   M1+E2 MULTIPOLE                          
                                                       MRS=0.0100    AK= 8.00                   
                                                       AL1=1.07      AL2=0.145                  
                                                       AL3=0.0770    AM= 0.284                  
                                                       AN+=0.0793                               
           I.C.E. + GAMMA   2   3.03E-02   8.301E-02   M1+E2 MULTIPOLE                          
                                                       MRS=0.0289    AK= 3.22                   
                                                       AL1=0.427     AL2=0.0705                 
                                                       AL3=0.0431    AM= 0.120                  
                                                       AN+=0.0333                               
           I.C.E. + GAMMA   3   6.14E-04   1.438E-01   E2 MULTIPOLE                             
+                                                                    AK= 0.416                  
                                                       AL1=0.0411    AL2=0.0981                 
                                                       AL3=0.0883    AM= 0.0536                 
                                                       AN+=0.0142                               
           I.C.E. + GAMMA   4   1.95E-02   1.822E-01   E1 MULTIPOLE                             
+                                                                    AK= 0.0510                 
                                                       AL1=0.00566   AM= 0.00161                
           I.C.E. + GAMMA   5   1.98E-03   2.653E-01   E1 MULTIPOLE                             
+                                                                    AK= 0.0192                 
                                                       AL1=0.00221                              
           I.C.E. + GAMMA   6   5.24E-04   2.972E-01   E1 MULTIPOLE                             
+                                                                    AK= 0.0144                 
                                                       AL1=0.00167                              
           I.C.E. + GAMMA   7   9.32E-01   3.262E-01   E1 MULTIPOLE                             
+                                                                    AK= 0.0115                 
                                                       AL1=0.00134                              
           I.C.E. + GAMMA   8   1.85E-04   4.052E-01   E1 MULTIPOLE                             
+                                                                    AK= 0.00682                
           I.C.E. + GAMMA   9   1.94E-04   4.987E-01   E1 MULTIPOLE                             
+                                                                    AK= 0.00424                
           I.C.E. + GAMMA  10   2.07E-04   5.531E-01   M1 MULTIPOLE                             
+                                                                    AK= 0.0186                 
                                                       AL1=0.00242                              
           I.C.E. + GAMMA  11   3.38E-04   5.766E-01   M1 MULTIPOLE                             
+                                                                    AK= 0.0167                 
                                                       AL1=0.00218                              
           I.C.E. + GAMMA  12   8.15E-04   5.975E-01   M1 MULTIPOLE                             
+                                                                    AK= 0.0153                 
                                                       AL1=0.00199                              
           I.C.E. + GAMMA  13   1.86E-04   6.371E-01   M1 MULTIPOLE                             
+                                                                    AK= 0.0102                 
                                                       AL1=0.00132                              
           I.C.E. + GAMMA  14   2.05E-04   6.371E-01   M1 MULTIPOLE                             
+                                                                    AK= 0.0102                 
                                                       AL1=0.00132                              
           I.C.E. + GAMMA  15   2.79E-05   6.976E-01   M1 MULTIPOLE                             
+                                                                    AK= 0.0104                 
                                                       AL1=0.00135                              
           I.C.E. + GAMMA  16   5.18E-04   7.452E-01   E2 MULTIPOLE                             
+                                                                    AK= 0.00459                
           I.C.E. + GAMMA  17   3.05E-04   7.701E-01   E2 MULTIPOLE                             
+                                                                    AK= 0.00427                
           I.C.E. + GAMMA  18   5.46E-04   7.766E-01   E2 MULTIPOLE                             
+                                                                    AK= 0.00419                
           I.C.E. + GAMMA  19   2.76E-05   8.970E-01   UNPLACED GAMMA                           
           I.C.E. + GAMMA  20   2.76E-05   9.104E-01   UNPLACED GAMMA                           
           I.C.E. + GAMMA  21   9.05E-05   9.317E-01   E2 MULTIPOLE                             
+                                                                    AK= 0.00284                
           I.C.E. + GAMMA  22   4.62E-06   9.840E-01   M1+E2 MULTIPOLE                          
                                                       AK= 0.00450                              
           I.C.E. + GAMMA  23   3.88E-05   9.928E-01   M1+E2 MULTIPOLE                          
                                                       AK= 0.0451    AL1=0.00585                
                                                       AM= 0.00134                              
           I.C.E. + GAMMA  24   6.47E-05   1.044E+00   M1 MULTIPOLE                             
+                                                                    AK= 0.00390                
           I.C.E. + GAMMA  25   2.30E-05   1.102E+00   E1 MULTIPOLE                             
           I.C.E. + GAMMA  26   1.84E-05   1.215E+00   E2 MULTIPOLE ASSUMED                     
                                                       AK= 0.00166                              
           I.C.E. + GAMMA  27   4.61E-05   1.276E+00   E2 MULTIPOLE ASSUMED                     
                                                       AK= 0.00151                              
 
           - - - - - - - - - -
           Reference: Evaluated Nuclear Structure Data File (ENSDF)
                DATE DATA WERE ENTERED INTO ENSDF: Aug-1996
%%%% 157 DY  66    EC           2.93040E+04   8.14 H   02-11-2005       INPUEND 
%%%% 157 DY  66    EC           2.93040E+04   8.14 H   02-11-2005       OUTPSTAR
1                                      **OUTPUT DATA**
              157-DYSPROSIUM-66
+                                    HALFLIFE = 8.14 HOURS   
+                                                                  02-11-2005

            MODE OF DECAY: ELECTRON CAPTURE
 
                                              MEAN
                                              NUMBER/                  MEV/
                                         ID   TRANSFOR-   ENERGY       TRANSFOR-
                  TYPE OF RADIATION      NO.  MATION      (MEV)        MATION

           K CONV. ELECTRON, GAMMA-RAY    1   3.68E-02    8.760E-03    3.22E-04
           L1 CONV. ELECTRON, GAMMA-RAY   1   4.91E-03    5.215E-02    2.56E-04
           L2 CONV. ELECTRON, GAMMA-RAY   1   6.68E-04    5.256E-02    3.51E-05
           L3 CONV. ELECTRON, GAMMA-RAY   1   3.54E-04    5.331E-02    1.89E-05
           M CONV. ELECTRON, GAMMA-RAY    1   1.31E-03    5.922E-02*   7.75E-05
           N+ CONV. ELECTRON, GAMMA-RAY   1   3.65E-04    6.082E-02*   2.22E-05
           GAMMA-RAY                      2   6.16E-03    8.301E-02    5.12E-04
           K CONV. ELECTRON, GAMMA-RAY    2   1.98E-02    3.095E-02    6.14E-04
           L1 CONV. ELECTRON, GAMMA-RAY   2   2.63E-03    7.434E-02    1.95E-04
           L2 CONV. ELECTRON, GAMMA-RAY   2   4.35E-04    7.475E-02    3.25E-05
           L3 CONV. ELECTRON, GAMMA-RAY   2   2.66E-04    7.550E-02    2.00E-05
           M CONV. ELECTRON, GAMMA-RAY    2   7.39E-04    8.141E-02*   6.01E-05
           N+ CONV. ELECTRON, GAMMA-RAY   2   2.05E-04    8.301E-02*   1.70E-05
           GAMMA-RAY                      4   1.84E-02    1.822E-01    3.35E-03
           K CONV. ELECTRON, GAMMA-RAY    4   9.38E-04    1.301E-01    1.22E-04
           L1 CONV. ELECTRON, GAMMA-RAY   4   1.04E-04    1.735E-01    1.81E-05
           GAMMA-RAY                      5   1.93E-03    2.653E-01    5.13E-04
           GAMMA-RAY                      7   9.20E-01    3.262E-01    3.00E-01
           K CONV. ELECTRON, GAMMA-RAY    7   1.05E-02    2.741E-01    2.89E-03
           L1 CONV. ELECTRON, GAMMA-RAY   7   1.23E-03    3.175E-01    3.91E-04
           L2 CONV. ELECTRON, GAMMA-RAY   7   1.19E-04    3.179E-01    3.78E-05
           L3 CONV. ELECTRON, GAMMA-RAY   7   1.27E-04    3.187E-01    4.06E-05
           M CONV. ELECTRON, GAMMA-RAY    7   3.21E-04    3.246E-01*   1.04E-04
           N+ CONV. ELECTRON, GAMMA-RAY   7   8.91E-05    3.262E-01*   2.90E-05
           GAMMA-RAY                     12   8.00E-04    5.975E-01    4.78E-04
           GAMMA-RAY                     16   5.15E-04    7.452E-01    3.84E-04
           GAMMA-RAY                     18   5.43E-04    7.766E-01    4.22E-04
           K -L2 X-RAY                        2.42E-01    4.380E-02    1.06E-02
           K -L3 X-RAY                        4.33E-01    4.455E-02    1.93E-02
           K -M2 X-RAY                        4.43E-02    5.031E-02    2.23E-03
           K -M3 X-RAY                        8.57E-02    5.046E-02    4.32E-03
           K -N2 X-RAY                        9.72E-03    5.174E-02    5.03E-04
           K -N3 X-RAY                        1.88E-02    5.178E-02    9.76E-04
           L3-M5 X-RAY                        7.14E-02    6.261E-03    4.47E-04
           AUGER KLL                          3.60E-02    3.589E-02*   1.29E-03
           AUGER KLX                          1.79E-02    4.255E-02*   7.61E-04
           AUGER KXY                          2.13E-03    4.921E-02*   1.05E-04
           CK LLX                             1.41E-01    6.202E-04*   8.72E-05
           AUGER LMM                          5.35E-01    4.953E-03*   2.65E-03
           AUGER LMX                          1.87E-01    6.160E-03*   1.15E-03
           AUGER LXY                          1.64E-02    7.402E-03*   1.21E-04
           CK MMX                             6.92E-01    1.973E-04*   1.37E-04
           AUGER MNN                          1.48E+00    9.610E-04*   1.42E-03
           AUGER MNX                          8.41E-02    1.136E-03*   9.56E-05
           CK NNX                             4.37E+00    1.220E-04*   5.33E-04
           AUGER NXY                          2.69E-01    1.356E-04*   3.65E-05
 
           ALL LISTED X-RAYS, GAMMA-RAYS AND ANNIHILATION RADIATION    3.44E-01
           ALL NEGLECTED X-RAYS, GAMMA-RAYS AND ANNIH. RADIATION**     3.08E-03
           ALL LISTED BETAS, INTERNAL CONVERSION AND AUGER ELECTRONS   1.37E-02
           ALL NEGLECTED BETAS, INT. CONVERSION AND AUGER ELECTRONS**  9.25E-05
           ALL LISTED RADIATIONS                                       3.58E-01
           ALL NEGLECTED RADIATIONS**                                  3.17E-03
 
           *  AVERAGE ENERGY (MEV)
           ** EACH NEGLECTED TRANSITION CONTRIBUTES LESS THAN  0.100%
              TO THE TOTAL MEV/TRANSFORMATION FOR THIS CATEGORY.
           TOTAL FEEDING OF GROUND STATE LEVEL IN 157-TERBIUM
             DAUGHTER IS 1.0000E+00 PER TRANSFORMATION OF 157-DYSPROSIUM.
             DECAY OF THIS 71 YEARS HALFLIFE LEVEL WILL CONTRIBUTE TO DOSE.
           - - - - - - - - - -
           INPUT DATA SOURCE: EVALUATED NUCLEAR STRUCTURE DATA FILE (ENSDF)
             DATE INPUT DATA WERE ENTERED INTO ENSDF: Aug-1996
%%%% 157 DY  66    EC           2.93040E+04   8.14 H   02-11-2005       OUTPEND 
%%%% 157 DY  66    EC           2.93040E+04   8.14 H   02-11-2005       SEEISTAR
157.  DYSPROSIUM   66.  8.140E+00 HOURS    245 EC                   157.DY 66.   0
 1 1  4.60000E-01  6.08200E-02  6.08200E-02  0.00000E+00            157.DY 66.   1   1
 6 1  3.67822E+00  8.76000E-03  8.76000E-03  1.00000E+00            157.DY 66.   2   1
 6 5  4.90848E-01  5.21469E-02  5.21469E-02  1.00000E+00            157.DY 66.   3   5
 6 6  6.68281E-02  5.25591E-02  5.25591E-02  1.00000E+00            157.DY 66.   4   6
 6 7  3.54346E-02  5.33147E-02  5.33147E-02  1.00000E+00            157.DY 66.   5   7
 6 3  1.30801E-01  5.92232E-02  5.92232E-02  1.00000E+00            157.DY 66.   6   3
 6 4  3.64706E-02  6.08200E-02  6.08200E-02  1.00000E+00            157.DY 66.   7   4
 1 2  6.16400E-01  8.30100E-02  8.30100E-02  0.00000E+00            157.DY 66.   8   2
 6 1  1.98413E+00  3.09500E-02  3.09500E-02  2.00000E+00            157.DY 66.   9   1
 6 5  2.62971E-01  7.43369E-02  7.43369E-02  2.00000E+00            157.DY 66.  10   5
 6 6  4.34655E-02  7.47491E-02  7.47491E-02  2.00000E+00            157.DY 66.  11   6
 6 7  2.65523E-02  7.55047E-02  7.55047E-02  2.00000E+00            157.DY 66.  12   7
 6 3  7.38726E-02  8.14132E-02  8.14132E-02  2.00000E+00            157.DY 66.  13   3
 6 4  2.04973E-02  8.30100E-02  8.30100E-02  2.00000E+00            157.DY 66.  14   4
 1 3  3.58800E-02  1.43830E-01  1.43830E-01  0.00000E+00            157.DY 66.  15   3
 6 1  1.49302E-02  9.17700E-02  9.17700E-02  3.00000E+00            157.DY 66.  16   1
 6 5  1.47500E-03  1.35157E-01  1.35157E-01  3.00000E+00            157.DY 66.  17   5
 6 6  3.52102E-03  1.35569E-01  1.35569E-01  3.00000E+00            157.DY 66.  18   6
 6 7  3.16956E-03  1.36325E-01  1.36325E-01  3.00000E+00            157.DY 66.  19   7
 6 3  1.92312E-03  1.42233E-01  1.42233E-01  3.00000E+00            157.DY 66.  20   3
 6 4  5.08171E-04  1.43830E-01  1.43830E-01  3.00000E+00            157.DY 66.  21   4
 1 4  1.84000E+00  1.82200E-01  1.82200E-01  0.00000E+00            157.DY 66.  22   4
 6 1  9.37893E-02  1.30140E-01  1.30140E-01  4.00000E+00            157.DY 66.  23   1
 6 5  1.04148E-02  1.73527E-01  1.73527E-01  4.00000E+00            157.DY 66.  24   5
 6 6  1.49713E-03  1.73939E-01  1.73939E-01  4.00000E+00            157.DY 66.  25   6
 6 7  1.70145E-03  1.74695E-01  1.74695E-01  4.00000E+00            157.DY 66.  26   7
 6 3  2.96383E-03  1.80603E-01  1.80603E-01  4.00000E+00            157.DY 66.  27   3
 6 4  8.16743E-04  1.82200E-01  1.82200E-01  4.00000E+00            157.DY 66.  28   4
 1 5  1.93200E-01  2.65340E-01  2.65340E-01  0.00000E+00            157.DY 66.  29   5
 6 1  3.70777E-03  2.13280E-01  2.13280E-01  5.00000E+00            157.DY 66.  30   1
 6 5  4.26620E-04  2.56667E-01  2.56667E-01  5.00000E+00            157.DY 66.  31   5
 6 6  4.74282E-05  2.57079E-01  2.57079E-01  5.00000E+00            157.DY 66.  32   6
 6 7  5.17494E-05  2.57835E-01  2.57835E-01  5.00000E+00            157.DY 66.  33   7
 6 3  1.14310E-04  2.63743E-01  2.63743E-01  5.00000E+00            157.DY 66.  34   3
 6 4  3.16357E-05  2.65340E-01  2.65340E-01  5.00000E+00            157.DY 66.  35   4
 1 6  5.15200E-02  2.97200E-01  2.97200E-01  0.00000E+00            157.DY 66.  36   6
 6 1  7.42750E-04  2.45140E-01  2.45140E-01  6.00000E+00            157.DY 66.  37   1
 6 5  8.62095E-05  2.88527E-01  2.88527E-01  6.00000E+00            157.DY 66.  38   5
 6 6  8.87506E-06  2.88939E-01  2.88939E-01  6.00000E+00            157.DY 66.  39   6
 6 7  9.58227E-06  2.89695E-01  2.89695E-01  6.00000E+00            157.DY 66.  40   7
 6 3  2.27427E-05  2.95603E-01  2.95603E-01  6.00000E+00            157.DY 66.  41   3
 6 4  6.30586E-06  2.97200E-01  2.97200E-01  6.00000E+00            157.DY 66.  42   4
 1 7  9.20000E+01  3.26160E-01  3.26160E-01  0.00000E+00            157.DY 66.  43   7
 6 1  1.05365E+00  2.74100E-01  2.74100E-01  7.00000E+00            157.DY 66.  44   1
 6 5  1.23076E-01  3.17487E-01  3.17487E-01  7.00000E+00            157.DY 66.  45   5
 6 6  1.18826E-02  3.17899E-01  3.17899E-01  7.00000E+00            157.DY 66.  46   6
 6 7  1.27303E-02  3.18655E-01  3.18655E-01  7.00000E+00            157.DY 66.  47   7
 6 3  3.20770E-02  3.24563E-01  3.24563E-01  7.00000E+00            157.DY 66.  48   3
 6 4  8.90525E-03  3.26160E-01  3.26160E-01  7.00000E+00            157.DY 66.  49   4
 1 8  1.84000E-02  4.05200E-01  4.05200E-01  0.00000E+00            157.DY 66.  50   8
 6 1  1.25450E-04  3.53140E-01  3.53140E-01  8.00000E+00            157.DY 66.  51   1
 6 5  1.48298E-05  3.96527E-01  3.96527E-01  8.00000E+00            157.DY 66.  52   5
 6 6  1.22452E-06  3.96939E-01  3.96939E-01  8.00000E+00            157.DY 66.  53   6
 6 7  1.29315E-06  3.97695E-01  3.97695E-01  8.00000E+00            157.DY 66.  54   7
 6 3  3.76356E-06  4.03603E-01  4.03603E-01  8.00000E+00            157.DY 66.  55   3
 6 4  1.04661E-06  4.05200E-01  4.05200E-01  8.00000E+00            157.DY 66.  56   4
 1 9  1.93200E-02  4.98700E-01  4.98700E-01  0.00000E+00            157.DY 66.  57   9
 6 1  8.19750E-05  4.46640E-01  4.46640E-01  9.00000E+00            157.DY 66.  58   1
 6 5  9.77340E-06  4.90027E-01  4.90027E-01  9.00000E+00            157.DY 66.  59   5
 6 6  6.92619E-07  4.90439E-01  4.90439E-01  9.00000E+00            157.DY 66.  60   6
 6 7  7.26400E-07  4.91195E-01  4.91195E-01  9.00000E+00            157.DY 66.  61   7
 6 3  2.42690E-06  4.97103E-01  4.97103E-01  9.00000E+00            157.DY 66.  62   3
 6 4  6.75756E-07  4.98700E-01  4.98700E-01  9.00000E+00            157.DY 66.  63   4
 110  2.02400E-02  5.53100E-01  5.53100E-01  0.00000E+00            157.DY 66.  64  10
 6 1  3.75664E-04  5.01040E-01  5.01040E-01  1.00000E+01            157.DY 66.  65   1
 6 5  4.90464E-05  5.44427E-01  5.44427E-01  1.00000E+01            157.DY 66.  66   5
 6 6  2.91060E-06  5.44839E-01  5.44839E-01  1.00000E+01            157.DY 66.  67   6
 6 7  4.95470E-07  5.45595E-01  5.45595E-01  1.00000E+01            157.DY 66.  68   7
 6 3  1.14372E-05  5.51503E-01  5.51503E-01  1.00000E+01            157.DY 66.  69   3
 6 4  3.20874E-06  5.53100E-01  5.53100E-01  1.00000E+01            157.DY 66.  70   4
 111  3.31200E-02  5.76600E-01  5.76600E-01  0.00000E+00            157.DY 66.  71  11
 6 1  5.53857E-04  5.24540E-01  5.24540E-01  1.10000E+01            157.DY 66.  72   1
 6 5  7.22063E-05  5.67927E-01  5.67927E-01  1.10000E+01            157.DY 66.  73   5
 6 6  4.22800E-06  5.68339E-01  5.68339E-01  1.10000E+01            157.DY 66.  74   6
 6 7  7.24473E-07  5.69095E-01  5.69095E-01  1.10000E+01            157.DY 66.  75   7
 6 3  1.68277E-05  5.75003E-01  5.75003E-01  1.10000E+01            157.DY 66.  76   3
 6 4  4.72189E-06  5.76600E-01  5.76600E-01  1.10000E+01            157.DY 66.  77   4
 112  8.00400E-02  5.97500E-01  5.97500E-01  0.00000E+00            157.DY 66.  78  12
 6 1  1.22460E-03  5.45440E-01  5.45440E-01  1.20000E+01            157.DY 66.  79   1
 6 5  1.59461E-04  5.88827E-01  5.88827E-01  1.20000E+01            157.DY 66.  80   5
 6 6  9.22838E-06  5.89239E-01  5.89239E-01  1.20000E+01            157.DY 66.  81   6
 6 7  1.59093E-06  5.89995E-01  5.89995E-01  1.20000E+01            157.DY 66.  82   7
 6 3  3.71416E-05  5.95903E-01  5.95903E-01  1.20000E+01            157.DY 66.  83   3
 6 4  1.04238E-05  5.97500E-01  5.97500E-01  1.20000E+01            157.DY 66.  84   4
 113  1.84000E-02  6.37100E-01  6.37100E-01  0.00000E+00            157.DY 66.  85  13
 6 1  1.87544E-04  5.85040E-01  5.85040E-01  1.30000E+01            157.DY 66.  86   1
 6 5  2.43724E-05  6.28427E-01  6.28427E-01  1.30000E+01            157.DY 66.  87   5
 6 6  1.38017E-06  6.28839E-01  6.28839E-01  1.30000E+01            157.DY 66.  88   6
 6 7  2.40822E-07  6.29595E-01  6.29595E-01  1.30000E+01            157.DY 66.  89   7
 6 3  5.67033E-06  6.35503E-01  6.35503E-01  1.30000E+01            157.DY 66.  90   3
 6 4  1.59198E-06  6.37100E-01  6.37100E-01  1.30000E+01            157.DY 66.  91   4
 114  2.02400E-02  6.37100E-01  6.37100E-01  0.00000E+00            157.DY 66.  92  14
 6 1  2.06299E-04  5.85040E-01  5.85040E-01  1.40000E+01            157.DY 66.  93   1
 6 5  2.68096E-05  6.28427E-01  6.28427E-01  1.40000E+01            157.DY 66.  94   5
 6 6  1.51818E-06  6.28839E-01  6.28839E-01  1.40000E+01            157.DY 66.  95   6
 6 7  2.64905E-07  6.29595E-01  6.29595E-01  1.40000E+01            157.DY 66.  96   7
 6 3  6.23737E-06  6.35503E-01  6.35503E-01  1.40000E+01            157.DY 66.  97   3
 6 4  1.75118E-06  6.37100E-01  6.37100E-01  1.40000E+01            157.DY 66.  98   4
 115  2.76000E-03  6.97600E-01  6.97600E-01  0.00000E+00            157.DY 66.  99  15
 6 1  2.87576E-05  6.45540E-01  6.45540E-01  1.50000E+01            157.DY 66. 100   1
 6 5  3.73018E-06  6.88927E-01  6.88927E-01  1.50000E+01            157.DY 66. 101   5
 6 6  2.04548E-07  6.89339E-01  6.89339E-01  1.50000E+01            157.DY 66. 102   6
 6 7  3.63955E-08  6.90095E-01  6.90095E-01  1.50000E+01            157.DY 66. 103   7
 6 3  8.65896E-07  6.96003E-01  6.96003E-01  1.50000E+01            157.DY 66. 104   3
 6 4  2.43296E-07  6.97600E-01  6.97600E-01  1.50000E+01            157.DY 66. 105   4
 116  5.15200E-02  7.45200E-01  7.45200E-01  0.00000E+00            157.DY 66. 106  16
 6 1  2.36376E-04  6.93140E-01  6.93140E-01  1.60000E+01            157.DY 66. 107   1
 6 5  2.93856E-05  7.36527E-01  7.36527E-01  1.60000E+01            157.DY 66. 108   5
 6 6  5.47685E-06  7.36939E-01  7.36939E-01  1.60000E+01            157.DY 66. 109   6
 6 7  2.73059E-06  7.37695E-01  7.37695E-01  1.60000E+01            157.DY 66. 110   7
 6 3  8.28765E-06  7.43603E-01  7.43603E-01  1.60000E+01            157.DY 66. 111   3
 6 4  2.29889E-06  7.45200E-01  7.45200E-01  1.60000E+01            157.DY 66. 112   4
 117  3.03600E-02  7.70100E-01  7.70100E-01  0.00000E+00            157.DY 66. 113  17
 6 1  1.29521E-04  7.18040E-01  7.18040E-01  1.70000E+01            157.DY 66. 114   1
 6 5  1.61157E-05  7.61427E-01  7.61427E-01  1.70000E+01            157.DY 66. 115   5
 6 6  2.86310E-06  7.61839E-01  7.61839E-01  1.70000E+01            157.DY 66. 116   6
 6 7  1.41761E-06  7.62595E-01  7.62595E-01  1.70000E+01            157.DY 66. 117   7
 6 3  4.49210E-06  7.68503E-01  7.68503E-01  1.70000E+01            157.DY 66. 118   3
 6 4  1.24671E-06  7.70100E-01  7.70100E-01  1.70000E+01            157.DY 66. 119   4
 118  5.42800E-02  7.76600E-01  7.76600E-01  0.00000E+00            157.DY 66. 120  18
 6 1  2.27325E-04  7.24540E-01  7.24540E-01  1.80000E+01            157.DY 66. 121   1
 6 5  2.82908E-05  7.67927E-01  7.67927E-01  1.80000E+01            157.DY 66. 122   5
 6 6  4.96505E-06  7.68339E-01  7.68339E-01  1.80000E+01            157.DY 66. 123   6
 6 7  2.45418E-06  7.69095E-01  7.69095E-01  1.80000E+01            157.DY 66. 124   7
 6 3  7.86285E-06  7.75003E-01  7.75003E-01  1.80000E+01            157.DY 66. 125   3
 6 4  2.18250E-06  7.76600E-01  7.76600E-01  1.80000E+01            157.DY 66. 126   4
 119  2.76000E-03  8.97000E-01  8.97000E-01  0.00000E+00            157.DY 66. 127  19
 120  2.76000E-03  9.10400E-01  9.10400E-01  0.00000E+00            157.DY 66. 128  20
 121  9.01600E-03  9.31700E-01  9.31700E-01  0.00000E+00            157.DY 66. 129  21
 6 1  2.55690E-05  8.79640E-01  8.79640E-01  2.10000E+01            157.DY 66. 130   1
 6 5  3.19159E-06  9.23027E-01  9.23027E-01  2.10000E+01            157.DY 66. 131   5
 6 6  4.31085E-07  9.23439E-01  9.23439E-01  2.10000E+01            157.DY 66. 132   6
 6 7  2.06807E-07  9.24195E-01  9.24195E-01  2.10000E+01            157.DY 66. 133   7
 6 3  8.39203E-07  9.30103E-01  9.30103E-01  2.10000E+01            157.DY 66. 134   3
 6 4  2.33500E-07  9.31700E-01  9.31700E-01  2.10000E+01            157.DY 66. 135   4
 122  4.60000E-04  9.84000E-01  9.84000E-01  0.00000E+00            157.DY 66. 136  22
 6 1  2.07048E-06  9.31940E-01  9.31940E-01  2.20000E+01            157.DY 66. 137   1
 6 5  2.68729E-07  9.75327E-01  9.75327E-01  2.20000E+01            157.DY 66. 138   5
 6 6  1.28554E-08  9.75739E-01  9.75739E-01  2.20000E+01            157.DY 66. 139   6
 6 7  2.54473E-09  9.76495E-01  9.76495E-01  2.20000E+01            157.DY 66. 140   7
 6 3  6.15709E-08  9.82403E-01  9.82403E-01  2.20000E+01            157.DY 66. 141   3
 6 4  1.73735E-08  9.84000E-01  9.84000E-01  2.20000E+01            157.DY 66. 142   4
 123  3.68000E-03  9.92800E-01  9.92800E-01  0.00000E+00            157.DY 66. 143  23
 6 1  1.65946E-04  9.40740E-01  9.40740E-01  2.30000E+01            157.DY 66. 144   1
 6 5  2.15384E-05  9.84127E-01  9.84127E-01  2.30000E+01            157.DY 66. 145   5
 6 6  1.02644E-06  9.84539E-01  9.84539E-01  2.30000E+01            157.DY 66. 146   6
 6 7  2.03916E-07  9.85295E-01  9.85295E-01  2.30000E+01            157.DY 66. 147   7
 6 3  4.93333E-06  9.91203E-01  9.91203E-01  2.30000E+01            157.DY 66. 148   3
 6 4  1.39215E-06  9.92800E-01  9.92800E-01  2.30000E+01            157.DY 66. 149   4
 124  6.44000E-03  1.04440E+00  1.04440E+00  0.00000E+00            157.DY 66. 150  24
 6 1  2.51297E-05  9.92340E-01  9.92340E-01  2.40000E+01            157.DY 66. 151   1
 6 5  3.26150E-06  1.03573E+00  1.03573E+00  2.40000E+01            157.DY 66. 152   5
 6 6  1.52066E-07  1.03614E+00  1.03614E+00  2.40000E+01            157.DY 66. 153   6
 6 7  3.08627E-08  1.03689E+00  1.03689E+00  2.40000E+01            157.DY 66. 154   7
 6 3  7.45795E-07  1.04280E+00  1.04280E+00  2.40000E+01            157.DY 66. 155   3
 6 4  2.10540E-07  1.04440E+00  1.04440E+00  2.40000E+01            157.DY 66. 156   4
 125  2.30000E-03  1.10230E+00  1.10230E+00  0.00000E+00            157.DY 66. 157  25
 6 1  1.97956E-06  1.05024E+00  1.05024E+00  2.50000E+01            157.DY 66. 158   1
 6 5  2.38800E-07  1.09363E+00  1.09363E+00  2.50000E+01            157.DY 66. 159   5
 6 6  9.08800E-09  1.09404E+00  1.09404E+00  2.50000E+01            157.DY 66. 160   6
 6 7  1.01120E-08  1.09479E+00  1.09479E+00  2.50000E+01            157.DY 66. 161   7
 6 3  5.58453E-08  1.10070E+00  1.10070E+00  2.50000E+01            157.DY 66. 162   3
 6 4  1.56716E-08  1.10230E+00  1.10230E+00  2.50000E+01            157.DY 66. 163   4
 126  1.84000E-03  1.21520E+00  1.21520E+00  0.00000E+00            157.DY 66. 164  26
 6 1  3.05530E-06  1.16314E+00  1.16314E+00  2.60000E+01            157.DY 66. 165   1
 6 5  3.81689E-07  1.20653E+00  1.20653E+00  2.60000E+01            157.DY 66. 166   5
 6 6  3.56475E-08  1.20694E+00  1.20694E+00  2.60000E+01            157.DY 66. 167   6
 6 7  1.67816E-08  1.20769E+00  1.20769E+00  2.60000E+01            157.DY 66. 168   7
 6 3  9.46021E-08  1.21360E+00  1.21360E+00  2.60000E+01            157.DY 66. 169   3
 6 4  2.63956E-08  1.21520E+00  1.21520E+00  2.60000E+01            157.DY 66. 170   4
 127  4.60000E-03  1.27620E+00  1.27620E+00  0.00000E+00            157.DY 66. 171  27
 6 1  6.94530E-06  1.22414E+00  1.22414E+00  2.70000E+01            157.DY 66. 172   1
 6 5  8.67842E-07  1.26753E+00  1.26753E+00  2.70000E+01            157.DY 66. 173   5
 6 6  7.58788E-08  1.26794E+00  1.26794E+00  2.70000E+01            157.DY 66. 174   6
 6 7  3.57156E-08  1.26869E+00  1.26869E+00  2.70000E+01            157.DY 66. 175   7
 6 3  2.13232E-07  1.27460E+00  1.27460E+00  2.70000E+01            157.DY 66. 176   3
 6 4  5.95267E-08  1.27620E+00  1.27620E+00  2.70000E+01            157.DY 66. 177   4
 2 1  2.41706E+01  4.37992E-02  4.37992E-02  0.00000E+00            157.DY 66. 178   1
 2 2  4.33218E+01  4.45546E-02  4.45546E-02  0.00000E+00            157.DY 66. 179   2
 2 3  4.43104E+00  5.03066E-02  5.03066E-02  0.00000E+00            157.DY 66. 180   3
 2 4  8.57053E+00  5.04632E-02  5.04632E-02  0.00000E+00            157.DY 66. 181   4
 2 5  7.02768E-02  5.07810E-02  5.07810E-02  0.00000E+00            157.DY 66. 182   5
 2 6  9.22232E-02  5.08154E-02  5.08154E-02  0.00000E+00            157.DY 66. 183   6
 2 7  9.72335E-01  5.17440E-02  5.17440E-02  0.00000E+00            157.DY 66. 184   7
 2 8  1.88451E+00  5.17791E-02  5.17791E-02  0.00000E+00            157.DY 66. 185   8
 2 9  1.57707E-02  5.18994E-02  5.18994E-02  0.00000E+00            157.DY 66. 186   9
 210  2.06238E-02  5.19056E-02  5.19056E-02  0.00000E+00            157.DY 66. 187  10
 211  2.08654E-01  5.20277E-02  5.20277E-02  0.00000E+00            157.DY 66. 188  11
 212  4.31378E-01  5.20323E-02  5.20323E-02  0.00000E+00            157.DY 66. 189  12
 221  3.15195E-04  4.12200E-04  4.12200E-04  0.00000E+00            157.DY 66. 190  21
 222  1.62473E-02  1.16780E-03  1.16780E-03  0.00000E+00            157.DY 66. 191  22
 223  4.12907E-01  6.91969E-03  6.91969E-03  0.00000E+00            157.DY 66. 192  23
 224  5.82551E-01  7.07629E-03  7.07629E-03  0.00000E+00            157.DY 66. 193  24
 225  9.10407E-03  7.39410E-03  7.39410E-03  0.00000E+00            157.DY 66. 194  25
 226  1.36236E-02  7.42850E-03  7.42850E-03  0.00000E+00            157.DY 66. 195  26
 227  9.78255E-02  8.35710E-03  8.35710E-03  0.00000E+00            157.DY 66. 196  27
 228  1.43820E-01  8.39206E-03  8.39206E-03  0.00000E+00            157.DY 66. 197  28
 229  1.23377E-03  8.51252E-03  8.51252E-03  0.00000E+00            157.DY 66. 198  29
 230  1.90275E-03  8.51881E-03  8.51881E-03  0.00000E+00            157.DY 66. 199  30
 231  1.34084E-02  8.64087E-03  8.64087E-03  0.00000E+00            157.DY 66. 200  31
 232  1.90832E-02  8.64550E-03  8.64550E-03  0.00000E+00            157.DY 66. 201  32
 241  2.03393E-05  7.55602E-04  7.55602E-04  0.00000E+00            157.DY 66. 202  41
 242  1.64067E-01  6.32511E-03  6.32511E-03  0.00000E+00            157.DY 66. 203  42
 243  3.45561E-03  6.66409E-03  6.66409E-03  0.00000E+00            157.DY 66. 204  43
 244  4.67855E+00  6.98190E-03  6.98190E-03  0.00000E+00            157.DY 66. 205  44
 245  3.26590E-02  7.87251E-03  7.87251E-03  0.00000E+00            157.DY 66. 206  45
 246  7.61937E-04  7.97985E-03  7.97985E-03  0.00000E+00            157.DY 66. 207  46
 247  8.17058E-01  8.10032E-03  8.10032E-03  0.00000E+00            157.DY 66. 208  47
 248  7.43151E-04  8.25052E-03  8.25052E-03  0.00000E+00            157.DY 66. 209  48
 249  5.62584E-03  8.20873E-03  8.20873E-03  0.00000E+00            157.DY 66. 210  49
 250  1.71520E-04  8.23331E-03  8.23331E-03  0.00000E+00            157.DY 66. 211  50
 261  5.65454E-01  5.56950E-03  5.56950E-03  0.00000E+00            157.DY 66. 212  61
 262  3.90857E-03  5.75191E-03  5.75191E-03  0.00000E+00            157.DY 66. 213  62
 263  3.57461E-03  5.90850E-03  5.90850E-03  0.00000E+00            157.DY 66. 214  63
 264  8.07481E-01  6.22630E-03  6.22630E-03  0.00000E+00            157.DY 66. 215  64
 265  7.13925E+00  6.26069E-03  6.26069E-03  0.00000E+00            157.DY 66. 216  65
 266  7.81589E-02  7.11691E-03  7.11691E-03  0.00000E+00            157.DY 66. 217  66
 267  6.31992E-04  7.18930E-03  7.18930E-03  0.00000E+00            157.DY 66. 218  67
 268  6.11911E-04  7.22426E-03  7.22426E-03  0.00000E+00            157.DY 66. 219  68
 269  1.34700E-01  7.34473E-03  7.34473E-03  0.00000E+00            157.DY 66. 220  69
 270  1.20477E+00  7.35101E-03  7.35101E-03  0.00000E+00            157.DY 66. 221  70
 271  1.97502E-04  7.49490E-03  7.49490E-03  0.00000E+00            157.DY 66. 222  71
 272  1.13089E-03  7.49579E-03  7.49579E-03  0.00000E+00            157.DY 66. 223  72
 273  1.45937E-02  7.45315E-03  7.45315E-03  0.00000E+00            157.DY 66. 224  73
 274  1.45420E-04  7.47302E-03  7.47302E-03  0.00000E+00            157.DY 66. 225  74
 275  1.24643E-04  7.47771E-03  7.47771E-03  0.00000E+00            157.DY 66. 226  75
 291  1.62153E+00  1.16047E-03  1.16047E-03  0.00000E+00            157.DY 66. 227  91
 292  4.18568E-02  1.65263E-04  1.65263E-04  0.00000E+00            157.DY 66. 228  92
 293  1.52048E-05  2.36125E-05  2.36125E-05  0.00000E+00            157.DY 66. 229  93
 294  9.56029E+02  1.38232E-05  1.38232E-05  0.00000E+00            157.DY 66. 230  94
 7 1  3.59765E+00  3.58945E-02  3.58945E-02  0.00000E+00            157.DY 66. 231   1
 7 2  1.78912E+00  4.25487E-02  4.25487E-02  0.00000E+00            157.DY 66. 232   2
 7 3  2.13461E-01  4.92092E-02  4.92092E-02  0.00000E+00            157.DY 66. 233   3
 7 4  1.40575E+01  6.20224E-04  6.20224E-04  0.00000E+00            157.DY 66. 234   4
 7 5  5.34774E+01  4.95252E-03  4.95252E-03  0.00000E+00            157.DY 66. 235   5
 7 6  1.86896E+01  6.16044E-03  6.16044E-03  0.00000E+00            157.DY 66. 236   6
 7 7  1.64121E+00  7.40249E-03  7.40249E-03  0.00000E+00            157.DY 66. 237   7
 7 8  6.92449E+01  1.97314E-04  1.97314E-04  0.00000E+00            157.DY 66. 238   8
 7 9  1.47928E+02  9.60957E-04  9.60957E-04  0.00000E+00            157.DY 66. 239   9
 710  8.40980E+00  1.13641E-03  1.13641E-03  0.00000E+00            157.DY 66. 240  10
 711  3.46098E-01  1.32513E-03  1.32513E-03  0.00000E+00            157.DY 66. 241  11
 712  4.36772E+02  1.22007E-04  1.22007E-04  0.00000E+00            157.DY 66. 242  12
 713  2.68964E+01  1.35553E-04  1.35553E-04  0.00000E+00            157.DY 66. 243  13
 714  5.69461E+01  1.73725E-05  1.73725E-05  0.00000E+00            157.DY 66. 244  14
 715  4.45770E-01  4.15900E-05  4.15900E-05  0.00000E+00            157.DY 66. 245  15
%%%% 157 DY  66    EC           2.93040E+04   8.14 H   02-11-2005       SEEIEND 
 


   ***************************************************** 
   *                 Radiation Summary                 * 
   ***************************************************** 
 
  Energy released by
    Gamma-ray                       (MeV) =   3.07484E-01
    X-ray                           (MeV) =   3.95108E-02
    Free-bound X-ray                (MeV) =   1.32154E-04
    Annihilation photon             (MeV) =   0.00000E+00
    Beta+ particle                  (MeV) =   0.00000E+00
    Neutrino                        (MeV) =   9.80331E-01
    Beta- particle                  (MeV) =   0.00000E+00
    Neutrino-                       (MeV) =   0.00000E+00
    Internal conv. electron         (MeV) =   5.37940E-03
    Auger and CK electron           (MeV) =   8.40390E-03
    Alpha particle                  (MeV) =   0.00000E+00
    Recoil nucleus                  (MeV) =   0.00000E+00
  E-total (except unplaced radiat.) (MeV) =   1.34124E+00
  E-unplaced radiation              (MeV) =   4.98842E-05
  Q-value from ENSDF data           (MeV) =   1.34100E+00
  Ratio of E-total/Q-value          ( % ) =   1.00018E+02
  Ratio of E-unplaced radi./Q-value ( % ) =   3.71993E-03

 
  Total yield of
    Gamma-ray                             =   9.55740E-01
    X-ray                                 =   1.02823E+00
    Free-bound X-ray                      =   9.56029E+00
    Annihilation photon                   =   0.00000E+00
    Beta+ particle                        =   0.00000E+00
    Beta- particle                        =   0.00000E+00
    Internal conv. electron               =   8.23864E-02
    Auger and CK electron                 =   8.40455E+00
    Alpha particle                        =   0.00000E+00
  Yield of unplaced radiation             =   5.52000E-05


