%%%% 166 DY  66    B-           2.93760E+05 81.6 H     02-11-2005       BALASTAR
1 166   DY  66 81.6 H          B-         
1INTENSITY AND ENERGY BALANCE DATA

              166-DYSPROSIUM-66
+                                    HALFLIFE = 81.6 HOURS   
+                                                                  02-11-2005


    LEVEL       INTENSITY   INTENSITY
    ENERGY      ENTERING    LEAVING     PERCENT
    (MEV)       LEVEL       LEVEL       ERROR

   0.0000E+00  1.1120E+02
   5.4239E-02  2.6537E+01  2.6950E+01  1.5457E+00                      
   8.2470E-02  8.9205E+01  9.9988E+01  1.1398E+01  ********************
   3.7313E-01  1.5501E-02  1.5705E-02  1.3062E+00                      
   4.2599E-01  1.1626E+00  1.1700E+00  6.3550E-01                      


 INTENSITY TO GROUND AND ISOMERIC STATE(S) OF DAUGHTER(S)=  1.112E+02
 TOTAL INTENSITY FROM PARENT=  1.000E+02
 PERCENT ERROR =  1.007E+01  ********************


 TOTAL INTENSITY FROM PARENT =  1.000E+02
 VALUE IS WITHIN   1.53E-05% OF 100                      


 TOTAL ENERGY AVAILABLE =  4.869E-01 MEV
 TOTAL ENERGY CONTENT OF ALL RADIATIONS =  4.960E-01 MEV
 PERCENT ERROR =  1.844E+00                      
%%%% 166 DY  66    B-           2.93760E+05 81.6 H     02-11-2005       BALAEND 
%%%% 166 DY  66    B-           2.93760E+05 81.6 H     02-11-2005       INPUSTAR
1                                      **INPUT DATA**
              166-DYSPROSIUM-66
+                                    HALFLIFE = 81.6 HOURS   
+                                                                  02-11-2005

            MODE OF DECAY: BETA MINUS
 
                                MEAN
                                NUMBER/    TRANSITION
                TYPE OF    ID   TRANSFOR-  ENERGY
              TRANSITION   NO.  MATION     (MEV)       OTHER NUCLEAR PARAMETERS

               BETA MINUS   1   1.16E-02   6.091E-02*  ALLOWED                                  
               BETA MINUS   2   1.55E-04   1.138E-01*  FIRST FORBIDDEN                          
               BETA MINUS   3   8.91E-01   4.044E-01*  FIRST FORBIDDEN                          
               BETA MINUS   4   4.84E-02   4.327E-01*  UNIQUE FIRST FORBIDDEN                   
               BETA MINUS   5   4.84E-02   4.869E-01*  FIRST FORBIDDEN                          
           I.C.E. + GAMMA   1   2.12E-01   2.823E-02   M1 MULTIPOLE                             
+                                                                    AK= 0.0                    
                                                       AL1=12.5      AL2=1.14                   
                                                       AL3=0.189     AM= 3.06                   
                                                       AN+=0.863                                
           I.C.E. + GAMMA   2   2.70E-01   5.424E-02   E2 MULTIPOLE                             
+                                                                    AK= 0.0                    
                                                       AL1=0.313     AL2=11.3                   
                                                       AL3=13.0      AM= 5.95                   
                                                       AN+=1.56                                 
           I.C.E. + GAMMA   3   7.88E-01   8.247E-02   M1 MULTIPOLE                             
+                                                                    AK= 3.95                   
                                                       AL1=0.536     AL2=0.0460                 
                                                       AL3=0.00725   AM= 0.131                  
                                                       AN+=0.0369                               
           I.C.E. + GAMMA   4   1.57E-04   2.907E-01   M1 MULTIPOLE                             
+                                                                    AK= 0.116                  
                                                       AL1=0.0157    AL2=0.00115                
                                                       AM= 0.00375   AN+=0.00106                
           I.C.E. + GAMMA   5   5.59E-04   3.435E-01   E1 MULTIPOLE                             
+                                                                    AK= 0.0109                 
                                                       AL1=0.00129                              
           I.C.E. + GAMMA   6   5.30E-03   3.718E-01   E1 MULTIPOLE                             
+                                                                    AK= 0.00906                
                                                       AL1=0.00107                              
           I.C.E. + GAMMA   7   5.84E-03   4.260E-01   E1 MULTIPOLE                             
+                                                                    AK= 0.00658                
 
           * ENDPOINT ENERGY (MEV)
           - - - - - - - - - -
           Reference: Evaluated Nuclear Structure Data File (ENSDF)
                DATE DATA WERE ENTERED INTO ENSDF: Nov-1992
%%%% 166 DY  66    B-           2.93760E+05 81.6 H     02-11-2005       INPUEND 
%%%% 166 DY  66    B-           2.93760E+05 81.6 H     02-11-2005       OUTPSTAR
1                                      **OUTPUT DATA**
              166-DYSPROSIUM-66
+                                    HALFLIFE = 81.6 HOURS   
+                                                                  02-11-2005

            MODE OF DECAY: BETA MINUS
 
                                              MEAN
                                              NUMBER/                  MEV/
                                         ID   TRANSFOR-   ENERGY       TRANSFOR-
                  TYPE OF RADIATION      NO.  MATION      (MEV)        MATION

           BETA MINUS                     1   1.16E-02    1.563E-02*   1.82E-04
           BETA MINUS                     3   8.91E-01    1.184E-01*   1.06E-01
           BETA MINUS                     4   4.84E-02    1.413E-01*   6.84E-03
           BETA MINUS                     5   4.84E-02    1.462E-01*   7.08E-03
           GAMMA-RAY                      1   1.13E-02    2.823E-02    3.19E-04
           L1 CONV. ELECTRON, GAMMA-RAY   1   1.41E-01    1.887E-02    2.66E-03
           L2 CONV. ELECTRON, GAMMA-RAY   1   1.29E-02    1.930E-02    2.49E-04
           M CONV. ELECTRON, GAMMA-RAY    1   3.46E-02    2.650E-02*   9.17E-04
           N+ CONV. ELECTRON, GAMMA-RAY   1   9.77E-03    2.823E-02*   2.76E-04
           GAMMA-RAY                      2   8.14E-03    5.424E-02    4.42E-04
           L2 CONV. ELECTRON, GAMMA-RAY   2   9.19E-02    4.531E-02    4.17E-03
           L3 CONV. ELECTRON, GAMMA-RAY   2   1.06E-01    4.618E-02    4.88E-03
           M CONV. ELECTRON, GAMMA-RAY    2   4.85E-02    5.251E-02*   2.55E-03
           N+ CONV. ELECTRON, GAMMA-RAY   2   1.27E-02    5.424E-02*   6.89E-04
           GAMMA-RAY                      3   1.38E-01    8.247E-02    1.14E-02
           K CONV. ELECTRON, GAMMA-RAY    3   5.46E-01    2.677E-02    1.46E-02
           L1 CONV. ELECTRON, GAMMA-RAY   3   7.40E-02    7.311E-02    5.41E-03
           L2 CONV. ELECTRON, GAMMA-RAY   3   6.35E-03    7.354E-02    4.67E-04
           M CONV. ELECTRON, GAMMA-RAY    3   1.81E-02    8.074E-02*   1.46E-03
           N+ CONV. ELECTRON, GAMMA-RAY   3   5.09E-03    8.247E-02*   4.20E-04
           GAMMA-RAY                      5   5.52E-04    3.435E-01    1.90E-04
           GAMMA-RAY                      6   5.24E-03    3.718E-01    1.95E-03
           GAMMA-RAY                      7   5.80E-03    4.260E-01    2.47E-03
           K -L2 X-RAY                        1.48E-01    4.677E-02    6.91E-03
           K -L3 X-RAY                        2.63E-01    4.764E-02    1.25E-02
           K -M2 X-RAY                        2.73E-02    5.379E-02    1.47E-03
           K -M3 X-RAY                        5.27E-02    5.397E-02    2.84E-03
           K -N2 X-RAY                        6.02E-03    5.536E-02    3.33E-04
           K -N3 X-RAY                        1.17E-02    5.540E-02    6.45E-04
           K -O2 X-RAY                        1.33E-03    5.567E-02    7.41E-05
           K -O3 X-RAY                        2.77E-03    5.567E-02    1.54E-04
           L1-M2 X-RAY                        6.46E-03    7.450E-03    4.81E-05
           L1-M3 X-RAY                        8.89E-03    7.632E-03    6.79E-05
           L2-M4 X-RAY                        5.52E-02    7.533E-03    4.16E-04
           L2-N4 X-RAY                        9.73E-03    8.755E-03    8.52E-05
           L3-M4 X-RAY                        8.12E-03    6.667E-03    5.41E-05
           L3-M5 X-RAY                        7.17E-02    6.706E-03    4.81E-04
           L3-N5 X-RAY                        1.22E-02    7.895E-03    9.61E-05
           Free-Bound X-RAY                   9.20E+00    1.364E-05*   1.25E-04
           AUGER KLL                          2.04E-02    3.825E-02*   7.81E-04
           AUGER KLX                          1.03E-02    4.542E-02*   4.67E-04
           AUGER LMM                          5.14E-01    5.345E-03*   2.75E-03
           AUGER LMX                          1.82E-01    6.669E-03*   1.22E-03
           AUGER MNN                          1.46E+00    1.076E-03*   1.57E-03
           CK NNX                             4.19E+00    1.347E-04*   5.65E-04
 
           ALL LISTED X-RAYS, GAMMA-RAYS AND ANNIHILATION RADIATION    4.31E-02
           ALL NEGLECTED X-RAYS, GAMMA-RAYS AND ANNIH. RADIATION**     2.47E-04
           ALL LISTED BETAS, INTERNAL CONVERSION AND AUGER ELECTRONS   1.66E-01
           ALL NEGLECTED BETAS, INT. CONVERSION AND AUGER ELECTRONS**  9.04E-04
           ALL LISTED RADIATIONS                                       2.09E-01
           ALL NEGLECTED RADIATIONS**                                  1.15E-03
 
           *  AVERAGE ENERGY (MEV)
           ** EACH NEGLECTED TRANSITION CONTRIBUTES LESS THAN  0.100%
              TO THE TOTAL MEV/TRANSFORMATION FOR THIS CATEGORY.
           TOTAL FEEDING OF GROUND STATE LEVEL IN 166-HOLMIUM
             DAUGHTER IS 1.0000E+00 PER TRANSFORMATION OF 166-DYSPROSIUM.
             DECAY OF THIS 26.8 HOURS HALFLIFE LEVEL WILL CONTRIBUTE TO DOSE.
           - - - - - - - - - -
           INPUT DATA SOURCE: EVALUATED NUCLEAR STRUCTURE DATA FILE (ENSDF)
             DATE INPUT DATA WERE ENTERED INTO ENSDF: Nov-1992
%%%% 166 DY  66    B-           2.93760E+05 81.6 H     02-11-2005       OUTPEND 
%%%% 166 DY  66    B-           2.93760E+05 81.6 H     02-11-2005       BETASTAR
1
              166-DYSPROSIUM-66
+                                    HALFLIFE = 81.6 HOURS   
+                                                                  02-11-2005

            BETA SPECTRUM DATA FOR ALL DECAY BRANCHES

                      BETAS PER                BETAS PER                BETAS PER
            ENERGY    MEV            ENERGY    MEV            ENERGY    MEV
            (MEV)     PER DECAY      (MEV)     PER DECAY      (MEV)     PER DECAY

            0.00000   5.905E+00      0.00160   5.852E+00      0.03000   5.120E+00
            0.00010   5.902E+00      0.00180   5.845E+00      0.03200   5.079E+00
            0.00011   5.902E+00      0.00200   5.839E+00      0.03600   4.999E+00
            0.00012   5.901E+00      0.00220   5.832E+00      0.04000   4.923E+00
            0.00013   5.901E+00      0.00240   5.826E+00      0.04500   4.833E+00
            0.00014   5.901E+00      0.00260   5.819E+00      0.05000   4.749E+00
            0.00015   5.900E+00      0.00280   5.812E+00      0.05500   4.671E+00
            0.00016   5.900E+00      0.00300   5.806E+00      0.06000   4.600E+00
            0.00018   5.899E+00      0.00320   5.799E+00      0.06500   4.534E+00
            0.00020   5.899E+00      0.00360   5.786E+00      0.07000   4.467E+00
            0.00022   5.898E+00      0.00400   5.773E+00      0.07500   4.398E+00
            0.00024   5.897E+00      0.00450   5.757E+00      0.08000   4.328E+00
            0.00026   5.897E+00      0.00500   5.740E+00      0.08500   4.257E+00
            0.00028   5.896E+00      0.00550   5.724E+00      0.09000   4.185E+00
            0.00030   5.895E+00      0.00600   5.708E+00      0.10000   4.038E+00
            0.00032   5.895E+00      0.00650   5.692E+00      0.11000   3.886E+00
            0.00036   5.893E+00      0.00700   5.676E+00      0.12000   3.731E+00
            0.00040   5.892E+00      0.00750   5.660E+00      0.13000   3.573E+00
            0.00045   5.890E+00      0.00800   5.644E+00      0.14000   3.412E+00
            0.00050   5.889E+00      0.00850   5.628E+00      0.15000   3.248E+00
            0.00055   5.887E+00      0.00900   5.612E+00      0.16000   3.082E+00
            0.00060   5.885E+00      0.01000   5.581E+00      0.18000   2.746E+00
            0.00065   5.884E+00      0.01100   5.549E+00      0.20000   2.407E+00
            0.00070   5.882E+00      0.01200   5.518E+00      0.22000   2.070E+00
            0.00075   5.880E+00      0.01300   5.498E+00      0.24000   1.739E+00
            0.00080   5.879E+00      0.01400   5.474E+00      0.26000   1.420E+00
            0.00085   5.877E+00      0.01500   5.451E+00      0.28000   1.119E+00
            0.00090   5.875E+00      0.01600   5.428E+00      0.30000   8.398E-01
            0.00100   5.872E+00      0.01800   5.382E+00      0.32000   5.904E-01
            0.00110   5.869E+00      0.02000   5.337E+00      0.36000   2.067E-01
            0.00120   5.865E+00      0.02200   5.292E+00      0.40000   2.590E-02
            0.00130   5.862E+00      0.02400   5.248E+00      0.45000   3.466E-03
            0.00140   5.859E+00      0.02600   5.205E+00      0.48690   0.000E+00
            0.00150   5.855E+00      0.02800   5.162E+00

            AVERAGE BETA ENERGY =   1.197E-01

            TOTAL BETAS PER DECAY FOR ALL BRANCHES =   1.000E+00
%%%% 166 DY  66    B-           2.93760E+05 81.6 H     02-11-2005       BETAEND 
%%%% 166 DY  66    B-           2.93760E+05 81.6 H     02-11-2005       SEEISTAR
166.  DYSPROSIUM   66.  8.160E+01 HOURS    120 B-                   166.DY 66.   0
 5 1  1.16261E+00  1.56270E-02  6.09100E-02  0.00000E+00            166.DY 66.   1   1
 5 2  1.55015E-02  2.98955E-02  1.13770E-01  0.00000E+00            166.DY 66.   2   2
 5 3  8.91335E+01  1.18443E-01  4.04430E-01  0.00000E+00            166.DY 66.   3   3
 5 4  4.84421E+00  1.41287E-01  4.32661E-01  1.00000E+00            166.DY 66.   4   4
 5 5  4.84421E+00  1.46222E-01  4.86900E-01  0.00000E+00            166.DY 66.   5   5
 1 1  1.13160E+00  2.82270E-02  2.82270E-02  0.00000E+00            166.DY 66.   6   1
 6 5  1.40887E+01  1.88668E-02  1.88668E-02  1.00000E+00            166.DY 66.   7   5
 6 6  1.28948E+00  1.92983E-02  1.92983E-02  1.00000E+00            166.DY 66.   8   6
 6 7  2.14067E-01  2.01653E-02  2.01653E-02  1.00000E+00            166.DY 66.   9   7
 6 3  3.46233E+00  2.64985E-02  2.64985E-02  1.00000E+00            166.DY 66.  10   3
 6 4  9.76669E-01  2.82270E-02  2.82270E-02  1.00000E+00            166.DY 66.  11   4
 1 2  8.14200E-01  5.42390E-02  5.42390E-02  0.00000E+00            166.DY 66.  12   2
 6 5  2.54473E-01  4.48788E-02  4.48788E-02  2.00000E+00            166.DY 66.  13   5
 6 6  9.19266E+00  4.53103E-02  4.53103E-02  2.00000E+00            166.DY 66.  14   6
 6 7  1.05706E+01  4.61773E-02  4.61773E-02  2.00000E+00            166.DY 66.  15   7
 6 3  4.84821E+00  5.25105E-02  5.25105E-02  2.00000E+00            166.DY 66.  16   3
 6 4  1.27037E+00  5.42390E-02  5.42390E-02  2.00000E+00            166.DY 66.  17   4
 1 3  1.38000E+01  8.24700E-02  8.24700E-02  0.00000E+00            166.DY 66.  18   3
 6 1  5.45763E+01  2.67710E-02  2.67710E-02  3.00000E+00            166.DY 66.  19   1
 6 5  7.39797E+00  7.31098E-02  7.31098E-02  3.00000E+00            166.DY 66.  20   5
 6 6  6.35143E-01  7.35413E-02  7.35413E-02  3.00000E+00            166.DY 66.  21   6
 6 7  1.00071E-01  7.44083E-02  7.44083E-02  3.00000E+00            166.DY 66.  22   7
 6 3  1.80638E+00  8.07415E-02  8.07415E-02  3.00000E+00            166.DY 66.  23   3
 6 4  5.08881E-01  8.24700E-02  8.24700E-02  3.00000E+00            166.DY 66.  24   4
 1 4  1.38000E-02  2.90660E-01  2.90660E-01  0.00000E+00            166.DY 66.  25   4
 6 1  1.60459E-03  2.34961E-01  2.34961E-01  4.00000E+00            166.DY 66.  26   1
 6 5  2.16149E-04  2.81300E-01  2.81300E-01  4.00000E+00            166.DY 66.  27   5
 6 6  1.58419E-05  2.81731E-01  2.81731E-01  4.00000E+00            166.DY 66.  28   6
 6 7  2.38455E-06  2.82598E-01  2.82598E-01  4.00000E+00            166.DY 66.  29   7
 6 3  5.17281E-05  2.88932E-01  2.88932E-01  4.00000E+00            166.DY 66.  30   3
 6 4  1.45969E-05  2.90660E-01  2.90660E-01  4.00000E+00            166.DY 66.  31   4
 1 5  5.52000E-02  3.43510E-01  3.43510E-01  0.00000E+00            166.DY 66.  32   5
 6 1  6.04096E-04  2.87811E-01  2.87811E-01  5.00000E+00            166.DY 66.  33   1
 6 5  7.09769E-05  3.34150E-01  3.34150E-01  5.00000E+00            166.DY 66.  34   5
 6 6  7.15654E-06  3.34581E-01  3.34581E-01  5.00000E+00            166.DY 66.  35   6
 6 7  7.37522E-06  3.35448E-01  3.35448E-01  5.00000E+00            166.DY 66.  36   7
 6 3  1.88563E-05  3.41782E-01  3.41782E-01  5.00000E+00            166.DY 66.  37   3
 6 4  5.25029E-06  3.43510E-01  3.43510E-01  5.00000E+00            166.DY 66.  38   4
 1 6  5.24400E-01  3.71750E-01  3.71750E-01  0.00000E+00            166.DY 66.  39   6
 6 1  4.74963E-03  3.16051E-01  3.16051E-01  6.00000E+00            166.DY 66.  40   1
 6 5  5.61926E-04  3.62390E-01  3.62390E-01  6.00000E+00            166.DY 66.  41   5
 6 6  5.35151E-05  3.62821E-01  3.62821E-01  6.00000E+00            166.DY 66.  42   6
 6 7  5.47819E-05  3.63688E-01  3.63688E-01  6.00000E+00            166.DY 66.  43   7
 6 3  1.47594E-04  3.70022E-01  3.70022E-01  6.00000E+00            166.DY 66.  44   3
 6 4  4.11391E-05  3.71750E-01  3.71750E-01  6.00000E+00            166.DY 66.  45   4
 1 7  5.79600E-01  4.25990E-01  4.25990E-01  0.00000E+00            166.DY 66.  46   7
 6 1  3.81468E-03  3.70291E-01  3.70291E-01  7.00000E+00            166.DY 66.  47   1
 6 5  4.55854E-04  4.16630E-01  4.16630E-01  7.00000E+00            166.DY 66.  48   5
 6 6  3.93484E-05  4.17061E-01  4.17061E-01  7.00000E+00            166.DY 66.  49   6
 6 7  3.98856E-05  4.17928E-01  4.17928E-01  7.00000E+00            166.DY 66.  50   7
 6 3  1.17627E-04  4.24262E-01  4.24262E-01  7.00000E+00            166.DY 66.  51   3
 6 4  3.28312E-05  4.25990E-01  4.25990E-01  7.00000E+00            166.DY 66.  52   4
 2 1  1.47756E+01  4.67702E-02  4.67702E-02  0.00000E+00            166.DY 66.  53   1
 2 2  2.63157E+01  4.76373E-02  4.76373E-02  0.00000E+00            166.DY 66.  54   2
 2 3  2.72573E+00  5.37885E-02  5.37885E-02  0.00000E+00            166.DY 66.  55   3
 2 4  5.26860E+00  5.39705E-02  5.39705E-02  0.00000E+00            166.DY 66.  56   4
 2 5  4.65537E-02  5.43038E-02  5.43038E-02  0.00000E+00            166.DY 66.  57   5
 2 6  6.06074E-02  5.43437E-02  5.43437E-02  0.00000E+00            166.DY 66.  58   6
 2 7  6.01707E-01  5.53559E-02  5.53559E-02  0.00000E+00            166.DY 66.  59   7
 2 8  1.16510E+00  5.53966E-02  5.53966E-02  0.00000E+00            166.DY 66.  60   8
 2 9  1.05696E-02  5.55253E-02  5.55253E-02  0.00000E+00            166.DY 66.  61   9
 210  1.36969E-02  5.55327E-02  5.55327E-02  0.00000E+00            166.DY 66.  62  10
 211  1.33099E-01  5.56652E-02  5.56652E-02  0.00000E+00            166.DY 66.  63  11
 212  2.76826E-01  5.56705E-02  5.56705E-02  0.00000E+00            166.DY 66.  64  12
 221  4.45047E-04  4.31500E-04  4.31500E-04  0.00000E+00            166.DY 66.  65  21
 222  2.77004E-02  1.29850E-03  1.29850E-03  0.00000E+00            166.DY 66.  66  22
 223  6.45804E-01  7.44981E-03  7.44981E-03  0.00000E+00            166.DY 66.  67  23
 224  8.89345E-01  7.63171E-03  7.63171E-03  0.00000E+00            166.DY 66.  68  24
 225  1.51770E-02  7.96500E-03  7.96500E-03  0.00000E+00            166.DY 66.  69  25
 226  2.27183E-02  8.00489E-03  8.00489E-03  0.00000E+00            166.DY 66.  70  26
 227  1.53868E-01  9.01715E-03  9.01715E-03  0.00000E+00            166.DY 66.  71  27
 228  2.21430E-01  9.05799E-03  9.05799E-03  0.00000E+00            166.DY 66.  72  28
 229  2.06290E-03  9.18658E-03  9.18658E-03  0.00000E+00            166.DY 66.  73  29
 230  3.18968E-03  9.19397E-03  9.19397E-03  0.00000E+00            166.DY 66.  74  30
 231  2.06684E-02  9.32630E-03  9.32630E-03  0.00000E+00            166.DY 66.  75  31
 232  2.86277E-02  9.33162E-03  9.33162E-03  0.00000E+00            166.DY 66.  76  32
 241  3.10965E-05  8.67000E-04  8.67000E-04  0.00000E+00            166.DY 66.  77  41
 242  1.81389E-01  6.82621E-03  6.82621E-03  0.00000E+00            166.DY 66.  78  42
 243  4.14536E-03  7.20020E-03  7.20020E-03  0.00000E+00            166.DY 66.  79  43
 244  5.52412E+00  7.53349E-03  7.53349E-03  0.00000E+00            166.DY 66.  80  44
 245  3.79215E-02  8.50835E-03  8.50835E-03  0.00000E+00            166.DY 66.  81  45
 246  9.71560E-04  8.62650E-03  8.62650E-03  0.00000E+00            166.DY 66.  82  46
 247  9.73152E-01  8.75507E-03  8.75507E-03  0.00000E+00            166.DY 66.  83  47
 248  1.23743E-03  8.91790E-03  8.91790E-03  0.00000E+00            166.DY 66.  84  48
 249  6.74007E-03  8.87351E-03  8.87351E-03  0.00000E+00            166.DY 66.  85  49
 250  2.16708E-04  8.90012E-03  8.90012E-03  0.00000E+00            166.DY 66.  86  50
 261  5.42464E-01  5.95920E-03  5.95920E-03  0.00000E+00            166.DY 66.  87  61
 262  3.89571E-03  6.15130E-03  6.15130E-03  0.00000E+00            166.DY 66.  88  62
 263  3.55943E-03  6.33320E-03  6.33320E-03  0.00000E+00            166.DY 66.  89  63
 264  8.11610E-01  6.66650E-03  6.66650E-03  0.00000E+00            166.DY 66.  90  64
 265  7.17231E+00  6.70640E-03  6.70640E-03  0.00000E+00            166.DY 66.  91  65
 266  8.02527E-02  7.64134E-03  7.64134E-03  0.00000E+00            166.DY 66.  92  66
 267  6.81787E-04  7.71866E-03  7.71866E-03  0.00000E+00            166.DY 66.  93  67
 268  6.61272E-04  7.75950E-03  7.75950E-03  0.00000E+00            166.DY 66.  94  68
 269  1.36013E-01  7.88807E-03  7.88807E-03  0.00000E+00            166.DY 66.  95  69
 270  1.21668E+00  7.89548E-03  7.89548E-03  0.00000E+00            166.DY 66.  96  70
 271  2.80456E-04  8.05089E-03  8.05089E-03  0.00000E+00            166.DY 66.  97  71
 272  1.59503E-03  8.05196E-03  8.05196E-03  0.00000E+00            166.DY 66.  98  72
 273  1.53197E-02  8.00650E-03  8.00650E-03  0.00000E+00            166.DY 66.  99  73
 274  1.56371E-04  8.02781E-03  8.02781E-03  0.00000E+00            166.DY 66. 100  74
 275  1.34598E-04  8.03310E-03  8.03310E-03  0.00000E+00            166.DY 66. 101  75
 291  1.92342E+00  1.30009E-03  1.30009E-03  0.00000E+00            166.DY 66. 102  91
 292  5.05153E-02  1.79808E-04  1.79808E-04  0.00000E+00            166.DY 66. 103  92
 293  2.50958E-05  2.55390E-05  2.55390E-05  0.00000E+00            166.DY 66. 104  93
 294  9.20214E+02  1.36376E-05  1.36376E-05  0.00000E+00            166.DY 66. 105  94
 7 1  2.04193E+00  3.82545E-02  3.82545E-02  0.00000E+00            166.DY 66. 106   1
 7 2  1.02732E+00  4.54244E-02  4.54244E-02  0.00000E+00            166.DY 66. 107   2
 7 3  1.24021E-01  5.26008E-02  5.26008E-02  0.00000E+00            166.DY 66. 108   3
 7 4  1.81375E+01  7.12102E-04  7.12102E-04  0.00000E+00            166.DY 66. 109   4
 7 5  5.13605E+01  5.34510E-03  5.34510E-03  0.00000E+00            166.DY 66. 110   5
 7 6  1.82350E+01  6.66885E-03  6.66885E-03  0.00000E+00            166.DY 66. 111   6
 7 7  1.63325E+00  8.02795E-03  8.02795E-03  0.00000E+00            166.DY 66. 112   7
 7 8  7.09369E+01  2.23529E-04  2.23529E-04  0.00000E+00            166.DY 66. 113   8
 7 9  1.46092E+02  1.07616E-03  1.07616E-03  0.00000E+00            166.DY 66. 114   9
 710  7.63381E+00  1.25482E-03  1.25482E-03  0.00000E+00            166.DY 66. 115  10
 711  3.88068E-01  1.44483E-03  1.44483E-03  0.00000E+00            166.DY 66. 116  11
 712  4.19116E+02  1.34731E-04  1.34731E-04  0.00000E+00            166.DY 66. 117  12
 713  1.73270E+01  1.79814E-04  1.79814E-04  0.00000E+00            166.DY 66. 118  13
 714  4.81852E+01  1.89749E-05  1.89749E-05  0.00000E+00            166.DY 66. 119  14
 715  3.72926E-01  4.43501E-05  4.43501E-05  0.00000E+00            166.DY 66. 120  15
%%%% 166 DY  66    B-           2.93760E+05 81.6 H     02-11-2005       SEEIEND 
 


   ***************************************************** 
   *                 Radiation Summary                 * 
   ***************************************************** 
 
  Energy released by
    Gamma-ray                       (MeV) =   1.67901E-02
    X-ray                           (MeV) =   2.64185E-02
    Free-bound X-ray                (MeV) =   1.25495E-04
    Annihilation photon             (MeV) =   0.00000E+00
    Beta+ particle                  (MeV) =   0.00000E+00
    Neutrino                        (MeV) =   0.00000E+00
    Beta- particle                  (MeV) =   1.19686E-01
    Neutrino-                       (MeV) =   2.86067E-01
    Internal conv. electron         (MeV) =   3.90196E-02
    Auger and CK electron           (MeV) =   7.97192E-03
    Alpha particle                  (MeV) =   0.00000E+00
    Recoil nucleus                  (MeV) =   0.00000E+00
  E-total (except unplaced radiat.) (MeV) =   4.96079E-01
  E-unplaced radiation              (MeV) =   0.00000E+00
  Q-value from ENSDF data           (MeV) =   4.86900E-01
  Ratio of E-total/Q-value          ( % ) =   1.01885E+02
  Ratio of E-unplaced radi./Q-value ( % ) =   0.00000E+00

 
  Total yield of
    Gamma-ray                             =   1.69188E-01
    X-ray                                 =   7.21143E-01
    Free-bound X-ray                      =   9.20214E+00
    Annihilation photon                   =   0.00000E+00
    Beta+ particle                        =   0.00000E+00
    Beta- particle                        =   1.00000E+00
    Internal conv. electron               =   1.11205E+00
    Auger and CK electron                 =   8.02611E+00
    Alpha particle                        =   0.00000E+00
  Yield of unplaced radiation             =   0.00000E+00


