%%%% 169 ER  68    B-           8.12160E+05 9.40 D     02-11-2005       BALASTAR
1 169   ER  68 9.40 D          B-         
1INTENSITY AND ENERGY BALANCE DATA

              169-ERBIUM-68
+                                    HALFLIFE = 9.4 DAYS    
+                                                                  02-11-2005


    LEVEL       INTENSITY   INTENSITY
    ENERGY      ENTERING    LEAVING     PERCENT
    (MEV)       LEVEL       LEVEL       ERROR

   0.0000E+00  9.9998E+01
   8.4103E-03  4.5002E+01  4.5000E+01  4.9675E-03                      
   1.1819E-01  4.7998E-03  4.7700E-03  6.2216E-01                      


 INTENSITY TO GROUND AND ISOMERIC STATE(S) OF DAUGHTER(S)=  1.000E+02
 TOTAL INTENSITY FROM PARENT=  1.000E+02
 PERCENT ERROR =  2.266E-03                      


 TOTAL INTENSITY FROM PARENT =  1.000E+02
 VALUE IS WITHIN   7.63E-06% OF 100                      


 TOTAL ENERGY AVAILABLE =  3.509E-01 MEV
 TOTAL ENERGY CONTENT OF ALL RADIATIONS =  3.509E-01 MEV
 PERCENT ERROR =  5.945E-05                      
%%%% 169 ER  68    B-           8.12160E+05 9.40 D     02-11-2005       BALAEND 
%%%% 169 ER  68    B-           8.12160E+05 9.40 D     02-11-2005       INPUSTAR
1                                      **INPUT DATA**
              169-ERBIUM-68
+                                    HALFLIFE = 9.4 DAYS    
+                                                                  02-11-2005

            MODE OF DECAY: BETA MINUS
 
                                MEAN
                                NUMBER/    TRANSITION
                TYPE OF    ID   TRANSFOR-  ENERGY
              TRANSITION   NO.  MATION     (MEV)       OTHER NUCLEAR PARAMETERS

               BETA MINUS   1   4.80E-05   2.327E-01*  UNIQUE FIRST FORBIDDEN                   
               BETA MINUS   2   4.50E-01   3.425E-01*  FIRST FORBIDDEN                          
               BETA MINUS   3   5.50E-01   3.509E-01*  FIRST FORBIDDEN                          
           I.C.E. + GAMMA   1   4.50E-01   8.410E-03   M1+E2 MULTIPOLE                          
                                                       MRS=0.00109   AK= 0.0                    
                                                       AL1=0.0       AL2=0.0                    
                                                       AL3=0.0       AM= 218.                   
                                                       AN+=59.7                                 
           I.C.E. + GAMMA   2   4.40E-05   1.098E-01   M1+E2 MULTIPOLE                          
                                                       MRS=0.0272    AK= 2.02                   
                                                       AL1=0.278     AL2=0.0367                 
                                                       AL3=0.0155    AM= 0.0743                 
                                                       AN+=0.0209                               
           I.C.E. + GAMMA   3   3.70E-06   1.182E-01   E2 MULTIPOLE                             
+                                                                    AK= 0.697                  
                                                       AL1=0.0678    AL2=0.349                  
                                                       AL3=0.317     AM= 0.179                  
                                                       AN+=0.0475                               
 
           * ENDPOINT ENERGY (MEV)
           - - - - - - - - - -
           Reference: Evaluated Nuclear Structure Data File (ENSDF)
                DATE DATA WERE ENTERED INTO ENSDF: Dec-1991
%%%% 169 ER  68    B-           8.12160E+05 9.40 D     02-11-2005       INPUEND 
%%%% 169 ER  68    B-           8.12160E+05 9.40 D     02-11-2005       OUTPSTAR
1                                      **OUTPUT DATA**
              169-ERBIUM-68
+                                    HALFLIFE = 9.4 DAYS    
+                                                                  02-11-2005

            MODE OF DECAY: BETA MINUS
 
                                              MEAN
                                              NUMBER/                  MEV/
                                         ID   TRANSFOR-   ENERGY       TRANSFOR-
                  TYPE OF RADIATION      NO.  MATION      (MEV)        MATION

           BETA MINUS                     2   4.50E-01    9.813E-02*   4.42E-02
           BETA MINUS                     3   5.50E-01    1.008E-01*   5.54E-02
           GAMMA-RAY                      1   1.61E-03    8.410E-03    1.36E-05
           M CONV. ELECTRON, GAMMA-RAY    1   3.52E-01    6.545E-03*   2.30E-03
           N+ CONV. ELECTRON, GAMMA-RAY   1   9.62E-02    8.410E-03*   8.09E-04
           GAMMA-RAY                      2   1.28E-05    1.098E-01    1.40E-06
           GAMMA-RAY                      3   1.39E-06    1.182E-01    1.65E-07
           K -L2 X-RAY                        7.30E-06    4.986E-02    3.64E-07
           K -L3 X-RAY                        1.29E-05    5.085E-02    6.56E-07
           K -M2 X-RAY                        1.35E-06    5.741E-02    7.76E-08
           K -M3 X-RAY                        2.61E-06    5.762E-02    1.51E-07
           M X-RAY                            5.33E-03    1.484E-03*   7.91E-06
           Free-Bound X-RAY                   2.62E+00    1.383E-05*   3.62E-05
           CK MMX                             4.23E-01    2.675E-04*   1.13E-04
           AUGER MNN                          3.27E-01    1.253E-03*   4.09E-04
           CK NNX                             1.20E+00    1.464E-04*   1.75E-04
 
           ALL LISTED X-RAYS, GAMMA-RAYS AND ANNIHILATION RADIATION    6.05E-05
           ALL NEGLECTED X-RAYS, GAMMA-RAYS AND ANNIH. RADIATION**     1.58E-07
           ALL LISTED BETAS, INTERNAL CONVERSION AND AUGER ELECTRONS   1.03E-01
           ALL NEGLECTED BETAS, INT. CONVERSION AND AUGER ELECTRONS**  5.14E-05
           ALL LISTED RADIATIONS                                       1.03E-01
           ALL NEGLECTED RADIATIONS**                                  5.15E-05
 
           *  AVERAGE ENERGY (MEV)
           ** EACH NEGLECTED TRANSITION CONTRIBUTES LESS THAN  0.100%
              TO THE TOTAL MEV/TRANSFORMATION FOR THIS CATEGORY.
           TOTAL FEEDING OF GROUND STATE LEVEL IN 169-THULIUM
             DAUGHTER IS 1.0000E+00 PER TRANSFORMATION OF 169-ERBIUM.
             THIS DAUGHTER GROUND STATE IS STABLE.
           - - - - - - - - - -
           INPUT DATA SOURCE: EVALUATED NUCLEAR STRUCTURE DATA FILE (ENSDF)
             DATE INPUT DATA WERE ENTERED INTO ENSDF: Dec-1991
%%%% 169 ER  68    B-           8.12160E+05 9.40 D     02-11-2005       OUTPEND 
%%%% 169 ER  68    B-           8.12160E+05 9.40 D     02-11-2005       BETASTAR
1
              169-ERBIUM-68
+                                    HALFLIFE = 9.4 DAYS    
+                                                                  02-11-2005

            BETA SPECTRUM DATA FOR ALL DECAY BRANCHES

                      BETAS PER                BETAS PER                BETAS PER
            ENERGY    MEV            ENERGY    MEV            ENERGY    MEV
            (MEV)     PER DECAY      (MEV)     PER DECAY      (MEV)     PER DECAY

            0.00000   6.719E+00      0.00150   6.681E+00      0.02600   6.148E+00
            0.00010   6.716E+00      0.00160   6.678E+00      0.02800   6.109E+00
            0.00011   6.716E+00      0.00180   6.673E+00      0.03000   6.069E+00
            0.00012   6.716E+00      0.00200   6.668E+00      0.03200   6.029E+00
            0.00013   6.715E+00      0.00220   6.663E+00      0.03600   5.948E+00
            0.00014   6.715E+00      0.00240   6.658E+00      0.04000   5.865E+00
            0.00015   6.715E+00      0.00260   6.653E+00      0.04500   5.760E+00
            0.00016   6.715E+00      0.00280   6.648E+00      0.05000   5.653E+00
            0.00018   6.714E+00      0.00300   6.643E+00      0.05500   5.544E+00
            0.00020   6.713E+00      0.00320   6.637E+00      0.06000   5.434E+00
            0.00022   6.713E+00      0.00360   6.627E+00      0.06500   5.322E+00
            0.00024   6.712E+00      0.00400   6.617E+00      0.07000   5.208E+00
            0.00026   6.712E+00      0.00450   6.604E+00      0.07500   5.093E+00
            0.00028   6.711E+00      0.00500   6.592E+00      0.08000   4.977E+00
            0.00030   6.711E+00      0.00550   6.579E+00      0.08500   4.859E+00
            0.00032   6.710E+00      0.00600   6.566E+00      0.09000   4.741E+00
            0.00036   6.709E+00      0.00650   6.553E+00      0.10000   4.500E+00
            0.00040   6.708E+00      0.00700   6.541E+00      0.11000   4.257E+00
            0.00045   6.707E+00      0.00750   6.528E+00      0.12000   4.011E+00
            0.00050   6.706E+00      0.00800   6.515E+00      0.13000   3.763E+00
            0.00055   6.705E+00      0.00850   6.502E+00      0.14000   3.514E+00
            0.00060   6.703E+00      0.00900   6.489E+00      0.15000   3.265E+00
            0.00065   6.702E+00      0.01000   6.464E+00      0.16000   3.018E+00
            0.00070   6.701E+00      0.01100   6.438E+00      0.18000   2.529E+00
            0.00075   6.700E+00      0.01200   6.412E+00      0.20000   2.057E+00
            0.00080   6.698E+00      0.01300   6.394E+00      0.22000   1.610E+00
            0.00085   6.697E+00      0.01400   6.376E+00      0.24000   1.197E+00
            0.00090   6.696E+00      0.01500   6.357E+00      0.26000   8.279E-01
            0.00100   6.693E+00      0.01600   6.339E+00      0.28000   5.136E-01
            0.00110   6.691E+00      0.01800   6.301E+00      0.30000   2.646E-01
            0.00120   6.688E+00      0.02000   6.264E+00      0.32000   9.237E-02
            0.00130   6.686E+00      0.02200   6.225E+00      0.35090   0.000E+00
            0.00140   6.683E+00      0.02400   6.187E+00

            AVERAGE BETA ENERGY =   9.961E-02

            TOTAL BETAS PER DECAY FOR ALL BRANCHES =   1.000E+00
%%%% 169 ER  68    B-           8.12160E+05 9.40 D     02-11-2005       BETAEND 
%%%% 169 ER  68    B-           8.12160E+05 9.40 D     02-11-2005       SEEISTAR
169.  ERBIUM       68.  9.400E+00 DAYS      88 B-                   169.ER 68.   0
 5 1  4.79977E-03  7.40063E-02  2.32710E-01  1.00000E+00            169.ER 68.   1   1
 5 2  4.49978E+01  9.81271E-02  3.42490E-01  0.00000E+00            169.ER 68.   2   2
 5 3  5.49974E+01  1.00819E-01  3.50900E-01  0.00000E+00            169.ER 68.   3   3
 1 1  1.61249E-01  8.41031E-03  8.41031E-03  0.00000E+00            169.ER 68.   4   1
 6 3  3.52156E+01  6.54521E-03  6.54521E-03  1.00000E+00            169.ER 68.   5   3
 6 4  9.62313E+00  8.41031E-03  8.41031E-03  1.00000E+00            169.ER 68.   6   4
 1 2  1.27710E-03  1.09780E-01  1.09780E-01  0.00000E+00            169.ER 68.   7   2
 6 1  2.57918E-03  5.02919E-02  5.02919E-02  2.00000E+00            169.ER 68.   8   1
 6 5  3.55527E-04  9.96989E-02  9.96989E-02  2.00000E+00            169.ER 68.   9   5
 6 6  4.68068E-05  1.00151E-01  1.00151E-01  2.00000E+00            169.ER 68.  10   6
 6 7  1.98103E-05  1.01142E-01  1.01142E-01  2.00000E+00            169.ER 68.  11   7
 6 3  9.49118E-05  1.07915E-01  1.07915E-01  2.00000E+00            169.ER 68.  12   3
 6 4  2.66651E-05  1.09780E-01  1.09780E-01  2.00000E+00            169.ER 68.  13   4
 1 3  1.39232E-04  1.18190E-01  1.18190E-01  0.00000E+00            169.ER 68.  14   3
 6 1  9.69844E-05  5.87022E-02  5.87022E-02  3.00000E+00            169.ER 68.  15   1
 6 5  9.44163E-06  1.08109E-01  1.08109E-01  3.00000E+00            169.ER 68.  16   5
 6 6  4.85717E-05  1.08561E-01  1.08561E-01  3.00000E+00            169.ER 68.  17   6
 6 7  4.41822E-05  1.09552E-01  1.09552E-01  3.00000E+00            169.ER 68.  18   7
 6 3  2.49710E-05  1.16325E-01  1.16325E-01  3.00000E+00            169.ER 68.  19   3
 6 4  6.61763E-06  1.18190E-01  1.18190E-01  3.00000E+00            169.ER 68.  20   4
 2 1  7.29680E-04  4.98586E-02  4.98586E-02  0.00000E+00            169.ER 68.  21   1
 2 2  1.28996E-03  5.08500E-02  5.08500E-02  0.00000E+00            169.ER 68.  22   2
 2 3  1.35172E-04  5.74128E-02  5.74128E-02  0.00000E+00            169.ER 68.  23   3
 2 4  2.61246E-04  5.76228E-02  5.76228E-02  0.00000E+00            169.ER 68.  24   4
 2 5  2.47932E-06  5.79720E-02  5.79720E-02  0.00000E+00            169.ER 68.  25   5
 2 6  3.19962E-06  5.80182E-02  5.80182E-02  0.00000E+00            169.ER 68.  26   6
 2 7  3.00051E-05  5.91167E-02  5.91167E-02  0.00000E+00            169.ER 68.  27   7
 2 8  5.80323E-05  5.91642E-02  5.91642E-02  0.00000E+00            169.ER 68.  28   8
 2 9  5.68602E-07  5.93009E-02  5.93009E-02  0.00000E+00            169.ER 68.  29   9
 210  7.29680E-07  5.93096E-02  5.93096E-02  0.00000E+00            169.ER 68.  30  10
 211  6.71259E-06  5.94524E-02  5.94524E-02  0.00000E+00            169.ER 68.  31  11
 212  1.39181E-05  5.94584E-02  5.94584E-02  0.00000E+00            169.ER 68.  32  12
 221  7.29022E-09  4.51600E-04  4.51600E-04  0.00000E+00            169.ER 68.  33  21
 222  5.48536E-07  1.44290E-03  1.44290E-03  0.00000E+00            169.ER 68.  34  22
 223  1.16752E-05  8.00581E-03  8.00581E-03  0.00000E+00            169.ER 68.  35  23
 224  1.56765E-05  8.21589E-03  8.21589E-03  0.00000E+00            169.ER 68.  36  24
 225  2.92065E-07  8.56499E-03  8.56499E-03  0.00000E+00            169.ER 68.  37  25
 226  4.37259E-07  8.61120E-03  8.61120E-03  0.00000E+00            169.ER 68.  38  26
 227  2.79627E-06  9.70963E-03  9.70963E-03  0.00000E+00            169.ER 68.  39  27
 228  3.93211E-06  9.75713E-03  9.75713E-03  0.00000E+00            169.ER 68.  40  28
 229  3.98025E-08  9.89404E-03  9.89404E-03  0.00000E+00            169.ER 68.  41  29
 230  6.16412E-08  9.90266E-03  9.90266E-03  0.00000E+00            169.ER 68.  42  30
 231  3.68322E-07  1.00454E-02  1.00454E-02  0.00000E+00            169.ER 68.  43  31
 232  4.96236E-07  1.00514E-02  1.00514E-02  0.00000E+00            169.ER 68.  44  32
 241  1.33580E-09  9.91300E-04  9.91300E-04  0.00000E+00            169.ER 68.  45  41
 242  5.69898E-06  7.35200E-03  7.35200E-03  0.00000E+00            169.ER 68.  46  42
 243  1.43445E-07  7.76430E-03  7.76430E-03  0.00000E+00            169.ER 68.  47  43
 244  1.84256E-04  8.11340E-03  8.11340E-03  0.00000E+00            169.ER 68.  48  44
 245  1.24932E-06  9.17565E-03  9.17565E-03  0.00000E+00            169.ER 68.  49  45
 246  3.48782E-08  9.30554E-03  9.30554E-03  0.00000E+00            169.ER 68.  50  46
 247  3.27254E-05  9.44242E-03  9.44242E-03  0.00000E+00            169.ER 68.  51  47
 248  5.43963E-08  9.61838E-03  9.61838E-03  0.00000E+00            169.ER 68.  52  48
 249  2.27411E-07  9.57110E-03  9.57110E-03  0.00000E+00            169.ER 68.  53  49
 250  7.70497E-09  9.59987E-03  9.59987E-03  0.00000E+00            169.ER 68.  54  50
 261  1.95539E-05  6.36071E-03  6.36071E-03  0.00000E+00            169.ER 68.  55  61
 262  1.47970E-07  6.56291E-03  6.56291E-03  0.00000E+00            169.ER 68.  56  62
 263  1.34506E-07  6.77299E-03  6.77299E-03  0.00000E+00            169.ER 68.  57  63
 264  3.05770E-05  7.12210E-03  7.12210E-03  0.00000E+00            169.ER 68.  58  64
 265  2.70025E-04  7.16830E-03  7.16830E-03  0.00000E+00            169.ER 68.  59  65
 266  3.10084E-06  8.18436E-03  8.18436E-03  0.00000E+00            169.ER 68.  60  66
 267  2.74642E-08  8.26673E-03  8.26673E-03  0.00000E+00            169.ER 68.  61  67
 268  2.67083E-08  8.31422E-03  8.31422E-03  0.00000E+00            169.ER 68.  62  68
 269  5.14270E-06  8.45117E-03  8.45117E-03  0.00000E+00            169.ER 68.  63  69
 270  4.59893E-05  8.45978E-03  8.45978E-03  0.00000E+00            169.ER 68.  64  70
 271  1.44090E-08  8.62708E-03  8.62708E-03  0.00000E+00            169.ER 68.  65  71
 272  8.09043E-08  8.62834E-03  8.62834E-03  0.00000E+00            169.ER 68.  66  72
 273  6.02785E-07  8.57983E-03  8.57983E-03  0.00000E+00            169.ER 68.  67  73
 274  6.15605E-09  8.60253E-03  8.60253E-03  0.00000E+00            169.ER 68.  68  74
 275  5.44329E-09  8.60856E-03  8.60856E-03  0.00000E+00            169.ER 68.  69  75
 291  5.33217E-01  1.48420E-03  1.48420E-03  0.00000E+00            169.ER 68.  70  91
 292  2.05145E-02  1.98690E-04  1.98690E-04  0.00000E+00            169.ER 68.  71  92
 293  1.32268E-05  2.75799E-05  2.75799E-05  0.00000E+00            169.ER 68.  72  93
 294  2.61616E+02  1.38285E-05  1.38285E-05  0.00000E+00            169.ER 68.  73  94
 7 1  9.19693E-05  4.07026E-02  4.07026E-02  0.00000E+00            169.ER 68.  74   1
 7 2  4.67759E-05  4.84128E-02  4.84128E-02  0.00000E+00            169.ER 68.  75   2
 7 3  5.71519E-06  5.61325E-02  5.61325E-02  0.00000E+00            169.ER 68.  76   3
 7 4  3.39326E-04  8.33020E-04  8.33020E-04  0.00000E+00            169.ER 68.  77   4
 7 5  1.53768E-03  5.64138E-03  5.64138E-03  0.00000E+00            169.ER 68.  78   5
 7 6  5.51312E-04  7.07494E-03  7.07494E-03  0.00000E+00            169.ER 68.  79   6
 7 7  5.00997E-05  8.53982E-03  8.53982E-03  0.00000E+00            169.ER 68.  80   7
 7 8  4.23096E+01  2.67541E-04  2.67541E-04  0.00000E+00            169.ER 68.  81   8
 7 9  3.26591E+01  1.25297E-03  1.25297E-03  0.00000E+00            169.ER 68.  82   9
 710  1.91943E+00  1.49922E-03  1.49922E-03  0.00000E+00            169.ER 68.  83  10
 711  1.24373E-01  1.70348E-03  1.70348E-03  0.00000E+00            169.ER 68.  84  11
 712  1.19752E+02  1.46376E-04  1.46376E-04  0.00000E+00            169.ER 68.  85  12
 713  4.57554E+00  2.55046E-04  2.55046E-04  0.00000E+00            169.ER 68.  86  13
 714  1.43302E+01  2.06752E-05  2.06752E-05  0.00000E+00            169.ER 68.  87  14
 715  1.08404E-01  4.71999E-05  4.71999E-05  0.00000E+00            169.ER 68.  88  15
%%%% 169 ER  68    B-           8.12160E+05 9.40 D     02-11-2005       SEEIEND 
 


   ***************************************************** 
   *                 Radiation Summary                 * 
   ***************************************************** 
 
  Energy released by
    Gamma-ray                       (MeV) =   1.51281E-05
    X-ray                           (MeV) =   9.32017E-06
    Free-bound X-ray                (MeV) =   3.61775E-05
    Annihilation photon             (MeV) =   0.00000E+00
    Beta+ particle                  (MeV) =   0.00000E+00
    Neutrino                        (MeV) =   0.00000E+00
    Beta- particle                  (MeV) =   9.96063E-02
    Neutrino-                       (MeV) =   2.47504E-01
    Internal conv. electron         (MeV) =   3.11633E-03
    Auger and CK electron           (MeV) =   7.43468E-04
    Alpha particle                  (MeV) =   0.00000E+00
    Recoil nucleus                  (MeV) =   0.00000E+00
  E-total (except unplaced radiat.) (MeV) =   3.51030E-01
  E-unplaced radiation              (MeV) =   0.00000E+00
  Q-value from ENSDF data           (MeV) =   3.50900E-01
  Ratio of E-total/Q-value          ( % ) =   1.00037E+02
  Ratio of E-unplaced radi./Q-value ( % ) =   0.00000E+00

 
  Total yield of
    Gamma-ray                             =   1.62665E-03
    X-ray                                 =   5.56913E-03
    Free-bound X-ray                      =   2.61616E+00
    Annihilation photon                   =   0.00000E+00
    Beta+ particle                        =   0.00000E+00
    Beta- particle                        =   1.00000E+00
    Internal conv. electron               =   4.48421E-01
    Auger and CK electron                 =   2.15781E+00
    Alpha particle                        =   0.00000E+00
  Yield of unplaced radiation             =   0.00000E+00


