%%%% 171 ER  68    B-           2.70576E+04 7.516 H    02-11-2005       BALASTAR
1 171   ER  68 7.516 H         B-         
1INTENSITY AND ENERGY BALANCE DATA

              171-ERBIUM-68
+                                    HALFLIFE = 7.516 HOURS   
+                                                                  02-11-2005


    LEVEL       INTENSITY   INTENSITY
    ENERGY      ENTERING    LEAVING     PERCENT
    (MEV)       LEVEL       LEVEL       ERROR

   0.0000E+00  9.9695E+01
   5.0280E-03  9.1140E+01  9.0700E+01  4.8413E-01                      
   1.1665E-01  7.4636E+01  7.4593E+01  5.7291E-02                      
   1.2904E-01  2.9894E+01  2.9938E+01  1.4570E-01                      
   3.2688E-01  4.8512E-02  4.8169E-02  7.0940E-01                      
   4.2495E-01  9.5036E+01  9.5166E+01  1.3727E-01                      
   6.3556E-01  7.2421E-01  7.1884E-01  7.4372E-01                      
   6.7587E-01  5.9723E-01  5.9475E-01  4.1653E-01                      
   7.3739E-01  2.3262E-01  2.2793E-01  2.0354E+00                      
   8.2240E-01  2.8969E-02  2.9531E-02  1.9216E+00                      
   9.1301E-01  2.8282E+00  2.8328E+00  1.6120E-01                      
   9.9860E-01  5.2881E-01  5.3572E-01  1.2993E+00                      
   1.2257E+00  1.0988E-02  1.0702E-02  2.6442E+00                      
   1.2850E+00  3.2965E-01  3.3412E-01  1.3478E+00                      
   1.2964E+00  1.9979E-02  2.0095E-02  5.7872E-01                      
   1.3911E+00  2.5972E-02  2.6501E-02  2.0137E+00                      
   1.4006E+00  6.2933E-03  6.3556E-03  9.8533E-01                      


 INTENSITY TO GROUND AND ISOMERIC STATE(S) OF DAUGHTER(S)=  9.970E+01
 TOTAL INTENSITY FROM PARENT=  1.000E+02
 PERCENT ERROR =  3.057E-01                      


 TOTAL INTENSITY FROM PARENT =  1.000E+02
 VALUE IS WITHIN   1.53E-05% OF 100                      


 TOTAL ENERGY AVAILABLE =  1.491E+00 MEV
 TOTAL ENERGY CONTENT OF ALL RADIATIONS =  1.491E+00 MEV
 PERCENT ERROR =  4.173E-02                      
%%%% 171 ER  68    B-           2.70576E+04 7.516 H    02-11-2005       BALAEND 
%%%% 171 ER  68    B-           2.70576E+04 7.516 H    02-11-2005       INPUSTAR
1                                      **INPUT DATA**
              171-ERBIUM-68
+                                    HALFLIFE = 7.516 HOURS   
+                                                                  02-11-2005

            MODE OF DECAY: BETA MINUS
 
                                MEAN
                                NUMBER/    TRANSITION
                TYPE OF    ID   TRANSFOR-  ENERGY
              TRANSITION   NO.  MATION     (MEV)       OTHER NUCLEAR PARAMETERS

               BETA MINUS   1   6.29E-05   9.010E-02*  FIRST FORBIDDEN                          
               BETA MINUS   2   2.60E-04   9.960E-02*  ALLOWED                                  
               BETA MINUS   3   2.00E-04   1.943E-01*  ALLOWED                                  
+                                                              ASSUMED                          
               BETA MINUS   4   3.30E-03   2.057E-01*  FIRST FORBIDDEN                          
               BETA MINUS   5   1.10E-04   2.650E-01*  FIRST FORBIDDEN                          
               BETA MINUS   6   5.19E-03   4.921E-01*  FIRST FORBIDDEN                          
               BETA MINUS   7   2.19E-02   5.777E-01*  FIRST FORBIDDEN                          
               BETA MINUS   8   2.90E-04   6.683E-01*  FIRST FORBIDDEN                          
               BETA MINUS   9   4.40E-04   7.533E-01*  FIRST FORBIDDEN                          
               BETA MINUS  10   1.90E-03   8.148E-01*  FIRST FORBIDDEN                          
               BETA MINUS  11   2.00E-04   8.551E-01*  FIRST FORBIDDEN                          
               BETA MINUS  12   9.43E-01   1.066E+00*  ALLOWED                                  
               BETA MINUS  13   2.00E-04   1.164E+00*  UNIQUE FIRST FORBIDDEN                   
               BETA MINUS  15   2.30E-02   1.491E+00*  UNIQUE FIRST FORBIDDEN                   
           I.C.E. + GAMMA   1   9.07E-01   5.025E-03   M1+E2 MULTIPOLE                          
                                                       MRS=0.000441  AK= 0.0                    
                                                       AL1=0.0       AL2=0.0                    
                                                       AL3=0.0       AM= 1.08E+03               
                                                       AN+=293.                                 
           I.C.E. + GAMMA   2   8.20E-02   1.239E-02   M1+E2 MULTIPOLE                          
                                                       MRS=0.000324  AK= 0.0                    
                                                       AL1=176.      AL2=22.8                   
                                                       AL3=11.0      AM= 46.8                   
                                                       AN+=13.1                                 
           I.C.E. + GAMMA   3   3.63E-03   8.560E-02   M1+E2 MULTIPOLE                          
                                                       MRS=0.0529    AK= 4.05                   
                                                       AL1=0.559     AL2=0.126                  
                                                       AL3=0.0855    AM= 0.176                  
                                                       AN+=0.0488                               
           I.C.E. + GAMMA   4   6.83E-01   1.116E-01   M1+E2 MULTIPOLE                          
                                                       MRS=0.0256    AK= 1.93                   
                                                       AL1=0.266     AL2=0.0339                 
                                                       AL3=0.0138    AM= 0.0704                 
                                                       AN+=0.0198                               
           I.C.E. + GAMMA   5   6.30E-02   1.167E-01   E2 MULTIPOLE                             
+                                                                    AK= 0.720                  
                                                       AL1=0.0699    AL2=0.370                  
                                                       AL3=0.338     AM= 0.190                  
                                                       AN+=0.0504                               
           I.C.E. + GAMMA   6   2.17E-01   1.240E-01   E2 MULTIPOLE                             
+                                                                    AK= 0.615                  
                                                       AL1=0.0604    AL2=0.280                  
                                                       AL3=0.251     AM= 0.144                  
                                                       AN+=0.0382                               
           I.C.E. + GAMMA   8   1.47E-03   1.756E-01   M1 MULTIPOLE                             
+                                                                    AK= 0.544                  
                                                       AL1=0.0749    AL2=0.00614                
                                                       AM= 0.0182    AN+=0.00516                
           I.C.E. + GAMMA   9   3.96E-04   1.977E-01   M1 MULTIPOLE                             
+                                                                    AK= 0.392                  
                                                       AL1=0.0538    AL2=0.00435                
                                                       AM= 0.0131    AN+=0.00371                
           I.C.E. + GAMMA  10   8.55E-05   2.101E-01   E2 MULTIPOLE                             
+                                                                    AK= 0.142                  
                                                       AL1=0.0156    AL2=0.0264                 
                                                       AL3=0.0194    AM= 0.0148                 
                                                       AN+=0.00396                              
           I.C.E. + GAMMA  11   6.72E-03   2.106E-01   E1 MULTIPOLE                             
+                                                                    AK= 0.0396                 
                                                       AL1=0.00453   AM= 0.00132                
           I.C.E. + GAMMA  12   3.87E-03   2.371E-01   M1+E2 MULTIPOLE                          
                                                       MRS=0.0169    AK= 0.236                  
                                                       AL1=0.0322    AL2=0.00278                
                                                       AM= 0.00795   AN+=0.00224                
           I.C.E. + GAMMA  13   2.44E-04   2.614E-01   M1 MULTIPOLE                             
+                                                                    AK= 0.183                  
                                                       AL1=0.0250    AL2=0.00194                
                                                       AM= 0.00607   AN+=0.00171                
           I.C.E. + GAMMA  14   6.83E-03   2.774E-01   M1+E2 MULTIPOLE                          
                                                       MRS=0.0930    AK= 0.148                  
                                                       AL1=0.0201    AL2=0.00217                
                                                       AM= 0.00513   AN+=0.00145                
           I.C.E. + GAMMA  15   9.36E-05   2.865E-01   M1 MULTIPOLE                             
+                                                                    AK= 0.143                  
                                                       AL1=0.0195    AL2=0.00149                
                                                       AM= 0.00472   AN+=0.00133                
           I.C.E. + GAMMA  16   2.95E-01   2.959E-01   E1 MULTIPOLE                             
+                                                                    AK= 0.0168                 
                                                       AL1=0.00199                              
           I.C.E. + GAMMA  17   6.56E-01   3.083E-01   E1 MULTIPOLE                             
+                                                                    AK= 0.0152                 
                                                       AL1=0.00180                              
           I.C.E. + GAMMA  18   2.15E-04   3.629E-01   M1 MULTIPOLE                             
+                                                                    AK= 0.0760                 
                                                       AL1=0.0104    AM= 0.00249                
           I.C.E. + GAMMA  19   2.78E-03   3.720E-01   M1+E2 MULTIPOLE                          
                                                       MRS=0.0784    AK= 0.0681                 
                                                       AL1=0.00926   AM= 0.00228                
           I.C.E. + GAMMA  20   1.00E-03   4.199E-01   M2 MULTIPOLE                             
+                                                                    AK= 0.169                  
                                                       AL1=0.0263    AL2=0.00296                
                                                       AL3=0.00108   AM= 0.00695                
                                                       AN+=0.00196                              
           I.C.E. + GAMMA  21   2.43E-04   4.249E-01   E3 MULTIPOLE                             
+                                                                    AK= 0.0546                 
                                                       AL1=0.00752   AL2=0.0121                 
                                                       AL3=0.00477   AM= 0.00592                
                                                       AN+=0.00160                              
           I.C.E. + GAMMA  22   6.00E-05   4.556E-01   UNPLACED GAMMA                           
           I.C.E. + GAMMA  23   5.03E-05   4.879E-01   E1 MULTIPOLE                             
+                                                                    AK= 0.00524                
           I.C.E. + GAMMA  24   2.08E-05   4.954E-01   M1 MULTIPOLE                             
+                                                                    AK= 0.0338                 
                                                       AL1=0.00458   AM= 0.00109                
           I.C.E. + GAMMA  25   2.33E-04   5.069E-01   M1 MULTIPOLE                             
+                                                                    AK= 0.0227                 
                                                       AL1=0.00308                              
           I.C.E. + GAMMA  26   1.82E-04   5.192E-01   M1 MULTIPOLE                             
+                                                                    AK= 0.0219                 
                                                       AL1=0.00297                              
           I.C.E. + GAMMA  27   1.75E-04   5.478E-01   M1 MULTIPOLE                             
+                                                                    AK= 0.0261                 
                                                       AL1=0.00353                              
           I.C.E. + GAMMA  28   4.80E-04   5.595E-01   M1 MULTIPOLE                             
+                                                                    AK= 0.0247                 
                                                       AL1=0.00335                              
           I.C.E. + GAMMA  29   9.84E-05   5.735E-01   E1 MULTIPOLE                             
+                                                                    AK= 0.00369                
           I.C.E. + GAMMA  30   4.05E-05   5.860E-01   E2 MULTIPOLE                             
+                                                                    AK= 0.00934                
                                                       AL1=0.00119                              
           I.C.E. + GAMMA  31   3.79E-04   6.086E-01   M1 MULTIPOLE                             
+                                                                    AK= 0.0200                 
                                                       AL1=0.00270                              
           I.C.E. + GAMMA  32   2.05E-04   6.090E-01   M1 MULTIPOLE                             
+                                                                    AK= 0.0199                 
                                                       AL1=0.00270                              
           I.C.E. + GAMMA  33   9.10E-04   6.210E-01   M1 MULTIPOLE                             
+                                                                    AK= 0.0190                 
                                                       AL1=0.00257                              
           I.C.E. + GAMMA  34   5.05E-05   6.307E-01   E2 MULTIPOLE                             
+                                                                    AK= 0.00790                
                                                       AL1=0.00101                              
           I.C.E. + GAMMA  35   2.57E-03   6.707E-01   M1+E2 MULTIPOLE                          
                                                       MRS=0.0121    AK= 0.0155                 
                                                       AL1=0.00210                              
           I.C.E. + GAMMA  36   2.24E-04   6.717E-01   M1 MULTIPOLE                             
+                                                                    AK= 0.0156                 
                                                       AL1=0.00210                              
           I.C.E. + GAMMA  37   2.90E-03   6.761E-01   M1+E2 MULTIPOLE                          
                                                       MRS=0.0144    AK= 0.0152                 
                                                       AL1=0.00205                              
           I.C.E. + GAMMA  38   1.53E-04   6.939E-01   M1 MULTIPOLE                             
+                                                                    AK= 0.0144                 
                                                       AL1=0.00194                              
           I.C.E. + GAMMA  39   1.22E-04   7.058E-01   M1 MULTIPOLE                             
+                                                                    AK= 0.0138                 
                                                       AL1=0.00186                              
           I.C.E. + GAMMA  40   9.91E-04   7.325E-01   M1 MULTIPOLE                             
+                                                                    AK= 0.0125                 
                                                       AL1=0.00169                              
           I.C.E. + GAMMA  41   6.60E-05   7.450E-01   UNPLACED GAMMA                           
           I.C.E. + GAMMA  42   4.50E-05   7.678E-01   UNPLACED GAMMA                           
           I.C.E. + GAMMA  43   2.43E-03   7.841E-01   M1+E2 MULTIPOLE                          
                                                       MRS=0.116     AK= 0.0100                 
                                                       AL1=0.00134                              
           I.C.E. + GAMMA  44   6.47E-03   7.966E-01   M1+E2 MULTIPOLE                          
                                                       MRS=0.314     AK= 0.00889                
                                                       AL1=0.00119                              
           I.C.E. + GAMMA  45   1.50E-05   8.600E-01   E1 MULTIPOLE                             
+                                                                    AK= 0.00163                
           I.C.E. + GAMMA  46   5.55E-04   8.697E-01   M1+E2 MULTIPOLE                          
                                                       MRS=0.0576    AK= 0.00798                
                                                       AL1=0.00107                              
           I.C.E. + GAMMA  47   2.01E-04   8.715E-01   E2 MULTIPOLE ASSUMED                     
                                                       AK= 0.00392                              
           I.C.E. + GAMMA  48   3.89E-04   8.820E-01   M1+E2 MULTIPOLE                          
                                                       MRS=0.0121    AK= 0.00788                
                                                       AL1=0.00106                              
           I.C.E. + GAMMA  49   6.40E-03   9.077E-01   M1+E2 MULTIPOLE                          
                                                       MRS=0.109     AK= 0.00702                
           I.C.E. + GAMMA  50   7.73E-04   9.126E-01   E2 MULTIPOLE                             
+                                                                    AK= 0.00356                
           I.C.E. + GAMMA  51   2.65E-04   9.661E-01   E2 MULTIPOLE                             
+                                                                    AK= 0.00317                
           I.C.E. + GAMMA  52   7.01E-06   9.762E-01   E1 MULTIPOLE                             
+                                                                    AK= 0.00129                
           I.C.E. + GAMMA  53   6.02E-06   9.940E-01   E2 MULTIPOLE                             
+                                                                    AK= 0.00300                
           I.C.E. + GAMMA  54   4.00E-06   1.051E+00   UNPLACED GAMMA                           
           I.C.E. + GAMMA  55   1.06E-05   1.097E+00   E2 MULTIPOLE                             
+                                                                    AK= 0.00247                
           I.C.E. + GAMMA  56   6.83E-05   1.109E+00   M1 MULTIPOLE                             
+                                                                    AK= 0.00455                
           I.C.E. + GAMMA  57   6.03E-06   1.156E+00   M1 MULTIPOLE                             
+                                                                    AK= 0.00411                
           I.C.E. + GAMMA  58   1.85E-05   1.168E+00   M1 MULTIPOLE                             
+                                                                    AK= 0.00401                
           I.C.E. + GAMMA  59   8.00E-06   1.173E+00   UNPLACED GAMMA                           
           I.C.E. + GAMMA  60   3.00E-06   1.182E+00   UNPLACED GAMMA                           
           I.C.E. + GAMMA  61   2.81E-05   1.221E+00   M1 MULTIPOLE                             
+                                                                    AK= 0.00361                
           I.C.E. + GAMMA  62   3.41E-06   1.271E+00   M1 MULTIPOLE                             
+                                                                    AK= 0.00328                
           I.C.E. + GAMMA  63   2.51E-05   1.280E+00   M1 MULTIPOLE                             
+                                                                    AK= 0.00322                
           I.C.E. + GAMMA  64   2.41E-05   1.284E+00   E2 MULTIPOLE                             
+                                                                    AK= 0.00182                
           I.C.E. + GAMMA  65   2.81E-05   1.396E+00   M1 MULTIPOLE                             
+                                                                    AK= 0.00262                
           I.C.E. + GAMMA  66   2.50E-05   1.401E+00   E2 MULTIPOLE                             
+                                                                    AK= 0.00155                
 
           * ENDPOINT ENERGY (MEV)
           - - - - - - - - - -
           Reference: Evaluated Nuclear Structure Data File (ENSDF)
                DATE DATA WERE ENTERED INTO ENSDF: Sep-2002
%%%% 171 ER  68    B-           2.70576E+04 7.516 H    02-11-2005       INPUEND 
%%%% 171 ER  68    B-           2.70576E+04 7.516 H    02-11-2005       OUTPSTAR
1                                      **OUTPUT DATA**
              171-ERBIUM-68
+                                    HALFLIFE = 7.516 HOURS   
+                                                                  02-11-2005

            MODE OF DECAY: BETA MINUS
 
                                              MEAN
                                              NUMBER/                  MEV/
                                         ID   TRANSFOR-   ENERGY       TRANSFOR-
                  TYPE OF RADIATION      NO.  MATION      (MEV)        MATION

           BETA MINUS                     6   5.19E-03    1.477E-01*   7.67E-04
           BETA MINUS                     7   2.19E-02    1.775E-01*   3.88E-03
           BETA MINUS                    10   1.90E-03    2.645E-01*   5.02E-04
           BETA MINUS                    12   9.43E-01    3.623E-01*   3.42E-01
           BETA MINUS                    15   2.30E-02    5.334E-01*   1.23E-02
           M CONV. ELECTRON, GAMMA-RAY    1   7.12E-01    3.160E-03*   2.25E-03
           N+ CONV. ELECTRON, GAMMA-RAY   1   1.94E-01    5.025E-03*   9.75E-04
           GAMMA-RAY                      4   2.05E-01    1.116E-01    2.29E-02
           K CONV. ELECTRON, GAMMA-RAY    4   3.95E-01    5.213E-02    2.06E-02
           L1 CONV. ELECTRON, GAMMA-RAY   4   5.45E-02    1.015E-01    5.53E-03
           L2 CONV. ELECTRON, GAMMA-RAY   4   6.95E-03    1.020E-01    7.09E-04
           M CONV. ELECTRON, GAMMA-RAY    4   1.44E-02    1.098E-01*   1.58E-03
           N+ CONV. ELECTRON, GAMMA-RAY   4   4.06E-03    1.116E-01*   4.53E-04
           GAMMA-RAY                      5   2.30E-02    1.167E-01    2.68E-03
           K CONV. ELECTRON, GAMMA-RAY    5   1.66E-02    5.717E-02    9.47E-04
           L2 CONV. ELECTRON, GAMMA-RAY   5   8.52E-03    1.070E-01    9.12E-04
           L3 CONV. ELECTRON, GAMMA-RAY   5   7.78E-03    1.080E-01    8.41E-04
           M CONV. ELECTRON, GAMMA-RAY    5   4.38E-03    1.148E-01*   5.03E-04
           GAMMA-RAY                      6   9.10E-02    1.240E-01    1.13E-02
           K CONV. ELECTRON, GAMMA-RAY    6   5.60E-02    6.453E-02    3.61E-03
           L1 CONV. ELECTRON, GAMMA-RAY   6   5.50E-03    1.139E-01    6.27E-04
           L2 CONV. ELECTRON, GAMMA-RAY   6   2.55E-02    1.144E-01    2.91E-03
           L3 CONV. ELECTRON, GAMMA-RAY   6   2.28E-02    1.154E-01    2.63E-03
           M CONV. ELECTRON, GAMMA-RAY    6   1.31E-02    1.222E-01*   1.60E-03
           N+ CONV. ELECTRON, GAMMA-RAY   6   3.48E-03    1.240E-01*   4.32E-04
           GAMMA-RAY                     11   6.42E-03    2.106E-01    1.35E-03
           GAMMA-RAY                     12   3.02E-03    2.371E-01    7.16E-04
           GAMMA-RAY                     14   5.80E-03    2.774E-01    1.61E-03
           GAMMA-RAY                     16   2.89E-01    2.959E-01    8.55E-02
           K CONV. ELECTRON, GAMMA-RAY   16   4.86E-03    2.364E-01    1.15E-03
           GAMMA-RAY                     17   6.44E-01    3.083E-01    1.99E-01
           K CONV. ELECTRON, GAMMA-RAY   17   9.80E-03    2.488E-01    2.44E-03
           GAMMA-RAY                     19   2.57E-03    3.720E-01    9.56E-04
           GAMMA-RAY                     33   8.90E-04    6.210E-01    5.53E-04
           GAMMA-RAY                     35   2.52E-03    6.707E-01    1.69E-03
           GAMMA-RAY                     37   2.85E-03    6.761E-01    1.93E-03
           GAMMA-RAY                     40   9.76E-04    7.325E-01    7.15E-04
           GAMMA-RAY                     43   2.40E-03    7.841E-01    1.88E-03
           GAMMA-RAY                     44   6.40E-03    7.966E-01    5.10E-03
           GAMMA-RAY                     46   5.50E-04    8.697E-01    4.78E-04
           GAMMA-RAY                     49   6.35E-03    9.077E-01    5.76E-03
           GAMMA-RAY                     50   7.70E-04    9.126E-01    7.03E-04
           K -L2 X-RAY                        1.33E-01    4.986E-02    6.63E-03
           K -L3 X-RAY                        2.35E-01    5.085E-02    1.20E-02
           K -M2 X-RAY                        2.46E-02    5.741E-02    1.41E-03
           K -M3 X-RAY                        4.76E-02    5.762E-02    2.74E-03
           K -N3 X-RAY                        1.06E-02    5.916E-02    6.26E-04
           L3-M5 X-RAY                        5.74E-02    7.168E-03    4.11E-04
           AUGER KLL                          1.68E-02    4.070E-02*   6.83E-04
           AUGER LMM                          3.39E-01    5.668E-03*   1.92E-03
           AUGER LMX                          1.22E-01    7.104E-03*   8.65E-04
           AUGER MNN                          1.66E+00    1.218E-03*   2.02E-03
           CK NNX                             5.02E+00    1.472E-04*   7.40E-04
 
           ALL LISTED X-RAYS, GAMMA-RAYS AND ANNIHILATION RADIATION    3.68E-01
           ALL NEGLECTED X-RAYS, GAMMA-RAYS AND ANNIH. RADIATION**     4.97E-03
           ALL LISTED BETAS, INTERNAL CONVERSION AND AUGER ELECTRONS   4.16E-01
           ALL NEGLECTED BETAS, INT. CONVERSION AND AUGER ELECTRONS**  4.49E-03
           ALL LISTED RADIATIONS                                       7.84E-01
           ALL NEGLECTED RADIATIONS**                                  9.45E-03
 
           *  AVERAGE ENERGY (MEV)
           ** EACH NEGLECTED TRANSITION CONTRIBUTES LESS THAN  0.100%
              TO THE TOTAL MEV/TRANSFORMATION FOR THIS CATEGORY.
           TOTAL FEEDING OF GROUND STATE LEVEL IN 171-THULIUM
             DAUGHTER IS 1.0000E+00 PER TRANSFORMATION OF 171-ERBIUM.
             DECAY OF THIS 1.92 YEARS HALFLIFE LEVEL WILL CONTRIBUTE TO DOSE.
           - - - - - - - - - -
           INPUT DATA SOURCE: EVALUATED NUCLEAR STRUCTURE DATA FILE (ENSDF)
             DATE INPUT DATA WERE ENTERED INTO ENSDF: Sep-2002
%%%% 171 ER  68    B-           2.70576E+04 7.516 H    02-11-2005       OUTPEND 
%%%% 171 ER  68    B-           2.70576E+04 7.516 H    02-11-2005       BETASTAR
1
              171-ERBIUM-68
+                                    HALFLIFE = 7.516 HOURS   
+                                                                  02-11-2005

            BETA SPECTRUM DATA FOR ALL DECAY BRANCHES

                      BETAS PER                BETAS PER                BETAS PER
            ENERGY    MEV            ENERGY    MEV            ENERGY    MEV
            (MEV)     PER DECAY      (MEV)     PER DECAY      (MEV)     PER DECAY

            0.00000   1.461E+00      0.00260   1.460E+00      0.07500   1.508E+00
            0.00010   1.461E+00      0.00280   1.459E+00      0.08000   1.511E+00
            0.00011   1.461E+00      0.00300   1.459E+00      0.08500   1.514E+00
            0.00012   1.461E+00      0.00320   1.459E+00      0.09000   1.517E+00
            0.00013   1.461E+00      0.00360   1.459E+00      0.10000   1.522E+00
            0.00014   1.461E+00      0.00400   1.459E+00      0.11000   1.527E+00
            0.00015   1.461E+00      0.00450   1.458E+00      0.12000   1.531E+00
            0.00016   1.461E+00      0.00500   1.458E+00      0.13000   1.534E+00
            0.00018   1.461E+00      0.00550   1.458E+00      0.14000   1.537E+00
            0.00020   1.461E+00      0.00600   1.458E+00      0.15000   1.538E+00
            0.00022   1.461E+00      0.00650   1.457E+00      0.16000   1.540E+00
            0.00024   1.461E+00      0.00700   1.457E+00      0.18000   1.541E+00
            0.00026   1.461E+00      0.00750   1.457E+00      0.20000   1.539E+00
            0.00028   1.461E+00      0.00800   1.456E+00      0.22000   1.535E+00
            0.00030   1.461E+00      0.00850   1.456E+00      0.24000   1.527E+00
            0.00032   1.461E+00      0.00900   1.456E+00      0.26000   1.516E+00
            0.00036   1.461E+00      0.01000   1.455E+00      0.28000   1.501E+00
            0.00040   1.461E+00      0.01100   1.455E+00      0.30000   1.483E+00
            0.00045   1.461E+00      0.01200   1.454E+00      0.32000   1.462E+00
            0.00050   1.461E+00      0.01300   1.455E+00      0.36000   1.411E+00
            0.00055   1.461E+00      0.01400   1.456E+00      0.40000   1.348E+00
            0.00060   1.461E+00      0.01500   1.457E+00      0.45000   1.256E+00
            0.00065   1.461E+00      0.01600   1.458E+00      0.50000   1.151E+00
            0.00070   1.461E+00      0.01800   1.461E+00      0.55000   1.037E+00
            0.00075   1.461E+00      0.02000   1.463E+00      0.60000   9.153E-01
            0.00080   1.460E+00      0.02200   1.465E+00      0.65000   7.880E-01
            0.00085   1.460E+00      0.02400   1.467E+00      0.70000   6.575E-01
            0.00090   1.460E+00      0.02600   1.469E+00      0.75000   5.277E-01
            0.00100   1.460E+00      0.02800   1.471E+00      0.80000   4.027E-01
            0.00110   1.460E+00      0.03000   1.473E+00      0.85000   2.869E-01
            0.00120   1.460E+00      0.03200   1.474E+00      0.90000   1.849E-01
            0.00130   1.460E+00      0.03600   1.478E+00      1.00000   4.244E-02
            0.00140   1.460E+00      0.04000   1.482E+00      1.10000   9.573E-03
            0.00150   1.460E+00      0.04500   1.486E+00      1.20000   6.490E-03
            0.00160   1.460E+00      0.05000   1.490E+00      1.30000   3.426E-03
            0.00180   1.460E+00      0.05500   1.494E+00      1.40000   9.498E-04
            0.00200   1.460E+00      0.06000   1.497E+00      1.49070   0.000E+00
            0.00220   1.460E+00      0.06500   1.501E+00
            0.00240   1.460E+00      0.07000   1.504E+00

            AVERAGE BETA ENERGY =   3.595E-01

            TOTAL BETAS PER DECAY FOR ALL BRANCHES =   1.000E+00
%%%% 171 ER  68    B-           2.70576E+04 7.516 H    02-11-2005       BETAEND 
%%%% 171 ER  68    B-           2.70576E+04 7.516 H    02-11-2005       SEEISTAR
171.  ERBIUM       68.  7.516E+00 HOURS    496 B-                   171.ER 68.   0
 5 1  6.29331E-03  2.34183E-02  9.00999E-02  0.00000E+00            171.ER 68.   1   1
 5 2  2.59724E-02  2.59980E-02  9.96000E-02  0.00000E+00            171.ER 68.   2   2
 5 3  1.99788E-02  5.27682E-02  1.94300E-01  0.00000E+00            171.ER 68.   3   3
 5 4  3.29650E-01  5.61095E-02  2.05700E-01  0.00000E+00            171.ER 68.   4   4
 5 5  1.09883E-02  7.39031E-02  2.65000E-01  0.00000E+00            171.ER 68.   5   5
 5 6  5.19448E-01  1.47679E-01  4.92100E-01  0.00000E+00            171.ER 68.   6   6
 5 7  2.18767E+00  1.77474E-01  5.77690E-01  0.00000E+00            171.ER 68.   7   7
 5 8  2.89692E-02  2.10013E-01  6.68300E-01  0.00000E+00            171.ER 68.   8   8
 5 9  4.39533E-02  2.41373E-01  7.53310E-01  0.00000E+00            171.ER 68.   9   9
 510  1.89798E-01  2.64520E-01  8.14830E-01  0.00000E+00            171.ER 68.  10  10
 511  1.99788E-02  2.79877E-01  8.55140E-01  0.00000E+00            171.ER 68.  11  11
 512  9.42998E+01  3.62261E-01  1.06575E+00  0.00000E+00            171.ER 68.  12  12
 513  1.99788E-02  4.04483E-01  1.16382E+00  1.00000E+00            171.ER 68.  13  13
 515  2.29756E+00  5.33426E-01  1.49070E+00  1.00000E+00            171.ER 68.  14  15
 1 1  6.62314E-02  5.02500E-03  5.02500E-03  0.00000E+00            171.ER 68.  15   1
 6 3  7.12258E+01  3.15990E-03  3.15990E-03  1.00000E+00            171.ER 68.  16   3
 6 4  1.94080E+01  5.02500E-03  5.02500E-03  1.00000E+00            171.ER 68.  17   4
 1 2  3.03117E-02  1.23850E-02  1.23850E-02  0.00000E+00            171.ER 68.  18   2
 6 5  5.32715E+00  2.30400E-03  2.30400E-03  2.00000E+00            171.ER 68.  19   5
 6 6  6.91099E-01  2.75560E-03  2.75560E-03  2.00000E+00            171.ER 68.  20   6
 6 7  3.33791E-01  3.74690E-03  3.74690E-03  2.00000E+00            171.ER 68.  21   7
 6 3  1.41988E+00  1.05199E-02  1.05199E-02  2.00000E+00            171.ER 68.  22   3
 6 4  3.97774E-01  1.23850E-02  1.23850E-02  2.00000E+00            171.ER 68.  23   4
 1 3  6.00000E-02  8.56000E-02  8.56000E-02  0.00000E+00            171.ER 68.  24   3
 6 1  2.42942E-01  2.61120E-02  2.61120E-02  3.00000E+00            171.ER 68.  25   1
 6 5  3.35318E-02  7.55190E-02  7.55190E-02  3.00000E+00            171.ER 68.  26   5
 6 6  7.57001E-03  7.59706E-02  7.59706E-02  3.00000E+00            171.ER 68.  27   6
 6 7  5.12938E-03  7.69619E-02  7.69619E-02  3.00000E+00            171.ER 68.  28   7
 6 3  1.05569E-02  8.37349E-02  8.37349E-02  3.00000E+00            171.ER 68.  29   3
 6 4  2.92916E-03  8.56000E-02  8.56000E-02  3.00000E+00            171.ER 68.  30   4
 1 4  2.05000E+01  1.11621E-01  1.11621E-01  0.00000E+00            171.ER 68.  31   4
 6 1  3.95185E+01  5.21330E-02  5.21330E-02  4.00000E+00            171.ER 68.  32   1
 6 5  5.44782E+00  1.01540E-01  1.01540E-01  4.00000E+00            171.ER 68.  33   5
 6 6  6.94931E-01  1.01992E-01  1.01992E-01  4.00000E+00            171.ER 68.  34   6
 6 7  2.81895E-01  1.02983E-01  1.02983E-01  4.00000E+00            171.ER 68.  35   7
 6 3  1.44349E+00  1.09756E-01  1.09756E-01  4.00000E+00            171.ER 68.  36   3
 6 4  4.05750E-01  1.11621E-01  1.11621E-01  4.00000E+00            171.ER 68.  37   4
 1 5  2.30000E+00  1.16656E-01  1.16656E-01  0.00000E+00            171.ER 68.  38   5
 6 1  1.65614E+00  5.71680E-02  5.71680E-02  5.00000E+00            171.ER 68.  39   1
 6 5  1.60877E-01  1.06575E-01  1.06575E-01  5.00000E+00            171.ER 68.  40   5
 6 6  8.51947E-01  1.07027E-01  1.07027E-01  5.00000E+00            171.ER 68.  41   6
 6 7  7.78263E-01  1.08018E-01  1.08018E-01  5.00000E+00            171.ER 68.  42   7
 6 3  4.37780E-01  1.14791E-01  1.14791E-01  5.00000E+00            171.ER 68.  43   3
 6 4  1.15987E-01  1.16656E-01  1.16656E-01  5.00000E+00            171.ER 68.  44   4
 1 6  9.10000E+00  1.24017E-01  1.24017E-01  0.00000E+00            171.ER 68.  45   6
 6 1  5.59836E+00  6.45290E-02  6.45290E-02  6.00000E+00            171.ER 68.  46   1
 6 5  5.49961E-01  1.13936E-01  1.13936E-01  6.00000E+00            171.ER 68.  47   5
 6 6  2.54672E+00  1.14388E-01  1.14388E-01  6.00000E+00            171.ER 68.  48   6
 6 7  2.28272E+00  1.15379E-01  1.15379E-01  6.00000E+00            171.ER 68.  49   7
 6 3  1.31193E+00  1.22152E-01  1.22152E-01  6.00000E+00            171.ER 68.  50   3
 6 4  3.48075E-01  1.24017E-01  1.24017E-01  6.00000E+00            171.ER 68.  51   4
 1 8  8.90000E-02  1.75630E-01  1.75630E-01  0.00000E+00            171.ER 68.  52   8
 6 1  4.84158E-02  1.16142E-01  1.16142E-01  8.00000E+00            171.ER 68.  53   1
 6 5  6.66647E-03  1.65549E-01  1.65549E-01  8.00000E+00            171.ER 68.  54   5
 6 6  5.46471E-04  1.66001E-01  1.66001E-01  8.00000E+00            171.ER 68.  55   6
 6 7  7.68937E-05  1.66992E-01  1.66992E-01  8.00000E+00            171.ER 68.  56   7
 6 3  1.62156E-03  1.73765E-01  1.73765E-01  8.00000E+00            171.ER 68.  57   3
 6 4  4.59304E-04  1.75630E-01  1.75630E-01  8.00000E+00            171.ER 68.  58   4
 1 9  2.70000E-02  1.97700E-01  1.97700E-01  0.00000E+00            171.ER 68.  59   9
 6 1  1.05768E-02  1.38212E-01  1.38212E-01  9.00000E+00            171.ER 68.  60   1
 6 5  1.45217E-03  1.87619E-01  1.87619E-01  9.00000E+00            171.ER 68.  61   5
 6 6  1.17472E-04  1.88071E-01  1.88071E-01  9.00000E+00            171.ER 68.  62   6
 6 7  1.64470E-05  1.89062E-01  1.89062E-01  9.00000E+00            171.ER 68.  63   7
 6 3  3.53364E-04  1.95835E-01  1.95835E-01  9.00000E+00            171.ER 68.  64   3
 6 4  1.00072E-04  1.97700E-01  1.97700E-01  9.00000E+00            171.ER 68.  65   4
 110  7.00000E-03  2.10100E-01  2.10100E-01  0.00000E+00            171.ER 68.  66  10
 6 1  9.91376E-04  1.50612E-01  1.50612E-01  1.00000E+01            171.ER 68.  67   1
 6 5  1.09198E-04  2.00019E-01  2.00019E-01  1.00000E+01            171.ER 68.  68   5
 6 6  1.84832E-04  2.00471E-01  2.00471E-01  1.00000E+01            171.ER 68.  69   6
 6 7  1.35998E-04  2.01462E-01  2.01462E-01  1.00000E+01            171.ER 68.  70   7
 6 3  1.03443E-04  2.08235E-01  2.08235E-01  1.00000E+01            171.ER 68.  71   3
 6 4  2.77404E-05  2.10100E-01  2.10100E-01  1.00000E+01            171.ER 68.  72   4
 111  6.42000E-01  2.10600E-01  2.10600E-01  0.00000E+00            171.ER 68.  73  11
 6 1  2.54156E-02  1.51112E-01  1.51112E-01  1.10000E+01            171.ER 68.  74   1
 6 5  2.91044E-03  2.00519E-01  2.00519E-01  1.10000E+01            171.ER 68.  75   5
 6 6  4.43421E-04  2.00971E-01  2.00971E-01  1.10000E+01            171.ER 68.  76   6
 6 7  4.66641E-04  2.01962E-01  2.01962E-01  1.10000E+01            171.ER 68.  77   7
 6 3  8.48956E-04  2.08735E-01  2.08735E-01  1.10000E+01            171.ER 68.  78   3
 6 4  2.35230E-04  2.10600E-01  2.10600E-01  1.10000E+01            171.ER 68.  79   4
 112  3.02000E-01  2.37140E-01  2.37140E-01  0.00000E+00            171.ER 68.  80  12
 6 1  7.11556E-02  1.77652E-01  1.77652E-01  1.20000E+01            171.ER 68.  81   1
 6 5  9.72294E-03  2.27059E-01  2.27059E-01  1.20000E+01            171.ER 68.  82   5
 6 6  8.40474E-04  2.27511E-01  2.27511E-01  1.20000E+01            171.ER 68.  83   6
 6 7  1.60982E-04  2.28502E-01  2.28502E-01  1.20000E+01            171.ER 68.  84   7
 6 3  2.40014E-03  2.35275E-01  2.35275E-01  1.20000E+01            171.ER 68.  85   3
 6 4  6.77297E-04  2.37140E-01  2.37140E-01  1.20000E+01            171.ER 68.  86   4
 113  2.00000E-02  2.61400E-01  2.61400E-01  0.00000E+00            171.ER 68.  87  13
 6 1  3.65265E-03  2.01912E-01  2.01912E-01  1.30000E+01            171.ER 68.  88   1
 6 5  4.99183E-04  2.51319E-01  2.51319E-01  1.30000E+01            171.ER 68.  89   5
 6 6  3.87154E-05  2.51771E-01  2.51771E-01  1.30000E+01            171.ER 68.  90   6
 6 7  5.38024E-06  2.52762E-01  2.52762E-01  1.30000E+01            171.ER 68.  91   7
 6 3  1.21473E-04  2.59535E-01  2.59535E-01  1.30000E+01            171.ER 68.  92   3
 6 4  3.42757E-05  2.61400E-01  2.61400E-01  1.30000E+01            171.ER 68.  93   4
 114  5.80000E-01  2.77430E-01  2.77430E-01  0.00000E+00            171.ER 68.  94  14
 6 1  8.56438E-02  2.17942E-01  2.17942E-01  1.40000E+01            171.ER 68.  95   1
 6 5  1.16551E-02  2.67349E-01  2.67349E-01  1.40000E+01            171.ER 68.  96   5
 6 6  1.25877E-03  2.67801E-01  2.67801E-01  1.40000E+01            171.ER 68.  97   6
 6 7  3.78759E-04  2.68792E-01  2.68792E-01  1.40000E+01            171.ER 68.  98   7
 6 3  2.97482E-03  2.75565E-01  2.75565E-01  1.40000E+01            171.ER 68.  99   3
 6 4  8.38101E-04  2.77430E-01  2.77430E-01  1.40000E+01            171.ER 68. 100   4
 115  8.00000E-03  2.86500E-01  2.86500E-01  0.00000E+00            171.ER 68. 101  15
 6 1  1.14020E-03  2.27012E-01  2.27012E-01  1.50000E+01            171.ER 68. 102   1
 6 5  1.56018E-04  2.76419E-01  2.76419E-01  1.50000E+01            171.ER 68. 103   5
 6 6  1.18827E-05  2.76871E-01  2.76871E-01  1.50000E+01            171.ER 68. 104   6
 6 7  1.64997E-06  2.77862E-01  2.77862E-01  1.50000E+01            171.ER 68. 105   7
 6 3  3.77272E-05  2.84635E-01  2.84635E-01  1.50000E+01            171.ER 68. 106   3
 6 4  1.06682E-05  2.86500E-01  2.86500E-01  1.50000E+01            171.ER 68. 107   4
 116  2.89000E+01  2.95901E-01  2.95901E-01  0.00000E+00            171.ER 68. 108  16
 6 1  4.86240E-01  2.36413E-01  2.36413E-01  1.60000E+01            171.ER 68. 109   1
 6 5  5.73792E-02  2.85820E-01  2.85820E-01  1.60000E+01            171.ER 68. 110   5
 6 6  6.90704E-03  2.86272E-01  2.86272E-01  1.60000E+01            171.ER 68. 111   6
 6 7  6.99785E-03  2.87263E-01  2.87263E-01  1.60000E+01            171.ER 68. 112   7
 6 3  1.58118E-02  2.94036E-01  2.94036E-01  1.60000E+01            171.ER 68. 113   3
 6 4  4.40231E-03  2.95901E-01  2.95901E-01  1.60000E+01            171.ER 68. 114   4
 117  6.44000E+01  3.08291E-01  3.08291E-01  0.00000E+00            171.ER 68. 115  17
 6 1  9.80040E-01  2.48803E-01  2.48803E-01  1.70000E+01            171.ER 68. 116   1
 6 5  1.16015E-01  2.98210E-01  2.98210E-01  1.70000E+01            171.ER 68. 117   5
 6 6  1.35695E-02  2.98662E-01  2.98662E-01  1.70000E+01            171.ER 68. 118   6
 6 7  1.36917E-02  2.99653E-01  2.99653E-01  1.70000E+01            171.ER 68. 119   7
 6 3  3.17714E-02  3.06426E-01  3.06426E-01  1.70000E+01            171.ER 68. 120   3
 6 4  8.85129E-03  3.08291E-01  3.08291E-01  1.70000E+01            171.ER 68. 121   4
 118  1.97000E-02  3.62910E-01  3.62910E-01  0.00000E+00            171.ER 68. 122  18
 6 1  1.49628E-03  3.03422E-01  3.03422E-01  1.80000E+01            171.ER 68. 123   1
 6 5  2.04155E-04  3.52829E-01  3.52829E-01  1.80000E+01            171.ER 68. 124   5
 6 6  1.48226E-05  3.53281E-01  3.53281E-01  1.80000E+01            171.ER 68. 125   6
 6 7  2.06192E-06  3.54272E-01  3.54272E-01  1.80000E+01            171.ER 68. 126   7
 6 3  4.90301E-05  3.61045E-01  3.61045E-01  1.80000E+01            171.ER 68. 127   3
 6 4  1.38855E-05  3.62910E-01  3.62910E-01  1.80000E+01            171.ER 68. 128   4
 119  2.57000E-01  3.71960E-01  3.71960E-01  0.00000E+00            171.ER 68. 129  19
 6 1  1.75039E-02  3.12472E-01  3.12472E-01  1.90000E+01            171.ER 68. 130   1
 6 5  2.37924E-03  3.61879E-01  3.61879E-01  1.90000E+01            171.ER 68. 131   5
 6 6  2.11042E-04  3.62331E-01  3.62331E-01  1.90000E+01            171.ER 68. 132   6
 6 7  4.87696E-05  3.63322E-01  3.63322E-01  1.90000E+01            171.ER 68. 133   7
 6 3  5.86904E-04  3.70095E-01  3.70095E-01  1.90000E+01            171.ER 68. 134   3
 6 4  1.65936E-04  3.71960E-01  3.71960E-01  1.90000E+01            171.ER 68. 135   4
 120  8.30000E-02  4.19900E-01  4.19900E-01  0.00000E+00            171.ER 68. 136  20
 6 1  1.40333E-02  3.60412E-01  3.60412E-01  2.00000E+01            171.ER 68. 137   1
 6 5  2.18677E-03  4.09819E-01  4.09819E-01  2.00000E+01            171.ER 68. 138   5
 6 6  2.45748E-04  4.10271E-01  4.10271E-01  2.00000E+01            171.ER 68. 139   6
 6 7  8.97257E-05  4.11262E-01  4.11262E-01  2.00000E+01            171.ER 68. 140   7
 6 3  5.77195E-04  4.18035E-01  4.18035E-01  2.00000E+01            171.ER 68. 141   3
 6 4  1.63077E-04  4.19900E-01  4.19900E-01  2.00000E+01            171.ER 68. 142   4
 121  2.24000E-02  4.24900E-01  4.24900E-01  0.00000E+00            171.ER 68. 143  21
 6 1  1.22378E-03  3.65412E-01  3.65412E-01  2.10000E+01            171.ER 68. 144   1
 6 5  1.68375E-04  4.14819E-01  4.14819E-01  2.10000E+01            171.ER 68. 145   5
 6 6  2.71076E-04  4.15271E-01  4.15271E-01  2.10000E+01            171.ER 68. 146   6
 6 7  1.06820E-04  4.16262E-01  4.16262E-01  2.10000E+01            171.ER 68. 147   7
 6 3  1.32526E-04  4.23035E-01  4.23035E-01  2.10000E+01            171.ER 68. 148   3
 6 4  3.59229E-05  4.24900E-01  4.24900E-01  2.10000E+01            171.ER 68. 149   4
 122  6.00000E-03  4.55600E-01  4.55600E-01  0.00000E+00            171.ER 68. 150  22
 123  5.00000E-03  4.87900E-01  4.87900E-01  0.00000E+00            171.ER 68. 151  23
 6 1  2.61885E-05  4.28412E-01  4.28412E-01  2.30000E+01            171.ER 68. 152   1
 6 5  3.18530E-06  4.77819E-01  4.77819E-01  2.30000E+01            171.ER 68. 153   5
 6 6  2.68520E-07  4.78271E-01  4.78271E-01  2.30000E+01            171.ER 68. 154   6
 6 7  2.59839E-07  4.79262E-01  4.79262E-01  2.30000E+01            171.ER 68. 155   7
 6 3  8.20525E-07  4.86035E-01  4.86035E-01  2.30000E+01            171.ER 68. 156   3
 6 4  2.29921E-07  4.87900E-01  4.87900E-01  2.30000E+01            171.ER 68. 157   4
 124  2.00000E-03  4.95400E-01  4.95400E-01  0.00000E+00            171.ER 68. 158  24
 6 1  6.75480E-05  4.35912E-01  4.35912E-01  2.40000E+01            171.ER 68. 159   1
 6 5  9.15737E-06  4.85319E-01  4.85319E-01  2.40000E+01            171.ER 68. 160   5
 6 6  6.18774E-07  4.85771E-01  4.85771E-01  2.40000E+01            171.ER 68. 161   6
 6 7  8.74693E-08  4.86762E-01  4.86762E-01  2.40000E+01            171.ER 68. 162   7
 6 3  2.18682E-06  4.93535E-01  4.93535E-01  2.40000E+01            171.ER 68. 163   3
 6 4  6.20041E-07  4.95400E-01  4.95400E-01  2.40000E+01            171.ER 68. 164   4
 125  2.27000E-02  5.06900E-01  5.06900E-01  0.00000E+00            171.ER 68. 165  25
 6 1  5.16147E-04  4.47412E-01  4.47412E-01  2.50000E+01            171.ER 68. 166   1
 6 5  6.99544E-05  4.96819E-01  4.96819E-01  2.50000E+01            171.ER 68. 167   5
 6 6  4.69914E-06  4.97271E-01  4.97271E-01  2.50000E+01            171.ER 68. 168   6
 6 7  6.65607E-07  4.98262E-01  4.98262E-01  2.50000E+01            171.ER 68. 169   7
 6 3  1.66992E-05  5.05035E-01  5.05035E-01  2.50000E+01            171.ER 68. 170   3
 6 4  4.73420E-06  5.06900E-01  5.06900E-01  2.50000E+01            171.ER 68. 171   4
 126  1.77000E-02  5.19200E-01  5.19200E-01  0.00000E+00            171.ER 68. 172  26
 6 1  3.87595E-04  4.59712E-01  4.59712E-01  2.60000E+01            171.ER 68. 173   1
 6 5  5.25173E-05  5.09119E-01  5.09119E-01  2.60000E+01            171.ER 68. 174   5
 6 6  3.50582E-06  5.09571E-01  5.09571E-01  2.60000E+01            171.ER 68. 175   6
 6 7  4.97709E-07  5.10562E-01  5.10562E-01  2.60000E+01            171.ER 68. 176   7
 6 3  1.25318E-05  5.17335E-01  5.17335E-01  2.60000E+01            171.ER 68. 177   3
 6 4  3.55223E-06  5.19200E-01  5.19200E-01  2.60000E+01            171.ER 68. 178   4
 127  1.70000E-02  5.47800E-01  5.47800E-01  0.00000E+00            171.ER 68. 179  27
 6 1  4.43664E-04  4.88312E-01  4.88312E-01  2.70000E+01            171.ER 68. 180   1
 6 5  6.00795E-05  5.37719E-01  5.37719E-01  2.70000E+01            171.ER 68. 181   5
 6 6  3.95352E-06  5.38171E-01  5.38171E-01  2.70000E+01            171.ER 68. 182   6
 6 7  5.64481E-07  5.39162E-01  5.39162E-01  2.70000E+01            171.ER 68. 183   7
 6 3  1.43237E-05  5.45935E-01  5.45935E-01  2.70000E+01            171.ER 68. 184   3
 6 4  4.05873E-06  5.47800E-01  5.47800E-01  2.70000E+01            171.ER 68. 185   4
 128  4.66000E-02  5.59500E-01  5.59500E-01  0.00000E+00            171.ER 68. 186  28
 6 1  1.15231E-03  5.00012E-01  5.00012E-01  2.80000E+01            171.ER 68. 187   1
 6 5  1.56008E-04  5.49419E-01  5.49419E-01  2.80000E+01            171.ER 68. 188   5
 6 6  1.02067E-05  5.49871E-01  5.49871E-01  2.80000E+01            171.ER 68. 189   6
 6 7  1.46096E-06  5.50862E-01  5.50862E-01  2.80000E+01            171.ER 68. 190   7
 6 3  3.71810E-05  5.57635E-01  5.57635E-01  2.80000E+01            171.ER 68. 191   3
 6 4  1.05340E-05  5.59500E-01  5.59500E-01  2.80000E+01            171.ER 68. 192   4
 129  9.80000E-03  5.73500E-01  5.73500E-01  0.00000E+00            171.ER 68. 193  29
 6 1  3.61686E-05  5.14012E-01  5.14012E-01  2.90000E+01            171.ER 68. 194   1
 6 5  4.43025E-06  5.63419E-01  5.63419E-01  2.90000E+01            171.ER 68. 195   5
 6 6  3.31571E-07  5.63871E-01  5.63871E-01  2.90000E+01            171.ER 68. 196   6
 6 7  3.18169E-07  5.64862E-01  5.64862E-01  2.90000E+01            171.ER 68. 197   7
 6 3  1.12059E-06  5.71635E-01  5.71635E-01  2.90000E+01            171.ER 68. 198   3
 6 4  3.14036E-07  5.73500E-01  5.73500E-01  2.90000E+01            171.ER 68. 199   4
 130  4.00000E-03  5.86000E-01  5.86000E-01  0.00000E+00            171.ER 68. 200  30
 6 1  3.73781E-05  5.26512E-01  5.26512E-01  3.00000E+01            171.ER 68. 201   1
 6 5  4.75336E-06  5.75919E-01  5.75919E-01  3.00000E+01            171.ER 68. 202   5
 6 6  1.56467E-06  5.76371E-01  5.76371E-01  3.00000E+01            171.ER 68. 203   6
 6 7  7.61889E-07  5.77362E-01  5.77362E-01  3.00000E+01            171.ER 68. 204   7
 6 3  1.61639E-06  5.84135E-01  5.84135E-01  3.00000E+01            171.ER 68. 205   3
 6 4  4.48305E-07  5.86000E-01  5.86000E-01  3.00000E+01            171.ER 68. 206   4
 131  3.70000E-02  6.08600E-01  6.08600E-01  0.00000E+00            171.ER 68. 207  31
 6 1  7.38872E-04  5.49112E-01  5.49112E-01  3.10000E+01            171.ER 68. 208   1
 6 5  9.99456E-05  5.98519E-01  5.98519E-01  3.10000E+01            171.ER 68. 209   5
 6 6  6.38446E-06  5.98971E-01  5.98971E-01  3.10000E+01            171.ER 68. 210   6
 6 7  9.24428E-07  5.99962E-01  5.99962E-01  3.10000E+01            171.ER 68. 211   7
 6 3  2.37855E-05  6.06735E-01  6.06735E-01  3.10000E+01            171.ER 68. 212   3
 6 4  6.73497E-06  6.08600E-01  6.08600E-01  3.10000E+01            171.ER 68. 213   4
 132  2.00000E-02  6.09000E-01  6.09000E-01  0.00000E+00            171.ER 68. 214  32
 6 1  3.98726E-04  5.49512E-01  5.49512E-01  3.20000E+01            171.ER 68. 215   1
 6 5  5.39345E-05  5.98919E-01  5.98919E-01  3.20000E+01            171.ER 68. 216   5
 6 6  3.44464E-06  5.99371E-01  5.99371E-01  3.20000E+01            171.ER 68. 217   6
 6 7  4.98811E-07  6.00362E-01  6.00362E-01  3.20000E+01            171.ER 68. 218   7
 6 3  1.28354E-05  6.07135E-01  6.07135E-01  3.20000E+01            171.ER 68. 219   3
 6 4  3.63439E-06  6.09000E-01  6.09000E-01  3.20000E+01            171.ER 68. 220   4
 133  8.90000E-02  6.21030E-01  6.21030E-01  0.00000E+00            171.ER 68. 221  33
 6 1  1.68868E-03  5.61542E-01  5.61542E-01  3.30000E+01            171.ER 68. 222   1
 6 5  2.28375E-04  6.10949E-01  6.10949E-01  3.30000E+01            171.ER 68. 223   5
 6 6  1.45019E-05  6.11401E-01  6.11401E-01  3.30000E+01            171.ER 68. 224   6
 6 7  2.10641E-06  6.12392E-01  6.12392E-01  3.30000E+01            171.ER 68. 225   7
 6 3  5.43301E-05  6.19165E-01  6.19165E-01  3.30000E+01            171.ER 68. 226   3
 6 4  1.53818E-05  6.21030E-01  6.21030E-01  3.30000E+01            171.ER 68. 227   4
 134  5.00000E-03  6.30700E-01  6.30700E-01  0.00000E+00            171.ER 68. 228  34
 6 1  3.94821E-05  5.71212E-01  5.71212E-01  3.40000E+01            171.ER 68. 229   1
 6 5  5.03653E-06  6.20619E-01  6.20619E-01  3.40000E+01            171.ER 68. 230   5
 6 6  1.48214E-06  6.21071E-01  6.21071E-01  3.40000E+01            171.ER 68. 231   6
 6 7  7.04410E-07  6.22062E-01  6.22062E-01  3.40000E+01            171.ER 68. 232   7
 6 3  1.64461E-06  6.28835E-01  6.28835E-01  3.40000E+01            171.ER 68. 233   3
 6 4  4.56517E-07  6.30700E-01  6.30700E-01  3.40000E+01            171.ER 68. 234   4
 135  2.52000E-01  6.70700E-01  6.70700E-01  0.00000E+00            171.ER 68. 235  35
 6 1  3.91260E-03  6.11212E-01  6.11212E-01  3.50000E+01            171.ER 68. 236   1
 6 5  5.28526E-04  6.60619E-01  6.60619E-01  3.50000E+01            171.ER 68. 237   5
 6 6  3.33313E-05  6.61071E-01  6.61071E-01  3.50000E+01            171.ER 68. 238   6
 6 7  5.13372E-06  6.62062E-01  6.62062E-01  3.50000E+01            171.ER 68. 239   7
 6 3  1.25764E-04  6.68835E-01  6.68835E-01  3.50000E+01            171.ER 68. 240   3
 6 4  3.55860E-05  6.70700E-01  6.70700E-01  3.50000E+01            171.ER 68. 241   4
 136  2.20000E-02  6.71700E-01  6.71700E-01  0.00000E+00            171.ER 68. 242  36
 6 1  3.42595E-04  6.12212E-01  6.12212E-01  3.60000E+01            171.ER 68. 243   1
 6 5  4.62912E-05  6.61619E-01  6.61619E-01  3.60000E+01            171.ER 68. 244   5
 6 6  2.87019E-06  6.62071E-01  6.62071E-01  3.60000E+01            171.ER 68. 245   6
 6 7  4.22684E-07  6.63062E-01  6.63062E-01  3.60000E+01            171.ER 68. 246   7
 6 3  1.09964E-05  6.69835E-01  6.69835E-01  3.60000E+01            171.ER 68. 247   3
 6 4  3.11190E-06  6.71700E-01  6.71700E-01  3.60000E+01            171.ER 68. 248   4
 137  2.85000E-01  6.76100E-01  6.76100E-01  0.00000E+00            171.ER 68. 249  37
 6 1  4.33139E-03  6.16612E-01  6.16612E-01  3.70000E+01            171.ER 68. 250   1
 6 5  5.85010E-04  6.66019E-01  6.66019E-01  3.70000E+01            171.ER 68. 251   5
 6 6  3.69079E-05  6.66471E-01  6.66471E-01  3.70000E+01            171.ER 68. 252   6
 6 7  5.73621E-06  6.67462E-01  6.67462E-01  3.70000E+01            171.ER 68. 253   7
 6 3  1.39222E-04  6.74235E-01  6.74235E-01  3.70000E+01            171.ER 68. 254   3
 6 4  3.93919E-05  6.76100E-01  6.76100E-01  3.70000E+01            171.ER 68. 255   4
 138  1.50000E-02  6.93900E-01  6.93900E-01  0.00000E+00            171.ER 68. 256  38
 6 1  2.15325E-04  6.34412E-01  6.34412E-01  3.80000E+01            171.ER 68. 257   1
 6 5  2.90802E-05  6.83819E-01  6.83819E-01  3.80000E+01            171.ER 68. 258   5
 6 6  1.78430E-06  6.84271E-01  6.84271E-01  3.80000E+01            171.ER 68. 259   6
 6 7  2.64499E-07  6.85262E-01  6.85262E-01  3.80000E+01            171.ER 68. 260   7
 6 3  6.90272E-06  6.92035E-01  6.92035E-01  3.80000E+01            171.ER 68. 261   3
 6 4  1.95341E-06  6.93900E-01  6.93900E-01  3.80000E+01            171.ER 68. 262   4
 139  1.20000E-02  7.05800E-01  7.05800E-01  0.00000E+00            171.ER 68. 263  39
 6 1  1.65102E-04  6.46312E-01  6.46312E-01  3.90000E+01            171.ER 68. 264   1
 6 5  2.22907E-05  6.95719E-01  6.95719E-01  3.90000E+01            171.ER 68. 265   5
 6 6  1.36005E-06  6.96171E-01  6.96171E-01  3.90000E+01            171.ER 68. 266   6
 6 7  2.02346E-07  6.97162E-01  6.97162E-01  3.90000E+01            171.ER 68. 267   7
 6 3  5.28876E-06  7.03935E-01  7.03935E-01  3.90000E+01            171.ER 68. 268   3
 6 4  1.49675E-06  7.05800E-01  7.05800E-01  3.90000E+01            171.ER 68. 269   4
 140  9.76000E-02  7.32500E-01  7.32500E-01  0.00000E+00            171.ER 68. 270  40
 6 1  1.22422E-03  6.73012E-01  6.73012E-01  4.00000E+01            171.ER 68. 271   1
 6 5  1.65173E-04  7.22419E-01  7.22419E-01  4.00000E+01            171.ER 68. 272   5
 6 6  9.95302E-06  7.22871E-01  7.22871E-01  4.00000E+01            171.ER 68. 273   6
 6 7  1.49331E-06  7.23862E-01  7.23862E-01  4.00000E+01            171.ER 68. 274   7
 6 3  3.91511E-05  7.30635E-01  7.30635E-01  4.00000E+01            171.ER 68. 275   3
 6 4  1.10815E-05  7.32500E-01  7.32500E-01  4.00000E+01            171.ER 68. 276   4
 141  6.60000E-03  7.45000E-01  7.45000E-01  0.00000E+00            171.ER 68. 277  41
 142  4.50000E-03  7.67800E-01  7.67800E-01  0.00000E+00            171.ER 68. 278  42
 143  2.40000E-01  7.84090E-01  7.84090E-01  0.00000E+00            171.ER 68. 279  43
 6 1  2.40113E-03  7.24602E-01  7.24602E-01  4.30000E+01            171.ER 68. 280   1
 6 5  3.22767E-04  7.74009E-01  7.74009E-01  4.30000E+01            171.ER 68. 281   5
 6 6  2.13909E-05  7.74461E-01  7.74461E-01  4.30000E+01            171.ER 68. 282   6
 6 7  4.23654E-06  7.75452E-01  7.75452E-01  4.30000E+01            171.ER 68. 283   7
 6 3  7.72786E-05  7.82225E-01  7.82225E-01  4.30000E+01            171.ER 68. 284   3
 6 4  2.18595E-05  7.84090E-01  7.84090E-01  4.30000E+01            171.ER 68. 285   4
 144  6.40000E-01  7.96550E-01  7.96550E-01  0.00000E+00            171.ER 68. 286  44
 6 1  5.68807E-03  7.37062E-01  7.37062E-01  4.40000E+01            171.ER 68. 287   1
 6 5  7.61652E-04  7.86469E-01  7.86469E-01  4.40000E+01            171.ER 68. 288   5
 6 6  5.83819E-05  7.86921E-01  7.86921E-01  4.40000E+01            171.ER 68. 289   6
 6 7  1.45430E-05  7.87912E-01  7.87912E-01  4.40000E+01            171.ER 68. 290   7
 6 3  1.85393E-04  7.94685E-01  7.94685E-01  4.40000E+01            171.ER 68. 291   3
 6 4  5.23746E-05  7.96550E-01  7.96550E-01  4.40000E+01            171.ER 68. 292   4
 145  1.50000E-03  8.60000E-01  8.60000E-01  0.00000E+00            171.ER 68. 293  45
 6 1  2.44826E-06  8.00512E-01  8.00512E-01  4.50000E+01            171.ER 68. 294   1
 6 5  3.02269E-07  8.49919E-01  8.49919E-01  4.50000E+01            171.ER 68. 295   5
 6 6  1.65558E-08  8.50371E-01  8.50371E-01  4.50000E+01            171.ER 68. 296   6
 6 7  1.60210E-08  8.51362E-01  8.51362E-01  4.50000E+01            171.ER 68. 297   7
 6 3  7.39004E-08  8.58135E-01  8.58135E-01  4.50000E+01            171.ER 68. 298   3
 6 4  2.07368E-08  8.60000E-01  8.60000E-01  4.50000E+01            171.ER 68. 299   4
 146  5.50000E-02  8.69700E-01  8.69700E-01  0.00000E+00            171.ER 68. 300  46
 6 1  4.38721E-04  8.10212E-01  8.10212E-01  4.60000E+01            171.ER 68. 301   1
 6 5  5.89238E-05  8.59619E-01  8.59619E-01  4.60000E+01            171.ER 68. 302   5
 6 6  3.53065E-06  8.60071E-01  8.60071E-01  4.60000E+01            171.ER 68. 303   6
 6 7  6.32022E-07  8.61062E-01  8.61062E-01  4.60000E+01            171.ER 68. 304   7
 6 3  1.39738E-05  8.67835E-01  8.67835E-01  4.60000E+01            171.ER 68. 305   3
 6 4  3.95717E-06  8.69700E-01  8.69700E-01  4.60000E+01            171.ER 68. 306   4
 147  2.00000E-02  8.71500E-01  8.71500E-01  0.00000E+00            171.ER 68. 307  47
 6 1  7.83658E-05  8.12012E-01  8.12012E-01  4.70000E+01            171.ER 68. 308   1
 6 5  1.00757E-05  8.61419E-01  8.61419E-01  4.70000E+01            171.ER 68. 309   5
 6 6  1.82899E-06  8.61871E-01  8.61871E-01  4.70000E+01            171.ER 68. 310   6
 6 7  7.95014E-07  8.62862E-01  8.62862E-01  4.70000E+01            171.ER 68. 311   7
 6 3  2.85699E-06  8.69635E-01  8.69635E-01  4.70000E+01            171.ER 68. 312   3
 6 4  7.97829E-07  8.71500E-01  8.71500E-01  4.70000E+01            171.ER 68. 313   4
 148  3.85000E-02  8.82000E-01  8.82000E-01  0.00000E+00            171.ER 68. 314  48
 6 1  3.03482E-04  8.22512E-01  8.22512E-01  4.80000E+01            171.ER 68. 315   1
 6 5  4.07862E-05  8.71919E-01  8.71919E-01  4.80000E+01            171.ER 68. 316   5
 6 6  2.32793E-06  8.72371E-01  8.72371E-01  4.80000E+01            171.ER 68. 317   6
 6 7  3.79002E-07  8.73362E-01  8.73362E-01  4.80000E+01            171.ER 68. 318   7
 6 3  9.62915E-06  8.80135E-01  8.80135E-01  4.80000E+01            171.ER 68. 319   3
 6 4  2.72802E-06  8.82000E-01  8.82000E-01  4.80000E+01            171.ER 68. 320   4
 149  6.35000E-01  9.07700E-01  9.07700E-01  0.00000E+00            171.ER 68. 321  49
 6 1  4.45846E-03  8.48212E-01  8.48212E-01  4.90000E+01            171.ER 68. 322   1
 6 5  5.97700E-04  8.97619E-01  8.97619E-01  4.90000E+01            171.ER 68. 323   5
 6 6  3.66814E-05  8.98071E-01  8.98071E-01  4.90000E+01            171.ER 68. 324   6
 6 7  7.19410E-06  8.99062E-01  8.99062E-01  4.90000E+01            171.ER 68. 325   7
 6 3  1.42118E-04  9.05835E-01  9.05835E-01  4.90000E+01            171.ER 68. 326   3
 6 4  4.02429E-05  9.07700E-01  9.07700E-01  4.90000E+01            171.ER 68. 327   4
 150  7.70000E-02  9.12600E-01  9.12600E-01  0.00000E+00            171.ER 68. 328  50
 6 1  2.74355E-04  8.53112E-01  8.53112E-01  5.00000E+01            171.ER 68. 329   1
 6 5  3.52918E-05  9.02519E-01  9.02519E-01  5.00000E+01            171.ER 68. 330   5
 6 6  5.99059E-06  9.02971E-01  9.02971E-01  5.00000E+01            171.ER 68. 331   6
 6 7  2.57860E-06  9.03962E-01  9.03962E-01  5.00000E+01            171.ER 68. 332   7
 6 3  9.85098E-06  9.10735E-01  9.10735E-01  5.00000E+01            171.ER 68. 333   3
 6 4  2.75377E-06  9.12600E-01  9.12600E-01  5.00000E+01            171.ER 68. 334   4
 151  2.64000E-02  9.66100E-01  9.66100E-01  0.00000E+00            171.ER 68. 335  51
 6 1  8.37630E-05  9.06612E-01  9.06612E-01  5.10000E+01            171.ER 68. 336   1
 6 5  1.07797E-05  9.56019E-01  9.56019E-01  5.10000E+01            171.ER 68. 337   5
 6 6  1.68537E-06  9.56471E-01  9.56471E-01  5.10000E+01            171.ER 68. 338   6
 6 7  7.17603E-07  9.57462E-01  9.57462E-01  5.10000E+01            171.ER 68. 339   7
 6 3  2.95490E-06  9.64235E-01  9.64235E-01  5.10000E+01            171.ER 68. 340   3
 6 4  8.27071E-07  9.66100E-01  9.66100E-01  5.10000E+01            171.ER 68. 341   4
 152  7.00000E-04  9.76200E-01  9.76200E-01  0.00000E+00            171.ER 68. 342  52
 6 1  9.00196E-07  9.16712E-01  9.16712E-01  5.20000E+01            171.ER 68. 343   1
 6 5  1.11225E-07  9.66119E-01  9.66119E-01  5.20000E+01            171.ER 68. 344   5
 6 6  5.50574E-09  9.66571E-01  9.66571E-01  5.20000E+01            171.ER 68. 345   6
 6 7  5.39916E-09  9.67562E-01  9.67562E-01  5.20000E+01            171.ER 68. 346   7
 6 3  2.69767E-08  9.74335E-01  9.74335E-01  5.20000E+01            171.ER 68. 347   3
 6 4  7.57747E-09  9.76200E-01  9.76200E-01  5.20000E+01            171.ER 68. 348   4
 153  6.00000E-04  9.94000E-01  9.94000E-01  0.00000E+00            171.ER 68. 349  53
 6 1  1.79758E-06  9.34512E-01  9.34512E-01  5.30000E+01            171.ER 68. 350   1
 6 5  2.31371E-07  9.83919E-01  9.83919E-01  5.30000E+01            171.ER 68. 351   5
 6 6  3.47293E-08  9.84371E-01  9.84371E-01  5.30000E+01            171.ER 68. 352   6
 6 7  1.47148E-08  9.85362E-01  9.85362E-01  5.30000E+01            171.ER 68. 353   7
 6 3  6.28842E-08  9.92135E-01  9.92135E-01  5.30000E+01            171.ER 68. 354   3
 6 4  1.76123E-08  9.94000E-01  9.94000E-01  5.30000E+01            171.ER 68. 355   4
 154  4.00000E-04  1.05100E+00  1.05100E+00  0.00000E+00            171.ER 68. 356  54
 155  1.06000E-03  1.09690E+00  1.09690E+00  0.00000E+00            171.ER 68. 357  55
 6 1  2.61335E-06  1.03741E+00  1.03741E+00  5.50000E+01            171.ER 68. 358   1
 6 5  3.36256E-07  1.08682E+00  1.08682E+00  5.50000E+01            171.ER 68. 359   5
 6 6  4.39122E-08  1.08727E+00  1.08727E+00  5.50000E+01            171.ER 68. 360   6
 6 7  1.83454E-08  1.08826E+00  1.08826E+00  5.50000E+01            171.ER 68. 361   7
 6 3  8.89572E-08  1.09503E+00  1.09503E+00  5.50000E+01            171.ER 68. 362   3
 6 4  2.49680E-08  1.09690E+00  1.09690E+00  5.50000E+01            171.ER 68. 363   4
 156  6.79000E-03  1.10900E+00  1.10900E+00  0.00000E+00            171.ER 68. 364  56
 6 1  3.08653E-05  1.04951E+00  1.04951E+00  5.60000E+01            171.ER 68. 365   1
 6 5  4.13065E-06  1.09892E+00  1.09892E+00  5.60000E+01            171.ER 68. 366   5
 6 6  2.13204E-07  1.09937E+00  1.09937E+00  5.60000E+01            171.ER 68. 367   6
 6 7  3.68229E-08  1.10036E+00  1.10036E+00  5.60000E+01            171.ER 68. 368   7
 6 3  9.68618E-07  1.10713E+00  1.10713E+00  5.60000E+01            171.ER 68. 369   3
 6 4  2.74820E-07  1.10900E+00  1.10900E+00  5.60000E+01            171.ER 68. 370   4
 157  6.00000E-04  1.15600E+00  1.15600E+00  0.00000E+00            171.ER 68. 371  57
 6 1  2.46783E-06  1.09651E+00  1.09651E+00  5.70000E+01            171.ER 68. 372   1
 6 5  3.30018E-07  1.14592E+00  1.14592E+00  5.70000E+01            171.ER 68. 373   5
 6 6  1.67517E-08  1.14637E+00  1.14637E+00  5.70000E+01            171.ER 68. 374   6
 6 7  2.94964E-09  1.14736E+00  1.14736E+00  5.70000E+01            171.ER 68. 375   7
 6 3  7.73221E-08  1.15413E+00  1.15413E+00  5.70000E+01            171.ER 68. 376   3
 6 4  2.19421E-08  1.15600E+00  1.15600E+00  5.70000E+01            171.ER 68. 377   4
 158  1.84000E-03  1.16840E+00  1.16840E+00  0.00000E+00            171.ER 68. 378  58
 6 1  7.37627E-06  1.10891E+00  1.10891E+00  5.80000E+01            171.ER 68. 379   1
 6 5  9.86220E-07  1.15832E+00  1.15832E+00  5.80000E+01            171.ER 68. 380   5
 6 6  4.98448E-08  1.15877E+00  1.15877E+00  5.80000E+01            171.ER 68. 381   6
 6 7  8.82180E-09  1.15976E+00  1.15976E+00  5.80000E+01            171.ER 68. 382   7
 6 3  2.31021E-07  1.16653E+00  1.16653E+00  5.80000E+01            171.ER 68. 383   3
 6 4  6.55606E-08  1.16840E+00  1.16840E+00  5.80000E+01            171.ER 68. 384   4
 159  8.00000E-04  1.17290E+00  1.17290E+00  0.00000E+00            171.ER 68. 385  59
 160  3.00000E-04  1.18200E+00  1.18200E+00  0.00000E+00            171.ER 68. 386  60
 161  2.80000E-03  1.22050E+00  1.22050E+00  0.00000E+00            171.ER 68. 387  61
 6 1  1.01086E-05  1.16101E+00  1.16101E+00  6.10000E+01            171.ER 68. 388   1
 6 5  1.35045E-06  1.21042E+00  1.21042E+00  6.10000E+01            171.ER 68. 389   5
 6 6  6.70519E-08  1.21087E+00  1.21087E+00  6.10000E+01            171.ER 68. 390   6
 6 7  1.21275E-08  1.21186E+00  1.21186E+00  6.10000E+01            171.ER 68. 391   7
 6 3  3.16093E-07  1.21863E+00  1.21863E+00  6.10000E+01            171.ER 68. 392   3
 6 4  8.97157E-08  1.22050E+00  1.22050E+00  6.10000E+01            171.ER 68. 393   4
 162  3.40000E-04  1.27120E+00  1.27120E+00  0.00000E+00            171.ER 68. 394  62
 6 1  1.11353E-06  1.21171E+00  1.21171E+00  6.20000E+01            171.ER 68. 395   1
 6 5  1.48645E-07  1.26112E+00  1.26112E+00  6.20000E+01            171.ER 68. 396   5
 6 6  7.25823E-09  1.26157E+00  1.26157E+00  6.20000E+01            171.ER 68. 397   6
 6 7  1.34106E-09  1.26256E+00  1.26256E+00  6.20000E+01            171.ER 68. 398   7
 6 3  3.47704E-08  1.26933E+00  1.26933E+00  6.20000E+01            171.ER 68. 399   3
 6 4  9.86966E-09  1.27120E+00  1.27120E+00  6.20000E+01            171.ER 68. 400   4
 163  2.50000E-03  1.27990E+00  1.27990E+00  0.00000E+00            171.ER 68. 401  63
 6 1  8.05534E-06  1.22041E+00  1.22041E+00  6.30000E+01            171.ER 68. 402   1
 6 5  1.07517E-06  1.26982E+00  1.26982E+00  6.30000E+01            171.ER 68. 403   5
 6 6  5.23522E-08  1.27027E+00  1.27027E+00  6.30000E+01            171.ER 68. 404   6
 6 7  9.70840E-09  1.27126E+00  1.27126E+00  6.30000E+01            171.ER 68. 405   7
 6 3  2.51474E-07  1.27803E+00  1.27803E+00  6.30000E+01            171.ER 68. 406   3
 6 4  7.13820E-08  1.27990E+00  1.27990E+00  6.30000E+01            171.ER 68. 407   4
 164  2.40000E-03  1.28440E+00  1.28440E+00  0.00000E+00            171.ER 68. 408  64
 6 1  4.36646E-06  1.22491E+00  1.22491E+00  6.40000E+01            171.ER 68. 409   1
 6 5  5.61468E-07  1.27432E+00  1.27432E+00  6.40000E+01            171.ER 68. 410   5
 6 6  5.90386E-08  1.27477E+00  1.27477E+00  6.40000E+01            171.ER 68. 411   6
 6 7  2.43623E-08  1.27576E+00  1.27576E+00  6.40000E+01            171.ER 68. 412   7
 6 3  1.43299E-07  1.28253E+00  1.28253E+00  6.40000E+01            171.ER 68. 413   3
 6 4  4.03435E-08  1.28440E+00  1.28440E+00  6.40000E+01            171.ER 68. 414   4
 165  2.80000E-03  1.39550E+00  1.39550E+00  0.00000E+00            171.ER 68. 415  65
 6 1  7.34253E-06  1.33601E+00  1.33601E+00  6.50000E+01            171.ER 68. 416   1
 6 5  9.78322E-07  1.38542E+00  1.38542E+00  6.50000E+01            171.ER 68. 417   5
 6 6  4.59583E-08  1.38587E+00  1.38587E+00  6.50000E+01            171.ER 68. 418   6
 6 7  8.95232E-09  1.38686E+00  1.38686E+00  6.50000E+01            171.ER 68. 419   7
 6 3  2.28596E-07  1.39363E+00  1.39363E+00  6.50000E+01            171.ER 68. 420   3
 6 4  6.48880E-08  1.39550E+00  1.39550E+00  6.50000E+01            171.ER 68. 421   4
 166  2.50000E-03  1.40050E+00  1.40050E+00  0.00000E+00            171.ER 68. 422  66
 6 1  3.86394E-06  1.34101E+00  1.34101E+00  6.60000E+01            171.ER 68. 423   1
 6 5  4.96915E-07  1.39042E+00  1.39042E+00  6.60000E+01            171.ER 68. 424   5
 6 6  4.65694E-08  1.39087E+00  1.39087E+00  6.60000E+01            171.ER 68. 425   6
 6 7  1.92001E-08  1.39186E+00  1.39186E+00  6.60000E+01            171.ER 68. 426   7
 6 3  1.24773E-07  1.39863E+00  1.39863E+00  6.60000E+01            171.ER 68. 427   3
 6 4  3.51754E-08  1.40050E+00  1.40050E+00  6.60000E+01            171.ER 68. 428   4
 2 1  1.33038E+01  4.98586E-02  4.98586E-02  0.00000E+00            171.ER 68. 429   1
 2 2  2.35191E+01  5.08500E-02  5.08500E-02  0.00000E+00            171.ER 68. 430   2
 2 3  2.46452E+00  5.74128E-02  5.74128E-02  0.00000E+00            171.ER 68. 431   3
 2 4  4.76315E+00  5.76229E-02  5.76229E-02  0.00000E+00            171.ER 68. 432   4
 2 5  4.52041E-02  5.79720E-02  5.79720E-02  0.00000E+00            171.ER 68. 433   5
 2 6  5.83369E-02  5.80182E-02  5.80182E-02  0.00000E+00            171.ER 68. 434   6
 2 7  5.47067E-01  5.91167E-02  5.91167E-02  0.00000E+00            171.ER 68. 435   7
 2 8  1.05807E+00  5.91642E-02  5.91642E-02  0.00000E+00            171.ER 68. 436   8
 2 9  1.03670E-02  5.93009E-02  5.93009E-02  0.00000E+00            171.ER 68. 437   9
 210  1.33038E-02  5.93096E-02  5.93096E-02  0.00000E+00            171.ER 68. 438  10
 211  1.22387E-01  5.94524E-02  5.94524E-02  0.00000E+00            171.ER 68. 439  11
 212  2.53762E-01  5.94584E-02  5.94584E-02  0.00000E+00            171.ER 68. 440  12
 221  2.16626E-04  4.51600E-04  4.51600E-04  0.00000E+00            171.ER 68. 441  21
 222  1.62995E-02  1.44290E-03  1.44290E-03  0.00000E+00            171.ER 68. 442  22
 223  3.46923E-01  8.00581E-03  8.00581E-03  0.00000E+00            171.ER 68. 443  23
 224  4.65820E-01  8.21590E-03  8.21590E-03  0.00000E+00            171.ER 68. 444  24
 225  8.67859E-03  8.56499E-03  8.56499E-03  0.00000E+00            171.ER 68. 445  25
 226  1.29930E-02  8.61120E-03  8.61120E-03  0.00000E+00            171.ER 68. 446  26
 227  8.30900E-02  9.70962E-03  9.70962E-03  0.00000E+00            171.ER 68. 447  27
 228  1.16841E-01  9.75713E-03  9.75713E-03  0.00000E+00            171.ER 68. 448  28
 229  1.18271E-03  9.89404E-03  9.89404E-03  0.00000E+00            171.ER 68. 449  29
 230  1.83164E-03  9.90266E-03  9.90266E-03  0.00000E+00            171.ER 68. 450  30
 231  1.09445E-02  1.00454E-02  1.00454E-02  0.00000E+00            171.ER 68. 451  31
 232  1.47454E-02  1.00514E-02  1.00514E-02  0.00000E+00            171.ER 68. 452  32
 241  2.99078E-05  9.91300E-04  9.91300E-04  0.00000E+00            171.ER 68. 453  41
 242  1.27597E-01  7.35200E-03  7.35200E-03  0.00000E+00            171.ER 68. 454  42
 243  3.21164E-03  7.76430E-03  7.76430E-03  0.00000E+00            171.ER 68. 455  43
 244  4.12537E+00  8.11341E-03  8.11341E-03  0.00000E+00            171.ER 68. 456  44
 245  2.79715E-02  9.17566E-03  9.17566E-03  0.00000E+00            171.ER 68. 457  45
 246  7.80901E-04  9.30554E-03  9.30554E-03  0.00000E+00            171.ER 68. 458  46
 247  7.32701E-01  9.44243E-03  9.44243E-03  0.00000E+00            171.ER 68. 459  47
 248  1.21790E-03  9.61838E-03  9.61838E-03  0.00000E+00            171.ER 68. 460  48
 249  5.09158E-03  9.57110E-03  9.57110E-03  0.00000E+00            171.ER 68. 461  49
 250  1.72509E-04  9.59987E-03  9.59987E-03  0.00000E+00            171.ER 68. 462  50
 261  4.15361E-01  6.36071E-03  6.36071E-03  0.00000E+00            171.ER 68. 463  61
 262  3.14316E-03  6.56291E-03  6.56291E-03  0.00000E+00            171.ER 68. 464  62
 263  2.85717E-03  6.77299E-03  6.77299E-03  0.00000E+00            171.ER 68. 465  63
 264  6.49514E-01  7.12210E-03  7.12210E-03  0.00000E+00            171.ER 68. 466  64
 265  5.73583E+00  7.16830E-03  7.16830E-03  0.00000E+00            171.ER 68. 467  65
 266  6.58678E-02  8.18437E-03  8.18437E-03  0.00000E+00            171.ER 68. 468  66
 267  5.83392E-04  8.26673E-03  8.26673E-03  0.00000E+00            171.ER 68. 469  67
 268  5.67335E-04  8.31422E-03  8.31422E-03  0.00000E+00            171.ER 68. 470  68
 269  1.09241E-01  8.45117E-03  8.45117E-03  0.00000E+00            171.ER 68. 471  69
 270  9.76901E-01  8.45978E-03  8.45978E-03  0.00000E+00            171.ER 68. 472  70
 271  3.06076E-04  8.62708E-03  8.62708E-03  0.00000E+00            171.ER 68. 473  71
 272  1.71856E-03  8.62835E-03  8.62835E-03  0.00000E+00            171.ER 68. 474  72
 273  1.28043E-02  8.57983E-03  8.57983E-03  0.00000E+00            171.ER 68. 475  73
 274  1.30766E-04  8.60253E-03  8.60253E-03  0.00000E+00            171.ER 68. 476  74
 275  1.15626E-04  8.60856E-03  8.60856E-03  0.00000E+00            171.ER 68. 477  75
 291  2.63883E+00  1.45495E-03  1.45495E-03  0.00000E+00            171.ER 68. 478  91
 292  7.96831E-02  1.96263E-04  1.96263E-04  0.00000E+00            171.ER 68. 479  92
 293  5.15408E-05  2.75799E-05  2.75799E-05  0.00000E+00            171.ER 68. 480  93
 294  1.11375E+03  1.35925E-05  1.35925E-05  0.00000E+00            171.ER 68. 481  94
 7 1  1.67682E+00  4.07026E-02  4.07026E-02  0.00000E+00            171.ER 68. 482   1
 7 2  8.52838E-01  4.84128E-02  4.84128E-02  0.00000E+00            171.ER 68. 483   2
 7 3  1.04202E-01  5.61325E-02  5.61325E-02  0.00000E+00            171.ER 68. 484   3
 7 4  9.01483E+00  8.44641E-04  8.44641E-04  0.00000E+00            171.ER 68. 485   4
 7 5  3.39337E+01  5.66752E-03  5.66752E-03  0.00000E+00            171.ER 68. 486   5
 7 6  1.21816E+01  7.10392E-03  7.10392E-03  0.00000E+00            171.ER 68. 487   6
 7 7  1.10811E+00  8.57267E-03  8.57267E-03  0.00000E+00            171.ER 68. 488   7
 7 8  1.29707E+02  2.60952E-04  2.60952E-04  0.00000E+00            171.ER 68. 489   8
 7 9  1.66233E+02  1.21773E-03  1.21773E-03  0.00000E+00            171.ER 68. 490   9
 710  8.62757E+00  1.42738E-03  1.42738E-03  0.00000E+00            171.ER 68. 491  10
 711  5.41970E-01  1.62574E-03  1.62574E-03  0.00000E+00            171.ER 68. 492  11
 712  5.02459E+02  1.47233E-04  1.47233E-04  0.00000E+00            171.ER 68. 493  12
 713  1.75888E+01  2.40264E-04  2.40264E-04  0.00000E+00            171.ER 68. 494  13
 714  5.58404E+01  2.06752E-05  2.06752E-05  0.00000E+00            171.ER 68. 495  14
 715  4.22417E-01  4.71999E-05  4.71999E-05  0.00000E+00            171.ER 68. 496  15
%%%% 171 ER  68    B-           2.70576E+04 7.516 H    02-11-2005       SEEIEND 
 


   ***************************************************** 
   *                 Radiation Summary                 * 
   ***************************************************** 
 
  Energy released by
    Gamma-ray                       (MeV) =   3.47697E-01
    X-ray                           (MeV) =   2.51280E-02
    Free-bound X-ray                (MeV) =   1.51387E-04
    Annihilation photon             (MeV) =   0.00000E+00
    Beta+ particle                  (MeV) =   0.00000E+00
    Neutrino                        (MeV) =   0.00000E+00
    Beta- particle                  (MeV) =   3.59534E-01
    Neutrino-                       (MeV) =   6.98164E-01
    Internal conv. electron         (MeV) =   5.35199E-02
    Auger and CK electron           (MeV) =   7.40210E-03
    Alpha particle                  (MeV) =   0.00000E+00
    Recoil nucleus                  (MeV) =   0.00000E+00
  E-total (except unplaced radiat.) (MeV) =   1.49160E+00
  E-unplaced radiation              (MeV) =   1.28190E-04
  Q-value from ENSDF data           (MeV) =   1.49070E+00
  Ratio of E-total/Q-value          ( % ) =   1.00060E+02
  Ratio of E-unplaced radi./Q-value ( % ) =   8.59933E-03

 
  Total yield of
    Gamma-ray                             =   1.30131E+00
    X-ray                                 =   6.29563E-01
    Free-bound X-ray                      =   1.11375E+01
    Annihilation photon                   =   0.00000E+00
    Beta+ particle                        =   0.00000E+00
    Beta- particle                        =   1.00000E+00
    Internal conv. electron               =   1.65651E+00
    Auger and CK electron                 =   9.40293E+00
    Alpha particle                        =   0.00000E+00
  Yield of unplaced radiation             =   1.86000E-04


