%%%%  59 FE  26    B-           3.84437E+06 44.495 D   02-11-2005       BALASTAR
1  59   FE  26 44.495 D        B-         
1INTENSITY AND ENERGY BALANCE DATA

              59-IRON-26
+                                    HALFLIFE = 44.495 DAYS    
+                                                                  02-11-2005


    LEVEL       INTENSITY   INTENSITY
    ENERGY      ENTERING    LEAVING     PERCENT
    (MEV)       LEVEL       LEVEL       ERROR

   0.0000E+00  9.9954E+01
   1.0993E+00  5.6513E+01  5.6510E+01  5.9875E-03                      
   1.1900E+00  0.0000E+00  0.0000E+00  2.0000E+02  ********************
   1.2916E+00  4.6352E+01  4.6313E+01  8.3865E-02                      
   1.4343E+00  1.3104E+00  1.3068E+00  2.8027E-01                      
   1.4816E+00  7.8025E-02  7.7939E-02  1.1037E-01                      


 INTENSITY TO GROUND AND ISOMERIC STATE(S) OF DAUGHTER(S)=  9.995E+01
 TOTAL INTENSITY FROM PARENT=  1.000E+02
 PERCENT ERROR =  4.601E-02                      


 TOTAL INTENSITY FROM PARENT =  1.000E+02
 VALUE IS WITHIN   0.00E+00% OF 100                      


 TOTAL ENERGY AVAILABLE =  1.565E+00 MEV
 TOTAL ENERGY CONTENT OF ALL RADIATIONS =  1.565E+00 MEV
 PERCENT ERROR =  3.867E-02                      
%%%%  59 FE  26    B-           3.84437E+06 44.495 D   02-11-2005       BALAEND 
%%%%  59 FE  26    B-           3.84437E+06 44.495 D   02-11-2005       INPUSTAR
1                                      **INPUT DATA**
              59-IRON-26
+                                    HALFLIFE = 44.495 DAYS    
+                                                                  02-11-2005

            MODE OF DECAY: BETA MINUS
 
                                MEAN
                                NUMBER/    TRANSITION
                TYPE OF    ID   TRANSFOR-  ENERGY
              TRANSITION   NO.  MATION     (MEV)       OTHER NUCLEAR PARAMETERS

               BETA MINUS   1   7.80E-04   8.357E-02*  ALLOWED                                  
               BETA MINUS   2   1.31E-02   1.309E-01*  ALLOWED                                  
               BETA MINUS   3   4.53E-01   2.736E-01*  ALLOWED                                  
               BETA MINUS   4   5.31E-01   4.659E-01*  ALLOWED                                  
               BETA MINUS   5   1.80E-03   1.565E+00*  SECOND FORBIDDEN                         
           I.C.E. + GAMMA   1   1.04E-02   1.427E-01   M1+E2 MULTIPOLE                          
                                                       MRS=8.10E-05  AK= 0.0145                 
                                                       AL1=0.00139                              
           I.C.E. + GAMMA   2   9.07E-06   1.890E-01   M1 MULTIPOLE                             
+                                                                    AK= 0.00705                
           I.C.E. + GAMMA   3   3.11E-02   1.923E-01   M1+E2 MULTIPOLE                          
                                                       MRS=0.0445    AK= 0.00814                
           I.C.E. + GAMMA   4   2.71E-03   3.348E-01   M1+E2 MULTIPOLE                          
                                                       MRS=3.61      AK= 0.00180                
           I.C.E. + GAMMA   5   1.80E-04   3.820E-01   M1+E2 MULTIPOLE                          
                                                       MRS=0.0441    AK= 0.00137                
           I.C.E. + GAMMA   6   5.65E-01   1.099E+00   E2 MULTIPOLE                             
           I.C.E. + GAMMA   7   4.32E-01   1.292E+00   E2 MULTIPOLE                             
           I.C.E. + GAMMA   8   5.90E-04   1.482E+00   M1+E2 MULTIPOLE                          
                                                       MRS=0.0361                               
 
           * ENDPOINT ENERGY (MEV)
           - - - - - - - - - -
           Reference: Evaluated Nuclear Structure Data File (ENSDF)
                DATE DATA WERE ENTERED INTO ENSDF: Apr-2002
%%%%  59 FE  26    B-           3.84437E+06 44.495 D   02-11-2005       INPUEND 
%%%%  59 FE  26    B-           3.84437E+06 44.495 D   02-11-2005       OUTPSTAR
1                                      **OUTPUT DATA**
              59-IRON-26
+                                    HALFLIFE = 44.495 DAYS    
+                                                                  02-11-2005

            MODE OF DECAY: BETA MINUS
 
                                              MEAN
                                              NUMBER/                  MEV/
                                         ID   TRANSFOR-   ENERGY       TRANSFOR-
                  TYPE OF RADIATION      NO.  MATION      (MEV)        MATION

           BETA MINUS                     2   1.31E-02    3.574E-02*   4.68E-04
           BETA MINUS                     3   4.53E-01    8.101E-02*   3.67E-02
           BETA MINUS                     4   5.31E-01    1.493E-01*   7.93E-02
           BETA MINUS                     5   1.80E-03    6.356E-01*   1.14E-03
           GAMMA-RAY                      1   1.02E-02    1.427E-01    1.46E-03
           GAMMA-RAY                      3   3.08E-02    1.923E-01    5.92E-03
           GAMMA-RAY                      6   5.65E-01    1.099E+00    6.21E-01
           GAMMA-RAY                      7   4.32E-01    1.292E+00    5.58E-01
 
           ALL LISTED X-RAYS, GAMMA-RAYS AND ANNIHILATION RADIATION    1.19E+00
           ALL NEGLECTED X-RAYS, GAMMA-RAYS AND ANNIH. RADIATION**     1.85E-03
           ALL LISTED BETAS, INTERNAL CONVERSION AND AUGER ELECTRONS   1.18E-01
           ALL NEGLECTED BETAS, INT. CONVERSION AND AUGER ELECTRONS**  2.68E-04
           ALL LISTED RADIATIONS                                       1.30E+00
           ALL NEGLECTED RADIATIONS**                                  2.12E-03
 
           *  AVERAGE ENERGY (MEV)
           ** EACH NEGLECTED TRANSITION CONTRIBUTES LESS THAN  0.100%
              TO THE TOTAL MEV/TRANSFORMATION FOR THIS CATEGORY.
           TOTAL FEEDING OF GROUND STATE LEVEL IN 59-COBALT
             DAUGHTER IS 1.0000E+00 PER TRANSFORMATION OF  59-IRON.
             THIS DAUGHTER GROUND STATE IS STABLE.
           - - - - - - - - - -
           INPUT DATA SOURCE: EVALUATED NUCLEAR STRUCTURE DATA FILE (ENSDF)
             DATE INPUT DATA WERE ENTERED INTO ENSDF: Apr-2002
%%%%  59 FE  26    B-           3.84437E+06 44.495 D   02-11-2005       OUTPEND 
%%%%  59 FE  26    B-           3.84437E+06 44.495 D   02-11-2005       BETASTAR
1
              59-IRON-26
+                                    HALFLIFE = 44.495 DAYS    
+                                                                  02-11-2005

            BETA SPECTRUM DATA FOR ALL DECAY BRANCHES

                      BETAS PER                BETAS PER                BETAS PER
            ENERGY    MEV            ENERGY    MEV            ENERGY    MEV
            (MEV)     PER DECAY      (MEV)     PER DECAY      (MEV)     PER DECAY

            0.00000   5.964E+00      0.00260   5.891E+00      0.07500   4.698E+00
            0.00010   5.961E+00      0.00280   5.885E+00      0.08000   4.604E+00
            0.00011   5.961E+00      0.00300   5.879E+00      0.08500   4.508E+00
            0.00012   5.961E+00      0.00320   5.874E+00      0.09000   4.410E+00
            0.00013   5.960E+00      0.00360   5.865E+00      0.10000   4.207E+00
            0.00014   5.960E+00      0.00400   5.857E+00      0.11000   3.998E+00
            0.00015   5.960E+00      0.00450   5.847E+00      0.12000   3.785E+00
            0.00016   5.960E+00      0.00500   5.838E+00      0.13000   3.570E+00
            0.00018   5.959E+00      0.00550   5.828E+00      0.14000   3.353E+00
            0.00020   5.958E+00      0.00600   5.818E+00      0.15000   3.133E+00
            0.00022   5.958E+00      0.00650   5.809E+00      0.16000   2.912E+00
            0.00024   5.957E+00      0.00700   5.799E+00      0.18000   2.473E+00
            0.00026   5.957E+00      0.00750   5.789E+00      0.20000   2.053E+00
            0.00028   5.956E+00      0.00800   5.780E+00      0.22000   1.670E+00
            0.00030   5.956E+00      0.00850   5.770E+00      0.24000   1.340E+00
            0.00032   5.955E+00      0.00900   5.761E+00      0.26000   1.084E+00
            0.00036   5.954E+00      0.01000   5.742E+00      0.28000   9.151E-01
            0.00040   5.953E+00      0.01100   5.724E+00      0.30000   7.706E-01
            0.00045   5.951E+00      0.01200   5.706E+00      0.32000   6.292E-01
            0.00050   5.950E+00      0.01300   5.688E+00      0.36000   3.681E-01
            0.00055   5.948E+00      0.01400   5.671E+00      0.40000   1.580E-01
            0.00060   5.947E+00      0.01500   5.654E+00      0.45000   1.187E-02
            0.00065   5.946E+00      0.01600   5.638E+00      0.50000   1.631E-03
            0.00070   5.944E+00      0.01800   5.606E+00      0.55000   1.635E-03
            0.00075   5.943E+00      0.02000   5.574E+00      0.60000   1.630E-03
            0.00080   5.941E+00      0.02200   5.544E+00      0.65000   1.618E-03
            0.00085   5.940E+00      0.02400   5.515E+00      0.70000   1.597E-03
            0.00090   5.939E+00      0.02600   5.485E+00      0.75000   1.568E-03
            0.00100   5.936E+00      0.02800   5.456E+00      0.80000   1.530E-03
            0.00110   5.933E+00      0.03000   5.427E+00      0.85000   1.482E-03
            0.00120   5.930E+00      0.03200   5.399E+00      0.90000   1.423E-03
            0.00130   5.927E+00      0.03600   5.340E+00      1.00000   1.268E-03
            0.00140   5.924E+00      0.04000   5.282E+00      1.10000   1.063E-03
            0.00150   5.922E+00      0.04500   5.206E+00      1.20000   8.111E-04
            0.00160   5.919E+00      0.05000   5.128E+00      1.30000   5.286E-04
            0.00180   5.913E+00      0.05500   5.048E+00      1.40000   2.527E-04
            0.00200   5.908E+00      0.06000   4.964E+00      1.50000   4.831E-05
            0.00220   5.902E+00      0.06500   4.878E+00      1.56520   0.000E+00
            0.00240   5.896E+00      0.07000   4.789E+00

            AVERAGE BETA ENERGY =   1.176E-01

            TOTAL BETAS PER DECAY FOR ALL BRANCHES =   1.000E+00
%%%%  59 FE  26    B-           3.84437E+06 44.495 D   02-11-2005       BETAEND 
%%%%  59 FE  26    B-           3.84437E+06 44.495 D   02-11-2005       SEEISTAR
 59.  IRON         26.  4.449E+01 DAYS      77 B-                    59.FE 26.   0
 5 1  7.80250E-02  2.20673E-02  8.35699E-02  0.00000E+00             59.FE 26.   1   1
 5 2  1.31042E+00  3.57402E-02  1.30947E-01  0.00000E+00             59.FE 26.   2   2
 5 3  4.53145E+01  8.10068E-02  2.73599E-01  0.00000E+00             59.FE 26.   3   3
 5 4  5.31170E+01  1.49282E-01  4.65943E-01  0.00000E+00             59.FE 26.   4   4
 5 5  1.80058E-01  6.35574E-01  1.56520E+00  1.00000E+00             59.FE 26.   5   5
 1 1  1.02000E+00  1.42651E-01  1.42651E-01  0.00000E+00             59.FE 26.   6   1
 6 1  1.47408E-02  1.34970E-01  1.34970E-01  1.00000E+00             59.FE 26.   7   1
 6 5  1.41893E-03  1.41728E-01  1.41728E-01  1.00000E+00             59.FE 26.   8   5
 6 6  3.92700E-05  1.41843E-01  1.41843E-01  1.00000E+00             59.FE 26.   9   6
 6 7  1.81746E-05  1.41859E-01  1.41859E-01  1.00000E+00             59.FE 26.  10   7
 1 2  9.00000E-04  1.89000E-01  1.89000E-01  0.00000E+00             59.FE 26.  11   2
 6 1  6.34068E-06  1.81319E-01  1.81319E-01  2.00000E+00             59.FE 26.  12   1
 6 5  6.09693E-07  1.88077E-01  1.88077E-01  2.00000E+00             59.FE 26.  13   5
 6 6  1.42886E-08  1.88192E-01  1.88192E-01  2.00000E+00             59.FE 26.  14   6
 6 7  6.79260E-09  1.88208E-01  1.88208E-01  2.00000E+00             59.FE 26.  15   7
 1 3  3.08000E+00  1.92343E-01  1.92343E-01  0.00000E+00             59.FE 26.  16   3
 6 1  2.50691E-02  1.84662E-01  1.84662E-01  3.00000E+00             59.FE 26.  17   1
 6 5  2.38673E-03  1.91420E-01  1.91420E-01  3.00000E+00             59.FE 26.  18   5
 6 6  6.95211E-05  1.91535E-01  1.91535E-01  3.00000E+00             59.FE 26.  19   6
 6 7  5.41413E-05  1.91551E-01  1.91551E-01  3.00000E+00             59.FE 26.  20   7
 1 4  2.70000E-01  3.34800E-01  3.34800E-01  0.00000E+00             59.FE 26.  21   4
 6 1  4.86174E-04  3.27119E-01  3.27119E-01  4.00000E+00             59.FE 26.  22   1
 6 5  4.54770E-05  3.33877E-01  3.33877E-01  4.00000E+00             59.FE 26.  23   5
 6 6  1.37389E-06  3.33992E-01  3.33992E-01  4.00000E+00             59.FE 26.  24   6
 6 7  1.57556E-06  3.34008E-01  3.34008E-01  4.00000E+00             59.FE 26.  25   7
 1 5  1.80000E-02  3.82000E-01  3.82000E-01  0.00000E+00             59.FE 26.  26   5
 6 1  2.46430E-05  3.74319E-01  3.74319E-01  5.00000E+00             59.FE 26.  27   1
 6 5  2.35536E-06  3.81077E-01  3.81077E-01  5.00000E+00             59.FE 26.  28   5
 6 6  3.74201E-08  3.81192E-01  3.81192E-01  5.00000E+00             59.FE 26.  29   6
 6 7  2.42581E-08  3.81208E-01  3.81208E-01  5.00000E+00             59.FE 26.  30   7
 1 6  5.65000E+01  1.09925E+00  1.09925E+00  0.00000E+00             59.FE 26.  31   6
 6 1  8.89222E-03  1.09156E+00  1.09156E+00  6.00000E+00             59.FE 26.  32   1
 6 5  8.44530E-04  1.09832E+00  1.09832E+00  6.00000E+00             59.FE 26.  33   5
 6 6  7.78061E-06  1.09844E+00  1.09844E+00  6.00000E+00             59.FE 26.  34   6
 6 7  9.06287E-06  1.09845E+00  1.09845E+00  6.00000E+00             59.FE 26.  35   7
 1 7  4.32000E+01  1.29159E+00  1.29159E+00  0.00000E+00             59.FE 26.  36   7
 6 1  4.73150E-03  1.28391E+00  1.28391E+00  7.00000E+00             59.FE 26.  37   1
 6 5  4.49620E-04  1.29067E+00  1.29067E+00  7.00000E+00             59.FE 26.  38   5
 6 6  3.43903E-06  1.29078E+00  1.29078E+00  7.00000E+00             59.FE 26.  39   6
 6 7  4.19210E-06  1.29080E+00  1.29080E+00  7.00000E+00             59.FE 26.  40   7
 1 8  5.90000E-02  1.48170E+00  1.48170E+00  0.00000E+00             59.FE 26.  41   8
 6 1  4.44100E-06  1.47402E+00  1.47402E+00  8.00000E+00             59.FE 26.  42   1
 6 5  4.23943E-07  1.48078E+00  1.48078E+00  8.00000E+00             59.FE 26.  43   5
 6 6  2.12467E-09  1.48089E+00  1.48089E+00  8.00000E+00             59.FE 26.  44   6
 6 7  2.13661E-09  1.48091E+00  1.48091E+00  8.00000E+00             59.FE 26.  45   7
 2 1  6.00090E-03  6.87316E-03  6.87316E-03  0.00000E+00             59.FE 26.  46   1
 2 2  1.17336E-02  6.88840E-03  6.88840E-03  0.00000E+00             59.FE 26.  47   2
 2 3  7.28503E-04  7.60650E-03  7.60650E-03  0.00000E+00             59.FE 26.  48   3
 2 4  1.43051E-03  7.60846E-03  7.60846E-03  0.00000E+00             59.FE 26.  49   4
 2 5  4.80553E-07  7.66677E-03  7.66677E-03  0.00000E+00             59.FE 26.  50   5
 2 6  7.00015E-07  7.66698E-03  7.66698E-03  0.00000E+00             59.FE 26.  51   6
 221  4.55362E-07  1.15410E-04  1.15410E-04  0.00000E+00             59.FE 26.  52  21
 222  1.87795E-06  1.30660E-04  1.30660E-04  0.00000E+00             59.FE 26.  53  22
 223  1.08266E-05  8.48779E-04  8.48779E-04  0.00000E+00             59.FE 26.  54  23
 224  1.61574E-05  8.50688E-04  8.50688E-04  0.00000E+00             59.FE 26.  55  24
 225  3.63424E-08  9.09020E-04  9.09020E-04  0.00000E+00             59.FE 26.  56  25
 226  4.82392E-08  9.09230E-04  9.09230E-04  0.00000E+00             59.FE 26.  57  26
 241  7.81974E-12  1.52500E-05  1.52500E-05  0.00000E+00             59.FE 26.  58  41
 242  1.16924E-04  6.97849E-04  6.97849E-04  0.00000E+00             59.FE 26.  59  42
 243  3.10874E-07  7.35280E-04  7.35280E-04  0.00000E+00             59.FE 26.  60  43
 244  5.78388E-05  7.93612E-04  7.93612E-04  0.00000E+00             59.FE 26.  61  44
 245  2.56976E-06  7.99732E-04  7.99732E-04  0.00000E+00             59.FE 26.  62  45
 261  2.18490E-04  6.82598E-04  6.82598E-04  0.00000E+00             59.FE 26.  63  61
 262  3.09964E-07  7.18119E-04  7.18119E-04  0.00000E+00             59.FE 26.  64  62
 263  3.01536E-07  7.20029E-04  7.20029E-04  0.00000E+00             59.FE 26.  65  63
 264  9.59631E-06  7.78359E-04  7.78359E-04  0.00000E+00             59.FE 26.  66  64
 265  1.05406E-04  7.78570E-04  7.78570E-04  0.00000E+00             59.FE 26.  67  65
 266  4.69845E-06  7.84479E-04  7.84479E-04  0.00000E+00             59.FE 26.  68  66
 291  1.12740E-06  5.35149E-05  5.35149E-05  0.00000E+00             59.FE 26.  69  91
 294  3.23781E-01  1.35402E-05  1.35402E-05  0.00000E+00             59.FE 26.  70  94
 7 1  2.69615E-02  6.03079E-03  6.03079E-03  0.00000E+00             59.FE 26.  71   1
 7 2  6.67215E-03  6.77509E-03  6.77509E-03  0.00000E+00             59.FE 26.  72   2
 7 3  4.26876E-04  7.52354E-03  7.52354E-03  0.00000E+00             59.FE 26.  73   3
 7 4  1.52557E-02  7.49251E-05  7.49251E-05  0.00000E+00             59.FE 26.  74   4
 7 5  8.21883E-02  6.98146E-04  6.98146E-04  0.00000E+00             59.FE 26.  75   5
 7 6  9.55003E-04  7.44269E-04  7.44269E-04  0.00000E+00             59.FE 26.  76   6
 7 8  1.32010E-01  4.39281E-05  4.39281E-05  0.00000E+00             59.FE 26.  77   8
%%%%  59 FE  26    B-           3.84437E+06 44.495 D   02-11-2005       SEEIEND 
 


   ***************************************************** 
   *                 Radiation Summary                 * 
   ***************************************************** 
 
  Energy released by
    Gamma-ray                       (MeV) =   1.18827E+00
    X-ray                           (MeV) =   1.38901E-06
    Free-bound X-ray                (MeV) =   4.38408E-08
    Annihilation photon             (MeV) =   0.00000E+00
    Beta+ particle                  (MeV) =   0.00000E+00
    Neutrino                        (MeV) =   0.00000E+00
    Beta- particle                  (MeV) =   1.17632E-01
    Neutrino-                       (MeV) =   2.58443E-01
    Internal conv. electron         (MeV) =   2.48200E-04
    Auger and CK electron           (MeV) =   2.76047E-06
    Alpha particle                  (MeV) =   0.00000E+00
    Recoil nucleus                  (MeV) =   0.00000E+00
  E-total (except unplaced radiat.) (MeV) =   1.56459E+00
  E-unplaced radiation              (MeV) =   0.00000E+00
  Q-value from ENSDF data           (MeV) =   1.56520E+00
  Ratio of E-total/Q-value          ( % ) =   9.99613E+01
  Ratio of E-unplaced radi./Q-value ( % ) =   0.00000E+00

 
  Total yield of
    Gamma-ray                             =   1.04148E+00
    X-ray                                 =   2.04417E-04
    Free-bound X-ray                      =   3.23781E-03
    Annihilation photon                   =   0.00000E+00
    Beta+ particle                        =   0.00000E+00
    Beta- particle                        =   1.00000E+00
    Internal conv. electron               =   5.93125E-04
    Auger and CK electron                 =   2.64469E-03
    Alpha particle                        =   0.00000E+00
  Yield of unplaced radiation             =   0.00000E+00


