%%%%  68 GA  31    EC B+        4.06260E+03 67.71 M    02-11-2005       BALASTAR
1  68   GA  31 67.71 M         EC B+      
1INTENSITY AND ENERGY BALANCE DATA

              68-GALLIUM-31
+                                    HALFLIFE = 67.71 MINUTES 
+                                                                  02-11-2005


    LEVEL       INTENSITY   INTENSITY
    ENERGY      ENTERING    LEAVING     PERCENT
    (MEV)       LEVEL       LEVEL       ERROR

   0.0000E+00  1.0000E+02
   1.0774E+00  3.2215E+00  3.2208E+00  2.1480E-02                      
   1.6559E+00  3.3510E-02  3.3545E-02  1.0378E-01                      
   1.8832E+00  2.3018E-01  2.3073E-01  2.3890E-01                      
   2.3384E+00  9.5765E-02  9.5801E-02  3.6832E-02                      
   2.8218E+00  1.0400E-02  1.0421E-02  2.0333E-01                      


 INTENSITY TO GROUND AND ISOMERIC STATE(S) OF DAUGHTER(S)=  1.000E+02
 TOTAL INTENSITY FROM PARENT=  1.000E+02
 PERCENT ERROR =  5.341E-05                      


 TOTAL INTENSITY FROM PARENT =  1.000E+02
 VALUE IS WITHIN   0.00E+00% OF 100                      


 TOTAL ENERGY AVAILABLE =  2.921E+00 MEV
 TOTAL ENERGY CONTENT OF ALL RADIATIONS =  2.921E+00 MEV
 PERCENT ERROR =  1.632E-04                      
%%%%  68 GA  31    EC B+        4.06260E+03 67.71 M    02-11-2005       BALAEND 
%%%%  68 GA  31    EC B+        4.06260E+03 67.71 M    02-11-2005       INPUSTAR
1                                      **INPUT DATA**
              68-GALLIUM-31
+                                    HALFLIFE = 67.71 MINUTES 
+                                                                  02-11-2005

            MODES OF DECAY: ELECTRON CAPTURE, BETA PLUS
 
                                MEAN
                                NUMBER/    TRANSITION
                TYPE OF    ID   TRANSFOR-  ENERGY
              TRANSITION   NO.  MATION     (MEV)       OTHER NUCLEAR PARAMETERS

           ELECT. CAPTURE   1   1.04E-04   9.930E-02   ALLOWED                                  
           ELECT. CAPTURE   2   9.55E-04   5.827E-01   ALLOWED                                  
           ELECT. CAPTURE   3   2.30E-03   1.038E+00   ALLOWED                                  
           ELECT. CAPTURE   4   3.28E-04   1.265E+00   ALLOWED                                  
           ELECT. CAPTURE   5   1.80E-02   1.844E+00   ALLOWED                                  
           ELECT. CAPTURE   6   8.92E-02   2.921E+00   ALLOWED                                  
                BETA PLUS   1   2.58E-06   2.432E-01*  ALLOWED                                  
                BETA PLUS   2   1.19E-02   8.218E-01*  ALLOWED                                  
                BETA PLUS   3   8.77E-01   1.899E+00*  ALLOWED                                  
           I.C.E. + GAMMA   1   1.23E-06   2.273E-01   E2 MULTIPOLE                             
+                                                                    AK= 0.0269                 
                                                       AL1=0.00254                              
           I.C.E. + GAMMA   2   2.64E-06   4.834E-01   M1+E2 MULTIPOLE                          
                                                       MRS=1.00      AK= 0.00154                
           I.C.E. + GAMMA   3   3.35E-04   5.785E-01   E2 MULTIPOLE                             
+                                                                    AK= 0.00115                
           I.C.E. + GAMMA   4   3.13E-06   6.826E-01   E2 MULTIPOLE                             
           I.C.E. + GAMMA   5   9.41E-04   8.058E-01   M1+E2 MULTIPOLE                          
                                                       MRS=2.40                                 
           I.C.E. + GAMMA   6   1.77E-06   9.386E-01   M1+E2 MULTIPOLE                          
                                                       MRS=0.490                                
           I.C.E. + GAMMA   7   3.22E-02   1.077E+00   E2 MULTIPOLE                             
           I.C.E. + GAMMA   8   1.61E-07   1.166E+00   E2 MULTIPOLE                             
           I.C.E. + GAMMA   9   9.44E-04   1.261E+00   M1+E2 MULTIPOLE                          
                                                       MRS=0.0225                               
           I.C.E. + GAMMA  10   1.35E-07   1.659E+00   E0 MULTIPOLE                             
                                                       K/L1/M=100./9.92/1.49                    
           I.C.E. + GAMMA  11   9.50E-05   1.744E+00   M1+E2 MULTIPOLE                          
                                                       MRS=0.0729                               
           I.C.E. + GAMMA  12   1.37E-03   1.883E+00   E2 MULTIPOLE                             
           I.C.E. + GAMMA  13   1.13E-05   2.338E+00   E2 MULTIPOLE                             
           I.C.E. + GAMMA  14   4.64E-06   2.822E+00   E2 MULTIPOLE                             
 
           * ENDPOINT ENERGY (MEV)
           - - - - - - - - - -
           Reference: Evaluated Nuclear Structure Data File (ENSDF)
                DATE DATA WERE ENTERED INTO ENSDF: Nov-2002
%%%%  68 GA  31    EC B+        4.06260E+03 67.71 M    02-11-2005       INPUEND 
%%%%  68 GA  31    EC B+        4.06260E+03 67.71 M    02-11-2005       OUTPSTAR
1                                      **OUTPUT DATA**
              68-GALLIUM-31
+                                    HALFLIFE = 67.71 MINUTES 
+                                                                  02-11-2005

            MODES OF DECAY: ELECTRON CAPTURE, BETA PLUS
 
                                              MEAN
                                              NUMBER/                  MEV/
                                         ID   TRANSFOR-   ENERGY       TRANSFOR-
                  TYPE OF RADIATION      NO.  MATION      (MEV)        MATION

           BETA PLUS                      2   1.19E-02    3.526E-01*   4.20E-03
           BETA PLUS                      3   8.77E-01    8.358E-01*   7.33E-01
           ANNIHILATION RADIATION             1.78E+00    5.110E-01    9.09E-01
           GAMMA-RAY                      7   3.22E-02    1.077E+00    3.47E-02
           GAMMA-RAY                      9   9.43E-04    1.261E+00    1.19E-03
           GAMMA-RAY                     12   1.37E-03    1.883E+00    2.57E-03
 
           ALL LISTED X-RAYS, GAMMA-RAYS AND ANNIHILATION RADIATION    9.47E-01
           ALL NEGLECTED X-RAYS, GAMMA-RAYS AND ANNIH. RADIATION**     1.57E-03
           ALL LISTED BETAS, INTERNAL CONVERSION AND AUGER ELECTRONS   7.37E-01
           ALL NEGLECTED BETAS, INT. CONVERSION AND AUGER ELECTRONS**  5.60E-04
           ALL LISTED RADIATIONS                                       1.68E+00
           ALL NEGLECTED RADIATIONS**                                  2.13E-03
 
           *  AVERAGE ENERGY (MEV)
           ** EACH NEGLECTED TRANSITION CONTRIBUTES LESS THAN  0.100%
              TO THE TOTAL MEV/TRANSFORMATION FOR THIS CATEGORY.
           TOTAL FEEDING OF GROUND STATE LEVEL IN 68-ZINC
             DAUGHTER IS 1.0000E+00 PER TRANSFORMATION OF  68-GALLIUM.
             THIS DAUGHTER GROUND STATE IS STABLE.
           - - - - - - - - - -
           INPUT DATA SOURCE: EVALUATED NUCLEAR STRUCTURE DATA FILE (ENSDF)
             DATE INPUT DATA WERE ENTERED INTO ENSDF: Nov-2002
%%%%  68 GA  31    EC B+        4.06260E+03 67.71 M    02-11-2005       OUTPEND 
%%%%  68 GA  31    EC B+        4.06260E+03 67.71 M    02-11-2005       BETASTAR
1
              68-GALLIUM-31
+                                    HALFLIFE = 67.71 MINUTES 
+                                                                  02-11-2005

            BETA SPECTRUM DATA FOR ALL DECAY BRANCHES

                      BETAS PER                BETAS PER                BETAS PER
            ENERGY    MEV            ENERGY    MEV            ENERGY    MEV
            (MEV)     PER DECAY      (MEV)     PER DECAY      (MEV)     PER DECAY

            0.00000   0.000E+00      0.00280   4.345E-05      0.08500   1.399E-01
            0.00010   0.000E+00      0.00300   6.105E-05      0.09000   1.499E-01
            0.00011   0.000E+00      0.00320   8.246E-05      0.10000   1.698E-01
            0.00012   0.000E+00      0.00360   1.373E-04      0.11000   1.894E-01
            0.00013   4.822E-27      0.00400   2.088E-04      0.12000   2.087E-01
            0.00014   4.430E-26      0.00450   3.222E-04      0.13000   2.277E-01
            0.00015   3.247E-25      0.00500   4.625E-04      0.14000   2.464E-01
            0.00016   1.969E-24      0.00550   6.296E-04      0.15000   2.647E-01
            0.00018   4.563E-23      0.00600   8.231E-04      0.16000   2.828E-01
            0.00020   6.516E-22      0.00650   1.043E-03      0.18000   3.178E-01
            0.00022   6.422E-21      0.00700   1.288E-03      0.20000   3.516E-01
            0.00024   4.731E-20      0.00750   1.558E-03      0.22000   3.841E-01
            0.00026   2.761E-19      0.00800   1.853E-03      0.24000   4.154E-01
            0.00028   1.333E-18      0.00850   2.171E-03      0.26000   4.454E-01
            0.00030   5.511E-18      0.00900   2.513E-03      0.28000   4.742E-01
            0.00032   2.002E-17      0.01000   3.265E-03      0.30000   5.017E-01
            0.00036   1.945E-16      0.01100   4.102E-03      0.32000   5.280E-01
            0.00040   1.382E-15      0.01200   5.021E-03      0.36000   5.768E-01
            0.00045   1.168E-14      0.01300   6.016E-03      0.40000   6.208E-01
            0.00050   7.595E-14      0.01400   7.083E-03      0.45000   6.687E-01
            0.00055   4.035E-13      0.01500   8.218E-03      0.50000   7.091E-01
            0.00060   1.817E-12      0.01600   9.415E-03      0.55000   7.419E-01
            0.00065   7.100E-12      0.01800   1.198E-02      0.60000   7.673E-01
            0.00070   2.448E-11      0.02000   1.476E-02      0.65000   7.856E-01
            0.00075   7.542E-11      0.02200   1.772E-02      0.70000   7.971E-01
            0.00080   2.100E-10      0.02400   2.083E-02      0.75000   8.021E-01
            0.00085   5.336E-10      0.02600   2.408E-02      0.80000   8.012E-01
            0.00090   1.248E-09      0.02800   2.745E-02      0.85000   7.947E-01
            0.00100   5.511E-09      0.03000   3.093E-02      0.90000   7.817E-01
            0.00110   1.914E-08      0.03200   3.449E-02      1.00000   7.367E-01
            0.00120   5.479E-08      0.03600   4.185E-02      1.10000   6.692E-01
            0.00130   1.343E-07      0.04000   4.944E-02      1.20000   5.831E-01
            0.00140   2.903E-07      0.04500   5.917E-02      1.30000   4.832E-01
            0.00150   5.664E-07      0.05000   6.910E-02      1.40000   3.756E-01
            0.00160   1.016E-06      0.05500   7.914E-02      1.50000   2.673E-01
            0.00180   2.688E-06      0.06000   8.926E-02      1.60000   1.661E-01
            0.00200   5.846E-06      0.06500   9.941E-02      1.80000   2.198E-02
            0.00220   1.104E-05      0.07000   1.096E-01      1.89910   0.000E+00
            0.00240   1.876E-05      0.07500   1.197E-01
            0.00260   2.945E-05      0.08000   1.298E-01

            AVERAGE BETA ENERGY =   8.293E-01

            TOTAL BETAS PER DECAY FOR ALL BRANCHES =   8.891E-01
%%%%  68 GA  31    EC B+        4.06260E+03 67.71 M    02-11-2005       BETAEND 
%%%%  68 GA  31    EC B+        4.06260E+03 67.71 M    02-11-2005       SEEISTAR
 68.  GALLIUM      31.  6.771E+01 MINUTES  134 EC B+                 68.GA 31.   0
 4 1  2.58003E-04  1.07535E-01  2.43230E-01  0.00000E+00             68.GA 31.   1   1
 4 2  1.19001E+00  3.52606E-01  8.21750E-01  0.00000E+00             68.GA 31.   2   2
 4 3  8.77209E+01  8.35818E-01  1.89910E+00  0.00000E+00             68.GA 31.   3   3
 3 3  1.77822E+02  5.11000E-01  5.11000E-01  0.00000E+00             68.GA 31.   4   3
 1 1  1.19140E-04  2.27310E-01  2.27310E-01  0.00000E+00             68.GA 31.   5   1
 6 1  3.20173E-06  2.17688E-01  2.17688E-01  1.00000E+00             68.GA 31.   6   1
 6 5  3.02643E-07  2.26126E-01  2.26126E-01  1.00000E+00             68.GA 31.   7   5
 6 6  1.87539E-08  2.26259E-01  2.26259E-01  1.00000E+00             68.GA 31.   8   6
 6 7  2.29033E-08  2.26284E-01  2.26284E-01  1.00000E+00             68.GA 31.   9   7
 6 3  5.11979E-08  2.27219E-01  2.27219E-01  1.00000E+00             68.GA 31.  10   3
 6 4  2.62454E-09  2.27310E-01  2.27310E-01  1.00000E+00             68.GA 31.  11   4
 1 2  2.64040E-04  4.83350E-01  4.83350E-01  0.00000E+00             68.GA 31.  12   2
 6 1  4.05675E-07  4.73728E-01  4.73728E-01  2.00000E+00             68.GA 31.  13   1
 6 5  3.95685E-08  4.82166E-01  4.82166E-01  2.00000E+00             68.GA 31.  14   5
 6 6  9.72993E-10  4.82300E-01  4.82300E-01  2.00000E+00             68.GA 31.  15   6
 6 7  9.25931E-10  4.82324E-01  4.82324E-01  2.00000E+00             68.GA 31.  16   7
 6 3  6.18517E-09  4.83259E-01  4.83259E-01  2.00000E+00             68.GA 31.  17   3
 6 4  3.44136E-10  4.83350E-01  4.83350E-01  2.00000E+00             68.GA 31.  18   4
 1 3  3.34880E-02  5.78520E-01  5.78520E-01  0.00000E+00             68.GA 31.  19   3
 6 1  3.84983E-05  5.68898E-01  5.68898E-01  3.00000E+00             68.GA 31.  20   1
 6 5  3.73927E-06  5.77336E-01  5.77336E-01  3.00000E+00             68.GA 31.  21   5
 6 6  9.29592E-08  5.77470E-01  5.77470E-01  3.00000E+00             68.GA 31.  22   6
 6 7  9.74045E-08  5.77494E-01  5.77494E-01  3.00000E+00             68.GA 31.  23   7
 6 3  5.86296E-07  5.78429E-01  5.78429E-01  3.00000E+00             68.GA 31.  24   3
 6 4  3.25728E-08  5.78520E-01  5.78520E-01  3.00000E+00             68.GA 31.  25   4
 1 4  3.12340E-04  6.82570E-01  6.82570E-01  0.00000E+00             68.GA 31.  26   4
 6 1  2.22830E-07  6.72948E-01  6.72948E-01  4.00000E+00             68.GA 31.  27   1
 6 5  2.17285E-08  6.81386E-01  6.81386E-01  4.00000E+00             68.GA 31.  28   5
 6 6  4.52483E-10  6.81520E-01  6.81520E-01  4.00000E+00             68.GA 31.  29   6
 6 7  4.70960E-10  6.81544E-01  6.81544E-01  4.00000E+00             68.GA 31.  30   7
 6 3  3.38057E-09  6.82479E-01  6.82479E-01  4.00000E+00             68.GA 31.  31   3
 6 4  1.89155E-10  6.82570E-01  6.82570E-01  4.00000E+00             68.GA 31.  32   4
 1 5  9.40240E-02  8.05830E-01  8.05830E-01  0.00000E+00             68.GA 31.  33   5
 6 1  4.00273E-05  7.96208E-01  7.96208E-01  5.00000E+00             68.GA 31.  34   1
 6 5  3.92038E-06  8.04646E-01  8.04646E-01  5.00000E+00             68.GA 31.  35   5
 6 6  6.09262E-08  8.04780E-01  8.04780E-01  5.00000E+00             68.GA 31.  36   6
 6 7  6.00487E-08  8.04804E-01  8.04804E-01  5.00000E+00             68.GA 31.  37   7
 6 3  6.03131E-07  8.05739E-01  8.05739E-01  5.00000E+00             68.GA 31.  38   3
 6 4  3.41877E-08  8.05830E-01  8.05830E-01  5.00000E+00             68.GA 31.  39   4
 1 6  1.77100E-04  9.38610E-01  9.38610E-01  0.00000E+00             68.GA 31.  40   6
 6 1  4.87016E-08  9.28988E-01  9.28988E-01  6.00000E+00             68.GA 31.  41   1
 6 5  4.78134E-09  9.37426E-01  9.37426E-01  6.00000E+00             68.GA 31.  42   5
 6 6  5.29811E-11  9.37560E-01  9.37560E-01  6.00000E+00             68.GA 31.  43   6
 6 7  4.66074E-11  9.37584E-01  9.37584E-01  6.00000E+00             68.GA 31.  44   7
 6 3  7.28496E-10  9.38519E-01  9.38519E-01  6.00000E+00             68.GA 31.  45   3
 6 4  4.17617E-11  9.38610E-01  9.38610E-01  6.00000E+00             68.GA 31.  46   4
 1 7  3.22000E+00  1.07734E+00  1.07734E+00  0.00000E+00             68.GA 31.  47   7
 6 1  7.16609E-04  1.06772E+00  1.06772E+00  7.00000E+00             68.GA 31.  48   1
 6 5  7.02741E-05  1.07616E+00  1.07616E+00  7.00000E+00             68.GA 31.  49   5
 6 6  8.64055E-07  1.07629E+00  1.07629E+00  7.00000E+00             68.GA 31.  50   6
 6 7  9.50115E-07  1.07631E+00  1.07631E+00  7.00000E+00             68.GA 31.  51   7
 6 3  1.07532E-05  1.07725E+00  1.07725E+00  7.00000E+00             68.GA 31.  52   3
 6 4  6.09595E-07  1.07734E+00  1.07734E+00  7.00000E+00             68.GA 31.  53   4
 1 8  1.61000E-05  1.16592E+00  1.16592E+00  0.00000E+00             68.GA 31.  54   8
 6 1  2.99505E-09  1.15630E+00  1.15630E+00  8.00000E+00             68.GA 31.  55   1
 6 5  2.93557E-10  1.16474E+00  1.16474E+00  8.00000E+00             68.GA 31.  56   5
 6 6  3.28813E-12  1.16487E+00  1.16487E+00  8.00000E+00             68.GA 31.  57   6
 6 7  3.68378E-12  1.16489E+00  1.16489E+00  8.00000E+00             68.GA 31.  58   7
 6 3  4.48379E-11  1.16583E+00  1.16583E+00  8.00000E+00             68.GA 31.  59   3
 6 4  2.53843E-12  1.16592E+00  1.16592E+00  8.00000E+00             68.GA 31.  60   4
 1 9  9.43460E-02  1.26108E+00  1.26108E+00  0.00000E+00             68.GA 31.  61   9
 6 1  1.35581E-05  1.25146E+00  1.25146E+00  9.00000E+00             68.GA 31.  62   1
 6 5  1.32987E-06  1.25990E+00  1.25990E+00  9.00000E+00             68.GA 31.  63   5
 6 6  9.62463E-09  1.26003E+00  1.26003E+00  9.00000E+00             68.GA 31.  64   6
 6 7  8.08903E-09  1.26005E+00  1.26005E+00  9.00000E+00             68.GA 31.  65   7
 6 3  2.01177E-07  1.26099E+00  1.26099E+00  9.00000E+00             68.GA 31.  66   3
 6 4  1.14928E-08  1.26108E+00  1.26108E+00  9.00000E+00             68.GA 31.  67   4
 110  0.00000E+00  1.65900E+00  1.65900E+00  0.00000E+00             68.GA 31.  68  10
 6 1  1.21304E-05  1.64938E+00  1.64938E+00  1.00000E+01             68.GA 31.  69   1
 6 5  1.20352E-06  1.65782E+00  1.65782E+00  1.00000E+01             68.GA 31.  70   5
 6 3  1.80143E-07  1.65891E+00  1.65891E+00  1.00000E+01             68.GA 31.  71   3
 6 4  9.91789E-09  1.65900E+00  1.65900E+00  1.00000E+01             68.GA 31.  72   4
 111  9.49900E-03  1.74442E+00  1.74442E+00  0.00000E+00             68.GA 31.  73  11
 6 1  7.41750E-07  1.73480E+00  1.73480E+00  1.10000E+01             68.GA 31.  74   1
 6 5  7.28248E-08  1.74324E+00  1.74324E+00  1.10000E+01             68.GA 31.  75   5
 6 6  4.05062E-10  1.74337E+00  1.74337E+00  1.10000E+01             68.GA 31.  76   6
 6 7  4.30789E-10  1.74339E+00  1.74339E+00  1.10000E+01             68.GA 31.  77   7
 6 3  1.10358E-08  1.74433E+00  1.74433E+00  1.10000E+01             68.GA 31.  78   3
 6 4  6.01302E-10  1.74442E+00  1.74442E+00  1.10000E+01             68.GA 31.  79   4
 112  1.36528E-01  1.88316E+00  1.88316E+00  0.00000E+00             68.GA 31.  80  12
 6 1  9.56280E-06  1.87354E+00  1.87354E+00  1.20000E+01             68.GA 31.  81   1
 6 5  9.50641E-07  1.88198E+00  1.88198E+00  1.20000E+01             68.GA 31.  82   5
 6 6  6.11849E-09  1.88211E+00  1.88211E+00  1.20000E+01             68.GA 31.  83   6
 6 7  7.52218E-09  1.88213E+00  1.88213E+00  1.20000E+01             68.GA 31.  84   7
 6 3  1.44717E-07  1.88307E+00  1.88307E+00  1.20000E+01             68.GA 31.  85   3
 6 4  7.81423E-09  1.88316E+00  1.88316E+00  1.20000E+01             68.GA 31.  86   4
 113  1.12700E-03  2.33840E+00  2.33840E+00  0.00000E+00             68.GA 31.  87  13
 6 1  5.34701E-08  2.32878E+00  2.32878E+00  1.30000E+01             68.GA 31.  88   1
 6 5  4.56111E-09  2.33722E+00  2.33722E+00  1.30000E+01             68.GA 31.  89   5
 6 6  2.25693E-11  2.33735E+00  2.33735E+00  1.30000E+01             68.GA 31.  90   6
 6 7  3.27221E-11  2.33737E+00  2.33737E+00  1.30000E+01             68.GA 31.  91   7
 6 3  6.91670E-10  2.33831E+00  2.33831E+00  1.30000E+01             68.GA 31.  92   3
 6 4  3.77005E-11  2.33840E+00  2.33840E+00  1.30000E+01             68.GA 31.  93   4
 114  4.63680E-04  2.82173E+00  2.82173E+00  0.00000E+00             68.GA 31.  94  14
 6 1  1.60251E-08  2.81211E+00  2.81211E+00  1.40000E+01             68.GA 31.  95   1
 6 5  1.24363E-09  2.82055E+00  2.82055E+00  1.40000E+01             68.GA 31.  96   5
 6 6  4.93491E-12  2.82068E+00  2.82068E+00  1.40000E+01             68.GA 31.  97   6
 6 7  7.72182E-12  2.82070E+00  2.82070E+00  1.40000E+01             68.GA 31.  98   7
 6 3  1.88412E-10  2.82164E+00  2.82164E+00  1.40000E+01             68.GA 31.  99   3
 6 4  1.01656E-11  2.82173E+00  2.82173E+00  1.40000E+01             68.GA 31. 100   4
 2 1  1.37950E+00  8.57190E-03  8.57190E-03  0.00000E+00             68.GA 31. 101   1
 2 2  2.68611E+00  8.59639E-03  8.59639E-03  0.00000E+00             68.GA 31. 102   2
 2 3  1.70589E-01  9.52867E-03  9.52867E-03  0.00000E+00             68.GA 31. 103   3
 2 4  3.33515E-01  9.53181E-03  9.53181E-03  0.00000E+00             68.GA 31. 104   4
 2 5  2.30616E-04  9.60554E-03  9.60554E-03  0.00000E+00             68.GA 31. 105   5
 2 6  3.33436E-04  9.60593E-03  9.60593E-03  0.00000E+00             68.GA 31. 106   6
 221  5.51870E-05  1.33900E-04  1.33900E-04  0.00000E+00             68.GA 31. 107  21
 222  2.63382E-04  1.58400E-04  1.58400E-04  0.00000E+00             68.GA 31. 108  22
 223  2.34262E-03  1.09066E-03  1.09066E-03  0.00000E+00             68.GA 31. 109  23
 224  3.72672E-03  1.09381E-03  1.09381E-03  0.00000E+00             68.GA 31. 110  24
 225  9.18388E-06  1.16755E-03  1.16755E-03  0.00000E+00             68.GA 31. 111  25
 226  1.24215E-05  1.16794E-03  1.16794E-03  0.00000E+00             68.GA 31. 112  26
 241  3.00133E-09  2.45000E-05  2.45000E-05  0.00000E+00             68.GA 31. 113  41
 242  2.13392E-02  9.13072E-04  9.13072E-04  0.00000E+00             68.GA 31. 114  42
 243  8.36634E-05  9.59910E-04  9.59910E-04  0.00000E+00             68.GA 31. 115  43
 244  2.71760E-02  1.03365E-03  1.03365E-03  0.00000E+00             68.GA 31. 116  44
 245  6.03442E-04  1.04189E-03  1.04189E-03  0.00000E+00             68.GA 31. 117  45
 261  4.04621E-02  8.88570E-04  8.88570E-04  0.00000E+00             68.GA 31. 118  61
 262  8.57224E-05  9.32260E-04  9.32260E-04  0.00000E+00             68.GA 31. 119  62
 263  8.28842E-05  9.35410E-04  9.35410E-04  0.00000E+00             68.GA 31. 120  63
 264  4.61682E-03  1.00915E-03  1.00915E-03  0.00000E+00             68.GA 31. 121  64
 265  4.89283E-02  1.00954E-03  1.00954E-03  0.00000E+00             68.GA 31. 122  65
 266  1.05379E-03  1.01738E-03  1.01738E-03  0.00000E+00             68.GA 31. 123  66
 291  5.75448E-04  7.15472E-05  7.15472E-05  0.00000E+00             68.GA 31. 124  91
 294  5.21727E+01  1.63538E-05  1.63538E-05  0.00000E+00             68.GA 31. 125  94
 7 1  4.11537E+00  7.48697E-03  7.48697E-03  0.00000E+00             68.GA 31. 126   1
 7 2  1.05055E+00  8.45549E-03  8.45549E-03  0.00000E+00             68.GA 31. 127   2
 7 3  7.39583E-02  9.42804E-03  9.42804E-03  0.00000E+00             68.GA 31. 128   3
 7 4  2.65837E+00  8.98614E-05  8.98614E-05  0.00000E+00             68.GA 31. 129   4
 7 5  1.41792E+01  9.29539E-04  9.29539E-04  0.00000E+00             68.GA 31. 130   5
 7 6  1.12178E-01  9.76632E-04  9.76632E-04  0.00000E+00             68.GA 31. 131   6
 7 7  3.73986E-04  1.07793E-03  1.07793E-03  0.00000E+00             68.GA 31. 132   7
 7 8  1.88911E+01  5.67753E-05  5.67753E-05  0.00000E+00             68.GA 31. 133   8
 7 9  1.81014E-03  1.18344E-04  1.18344E-04  0.00000E+00             68.GA 31. 134   9
%%%%  68 GA  31    EC B+        4.06260E+03 67.71 M    02-11-2005       SEEIEND 
 


   ***************************************************** 
   *                 Radiation Summary                 * 
   ***************************************************** 
 
  Energy released by
    Gamma-ray                       (MeV) =   3.96132E-02
    X-ray                           (MeV) =   3.98720E-04
    Free-bound X-ray                (MeV) =   8.53221E-06
    Annihilation photon             (MeV) =   9.08672E-01
    Beta+ particle                  (MeV) =   7.37384E-01
    Neutrino                        (MeV) =   1.23439E+00
    Beta- particle                  (MeV) =   0.00000E+00
    Neutrino-                       (MeV) =   0.00000E+00
    Internal conv. electron         (MeV) =   9.79235E-06
    Auger and CK electron           (MeV) =   5.49936E-04
    Alpha particle                  (MeV) =   0.00000E+00
    Recoil nucleus                  (MeV) =   0.00000E+00
  E-total (except unplaced radiat.) (MeV) =   2.92103E+00
  E-unplaced radiation              (MeV) =   0.00000E+00
  Q-value from ENSDF data           (MeV) =   2.92110E+00
  Ratio of E-total/Q-value          ( % ) =   9.99975E+01
  Ratio of E-unplaced radi./Q-value ( % ) =   0.00000E+00

 
  Total yield of
    Gamma-ray                             =   3.59036E-02
    X-ray                                 =   4.72170E-02
    Free-bound X-ray                      =   5.21727E-01
    Annihilation photon                   =   1.77822E+00
    Beta+ particle                        =   8.89112E-01
    Beta- particle                        =   0.00000E+00
    Internal conv. electron               =   9.32398E-06
    Auger and CK electron                 =   4.10829E-01
    Alpha particle                        =   0.00000E+00
  Yield of unplaced radiation             =   0.00000E+00


