%%%% 206 HG  80    B-           4.89000E+02  8.15 M    02-11-2005       BALASTAR
1 206   HG  80  8.15 M         B-         
1INTENSITY AND ENERGY BALANCE DATA

              206-MERCURY-80
+                                    HALFLIFE = 8.15 MINUTES 
+                                                                  02-11-2005


    LEVEL       INTENSITY   INTENSITY
    ENERGY      ENTERING    LEAVING     PERCENT
    (MEV)       LEVEL       LEVEL       ERROR

   0.0000E+00  1.0031E+02
   3.0480E-01  4.3048E+01  4.3300E+01  5.8560E-01                      
   6.4930E-01  3.5176E+00  3.5788E+00  1.7261E+00                      


 INTENSITY TO GROUND AND ISOMERIC STATE(S) OF DAUGHTER(S)=  1.003E+02
 TOTAL INTENSITY FROM PARENT=  1.000E+02
 PERCENT ERROR =  3.131E-01                      


 TOTAL INTENSITY FROM PARENT =  1.000E+02
 VALUE IS WITHIN   7.63E-06% OF 100                      


 TOTAL ENERGY AVAILABLE =  1.307E+00 MEV
 TOTAL ENERGY CONTENT OF ALL RADIATIONS =  1.308E+00 MEV
 PERCENT ERROR =  8.960E-02                      
%%%% 206 HG  80    B-           4.89000E+02  8.15 M    02-11-2005       BALAEND 
%%%% 206 HG  80    B-           4.89000E+02  8.15 M    02-11-2005       INPUSTAR
1                                      **INPUT DATA**
              206-MERCURY-80
+                                    HALFLIFE = 8.15 MINUTES 
+                                                                  02-11-2005

            MODE OF DECAY: BETA MINUS
 
                                MEAN
                                NUMBER/    TRANSITION
                TYPE OF    ID   TRANSFOR-  ENERGY
              TRANSITION   NO.  MATION     (MEV)       OTHER NUCLEAR PARAMETERS

               BETA MINUS   1   3.52E-02   6.577E-01*  FIRST FORBIDDEN                          
               BETA MINUS   2   4.22E-01   1.002E+00*  FIRST FORBIDDEN                          
               BETA MINUS   3   5.43E-01   1.307E+00*  FIRST FORBIDDEN                          
           I.C.E. + GAMMA   1   4.33E-01   3.048E-01   M1 MULTIPOLE                             
+                                                                    AK= 0.325                  
                                                       AL1=0.0497    AL2=0.00460                
                                                       AM= 0.0128    AN+=0.00407                
           I.C.E. + GAMMA   2   8.37E-03   3.443E-01   M1 MULTIPOLE                             
+                                                                    AK= 0.234                  
                                                       AL1=0.0357    AL2=0.00326                
                                                       AM= 0.00919   AN+=0.00292                
           I.C.E. + GAMMA   3   2.74E-02   6.495E-01   M1 MULTIPOLE                             
+                                                                    AK= 0.0437                 
                                                       AL1=0.00659   AM= 0.00167                
 
           * ENDPOINT ENERGY (MEV)
           - - - - - - - - - -
           Reference: Evaluated Nuclear Structure Data File (ENSDF)
                DATE DATA WERE ENTERED INTO ENSDF: Oct-1999
%%%% 206 HG  80    B-           4.89000E+02  8.15 M    02-11-2005       INPUEND 
%%%% 206 HG  80    B-           4.89000E+02  8.15 M    02-11-2005       OUTPSTAR
1                                      **OUTPUT DATA**
              206-MERCURY-80
+                                    HALFLIFE = 8.15 MINUTES 
+                                                                  02-11-2005

            MODE OF DECAY: BETA MINUS
 
                                              MEAN
                                              NUMBER/                  MEV/
                                         ID   TRANSFOR-   ENERGY       TRANSFOR-
                  TYPE OF RADIATION      NO.  MATION      (MEV)        MATION

           BETA MINUS                     1   3.52E-02    2.027E-01*   7.13E-03
           BETA MINUS                     2   4.22E-01    3.297E-01*   1.39E-01
           BETA MINUS                     3   5.43E-01    4.490E-01*   2.44E-01
           GAMMA-RAY                      1   3.10E-01    3.048E-01    9.45E-02
           K CONV. ELECTRON, GAMMA-RAY    1   1.01E-01    2.190E-01    2.21E-02
           L1 CONV. ELECTRON, GAMMA-RAY   1   1.54E-02    2.895E-01    4.46E-03
           M CONV. ELECTRON, GAMMA-RAY    1   3.98E-03    3.019E-01*   1.20E-03
           GAMMA-RAY                      2   6.51E-03    3.443E-01    2.24E-03
           GAMMA-RAY                      3   2.60E-02    6.495E-01    1.69E-02
           K CONV. ELECTRON, GAMMA-RAY    3   1.14E-03    5.637E-01    6.41E-04
           K -L2 X-RAY                        2.91E-02    7.105E-02    2.07E-03
           K -L3 X-RAY                        4.91E-02    7.314E-02    3.59E-03
           K -M2 X-RAY                        5.45E-03    8.239E-02    4.49E-04
           K -M3 X-RAY                        1.06E-02    8.285E-02    8.75E-04
           K -N3 X-RAY                        2.54E-03    8.520E-02    2.16E-04
           L2-M4 X-RAY                        1.04E-02    1.225E-02    1.27E-04
           L3-M5 X-RAY                        1.62E-02    1.027E-02    1.67E-04
 
           ALL LISTED X-RAYS, GAMMA-RAYS AND ANNIHILATION RADIATION    1.21E-01
           ALL NEGLECTED X-RAYS, GAMMA-RAYS AND ANNIH. RADIATION**     4.05E-04
           ALL LISTED BETAS, INTERNAL CONVERSION AND AUGER ELECTRONS   4.18E-01
           ALL NEGLECTED BETAS, INT. CONVERSION AND AUGER ELECTRONS**  2.75E-03
           ALL LISTED RADIATIONS                                       5.39E-01
           ALL NEGLECTED RADIATIONS**                                  3.15E-03
 
           *  AVERAGE ENERGY (MEV)
           ** EACH NEGLECTED TRANSITION CONTRIBUTES LESS THAN  0.100%
              TO THE TOTAL MEV/TRANSFORMATION FOR THIS CATEGORY.
           TOTAL FEEDING OF GROUND STATE LEVEL IN 206-THALLIUM
             DAUGHTER IS 1.0000E+00 PER TRANSFORMATION OF 206-MERCURY.
             DECAY OF THIS 4.2 MINUTES HALFLIFE LEVEL WILL CONTRIBUTE TO DOSE.
           - - - - - - - - - -
           INPUT DATA SOURCE: EVALUATED NUCLEAR STRUCTURE DATA FILE (ENSDF)
             DATE INPUT DATA WERE ENTERED INTO ENSDF: Oct-1999
%%%% 206 HG  80    B-           4.89000E+02  8.15 M    02-11-2005       OUTPEND 
%%%% 206 HG  80    B-           4.89000E+02  8.15 M    02-11-2005       BETASTAR
1
              206-MERCURY-80
+                                    HALFLIFE = 8.15 MINUTES 
+                                                                  02-11-2005

            BETA SPECTRUM DATA FOR ALL DECAY BRANCHES

                      BETAS PER                BETAS PER                BETAS PER
            ENERGY    MEV            ENERGY    MEV            ENERGY    MEV
            (MEV)     PER DECAY      (MEV)     PER DECAY      (MEV)     PER DECAY

            0.00000   1.339E+00      0.00240   1.339E+00      0.06500   1.399E+00
            0.00010   1.339E+00      0.00260   1.339E+00      0.07000   1.403E+00
            0.00011   1.339E+00      0.00280   1.339E+00      0.07500   1.408E+00
            0.00012   1.339E+00      0.00300   1.339E+00      0.08000   1.412E+00
            0.00013   1.339E+00      0.00320   1.339E+00      0.08500   1.416E+00
            0.00014   1.339E+00      0.00360   1.339E+00      0.09000   1.420E+00
            0.00015   1.339E+00      0.00400   1.339E+00      0.10000   1.427E+00
            0.00016   1.339E+00      0.00450   1.339E+00      0.11000   1.433E+00
            0.00018   1.339E+00      0.00500   1.339E+00      0.12000   1.438E+00
            0.00020   1.339E+00      0.00550   1.340E+00      0.13000   1.443E+00
            0.00022   1.339E+00      0.00600   1.340E+00      0.14000   1.447E+00
            0.00024   1.339E+00      0.00650   1.340E+00      0.15000   1.450E+00
            0.00026   1.339E+00      0.00700   1.340E+00      0.16000   1.452E+00
            0.00028   1.339E+00      0.00750   1.340E+00      0.18000   1.454E+00
            0.00030   1.339E+00      0.00800   1.340E+00      0.20000   1.453E+00
            0.00032   1.339E+00      0.00850   1.340E+00      0.22000   1.449E+00
            0.00036   1.339E+00      0.00900   1.340E+00      0.24000   1.441E+00
            0.00040   1.339E+00      0.01000   1.340E+00      0.26000   1.431E+00
            0.00045   1.339E+00      0.01100   1.340E+00      0.28000   1.418E+00
            0.00050   1.339E+00      0.01200   1.340E+00      0.30000   1.402E+00
            0.00055   1.339E+00      0.01300   1.340E+00      0.32000   1.383E+00
            0.00060   1.339E+00      0.01400   1.340E+00      0.36000   1.338E+00
            0.00065   1.339E+00      0.01500   1.340E+00      0.40000   1.283E+00
            0.00070   1.339E+00      0.01600   1.342E+00      0.45000   1.202E+00
            0.00075   1.339E+00      0.01800   1.345E+00      0.50000   1.111E+00
            0.00080   1.339E+00      0.02000   1.347E+00      0.55000   1.011E+00
            0.00085   1.339E+00      0.02200   1.350E+00      0.60000   9.056E-01
            0.00090   1.339E+00      0.02400   1.353E+00      0.65000   7.985E-01
            0.00100   1.339E+00      0.02600   1.355E+00      0.70000   6.912E-01
            0.00110   1.339E+00      0.02800   1.358E+00      0.75000   5.842E-01
            0.00120   1.339E+00      0.03000   1.360E+00      0.80000   4.805E-01
            0.00130   1.339E+00      0.03200   1.363E+00      0.85000   3.833E-01
            0.00140   1.339E+00      0.03600   1.368E+00      0.90000   2.962E-01
            0.00150   1.339E+00      0.04000   1.372E+00      1.00000   1.662E-01
            0.00160   1.339E+00      0.04500   1.378E+00      1.10000   8.344E-02
            0.00180   1.339E+00      0.05000   1.384E+00      1.20000   2.447E-02
            0.00200   1.339E+00      0.05500   1.389E+00      1.30000   1.143E-04
            0.00220   1.339E+00      0.06000   1.394E+00      1.30700   0.000E+00

            AVERAGE BETA ENERGY =   3.900E-01

            TOTAL BETAS PER DECAY FOR ALL BRANCHES =   1.000E+00
%%%% 206 HG  80    B-           4.89000E+02  8.15 M    02-11-2005       BETAEND 
%%%% 206 HG  80    B-           4.89000E+02  8.15 M    02-11-2005       SEEISTAR
206.  MERCURY      80.  8.150E+00 MINUTES  108 B-                   206.HG 80.   0
 5 1  3.51759E+00  2.02707E-01  6.57700E-01  0.00000E+00            206.HG 80.   1   1
 5 2  4.22111E+01  3.29733E-01  1.00220E+00  0.00000E+00            206.HG 80.   2   2
 5 3  5.42714E+01  4.48952E-01  1.30700E+00  0.00000E+00            206.HG 80.   3   3
 1 1  3.10000E+01  3.04800E-01  3.04800E-01  0.00000E+00            206.HG 80.   4   1
 6 1  1.00831E+01  2.19002E-01  2.19002E-01  1.00000E+00            206.HG 80.   5   1
 6 5  1.53956E+00  2.89470E-01  2.89470E-01  1.00000E+00            206.HG 80.   6   5
 6 6  1.42646E-01  2.90054E-01  2.90054E-01  1.00000E+00            206.HG 80.   7   6
 6 7  1.14174E-02  2.92140E-01  2.92140E-01  1.00000E+00            206.HG 80.   8   7
 6 3  3.97622E-01  3.01855E-01  3.01855E-01  1.00000E+00            206.HG 80.   9   3
 6 4  1.26121E-01  3.04800E-01  3.04800E-01  1.00000E+00            206.HG 80.  10   4
 1 2  6.51000E-01  3.44300E-01  3.44300E-01  0.00000E+00            206.HG 80.  11   2
 6 1  1.52220E-01  2.58502E-01  2.58502E-01  2.00000E+00            206.HG 80.  12   1
 6 5  2.32231E-02  3.28970E-01  3.28970E-01  2.00000E+00            206.HG 80.  13   5
 6 6  2.12273E-03  3.29554E-01  3.29554E-01  2.00000E+00            206.HG 80.  14   6
 6 7  1.68799E-04  3.31640E-01  3.31640E-01  2.00000E+00            206.HG 80.  15   7
 6 3  5.98086E-03  3.41355E-01  3.41355E-01  2.00000E+00            206.HG 80.  16   3
 6 4  1.89773E-03  3.44300E-01  3.44300E-01  2.00000E+00            206.HG 80.  17   4
 1 3  2.60400E+00  6.49500E-01  6.49500E-01  0.00000E+00            206.HG 80.  18   3
 6 1  1.13792E-01  5.63702E-01  5.63702E-01  3.00000E+00            206.HG 80.  19   1
 6 5  1.71474E-02  6.34170E-01  6.34170E-01  3.00000E+00            206.HG 80.  20   5
 6 6  1.41922E-03  6.34754E-01  6.34754E-01  3.00000E+00            206.HG 80.  21   6
 6 7  1.14366E-04  6.36840E-01  6.36840E-01  3.00000E+00            206.HG 80.  22   7
 6 3  4.36042E-03  6.46555E-01  6.46555E-01  3.00000E+00            206.HG 80.  23   3
 6 4  1.38867E-03  6.49500E-01  6.49500E-01  3.00000E+00            206.HG 80.  24   4
 2 1  2.91296E+00  7.10519E-02  7.10519E-02  0.00000E+00            206.HG 80.  25   1
 2 2  4.91428E+00  7.31380E-02  7.31380E-02  0.00000E+00            206.HG 80.  26   2
 2 3  5.45233E-01  8.23884E-02  8.23884E-02  0.00000E+00            206.HG 80.  27   3
 2 4  1.05551E+00  8.28534E-02  8.28534E-02  0.00000E+00            206.HG 80.  28   4
 2 5  1.44629E-02  8.33045E-02  8.33045E-02  0.00000E+00            206.HG 80.  29   5
 2 6  1.75977E-02  8.34039E-02  8.34039E-02  0.00000E+00            206.HG 80.  30   6
 2 7  1.29250E-01  8.50837E-02  8.50837E-02  0.00000E+00            206.HG 80.  31   7
 2 8  2.53574E-01  8.51979E-02  8.51979E-02  0.00000E+00            206.HG 80.  32   8
 2 9  3.80185E-03  8.53917E-02  8.53917E-02  0.00000E+00            206.HG 80.  33   9
 210  4.61757E-03  8.54128E-02  8.54128E-02  0.00000E+00            206.HG 80.  34  10
 211  2.99607E-02  8.56991E-02  8.56991E-02  0.00000E+00            206.HG 80.  35  11
 212  5.84394E-02  8.57200E-02  8.57200E-02  0.00000E+00            206.HG 80.  36  12
 213  4.50787E-04  8.57755E-02  8.57755E-02  0.00000E+00            206.HG 80.  37  13
 214  5.31955E-04  8.57781E-02  8.57781E-02  0.00000E+00            206.HG 80.  38  14
 215  2.54288E-04  8.57925E-02  8.57925E-02  0.00000E+00            206.HG 80.  39  15
 216  3.61919E-04  8.57936E-02  8.57936E-02  0.00000E+00            206.HG 80.  40  16
 221  2.07403E-05  5.84000E-04  5.84000E-04  0.00000E+00            206.HG 80.  41  21
 222  4.83738E-03  2.67000E-03  2.67000E-03  0.00000E+00            206.HG 80.  42  22
 223  5.60759E-02  1.19203E-02  1.19203E-02  0.00000E+00            206.HG 80.  43  23
 224  6.23983E-02  1.23854E-02  1.23854E-02  0.00000E+00            206.HG 80.  44  24
 225  1.97174E-03  1.28363E-02  1.28363E-02  0.00000E+00            206.HG 80.  45  25
 226  2.95146E-03  1.29361E-02  1.29361E-02  0.00000E+00            206.HG 80.  46  26
 227  1.43458E-02  1.46160E-02  1.46160E-02  0.00000E+00            206.HG 80.  47  27
 228  1.73434E-02  1.47297E-02  1.47297E-02  0.00000E+00            206.HG 80.  48  28
 229  2.99904E-04  1.49236E-02  1.49236E-02  0.00000E+00            206.HG 80.  49  29
 230  4.73673E-04  1.49449E-02  1.49449E-02  0.00000E+00            206.HG 80.  50  30
 231  2.73059E-03  1.52310E-02  1.52310E-02  0.00000E+00            206.HG 80.  51  31
 232  3.22686E-03  1.52520E-02  1.52520E-02  0.00000E+00            206.HG 80.  52  32
 233  3.27938E-05  1.53076E-02  1.53076E-02  0.00000E+00            206.HG 80.  53  33
 234  5.09722E-05  1.53100E-02  1.53100E-02  0.00000E+00            206.HG 80.  54  34
 235  2.86655E-05  1.53245E-02  1.53245E-02  0.00000E+00            206.HG 80.  55  35
 236  2.54762E-05  1.53257E-02  1.53257E-02  0.00000E+00            206.HG 80.  56  36
 241  3.14174E-05  2.08600E-03  2.08600E-03  0.00000E+00            206.HG 80.  57  41
 242  2.82480E-02  1.10673E-02  1.10673E-02  0.00000E+00            206.HG 80.  58  42
 243  1.13028E-03  1.18014E-02  1.18014E-02  0.00000E+00            206.HG 80.  59  43
 244  1.04032E+00  1.22523E-02  1.22523E-02  0.00000E+00            206.HG 80.  60  44
 245  7.25169E-03  1.39146E-02  1.39146E-02  0.00000E+00            206.HG 80.  61  45
 246  3.11048E-04  1.41457E-02  1.41457E-02  0.00000E+00            206.HG 80.  62  46
 247  2.10105E-01  1.43396E-02  1.43396E-02  0.00000E+00            206.HG 80.  63  47
 248  8.43796E-04  1.46130E-02  1.46130E-02  0.00000E+00            206.HG 80.  64  48
 249  1.51890E-03  1.46068E-02  1.46068E-02  0.00000E+00            206.HG 80.  65  49
 250  6.23356E-05  1.46680E-02  1.46680E-02  0.00000E+00            206.HG 80.  66  50
 251  2.39720E-02  1.47236E-02  1.47236E-02  0.00000E+00            206.HG 80.  67  51
 253  1.76232E-04  1.47336E-02  1.47336E-02  0.00000E+00            206.HG 80.  68  53
 254  4.56214E-07  1.47417E-02  1.47417E-02  0.00000E+00            206.HG 80.  69  54
 261  1.05496E-01  8.98130E-03  8.98130E-03  0.00000E+00            206.HG 80.  70  61
 262  1.07653E-03  9.25030E-03  9.25030E-03  0.00000E+00            206.HG 80.  71  62
 263  9.73665E-04  9.71540E-03  9.71540E-03  0.00000E+00            206.HG 80.  72  63
 264  1.84350E-01  1.01663E-02  1.01663E-02  0.00000E+00            206.HG 80.  73  64
 265  1.62344E+00  1.02661E-02  1.02661E-02  0.00000E+00            206.HG 80.  74  65
 266  2.30863E-02  1.18286E-02  1.18286E-02  0.00000E+00            206.HG 80.  75  66
 267  2.43354E-04  1.19460E-02  1.19460E-02  0.00000E+00            206.HG 80.  76  67
 268  2.47989E-04  1.20597E-02  1.20597E-02  0.00000E+00            206.HG 80.  77  68
 269  3.42441E-02  1.22537E-02  1.22537E-02  0.00000E+00            206.HG 80.  78  69
 270  3.09287E-01  1.22749E-02  1.22749E-02  0.00000E+00            206.HG 80.  79  70
 271  2.56228E-04  1.25271E-02  1.25271E-02  0.00000E+00            206.HG 80.  80  71
 272  1.43176E-03  1.25318E-02  1.25318E-02  0.00000E+00            206.HG 80.  81  72
 273  4.96716E-03  1.25208E-02  1.25208E-02  0.00000E+00            206.HG 80.  82  73
 274  5.08880E-05  1.25610E-02  1.25610E-02  0.00000E+00            206.HG 80.  83  74
 275  5.20921E-05  1.25820E-02  1.25820E-02  0.00000E+00            206.HG 80.  84  75
 276  3.85253E-03  1.26376E-02  1.26376E-02  0.00000E+00            206.HG 80.  85  76
 277  3.39157E-02  1.26400E-02  1.26400E-02  0.00000E+00            206.HG 80.  86  77
 280  5.56348E-04  1.26476E-02  1.26476E-02  0.00000E+00            206.HG 80.  87  80
 281  4.72327E-07  1.26545E-02  1.26545E-02  0.00000E+00            206.HG 80.  88  81
 282  3.57451E-07  1.26557E-02  1.26557E-02  0.00000E+00            206.HG 80.  89  82
 291  5.61351E-01  2.30011E-03  2.30011E-03  0.00000E+00            206.HG 80.  90  91
 292  1.18499E-02  3.26778E-04  3.26778E-04  0.00000E+00            206.HG 80.  91  92
 293  9.23134E-05  6.77254E-05  6.77254E-05  0.00000E+00            206.HG 80.  92  93
 294  1.59304E+02  2.07376E-05  2.07376E-05  0.00000E+00            206.HG 80.  93  94
 7 1  2.52458E-01  5.72241E-02  5.72241E-02  0.00000E+00            206.HG 80.  94   1
 7 2  1.37380E-01  6.88063E-02  6.88063E-02  0.00000E+00            206.HG 80.  95   2
 7 3  1.80165E-02  8.04012E-02  8.04012E-02  0.00000E+00            206.HG 80.  96   3
 7 4  1.78508E+00  9.11418E-04  9.11418E-04  0.00000E+00            206.HG 80.  97   4
 7 5  4.32582E+00  7.83915E-03  7.83915E-03  0.00000E+00            206.HG 80.  98   5
 7 6  1.88142E+00  1.01295E-02  1.01295E-02  0.00000E+00            206.HG 80.  99   6
 7 7  1.96703E-01  1.24470E-02  1.24470E-02  0.00000E+00            206.HG 80. 100   7
 7 8  5.93042E+00  4.16799E-04  4.16799E-04  0.00000E+00            206.HG 80. 101   8
 7 9  1.44419E+01  1.85869E-03  1.85869E-03  0.00000E+00            206.HG 80. 102   9
 710  1.69938E+00  2.10397E-03  2.10397E-03  0.00000E+00            206.HG 80. 103  10
 711  8.49807E-02  2.47560E-03  2.47560E-03  0.00000E+00            206.HG 80. 104  11
 712  2.73614E+01  1.74457E-04  1.74457E-04  0.00000E+00            206.HG 80. 105  12
 713  5.22190E+01  7.56879E-05  7.56879E-05  0.00000E+00            206.HG 80. 106  13
 714  3.49683E+01  4.30130E-05  4.30130E-05  0.00000E+00            206.HG 80. 107  14
 715  3.18753E-02  9.84613E-05  9.84613E-05  0.00000E+00            206.HG 80. 108  15
%%%% 206 HG  80    B-           4.89000E+02  8.15 M    02-11-2005       SEEIEND 
 


   ***************************************************** 
   *                 Radiation Summary                 * 
   ***************************************************** 
 
  Energy released by
    Gamma-ray                       (MeV) =   1.13642E-01
    X-ray                           (MeV) =   7.87008E-03
    Free-bound X-ray                (MeV) =   3.30359E-05
    Annihilation photon             (MeV) =   0.00000E+00
    Beta+ particle                  (MeV) =   0.00000E+00
    Neutrino                        (MeV) =   0.00000E+00
    Beta- particle                  (MeV) =   3.89967E-01
    Neutrino-                       (MeV) =   7.65534E-01
    Internal conv. electron         (MeV) =   2.98721E-02
    Auger and CK electron           (MeV) =   1.25725E-03
    Alpha particle                  (MeV) =   0.00000E+00
    Recoil nucleus                  (MeV) =   0.00000E+00
  E-total (except unplaced radiat.) (MeV) =   1.30818E+00
  E-unplaced radiation              (MeV) =   0.00000E+00
  Q-value from ENSDF data           (MeV) =   1.30700E+00
  Ratio of E-total/Q-value          ( % ) =   1.00090E+02
  Ratio of E-unplaced radi./Q-value ( % ) =   0.00000E+00

 
  Total yield of
    Gamma-ray                             =   3.42550E-01
    X-ray                                 =   1.43229E-01
    Free-bound X-ray                      =   1.59304E+00
    Annihilation photon                   =   0.00000E+00
    Beta+ particle                        =   0.00000E+00
    Beta- particle                        =   1.00000E+00
    Internal conv. electron               =   1.26243E-01
    Auger and CK electron                 =   1.45334E+00
    Alpha particle                        =   0.00000E+00
  Yield of unplaced radiation             =   0.00000E+00


