%%%% 122 I   53    EC B+        2.17800E+02 3.63 M     02-11-2005       BALASTAR
1 122   I   53 3.63 M          EC B+      
1INTENSITY AND ENERGY BALANCE DATA

              122-IODINE-53
+                                    HALFLIFE = 3.63 MINUTES 
+                                                                  02-11-2005


    LEVEL       INTENSITY   INTENSITY
    ENERGY      ENTERING    LEAVING     PERCENT
    (MEV)       LEVEL       LEVEL       ERROR

   0.0000E+00  1.0035E+02
   5.6412E-01  1.7780E+01  1.8106E+01  1.8152E+00                      
   1.1814E+00  1.2322E-02  2.5136E-02  6.8421E+01  ********************
   1.2569E+00  1.6336E+00  1.6424E+00  5.3809E-01                      
   1.3574E+00  1.3254E+00  1.3302E+00  3.6556E-01                      
   1.7529E+00  8.0858E-02  8.0699E-02  1.9782E-01                      
   1.9406E+00  8.3853E-01  8.3839E-01  1.6955E-02                      
   2.0992E+00  6.4000E-02  6.4479E-02  7.4544E-01                      
   2.2874E+00  4.4422E-02  4.3583E-02  1.9064E+00                      
   2.3111E+00  3.6636E-01  3.6606E-01  8.1755E-02                      
   2.4079E+00  1.0187E-01  1.0193E-01  5.9356E-02                      
   2.5085E+00  4.0230E-02  3.9978E-02  6.2820E-01                      
   2.5939E+00  5.2907E-02  5.3490E-02  1.0960E+00                      
   2.7193E+00  5.6371E-02  5.6357E-02  2.6219E-02                      
   2.7564E+00  4.3194E-01  4.2534E-01  1.5400E+00                      
   2.9110E+00  1.6990E-02  1.7285E-02  1.7208E+00                      
   3.0449E+00  3.1944E-02  3.2243E-02  9.3149E-01                      
   3.0521E+00  1.9965E-02  2.0167E-02  1.0065E+00                      
   3.1496E+00  4.3923E-02  4.3750E-02  3.9500E-01                      
   3.3026E+00  1.1979E-02  1.1703E-02  2.3348E+00                      
   3.4835E+00  3.0946E-02  3.1328E-02  1.2259E+00                      
   3.5909E+00  5.1909E-02  5.2251E-02  6.5644E-01                      


 INTENSITY TO GROUND AND ISOMERIC STATE(S) OF DAUGHTER(S)=  1.003E+02
 TOTAL INTENSITY FROM PARENT=  1.000E+02
 PERCENT ERROR =  3.449E-01                      


 TOTAL INTENSITY FROM PARENT =  1.000E+02
 VALUE IS WITHIN   1.53E-05% OF 100                      


 TOTAL ENERGY AVAILABLE =  4.234E+00 MEV
 TOTAL ENERGY CONTENT OF ALL RADIATIONS =  4.236E+00 MEV
 PERCENT ERROR =  4.737E-02                      
%%%% 122 I   53    EC B+        2.17800E+02 3.63 M     02-11-2005       BALAEND 
%%%% 122 I   53    EC B+        2.17800E+02 3.63 M     02-11-2005       INPUSTAR
1                                      **INPUT DATA**
              122-IODINE-53
+                                    HALFLIFE = 3.63 MINUTES 
+                                                                  02-11-2005

            MODES OF DECAY: ELECTRON CAPTURE, BETA PLUS
 
                                MEAN
                                NUMBER/    TRANSITION
                TYPE OF    ID   TRANSFOR-  ENERGY
              TRANSITION   NO.  MATION     (MEV)       OTHER NUCLEAR PARAMETERS

           ELECT. CAPTURE   1   5.19E-04   6.431E-01   ALLOWED                                  
           ELECT. CAPTURE   2   3.09E-04   7.505E-01   ALLOWED                                  
+                                                              ASSUMED                          
           ELECT. CAPTURE   3   1.20E-04   9.314E-01   ALLOWED                                  
           ELECT. CAPTURE   4   4.39E-04   1.084E+00   ALLOWED                                  
+                                                              ASSUMED                          
           ELECT. CAPTURE   5   2.00E-04   1.182E+00   ALLOWED                                  
+                                                              ASSUMED                          
           ELECT. CAPTURE   6   3.19E-04   1.189E+00   ALLOWED                                  
+                                                              ASSUMED                          
           ELECT. CAPTURE   7   1.70E-04   1.323E+00   ALLOWED                                  
+                                                              ASSUMED                          
           ELECT. CAPTURE   8   4.29E-03   1.478E+00   ALLOWED                                  
           ELECT. CAPTURE   9   5.59E-04   1.515E+00   ALLOWED                                  
+                                                              ASSUMED                          
           ELECT. CAPTURE  10   5.19E-04   1.640E+00   ALLOWED                                  
           ELECT. CAPTURE  11   3.89E-04   1.725E+00   ALLOWED                                  
           ELECT. CAPTURE  12   6.29E-04   1.826E+00   ALLOWED                                  
           ELECT. CAPTURE  13   3.39E-03   1.923E+00   ALLOWED                                  
+                                                              ASSUMED                          
           ELECT. CAPTURE  14   4.09E-04   1.947E+00   ALLOWED                                  
+                                                              ASSUMED                          
           ELECT. CAPTURE  15   4.79E-04   2.135E+00   ALLOWED                                  
+                                                              ASSUMED                          
           ELECT. CAPTURE  16   6.69E-03   2.293E+00   ALLOWED                                  
           ELECT. CAPTURE  17   5.79E-04   2.481E+00   ALLOWED                                  
           ELECT. CAPTURE  18   6.99E-03   2.877E+00   ALLOWED                                  
           ELECT. CAPTURE  19   3.19E-03   2.977E+00   ALLOWED                                  
           ELECT. CAPTURE  20   3.99E-02   3.670E+00   ALLOWED                                  
           ELECT. CAPTURE  21   1.50E-01   4.234E+00   ALLOWED                                  
                BETA PLUS   1   2.00E-07   3.010E-01*  ALLOWED                                  
+                                                              ASSUMED                          
                BETA PLUS   2   2.70E-05   4.556E-01*  ALLOWED                                  
                BETA PLUS   3   4.69E-06   4.927E-01*  ALLOWED                                  
+                                                              ASSUMED                          
                BETA PLUS   4   9.98E-06   6.181E-01*  ALLOWED                                  
                BETA PLUS   5   1.30E-05   7.035E-01*  ALLOWED                                  
                BETA PLUS   6   3.29E-05   8.041E-01*  ALLOWED                                  
                BETA PLUS   7   2.70E-04   9.010E-01*  ALLOWED                                  
+                                                              ASSUMED                          
                BETA PLUS   8   3.49E-05   9.246E-01*  ALLOWED                                  
+                                                              ASSUMED                          
                BETA PLUS   9   7.79E-05   1.113E+00*  ALLOWED                                  
+                                                              ASSUMED                          
                BETA PLUS  10   1.70E-03   1.271E+00*  ALLOWED                                  
                BETA PLUS  11   2.30E-04   1.459E+00*  ALLOWED                                  
                BETA PLUS  12   5.99E-03   1.855E+00*  ALLOWED                                  
                BETA PLUS  13   3.09E-03   1.955E+00*  ALLOWED                                  
                BETA PLUS  14   9.98E-02   2.648E+00*  ALLOWED                                  
                BETA PLUS  15   6.69E-01   3.212E+00*  ALLOWED                                  
           I.C.E. + GAMMA   1   1.81E-01   5.641E-01   E2 MULTIPOLE                             
+                                                                    AK= 0.00503                
           I.C.E. + GAMMA   2   1.17E-05   5.831E-01   E0 MULTIPOLE                             
                                                       K/L1/M/N+ =                              
                                                       100./12.4/2.47/0.593                     
           I.C.E. + GAMMA   3   2.51E-04   6.173E-01   E2 MULTIPOLE                             
+                                                                    AK= 0.00397                
           I.C.E. + GAMMA   4   7.98E-03   6.836E-01   E2 MULTIPOLE                             
+                                                                    AK= 0.00306                
           I.C.E. + GAMMA   5   1.36E-02   6.928E-01   M1 MULTIPOLE                             
+                                                                    AK= 0.00379                
           I.C.E. + GAMMA   6   1.33E-02   7.933E-01   E2 MULTIPOLE                             
+                                                                    AK= 0.00213                
           I.C.E. + GAMMA   7   8.30E-05   9.458E-01   M1 MULTIPOLE ASSUMED                     
                                                       AK= 0.00184                              
           I.C.E. + GAMMA   8   1.55E-04   9.534E-01   M1 MULTIPOLE ASSUMED                     
                                                       AK= 0.00181                              
           I.C.E. + GAMMA   9   8.82E-05   1.004E+00   UNPLACED GAMMA                           
           I.C.E. + GAMMA  10   1.23E-04   1.130E+00   M3 MULTIPOLE ASSUMED                     
                                                       AK= 0.00571                              
           I.C.E. + GAMMA  11   3.57E-04   1.183E+00   M1 MULTIPOLE                             
+                                                                    AK= 0.00111                
           I.C.E. + GAMMA  12   2.61E-04   1.189E+00   M1 MULTIPOLE                             
+                                                                    AK= 0.00110                
           I.C.E. + GAMMA  13   2.81E-03   1.257E+00   E2 MULTIPOLE                             
           I.C.E. + GAMMA  14   1.64E-04   1.337E+00   M1 MULTIPOLE                             
           I.C.E. + GAMMA  15   1.35E-04   1.357E+00   UNPLACED GAMMA                           
           I.C.E. + GAMMA  16   3.60E-06   1.357E+00   E0 MULTIPOLE                             
                                                       K/L1/M/N+ =                              
                                                       100./12.1/2.40/0.571                     
           I.C.E. + GAMMA  17   3.80E-04   1.376E+00   E2 MULTIPOLE                             
           I.C.E. + GAMMA  18   1.59E-03   1.500E+00   E2 MULTIPOLE                             
           I.C.E. + GAMMA  19   6.45E-04   1.535E+00   E2 MULTIPOLE ASSUMED                     
           I.C.E. + GAMMA  20   9.54E-05   1.640E+00   UNPLACED GAMMA                           
           I.C.E. + GAMMA  21   3.80E-04   1.723E+00   M1 MULTIPOLE ASSUMED                     
           I.C.E. + GAMMA  22   2.14E-04   1.734E+00   UNPLACED GAMMA                           
           I.C.E. + GAMMA  23   3.33E-03   1.747E+00   M1 MULTIPOLE ASSUMED                     
           I.C.E. + GAMMA  24   5.46E-04   1.753E+00   E2 MULTIPOLE                             
           I.C.E. + GAMMA  25   1.03E-04   1.795E+00   E2 MULTIPOLE ASSUMED                     
           I.C.E. + GAMMA  26   1.02E-03   1.844E+00   M1 MULTIPOLE                             
           I.C.E. + GAMMA  27   6.30E-05   1.898E+00   UNPLACED GAMMA                           
           I.C.E. + GAMMA  28   7.74E-05   1.936E+00   UNPLACED GAMMA                           
           I.C.E. + GAMMA  29   7.74E-06   1.941E+00   E0 MULTIPOLE                             
                                                       K/L1/M/N+ =                              
                                                       100./11.9/2.37/0.556                     
           I.C.E. + GAMMA  30   4.00E-04   1.944E+00   M1 MULTIPOLE                             
           I.C.E. + GAMMA  31   3.35E-04   2.030E+00   M1 MULTIPOLE                             
           I.C.E. + GAMMA  32   2.97E-04   2.155E+00   M1 MULTIPOLE ASSUMED                     
           I.C.E. + GAMMA  33   2.66E-03   2.192E+00   E2 MULTIPOLE                             
           I.C.E. + GAMMA  34   1.51E-04   2.227E+00   E2 MULTIPOLE ASSUMED                     
           I.C.E. + GAMMA  35   1.10E-04   2.233E+00   M1 MULTIPOLE                             
           I.C.E. + GAMMA  36   5.58E-05   2.288E+00   M1 MULTIPOLE ASSUMED                     
           I.C.E. + GAMMA  37   5.04E-05   2.311E+00   M1 MULTIPOLE ASSUMED                     
           I.C.E. + GAMMA  38   5.58E-05   2.334E+00   M1 MULTIPOLE                             
           I.C.E. + GAMMA  39   1.73E-04   2.347E+00   M1 MULTIPOLE ASSUMED                     
           I.C.E. + GAMMA  40   1.82E-04   2.481E+00   E2 MULTIPOLE ASSUMED                     
           I.C.E. + GAMMA  41   9.90E-05   2.488E+00   E2 MULTIPOLE ASSUMED                     
           I.C.E. + GAMMA  42   4.37E-04   2.585E+00   E2 MULTIPOLE ASSUMED                     
           I.C.E. + GAMMA  43   3.60E-05   2.593E+00   M1 MULTIPOLE                             
           I.C.E. + GAMMA  44   2.66E-04   2.719E+00   M1 MULTIPOLE ASSUMED                     
           I.C.E. + GAMMA  45   1.17E-04   2.738E+00   M1 MULTIPOLE                             
           I.C.E. + GAMMA  46   1.62E-04   2.919E+00   E2 MULTIPOLE ASSUMED                     
           I.C.E. + GAMMA  47   8.46E-05   2.983E+00   UNPLACED GAMMA                           
           I.C.E. + GAMMA  48   5.76E-05   3.045E+00   M1 MULTIPOLE ASSUMED                     
           I.C.E. + GAMMA  49   5.76E-05   3.208E+00   UNPLACED GAMMA                           
           I.C.E. + GAMMA  50   4.14E-05   3.289E+00   UNPLACED GAMMA                           
 
           * ENDPOINT ENERGY (MEV)
           - - - - - - - - - -
           Reference: Evaluated Nuclear Structure Data File (ENSDF)
                DATE DATA WERE ENTERED INTO ENSDF: Jul-1994
%%%% 122 I   53    EC B+        2.17800E+02 3.63 M     02-11-2005       INPUEND 
%%%% 122 I   53    EC B+        2.17800E+02 3.63 M     02-11-2005       OUTPSTAR
1                                      **OUTPUT DATA**
              122-IODINE-53
+                                    HALFLIFE = 3.63 MINUTES 
+                                                                  02-11-2005

            MODES OF DECAY: ELECTRON CAPTURE, BETA PLUS
 
                                              MEAN
                                              NUMBER/                  MEV/
                                         ID   TRANSFOR-   ENERGY       TRANSFOR-
                  TYPE OF RADIATION      NO.  MATION      (MEV)        MATION

           BETA PLUS                     12   5.99E-03    8.313E-01*   4.98E-03
           BETA PLUS                     13   3.09E-03    8.770E-01*   2.71E-03
           BETA PLUS                     14   9.98E-02    1.195E+00*   1.19E-01
           BETA PLUS                     15   6.69E-01    1.458E+00*   9.75E-01
           ANNIHILATION RADIATION             1.56E+00    5.110E-01    7.97E-01
           GAMMA-RAY                      1   1.80E-01    5.641E-01    1.02E-01
           GAMMA-RAY                      4   7.96E-03    6.836E-01    5.44E-03
           GAMMA-RAY                      5   1.36E-02    6.928E-01    9.39E-03
           GAMMA-RAY                      6   1.33E-02    7.933E-01    1.05E-02
           GAMMA-RAY                     13   2.81E-03    1.257E+00    3.53E-03
           GAMMA-RAY                     18   1.59E-03    1.500E+00    2.38E-03
           GAMMA-RAY                     19   6.44E-04    1.535E+00    9.89E-04
           GAMMA-RAY                     23   3.33E-03    1.747E+00    5.82E-03
           GAMMA-RAY                     26   1.02E-03    1.844E+00    1.88E-03
           GAMMA-RAY                     33   2.66E-03    2.192E+00    5.84E-03
           GAMMA-RAY                     42   4.37E-04    2.585E+00    1.13E-03
           K -L2 X-RAY                        4.79E-02    2.719E-02    1.30E-03
           K -L3 X-RAY                        8.91E-02    2.747E-02    2.45E-03
 
           ALL LISTED X-RAYS, GAMMA-RAYS AND ANNIHILATION RADIATION    9.50E-01
           ALL NEGLECTED X-RAYS, GAMMA-RAYS AND ANNIH. RADIATION**     1.24E-02
           ALL LISTED BETAS, INTERNAL CONVERSION AND AUGER ELECTRONS   1.10E+00
           ALL NEGLECTED BETAS, INT. CONVERSION AND AUGER ELECTRONS**  3.38E-03
           ALL LISTED RADIATIONS                                       2.05E+00
           ALL NEGLECTED RADIATIONS**                                  1.58E-02
 
           *  AVERAGE ENERGY (MEV)
           ** EACH NEGLECTED TRANSITION CONTRIBUTES LESS THAN  0.100%
              TO THE TOTAL MEV/TRANSFORMATION FOR THIS CATEGORY.
           TOTAL FEEDING OF GROUND STATE LEVEL IN 122-TELLURIUM
             DAUGHTER IS 1.0000E+00 PER TRANSFORMATION OF 122-IODINE.
             THIS DAUGHTER GROUND STATE IS STABLE.
           - - - - - - - - - -
           INPUT DATA SOURCE: EVALUATED NUCLEAR STRUCTURE DATA FILE (ENSDF)
             DATE INPUT DATA WERE ENTERED INTO ENSDF: Jul-1994
%%%% 122 I   53    EC B+        2.17800E+02 3.63 M     02-11-2005       OUTPEND 
%%%% 122 I   53    EC B+        2.17800E+02 3.63 M     02-11-2005       BETASTAR
1
              122-IODINE-53
+                                    HALFLIFE = 3.63 MINUTES 
+                                                                  02-11-2005

            BETA SPECTRUM DATA FOR ALL DECAY BRANCHES

                      BETAS PER                BETAS PER                BETAS PER
            ENERGY    MEV            ENERGY    MEV            ENERGY    MEV
            (MEV)     PER DECAY      (MEV)     PER DECAY      (MEV)     PER DECAY

            0.00000   0.000E+00      0.00320   5.775E-07      0.12000   3.928E-02
            0.00010   0.000E+00      0.00360   1.147E-06      0.13000   4.455E-02
            0.00011   0.000E+00      0.00400   2.022E-06      0.14000   4.991E-02
            0.00012   0.000E+00      0.00450   3.643E-06      0.15000   5.534E-02
            0.00013   0.000E+00      0.00500   5.961E-06      0.16000   6.082E-02
            0.00014   0.000E+00      0.00550   9.089E-06      0.18000   7.188E-02
            0.00015   0.000E+00      0.00600   1.313E-05      0.20000   8.301E-02
            0.00016   0.000E+00      0.00650   1.819E-05      0.22000   9.416E-02
            0.00018   0.000E+00      0.00700   2.434E-05      0.24000   1.053E-01
            0.00020   0.000E+00      0.00750   3.170E-05      0.26000   1.164E-01
            0.00022   0.000E+00      0.00800   4.032E-05      0.28000   1.274E-01
            0.00024   0.000E+00      0.00850   5.030E-05      0.30000   1.383E-01
            0.00026   0.000E+00      0.00900   6.171E-05      0.32000   1.491E-01
            0.00028   0.000E+00      0.01000   8.906E-05      0.36000   1.703E-01
            0.00030   0.000E+00      0.01100   1.229E-04      0.40000   1.910E-01
            0.00032   0.000E+00      0.01200   1.636E-04      0.45000   2.159E-01
            0.00036   3.824E-27      0.01300   2.116E-04      0.50000   2.398E-01
            0.00040   2.529E-25      0.01400   2.673E-04      0.55000   2.626E-01
            0.00045   2.600E-23      0.01500   3.308E-04      0.60000   2.841E-01
            0.00050   1.467E-21      0.01600   4.024E-04      0.65000   3.044E-01
            0.00055   4.850E-20      0.01800   5.706E-04      0.70000   3.233E-01
            0.00060   1.004E-18      0.02000   7.729E-04      0.75000   3.408E-01
            0.00065   1.388E-17      0.02200   1.010E-03      0.80000   3.569E-01
            0.00070   1.359E-16      0.02400   1.281E-03      0.85000   3.716E-01
            0.00075   9.931E-16      0.02600   1.587E-03      0.90000   3.848E-01
            0.00080   5.666E-15      0.02800   1.927E-03      1.00000   4.067E-01
            0.00085   2.623E-14      0.03000   2.300E-03      1.10000   4.224E-01
            0.00090   1.017E-13      0.03200   2.706E-03      1.20000   4.321E-01
            0.00100   9.968E-13      0.03600   3.610E-03      1.30000   4.359E-01
            0.00110   6.272E-12      0.04000   4.633E-03      1.40000   4.337E-01
            0.00120   2.838E-11      0.04500   6.063E-03      1.50000   4.257E-01
            0.00130   1.000E-10      0.05000   7.648E-03      1.60000   4.124E-01
            0.00140   2.906E-10      0.05500   9.370E-03      1.80000   3.715E-01
            0.00150   7.253E-10      0.06000   1.122E-02      2.00000   3.154E-01
            0.00160   1.603E-09      0.06500   1.317E-02      2.20000   2.487E-01
            0.00180   5.939E-09      0.07000   1.523E-02      2.40000   1.780E-01
            0.00200   1.679E-08      0.07500   1.737E-02      2.60000   1.118E-01
            0.00220   3.922E-08      0.08000   1.959E-02      2.80000   5.714E-02
            0.00240   7.961E-08      0.08500   2.187E-02      3.00000   1.697E-02
            0.00260   1.454E-07      0.09000   2.422E-02      3.20000   6.061E-05
            0.00280   2.446E-07      0.10000   2.908E-02      3.21200   0.000E+00
            0.00300   3.858E-07      0.11000   3.411E-02

            AVERAGE BETA ENERGY =   1.414E+00

            TOTAL BETAS PER DECAY FOR ALL BRANCHES =   7.801E-01
%%%% 122 I   53    EC B+        2.17800E+02 3.63 M     02-11-2005       BETAEND 
%%%% 122 I   53    EC B+        2.17800E+02 3.63 M     02-11-2005       SEEISTAR
122.  IODINE       53.  3.630E+00 MINUTES  368 EC B+                122.I  53.   0
 4 1  1.99650E-05  1.43932E-01  3.00990E-01  0.00000E+00            122.I  53.   1   1
 4 2  2.69528E-03  2.11576E-01  4.55580E-01  0.00000E+00            122.I  53.   2   2
 4 3  4.69179E-04  2.27743E-01  4.92710E-01  0.00000E+00            122.I  53.   3   3
 4 4  9.98252E-04  2.82308E-01  6.18130E-01  0.00000E+00            122.I  53.   4   4
 4 5  1.29773E-03  3.19477E-01  7.03490E-01  0.00000E+00            122.I  53.   5   5
 4 6  3.29423E-03  3.63373E-01  8.04080E-01  0.00000E+00            122.I  53.   6   6
 4 7  2.69528E-02  4.05775E-01  9.00950E-01  0.00000E+00            122.I  53.   7   7
 4 8  3.49388E-03  4.16140E-01  9.24580E-01  0.00000E+00            122.I  53.   8   8
 4 9  7.78637E-03  4.99022E-01  1.11280E+00  0.00000E+00            122.I  53.   9   9
 410  1.69703E-01  5.69345E-01  1.27145E+00  0.00000E+00            122.I  53.  10  10
 411  2.29598E-02  6.53093E-01  1.45915E+00  0.00000E+00            122.I  53.  11  11
 412  5.98951E-01  8.31336E-01  1.85458E+00  0.00000E+00            122.I  53.  12  12
 413  3.09458E-01  8.77005E-01  1.95509E+00  0.00000E+00            122.I  53.  13  13
 414  9.98252E+00  1.19520E+00  2.64788E+00  0.00000E+00            122.I  53.  14  14
 415  6.68829E+01  1.45798E+00  3.21200E+00  0.00000E+00            122.I  53.  15  15
 3 3  1.56027E+02  5.11000E-01  5.11000E-01  0.00000E+00            122.I  53.  16   3
 1 1  1.80000E+01  5.64119E-01  5.64119E-01  0.00000E+00            122.I  53.  17   1
 6 1  9.04669E-02  5.32314E-01  5.32314E-01  1.00000E+00            122.I  53.  18   1
 6 5  1.01875E-02  5.59205E-01  5.59205E-01  1.00000E+00            122.I  53.  19   5
 6 6  1.32439E-03  5.59501E-01  5.59501E-01  1.00000E+00            122.I  53.  20   6
 6 7  9.41652E-04  5.59779E-01  5.59779E-01  1.00000E+00            122.I  53.  21   7
 6 3  2.50666E-03  5.63304E-01  5.63304E-01  1.00000E+00            122.I  53.  22   3
 6 4  5.91086E-04  5.64119E-01  5.64119E-01  1.00000E+00            122.I  53.  23   4
 1 2  0.00000E+00  5.83100E-01  5.83100E-01  0.00000E+00            122.I  53.  24   2
 6 1  1.01330E-03  5.51295E-01  5.51295E-01  2.00000E+00            122.I  53.  25   1
 6 5  1.25629E-04  5.78186E-01  5.78186E-01  2.00000E+00            122.I  53.  26   5
 6 3  2.50659E-05  5.82285E-01  5.82285E-01  2.00000E+00            122.I  53.  27   3
 6 4  6.00575E-06  5.83100E-01  5.83100E-01  2.00000E+00            122.I  53.  28   4
 1 3  2.50200E-02  6.17340E-01  6.17340E-01  0.00000E+00            122.I  53.  29   3
 6 1  9.92165E-05  5.85535E-01  5.85535E-01  3.00000E+00            122.I  53.  30   1
 6 5  1.12219E-05  6.12426E-01  6.12426E-01  3.00000E+00            122.I  53.  31   5
 6 6  1.29634E-06  6.12722E-01  6.12722E-01  3.00000E+00            122.I  53.  32   6
 6 7  9.05290E-07  6.13000E-01  6.13000E-01  3.00000E+00            122.I  53.  33   7
 6 3  2.69729E-06  6.16525E-01  6.16525E-01  3.00000E+00            122.I  53.  34   3
 6 4  6.37763E-07  6.17340E-01  6.17340E-01  3.00000E+00            122.I  53.  35   4
 1 4  7.95600E-01  6.83647E-01  6.83647E-01  0.00000E+00            122.I  53.  36   4
 6 1  2.43357E-03  6.51842E-01  6.51842E-01  4.00000E+00            122.I  53.  37   1
 6 5  2.76381E-04  6.78733E-01  6.78733E-01  4.00000E+00            122.I  53.  38   5
 6 6  2.79114E-05  6.79029E-01  6.79029E-01  4.00000E+00            122.I  53.  39   6
 6 7  1.91653E-05  6.79307E-01  6.79307E-01  4.00000E+00            122.I  53.  40   7
 6 3  6.48666E-05  6.82832E-01  6.82832E-01  4.00000E+00            122.I  53.  41   3
 6 4  1.53844E-05  6.83647E-01  6.83647E-01  4.00000E+00            122.I  53.  42   4
 1 5  1.35540E+00  6.92794E-01  6.92794E-01  0.00000E+00            122.I  53.  43   5
 6 1  5.13586E-03  6.60989E-01  6.60989E-01  5.00000E+00            122.I  53.  44   1
 6 5  6.04156E-04  6.87880E-01  6.87880E-01  5.00000E+00            122.I  53.  45   5
 6 6  2.17108E-05  6.88176E-01  6.88176E-01  5.00000E+00            122.I  53.  46   6
 6 7  6.49670E-06  6.88454E-01  6.88454E-01  5.00000E+00            122.I  53.  47   7
 6 3  1.26290E-04  6.91979E-01  6.91979E-01  5.00000E+00            122.I  53.  48   3
 6 4  3.02792E-05  6.92794E-01  6.92794E-01  5.00000E+00            122.I  53.  49   4
 1 6  1.32660E+00  7.93278E-01  7.93278E-01  0.00000E+00            122.I  53.  50   6
 6 1  2.82937E-03  7.61473E-01  7.61473E-01  6.00000E+00            122.I  53.  51   1
 6 5  3.22458E-04  7.88364E-01  7.88364E-01  6.00000E+00            122.I  53.  52   5
 6 6  2.67484E-05  7.88660E-01  7.88660E-01  6.00000E+00            122.I  53.  53   6
 6 7  1.80637E-05  7.88938E-01  7.88938E-01  6.00000E+00            122.I  53.  54   7
 6 3  7.34282E-05  7.92463E-01  7.92463E-01  6.00000E+00            122.I  53.  55   3
 6 4  1.74866E-05  7.93278E-01  7.93278E-01  6.00000E+00            122.I  53.  56   4
 1 7  8.28000E-03  9.45780E-01  9.45780E-01  0.00000E+00            122.I  53.  57   7
 6 1  1.52235E-05  9.13975E-01  9.13975E-01  7.00000E+00            122.I  53.  58   1
 6 5  1.78638E-06  9.40866E-01  9.40866E-01  7.00000E+00            122.I  53.  59   5
 6 6  5.44167E-08  9.41162E-01  9.41162E-01  7.00000E+00            122.I  53.  60   6
 6 7  1.82417E-08  9.41440E-01  9.41440E-01  7.00000E+00            122.I  53.  61   7
 6 3  3.70359E-07  9.44965E-01  9.44965E-01  7.00000E+00            122.I  53.  62   3
 6 4  8.91046E-08  9.45780E-01  9.45780E-01  7.00000E+00            122.I  53.  63   4
 1 8  1.54800E-02  9.53370E-01  9.53370E-01  0.00000E+00            122.I  53.  64   8
 6 1  2.79479E-05  9.21565E-01  9.21565E-01  8.00000E+00            122.I  53.  65   1
 6 5  3.27929E-06  9.48456E-01  9.48456E-01  8.00000E+00            122.I  53.  66   5
 6 6  9.94502E-08  9.48752E-01  9.48752E-01  8.00000E+00            122.I  53.  67   6
 6 7  3.34588E-08  9.49030E-01  9.49030E-01  8.00000E+00            122.I  53.  68   7
 6 3  6.79726E-07  9.52555E-01  9.52555E-01  8.00000E+00            122.I  53.  69   3
 6 4  1.63552E-07  9.53370E-01  9.53370E-01  8.00000E+00            122.I  53.  70   4
 1 9  8.82000E-03  1.00430E+00  1.00430E+00  0.00000E+00            122.I  53.  71   9
 110  1.22400E-02  1.12971E+00  1.12971E+00  0.00000E+00            122.I  53.  72  10
 6 1  6.98744E-05  1.09790E+00  1.09790E+00  1.00000E+01            122.I  53.  73   1
 6 5  8.59828E-06  1.12480E+00  1.12480E+00  1.00000E+01            122.I  53.  74   5
 6 6  5.38912E-07  1.12509E+00  1.12509E+00  1.00000E+01            122.I  53.  75   6
 6 7  1.68344E-07  1.12537E+00  1.12537E+00  1.00000E+01            122.I  53.  76   7
 6 3  1.87953E-06  1.12890E+00  1.12890E+00  1.00000E+01            122.I  53.  77   3
 6 4  4.41499E-07  1.12971E+00  1.12971E+00  1.00000E+01            122.I  53.  78   4
 111  3.56400E-02  1.18300E+00  1.18300E+00  0.00000E+00            122.I  53.  79  11
 6 1  3.96604E-05  1.15120E+00  1.15120E+00  1.10000E+01            122.I  53.  80   1
 6 5  4.64012E-06  1.17809E+00  1.17809E+00  1.10000E+01            122.I  53.  81   5
 6 6  1.24411E-07  1.17838E+00  1.17838E+00  1.10000E+01            122.I  53.  82   6
 6 7  4.67327E-08  1.17866E+00  1.17866E+00  1.10000E+01            122.I  53.  83   7
 6 3  9.56476E-07  1.18219E+00  1.18219E+00  1.10000E+01            122.I  53.  84   3
 6 4  2.28371E-07  1.18300E+00  1.18300E+00  1.10000E+01            122.I  53.  85   4
 112  2.61000E-02  1.18876E+00  1.18876E+00  0.00000E+00            122.I  53.  86  12
 6 1  2.87343E-05  1.15696E+00  1.15696E+00  1.20000E+01            122.I  53.  87   1
 6 5  3.36152E-06  1.18385E+00  1.18385E+00  1.20000E+01            122.I  53.  88   5
 6 6  8.98741E-08  1.18414E+00  1.18414E+00  1.20000E+01            122.I  53.  89   6
 6 7  3.38526E-08  1.18442E+00  1.18442E+00  1.20000E+01            122.I  53.  90   7
 6 3  6.92838E-07  1.18795E+00  1.18795E+00  1.20000E+01            122.I  53.  91   3
 6 4  1.65409E-07  1.18876E+00  1.18876E+00  1.20000E+01            122.I  53.  92   4
 113  2.80800E-01  1.25690E+00  1.25690E+00  0.00000E+00            122.I  53.  93  13
 6 1  2.18639E-04  1.22510E+00  1.22510E+00  1.30000E+01            122.I  53.  94   1
 6 5  2.50013E-05  1.25199E+00  1.25199E+00  1.30000E+01            122.I  53.  95   5
 6 6  1.13530E-06  1.25228E+00  1.25228E+00  1.30000E+01            122.I  53.  96   6
 6 7  7.74645E-07  1.25256E+00  1.25256E+00  1.30000E+01            122.I  53.  97   7
 6 3  5.34469E-06  1.25609E+00  1.25609E+00  1.30000E+01            122.I  53.  98   3
 6 4  1.24950E-06  1.25690E+00  1.25690E+00  1.30000E+01            122.I  53.  99   4
 114  1.63800E-02  1.33701E+00  1.33701E+00  0.00000E+00            122.I  53. 100  14
 6 1  1.39393E-05  1.30520E+00  1.30520E+00  1.40000E+01            122.I  53. 101   1
 6 5  1.62707E-06  1.33210E+00  1.33210E+00  1.40000E+01            122.I  53. 102   5
 6 6  4.05899E-08  1.33239E+00  1.33239E+00  1.40000E+01            122.I  53. 103   6
 6 7  1.63999E-08  1.33267E+00  1.33267E+00  1.40000E+01            122.I  53. 104   7
 6 3  3.34495E-07  1.33620E+00  1.33620E+00  1.40000E+01            122.I  53. 105   3
 6 4  7.96592E-08  1.33701E+00  1.33701E+00  1.40000E+01            122.I  53. 106   4
 115  1.35000E-02  1.35694E+00  1.35694E+00  0.00000E+00            122.I  53. 107  15
 116  0.00000E+00  1.35740E+00  1.35740E+00  0.00000E+00            122.I  53. 108  16
 6 1  3.12924E-04  1.32560E+00  1.32560E+00  1.60000E+01            122.I  53. 109   1
 6 5  3.77854E-05  1.35249E+00  1.35249E+00  1.60000E+01            122.I  53. 110   5
 6 3  7.50448E-06  1.35659E+00  1.35659E+00  1.60000E+01            122.I  53. 111   3
 6 4  1.78650E-06  1.35740E+00  1.35740E+00  1.60000E+01            122.I  53. 112   4
 117  3.79800E-02  1.37640E+00  1.37640E+00  0.00000E+00            122.I  53. 113  17
 6 1  2.46403E-05  1.34460E+00  1.34460E+00  1.70000E+01            122.I  53. 114   1
 6 5  2.81981E-06  1.37149E+00  1.37149E+00  1.70000E+01            122.I  53. 115   5
 6 6  1.14054E-07  1.37178E+00  1.37178E+00  1.70000E+01            122.I  53. 116   6
 6 7  7.90118E-08  1.37206E+00  1.37206E+00  1.70000E+01            122.I  53. 117   7
 6 3  5.98230E-07  1.37559E+00  1.37559E+00  1.70000E+01            122.I  53. 118   3
 6 4  1.39207E-07  1.37640E+00  1.37640E+00  1.70000E+01            122.I  53. 119   4
 118  1.58760E-01  1.49950E+00  1.49950E+00  0.00000E+00            122.I  53. 120  18
 6 1  8.70568E-05  1.46769E+00  1.46769E+00  1.80000E+01            122.I  53. 121   1
 6 5  9.97652E-06  1.49459E+00  1.49459E+00  1.80000E+01            122.I  53. 122   5
 6 6  3.62355E-07  1.49488E+00  1.49488E+00  1.80000E+01            122.I  53. 123   6
 6 7  2.55852E-07  1.49516E+00  1.49516E+00  1.80000E+01            122.I  53. 124   7
 6 3  2.10424E-06  1.49869E+00  1.49869E+00  1.80000E+01            122.I  53. 125   3
 6 4  4.87292E-07  1.49950E+00  1.49950E+00  1.80000E+01            122.I  53. 126   4
 119  6.44400E-02  1.53508E+00  1.53508E+00  0.00000E+00            122.I  53. 127  19
 6 1  3.37668E-05  1.50328E+00  1.50328E+00  1.90000E+01            122.I  53. 128   1
 6 5  3.87162E-06  1.53017E+00  1.53017E+00  1.90000E+01            122.I  53. 129   5
 6 6  1.36578E-07  1.53046E+00  1.53046E+00  1.90000E+01            122.I  53. 130   6
 6 7  9.70207E-08  1.53074E+00  1.53074E+00  1.90000E+01            122.I  53. 131   7
 6 3  8.15483E-07  1.53427E+00  1.53427E+00  1.90000E+01            122.I  53. 132   3
 6 4  1.88584E-07  1.53508E+00  1.53508E+00  1.90000E+01            122.I  53. 133   4
 120  9.54000E-03  1.64017E+00  1.64017E+00  0.00000E+00            122.I  53. 134  20
 121  3.79800E-02  1.72329E+00  1.72329E+00  0.00000E+00            122.I  53. 135  21
 6 1  1.87908E-05  1.69149E+00  1.69149E+00  2.10000E+01            122.I  53. 136   1
 6 5  2.17902E-06  1.71838E+00  1.71838E+00  2.10000E+01            122.I  53. 137   5
 6 6  4.66454E-08  1.71867E+00  1.71867E+00  2.10000E+01            122.I  53. 138   6
 6 7  2.24264E-08  1.71895E+00  1.71895E+00  2.10000E+01            122.I  53. 139   7
 6 3  4.46393E-07  1.72248E+00  1.72248E+00  2.10000E+01            122.I  53. 140   3
 6 4  1.05459E-07  1.72329E+00  1.72329E+00  2.10000E+01            122.I  53. 141   4
 122  2.14200E-02  1.73364E+00  1.73364E+00  0.00000E+00            122.I  53. 142  22
 123  3.33000E-01  1.74693E+00  1.74693E+00  0.00000E+00            122.I  53. 143  23
 6 1  1.60110E-04  1.71513E+00  1.71513E+00  2.30000E+01            122.I  53. 144   1
 6 5  1.85588E-05  1.74202E+00  1.74202E+00  2.30000E+01            122.I  53. 145   5
 6 6  3.93994E-07  1.74231E+00  1.74231E+00  2.30000E+01            122.I  53. 146   6
 6 7  1.91363E-07  1.74259E+00  1.74259E+00  2.30000E+01            122.I  53. 147   7
 6 3  3.80160E-06  1.74612E+00  1.74612E+00  2.30000E+01            122.I  53. 148   3
 6 4  8.97634E-07  1.74693E+00  1.74693E+00  2.30000E+01            122.I  53. 149   4
 124  5.45400E-02  1.75277E+00  1.75277E+00  0.00000E+00            122.I  53. 150  24
 6 1  2.22036E-05  1.72097E+00  1.72097E+00  2.40000E+01            122.I  53. 151   1
 6 5  2.55702E-06  1.74786E+00  1.74786E+00  2.40000E+01            122.I  53. 152   5
 6 6  7.66875E-08  1.74815E+00  1.74815E+00  2.40000E+01            122.I  53. 153   6
 6 7  5.67808E-08  1.74843E+00  1.74843E+00  2.40000E+01            122.I  53. 154   7
 6 3  5.35395E-07  1.75196E+00  1.75196E+00  2.40000E+01            122.I  53. 155   3
 6 4  1.22786E-07  1.75277E+00  1.75277E+00  2.40000E+01            122.I  53. 156   4
 125  1.02600E-02  1.79509E+00  1.79509E+00  0.00000E+00            122.I  53. 157  25
 6 1  3.99439E-06  1.76329E+00  1.76329E+00  2.50000E+01            122.I  53. 158   1
 6 5  4.60508E-07  1.79018E+00  1.79018E+00  2.50000E+01            122.I  53. 159   5
 6 6  1.34205E-08  1.79047E+00  1.79047E+00  2.50000E+01            122.I  53. 160   6
 6 7  1.00246E-08  1.79075E+00  1.79075E+00  2.50000E+01            122.I  53. 161   7
 6 3  9.63500E-08  1.79428E+00  1.79428E+00  2.50000E+01            122.I  53. 162   3
 6 4  2.20621E-08  1.79509E+00  1.79509E+00  2.50000E+01            122.I  53. 163   4
 126  1.01880E-01  1.84383E+00  1.84383E+00  0.00000E+00            122.I  53. 164  26
 6 1  4.37619E-05  1.81202E+00  1.81202E+00  2.60000E+01            122.I  53. 165   1
 6 5  5.06357E-06  1.83892E+00  1.83892E+00  2.60000E+01            122.I  53. 166   5
 6 6  1.04011E-07  1.83921E+00  1.83921E+00  2.60000E+01            122.I  53. 167   6
 6 7  5.26379E-08  1.83949E+00  1.83949E+00  2.60000E+01            122.I  53. 168   7
 6 3  1.03699E-06  1.84302E+00  1.84302E+00  2.60000E+01            122.I  53. 169   3
 6 4  2.44299E-07  1.84383E+00  1.84383E+00  2.60000E+01            122.I  53. 170   4
 127  6.30000E-03  1.89770E+00  1.89770E+00  0.00000E+00            122.I  53. 171  27
 128  7.74000E-03  1.93610E+00  1.93610E+00  0.00000E+00            122.I  53. 172  28
 129  0.00000E+00  1.94060E+00  1.94060E+00  0.00000E+00            122.I  53. 173  29
 6 1  6.74014E-04  1.90879E+00  1.90879E+00  2.90000E+01            122.I  53. 174   1
 6 5  8.02814E-05  1.93569E+00  1.93569E+00  2.90000E+01            122.I  53. 175   5
 6 3  1.59547E-05  1.93979E+00  1.93979E+00  2.90000E+01            122.I  53. 176   3
 6 4  3.74980E-06  1.94060E+00  1.94060E+00  2.90000E+01            122.I  53. 177   4
 130  3.99600E-02  1.94438E+00  1.94438E+00  0.00000E+00            122.I  53. 178  30
 6 1  1.53560E-05  1.91258E+00  1.91258E+00  3.00000E+01            122.I  53. 179   1
 6 5  1.77569E-06  1.93947E+00  1.93947E+00  3.00000E+01            122.I  53. 180   5
 6 6  3.53085E-08  1.93976E+00  1.93976E+00  3.00000E+01            122.I  53. 181   6
 6 7  1.78790E-08  1.94004E+00  1.94004E+00  3.00000E+01            122.I  53. 182   7
 6 3  3.63470E-07  1.94357E+00  1.94357E+00  3.00000E+01            122.I  53. 183   3
 6 4  8.54175E-08  1.94438E+00  1.94438E+00  3.00000E+01            122.I  53. 184   4
 131  3.34800E-02  2.02971E+00  2.02971E+00  0.00000E+00            122.I  53. 185  31
 6 1  1.17763E-05  1.99791E+00  1.99791E+00  3.10000E+01            122.I  53. 186   1
 6 5  1.35959E-06  2.02480E+00  2.02480E+00  3.10000E+01            122.I  53. 187   5
 6 6  2.63326E-08  2.02509E+00  2.02509E+00  3.10000E+01            122.I  53. 188   6
 6 7  1.36515E-08  2.02537E+00  2.02537E+00  3.10000E+01            122.I  53. 189   7
 6 3  2.78298E-07  2.02890E+00  2.02890E+00  3.10000E+01            122.I  53. 190   3
 6 4  6.52629E-08  2.02971E+00  2.02971E+00  3.10000E+01            122.I  53. 191   4
 132  2.97000E-02  2.15515E+00  2.15515E+00  0.00000E+00            122.I  53. 192  32
 6 1  9.24200E-06  2.12334E+00  2.12334E+00  3.20000E+01            122.I  53. 193   1
 6 5  1.06432E-06  2.15024E+00  2.15024E+00  3.20000E+01            122.I  53. 194   5
 6 6  1.98700E-08  2.15053E+00  2.15053E+00  3.20000E+01            122.I  53. 195   6
 6 7  1.06379E-08  2.15081E+00  2.15081E+00  3.20000E+01            122.I  53. 196   7
 6 3  2.17907E-07  2.15434E+00  2.15434E+00  3.20000E+01            122.I  53. 197   3
 6 4  5.09379E-08  2.15515E+00  2.15515E+00  3.20000E+01            122.I  53. 198   4
 133  2.66400E-01  2.19229E+00  2.19229E+00  0.00000E+00            122.I  53. 199  33
 6 1  7.16560E-05  2.16049E+00  2.16049E+00  3.30000E+01            122.I  53. 200   1
 6 5  8.39671E-06  2.18738E+00  2.18738E+00  3.30000E+01            122.I  53. 201   5
 6 6  1.93794E-07  2.18767E+00  2.18767E+00  3.30000E+01            122.I  53. 202   6
 6 7  1.33360E-07  2.18795E+00  2.18795E+00  3.30000E+01            122.I  53. 203   7
 6 3  1.74688E-06  2.19148E+00  2.19148E+00  3.30000E+01            122.I  53. 204   3
 6 4  3.94930E-07  2.19229E+00  2.19229E+00  3.30000E+01            122.I  53. 205   4
 134  1.51200E-02  2.22659E+00  2.22659E+00  0.00000E+00            122.I  53. 206  34
 6 1  3.95505E-06  2.19479E+00  2.19479E+00  3.40000E+01            122.I  53. 207   1
 6 5  4.64055E-07  2.22168E+00  2.22168E+00  3.40000E+01            122.I  53. 208   5
 6 6  1.05241E-08  2.22197E+00  2.22197E+00  3.40000E+01            122.I  53. 209   6
 6 7  7.21586E-09  2.22225E+00  2.22225E+00  3.40000E+01            122.I  53. 210   7
 6 3  9.65359E-08  2.22578E+00  2.22578E+00  3.40000E+01            122.I  53. 211   3
 6 4  2.18018E-08  2.22659E+00  2.22659E+00  3.40000E+01            122.I  53. 212   4
 135  1.09800E-02  2.23274E+00  2.23274E+00  0.00000E+00            122.I  53. 213  35
 6 1  3.18035E-06  2.20094E+00  2.20094E+00  3.50000E+01            122.I  53. 214   1
 6 5  3.65643E-07  2.22783E+00  2.22783E+00  3.50000E+01            122.I  53. 215   5
 6 6  6.67994E-09  2.22812E+00  2.22812E+00  3.50000E+01            122.I  53. 216   6
 6 7  3.64331E-09  2.22840E+00  2.22840E+00  3.50000E+01            122.I  53. 217   7
 6 3  7.48803E-08  2.23193E+00  2.23193E+00  3.50000E+01            122.I  53. 218   3
 6 4  1.74688E-08  2.23274E+00  2.23274E+00  3.50000E+01            122.I  53. 219   4
 136  5.58000E-03  2.28750E+00  2.28750E+00  0.00000E+00            122.I  53. 220  36
 6 1  1.53916E-06  2.25570E+00  2.25570E+00  3.60000E+01            122.I  53. 221   1
 6 5  1.69168E-07  2.28259E+00  2.28259E+00  3.60000E+01            122.I  53. 222   5
 6 6  3.07674E-09  2.28288E+00  2.28288E+00  3.60000E+01            122.I  53. 223   6
 6 7  1.75704E-09  2.28316E+00  2.28316E+00  3.60000E+01            122.I  53. 224   7
 6 3  3.44442E-08  2.28669E+00  2.28669E+00  3.60000E+01            122.I  53. 225   3
 6 4  8.11228E-09  2.28750E+00  2.28750E+00  3.60000E+01            122.I  53. 226   4
 137  5.04000E-03  2.31080E+00  2.31080E+00  0.00000E+00            122.I  53. 227  37
 6 1  1.36217E-06  2.27900E+00  2.27900E+00  3.70000E+01            122.I  53. 228   1
 6 5  1.49400E-07  2.30589E+00  2.30589E+00  3.70000E+01            122.I  53. 229   5
 6 6  2.70114E-09  2.30618E+00  2.30618E+00  3.70000E+01            122.I  53. 230   6
 6 7  1.55261E-09  2.30646E+00  2.30646E+00  3.70000E+01            122.I  53. 231   7
 6 3  3.04143E-08  2.30999E+00  2.30999E+00  3.70000E+01            122.I  53. 232   3
 6 4  7.16184E-09  2.31080E+00  2.31080E+00  3.70000E+01            122.I  53. 233   4
 138  5.58000E-03  2.33440E+00  2.33440E+00  0.00000E+00            122.I  53. 234  38
 6 1  1.47766E-06  2.30259E+00  2.30259E+00  3.80000E+01            122.I  53. 235   1
 6 5  1.61721E-07  2.32949E+00  2.32949E+00  3.80000E+01            122.I  53. 236   5
 6 6  2.90656E-09  2.32978E+00  2.32978E+00  3.80000E+01            122.I  53. 237   6
 6 7  1.68162E-09  2.33006E+00  2.33006E+00  3.80000E+01            122.I  53. 238   7
 6 3  3.29170E-08  2.33359E+00  2.33359E+00  3.80000E+01            122.I  53. 239   3
 6 4  7.74973E-09  2.33440E+00  2.33440E+00  3.80000E+01            122.I  53. 240   4
 139  1.72800E-02  2.34687E+00  2.34687E+00  0.00000E+00            122.I  53. 241  39
 6 1  4.52738E-06  2.31507E+00  2.31507E+00  3.90000E+01            122.I  53. 242   1
 6 5  4.94931E-07  2.34196E+00  2.34196E+00  3.90000E+01            122.I  53. 243   5
 6 6  8.86750E-09  2.34225E+00  2.34225E+00  3.90000E+01            122.I  53. 244   6
 6 7  5.14796E-09  2.34253E+00  2.34253E+00  3.90000E+01            122.I  53. 245   7
 6 3  1.00730E-07  2.34606E+00  2.34606E+00  3.90000E+01            122.I  53. 246   3
 6 4  2.37129E-08  2.34687E+00  2.34687E+00  3.90000E+01            122.I  53. 247   4
 140  1.81800E-02  2.48074E+00  2.48074E+00  0.00000E+00            122.I  53. 248  40
 6 1  3.92526E-06  2.44894E+00  2.44894E+00  4.00000E+01            122.I  53. 249   1
 6 5  4.07732E-07  2.47583E+00  2.47583E+00  4.00000E+01            122.I  53. 250   5
 6 6  7.75807E-09  2.47612E+00  2.47612E+00  4.00000E+01            122.I  53. 251   6
 6 7  6.22055E-09  2.47640E+00  2.47640E+00  4.00000E+01            122.I  53. 252   7
 6 3  8.36589E-08  2.47993E+00  2.47993E+00  4.00000E+01            122.I  53. 253   3
 6 4  1.89967E-08  2.48074E+00  2.48074E+00  4.00000E+01            122.I  53. 254   4
 141  9.90000E-03  2.48802E+00  2.48802E+00  0.00000E+00            122.I  53. 255  41
 6 1  2.12655E-06  2.45622E+00  2.45622E+00  4.10000E+01            122.I  53. 256   1
 6 5  2.20704E-07  2.48311E+00  2.48311E+00  4.10000E+01            122.I  53. 257   5
 6 6  4.18366E-09  2.48340E+00  2.48340E+00  4.10000E+01            122.I  53. 258   6
 6 7  3.35701E-09  2.48368E+00  2.48368E+00  4.10000E+01            122.I  53. 259   7
 6 3  4.52791E-08  2.48721E+00  2.48721E+00  4.10000E+01            122.I  53. 260   3
 6 4  1.02806E-08  2.48802E+00  2.48802E+00  4.10000E+01            122.I  53. 261   4
 142  4.37400E-02  2.58547E+00  2.58547E+00  0.00000E+00            122.I  53. 262  42
 6 1  8.78495E-06  2.55367E+00  2.55367E+00  4.20000E+01            122.I  53. 263   1
 6 5  9.01373E-07  2.58056E+00  2.58056E+00  4.20000E+01            122.I  53. 264   5
 6 6  1.62638E-08  2.58085E+00  2.58085E+00  4.20000E+01            122.I  53. 265   6
 6 7  1.31775E-08  2.58113E+00  2.58113E+00  4.20000E+01            122.I  53. 266   7
 6 3  1.84648E-07  2.58466E+00  2.58466E+00  4.20000E+01            122.I  53. 267   3
 6 4  4.18685E-08  2.58547E+00  2.58547E+00  4.20000E+01            122.I  53. 268   4
 143  3.60000E-03  2.59320E+00  2.59320E+00  0.00000E+00            122.I  53. 269  43
 6 1  7.73627E-07  2.56139E+00  2.56139E+00  4.30000E+01            122.I  53. 270   1
 6 5  8.26342E-08  2.58829E+00  2.58829E+00  4.30000E+01            122.I  53. 271   5
 6 6  1.39647E-09  2.58858E+00  2.58858E+00  4.30000E+01            122.I  53. 272   6
 6 7  8.64355E-10  2.58886E+00  2.58886E+00  4.30000E+01            122.I  53. 273   7
 6 3  1.67908E-08  2.59239E+00  2.59239E+00  4.30000E+01            122.I  53. 274   3
 6 4  3.94566E-09  2.59320E+00  2.59320E+00  4.30000E+01            122.I  53. 275   4
 144  2.66400E-02  2.71927E+00  2.71927E+00  0.00000E+00            122.I  53. 276  44
 6 1  5.21653E-06  2.68747E+00  2.68747E+00  4.40000E+01            122.I  53. 277   1
 6 5  5.50381E-07  2.71436E+00  2.71436E+00  4.40000E+01            122.I  53. 278   5
 6 6  9.04616E-09  2.71465E+00  2.71465E+00  4.40000E+01            122.I  53. 279   6
 6 7  5.77242E-09  2.71493E+00  2.71493E+00  4.40000E+01            122.I  53. 280   7
 6 3  1.11751E-07  2.71846E+00  2.71846E+00  4.40000E+01            122.I  53. 281   3
 6 4  2.62381E-08  2.71927E+00  2.71927E+00  4.40000E+01            122.I  53. 282   4
 145  1.17000E-02  2.73844E+00  2.73844E+00  0.00000E+00            122.I  53. 283  45
 6 1  2.25989E-06  2.70663E+00  2.70663E+00  4.50000E+01            122.I  53. 284   1
 6 5  2.37984E-07  2.73353E+00  2.73353E+00  4.50000E+01            122.I  53. 285   5
 6 6  3.89549E-09  2.73382E+00  2.73382E+00  4.50000E+01            122.I  53. 286   6
 6 7  2.49698E-09  2.73410E+00  2.73410E+00  4.50000E+01            122.I  53. 287   7
 6 3  4.83157E-08  2.73763E+00  2.73763E+00  4.50000E+01            122.I  53. 288   3
 6 4  1.13427E-08  2.73844E+00  2.73844E+00  4.50000E+01            122.I  53. 289   4
 146  1.62000E-02  2.91925E+00  2.91925E+00  0.00000E+00            122.I  53. 290  46
 6 1  2.63957E-06  2.88745E+00  2.88745E+00  4.60000E+01            122.I  53. 291   1
 6 5  2.60385E-07  2.91434E+00  2.91434E+00  4.60000E+01            122.I  53. 292   5
 6 6  4.01986E-09  2.91463E+00  2.91463E+00  4.60000E+01            122.I  53. 293   6
 6 7  3.35846E-09  2.91491E+00  2.91491E+00  4.60000E+01            122.I  53. 294   7
 6 3  5.31131E-08  2.91844E+00  2.91844E+00  4.60000E+01            122.I  53. 295   3
 6 4  1.19945E-08  2.91925E+00  2.91925E+00  4.60000E+01            122.I  53. 296   4
 147  8.46000E-03  2.98264E+00  2.98264E+00  0.00000E+00            122.I  53. 297  47
 148  5.76000E-03  3.04481E+00  3.04481E+00  0.00000E+00            122.I  53. 298  48
 6 1  9.06933E-07  3.01301E+00  3.01301E+00  4.80000E+01            122.I  53. 299   1
 6 5  9.26040E-08  3.03990E+00  3.03990E+00  4.80000E+01            122.I  53. 300   5
 6 6  1.42454E-09  3.04019E+00  3.04019E+00  4.80000E+01            122.I  53. 301   6
 6 7  9.77443E-10  3.04047E+00  3.04047E+00  4.80000E+01            122.I  53. 302   7
 6 3  1.87701E-08  3.04400E+00  3.04400E+00  4.80000E+01            122.I  53. 303   3
 6 4  4.39835E-09  3.04481E+00  3.04481E+00  4.80000E+01            122.I  53. 304   4
 149  5.76000E-03  3.20803E+00  3.20803E+00  0.00000E+00            122.I  53. 305  49
 150  4.14000E-03  3.28897E+00  3.28897E+00  0.00000E+00            122.I  53. 306  50
 2 1  4.78534E+00  2.71868E-02  2.71868E-02  0.00000E+00            122.I  53. 307   1
 2 2  8.90834E+00  2.74652E-02  2.74652E-02  0.00000E+00            122.I  53. 308   2
 2 3  8.20260E-01  3.09378E-02  3.09378E-02  0.00000E+00            122.I  53. 309   3
 2 4  1.59082E+00  3.09901E-02  3.09901E-02  0.00000E+00            122.I  53. 310   4
 2 5  7.31999E-03  3.12112E-02  3.12112E-02  0.00000E+00            122.I  53. 311   5
 2 6  1.00654E-02  3.12223E-02  3.12223E-02  0.00000E+00            122.I  53. 312   6
 2 7  1.69936E-01  3.16740E-02  3.16740E-02  0.00000E+00            122.I  53. 313   7
 2 8  3.33992E-01  3.16841E-02  3.16841E-02  0.00000E+00            122.I  53. 314   8
 2 9  1.23216E-03  3.17543E-02  3.17543E-02  0.00000E+00            122.I  53. 315   9
 210  1.68719E-03  3.17559E-02  3.17559E-02  0.00000E+00            122.I  53. 316  10
 211  9.73617E-03  3.17957E-02  3.17957E-02  0.00000E+00            122.I  53. 317  11
 212  1.80030E-02  3.17967E-02  3.17967E-02  0.00000E+00            122.I  53. 318  12
 221  6.96774E-05  2.96000E-04  2.96000E-04  0.00000E+00            122.I  53. 319  21
 222  1.10386E-03  5.74501E-04  5.74501E-04  0.00000E+00            122.I  53. 320  22
 223  4.30571E-02  4.04711E-03  4.04711E-03  0.00000E+00            122.I  53. 321  23
 224  6.89683E-02  4.09935E-03  4.09935E-03  0.00000E+00            122.I  53. 322  24
 225  5.91724E-04  4.32046E-03  4.32046E-03  0.00000E+00            122.I  53. 323  25
 226  8.83628E-04  4.33146E-03  4.33146E-03  0.00000E+00            122.I  53. 324  26
 227  8.86430E-03  4.78322E-03  4.78322E-03  0.00000E+00            122.I  53. 325  27
 228  1.45059E-02  4.79328E-03  4.79328E-03  0.00000E+00            122.I  53. 326  28
 229  6.63947E-05  4.86350E-03  4.86350E-03  0.00000E+00            122.I  53. 327  29
 230  1.00452E-04  4.86503E-03  4.86503E-03  0.00000E+00            122.I  53. 328  30
 231  5.57342E-04  4.90497E-03  4.90497E-03  0.00000E+00            122.I  53. 329  31
 232  8.71833E-04  4.90587E-03  4.90587E-03  0.00000E+00            122.I  53. 330  32
 241  2.99016E-07  2.78500E-04  2.78500E-04  0.00000E+00            122.I  53. 331  41
 242  2.51389E-02  3.62711E-03  3.62711E-03  0.00000E+00            122.I  53. 332  42
 243  3.42806E-04  3.80335E-03  3.80335E-03  0.00000E+00            122.I  53. 333  43
 244  4.30738E-01  4.02446E-03  4.02446E-03  0.00000E+00            122.I  53. 334  44
 245  3.32664E-03  4.44388E-03  4.44388E-03  0.00000E+00            122.I  53. 335  45
 246  3.61896E-05  4.49729E-03  4.49729E-03  0.00000E+00            122.I  53. 336  46
 247  5.85922E-02  4.56748E-03  4.56748E-03  0.00000E+00            122.I  53. 337  47
 249  3.47258E-04  4.59974E-03  4.59974E-03  0.00000E+00            122.I  53. 338  49
 250  2.17757E-06  4.60991E-03  4.60991E-03  0.00000E+00            122.I  53. 339  50
 261  8.82586E-02  3.34861E-03  3.34861E-03  0.00000E+00            122.I  53. 340  61
 262  4.68455E-04  3.47261E-03  3.47261E-03  0.00000E+00            122.I  53. 341  62
 263  4.37445E-04  3.52484E-03  3.52484E-03  0.00000E+00            122.I  53. 342  63
 264  8.46094E-02  3.74596E-03  3.74596E-03  0.00000E+00            122.I  53. 343  64
 265  7.50170E-01  3.75695E-03  3.75695E-03  0.00000E+00            122.I  53. 344  65
 266  7.15057E-03  4.16537E-03  4.16537E-03  0.00000E+00            122.I  53. 345  66
 267  3.53795E-05  4.20872E-03  4.20872E-03  0.00000E+00            122.I  53. 346  67
 268  3.38694E-05  4.21879E-03  4.21879E-03  0.00000E+00            122.I  53. 347  68
 269  1.12435E-02  4.28899E-03  4.28899E-03  0.00000E+00            122.I  53. 348  69
 270  1.00068E-01  4.29052E-03  4.29052E-03  0.00000E+00            122.I  53. 349  70
 273  8.80960E-04  4.32125E-03  4.32125E-03  0.00000E+00            122.I  53. 350  73
 274  2.21558E-06  4.33049E-03  4.33049E-03  0.00000E+00            122.I  53. 351  74
 275  2.02965E-06  4.33139E-03  4.33139E-03  0.00000E+00            122.I  53. 352  75
 291  8.15671E-02  5.33647E-04  5.33647E-04  0.00000E+00            122.I  53. 353  91
 292  1.92452E-03  7.62254E-05  7.62254E-05  0.00000E+00            122.I  53. 354  92
 294  2.83648E+02  1.36107E-05  1.36107E-05  0.00000E+00            122.I  53. 355  94
 7 1  1.54666E+00  2.26653E-02  2.26653E-02  0.00000E+00            122.I  53. 356   1
 7 2  6.81211E-01  2.65056E-02  2.65056E-02  0.00000E+00            122.I  53. 357   2
 7 3  7.17391E-02  3.03461E-02  3.03461E-02  0.00000E+00            122.I  53. 358   3
 7 4  2.94418E+00  2.95226E-04  2.95226E-04  0.00000E+00            122.I  53. 359   4
 7 5  1.40145E+01  3.08428E-03  3.08428E-03  0.00000E+00            122.I  53. 360   5
 7 6  3.96855E+00  3.67833E-03  3.67833E-03  0.00000E+00            122.I  53. 361   6
 7 7  2.80639E-01  4.29460E-03  4.29460E-03  0.00000E+00            122.I  53. 362   7
 7 8  1.59412E+01  1.21033E-04  1.21033E-04  0.00000E+00            122.I  53. 363   8
 7 9  3.56801E+01  4.49472E-04  4.49472E-04  0.00000E+00            122.I  53. 364   9
 710  1.37490E+00  5.41125E-04  5.41125E-04  0.00000E+00            122.I  53. 365  10
 711  5.17273E-03  6.87359E-04  6.87359E-04  0.00000E+00            122.I  53. 366  11
 712  4.62806E+01  2.49264E-05  2.49264E-05  0.00000E+00            122.I  53. 367  12
 713  1.38603E+02  2.29234E-05  2.29234E-05  0.00000E+00            122.I  53. 368  13
%%%% 122 I   53    EC B+        2.17800E+02 3.63 M     02-11-2005       SEEIEND 
 


   ***************************************************** 
   *                 Radiation Summary                 * 
   ***************************************************** 
 
  Energy released by
    Gamma-ray                       (MeV) =   1.58189E-01
    X-ray                           (MeV) =   4.73610E-03
    Free-bound X-ray                (MeV) =   3.86064E-05
    Annihilation photon             (MeV) =   7.97298E-01
    Beta+ particle                  (MeV) =   1.10345E+00
    Neutrino                        (MeV) =   2.17095E+00
    Beta- particle                  (MeV) =   0.00000E+00
    Neutrino-                       (MeV) =   0.00000E+00
    Internal conv. electron         (MeV) =   6.95393E-04
    Auger and CK electron           (MeV) =   1.38230E-03
    Alpha particle                  (MeV) =   0.00000E+00
    Recoil nucleus                  (MeV) =   0.00000E+00
  E-total (except unplaced radiat.) (MeV) =   4.23673E+00
  E-unplaced radiation              (MeV) =   1.64227E-03
  Q-value from ENSDF data           (MeV) =   4.23400E+00
  Ratio of E-total/Q-value          ( % ) =   1.00065E+02
  Ratio of E-unplaced radi./Q-value ( % ) =   3.87877E-02

 
  Total yield of
    Gamma-ray                             =   2.32612E-01
    X-ray                                 =   1.84417E-01
    Free-bound X-ray                      =   2.83648E+00
    Annihilation photon                   =   1.56027E+00
    Beta+ particle                        =   7.80135E-01
    Beta- particle                        =   0.00000E+00
    Internal conv. electron               =   1.21592E-03
    Auger and CK electron                 =   2.61392E+00
    Alpha particle                        =   0.00000E+00
  Yield of unplaced radiation             =   8.56800E-04


