%%%% 131 I   53    B-           6.92988E+05 8.02070 D  02-11-2005       BALASTAR
1 131   I   53 8.02070 D       B-         
1INTENSITY AND ENERGY BALANCE DATA

              131-IODINE-53
+                                    HALFLIFE = 8.0207 DAYS    
+                                                                  02-11-2005


    LEVEL       INTENSITY   INTENSITY
    ENERGY      ENTERING    LEAVING     PERCENT
    (MEV)       LEVEL       LEVEL       ERROR

   0.0000E+00  9.9389E+01
   8.0185E-02  6.6826E+00  6.7700E+00  1.2998E+00                      
   1.6393E-01  1.1759E+00  0.0000E+00  2.0000E+02  ********************
   3.4114E-01  3.3447E-01  3.3458E-01  3.5083E-02                      
   3.6449E-01  8.9579E+01  9.0017E+01  4.8833E-01                      
   4.0482E-01  8.3886E-02  7.7674E-02  7.6892E+00                      
   6.3699E-01  7.2376E+00  7.2735E+00  4.9355E-01                      
   6.6693E-01  6.4808E-01  6.5116E-01  4.7483E-01                      
   7.2291E-01  2.0906E+00  2.0968E+00  2.9957E-01                      


 INTENSITY TO GROUND AND ISOMERIC STATE(S) OF DAUGHTER(S)=  1.006E+02
 TOTAL INTENSITY FROM PARENT=  1.000E+02
 PERCENT ERROR =  5.618E-01                      


 TOTAL INTENSITY FROM PARENT =  1.000E+02
 VALUE IS WITHIN   7.63E-06% OF 100                      


 TOTAL ENERGY AVAILABLE =  9.708E-01 MEV
 TOTAL ENERGY CONTENT OF ALL RADIATIONS =  9.727E-01 MEV
 PERCENT ERROR =  1.991E-01                      
%%%% 131 I   53    B-           6.92988E+05 8.02070 D  02-11-2005       BALAEND 
%%%% 131 I   53    B-           6.92988E+05 8.02070 D  02-11-2005       INPUSTAR
1                                      **INPUT DATA**
              131-IODINE-53
+                                    HALFLIFE = 8.0207 DAYS    
+                                                                  02-11-2005

            MODE OF DECAY: BETA MINUS
 
                                MEAN
                                NUMBER/    TRANSITION
                TYPE OF    ID   TRANSFOR-  ENERGY
              TRANSITION   NO.  MATION     (MEV)       OTHER NUCLEAR PARAMETERS

               BETA MINUS   1   2.09E-02   2.479E-01*  ALLOWED                                  
               BETA MINUS   2   6.48E-03   3.039E-01*  FIRST FORBIDDEN                          
               BETA MINUS   3   7.24E-02   3.338E-01*  ALLOWED                                  
               BETA MINUS   4   8.95E-01   6.063E-01*  ALLOWED                                  
               BETA MINUS   5   4.98E-04   6.297E-01*  FIRST FORBIDDEN                          
               BETA MINUS   6   4.78E-03   8.069E-01*  UNIQUE FIRST FORBIDDEN                   
           I.C.E. + GAMMA   1   6.77E-02   8.019E-02   M1+E2 MULTIPOLE                          
                                                       MRS=0.000272  AK= 1.35                   
                                                       AL1=0.165     AL2=0.0124                 
                                                       AL3=0.00305   AM= 0.0368                 
                                                       AN+=0.00927                              
           I.C.E. + GAMMA   2   2.88E-06   8.590E-02   M1 MULTIPOLE                             
+                                                                    AK= 1.89                   
                                                       AL1=0.230     AL2=0.0168                 
                                                       AL3=0.00398   AM= 0.0510                 
                                                       AN+=0.0129                               
           I.C.E. + GAMMA   4   3.35E-03   1.772E-01   M1+E2 MULTIPOLE                          
                                                       MRS=18.5      AK= 0.187                  
                                                       AL1=0.0190    AL2=0.0121                 
                                                       AL3=0.0117    AM= 0.00901                
                                                       AN+=0.00216                              
           I.C.E. + GAMMA   5   3.50E-05   2.322E-01   E2 MULTIPOLE                             
+                                                                    AK= 0.0782                 
                                                       AL1=0.00818   AL2=0.00378                
                                                       AL3=0.00338   AM= 0.00321                
           I.C.E. + GAMMA   6   6.09E-04   2.725E-01   M1+E2 MULTIPOLE                          
                                                       MRS=0.144     AK= 0.0461                 
                                                       AL1=0.00550   AM= 0.00128                
           I.C.E. + GAMMA   7   6.44E-02   2.843E-01   E2 MULTIPOLE                             
+                                                                    AK= 0.0408                 
                                                       AL1=0.00439   AL2=0.00156                
                                                       AL3=0.00131   AM= 0.00151                
           I.C.E. + GAMMA   8   1.82E-05   2.958E-01   E1 MULTIPOLE                             
+                                                                    AK= 0.00938                
                                                       AL1=0.00103                              
           I.C.E. + GAMMA   9   4.79E-05   3.024E-01   E1 MULTIPOLE                             
+                                                                    AK= 0.00885                
           I.C.E. + GAMMA  10   8.04E-04   3.181E-01   M1+E2 MULTIPOLE                          
                                                       MRS=0.0121    AK= 0.0307                 
                                                       AL1=0.00371                              
           I.C.E. + GAMMA  11   2.20E-04   3.247E-01   M1+E2 MULTIPOLE                          
                                                       MRS=0.640     AK= 0.0283                 
                                                       AL1=0.00330                              
           I.C.E. + GAMMA  12   2.83E-03   3.258E-01   M1+E2 MULTIPOLE                          
                                                       MRS=0.0529    AK= 0.0288                 
                                                       AL1=0.00346                              
           I.C.E. + GAMMA  13   1.68E-04   3.584E-01   M1 MULTIPOLE                             
+                                                                    AK= 0.0227                 
                                                       AL1=0.00273                              
           I.C.E. + GAMMA  14   8.36E-01   3.645E-01   M1+E2 MULTIPOLE                          
                                                       MRS=15.2      AK= 0.0191                 
                                                       AL1=0.00212                              
           I.C.E. + GAMMA  15   5.57E-04   4.048E-01   M1+E2 MULTIPOLE                          
                                                       MRS=1.00      AK= 0.0153                 
                                                       AL1=0.00177                              
           I.C.E. + GAMMA  16   7.35E-05   4.496E-01   UNPLACED GAMMA                           
           I.C.E. + GAMMA  17   3.64E-03   5.030E-01   E2 MULTIPOLE                             
+                                                                    AK= 0.00751                
           I.C.E. + GAMMA  18   7.21E-02   6.370E-01   E2 MULTIPOLE                             
+                                                                    AK= 0.00404                
           I.C.E. + GAMMA  19   2.18E-03   6.427E-01   E2 MULTIPOLE                             
+                                                                    AK= 0.00395                
           I.C.E. + GAMMA  20   1.78E-02   7.229E-01   M1+E2 MULTIPOLE                          
                                                       MRS=0.0428    AK= 0.00399                
 
           * ENDPOINT ENERGY (MEV)
           - - - - - - - - - -
           Reference: Evaluated Nuclear Structure Data File (ENSDF)
                DATE DATA WERE ENTERED INTO ENSDF: Dec-1994
%%%% 131 I   53    B-           6.92988E+05 8.02070 D  02-11-2005       INPUEND 
%%%% 131 I   53    B-           6.92988E+05 8.02070 D  02-11-2005       OUTPSTAR
1                                      **OUTPUT DATA**
              131-IODINE-53
+                                    HALFLIFE = 8.0207 DAYS    
+                                                                  02-11-2005

            MODE OF DECAY: BETA MINUS
 
                                              MEAN
                                              NUMBER/                  MEV/
                                         ID   TRANSFOR-   ENERGY       TRANSFOR-
                  TYPE OF RADIATION      NO.  MATION      (MEV)        MATION

           BETA MINUS                     1   2.09E-02    6.935E-02*   1.45E-03
           BETA MINUS                     2   6.48E-03    8.693E-02*   5.63E-04
           BETA MINUS                     3   7.24E-02    9.659E-02*   6.99E-03
           BETA MINUS                     4   8.95E-01    1.915E-01*   1.71E-01
           BETA MINUS                     6   4.78E-03    2.832E-01*   1.35E-03
           GAMMA-RAY                      1   2.62E-02    8.019E-02    2.10E-03
           K CONV. ELECTRON, GAMMA-RAY    1   3.55E-02    4.563E-02    1.62E-03
           L1 CONV. ELECTRON, GAMMA-RAY   1   4.33E-03    7.477E-02    3.24E-04
           GAMMA-RAY                      4   2.70E-03    1.772E-01    4.78E-04
           GAMMA-RAY                      7   6.14E-02    2.843E-01    1.74E-02
           K CONV. ELECTRON, GAMMA-RAY    7   2.51E-03    2.497E-01    6.26E-04
           GAMMA-RAY                     12   2.74E-03    3.258E-01    8.92E-04
           GAMMA-RAY                     14   8.17E-01    3.645E-01    2.98E-01
           K CONV. ELECTRON, GAMMA-RAY   14   1.56E-02    3.299E-01    5.16E-03
           L1 CONV. ELECTRON, GAMMA-RAY  14   1.73E-03    3.591E-01    6.23E-04
           GAMMA-RAY                     17   3.60E-03    5.030E-01    1.81E-03
           GAMMA-RAY                     18   7.17E-02    6.370E-01    4.57E-02
           GAMMA-RAY                     19   2.17E-03    6.427E-01    1.40E-03
           GAMMA-RAY                     20   1.77E-02    7.229E-01    1.28E-02
           K -L2 X-RAY                        1.40E-02    2.945E-02    4.13E-04
           K -L3 X-RAY                        2.59E-02    2.978E-02    7.73E-04
 
           ALL LISTED X-RAYS, GAMMA-RAYS AND ANNIHILATION RADIATION    3.82E-01
           ALL NEGLECTED X-RAYS, GAMMA-RAYS AND ANNIH. RADIATION**     1.15E-03
           ALL LISTED BETAS, INTERNAL CONVERSION AND AUGER ELECTRONS   1.90E-01
           ALL NEGLECTED BETAS, INT. CONVERSION AND AUGER ELECTRONS**  1.73E-03
           ALL LISTED RADIATIONS                                       5.72E-01
           ALL NEGLECTED RADIATIONS**                                  2.88E-03
 
           *  AVERAGE ENERGY (MEV)
           ** EACH NEGLECTED TRANSITION CONTRIBUTES LESS THAN  0.100%
              TO THE TOTAL MEV/TRANSFORMATION FOR THIS CATEGORY.
           TOTAL FEEDING OF 0.163929 MEV ISOMERIC LEVEL IN 131-XENON       
             DAUGHTER IS 1.1759E-02 PER TRANSFORMATION OF 131-IODINE.
             DECAY OF THIS 11.84 DAYS HALFLIFE LEVEL WILL CONTRIBUTE TO DOSE.
           TOTAL FEEDING OF GROUND STATE LEVEL IN 131-XENON
             DAUGHTER IS 9.8824E-01 PER TRANSFORMATION OF 131-IODINE.
             THIS DAUGHTER GROUND STATE IS STABLE.
           - - - - - - - - - -
           INPUT DATA SOURCE: EVALUATED NUCLEAR STRUCTURE DATA FILE (ENSDF)
             DATE INPUT DATA WERE ENTERED INTO ENSDF: Dec-1994
%%%% 131 I   53    B-           6.92988E+05 8.02070 D  02-11-2005       OUTPEND 
%%%% 131 I   53    B-           6.92988E+05 8.02070 D  02-11-2005       BETASTAR
1
              131-IODINE-53
+                                    HALFLIFE = 8.0207 DAYS    
+                                                                  02-11-2005

            BETA SPECTRUM DATA FOR ALL DECAY BRANCHES

                      BETAS PER                BETAS PER                BETAS PER
            ENERGY    MEV            ENERGY    MEV            ENERGY    MEV
            (MEV)     PER DECAY      (MEV)     PER DECAY      (MEV)     PER DECAY

            0.00000   3.503E+00      0.00200   3.489E+00      0.04500   3.318E+00
            0.00010   3.502E+00      0.00220   3.487E+00      0.05000   3.298E+00
            0.00011   3.502E+00      0.00240   3.486E+00      0.05500   3.277E+00
            0.00012   3.502E+00      0.00260   3.484E+00      0.06000   3.255E+00
            0.00013   3.502E+00      0.00280   3.483E+00      0.06500   3.233E+00
            0.00014   3.502E+00      0.00300   3.481E+00      0.07000   3.209E+00
            0.00015   3.502E+00      0.00320   3.480E+00      0.07500   3.185E+00
            0.00016   3.502E+00      0.00360   3.477E+00      0.08000   3.161E+00
            0.00018   3.501E+00      0.00400   3.474E+00      0.08500   3.136E+00
            0.00020   3.501E+00      0.00450   3.471E+00      0.09000   3.110E+00
            0.00022   3.501E+00      0.00500   3.467E+00      0.10000   3.055E+00
            0.00024   3.501E+00      0.00550   3.463E+00      0.11000   2.999E+00
            0.00026   3.501E+00      0.00600   3.460E+00      0.12000   2.939E+00
            0.00028   3.501E+00      0.00650   3.456E+00      0.13000   2.877E+00
            0.00030   3.501E+00      0.00700   3.452E+00      0.14000   2.812E+00
            0.00032   3.500E+00      0.00750   3.449E+00      0.15000   2.745E+00
            0.00036   3.500E+00      0.00800   3.445E+00      0.16000   2.676E+00
            0.00040   3.500E+00      0.00850   3.442E+00      0.18000   2.532E+00
            0.00045   3.500E+00      0.00900   3.438E+00      0.20000   2.384E+00
            0.00050   3.499E+00      0.01000   3.437E+00      0.22000   2.232E+00
            0.00055   3.499E+00      0.01100   3.434E+00      0.24000   2.079E+00
            0.00060   3.498E+00      0.01200   3.432E+00      0.26000   1.928E+00
            0.00065   3.498E+00      0.01300   3.429E+00      0.28000   1.776E+00
            0.00070   3.498E+00      0.01400   3.426E+00      0.30000   1.625E+00
            0.00075   3.497E+00      0.01500   3.423E+00      0.32000   1.478E+00
            0.00080   3.497E+00      0.01600   3.420E+00      0.36000   1.194E+00
            0.00085   3.497E+00      0.01800   3.414E+00      0.40000   9.124E-01
            0.00090   3.496E+00      0.02000   3.408E+00      0.45000   5.805E-01
            0.00100   3.496E+00      0.02200   3.402E+00      0.50000   2.974E-01
            0.00110   3.495E+00      0.02400   3.395E+00      0.55000   9.410E-02
            0.00120   3.494E+00      0.02600   3.389E+00      0.60000   4.666E-03
            0.00130   3.494E+00      0.02800   3.382E+00      0.65000   2.335E-03
            0.00140   3.493E+00      0.03000   3.375E+00      0.70000   1.282E-03
            0.00150   3.492E+00      0.03200   3.368E+00      0.75000   4.287E-04
            0.00160   3.491E+00      0.03600   3.353E+00      0.80000   7.371E-06
            0.00180   3.490E+00      0.04000   3.338E+00      0.80687   0.000E+00

            AVERAGE BETA ENERGY =   1.819E-01

            TOTAL BETAS PER DECAY FOR ALL BRANCHES =   1.000E+00
%%%% 131 I   53    B-           6.92988E+05 8.02070 D  02-11-2005       BETAEND 
%%%% 131 I   53    B-           6.92988E+05 8.02070 D  02-11-2005       SEEISTAR
131.  IODINE       53.  8.021E+00 DAYS     195 B-                   131.I  53.   0
 5 1  2.09057E+00  6.93474E-02  2.47891E-01  0.00000E+00            131.I  53.   1   1
 5 2  6.48077E-01  8.69286E-02  3.03866E-01  0.00000E+00            131.I  53.   2   2
 5 3  7.23736E+00  9.65904E-02  3.33809E-01  0.00000E+00            131.I  53.   3   3
 5 4  8.94964E+01  1.91529E-01  6.06310E-01  0.00000E+00            131.I  53.   4   4
 5 5  4.97755E-02  2.00167E-01  6.29657E-01  0.00000E+00            131.I  53.   5   5
 5 6  4.77845E-01  2.83194E-01  8.06871E-01  1.00000E+00            131.I  53.   6   6
 1 1  2.62257E+00  8.01850E-02  8.01850E-02  0.00000E+00            131.I  53.   7   1
 6 1  3.55294E+00  4.56290E-02  4.56290E-02  1.00000E+00            131.I  53.   8   1
 6 5  4.33327E-01  7.47681E-02  7.47681E-02  1.00000E+00            131.I  53.   9   5
 6 6  3.24126E-02  7.50811E-02  7.50811E-02  1.00000E+00            131.I  53.  10   6
 6 7  8.00774E-03  7.54103E-02  7.54103E-02  1.00000E+00            131.I  53.  11   7
 6 3  9.64331E-02  7.92584E-02  7.92584E-02  1.00000E+00            131.I  53.  12   3
 6 4  2.43166E-02  8.01850E-02  8.01850E-02  1.00000E+00            131.I  53.  13   4
 1 2  8.98700E-05  8.59000E-02  8.59000E-02  0.00000E+00            131.I  53.  14   2
 6 1  1.69406E-04  5.13440E-02  5.13440E-02  2.00000E+00            131.I  53.  15   1
 6 5  2.06940E-05  8.04831E-02  8.04831E-02  2.00000E+00            131.I  53.  16   5
 6 6  1.51348E-06  8.07961E-02  8.07961E-02  2.00000E+00            131.I  53.  17   6
 6 7  3.57359E-07  8.11253E-02  8.11253E-02  2.00000E+00            131.I  53.  18   7
 6 3  4.58713E-06  8.49734E-02  8.49734E-02  2.00000E+00            131.I  53.  19   3
 6 4  1.15644E-06  8.59000E-02  8.59000E-02  2.00000E+00            131.I  53.  20   4
 1 4  2.69610E-01  1.77214E-01  1.77214E-01  0.00000E+00            131.I  53.  21   4
 6 1  5.04316E-02  1.42658E-01  1.42658E-01  4.00000E+00            131.I  53.  22   1
 6 5  5.11055E-03  1.71797E-01  1.71797E-01  4.00000E+00            131.I  53.  23   5
 6 6  3.25651E-03  1.72110E-01  1.72110E-01  4.00000E+00            131.I  53.  24   6
 6 7  3.16404E-03  1.72439E-01  1.72439E-01  4.00000E+00            131.I  53.  25   7
 6 3  2.42841E-03  1.76287E-01  1.76287E-01  4.00000E+00            131.I  53.  26   3
 6 4  5.83044E-04  1.77214E-01  1.77214E-01  4.00000E+00            131.I  53.  27   4
 1 5  3.18630E-03  2.32180E-01  2.32180E-01  0.00000E+00            131.I  53.  28   5
 6 1  2.49227E-04  1.97624E-01  1.97624E-01  5.00000E+00            131.I  53.  29   1
 6 5  2.60584E-05  2.26763E-01  2.26763E-01  5.00000E+00            131.I  53.  30   5
 6 6  1.20457E-05  2.27076E-01  2.27076E-01  5.00000E+00            131.I  53.  31   6
 6 7  1.07744E-05  2.27405E-01  2.27405E-01  5.00000E+00            131.I  53.  32   7
 6 3  1.02231E-05  2.31253E-01  2.31253E-01  5.00000E+00            131.I  53.  33   3
 6 4  2.47575E-06  2.32180E-01  2.32180E-01  5.00000E+00            131.I  53.  34   4
 1 6  5.77619E-02  2.72498E-01  2.72498E-01  0.00000E+00            131.I  53.  35   6
 6 1  2.66446E-03  2.37942E-01  2.37942E-01  6.00000E+00            131.I  53.  36   1
 6 5  3.17546E-04  2.67081E-01  2.67081E-01  6.00000E+00            131.I  53.  37   5
 6 6  2.94161E-05  2.67394E-01  2.67394E-01  6.00000E+00            131.I  53.  38   6
 6 7  1.53783E-05  2.67723E-01  2.67723E-01  6.00000E+00            131.I  53.  39   7
 6 3  7.39866E-05  2.71571E-01  2.71571E-01  6.00000E+00            131.I  53.  40   3
 6 4  1.85549E-05  2.72498E-01  2.72498E-01  6.00000E+00            131.I  53.  41   4
 1 7  6.13567E+00  2.84305E-01  2.84305E-01  0.00000E+00            131.I  53.  42   7
 6 1  2.50626E-01  2.49749E-01  2.49749E-01  7.00000E+00            131.I  53.  43   1
 6 5  2.69124E-02  2.78888E-01  2.78888E-01  7.00000E+00            131.I  53.  44   5
 6 6  9.56999E-03  2.79201E-01  2.79201E-01  7.00000E+00            131.I  53.  45   6
 6 7  8.00738E-03  2.79530E-01  2.79530E-01  7.00000E+00            131.I  53.  46   7
 6 3  9.25514E-03  2.83378E-01  2.83378E-01  7.00000E+00            131.I  53.  47   3
 6 4  2.25804E-03  2.84305E-01  2.84305E-01  7.00000E+00            131.I  53.  48   4
 1 8  1.79740E-03  2.95800E-01  2.95800E-01  0.00000E+00            131.I  53.  49   8
 6 1  1.68516E-05  2.61244E-01  2.61244E-01  8.00000E+00            131.I  53.  50   1
 6 5  1.85656E-06  2.90383E-01  2.90383E-01  8.00000E+00            131.I  53.  51   5
 6 6  1.19886E-07  2.90696E-01  2.90696E-01  8.00000E+00            131.I  53.  52   6
 6 7  1.53649E-07  2.91025E-01  2.91025E-01  8.00000E+00            131.I  53.  53   7
 6 3  4.30447E-07  2.94873E-01  2.94873E-01  8.00000E+00            131.I  53.  54   3
 6 4  1.07673E-07  2.95800E-01  2.95800E-01  8.00000E+00            131.I  53.  55   4
 1 9  4.73860E-03  3.02400E-01  3.02400E-01  0.00000E+00            131.I  53.  56   9
 6 1  4.19505E-05  2.67844E-01  2.67844E-01  9.00000E+00            131.I  53.  57   1
 6 5  4.62843E-06  2.96983E-01  2.96983E-01  9.00000E+00            131.I  53.  58   5
 6 6  2.94193E-07  2.97296E-01  2.97296E-01  9.00000E+00            131.I  53.  59   6
 6 7  3.76926E-07  2.97625E-01  2.97625E-01  9.00000E+00            131.I  53.  60   7
 6 3  1.07081E-06  3.01473E-01  3.01473E-01  9.00000E+00            131.I  53.  61   3
 6 4  2.67899E-07  3.02400E-01  3.02400E-01  9.00000E+00            131.I  53.  62   4
 110  7.76150E-02  3.18088E-01  3.18088E-01  0.00000E+00            131.I  53.  63  10
 6 1  2.38652E-03  2.83532E-01  2.83532E-01  1.00000E+01            131.I  53.  64   1
 6 5  2.87975E-04  3.12671E-01  3.12671E-01  1.00000E+01            131.I  53.  65   5
 6 6  1.60366E-05  3.12984E-01  3.12984E-01  1.00000E+01            131.I  53.  66   6
 6 7  4.41088E-06  3.13313E-01  3.13313E-01  1.00000E+01            131.I  53.  67   7
 6 3  6.27313E-05  3.17161E-01  3.17161E-01  1.00000E+01            131.I  53.  68   3
 6 4  1.57987E-05  3.18088E-01  3.18088E-01  1.00000E+01            131.I  53.  69   4
 111  2.12420E-02  3.24651E-01  3.24651E-01  0.00000E+00            131.I  53.  70  11
 6 1  6.01731E-04  2.90095E-01  2.90095E-01  1.10000E+01            131.I  53.  71   1
 6 5  7.00407E-05  3.19234E-01  3.19234E-01  1.10000E+01            131.I  53.  72   5
 6 6  9.72868E-06  3.19547E-01  3.19547E-01  1.10000E+01            131.I  53.  73   6
 6 7  6.45437E-06  3.19876E-01  3.19876E-01  1.10000E+01            131.I  53.  74   7
 6 3  1.76836E-05  3.23724E-01  3.23724E-01  1.10000E+01            131.I  53.  75   3
 6 4  4.40167E-06  3.24651E-01  3.24651E-01  1.10000E+01            131.I  53.  76   4
 112  2.73695E-01  3.25789E-01  3.25789E-01  0.00000E+00            131.I  53.  77  12
 6 1  7.88794E-03  2.91233E-01  2.91233E-01  1.20000E+01            131.I  53.  78   1
 6 5  9.48168E-04  3.20372E-01  3.20372E-01  1.20000E+01            131.I  53.  79   5
 6 6  5.98001E-05  3.20685E-01  3.20685E-01  1.20000E+01            131.I  53.  80   6
 6 7  2.12597E-05  3.21014E-01  3.21014E-01  1.20000E+01            131.I  53.  81   7
 6 3  2.09520E-04  3.24862E-01  3.24862E-01  1.20000E+01            131.I  53.  82   3
 6 4  5.26988E-05  3.25789E-01  3.25789E-01  1.20000E+01            131.I  53.  83   4
 113  1.63400E-02  3.58400E-01  3.58400E-01  0.00000E+00            131.I  53.  84  13
 6 1  3.70357E-04  3.23844E-01  3.23844E-01  1.30000E+01            131.I  53.  85   1
 6 5  4.46270E-05  3.52983E-01  3.52983E-01  1.30000E+01            131.I  53.  86   5
 6 6  2.27194E-06  3.53296E-01  3.53296E-01  1.30000E+01            131.I  53.  87   6
 6 7  5.60284E-07  3.53625E-01  3.53625E-01  1.30000E+01            131.I  53.  88   7
 6 3  9.64875E-06  3.57473E-01  3.57473E-01  1.30000E+01            131.I  53.  89   3
 6 4  2.43119E-06  3.58400E-01  3.58400E-01  1.30000E+01            131.I  53.  90   4
 114  8.17000E+01  3.64489E-01  3.64489E-01  0.00000E+00            131.I  53.  91  14
 6 1  1.56323E+00  3.29933E-01  3.29933E-01  1.40000E+01            131.I  53.  92   1
 6 5  1.73458E-01  3.59072E-01  3.59072E-01  1.40000E+01            131.I  53.  93   5
 6 6  4.22151E-02  3.59385E-01  3.59385E-01  1.40000E+01            131.I  53.  94   6
 6 7  3.22610E-02  3.59714E-01  3.59714E-01  1.40000E+01            131.I  53.  95   7
 6 3  5.12402E-02  3.63562E-01  3.63562E-01  1.40000E+01            131.I  53.  96   3
 6 4  1.26141E-02  3.64489E-01  3.64489E-01  1.40000E+01            131.I  53.  97   4
 115  5.47390E-02  4.04814E-01  4.04814E-01  0.00000E+00            131.I  53.  98  15
 6 1  8.36041E-04  3.70258E-01  3.70258E-01  1.50000E+01            131.I  53.  99   1
 6 5  9.70620E-05  3.99397E-01  3.99397E-01  1.50000E+01            131.I  53. 100   5
 6 6  1.22577E-05  3.99710E-01  3.99710E-01  1.50000E+01            131.I  53. 101   6
 6 7  7.84401E-06  4.00039E-01  4.00039E-01  1.50000E+01            131.I  53. 102   7
 6 3  2.40032E-05  4.03887E-01  4.03887E-01  1.50000E+01            131.I  53. 103   3
 6 4  5.98244E-06  4.04814E-01  4.04814E-01  1.50000E+01            131.I  53. 104   4
 116  7.35300E-03  4.49600E-01  4.49600E-01  0.00000E+00            131.I  53. 105  16
 117  3.60297E-01  5.03004E-01  5.03004E-01  0.00000E+00            131.I  53. 106  17
 6 1  2.70708E-03  4.68448E-01  4.68448E-01  1.70000E+01            131.I  53. 107   1
 6 5  3.05659E-04  4.97587E-01  4.97587E-01  1.70000E+01            131.I  53. 108   5
 6 6  5.23609E-05  4.97900E-01  4.97900E-01  1.70000E+01            131.I  53. 109   6
 6 7  3.68477E-05  4.98229E-01  4.98229E-01  1.70000E+01            131.I  53. 110   7
 6 3  8.11899E-05  5.02077E-01  5.02077E-01  1.70000E+01            131.I  53. 111   3
 6 4  2.01101E-05  5.03004E-01  5.03004E-01  1.70000E+01            131.I  53. 112   4
 118  7.17326E+00  6.36989E-01  6.36989E-01  0.00000E+00            131.I  53. 113  18
 6 1  2.89762E-02  6.02433E-01  6.02433E-01  1.80000E+01            131.I  53. 114   1
 6 5  3.31138E-03  6.31572E-01  6.31572E-01  1.80000E+01            131.I  53. 115   5
 6 6  4.14683E-04  6.31885E-01  6.31885E-01  1.80000E+01            131.I  53. 116   6
 6 7  2.76177E-04  6.32214E-01  6.32214E-01  1.80000E+01            131.I  53. 117   7
 6 3  8.18822E-04  6.36063E-01  6.36063E-01  1.80000E+01            131.I  53. 118   3
 6 4  2.04042E-04  6.36989E-01  6.36989E-01  1.80000E+01            131.I  53. 119   4
 119  2.17322E-01  6.42719E-01  6.42719E-01  0.00000E+00            131.I  53. 120  19
 6 1  8.58230E-04  6.08163E-01  6.08163E-01  1.90000E+01            131.I  53. 121   1
 6 5  9.81148E-05  6.37302E-01  6.37302E-01  1.90000E+01            131.I  53. 122   5
 6 6  1.21408E-05  6.37615E-01  6.37615E-01  1.90000E+01            131.I  53. 123   6
 6 7  8.07245E-06  6.37944E-01  6.37944E-01  1.90000E+01            131.I  53. 124   7
 6 3  2.42047E-05  6.41792E-01  6.41792E-01  1.90000E+01            131.I  53. 125   3
 6 4  6.03300E-06  6.42719E-01  6.42719E-01  1.90000E+01            131.I  53. 126   4
 120  1.77289E+00  7.22911E-01  7.22911E-01  0.00000E+00            131.I  53. 127  20
 6 1  7.06758E-03  6.88355E-01  6.88355E-01  2.00000E+01            131.I  53. 128   1
 6 5  8.42644E-04  7.17494E-01  7.17494E-01  2.00000E+01            131.I  53. 129   5
 6 6  3.35541E-05  7.17807E-01  7.17807E-01  2.00000E+01            131.I  53. 130   6
 6 7  1.04036E-05  7.18136E-01  7.18136E-01  2.00000E+01            131.I  53. 131   7
 6 3  1.79196E-04  7.21985E-01  7.21985E-01  2.00000E+01            131.I  53. 132   3
 6 4  4.53966E-05  7.22911E-01  7.22911E-01  2.00000E+01            131.I  53. 133   4
 2 1  1.40078E+00  2.94521E-02  2.94521E-02  0.00000E+00            131.I  53. 134   1
 2 2  2.59418E+00  2.97812E-02  2.97812E-02  0.00000E+00            131.I  53. 135   2
 2 3  2.43522E-01  3.35665E-02  3.35665E-02  0.00000E+00            131.I  53. 136   3
 2 4  4.72116E-01  3.36295E-02  3.36295E-02  0.00000E+00            131.I  53. 137   4
 2 5  2.40211E-03  3.38651E-02  3.38651E-02  0.00000E+00            131.I  53. 138   5
 2 6  3.28048E-03  3.38785E-02  3.38785E-02  0.00000E+00            131.I  53. 139   6
 2 7  5.10579E-02  3.43952E-02  3.43952E-02  0.00000E+00            131.I  53. 140   7
 2 8  9.95801E-02  3.44080E-02  3.44080E-02  0.00000E+00            131.I  53. 141   8
 2 9  4.47782E-04  3.44862E-02  3.44862E-02  0.00000E+00            131.I  53. 142   9
 210  6.10349E-04  3.44882E-02  3.44882E-02  0.00000E+00            131.I  53. 143  10
 211  5.23268E-03  3.45436E-02  3.45436E-02  0.00000E+00            131.I  53. 144  11
 212  9.89453E-03  3.45450E-02  3.45450E-02  0.00000E+00            131.I  53. 145  12
 221  1.81712E-05  3.13000E-04  3.13000E-04  0.00000E+00            131.I  53. 146  21
 222  3.41928E-04  6.42201E-04  6.42201E-04  0.00000E+00            131.I  53. 147  22
 223  1.27153E-02  4.42743E-03  4.42743E-03  0.00000E+00            131.I  53. 148  23
 224  2.00360E-02  4.49034E-03  4.49034E-03  0.00000E+00            131.I  53. 149  24
 225  1.89442E-04  4.72599E-03  4.72599E-03  0.00000E+00            131.I  53. 150  25
 226  2.82808E-04  4.73937E-03  4.73937E-03  0.00000E+00            131.I  53. 151  26
 227  2.74089E-03  5.25621E-03  5.25621E-03  0.00000E+00            131.I  53. 152  27
 228  4.43189E-03  5.26892E-03  5.26892E-03  0.00000E+00            131.I  53. 153  28
 229  2.30419E-05  5.34706E-03  5.34706E-03  0.00000E+00            131.I  53. 154  29
 230  3.49998E-05  5.34913E-03  5.34913E-03  0.00000E+00            131.I  53. 155  30
 231  3.11539E-04  5.40454E-03  5.40454E-03  0.00000E+00            131.I  53. 156  31
 232  4.83836E-04  5.40593E-03  5.40593E-03  0.00000E+00            131.I  53. 157  32
 241  1.36135E-07  3.29200E-04  3.29200E-04  0.00000E+00            131.I  53. 158  41
 242  7.78852E-03  3.98191E-03  3.98191E-03  0.00000E+00            131.I  53. 159  42
 243  1.12585E-04  4.17734E-03  4.17734E-03  0.00000E+00            131.I  53. 160  43
 244  1.44796E-01  4.41300E-03  4.41300E-03  0.00000E+00            131.I  53. 161  44
 245  1.11120E-03  4.89553E-03  4.89553E-03  0.00000E+00            131.I  53. 162  45
 246  1.39229E-05  4.95593E-03  4.95593E-03  0.00000E+00            131.I  53. 163  46
 247  2.16155E-02  5.03405E-03  5.03405E-03  0.00000E+00            131.I  53. 164  47
 249  1.33369E-04  5.08031E-03  5.08031E-03  0.00000E+00            131.I  53. 165  49
 250  1.52095E-06  5.09294E-03  5.09294E-03  0.00000E+00            131.I  53. 166  50
 261  2.70989E-02  3.65269E-03  3.65269E-03  0.00000E+00            131.I  53. 167  61
 262  1.49608E-04  3.78523E-03  3.78523E-03  0.00000E+00            131.I  53. 168  62
 263  1.39288E-04  3.84813E-03  3.84813E-03  0.00000E+00            131.I  53. 169  63
 264  2.76832E-02  4.08379E-03  4.08379E-03  0.00000E+00            131.I  53. 170  64
 265  2.45351E-01  4.09719E-03  4.09719E-03  0.00000E+00            131.I  53. 171  65
 266  2.38744E-03  4.56633E-03  4.56633E-03  0.00000E+00            131.I  53. 172  66
 267  1.31668E-05  4.61402E-03  4.61402E-03  0.00000E+00            131.I  53. 173  67
 268  1.26338E-05  4.62673E-03  4.62673E-03  0.00000E+00            131.I  53. 174  68
 269  4.02593E-03  4.70486E-03  4.70486E-03  0.00000E+00            131.I  53. 175  69
 270  3.59019E-02  4.70692E-03  4.70692E-03  0.00000E+00            131.I  53. 176  70
 273  3.36137E-04  4.75109E-03  4.75109E-03  0.00000E+00            131.I  53. 177  73
 274  1.48915E-06  4.76235E-03  4.76235E-03  0.00000E+00            131.I  53. 178  74
 275  1.37496E-06  4.76373E-03  4.76373E-03  0.00000E+00            131.I  53. 179  75
 291  3.09105E-02  6.08259E-04  6.08259E-04  0.00000E+00            131.I  53. 180  91
 292  7.57745E-04  9.22478E-05  9.22478E-05  0.00000E+00            131.I  53. 181  92
 294  7.62736E+01  1.66175E-05  1.66175E-05  0.00000E+00            131.I  53. 182  94
 7 1  3.93828E-01  2.44715E-02  2.44715E-02  0.00000E+00            131.I  53. 183   1
 7 2  1.76190E-01  2.86854E-02  2.86854E-02  0.00000E+00            131.I  53. 184   2
 7 3  1.89387E-02  3.29032E-02  3.29032E-02  0.00000E+00            131.I  53. 185   3
 7 4  8.28747E-01  3.17976E-04  3.17976E-04  0.00000E+00            131.I  53. 186   4
 7 5  3.92981E+00  3.32402E-03  3.32402E-03  0.00000E+00            131.I  53. 187   5
 7 6  1.16568E+00  4.00104E-03  4.00104E-03  0.00000E+00            131.I  53. 188   6
 7 7  8.85238E-02  4.70489E-03  4.70489E-03  0.00000E+00            131.I  53. 189   7
 7 8  4.45522E+00  1.23806E-04  1.23806E-04  0.00000E+00            131.I  53. 190   8
 7 9  9.96618E+00  5.05029E-04  5.05029E-04  0.00000E+00            131.I  53. 191   9
 710  5.70048E-01  6.17060E-04  6.17060E-04  0.00000E+00            131.I  53. 192  10
 711  3.83051E-03  7.66872E-04  7.66872E-04  0.00000E+00            131.I  53. 193  11
 712  1.18727E+01  2.61504E-05  2.61504E-05  0.00000E+00            131.I  53. 194  12
 713  3.62830E+01  3.62367E-05  3.62367E-05  0.00000E+00            131.I  53. 195  13
%%%% 131 I   53    B-           6.92988E+05 8.02070 D  02-11-2005       SEEIEND 
 


   ***************************************************** 
   *                 Radiation Summary                 * 
   ***************************************************** 
 
  Energy released by
    Gamma-ray                       (MeV) =   3.81203E-01
    X-ray                           (MeV) =   1.50914E-03
    Free-bound X-ray                (MeV) =   1.26747E-05
    Annihilation photon             (MeV) =   0.00000E+00
    Beta+ particle                  (MeV) =   0.00000E+00
    Neutrino                        (MeV) =   0.00000E+00
    Beta- particle                  (MeV) =   1.81869E-01
    Neutrino-                       (MeV) =   3.96236E-01
    Internal conv. electron         (MeV) =   9.56688E-03
    Auger and CK electron           (MeV) =   4.12862E-04
    Alpha particle                  (MeV) =   0.00000E+00
    Recoil nucleus                  (MeV) =   0.00000E+00
  E-total (except unplaced radiat.) (MeV) =   9.70809E-01
  E-unplaced radiation              (MeV) =   3.30591E-05
  Q-value from ENSDF data           (MeV) =   9.70800E-01
  Ratio of E-total/Q-value          ( % ) =   1.00001E+02
  Ratio of E-unplaced radi./Q-value ( % ) =   3.40534E-03

 
  Total yield of
    Gamma-ray                             =   1.00763E+00
    X-ray                                 =   5.47506E-02
    Free-bound X-ray                      =   7.62736E-01
    Annihilation photon                   =   0.00000E+00
    Beta+ particle                        =   0.00000E+00
    Beta- particle                        =   1.00000E+00
    Internal conv. electron               =   6.45823E-02
    Auger and CK electron                 =   6.97527E-01
    Alpha particle                        =   0.00000E+00
  Yield of unplaced radiation             =   7.35300E-05


