%%%% 133 I   53    B-           7.48800E+04 20.8 H     02-11-2005       BALASTAR
1 133   I   53 20.8 H          B-         
1INTENSITY AND ENERGY BALANCE DATA

              133-IODINE-53
+                                    HALFLIFE = 20.8 HOURS   
+                                                                  02-11-2005


    LEVEL       INTENSITY   INTENSITY
    ENERGY      ENTERING    LEAVING     PERCENT
    (MEV)       LEVEL       LEVEL       ERROR

   0.0000E+00  9.7886E+01
   2.3322E-01  2.8846E+00  0.0000E+00  2.0000E+02  ********************
   2.6270E-01  4.1001E-01  3.8048E-01  7.4698E+00                      
   5.2987E-01  8.6952E+01  8.7838E+01  1.0133E+00                      
   6.8026E-01  8.3486E-01  8.4737E-01  1.4883E+00                      
   7.4375E-01  1.8344E+00  1.8426E+00  4.4790E-01                      
   8.7533E-01  4.6490E+00  4.6239E+00  5.4167E-01                      
   9.1145E-01  1.5272E-01  1.4926E-01  2.2920E+00                      
   1.0523E+00  7.0445E-01  7.0531E-01  1.2131E-01                      
   1.2364E+00  3.2061E+00  3.1553E+00  1.5956E+00                      
   1.2982E+00  3.8072E+00  3.7840E+00  6.1302E-01                      
   1.3504E+00  4.0076E-01  4.0076E-01  1.2791E-03                      
   1.3862E+00  1.2674E+00  1.2645E+00  2.2965E-01                      
   1.5899E+00  4.2080E-01  4.1945E-01  3.2049E-01                      


 INTENSITY TO GROUND AND ISOMERIC STATE(S) OF DAUGHTER(S)=  1.008E+02
 TOTAL INTENSITY FROM PARENT=  1.000E+02
 PERCENT ERROR =  7.649E-01                      


 TOTAL INTENSITY FROM PARENT =  1.000E+02
 VALUE IS WITHIN   7.63E-06% OF 100                      


 TOTAL ENERGY AVAILABLE =  1.771E+00 MEV
 TOTAL ENERGY CONTENT OF ALL RADIATIONS =  1.775E+00 MEV
 PERCENT ERROR =  1.989E-01                      
%%%% 133 I   53    B-           7.48800E+04 20.8 H     02-11-2005       BALAEND 
%%%% 133 I   53    B-           7.48800E+04 20.8 H     02-11-2005       INPUSTAR
1                                      **INPUT DATA**
              133-IODINE-53
+                                    HALFLIFE = 20.8 HOURS   
+                                                                  02-11-2005

            MODE OF DECAY: BETA MINUS
 
                                MEAN
                                NUMBER/    TRANSITION
                TYPE OF    ID   TRANSFOR-  ENERGY
              TRANSITION   NO.  MATION     (MEV)       OTHER NUCLEAR PARAMETERS

               BETA MINUS   1   4.21E-03   1.811E-01*  ALLOWED                                  
               BETA MINUS   2   1.26E-02   3.848E-01*  ALLOWED                                  
               BETA MINUS   3   4.01E-03   4.206E-01*  ALLOWED                                  
               BETA MINUS   4   3.81E-02   4.728E-01*  ALLOWED                                  
               BETA MINUS   5   3.21E-02   5.346E-01*  ALLOWED                                  
               BETA MINUS   6   6.31E-03   7.187E-01*  ALLOWED                                  
               BETA MINUS   7   3.01E-04   8.595E-01*  UNIQUE SECOND FORBIDDEN                  
               BETA MINUS   8   4.21E-02   8.957E-01*  ALLOWED                                  
               BETA MINUS   9   1.83E-02   1.027E+00*  FIRST FORBIDDEN                          
               BETA MINUS  10   8.32E-01   1.241E+00*  ALLOWED                                  
               BETA MINUS  11   1.04E-02   1.538E+00*  UNIQUE FIRST FORBIDDEN                   
           I.C.E. + GAMMA   1   3.75E-04   1.504E-01   M1 MULTIPOLE                             
+                                                                    AK= 0.228                  
                                                       AL1=0.0278    AL2=0.00184                
                                                       AM= 0.00614   AN+=0.00154                
           I.C.E. + GAMMA   2   7.83E-04   1.770E-01   UNPLACED GAMMA                           
           I.C.E. + GAMMA   3   5.01E-05   2.037E-01   E2 MULTIPOLE                             
+                                                                    AK= 0.120                  
                                                       AL1=0.0123    AL2=0.00677                
                                                       AL3=0.00631   AM= 0.00533                
                                                       AN+=0.00128                              
           I.C.E. + GAMMA   5   3.72E-04   2.460E-01   M1 MULTIPOLE                             
+                                                                    AK= 0.0603                 
                                                       AL1=0.00731   AM= 0.00159                
           I.C.E. + GAMMA   6   3.80E-03   2.627E-01   M1 MULTIPOLE                             
+                                                                    AK= 0.0507                 
                                                       AL1=0.00614   AM= 0.00134                
           I.C.E. + GAMMA   7   1.25E-03   2.672E-01   E2 MULTIPOLE                             
+                                                                    AK= 0.0498                 
                                                       AL1=0.00530   AL2=0.00204                
                                                       AL3=0.00174   AM= 0.00189                
           I.C.E. + GAMMA   8   1.07E-03   3.454E-01   M1 MULTIPOLE                             
+                                                                    AK= 0.0249                 
                                                       AL1=0.00300                              
           I.C.E. + GAMMA   9   1.16E-03   3.611E-01   M1 MULTIPOLE                             
+                                                                    AK= 0.0222                 
                                                       AL1=0.00268                              
           I.C.E. + GAMMA  10   9.80E-05   3.721E-01   M1 MULTIPOLE                             
+                                                                    AK= 0.0206                 
                                                       AL1=0.00248                              
           I.C.E. + GAMMA  11   4.61E-04   3.816E-01   E2 MULTIPOLE                             
+                                                                    AK= 0.0165                 
                                                       AL1=0.00183                              
           I.C.E. + GAMMA  12   6.03E-04   3.869E-01   E2 MULTIPOLE                             
+                                                                    AK= 0.0159                 
                                                       AL1=0.00176                              
           I.C.E. + GAMMA  13   1.57E-03   4.176E-01   M1+E2 MULTIPOLE                          
                                                       MRS=1.00      AK= 0.0140                 
                                                       AL1=0.00163                              
           I.C.E. + GAMMA  14   3.16E-03   4.229E-01   M1+E2 MULTIPOLE                          
                                                       MRS=3.24      AK= 0.0129                 
                                                       AL1=0.00147                              
           I.C.E. + GAMMA  15   4.05E-04   4.389E-01   E2 MULTIPOLE                             
+                                                                    AK= 0.0110                 
                                                       AL1=0.00123                              
           I.C.E. + GAMMA  16   1.84E-02   5.105E-01   E2 MULTIPOLE                             
+                                                                    AK= 0.00722                
           I.C.E. + GAMMA  17   8.79E-05   5.108E-01   M1 MULTIPOLE                             
+                                                                    AK= 0.00933                
                                                       AL1=0.00112                              
           I.C.E. + GAMMA  18   8.79E-04   5.224E-01   M1 MULTIPOLE                             
+                                                                    AK= 0.00883                
                                                       AL1=0.00106                              
           I.C.E. + GAMMA  19   8.77E-01   5.299E-01   M1+E2 MULTIPOLE                          
                                                       MRS=3.42      AK= 0.00698                
           I.C.E. + GAMMA  20   3.60E-04   5.377E-01   M1 MULTIPOLE                             
+                                                                    AK= 0.00823                
           I.C.E. + GAMMA  21   8.72E-06   5.545E-01   E1 MULTIPOLE                             
+                                                                    AK= 0.00202                
           I.C.E. + GAMMA  22   2.01E-04   5.562E-01   E2 MULTIPOLE                             
+                                                                    AK= 0.00574                
           I.C.E. + GAMMA  23   3.48E-05   5.671E-01   UNPLACED GAMMA                           
           I.C.E. + GAMMA  24   5.47E-03   6.180E-01   M1+E2 MULTIPOLE                          
                                                       AK= 0.00586                              
           I.C.E. + GAMMA  25   5.69E-04   6.488E-01   M1 MULTIPOLE                             
+                                                                    AK= 0.00522                
           I.C.E. + GAMMA  26   4.29E-04   6.701E-01   M1 MULTIPOLE                             
+                                                                    AK= 0.00483                
           I.C.E. + GAMMA  27   2.18E-04   6.787E-01   E2 MULTIPOLE                             
+                                                                    AK= 0.00345                
           I.C.E. + GAMMA  28   6.53E-03   6.802E-01   M1 MULTIPOLE                             
+                                                                    AK= 0.00466                
           I.C.E. + GAMMA  29   1.51E-02   7.066E-01   M1+E2 MULTIPOLE                          
                                                       AK= 0.00425                              
           I.C.E. + GAMMA  30   4.62E-03   7.684E-01   M1+E2 MULTIPOLE                          
                                                       MRS=0.360     AK= 0.00324                
           I.C.E. + GAMMA  31   5.06E-04   7.896E-01   E2 MULTIPOLE                             
+                                                                    AK= 0.00239                
           I.C.E. + GAMMA  32   1.55E-03   8.205E-01   M1+E2 MULTIPOLE                          
                                                       MRS=0.640     AK= 0.00268                
           I.C.E. + GAMMA  33   1.25E-02   8.563E-01   E2 MULTIPOLE                             
+                                                                    AK= 0.00198                
           I.C.E. + GAMMA  34   4.52E-02   8.753E-01   E2 MULTIPOLE                             
+                                                                    AK= 0.00188                
           I.C.E. + GAMMA  35   2.15E-03   9.097E-01   M1 MULTIPOLE                             
+                                                                    AK= 0.00236                
           I.C.E. + GAMMA  36   4.62E-04   9.115E-01   M1 MULTIPOLE                             
+                                                                    AK= 0.00235                
           I.C.E. + GAMMA  37   6.09E-05   1.018E+00   UNPLACED GAMMA                           
           I.C.E. + GAMMA  38   8.71E-05   1.036E+00   E2 MULTIPOLE                             
+                                                                    AK= 0.00130                
           I.C.E. + GAMMA  39   5.57E-03   1.052E+00   M1 MULTIPOLE                             
+                                                                    AK= 0.00169                
           I.C.E. + GAMMA  40   1.39E-03   1.060E+00   M1+E2 MULTIPOLE                          
                                                       AK= 0.00166                              
           I.C.E. + GAMMA  41   1.22E-04   1.088E+00   E2 MULTIPOLE                             
+                                                                    AK= 0.00117                
           I.C.E. + GAMMA  42   1.51E-02   1.236E+00   E2 MULTIPOLE                             
           I.C.E. + GAMMA  43   2.35E-02   1.298E+00   M1+E2 MULTIPOLE                          
                                                       MRS=17.6                                 
           I.C.E. + GAMMA  44   4.35E-06   1.327E+00   E2 MULTIPOLE                             
           I.C.E. + GAMMA  45   1.50E-03   1.350E+00   M1+E2 MULTIPOLE                          
           I.C.E. + GAMMA  46   8.74E-05   1.386E+00   M3 MULTIPOLE                             
+                                                                    AK= 0.00377                
           I.C.E. + GAMMA  47   2.96E-05   1.590E+00   M1 MULTIPOLE                             
 
           * ENDPOINT ENERGY (MEV)
           - - - - - - - - - -
           Reference: Evaluated Nuclear Structure Data File (ENSDF)
                DATE DATA WERE ENTERED INTO ENSDF: Oct-1995
%%%% 133 I   53    B-           7.48800E+04 20.8 H     02-11-2005       INPUEND 
%%%% 133 I   53    B-           7.48800E+04 20.8 H     02-11-2005       OUTPSTAR
1                                      **OUTPUT DATA**
              133-IODINE-53
+                                    HALFLIFE = 20.8 HOURS   
+                                                                  02-11-2005

            MODE OF DECAY: BETA MINUS
 
                                              MEAN
                                              NUMBER/                  MEV/
                                         ID   TRANSFOR-   ENERGY       TRANSFOR-
                  TYPE OF RADIATION      NO.  MATION      (MEV)        MATION

           BETA MINUS                     2   1.26E-02    1.134E-01*   1.43E-03
           BETA MINUS                     3   4.01E-03    1.255E-01*   5.03E-04
           BETA MINUS                     4   3.81E-02    1.435E-01*   5.47E-03
           BETA MINUS                     5   3.21E-02    1.654E-01*   5.30E-03
           BETA MINUS                     6   6.31E-03    2.337E-01*   1.48E-03
           BETA MINUS                     8   4.21E-02    3.029E-01*   1.27E-02
           BETA MINUS                     9   1.83E-02    3.561E-01*   6.53E-03
           BETA MINUS                    10   8.32E-01    4.452E-01*   3.70E-01
           BETA MINUS                    11   1.04E-02    5.778E-01*   6.02E-03
           GAMMA-RAY                      6   3.59E-03    2.627E-01    9.44E-04
           GAMMA-RAY                     13   1.54E-03    4.176E-01    6.43E-04
           GAMMA-RAY                     14   3.11E-03    4.229E-01    1.32E-03
           GAMMA-RAY                     16   1.83E-02    5.105E-01    9.33E-03
           GAMMA-RAY                     19   8.70E-01    5.299E-01    4.61E-01
           K CONV. ELECTRON, GAMMA-RAY   19   6.07E-03    4.953E-01    3.01E-03
           GAMMA-RAY                     24   5.44E-03    6.180E-01    3.36E-03
           GAMMA-RAY                     28   6.50E-03    6.802E-01    4.42E-03
           GAMMA-RAY                     29   1.51E-02    7.066E-01    1.06E-02
           GAMMA-RAY                     30   4.60E-03    7.684E-01    3.54E-03
           GAMMA-RAY                     32   1.55E-03    8.205E-01    1.27E-03
           GAMMA-RAY                     33   1.24E-02    8.563E-01    1.07E-02
           GAMMA-RAY                     34   4.51E-02    8.753E-01    3.94E-02
           GAMMA-RAY                     35   2.14E-03    9.097E-01    1.95E-03
           GAMMA-RAY                     39   5.56E-03    1.052E+00    5.85E-03
           GAMMA-RAY                     40   1.38E-03    1.060E+00    1.47E-03
           GAMMA-RAY                     42   1.51E-02    1.236E+00    1.86E-02
           GAMMA-RAY                     43   2.35E-02    1.298E+00    3.05E-02
           GAMMA-RAY                     45   1.50E-03    1.350E+00    2.02E-03
 
           ALL LISTED X-RAYS, GAMMA-RAYS AND ANNIHILATION RADIATION    6.07E-01
           ALL NEGLECTED X-RAYS, GAMMA-RAYS AND ANNIH. RADIATION**     5.07E-03
           ALL LISTED BETAS, INTERNAL CONVERSION AND AUGER ELECTRONS   4.13E-01
           ALL NEGLECTED BETAS, INT. CONVERSION AND AUGER ELECTRONS**  1.43E-03
           ALL LISTED RADIATIONS                                       1.02E+00
           ALL NEGLECTED RADIATIONS**                                  6.50E-03
 
           *  AVERAGE ENERGY (MEV)
           ** EACH NEGLECTED TRANSITION CONTRIBUTES LESS THAN  0.100%
              TO THE TOTAL MEV/TRANSFORMATION FOR THIS CATEGORY.
           TOTAL FEEDING OF 0.233221 MEV ISOMERIC LEVEL IN 133-XENON       
             DAUGHTER IS 2.8846E-02 PER TRANSFORMATION OF 133-IODINE.
             DECAY OF THIS 2.19 DAYS HALFLIFE LEVEL WILL CONTRIBUTE TO DOSE.
           TOTAL FEEDING OF GROUND STATE LEVEL IN 133-XENON
             DAUGHTER IS 9.7115E-01 PER TRANSFORMATION OF 133-IODINE.
             DECAY OF THIS 5.243 DAYS HALFLIFE LEVEL WILL CONTRIBUTE TO DOSE.
           - - - - - - - - - -
           INPUT DATA SOURCE: EVALUATED NUCLEAR STRUCTURE DATA FILE (ENSDF)
             DATE INPUT DATA WERE ENTERED INTO ENSDF: Oct-1995
%%%% 133 I   53    B-           7.48800E+04 20.8 H     02-11-2005       OUTPEND 
%%%% 133 I   53    B-           7.48800E+04 20.8 H     02-11-2005       BETASTAR
1
              133-IODINE-53
+                                    HALFLIFE = 20.8 HOURS   
+                                                                  02-11-2005

            BETA SPECTRUM DATA FOR ALL DECAY BRANCHES

                      BETAS PER                BETAS PER                BETAS PER
            ENERGY    MEV            ENERGY    MEV            ENERGY    MEV
            (MEV)     PER DECAY      (MEV)     PER DECAY      (MEV)     PER DECAY

            0.00000   1.355E+00      0.00260   1.352E+00      0.07500   1.369E+00
            0.00010   1.354E+00      0.00280   1.351E+00      0.08000   1.370E+00
            0.00011   1.354E+00      0.00300   1.351E+00      0.08500   1.371E+00
            0.00012   1.354E+00      0.00320   1.351E+00      0.09000   1.372E+00
            0.00013   1.354E+00      0.00360   1.350E+00      0.10000   1.373E+00
            0.00014   1.354E+00      0.00400   1.350E+00      0.11000   1.373E+00
            0.00015   1.354E+00      0.00450   1.349E+00      0.12000   1.374E+00
            0.00016   1.354E+00      0.00500   1.349E+00      0.13000   1.373E+00
            0.00018   1.354E+00      0.00550   1.348E+00      0.14000   1.372E+00
            0.00020   1.354E+00      0.00600   1.348E+00      0.15000   1.371E+00
            0.00022   1.354E+00      0.00650   1.347E+00      0.16000   1.370E+00
            0.00024   1.354E+00      0.00700   1.346E+00      0.18000   1.366E+00
            0.00026   1.354E+00      0.00750   1.346E+00      0.20000   1.361E+00
            0.00028   1.354E+00      0.00800   1.345E+00      0.22000   1.352E+00
            0.00030   1.354E+00      0.00850   1.345E+00      0.24000   1.341E+00
            0.00032   1.354E+00      0.00900   1.344E+00      0.26000   1.327E+00
            0.00036   1.354E+00      0.01000   1.345E+00      0.28000   1.311E+00
            0.00040   1.354E+00      0.01100   1.346E+00      0.30000   1.293E+00
            0.00045   1.354E+00      0.01200   1.347E+00      0.32000   1.274E+00
            0.00050   1.354E+00      0.01300   1.347E+00      0.36000   1.232E+00
            0.00055   1.354E+00      0.01400   1.348E+00      0.40000   1.188E+00
            0.00060   1.354E+00      0.01500   1.348E+00      0.45000   1.132E+00
            0.00065   1.354E+00      0.01600   1.349E+00      0.50000   1.076E+00
            0.00070   1.354E+00      0.01800   1.350E+00      0.55000   1.014E+00
            0.00075   1.354E+00      0.02000   1.351E+00      0.60000   9.425E-01
            0.00080   1.354E+00      0.02200   1.352E+00      0.65000   8.619E-01
            0.00085   1.354E+00      0.02400   1.353E+00      0.70000   7.742E-01
            0.00090   1.354E+00      0.02600   1.354E+00      0.75000   6.817E-01
            0.00100   1.353E+00      0.02800   1.355E+00      0.80000   5.863E-01
            0.00110   1.353E+00      0.03000   1.355E+00      0.85000   4.907E-01
            0.00120   1.353E+00      0.03200   1.356E+00      0.90000   3.978E-01
            0.00130   1.353E+00      0.03600   1.358E+00      1.00000   2.263E-01
            0.00140   1.353E+00      0.04000   1.359E+00      1.10000   8.981E-02
            0.00150   1.353E+00      0.04500   1.361E+00      1.20000   1.178E-02
            0.00160   1.353E+00      0.05000   1.363E+00      1.30000   2.285E-03
            0.00180   1.352E+00      0.05500   1.364E+00      1.40000   9.406E-04
            0.00200   1.352E+00      0.06000   1.366E+00      1.50000   8.644E-05
            0.00220   1.352E+00      0.06500   1.367E+00      1.53778   0.000E+00
            0.00240   1.352E+00      0.07000   1.368E+00

            AVERAGE BETA ENERGY =   4.100E-01

            TOTAL BETAS PER DECAY FOR ALL BRANCHES =   1.000E+00
%%%% 133 I   53    B-           7.48800E+04 20.8 H     02-11-2005       BETAEND 
%%%% 133 I   53    B-           7.48800E+04 20.8 H     02-11-2005       SEEISTAR
133.  IODINE       53.  2.080E+01 HOURS    377 B-                   133.I  53.   0
 5 1  4.20800E-01  4.92317E-02  1.81060E-01  0.00000E+00            133.I  53.   1   1
 5 2  1.26240E+00  1.13448E-01  3.84850E-01  0.00000E+00            133.I  53.   2   2
 5 3  4.00761E-01  1.25538E-01  4.20621E-01  0.00000E+00            133.I  53.   3   3
 5 4  3.80723E+00  1.43544E-01  4.72762E-01  0.00000E+00            133.I  53.   4   4
 5 5  3.20609E+00  1.65430E-01  5.34553E-01  0.00000E+00            133.I  53.   5   5
 5 6  6.31199E-01  2.33717E-01  7.18704E-01  0.00000E+00            133.I  53.   6   6
 5 7  3.00571E-02  3.24303E-01  8.59550E-01  2.00000E+00            133.I  53.   7   7
 5 8  4.20800E+00  3.02890E-01  8.95670E-01  0.00000E+00            133.I  53.   8   8
 5 9  1.83348E+00  3.56117E-01  1.02725E+00  0.00000E+00            133.I  53.   9   9
 510  8.31580E+01  4.45228E-01  1.24113E+00  0.00000E+00            133.I  53.  10  10
 511  1.04198E+00  5.77790E-01  1.53778E+00  1.00000E+00            133.I  53.  11  11
 1 1  2.95800E-02  1.50390E-01  1.50390E-01  0.00000E+00            133.I  53.  12   1
 6 1  6.75467E-03  1.15834E-01  1.15834E-01  1.00000E+00            133.I  53.  13   1
 6 5  8.22303E-04  1.44973E-01  1.44973E-01  1.00000E+00            133.I  53.  14   5
 6 6  5.42991E-05  1.45286E-01  1.45286E-01  1.00000E+00            133.I  53.  15   6
 6 7  1.28263E-05  1.45615E-01  1.45615E-01  1.00000E+00            133.I  53.  16   7
 6 3  1.81579E-04  1.49463E-01  1.49463E-01  1.00000E+00            133.I  53.  17   3
 6 4  4.56487E-05  1.50390E-01  1.50390E-01  1.00000E+00            133.I  53.  18   4
 1 2  7.83000E-02  1.76970E-01  1.76970E-01  0.00000E+00            133.I  53.  19   2
 1 3  4.35000E-03  2.03700E-01  2.03700E-01  0.00000E+00            133.I  53.  20   3
 6 1  5.21339E-04  1.69144E-01  1.69144E-01  3.00000E+00            133.I  53.  21   1
 6 5  5.35025E-05  1.98283E-01  1.98283E-01  3.00000E+00            133.I  53.  22   5
 6 6  2.94335E-05  1.98596E-01  1.98596E-01  3.00000E+00            133.I  53.  23   6
 6 7  2.74681E-05  1.98925E-01  1.98925E-01  3.00000E+00            133.I  53.  24   7
 6 3  2.31752E-05  2.02773E-01  2.02773E-01  3.00000E+00            133.I  53.  25   3
 6 4  5.58586E-06  2.03700E-01  2.03700E-01  3.00000E+00            133.I  53.  26   4
 1 5  3.48000E-02  2.45950E-01  2.45950E-01  0.00000E+00            133.I  53.  27   5
 6 1  2.09962E-03  2.11394E-01  2.11394E-01  5.00000E+00            133.I  53.  28   1
 6 5  2.54234E-04  2.40533E-01  2.40533E-01  5.00000E+00            133.I  53.  29   5
 6 6  1.47303E-05  2.40846E-01  2.40846E-01  5.00000E+00            133.I  53.  30   6
 6 7  3.51600E-06  2.41175E-01  2.41175E-01  5.00000E+00            133.I  53.  31   7
 6 3  5.54189E-05  2.45023E-01  2.45023E-01  5.00000E+00            133.I  53.  32   3
 6 4  1.39945E-05  2.45950E-01  2.45950E-01  5.00000E+00            133.I  53.  33   4
 1 6  3.59310E-01  2.62702E-01  2.62702E-01  0.00000E+00            133.I  53.  34   6
 6 1  1.82145E-02  2.28146E-01  2.28146E-01  6.00000E+00            133.I  53.  35   1
 6 5  2.20443E-03  2.57285E-01  2.57285E-01  6.00000E+00            133.I  53.  36   5
 6 6  1.25035E-04  2.57598E-01  2.57598E-01  6.00000E+00            133.I  53.  37   6
 6 7  2.99756E-05  2.57927E-01  2.57927E-01  6.00000E+00            133.I  53.  38   7
 6 3  4.79831E-04  2.61775E-01  2.61775E-01  6.00000E+00            133.I  53.  39   3
 6 4  1.21100E-04  2.62702E-01  2.62702E-01  6.00000E+00            133.I  53.  40   4
 1 7  1.17450E-01  2.67173E-01  2.67173E-01  0.00000E+00            133.I  53.  41   7
 6 1  5.84568E-03  2.32617E-01  2.32617E-01  7.00000E+00            133.I  53.  42   1
 6 5  6.22833E-04  2.61756E-01  2.61756E-01  7.00000E+00            133.I  53.  43   5
 6 6  2.39867E-04  2.62069E-01  2.62069E-01  7.00000E+00            133.I  53.  44   6
 6 7  2.04848E-04  2.62398E-01  2.62398E-01  7.00000E+00            133.I  53.  45   7
 6 3  2.22435E-04  2.66246E-01  2.66246E-01  7.00000E+00            133.I  53.  46   3
 6 4  5.41478E-05  2.67173E-01  2.67173E-01  7.00000E+00            133.I  53.  47   4
 1 8  1.04400E-01  3.45430E-01  3.45430E-01  0.00000E+00            133.I  53.  48   8
 6 1  2.59962E-03  3.10874E-01  3.10874E-01  8.00000E+00            133.I  53.  49   1
 6 5  3.13506E-04  3.40013E-01  3.40013E-01  8.00000E+00            133.I  53.  50   5
 6 6  1.61743E-05  3.40326E-01  3.40326E-01  8.00000E+00            133.I  53.  51   6
 6 7  3.97315E-06  3.40655E-01  3.40655E-01  8.00000E+00            133.I  53.  52   7
 6 3  6.78376E-05  3.44503E-01  3.44503E-01  8.00000E+00            133.I  53.  53   3
 6 4  1.70916E-05  3.45430E-01  3.45430E-01  8.00000E+00            133.I  53.  54   4
 1 9  1.13100E-01  3.61090E-01  3.61090E-01  0.00000E+00            133.I  53.  55   9
 6 1  2.51516E-03  3.26534E-01  3.26534E-01  9.00000E+00            133.I  53.  56   1
 6 5  3.03018E-04  3.55673E-01  3.55673E-01  9.00000E+00            133.I  53.  57   5
 6 6  1.53846E-05  3.55986E-01  3.55986E-01  9.00000E+00            133.I  53.  58   6
 6 7  3.79711E-06  3.56315E-01  3.56315E-01  9.00000E+00            133.I  53.  59   7
 6 3  6.55043E-05  3.60163E-01  3.60163E-01  9.00000E+00            133.I  53.  60   3
 6 4  1.65055E-05  3.61090E-01  3.61090E-01  9.00000E+00            133.I  53.  61   4
 110  9.57000E-03  3.72050E-01  3.72050E-01  0.00000E+00            133.I  53.  62  10
 6 1  1.97253E-04  3.37494E-01  3.37494E-01  1.00000E+01            133.I  53.  63   1
 6 5  2.37481E-05  3.66633E-01  3.66633E-01  1.00000E+01            133.I  53.  64   5
 6 6  1.19257E-06  3.66946E-01  3.66946E-01  1.00000E+01            133.I  53.  65   6
 6 7  2.95337E-07  3.67275E-01  3.67275E-01  1.00000E+01            133.I  53.  66   7
 6 3  5.13026E-06  3.71123E-01  3.71123E-01  1.00000E+01            133.I  53.  67   3
 6 4  1.29283E-06  3.72050E-01  3.72050E-01  1.00000E+01            133.I  53.  68   4
 111  4.52400E-02  3.81590E-01  3.81590E-01  0.00000E+00            133.I  53.  69  11
 6 1  7.48105E-04  3.47034E-01  3.47034E-01  1.10000E+01            133.I  53.  70   1
 6 5  8.28067E-05  3.76173E-01  3.76173E-01  1.10000E+01            133.I  53.  71   5
 6 6  2.02507E-05  3.76486E-01  3.76486E-01  1.10000E+01            133.I  53.  72   6
 6 7  1.54240E-05  3.76815E-01  3.76815E-01  1.10000E+01            133.I  53.  73   7
 6 3  2.44889E-05  3.80663E-01  3.80663E-01  1.10000E+01            133.I  53.  74   3
 6 4  6.02703E-06  3.81590E-01  3.81590E-01  1.10000E+01            133.I  53.  75   4
 112  5.91600E-02  3.86850E-01  3.86850E-01  0.00000E+00            133.I  53.  76  12
 6 1  9.39363E-04  3.52294E-01  3.52294E-01  1.20000E+01            133.I  53.  77   1
 6 5  1.04097E-04  3.81433E-01  3.81433E-01  1.20000E+01            133.I  53.  78   5
 6 6  2.50178E-05  3.81746E-01  3.81746E-01  1.20000E+01            133.I  53.  79   6
 6 7  1.89754E-05  3.82075E-01  3.82075E-01  1.20000E+01            133.I  53.  80   7
 6 3  3.06009E-05  3.85923E-01  3.85923E-01  1.20000E+01            133.I  53.  81   3
 6 4  7.53374E-06  3.86850E-01  3.86850E-01  1.20000E+01            133.I  53.  82   4
 113  1.53990E-01  4.17560E-01  4.17560E-01  0.00000E+00            133.I  53.  83  13
 6 1  2.16347E-03  3.83004E-01  3.83004E-01  1.30000E+01            133.I  53.  84   1
 6 5  2.51395E-04  4.12143E-01  4.12143E-01  1.30000E+01            133.I  53.  85   5
 6 6  3.06039E-05  4.12456E-01  4.12456E-01  1.30000E+01            133.I  53.  86   6
 6 7  1.93321E-05  4.12785E-01  4.12785E-01  1.30000E+01            133.I  53.  87   7
 6 3  6.17075E-05  4.16633E-01  4.16633E-01  1.30000E+01            133.I  53.  88   3
 6 4  1.53885E-05  4.17560E-01  4.17560E-01  1.30000E+01            133.I  53.  89   4
 114  3.11460E-01  4.22910E-01  4.22910E-01  0.00000E+00            133.I  53.  90  14
 6 1  4.00755E-03  3.88354E-01  3.88354E-01  1.40000E+01            133.I  53.  91   1
 6 5  4.56497E-04  4.17493E-01  4.17493E-01  1.40000E+01            133.I  53.  92   5
 6 6  7.59933E-05  4.17806E-01  4.17806E-01  1.40000E+01            133.I  53.  93   6
 6 7  5.30633E-05  4.18135E-01  4.18135E-01  1.40000E+01            133.I  53.  94   7
 6 3  1.20373E-04  4.21983E-01  4.21983E-01  1.40000E+01            133.I  53.  95   3
 6 4  2.98511E-05  4.22910E-01  4.22910E-01  1.40000E+01            133.I  53.  96   4
 115  4.00200E-02  4.38870E-01  4.38870E-01  0.00000E+00            133.I  53.  97  15
 6 1  4.40049E-04  4.04314E-01  4.04314E-01  1.50000E+01            133.I  53.  98   1
 6 5  4.92421E-05  4.33453E-01  4.33453E-01  1.50000E+01            133.I  53.  99   5
 6 6  1.00742E-05  4.33766E-01  4.33766E-01  1.50000E+01            133.I  53. 100   6
 6 7  7.36169E-06  4.34095E-01  4.34095E-01  1.50000E+01            133.I  53. 101   7
 6 3  1.37476E-05  4.37943E-01  4.37943E-01  1.50000E+01            133.I  53. 102   3
 6 4  3.39428E-06  4.38870E-01  4.38870E-01  1.50000E+01            133.I  53. 103   4
 116  1.82700E+00  5.10530E-01  5.10530E-01  0.00000E+00            133.I  53. 104  16
 6 1  1.31835E-02  4.75974E-01  4.75974E-01  1.60000E+01            133.I  53. 105   1
 6 5  1.48988E-03  5.05113E-01  5.05113E-01  1.60000E+01            133.I  53. 106   5
 6 6  2.50281E-04  5.05426E-01  5.05426E-01  1.60000E+01            133.I  53. 107   6
 6 7  1.75445E-04  5.05755E-01  5.05755E-01  1.60000E+01            133.I  53. 108   7
 6 3  3.93745E-04  5.09603E-01  5.09603E-01  1.60000E+01            133.I  53. 109   3
 6 4  9.75632E-05  5.10530E-01  5.10530E-01  1.60000E+01            133.I  53. 110   4
 117  8.70000E-03  5.10800E-01  5.10800E-01  0.00000E+00            133.I  53. 111  17
 6 1  8.12003E-05  4.76244E-01  4.76244E-01  1.70000E+01            133.I  53. 112   1
 6 5  9.72313E-06  5.05383E-01  5.05383E-01  1.70000E+01            133.I  53. 113   5
 6 6  4.30782E-07  5.05696E-01  5.05696E-01  1.70000E+01            133.I  53. 114   6
 6 7  1.11639E-07  5.06025E-01  5.06025E-01  1.70000E+01            133.I  53. 115   7
 6 3  2.08185E-06  5.09873E-01  5.09873E-01  1.70000E+01            133.I  53. 116   3
 6 4  5.26134E-07  5.10800E-01  5.10800E-01  1.70000E+01            133.I  53. 117   4
 118  8.70000E-02  5.22400E-01  5.22400E-01  0.00000E+00            133.I  53. 118  18
 6 1  7.68316E-04  4.87844E-01  4.87844E-01  1.80000E+01            133.I  53. 119   1
 6 5  9.19883E-05  5.16983E-01  5.16983E-01  1.80000E+01            133.I  53. 120   5
 6 6  4.03667E-06  5.17296E-01  5.17296E-01  1.80000E+01            133.I  53. 121   6
 6 7  1.05027E-06  5.17625E-01  5.17625E-01  1.80000E+01            133.I  53. 122   7
 6 3  1.96799E-05  5.21473E-01  5.21473E-01  1.80000E+01            133.I  53. 123   3
 6 4  4.97521E-06  5.22400E-01  5.22400E-01  1.80000E+01            133.I  53. 124   4
 119  8.70000E+01  5.29872E-01  5.29872E-01  0.00000E+00            133.I  53. 125  19
 6 1  6.07211E-01  4.95316E-01  4.95316E-01  1.90000E+01            133.I  53. 126   1
 6 5  6.98532E-02  5.24455E-01  5.24455E-01  1.90000E+01            133.I  53. 127   5
 6 6  8.83615E-03  5.24768E-01  5.24768E-01  1.90000E+01            133.I  53. 128   6
 6 7  5.75567E-03  5.25097E-01  5.25097E-01  1.90000E+01            133.I  53. 129   7
 6 3  1.72861E-02  5.28946E-01  5.28946E-01  1.90000E+01            133.I  53. 130   3
 6 4  4.30796E-03  5.29872E-01  5.29872E-01  1.90000E+01            133.I  53. 131   4
 120  3.56700E-02  5.37730E-01  5.37730E-01  0.00000E+00            133.I  53. 132  20
 6 1  2.93408E-04  5.03174E-01  5.03174E-01  2.00000E+01            133.I  53. 133   1
 6 5  3.51234E-05  5.32313E-01  5.32313E-01  2.00000E+01            133.I  53. 134   5
 6 6  1.52220E-06  5.32626E-01  5.32626E-01  2.00000E+01            133.I  53. 135   6
 6 7  3.98164E-07  5.32955E-01  5.32955E-01  2.00000E+01            133.I  53. 136   7
 6 3  7.50643E-06  5.36803E-01  5.36803E-01  2.00000E+01            133.I  53. 137   3
 6 4  1.89846E-06  5.37730E-01  5.37730E-01  2.00000E+01            133.I  53. 138   4
 121  8.70000E-04  5.54500E-01  5.54500E-01  0.00000E+00            133.I  53. 139  21
 6 1  1.75865E-06  5.19944E-01  5.19944E-01  2.10000E+01            133.I  53. 140   1
 6 5  1.98945E-07  5.49083E-01  5.49083E-01  2.10000E+01            133.I  53. 141   5
 6 6  8.14002E-09  5.49396E-01  5.49396E-01  2.10000E+01            133.I  53. 142   6
 6 7  1.05695E-08  5.49725E-01  5.49725E-01  2.10000E+01            133.I  53. 143   7
 6 3  4.39811E-08  5.53573E-01  5.53573E-01  2.10000E+01            133.I  53. 144   3
 6 4  1.10315E-08  5.54500E-01  5.54500E-01  2.10000E+01            133.I  53. 145   4
 122  2.00100E-02  5.56170E-01  5.56170E-01  0.00000E+00            133.I  53. 146  22
 6 1  1.14800E-04  5.21614E-01  5.21614E-01  2.20000E+01            133.I  53. 147   1
 6 5  1.30356E-05  5.50753E-01  5.50753E-01  2.20000E+01            133.I  53. 148   5
 6 6  1.95548E-06  5.51066E-01  5.51066E-01  2.20000E+01            133.I  53. 149   6
 6 7  1.34181E-06  5.51395E-01  5.51395E-01  2.20000E+01            133.I  53. 150   7
 6 3  3.35088E-06  5.55243E-01  5.55243E-01  2.20000E+01            133.I  53. 151   3
 6 4  8.32071E-07  5.56170E-01  5.56170E-01  2.20000E+01            133.I  53. 152   4
 123  3.48000E-03  5.67100E-01  5.67100E-01  0.00000E+00            133.I  53. 153  23
 124  5.43750E-01  6.17974E-01  6.17974E-01  0.00000E+00            133.I  53. 154  24
 6 1  3.18813E-03  5.83418E-01  5.83418E-01  2.40000E+01            133.I  53. 155   1
 6 5  3.81357E-04  6.12557E-01  6.12557E-01  2.40000E+01            133.I  53. 156   5
 6 6  1.55342E-05  6.12870E-01  6.12870E-01  2.40000E+01            133.I  53. 157   6
 6 7  4.18448E-06  6.13199E-01  6.13199E-01  2.40000E+01            133.I  53. 158   7
 6 3  8.11065E-05  6.17047E-01  6.17047E-01  2.40000E+01            133.I  53. 159   3
 6 4  2.05490E-05  6.17974E-01  6.17974E-01  2.40000E+01            133.I  53. 160   4
 125  5.65500E-02  6.48760E-01  6.48760E-01  0.00000E+00            133.I  53. 161  25
 6 1  2.94933E-04  6.14204E-01  6.14204E-01  2.50000E+01            133.I  53. 162   1
 6 5  3.52672E-05  6.43343E-01  6.43343E-01  2.50000E+01            133.I  53. 163   5
 6 6  1.40467E-06  6.43656E-01  6.43656E-01  2.50000E+01            133.I  53. 164   6
 6 7  3.82821E-07  6.43985E-01  6.43985E-01  2.50000E+01            133.I  53. 165   7
 6 3  7.48887E-06  6.47833E-01  6.47833E-01  2.50000E+01            133.I  53. 166   3
 6 4  1.89823E-06  6.48760E-01  6.48760E-01  2.50000E+01            133.I  53. 167   4
 126  4.26300E-02  6.70100E-01  6.70100E-01  0.00000E+00            133.I  53. 168  26
 6 1  2.05741E-04  6.35544E-01  6.35544E-01  2.60000E+01            133.I  53. 169   1
 6 5  2.45952E-05  6.64683E-01  6.64683E-01  2.60000E+01            133.I  53. 170   5
 6 6  9.64864E-07  6.64996E-01  6.64996E-01  2.60000E+01            133.I  53. 171   6
 6 7  2.65252E-07  6.65325E-01  6.65325E-01  2.60000E+01            133.I  53. 172   7
 6 3  5.21761E-06  6.69173E-01  6.69173E-01  2.60000E+01            133.I  53. 173   3
 6 4  1.32284E-06  6.70100E-01  6.70100E-01  2.60000E+01            133.I  53. 174   4
 127  2.17500E-02  6.78650E-01  6.78650E-01  0.00000E+00            133.I  53. 175  27
 6 1  7.49706E-05  6.44094E-01  6.44094E-01  2.70000E+01            133.I  53. 176   1
 6 5  8.58929E-06  6.73233E-01  6.73233E-01  2.70000E+01            133.I  53. 177   5
 6 6  9.88315E-07  6.73546E-01  6.73546E-01  2.70000E+01            133.I  53. 178   6
 6 7  6.51049E-07  6.73875E-01  6.73875E-01  2.70000E+01            133.I  53. 179   7
 6 3  2.09026E-06  6.77724E-01  6.77724E-01  2.70000E+01            133.I  53. 180   3
 6 4  5.21770E-07  6.78650E-01  6.78650E-01  2.70000E+01            133.I  53. 181   4
 128  6.49890E-01  6.80247E-01  6.80247E-01  0.00000E+00            133.I  53. 182  28
 6 1  3.02586E-03  6.45691E-01  6.45691E-01  2.80000E+01            133.I  53. 183   1
 6 5  3.61674E-04  6.74830E-01  6.74830E-01  2.80000E+01            133.I  53. 184   5
 6 6  1.40879E-05  6.75143E-01  6.75143E-01  2.80000E+01            133.I  53. 185   6
 6 7  3.88918E-06  6.75472E-01  6.75472E-01  2.80000E+01            133.I  53. 186   7
 6 3  7.66918E-05  6.79321E-01  6.79321E-01  2.80000E+01            133.I  53. 187   3
 6 4  1.94458E-05  6.80247E-01  6.80247E-01  2.80000E+01            133.I  53. 188   4
 129  1.50510E+00  7.06578E-01  7.06578E-01  0.00000E+00            133.I  53. 189  29
 6 1  6.40363E-03  6.72022E-01  6.72022E-01  2.90000E+01            133.I  53. 190   1
 6 5  7.64770E-04  7.01161E-01  7.01161E-01  2.90000E+01            133.I  53. 191   5
 6 6  2.92532E-05  7.01474E-01  7.01474E-01  2.90000E+01            133.I  53. 192   6
 6 7  8.16662E-06  7.01803E-01  7.01803E-01  2.90000E+01            133.I  53. 193   7
 6 3  1.62063E-04  7.05651E-01  7.05651E-01  2.90000E+01            133.I  53. 194   3
 6 4  4.10822E-05  7.06578E-01  7.06578E-01  2.90000E+01            133.I  53. 195   4
 130  4.60230E-01  7.68382E-01  7.68382E-01  0.00000E+00            133.I  53. 196  30
 6 1  1.49230E-03  7.33826E-01  7.33826E-01  3.00000E+01            133.I  53. 197   1
 6 5  1.76579E-04  7.62965E-01  7.62965E-01  3.00000E+01            133.I  53. 198   5
 6 6  8.65205E-06  7.63278E-01  7.63278E-01  3.00000E+01            133.I  53. 199   6
 6 7  3.73888E-06  7.63607E-01  7.63607E-01  3.00000E+01            133.I  53. 200   7
 6 3  3.82769E-05  7.67456E-01  7.67456E-01  3.00000E+01            133.I  53. 201   3
 6 4  9.67099E-06  7.68382E-01  7.68382E-01  3.00000E+01            133.I  53. 202   4
 131  5.04600E-02  7.89590E-01  7.89590E-01  0.00000E+00            133.I  53. 203  31
 6 1  1.20636E-04  7.55034E-01  7.55034E-01  3.10000E+01            133.I  53. 204   1
 6 5  1.38901E-05  7.84173E-01  7.84173E-01  3.10000E+01            133.I  53. 205   5
 6 6  1.30436E-06  7.84486E-01  7.84486E-01  3.10000E+01            133.I  53. 206   6
 6 7  8.42948E-07  7.84815E-01  7.84815E-01  3.10000E+01            133.I  53. 207   7
 6 3  3.27305E-06  7.88664E-01  7.88664E-01  3.10000E+01            133.I  53. 208   3
 6 4  8.20277E-07  7.89590E-01  7.89590E-01  3.10000E+01            133.I  53. 209   4
 132  1.54860E-01  8.20506E-01  8.20506E-01  0.00000E+00            133.I  53. 210  32
 6 1  4.14918E-04  7.85950E-01  7.85950E-01  3.20000E+01            133.I  53. 211   1
 6 5  4.88788E-05  8.15089E-01  8.15089E-01  3.20000E+01            133.I  53. 212   5
 6 6  2.55338E-06  8.15402E-01  8.15402E-01  3.20000E+01            133.I  53. 213   6
 6 7  1.22550E-06  8.15731E-01  8.15731E-01  3.20000E+01            133.I  53. 214   7
 6 3  1.06800E-05  8.19579E-01  8.19579E-01  3.20000E+01            133.I  53. 215   3
 6 4  2.69518E-06  8.20506E-01  8.20506E-01  3.20000E+01            133.I  53. 216   4
 133  1.24410E+00  8.56278E-01  8.56278E-01  0.00000E+00            133.I  53. 217  33
 6 1  2.46334E-03  8.21722E-01  8.21722E-01  3.30000E+01            133.I  53. 218   1
 6 5  2.84219E-04  8.50861E-01  8.50861E-01  3.30000E+01            133.I  53. 219   5
 6 6  2.39422E-05  8.51174E-01  8.51174E-01  3.30000E+01            133.I  53. 220   6
 6 7  1.53553E-05  8.51503E-01  8.51503E-01  3.30000E+01            133.I  53. 221   7
 6 3  6.59994E-05  8.55352E-01  8.55352E-01  3.30000E+01            133.I  53. 222   3
 6 4  1.65800E-05  8.56278E-01  8.56278E-01  3.30000E+01            133.I  53. 223   4
 134  4.50660E+00  8.75329E-01  8.75329E-01  0.00000E+00            133.I  53. 224  34
 6 1  8.48560E-03  8.40773E-01  8.40773E-01  3.40000E+01            133.I  53. 225   1
 6 5  9.79549E-04  8.69912E-01  8.69912E-01  3.40000E+01            133.I  53. 226   5
 6 6  8.01237E-05  8.70225E-01  8.70225E-01  3.40000E+01            133.I  53. 227   6
 6 7  5.13329E-05  8.70554E-01  8.70554E-01  3.40000E+01            133.I  53. 228   7
 6 3  2.26629E-04  8.74402E-01  8.74402E-01  3.40000E+01            133.I  53. 229   3
 6 4  5.69725E-05  8.75329E-01  8.75329E-01  3.40000E+01            133.I  53. 230   4
 135  2.14020E-01  9.09670E-01  9.09670E-01  0.00000E+00            133.I  53. 231  35
 6 1  5.05012E-04  8.75114E-01  8.75114E-01  3.50000E+01            133.I  53. 232   1
 6 5  5.99356E-05  9.04253E-01  9.04253E-01  3.50000E+01            133.I  53. 233   5
 6 6  2.01940E-06  9.04566E-01  9.04566E-01  3.50000E+01            133.I  53. 234   6
 6 7  6.17502E-07  9.04895E-01  9.04895E-01  3.50000E+01            133.I  53. 235   7
 6 3  1.26647E-05  9.08744E-01  9.08744E-01  3.50000E+01            133.I  53. 236   3
 6 4  3.20071E-06  9.09670E-01  9.09670E-01  3.50000E+01            133.I  53. 237   4
 136  4.61100E-02  9.11490E-01  9.11490E-01  0.00000E+00            133.I  53. 238  36
 6 1  1.08304E-04  8.76934E-01  8.76934E-01  3.60000E+01            133.I  53. 239   1
 6 5  1.28531E-05  9.06073E-01  9.06073E-01  3.60000E+01            133.I  53. 240   5
 6 6  4.32605E-07  9.06386E-01  9.06386E-01  3.60000E+01            133.I  53. 241   6
 6 7  1.32396E-07  9.06715E-01  9.06715E-01  3.60000E+01            133.I  53. 242   7
 6 3  2.71588E-06  9.10563E-01  9.10563E-01  3.60000E+01            133.I  53. 243   3
 6 4  6.86356E-07  9.11490E-01  9.11490E-01  3.60000E+01            133.I  53. 244   4
 137  6.09000E-03  1.01810E+00  1.01810E+00  0.00000E+00            133.I  53. 245  37
 138  8.70000E-03  1.03558E+00  1.03558E+00  0.00000E+00            133.I  53. 246  38
 6 1  1.12931E-05  1.00102E+00  1.00102E+00  3.80000E+01            133.I  53. 247   1
 6 5  1.30739E-06  1.03016E+00  1.03016E+00  3.80000E+01            133.I  53. 248   5
 6 6  8.55379E-08  1.03048E+00  1.03048E+00  3.80000E+01            133.I  53. 249   6
 6 7  5.47589E-08  1.03081E+00  1.03081E+00  3.80000E+01            133.I  53. 250   7
 6 3  2.95111E-07  1.03465E+00  1.03465E+00  3.80000E+01            133.I  53. 251   3
 6 4  7.29530E-08  1.03558E+00  1.03558E+00  3.80000E+01            133.I  53. 252   4
 139  5.55930E-01  1.05230E+00  1.05230E+00  0.00000E+00            133.I  53. 253  39
 6 1  9.40790E-04  1.01774E+00  1.01774E+00  3.90000E+01            133.I  53. 254   1
 6 5  1.11294E-04  1.04688E+00  1.04688E+00  3.90000E+01            133.I  53. 255   5
 6 6  3.46936E-06  1.04719E+00  1.04719E+00  3.90000E+01            133.I  53. 256   6
 6 7  1.13432E-06  1.04752E+00  1.04752E+00  3.90000E+01            133.I  53. 257   7
 6 3  2.34854E-05  1.05137E+00  1.05137E+00  3.90000E+01            133.I  53. 258   3
 6 4  5.89210E-06  1.05230E+00  1.05230E+00  3.90000E+01            133.I  53. 259   4
 140  1.38330E-01  1.06007E+00  1.06007E+00  0.00000E+00            133.I  53. 260  40
 6 1  2.30224E-04  1.02551E+00  1.02551E+00  4.00000E+01            133.I  53. 261   1
 6 5  2.72313E-05  1.05465E+00  1.05465E+00  4.00000E+01            133.I  53. 262   5
 6 6  8.45480E-07  1.05497E+00  1.05497E+00  4.00000E+01            133.I  53. 263   6
 6 7  2.77447E-07  1.05530E+00  1.05530E+00  4.00000E+01            133.I  53. 264   7
 6 3  5.74595E-06  1.05914E+00  1.05914E+00  4.00000E+01            133.I  53. 265   3
 6 4  1.44125E-06  1.06007E+00  1.06007E+00  4.00000E+01            133.I  53. 266   4
 141  1.21800E-02  1.08771E+00  1.08771E+00  0.00000E+00            133.I  53. 267  41
 6 1  1.42587E-05  1.05315E+00  1.05315E+00  4.10000E+01            133.I  53. 268   1
 6 5  1.64935E-06  1.08229E+00  1.08229E+00  4.10000E+01            133.I  53. 269   5
 6 6  1.01163E-07  1.08261E+00  1.08261E+00  4.10000E+01            133.I  53. 270   6
 6 7  6.48896E-08  1.08294E+00  1.08294E+00  4.10000E+01            133.I  53. 271   7
 6 3  3.69993E-07  1.08678E+00  1.08678E+00  4.10000E+01            133.I  53. 272   3
 6 4  9.12530E-08  1.08771E+00  1.08771E+00  4.10000E+01            133.I  53. 273   4
 142  1.50510E+00  1.23644E+00  1.23644E+00  0.00000E+00            133.I  53. 274  42
 6 1  1.35366E-03  1.20189E+00  1.20189E+00  4.20000E+01            133.I  53. 275   1
 6 5  1.56522E-04  1.23102E+00  1.23102E+00  4.20000E+01            133.I  53. 276   5
 6 6  8.12738E-06  1.23134E+00  1.23134E+00  4.20000E+01            133.I  53. 277   6
 6 7  5.26090E-06  1.23167E+00  1.23167E+00  4.20000E+01            133.I  53. 278   7
 6 3  3.46036E-05  1.23551E+00  1.23551E+00  4.20000E+01            133.I  53. 279   3
 6 4  8.47523E-06  1.23644E+00  1.23644E+00  4.20000E+01            133.I  53. 280   4
 143  2.34900E+00  1.29822E+00  1.29822E+00  0.00000E+00            133.I  53. 281  43
 6 1  1.94616E-03  1.26367E+00  1.26367E+00  4.30000E+01            133.I  53. 282   1
 6 5  2.25404E-04  1.29281E+00  1.29281E+00  4.30000E+01            133.I  53. 283   5
 6 6  1.06640E-05  1.29312E+00  1.29312E+00  4.30000E+01            133.I  53. 284   6
 6 7  6.81261E-06  1.29345E+00  1.29345E+00  4.30000E+01            133.I  53. 285   7
 6 3  4.94309E-05  1.29730E+00  1.29730E+00  4.30000E+01            133.I  53. 286   3
 6 4  1.20884E-05  1.29822E+00  1.29822E+00  4.30000E+01            133.I  53. 287   4
 144  4.35000E-04  1.32720E+00  1.32720E+00  0.00000E+00            133.I  53. 288  44
 6 1  3.39604E-07  1.29264E+00  1.29264E+00  4.40000E+01            133.I  53. 289   1
 6 5  3.92805E-08  1.32178E+00  1.32178E+00  4.40000E+01            133.I  53. 290   5
 6 6  1.86295E-09  1.32210E+00  1.32210E+00  4.40000E+01            133.I  53. 291   6
 6 7  1.21460E-09  1.32243E+00  1.32243E+00  4.40000E+01            133.I  53. 292   7
 6 3  8.62132E-09  1.32627E+00  1.32627E+00  4.40000E+01            133.I  53. 293   3
 6 4  2.10239E-09  1.32720E+00  1.32720E+00  4.40000E+01            133.I  53. 294   4
 145  1.49640E-01  1.35038E+00  1.35038E+00  0.00000E+00            133.I  53. 295  45
 6 1  1.44701E-04  1.31582E+00  1.31582E+00  4.50000E+01            133.I  53. 296   1
 6 5  1.70965E-05  1.34496E+00  1.34496E+00  4.50000E+01            133.I  53. 297   5
 6 6  4.63150E-07  1.34528E+00  1.34528E+00  4.50000E+01            133.I  53. 298   6
 6 7  1.74031E-07  1.34561E+00  1.34561E+00  4.50000E+01            133.I  53. 299   7
 6 3  3.59428E-06  1.34945E+00  1.34945E+00  4.50000E+01            133.I  53. 300   3
 6 4  8.95852E-07  1.35038E+00  1.35038E+00  4.50000E+01            133.I  53. 301   4
 146  8.70000E-03  1.38615E+00  1.38615E+00  0.00000E+00            133.I  53. 302  46
 6 1  3.28224E-05  1.35159E+00  1.35159E+00  4.60000E+01            133.I  53. 303   1
 6 5  4.07471E-06  1.38073E+00  1.38073E+00  4.60000E+01            133.I  53. 304   5
 6 6  2.35276E-07  1.38105E+00  1.38105E+00  4.60000E+01            133.I  53. 305   6
 6 7  6.08574E-08  1.38138E+00  1.38138E+00  4.60000E+01            133.I  53. 306   7
 6 3  8.92193E-07  1.38522E+00  1.38522E+00  4.60000E+01            133.I  53. 307   3
 6 4  2.17299E-07  1.38615E+00  1.38615E+00  4.60000E+01            133.I  53. 308   4
 147  2.95800E-03  1.58994E+00  1.58994E+00  0.00000E+00            133.I  53. 309  47
 6 1  2.00233E-06  1.55538E+00  1.55538E+00  4.70000E+01            133.I  53. 310   1
 6 5  2.36416E-07  1.58452E+00  1.58452E+00  4.70000E+01            133.I  53. 311   5
 6 6  5.81499E-09  1.58484E+00  1.58484E+00  4.70000E+01            133.I  53. 312   6
 6 7  2.43408E-09  1.58517E+00  1.58517E+00  4.70000E+01            133.I  53. 313   7
 6 3  4.94750E-08  1.58901E+00  1.58901E+00  4.70000E+01            133.I  53. 314   3
 6 4  1.23040E-08  1.58994E+00  1.58994E+00  4.70000E+01            133.I  53. 315   4
 2 1  1.79232E-01  2.94521E-02  2.94521E-02  0.00000E+00            133.I  53. 316   1
 2 2  3.31930E-01  2.97812E-02  2.97812E-02  0.00000E+00            133.I  53. 317   2
 2 3  3.11590E-02  3.35665E-02  3.35665E-02  0.00000E+00            133.I  53. 318   3
 2 4  6.04080E-02  3.36295E-02  3.36295E-02  0.00000E+00            133.I  53. 319   4
 2 5  3.07354E-04  3.38651E-02  3.38651E-02  0.00000E+00            133.I  53. 320   5
 2 6  4.19743E-04  3.38785E-02  3.38785E-02  0.00000E+00            133.I  53. 321   6
 2 7  6.53294E-03  3.43952E-02  3.43952E-02  0.00000E+00            133.I  53. 322   7
 2 8  1.27414E-02  3.44080E-02  3.44080E-02  0.00000E+00            133.I  53. 323   8
 2 9  5.72944E-05  3.44862E-02  3.44862E-02  0.00000E+00            133.I  53. 324   9
 210  7.80951E-05  3.44882E-02  3.44882E-02  0.00000E+00            133.I  53. 325  10
 211  6.69530E-04  3.45436E-02  3.45436E-02  0.00000E+00            133.I  53. 326  11
 212  1.26602E-03  3.45450E-02  3.45450E-02  0.00000E+00            133.I  53. 327  12
 221  2.28891E-06  3.13000E-04  3.13000E-04  0.00000E+00            133.I  53. 328  21
 222  4.30706E-05  6.42201E-04  6.42201E-04  0.00000E+00            133.I  53. 329  22
 223  1.60167E-03  4.42743E-03  4.42743E-03  0.00000E+00            133.I  53. 330  23
 224  2.52381E-03  4.49034E-03  4.49034E-03  0.00000E+00            133.I  53. 331  24
 225  2.38629E-05  4.72599E-03  4.72599E-03  0.00000E+00            133.I  53. 332  25
 226  3.56236E-05  4.73937E-03  4.73937E-03  0.00000E+00            133.I  53. 333  26
 227  3.45253E-04  5.25621E-03  5.25621E-03  0.00000E+00            133.I  53. 334  27
 228  5.58258E-04  5.26892E-03  5.26892E-03  0.00000E+00            133.I  53. 335  28
 229  2.90245E-06  5.34706E-03  5.34706E-03  0.00000E+00            133.I  53. 336  29
 230  4.40871E-06  5.34913E-03  5.34913E-03  0.00000E+00            133.I  53. 337  30
 231  3.92427E-05  5.40455E-03  5.40455E-03  0.00000E+00            133.I  53. 338  31
 232  6.09459E-05  5.40593E-03  5.40593E-03  0.00000E+00            133.I  53. 339  32
 241  1.73003E-08  3.29200E-04  3.29200E-04  0.00000E+00            133.I  53. 340  41
 242  9.89779E-04  3.98191E-03  3.98191E-03  0.00000E+00            133.I  53. 341  42
 243  1.43074E-05  4.17734E-03  4.17734E-03  0.00000E+00            133.I  53. 342  43
 244  1.84009E-02  4.41300E-03  4.41300E-03  0.00000E+00            133.I  53. 343  44
 245  1.41213E-04  4.89553E-03  4.89553E-03  0.00000E+00            133.I  53. 344  45
 246  1.76935E-06  4.95593E-03  4.95593E-03  0.00000E+00            133.I  53. 345  46
 247  2.74693E-03  5.03405E-03  5.03405E-03  0.00000E+00            133.I  53. 346  47
 249  1.69487E-05  5.08031E-03  5.08031E-03  0.00000E+00            133.I  53. 347  49
 250  1.93285E-07  5.09294E-03  5.09294E-03  0.00000E+00            133.I  53. 348  50
 261  3.45940E-03  3.65269E-03  3.65269E-03  0.00000E+00            133.I  53. 349  61
 262  1.90987E-05  3.78523E-03  3.78523E-03  0.00000E+00            133.I  53. 350  62
 263  1.77813E-05  3.84813E-03  3.84813E-03  0.00000E+00            133.I  53. 351  63
 264  3.53399E-03  4.08379E-03  4.08379E-03  0.00000E+00            133.I  53. 352  64
 265  3.13211E-02  4.09719E-03  4.09719E-03  0.00000E+00            133.I  53. 353  65
 266  3.04777E-04  4.56633E-03  4.56633E-03  0.00000E+00            133.I  53. 354  66
 267  1.68085E-06  4.61402E-03  4.61402E-03  0.00000E+00            133.I  53. 355  67
 268  1.61281E-06  4.62673E-03  4.62673E-03  0.00000E+00            133.I  53. 356  68
 269  5.13944E-04  4.70486E-03  4.70486E-03  0.00000E+00            133.I  53. 357  69
 270  4.58317E-03  4.70692E-03  4.70692E-03  0.00000E+00            133.I  53. 358  70
 273  4.29107E-05  4.75109E-03  4.75109E-03  0.00000E+00            133.I  53. 359  73
 274  1.90102E-07  4.76235E-03  4.76235E-03  0.00000E+00            133.I  53. 360  74
 275  1.75525E-07  4.76373E-03  4.76373E-03  0.00000E+00            133.I  53. 361  75
 291  3.93651E-03  6.08225E-04  6.08225E-04  0.00000E+00            133.I  53. 362  91
 292  9.64290E-05  9.22464E-05  9.22464E-05  0.00000E+00            133.I  53. 363  92
 294  9.71030E+00  1.66175E-05  1.66175E-05  0.00000E+00            133.I  53. 364  94
 7 1  5.03909E-02  2.44715E-02  2.44715E-02  0.00000E+00            133.I  53. 365   1
 7 2  2.25437E-02  2.86854E-02  2.86854E-02  0.00000E+00            133.I  53. 366   2
 7 3  2.42323E-03  3.29032E-02  3.29032E-02  0.00000E+00            133.I  53. 367   3
 7 4  1.04776E-01  3.17613E-04  3.17613E-04  0.00000E+00            133.I  53. 368   4
 7 5  5.00563E-01  3.32345E-03  3.32345E-03  0.00000E+00            133.I  53. 369   5
 7 6  1.48471E-01  4.00042E-03  4.00042E-03  0.00000E+00            133.I  53. 370   6
 7 7  1.12741E-02  4.70416E-03  4.70416E-03  0.00000E+00            133.I  53. 371   7
 7 8  5.66899E-01  1.23782E-04  1.23782E-04  0.00000E+00            133.I  53. 372   8
 7 9  1.26935E+00  5.05008E-04  5.05008E-04  0.00000E+00            133.I  53. 373   9
 710  7.25993E-02  6.17010E-04  6.17010E-04  0.00000E+00            133.I  53. 374  10
 711  4.87720E-04  7.66711E-04  7.66711E-04  0.00000E+00            133.I  53. 375  11
 712  1.51114E+00  2.61450E-05  2.61450E-05  0.00000E+00            133.I  53. 376  12
 713  4.61928E+00  3.62355E-05  3.62355E-05  0.00000E+00            133.I  53. 377  13
%%%% 133 I   53    B-           7.48800E+04 20.8 H     02-11-2005       SEEIEND 
 


   ***************************************************** 
   *                 Radiation Summary                 * 
   ***************************************************** 
 
  Energy released by
    Gamma-ray                       (MeV) =   6.11589E-01
    X-ray                           (MeV) =   1.93081E-04
    Free-bound X-ray                (MeV) =   1.61361E-06
    Annihilation photon             (MeV) =   0.00000E+00
    Beta+ particle                  (MeV) =   0.00000E+00
    Neutrino                        (MeV) =   0.00000E+00
    Beta- particle                  (MeV) =   4.10022E-01
    Neutrino-                       (MeV) =   7.41864E-01
    Internal conv. electron         (MeV) =   4.08111E-03
    Auger and CK electron           (MeV) =   5.26667E-05
    Alpha particle                  (MeV) =   0.00000E+00
    Recoil nucleus                  (MeV) =   0.00000E+00
  E-total (except unplaced radiat.) (MeV) =   1.76780E+00
  E-unplaced radiation              (MeV) =   2.20305E-04
  Q-value from ENSDF data           (MeV) =   1.77100E+00
  Ratio of E-total/Q-value          ( % ) =   9.98195E+01
  Ratio of E-unplaced radi./Q-value ( % ) =   1.24396E-02

 
  Total yield of
    Gamma-ray                             =   1.04589E+00
    X-ray                                 =   7.00188E-03
    Free-bound X-ray                      =   9.71030E-02
    Annihilation photon                   =   0.00000E+00
    Beta+ particle                        =   0.00000E+00
    Beta- particle                        =   1.00000E+00
    Internal conv. electron               =   8.22123E-03
    Auger and CK electron                 =   8.88020E-02
    Alpha particle                        =   0.00000E+00
  Yield of unplaced radiation             =   8.78700E-04


