%%%% 109 IN  49    EC B+        1.51200E+04 4.2 H      02-11-2005       BALASTAR
1 109   IN  49 4.2 H           EC B+      
           WARNING:                                                                             
 109 CD 48  GAMMA-RAY ENERGY =   0.51820 MEV                                                    
           HALF-LIFE OF INITIAL LEVEL ASSOCIATED WITH GAMMA-RAY TOO SHORT TO BE                 
           CONSIDERED ISOMERIC, AND INTENSITY = 0.0                                             
           TRANSITION IGNORED                                                                   
1INTENSITY AND ENERGY BALANCE DATA

              109-INDIUM-49
+                                    HALFLIFE = 4.2 HOURS   
+                                                                  02-11-2005


    LEVEL       INTENSITY   INTENSITY
    ENERGY      ENTERING    LEAVING     PERCENT
    (MEV)       LEVEL       LEVEL       ERROR

   0.0000E+00  1.0007E+02
   5.9600E-02  4.1852E+00  1.9024E+00  7.4999E+01  ********************
   2.0330E-01  7.7470E+01  7.8414E+01  1.2122E+00                      
   3.4750E-01  3.5848E+00  3.8442E+00  6.9827E+00                      
   4.2630E-01  4.2476E+00  4.2773E+00  6.9598E-01                      
   4.6100E-01  5.1074E-02  5.1671E-02  1.1616E+00                      
   6.2380E-01  6.3618E+00  6.4257E+00  9.9935E-01                      
   6.7320E-01  2.7855E+00  2.8342E+00  1.7327E+00                      
   7.2170E-01  9.2083E-01  8.4765E-01  8.2754E+00                      
   8.2260E-01  2.4637E+00  3.0227E+00  2.0376E+01  ********************
   8.9110E-01  6.9382E-01  4.9331E-01  3.3780E+01  ********************
   9.9730E-01  3.8127E+00  3.9108E+00  2.5399E+00                      
   1.0661E+00  1.8694E-01  1.9141E-01  2.3612E+00                      
   1.1060E+00  3.8372E-01  3.9062E-01  1.7819E+00                      
   1.1336E+00  2.5582E-01  2.5766E-01  7.1810E-01                      
   1.3520E+00  7.6745E+00  7.8565E+00  2.3437E+00                      
   1.3883E+00  2.8533E-01  4.3409E-01  4.1355E+01  ********************
   1.4298E+00  5.9034E-02  5.8837E-02  3.3527E-01                      
   1.4757E+00  4.5260E+00  4.6328E+00  2.3329E+00                      
   1.5393E+00  1.8793E-01  1.9157E-01  1.9223E+00                      
   1.6224E+00  7.9696E+00  8.0934E+00  1.5417E+00                      
   1.7726E+00  1.0823E+00  1.1031E+00  1.9015E+00                      
   1.8598E+00  1.4463E+00  1.4705E+00  1.6589E+00                      


 INTENSITY TO GROUND AND ISOMERIC STATE(S) OF DAUGHTER(S)=  1.001E+02
 TOTAL INTENSITY FROM PARENT=  1.000E+02
 PERCENT ERROR =  7.058E-02                      


 TOTAL INTENSITY FROM PARENT =  1.000E+02
 VALUE IS WITHIN   0.00E+00% OF 100                      


 TOTAL ENERGY AVAILABLE =  2.020E+00 MEV
 TOTAL ENERGY CONTENT OF ALL RADIATIONS =  2.035E+00 MEV
 PERCENT ERROR =  7.318E-01                      
%%%% 109 IN  49    EC B+        1.51200E+04 4.2 H      02-11-2005       BALAEND 
%%%% 109 IN  49    EC B+        1.51200E+04 4.2 H      02-11-2005       INPUSTAR
1                                      **INPUT DATA**
              109-INDIUM-49
+                                    HALFLIFE = 4.2 HOURS   
+                                                                  02-11-2005

            MODES OF DECAY: ELECTRON CAPTURE, BETA PLUS
 
                                MEAN
                                NUMBER/    TRANSITION
                TYPE OF    ID   TRANSFOR-  ENERGY
              TRANSITION   NO.  MATION     (MEV)       OTHER NUCLEAR PARAMETERS

           ELECT. CAPTURE   1   1.45E-02   1.602E-01   ALLOWED                                  
           ELECT. CAPTURE   2   1.08E-02   2.474E-01   ALLOWED                                  
           ELECT. CAPTURE   3   7.97E-02   3.976E-01   ALLOWED                                  
           ELECT. CAPTURE   4   1.88E-03   4.807E-01   ALLOWED                                  
           ELECT. CAPTURE   5   4.53E-02   5.443E-01   ALLOWED                                  
           ELECT. CAPTURE   6   5.90E-04   5.902E-01   ALLOWED                                  
           ELECT. CAPTURE   7   2.85E-03   6.317E-01   ALLOWED                                  
+                                                              ASSUMED                          
           ELECT. CAPTURE   8   7.67E-02   6.680E-01   ALLOWED                                  
           ELECT. CAPTURE   9   2.56E-03   8.864E-01   ALLOWED                                  
           ELECT. CAPTURE  10   3.84E-03   9.140E-01   ALLOWED                                  
           ELECT. CAPTURE  11   1.87E-03   9.539E-01   ALLOWED                                  
           ELECT. CAPTURE  12   3.74E-02   1.023E+00   ALLOWED                                  
           ELECT. CAPTURE  13   5.12E-02   1.396E+00   ALLOWED                                  
           ELECT. CAPTURE  14   5.02E-04   1.559E+00   FIRST FORBIDDEN                          
           ELECT. CAPTURE  15   6.24E-01   1.817E+00   ALLOWED                                  
                BETA PLUS   1   2.26E-04   3.742E-01*  ALLOWED                                  
                BETA PLUS   2   8.95E-06   5.370E-01*  FIRST FORBIDDEN                          
                BETA PLUS   3   4.63E-02   7.947E-01*  ALLOWED                                  
           I.C.E. + GAMMA   1   1.90E-02   5.990E-02   E2 MULTIPOLE                             
+                                                                    AK= 5.60                   
                                                       AL1=0.478     AL2=1.08                   
                                                       AL3=1.47      AM= 0.612                  
                                                       AN+=0.111                                
           I.C.E. + GAMMA   2   2.20E-02   7.480E-02   UNPLACED GAMMA                           
           I.C.E. + GAMMA   3   2.94E-02   8.410E-02   UNPLACED GAMMA                           
           I.C.E. + GAMMA   4   7.84E-01   2.035E-01   M1 MULTIPOLE                             
+                                                                    AK= 0.0580                 
                                                       AL1=0.00671   AM= 0.00139                
           I.C.E. + GAMMA   5   1.20E-03   2.231E-01   E2 MULTIPOLE                             
+                                                                    AK= 0.0737                 
                                                       AL1=0.00754   AL2=0.00228                
                                                       AL3=0.00225   AM= 0.00236                
           I.C.E. + GAMMA   6   5.17E-04   2.591E-01   M2 MULTIPOLE                             
+                                                                    AK= 0.146                  
                                                       AL1=0.0185    AL2=0.00159                
                                                       AM= 0.00412                              
           I.C.E. + GAMMA   7   1.68E-02   2.884E-01   E2 MULTIPOLE                             
+                                                                    AK= 0.0314                 
                                                       AL1=0.00329                              
           I.C.E. + GAMMA   8   3.77E-03   3.244E-01   E2 MULTIPOLE                             
+                                                                    AK= 0.0214                 
                                                       AL1=0.00227                              
           I.C.E. + GAMMA   9   5.47E-03   3.263E-01   M1 MULTIPOLE                             
+                                                                    AK= 0.0170                 
                                                       AL1=0.00196                              
           I.C.E. + GAMMA  10   2.17E-02   3.475E-01   M1 MULTIPOLE                             
+                                                                    AK= 0.0145                 
                                                       AL1=0.00167                              
           I.C.E. + GAMMA  11   8.91E-03   4.205E-01   M1 MULTIPOLE                             
+                                                                    AK= 0.00902                
                                                       AL1=0.00103                              
           I.C.E. + GAMMA  12   4.16E-02   4.262E-01   M1 MULTIPOLE                             
+                                                                    AK= 0.00872                
                                                       AL1=0.00100                              
           I.C.E. + GAMMA  13   1.04E-03   4.614E-01   M1 MULTIPOLE                             
+                                                                    AK= 0.00718                
           I.C.E. + GAMMA  14   1.04E-03   4.822E-01   M1 MULTIPOLE                             
+                                                                    AK= 0.00645                
           I.C.E. + GAMMA  16   5.32E-03   5.293E-01   E2 MULTIPOLE                             
+                                                                    AK= 0.00491                
           I.C.E. + GAMMA  17   7.39E-04   5.420E-01   M1 MULTIPOLE                             
+                                                                    AK= 0.00487                
           I.C.E. + GAMMA  18   6.88E-04   5.704E-01   M3 MULTIPOLE                             
+                                                                    AK= 0.0346                 
                                                       AL1=0.00435                              
           I.C.E. + GAMMA  19   8.08E-04   5.809E-01   UNPLACED GAMMA                           
           I.C.E. + GAMMA  20   2.36E-03   5.838E-01   M1 MULTIPOLE                             
+                                                                    AK= 0.00408                
           I.C.E. + GAMMA  21   2.21E-03   5.993E-01   UNPLACED GAMMA                           
           I.C.E. + GAMMA  22   2.29E-02   6.136E-01   E2 MULTIPOLE                             
+                                                                    AK= 0.00328                
           I.C.E. + GAMMA  23   1.77E-02   6.190E-01   E2 MULTIPOLE                             
+                                                                    AK= 0.00321                
           I.C.E. + GAMMA  24   1.91E-03   6.198E-01   UNPLACED GAMMA                           
           I.C.E. + GAMMA  25   5.53E-02   6.235E-01   M1 MULTIPOLE                             
+                                                                    AK= 0.00349                
           I.C.E. + GAMMA  26   7.38E-04   6.299E-01   M1 MULTIPOLE                             
+                                                                    AK= 0.00341                
           I.C.E. + GAMMA  27   2.88E-02   6.498E-01   E2 MULTIPOLE                             
+                                                                    AK= 0.00282                
           I.C.E. + GAMMA  28   1.62E-02   6.529E-01   E2 MULTIPOLE                             
+                                                                    AK= 0.00279                
           I.C.E. + GAMMA  29   9.37E-03   6.788E-01   M1 MULTIPOLE                             
+                                                                    AK= 0.00286                
           I.C.E. + GAMMA  30   7.35E-04   7.040E-01   UNPLACED GAMMA                           
           I.C.E. + GAMMA  31   8.48E-03   7.215E-01   M1 MULTIPOLE                             
+                                                                    AK= 0.00248                
           I.C.E. + GAMMA  32   2.73E-03   7.274E-01   M1 MULTIPOLE                             
+                                                                    AK= 0.00244                
           I.C.E. + GAMMA  33   3.54E-03   7.309E-01   M1 MULTIPOLE                             
+                                                                    AK= 0.00241                
           I.C.E. + GAMMA  34   4.05E-03   7.539E-01   M1 MULTIPOLE                             
+                                                                    AK= 0.00224                
           I.C.E. + GAMMA  35   5.89E-03   7.939E-01   M1 MULTIPOLE                             
+                                                                    AK= 0.00199                
           I.C.E. + GAMMA  36   3.09E-03   8.000E-01   E2 MULTIPOLE                             
+                                                                    AK= 0.00168                
           I.C.E. + GAMMA  37   1.25E-02   8.225E-01   M1 MULTIPOLE                             
+                                                                    AK= 0.00183                
           I.C.E. + GAMMA  38   2.21E-03   8.322E-01   E2 MULTIPOLE                             
+                                                                    AK= 0.00153                
           I.C.E. + GAMMA  39   1.99E-03   8.523E-01   M1 MULTIPOLE                             
+                                                                    AK= 0.00169                
           I.C.E. + GAMMA  40   1.91E-03   8.622E-01   E2 MULTIPOLE                             
+                                                                    AK= 0.00140                
           I.C.E. + GAMMA  41   2.72E-03   8.905E-01   M1 MULTIPOLE                             
+                                                                    AK= 0.00153                
           I.C.E. + GAMMA  42   4.42E-03   9.007E-01   M1 MULTIPOLE                             
+                                                                    AK= 0.00149                
           I.C.E. + GAMMA  43   7.36E-03   9.258E-01   E2 MULTIPOLE                             
+                                                                    AK= 0.00119                
           I.C.E. + GAMMA  44   2.58E-03   9.303E-01   M1 MULTIPOLE                             
+                                                                    AK= 0.00139                
           I.C.E. + GAMMA  45   1.47E-02   9.491E-01   M1 MULTIPOLE                             
+                                                                    AK= 0.00133                
           I.C.E. + GAMMA  46   9.57E-04   9.626E-01   M1 MULTIPOLE ASSUMED                     
                                                       AK= 0.00128                              
           I.C.E. + GAMMA  47   6.48E-03   9.985E-01   M1 MULTIPOLE                             
+                                                                    AK= 0.00118                
           I.C.E. + GAMMA  48   1.62E-03   1.004E+00   M1 MULTIPOLE                             
+                                                                    AK= 0.00117                
           I.C.E. + GAMMA  49   1.17E-02   1.050E+00   E2 MULTIPOLE                             
           I.C.E. + GAMMA  50   2.87E-03   1.106E+00   M1 MULTIPOLE                             
           I.C.E. + GAMMA  51   4.34E-02   1.149E+00   M1 MULTIPOLE                             
           I.C.E. + GAMMA  52   2.94E-03   1.187E+00   M1 MULTIPOLE ASSUMED                     
           I.C.E. + GAMMA  53   1.62E-02   1.197E+00   E2 MULTIPOLE                             
           I.C.E. + GAMMA  54   5.59E-03   1.273E+00   M1 MULTIPOLE                             
           I.C.E. + GAMMA  55   5.59E-03   1.347E+00   E2 MULTIPOLE                             
           I.C.E. + GAMMA  56   6.99E-03   1.352E+00   M1 MULTIPOLE                             
           I.C.E. + GAMMA  57   4.41E-04   1.388E+00   M1 MULTIPOLE ASSUMED                     
           I.C.E. + GAMMA  58   1.27E-02   1.419E+00   M1 MULTIPOLE                             
           I.C.E. + GAMMA  59   5.88E-04   1.430E+00   M1 MULTIPOLE                             
           I.C.E. + GAMMA  60   4.41E-03   1.476E+00   M1 MULTIPOLE                             
           I.C.E. + GAMMA  61   1.18E-03   1.539E+00   M1 MULTIPOLE                             
           I.C.E. + GAMMA  62   1.25E-03   1.569E+00   M1 MULTIPOLE                             
           I.C.E. + GAMMA  63   1.99E-02   1.622E+00   M1 MULTIPOLE                             
           I.C.E. + GAMMA  64   4.19E-03   1.772E+00   M1 MULTIPOLE                             
           I.C.E. + GAMMA  65   1.47E-02   1.861E+00   M1 MULTIPOLE                             
 
           * ENDPOINT ENERGY (MEV)
           - - - - - - - - - -
           Reference: Evaluated Nuclear Structure Data File (ENSDF)
                DATE DATA WERE ENTERED INTO ENSDF: May-1999
%%%% 109 IN  49    EC B+        1.51200E+04 4.2 H      02-11-2005       INPUEND 
%%%% 109 IN  49    EC B+        1.51200E+04 4.2 H      02-11-2005       OUTPSTAR
1                                      **OUTPUT DATA**
              109-INDIUM-49
+                                    HALFLIFE = 4.2 HOURS   
+                                                                  02-11-2005

            MODES OF DECAY: ELECTRON CAPTURE, BETA PLUS
 
                                              MEAN
                                              NUMBER/                  MEV/
                                         ID   TRANSFOR-   ENERGY       TRANSFOR-
                  TYPE OF RADIATION      NO.  MATION      (MEV)        MATION

           BETA PLUS                      1   2.26E-04    1.738E-01*   3.93E-05
           BETA PLUS                      3   4.63E-02    3.562E-01*   1.65E-02
           ANNIHILATION RADIATION             9.32E-02    5.110E-01    4.76E-02
           K CONV. ELECTRON, GAMMA-RAY    1   1.03E-02    3.321E-02    3.42E-04
           L1 CONV. ELECTRON, GAMMA-RAY   1   8.79E-04    5.591E-02    4.92E-05
           L2 CONV. ELECTRON, GAMMA-RAY   1   1.99E-03    5.617E-02    1.12E-04
           L3 CONV. ELECTRON, GAMMA-RAY   1   2.70E-03    5.636E-02    1.52E-04
           M CONV. ELECTRON, GAMMA-RAY    1   1.12E-03    5.929E-02*   6.67E-05
           GAMMA-RAY                      2   2.20E-02    7.480E-02    1.65E-03
           GAMMA-RAY                      3   2.94E-02    8.410E-02    2.47E-03
           GAMMA-RAY                      4   7.35E-01    2.035E-01    1.50E-01
           K CONV. ELECTRON, GAMMA-RAY    4   4.26E-02    1.768E-01    7.54E-03
           L1 CONV. ELECTRON, GAMMA-RAY   4   4.94E-03    1.995E-01    9.85E-04
           L2 CONV. ELECTRON, GAMMA-RAY   4   2.61E-04    1.998E-01    5.22E-05
           M CONV. ELECTRON, GAMMA-RAY    4   1.02E-03    2.029E-01*   2.07E-04
           N+ CONV. ELECTRON, GAMMA-RAY   4   2.13E-04    2.035E-01*   4.34E-05
           GAMMA-RAY                      7   1.62E-02    2.884E-01    4.66E-03
           K CONV. ELECTRON, GAMMA-RAY    7   5.07E-04    2.617E-01    1.33E-04
           GAMMA-RAY                      8   3.68E-03    3.244E-01    1.19E-03
           GAMMA-RAY                      9   5.37E-03    3.263E-01    1.75E-03
           GAMMA-RAY                     10   2.13E-02    3.475E-01    7.41E-03
           K CONV. ELECTRON, GAMMA-RAY   10   3.10E-04    3.208E-01    9.93E-05
           GAMMA-RAY                     11   8.82E-03    4.205E-01    3.71E-03
           GAMMA-RAY                     12   4.12E-02    4.262E-01    1.75E-02
           K CONV. ELECTRON, GAMMA-RAY   12   3.59E-04    3.995E-01    1.43E-04
           GAMMA-RAY                     16   5.29E-03    5.293E-01    2.80E-03
           GAMMA-RAY                     20   2.35E-03    5.838E-01    1.37E-03
           GAMMA-RAY                     21   2.21E-03    5.993E-01    1.32E-03
           GAMMA-RAY                     22   2.28E-02    6.136E-01    1.40E-02
           K CONV. ELECTRON, GAMMA-RAY   22   7.48E-05    5.869E-01    4.39E-05
           GAMMA-RAY                     23   1.76E-02    6.190E-01    1.09E-02
           K CONV. ELECTRON, GAMMA-RAY   23   5.66E-05    5.923E-01    3.35E-05
           GAMMA-RAY                     24   1.91E-03    6.198E-01    1.18E-03
           GAMMA-RAY                     25   5.51E-02    6.235E-01    3.44E-02
           K CONV. ELECTRON, GAMMA-RAY   25   1.92E-04    5.968E-01    1.15E-04
           GAMMA-RAY                     27   2.87E-02    6.498E-01    1.86E-02
           K CONV. ELECTRON, GAMMA-RAY   27   8.09E-05    6.231E-01    5.04E-05
           GAMMA-RAY                     28   1.62E-02    6.529E-01    1.06E-02
           GAMMA-RAY                     29   9.33E-03    6.788E-01    6.34E-03
           GAMMA-RAY                     31   8.45E-03    7.215E-01    6.10E-03
           GAMMA-RAY                     32   2.72E-03    7.274E-01    1.98E-03
           GAMMA-RAY                     33   3.53E-03    7.309E-01    2.58E-03
           GAMMA-RAY                     34   4.04E-03    7.539E-01    3.05E-03
           GAMMA-RAY                     35   5.88E-03    7.939E-01    4.67E-03
           GAMMA-RAY                     36   3.09E-03    8.000E-01    2.47E-03
           GAMMA-RAY                     37   1.25E-02    8.225E-01    1.03E-02
           GAMMA-RAY                     38   2.21E-03    8.322E-01    1.84E-03
           GAMMA-RAY                     39   1.98E-03    8.523E-01    1.69E-03
           GAMMA-RAY                     40   1.91E-03    8.622E-01    1.65E-03
           GAMMA-RAY                     41   2.72E-03    8.905E-01    2.42E-03
           GAMMA-RAY                     42   4.41E-03    9.007E-01    3.97E-03
           GAMMA-RAY                     43   7.35E-03    9.258E-01    6.80E-03
           GAMMA-RAY                     44   2.57E-03    9.303E-01    2.39E-03
           GAMMA-RAY                     45   1.47E-02    9.491E-01    1.40E-02
           GAMMA-RAY                     46   9.55E-04    9.626E-01    9.20E-04
           GAMMA-RAY                     47   6.47E-03    9.985E-01    6.46E-03
           GAMMA-RAY                     48   1.62E-03    1.004E+00    1.62E-03
           GAMMA-RAY                     49   1.17E-02    1.050E+00    1.23E-02
           GAMMA-RAY                     50   2.87E-03    1.106E+00    3.17E-03
           GAMMA-RAY                     51   4.34E-02    1.149E+00    4.98E-02
           K CONV. ELECTRON, GAMMA-RAY   51   3.77E-05    1.122E+00    4.23E-05
           GAMMA-RAY                     52   2.94E-03    1.187E+00    3.49E-03
           GAMMA-RAY                     53   1.62E-02    1.197E+00    1.93E-02
           GAMMA-RAY                     54   5.59E-03    1.273E+00    7.11E-03
           GAMMA-RAY                     55   5.59E-03    1.347E+00    7.52E-03
           GAMMA-RAY                     56   6.98E-03    1.352E+00    9.44E-03
           GAMMA-RAY                     58   1.26E-02    1.419E+00    1.79E-02
           GAMMA-RAY                     59   5.88E-04    1.430E+00    8.41E-04
           GAMMA-RAY                     60   4.41E-03    1.476E+00    6.51E-03
           GAMMA-RAY                     61   1.18E-03    1.539E+00    1.81E-03
           GAMMA-RAY                     62   1.25E-03    1.569E+00    1.96E-03
           GAMMA-RAY                     63   1.98E-02    1.622E+00    3.22E-02
           GAMMA-RAY                     64   4.19E-03    1.772E+00    7.42E-03
           GAMMA-RAY                     65   1.47E-02    1.861E+00    2.74E-02
           K -L2 X-RAY                        2.12E-01    2.296E-02    4.87E-03
           K -L3 X-RAY                        3.99E-01    2.315E-02    9.24E-03
           K -M2 X-RAY                        3.52E-02    2.604E-02    9.16E-04
           K -M3 X-RAY                        6.84E-02    2.608E-02    1.78E-03
           AUGER KLL                          9.42E-02    1.928E-02*   1.82E-03
           AUGER KLX                          3.87E-02    2.242E-02*   8.69E-04
           AUGER KXY                          3.83E-03    2.558E-02*   9.80E-05
           AUGER LMM                          7.20E-01    2.610E-03*   1.88E-03
           AUGER LMX                          1.66E-01    3.053E-03*   5.06E-04
           AUGER LXY                          1.00E-02    3.515E-03*   3.53E-05
           CK MMX                             7.81E-01    1.281E-04*   1.00E-04
           AUGER MNN                          1.87E+00    3.454E-04*   6.45E-04
           CK NNX                             2.68E+00    3.678E-05*   9.85E-05
 
           ALL LISTED X-RAYS, GAMMA-RAYS AND ANNIHILATION RADIATION    6.39E-01
           ALL NEGLECTED X-RAYS, GAMMA-RAYS AND ANNIH. RADIATION**     5.18E-03
           ALL LISTED BETAS, INTERNAL CONVERSION AND AUGER ELECTRONS   3.28E-02
           ALL NEGLECTED BETAS, INT. CONVERSION AND AUGER ELECTRONS**  6.43E-04
           ALL LISTED RADIATIONS                                       6.72E-01
           ALL NEGLECTED RADIATIONS**                                  5.83E-03
 
           *  AVERAGE ENERGY (MEV)
           ** EACH NEGLECTED TRANSITION CONTRIBUTES LESS THAN  0.100%
              TO THE TOTAL MEV/TRANSFORMATION FOR THIS CATEGORY.
           TOTAL FEEDING OF GROUND STATE LEVEL IN 109-CADMIUM
             DAUGHTER IS 1.0000E+00 PER TRANSFORMATION OF 109-INDIUM.
             DECAY OF THIS 461.4 DAYS HALFLIFE LEVEL WILL CONTRIBUTE TO DOSE.
           - - - - - - - - - -
           INPUT DATA SOURCE: EVALUATED NUCLEAR STRUCTURE DATA FILE (ENSDF)
             DATE INPUT DATA WERE ENTERED INTO ENSDF: May-1999
%%%% 109 IN  49    EC B+        1.51200E+04 4.2 H      02-11-2005       OUTPEND 
%%%% 109 IN  49    EC B+        1.51200E+04 4.2 H      02-11-2005       BETASTAR
1
              109-INDIUM-49
+                                    HALFLIFE = 4.2 HOURS   
+                                                                  02-11-2005

            BETA SPECTRUM DATA FOR ALL DECAY BRANCHES

                      BETAS PER                BETAS PER                BETAS PER
            ENERGY    MEV            ENERGY    MEV            ENERGY    MEV
            (MEV)     PER DECAY      (MEV)     PER DECAY      (MEV)     PER DECAY

            0.00000   0.000E+00      0.00200   5.159E-08      0.04500   1.057E-02
            0.00010   0.000E+00      0.00220   1.184E-07      0.05000   1.302E-02
            0.00011   0.000E+00      0.00240   2.366E-07      0.05500   1.561E-02
            0.00012   0.000E+00      0.00260   4.258E-07      0.06000   1.831E-02
            0.00013   0.000E+00      0.00280   7.070E-07      0.06500   2.109E-02
            0.00014   0.000E+00      0.00300   1.101E-06      0.07000   2.393E-02
            0.00015   0.000E+00      0.00320   1.630E-06      0.07500   2.681E-02
            0.00016   0.000E+00      0.00360   3.170E-06      0.08000   2.972E-02
            0.00018   0.000E+00      0.00400   5.482E-06      0.08500   3.263E-02
            0.00020   0.000E+00      0.00450   9.673E-06      0.09000   3.555E-02
            0.00022   0.000E+00      0.00500   1.554E-05      0.10000   4.134E-02
            0.00024   0.000E+00      0.00550   2.330E-05      0.11000   4.702E-02
            0.00026   0.000E+00      0.00600   3.316E-05      0.12000   5.253E-02
            0.00028   0.000E+00      0.00650   4.529E-05      0.13000   5.785E-02
            0.00030   0.000E+00      0.00700   5.987E-05      0.14000   6.294E-02
            0.00032   3.952E-27      0.00750   7.703E-05      0.15000   6.778E-02
            0.00036   2.363E-25      0.00800   9.691E-05      0.16000   7.236E-02
            0.00040   9.100E-24      0.00850   1.196E-04      0.18000   8.067E-02
            0.00045   5.297E-22      0.00900   1.453E-04      0.20000   8.783E-02
            0.00050   1.909E-20      0.01000   2.060E-04      0.22000   9.383E-02
            0.00055   4.494E-19      0.01100   2.796E-04      0.24000   9.865E-02
            0.00060   7.224E-18      0.01200   3.667E-04      0.26000   1.023E-01
            0.00065   8.283E-17      0.01300   4.678E-04      0.28000   1.049E-01
            0.00070   7.064E-16      0.01400   5.831E-04      0.30000   1.064E-01
            0.00075   4.660E-15      0.01500   7.129E-04      0.32000   1.069E-01
            0.00080   2.463E-14      0.01600   8.573E-04      0.36000   1.052E-01
            0.00085   1.076E-13      0.01800   1.190E-03      0.40000   1.001E-01
            0.00090   3.991E-13      0.02000   1.581E-03      0.45000   8.962E-02
            0.00100   3.671E-12      0.02200   2.030E-03      0.50000   7.565E-02
            0.00110   2.216E-11      0.02400   2.534E-03      0.55000   5.945E-02
            0.00120   9.741E-11      0.02600   3.092E-03      0.60000   4.244E-02
            0.00130   3.358E-10      0.02800   3.701E-03      0.65000   2.620E-02
            0.00140   9.581E-10      0.03000   4.358E-03      0.70000   1.245E-02
            0.00150   2.355E-09      0.03200   5.061E-03      0.75000   3.056E-03
            0.00160   5.138E-09      0.03600   6.594E-03      0.79470   0.000E+00
            0.00180   1.861E-08      0.04000   8.279E-03

            AVERAGE BETA ENERGY =   3.553E-01

            TOTAL BETAS PER DECAY FOR ALL BRANCHES =   4.658E-02
%%%% 109 IN  49    EC B+        1.51200E+04 4.2 H      02-11-2005       BETAEND 
%%%% 109 IN  49    EC B+        1.51200E+04 4.2 H      02-11-2005       SEEISTAR
109.  INDIUM       49.  4.200E+00 HOURS    471 EC B+                109.IN 49.   0
 4 1  2.26298E-02  1.73790E-01  3.74200E-01  0.00000E+00            109.IN 49.   1   1
 4 2  8.95353E-04  2.44321E-01  5.37000E-01  0.00000E+00            109.IN 49.   2   2
 4 3  4.63419E+00  3.56244E-01  7.94700E-01  0.00000E+00            109.IN 49.   3   3
 3 3  9.31543E+00  5.11000E-01  5.11000E-01  0.00000E+00            109.IN 49.   4   3
 1 1  1.83750E-01  5.99000E-02  5.99000E-02  0.00000E+00            109.IN 49.   5   1
 6 1  1.02894E+00  3.32120E-02  3.32120E-02  1.00000E+00            109.IN 49.   6   1
 6 5  8.79187E-02  5.59059E-02  5.59059E-02  1.00000E+00            109.IN 49.   7   5
 6 6  1.99297E-01  5.61691E-02  5.61691E-02  1.00000E+00            109.IN 49.   8   6
 6 7  2.69710E-01  5.63646E-02  5.63646E-02  1.00000E+00            109.IN 49.   9   7
 6 3  1.12429E-01  5.92874E-02  5.92874E-02  1.00000E+00            109.IN 49.  10   3
 6 4  2.03371E-02  5.99000E-02  5.99000E-02  1.00000E+00            109.IN 49.  11   4
 1 2  2.20500E+00  7.48000E-02  7.48000E-02  0.00000E+00            109.IN 49.  12   2
 1 3  2.94000E+00  8.41000E-02  8.41000E-02  0.00000E+00            109.IN 49.  13   3
 1 4  7.35000E+01  2.03500E-01  2.03500E-01  0.00000E+00            109.IN 49.  14   4
 6 1  4.26417E+00  1.76812E-01  1.76812E-01  4.00000E+00            109.IN 49.  15   1
 6 5  4.93518E-01  1.99506E-01  1.99506E-01  4.00000E+00            109.IN 49.  16   5
 6 6  2.61163E-02  1.99769E-01  1.99769E-01  4.00000E+00            109.IN 49.  17   6
 6 7  7.42884E-03  1.99965E-01  1.99965E-01  4.00000E+00            109.IN 49.  18   7
 6 3  1.01893E-01  2.02887E-01  2.02887E-01  4.00000E+00            109.IN 49.  19   3
 6 4  2.13334E-02  2.03500E-01  2.03500E-01  4.00000E+00            109.IN 49.  20   4
 1 5  1.10250E-01  2.23100E-01  2.23100E-01  0.00000E+00            109.IN 49.  21   5
 6 1  8.12907E-03  1.96412E-01  1.96412E-01  5.00000E+00            109.IN 49.  22   1
 6 5  8.31002E-04  2.19106E-01  2.19106E-01  5.00000E+00            109.IN 49.  23   5
 6 6  2.51658E-04  2.19369E-01  2.19369E-01  5.00000E+00            109.IN 49.  24   6
 6 7  2.48525E-04  2.19565E-01  2.19565E-01  5.00000E+00            109.IN 49.  25   7
 6 3  2.60605E-04  2.22487E-01  2.22487E-01  5.00000E+00            109.IN 49.  26   3
 6 4  5.14851E-05  2.23100E-01  2.23100E-01  5.00000E+00            109.IN 49.  27   4
 1 6  4.41000E-02  2.59100E-01  2.59100E-01  0.00000E+00            109.IN 49.  28   6
 6 1  6.42621E-03  2.32412E-01  2.32412E-01  6.00000E+00            109.IN 49.  29   1
 6 5  8.15726E-04  2.55106E-01  2.55106E-01  6.00000E+00            109.IN 49.  30   5
 6 6  7.03114E-05  2.55369E-01  2.55369E-01  6.00000E+00            109.IN 49.  31   6
 6 7  3.93739E-05  2.55565E-01  2.55565E-01  6.00000E+00            109.IN 49.  32   7
 6 3  1.81854E-04  2.58487E-01  2.58487E-01  6.00000E+00            109.IN 49.  33   3
 6 4  3.77354E-05  2.59100E-01  2.59100E-01  6.00000E+00            109.IN 49.  34   4
 1 7  1.61700E+00  2.88400E-01  2.88400E-01  0.00000E+00            109.IN 49.  35   7
 6 1  5.07396E-02  2.61712E-01  2.61712E-01  7.00000E+00            109.IN 49.  36   1
 6 5  5.32025E-03  2.84406E-01  2.84406E-01  7.00000E+00            109.IN 49.  37   5
 6 6  1.19045E-03  2.84669E-01  2.84669E-01  7.00000E+00            109.IN 49.  38   6
 6 7  1.08695E-03  2.84865E-01  2.84865E-01  7.00000E+00            109.IN 49.  39   7
 6 3  1.48256E-03  2.87787E-01  2.87787E-01  7.00000E+00            109.IN 49.  40   3
 6 4  2.96625E-04  2.88400E-01  2.88400E-01  7.00000E+00            109.IN 49.  41   4
 1 8  3.67500E-01  3.24400E-01  3.24400E-01  0.00000E+00            109.IN 49.  42   8
 6 1  7.87975E-03  2.97712E-01  2.97712E-01  8.00000E+00            109.IN 49.  43   1
 6 5  8.34686E-04  3.20406E-01  3.20406E-01  8.00000E+00            109.IN 49.  44   5
 6 6  1.62913E-04  3.20669E-01  3.20669E-01  8.00000E+00            109.IN 49.  45   6
 6 7  1.43610E-04  3.20865E-01  3.20865E-01  8.00000E+00            109.IN 49.  46   7
 6 3  2.22434E-04  3.23787E-01  3.23787E-01  8.00000E+00            109.IN 49.  47   3
 6 4  4.47238E-05  3.24400E-01  3.24400E-01  8.00000E+00            109.IN 49.  48   4
 1 9  5.36550E-01  3.26300E-01  3.26300E-01  0.00000E+00            109.IN 49.  49   9
 6 1  9.13957E-03  2.99612E-01  2.99612E-01  9.00000E+00            109.IN 49.  50   1
 6 5  1.05160E-03  3.22306E-01  3.22306E-01  9.00000E+00            109.IN 49.  51   5
 6 6  4.63293E-05  3.22569E-01  3.22569E-01  9.00000E+00            109.IN 49.  52   6
 6 7  1.37523E-05  3.22765E-01  3.22765E-01  9.00000E+00            109.IN 49.  53   7
 6 3  2.14568E-04  3.25687E-01  3.25687E-01  9.00000E+00            109.IN 49.  54   3
 6 4  4.48513E-05  3.26300E-01  3.26300E-01  9.00000E+00            109.IN 49.  55   4
 110  2.13150E+00  3.47500E-01  3.47500E-01  0.00000E+00            109.IN 49.  56  10
 6 1  3.09558E-02  3.20812E-01  3.20812E-01  1.00000E+01            109.IN 49.  57   1
 6 5  3.55946E-03  3.43506E-01  3.43506E-01  1.00000E+01            109.IN 49.  58   5
 6 6  1.52672E-04  3.43769E-01  3.43769E-01  1.00000E+01            109.IN 49.  59   6
 6 7  4.56663E-05  3.43965E-01  3.43965E-01  1.00000E+01            109.IN 49.  60   7
 6 3  7.24963E-04  3.46887E-01  3.46887E-01  1.00000E+01            109.IN 49.  61   3
 6 4  1.51655E-04  3.47500E-01  3.47500E-01  1.00000E+01            109.IN 49.  62   4
 111  8.82000E-01  4.20500E-01  4.20500E-01  0.00000E+00            109.IN 49.  63  11
 6 1  7.95273E-03  3.93812E-01  3.93812E-01  1.10000E+01            109.IN 49.  64   1
 6 5  9.12719E-04  4.16506E-01  4.16506E-01  1.10000E+01            109.IN 49.  65   5
 6 6  3.59530E-05  4.16769E-01  4.16769E-01  1.10000E+01            109.IN 49.  66   6
 6 7  1.10560E-05  4.16965E-01  4.16965E-01  1.10000E+01            109.IN 49.  67   7
 6 3  1.84883E-04  4.19887E-01  4.19887E-01  1.10000E+01            109.IN 49.  68   3
 6 4  3.87812E-05  4.20500E-01  4.20500E-01  1.10000E+01            109.IN 49.  69   4
 112  4.11600E+00  4.26200E-01  4.26200E-01  0.00000E+00            109.IN 49.  70  12
 6 1  3.58982E-02  3.99512E-01  3.99512E-01  1.20000E+01            109.IN 49.  71   1
 6 5  4.11941E-03  4.22206E-01  4.22206E-01  1.20000E+01            109.IN 49.  72   5
 6 6  1.61256E-04  4.22469E-01  4.22469E-01  1.20000E+01            109.IN 49.  73   6
 6 7  4.97006E-05  4.22665E-01  4.22665E-01  1.20000E+01            109.IN 49.  74   7
 6 3  8.34127E-04  4.25587E-01  4.25587E-01  1.20000E+01            109.IN 49.  75   3
 6 4  1.75000E-04  4.26200E-01  4.26200E-01  1.20000E+01            109.IN 49.  76   4
 113  1.02900E-01  4.61400E-01  4.61400E-01  0.00000E+00            109.IN 49.  77  13
 6 1  7.38458E-04  4.34712E-01  4.34712E-01  1.30000E+01            109.IN 49.  78   1
 6 5  8.46697E-05  4.57406E-01  4.57406E-01  1.30000E+01            109.IN 49.  79   5
 6 6  3.19214E-06  4.57669E-01  4.57669E-01  1.30000E+01            109.IN 49.  80   6
 6 7  9.97994E-07  4.57865E-01  4.57865E-01  1.30000E+01            109.IN 49.  81   7
 6 3  1.71080E-05  4.60787E-01  4.60787E-01  1.30000E+01            109.IN 49.  82   3
 6 4  3.59275E-06  4.61400E-01  4.61400E-01  1.30000E+01            109.IN 49.  83   4
 114  1.02900E-01  4.82200E-01  4.82200E-01  0.00000E+00            109.IN 49.  84  14
 6 1  6.63431E-04  4.55512E-01  4.55512E-01  1.40000E+01            109.IN 49.  85   1
 6 5  7.60219E-05  4.78206E-01  4.78206E-01  1.40000E+01            109.IN 49.  86   5
 6 6  2.80391E-06  4.78469E-01  4.78469E-01  1.40000E+01            109.IN 49.  87   6
 6 7  8.84379E-07  4.78665E-01  4.78665E-01  1.40000E+01            109.IN 49.  88   7
 6 3  1.53452E-05  4.81587E-01  4.81587E-01  1.40000E+01            109.IN 49.  89   3
 6 4  3.22223E-06  4.82200E-01  4.82200E-01  1.40000E+01            109.IN 49.  90   4
 116  5.29200E-01  5.29300E-01  5.29300E-01  0.00000E+00            109.IN 49.  91  16
 6 1  2.59870E-03  5.02612E-01  5.02612E-01  1.60000E+01            109.IN 49.  92   1
 6 5  2.84867E-04  5.25306E-01  5.25306E-01  1.60000E+01            109.IN 49.  93   5
 6 6  3.09384E-05  5.25569E-01  5.25569E-01  1.60000E+01            109.IN 49.  94   6
 6 7  2.40949E-05  5.25765E-01  5.25765E-01  1.60000E+01            109.IN 49.  95   7
 6 3  6.57796E-05  5.28687E-01  5.28687E-01  1.60000E+01            109.IN 49.  96   3
 6 4  1.34921E-05  5.29300E-01  5.29300E-01  1.60000E+01            109.IN 49.  97   4
 117  7.35000E-02  5.42000E-01  5.42000E-01  0.00000E+00            109.IN 49.  98  17
 6 1  3.57679E-04  5.15312E-01  5.15312E-01  1.70000E+01            109.IN 49.  99   1
 6 5  4.09191E-05  5.38006E-01  5.38006E-01  1.70000E+01            109.IN 49. 100   5
 6 6  1.42162E-06  5.38269E-01  5.38269E-01  1.70000E+01            109.IN 49. 101   6
 6 7  4.60269E-07  5.38465E-01  5.38465E-01  1.70000E+01            109.IN 49. 102   7
 6 3  8.23933E-06  5.41387E-01  5.41387E-01  1.70000E+01            109.IN 49. 103   3
 6 4  1.72922E-06  5.42000E-01  5.42000E-01  1.70000E+01            109.IN 49. 104   4
 118  6.61500E-02  5.70400E-01  5.70400E-01  0.00000E+00            109.IN 49. 105  18
 6 1  2.29062E-03  5.43712E-01  5.43712E-01  1.80000E+01            109.IN 49. 106   1
 6 5  2.87979E-04  5.66406E-01  5.66406E-01  1.80000E+01            109.IN 49. 107   5
 6 6  2.52987E-05  5.66669E-01  5.66669E-01  1.80000E+01            109.IN 49. 108   6
 6 7  1.48011E-05  5.66865E-01  5.66865E-01  1.80000E+01            109.IN 49. 109   7
 6 3  6.43838E-05  5.69787E-01  5.69787E-01  1.80000E+01            109.IN 49. 110   3
 6 4  1.33513E-05  5.70400E-01  5.70400E-01  1.80000E+01            109.IN 49. 111   4
 119  8.08500E-02  5.80900E-01  5.80900E-01  0.00000E+00            109.IN 49. 112  19
 120  2.35200E-01  5.83800E-01  5.83800E-01  0.00000E+00            109.IN 49. 113  20
 6 1  9.59143E-04  5.57112E-01  5.57112E-01  2.00000E+01            109.IN 49. 114   1
 6 5  1.09611E-04  5.79806E-01  5.79806E-01  2.00000E+01            109.IN 49. 115   5
 6 6  3.66210E-06  5.80069E-01  5.80069E-01  2.00000E+01            109.IN 49. 116   6
 6 7  1.20823E-06  5.80265E-01  5.80265E-01  2.00000E+01            109.IN 49. 117   7
 6 3  2.20403E-05  5.83187E-01  5.83187E-01  2.00000E+01            109.IN 49. 118   3
 6 4  4.62346E-06  5.83800E-01  5.83800E-01  2.00000E+01            109.IN 49. 119   4
 121  2.20500E-01  5.99300E-01  5.99300E-01  0.00000E+00            109.IN 49. 120  21
 122  2.27850E+00  6.13600E-01  6.13600E-01  0.00000E+00            109.IN 49. 121  22
 6 1  7.47954E-03  5.86912E-01  5.86912E-01  2.20000E+01            109.IN 49. 122   1
 6 5  8.25489E-04  6.09606E-01  6.09606E-01  2.20000E+01            109.IN 49. 123   5
 6 6  7.44285E-05  6.09869E-01  6.09869E-01  2.20000E+01            109.IN 49. 124   6
 6 7  5.65551E-05  6.10065E-01  6.10065E-01  2.20000E+01            109.IN 49. 125   7
 6 3  1.84816E-04  6.12987E-01  6.12987E-01  2.20000E+01            109.IN 49. 126   3
 6 4  3.81035E-05  6.13600E-01  6.13600E-01  2.20000E+01            109.IN 49. 127   4
 123  1.76400E+00  6.19000E-01  6.19000E-01  0.00000E+00            109.IN 49. 128  23
 6 1  5.65749E-03  5.92312E-01  5.92312E-01  2.30000E+01            109.IN 49. 129   1
 6 5  6.24609E-04  6.15006E-01  6.15006E-01  2.30000E+01            109.IN 49. 130   5
 6 6  5.56949E-05  6.15269E-01  6.15269E-01  2.30000E+01            109.IN 49. 131   6
 6 7  4.22675E-05  6.15465E-01  6.15465E-01  2.30000E+01            109.IN 49. 132   7
 6 3  1.39609E-04  6.18387E-01  6.18387E-01  2.30000E+01            109.IN 49. 133   3
 6 4  2.87913E-05  6.19000E-01  6.19000E-01  2.30000E+01            109.IN 49. 134   4
 124  1.91100E-01  6.19800E-01  6.19800E-01  0.00000E+00            109.IN 49. 135  24
 125  5.51250E+00  6.23500E-01  6.23500E-01  0.00000E+00            109.IN 49. 136  25
 6 1  1.92469E-02  5.96812E-01  5.96812E-01  2.50000E+01            109.IN 49. 137   1
 6 5  2.19748E-03  6.19506E-01  6.19506E-01  2.50000E+01            109.IN 49. 138   5
 6 6  7.08769E-05  6.19769E-01  6.19769E-01  2.50000E+01            109.IN 49. 139   6
 6 7  2.37869E-05  6.19965E-01  6.19965E-01  2.50000E+01            109.IN 49. 140   7
 6 3  4.41372E-04  6.22887E-01  6.22887E-01  2.50000E+01            109.IN 49. 141   3
 6 4  9.25471E-05  6.23500E-01  6.23500E-01  2.50000E+01            109.IN 49. 142   4
 126  7.35000E-02  6.29900E-01  6.29900E-01  0.00000E+00            109.IN 49. 143  26
 6 1  2.50540E-04  6.03212E-01  6.03212E-01  2.60000E+01            109.IN 49. 144   1
 6 5  2.86008E-05  6.25906E-01  6.25906E-01  2.60000E+01            109.IN 49. 145   5
 6 6  9.17413E-07  6.26169E-01  6.26169E-01  2.60000E+01            109.IN 49. 146   6
 6 7  3.08847E-07  6.26365E-01  6.26365E-01  2.60000E+01            109.IN 49. 147   7
 6 3  5.74363E-06  6.29287E-01  6.29287E-01  2.60000E+01            109.IN 49. 148   3
 6 4  1.20425E-06  6.29900E-01  6.29900E-01  2.60000E+01            109.IN 49. 149   4
 127  2.86650E+00  6.49800E-01  6.49800E-01  0.00000E+00            109.IN 49. 150  27
 6 1  8.09177E-03  6.23112E-01  6.23112E-01  2.70000E+01            109.IN 49. 151   1
 6 5  8.94935E-04  6.45806E-01  6.45806E-01  2.70000E+01            109.IN 49. 152   5
 6 6  7.50316E-05  6.46069E-01  6.46069E-01  2.70000E+01            109.IN 49. 153   6
 6 7  5.65674E-05  6.46265E-01  6.46265E-01  2.70000E+01            109.IN 49. 154   7
 6 3  1.98254E-04  6.49187E-01  6.49187E-01  2.70000E+01            109.IN 49. 155   3
 6 4  4.09475E-05  6.49800E-01  6.49800E-01  2.70000E+01            109.IN 49. 156   4
 128  1.61700E+00  6.52900E-01  6.52900E-01  0.00000E+00            109.IN 49. 157  28
 6 1  4.50836E-03  6.26212E-01  6.26212E-01  2.80000E+01            109.IN 49. 158   1
 6 5  4.98696E-04  6.48906E-01  6.48906E-01  2.80000E+01            109.IN 49. 159   5
 6 6  4.15589E-05  6.49169E-01  6.49169E-01  2.80000E+01            109.IN 49. 160   6
 6 7  3.13137E-05  6.49365E-01  6.49365E-01  2.80000E+01            109.IN 49. 161   7
 6 3  1.10383E-04  6.52287E-01  6.52287E-01  2.80000E+01            109.IN 49. 162   3
 6 4  2.28019E-05  6.52900E-01  6.52900E-01  2.80000E+01            109.IN 49. 163   4
 129  9.33450E-01  6.78800E-01  6.78800E-01  0.00000E+00            109.IN 49. 164  29
 6 1  2.67130E-03  6.52112E-01  6.52112E-01  2.90000E+01            109.IN 49. 165   1
 6 5  3.04629E-04  6.74806E-01  6.74806E-01  2.90000E+01            109.IN 49. 166   5
 6 6  9.38228E-06  6.75069E-01  6.75069E-01  2.90000E+01            109.IN 49. 167   6
 6 7  3.23497E-06  6.75265E-01  6.75265E-01  2.90000E+01            109.IN 49. 168   7
 6 3  6.11060E-05  6.78187E-01  6.78187E-01  2.90000E+01            109.IN 49. 169   3
 6 4  1.28067E-05  6.78800E-01  6.78800E-01  2.90000E+01            109.IN 49. 170   4
 130  7.35000E-02  7.04000E-01  7.04000E-01  0.00000E+00            109.IN 49. 171  30
 131  8.45250E-01  7.21500E-01  7.21500E-01  0.00000E+00            109.IN 49. 172  31
 6 1  2.09810E-03  6.94812E-01  6.94812E-01  3.10000E+01            109.IN 49. 173   1
 6 5  2.39085E-04  7.17506E-01  7.17506E-01  3.10000E+01            109.IN 49. 174   5
 6 6  7.12800E-06  7.17769E-01  7.17769E-01  3.10000E+01            109.IN 49. 175   6
 6 7  2.50887E-06  7.17965E-01  7.17965E-01  3.10000E+01            109.IN 49. 176   7
 6 3  4.79274E-05  7.20887E-01  7.20887E-01  3.10000E+01            109.IN 49. 177   3
 6 4  1.00472E-05  7.21500E-01  7.21500E-01  3.10000E+01            109.IN 49. 178   4
 132  2.71950E-01  7.27400E-01  7.27400E-01  0.00000E+00            109.IN 49. 179  32
 6 1  6.62386E-04  7.00712E-01  7.00712E-01  3.20000E+01            109.IN 49. 180   1
 6 5  7.54738E-05  7.23406E-01  7.23406E-01  3.20000E+01            109.IN 49. 181   5
 6 6  2.24035E-06  7.23669E-01  7.23669E-01  3.20000E+01            109.IN 49. 182   6
 6 7  7.90801E-07  7.23865E-01  7.23865E-01  3.20000E+01            109.IN 49. 183   7
 6 3  1.51284E-05  7.26787E-01  7.26787E-01  3.20000E+01            109.IN 49. 184   3
 6 4  3.17156E-06  7.27400E-01  7.27400E-01  3.20000E+01            109.IN 49. 185   4
 133  3.52800E-01  7.30900E-01  7.30900E-01  0.00000E+00            109.IN 49. 186  33
 6 1  8.49786E-04  7.04212E-01  7.04212E-01  3.30000E+01            109.IN 49. 187   1
 6 5  9.68212E-05  7.26906E-01  7.26906E-01  3.30000E+01            109.IN 49. 188   5
 6 6  2.86663E-06  7.27169E-01  7.27169E-01  3.30000E+01            109.IN 49. 189   6
 6 7  1.01358E-06  7.27365E-01  7.27365E-01  3.30000E+01            109.IN 49. 190   7
 6 3  1.94064E-05  7.30287E-01  7.30287E-01  3.30000E+01            109.IN 49. 191   3
 6 4  4.06854E-06  7.30900E-01  7.30900E-01  3.30000E+01            109.IN 49. 192   4
 134  4.04250E-01  7.53900E-01  7.53900E-01  0.00000E+00            109.IN 49. 193  34
 6 1  9.06256E-04  7.27212E-01  7.27212E-01  3.40000E+01            109.IN 49. 194   1
 6 5  1.03218E-04  7.49906E-01  7.49906E-01  3.40000E+01            109.IN 49. 195   5
 6 6  3.00548E-06  7.50169E-01  7.50169E-01  3.40000E+01            109.IN 49. 196   6
 6 7  1.07458E-06  7.50365E-01  7.50365E-01  3.40000E+01            109.IN 49. 197   7
 6 3  2.06823E-05  7.53287E-01  7.53287E-01  3.40000E+01            109.IN 49. 198   3
 6 4  4.33680E-06  7.53900E-01  7.53900E-01  3.40000E+01            109.IN 49. 199   4
 135  5.88000E-01  7.93900E-01  7.93900E-01  0.00000E+00            109.IN 49. 200  35
 6 1  1.17005E-03  7.67212E-01  7.67212E-01  3.50000E+01            109.IN 49. 201   1
 6 5  1.33185E-04  7.89906E-01  7.89906E-01  3.50000E+01            109.IN 49. 202   5
 6 6  3.77066E-06  7.90169E-01  7.90169E-01  3.50000E+01            109.IN 49. 203   6
 6 7  1.37456E-06  7.90365E-01  7.90365E-01  3.50000E+01            109.IN 49. 204   7
 6 3  2.66736E-05  7.93287E-01  7.93287E-01  3.50000E+01            109.IN 49. 205   3
 6 4  5.59497E-06  7.93900E-01  7.93900E-01  3.50000E+01            109.IN 49. 206   4
 136  3.08700E-01  8.00000E-01  8.00000E-01  0.00000E+00            109.IN 49. 207  36
 6 1  5.17498E-04  7.73312E-01  7.73312E-01  3.60000E+01            109.IN 49. 208   1
 6 5  5.74453E-05  7.96006E-01  7.96006E-01  3.60000E+01            109.IN 49. 209   5
 6 6  3.70213E-06  7.96269E-01  7.96269E-01  3.60000E+01            109.IN 49. 210   6
 6 7  2.73701E-06  7.96465E-01  7.96465E-01  3.60000E+01            109.IN 49. 211   7
 6 3  1.23322E-05  7.99387E-01  7.99387E-01  3.60000E+01            109.IN 49. 212   3
 6 4  2.55903E-06  8.00000E-01  8.00000E-01  3.60000E+01            109.IN 49. 213   4
 137  1.24950E+00  8.22500E-01  8.22500E-01  0.00000E+00            109.IN 49. 214  37
 6 1  2.29249E-03  7.95812E-01  7.95812E-01  3.70000E+01            109.IN 49. 215   1
 6 5  2.60849E-04  8.18506E-01  8.18506E-01  3.70000E+01            109.IN 49. 216   5
 6 6  7.24294E-06  8.18769E-01  8.18769E-01  3.70000E+01            109.IN 49. 217   6
 6 7  2.67720E-06  8.18965E-01  8.18965E-01  3.70000E+01            109.IN 49. 218   7
 6 3  5.22237E-05  8.21887E-01  8.21887E-01  3.70000E+01            109.IN 49. 219   3
 6 4  1.09570E-05  8.22500E-01  8.22500E-01  3.70000E+01            109.IN 49. 220   4
 138  2.20500E-01  8.32200E-01  8.32200E-01  0.00000E+00            109.IN 49. 221  38
 6 1  3.36295E-04  8.05512E-01  8.05512E-01  3.80000E+01            109.IN 49. 222   1
 6 5  3.73412E-05  8.28206E-01  8.28206E-01  3.80000E+01            109.IN 49. 223   5
 6 6  2.28921E-06  8.28469E-01  8.28469E-01  3.80000E+01            109.IN 49. 224   6
 6 7  1.68623E-06  8.28665E-01  8.28665E-01  3.80000E+01            109.IN 49. 225   7
 6 3  7.97639E-06  8.31587E-01  8.31587E-01  3.80000E+01            109.IN 49. 226   3
 6 4  1.65649E-06  8.32200E-01  8.32200E-01  3.80000E+01            109.IN 49. 227   4
 139  1.98450E-01  8.52300E-01  8.52300E-01  0.00000E+00            109.IN 49. 228  39
 6 1  3.35681E-04  8.25612E-01  8.25612E-01  3.90000E+01            109.IN 49. 229   1
 6 5  3.81807E-05  8.48306E-01  8.48306E-01  3.90000E+01            109.IN 49. 230   5
 6 6  1.03946E-06  8.48569E-01  8.48569E-01  3.90000E+01            109.IN 49. 231   6
 6 7  3.90708E-07  8.48765E-01  8.48765E-01  3.90000E+01            109.IN 49. 232   7
 6 3  7.64118E-06  8.51687E-01  8.51687E-01  3.90000E+01            109.IN 49. 233   3
 6 4  1.60364E-06  8.52300E-01  8.52300E-01  3.90000E+01            109.IN 49. 234   4
 140  1.91100E-01  8.62200E-01  8.62200E-01  0.00000E+00            109.IN 49. 235  40
 6 1  2.68047E-04  8.35512E-01  8.35512E-01  4.00000E+01            109.IN 49. 236   1
 6 5  2.97688E-05  8.58206E-01  8.58206E-01  4.00000E+01            109.IN 49. 237   5
 6 6  1.74489E-06  8.58469E-01  8.58469E-01  4.00000E+01            109.IN 49. 238   6
 6 7  1.28417E-06  8.58665E-01  8.58665E-01  4.00000E+01            109.IN 49. 239   7
 6 3  6.33201E-06  8.61587E-01  8.61587E-01  4.00000E+01            109.IN 49. 240   3
 6 4  1.31580E-06  8.62200E-01  8.62200E-01  4.00000E+01            109.IN 49. 241   4
 141  2.71950E-01  8.90500E-01  8.90500E-01  0.00000E+00            109.IN 49. 242  41
 6 1  4.16400E-04  8.63812E-01  8.63812E-01  4.10000E+01            109.IN 49. 243   1
 6 5  4.73401E-05  8.86506E-01  8.86506E-01  4.10000E+01            109.IN 49. 244   5
 6 6  1.25754E-06  8.86769E-01  8.86769E-01  4.10000E+01            109.IN 49. 245   6
 6 7  4.81182E-07  8.86965E-01  8.86965E-01  4.10000E+01            109.IN 49. 246   7
 6 3  9.47001E-06  8.89887E-01  8.89887E-01  4.10000E+01            109.IN 49. 247   3
 6 4  1.98809E-06  8.90500E-01  8.90500E-01  4.10000E+01            109.IN 49. 248   4
 142  4.41000E-01  9.00700E-01  9.00700E-01  0.00000E+00            109.IN 49. 249  42
 6 1  6.58063E-04  8.74012E-01  8.74012E-01  4.20000E+01            109.IN 49. 250   1
 6 5  7.48057E-05  8.96706E-01  8.96706E-01  4.20000E+01            109.IN 49. 251   5
 6 6  1.97439E-06  8.96969E-01  8.96969E-01  4.20000E+01            109.IN 49. 252   6
 6 7  7.59055E-07  8.97165E-01  8.97165E-01  4.20000E+01            109.IN 49. 253   7
 6 3  1.49625E-05  9.00087E-01  9.00087E-01  4.20000E+01            109.IN 49. 254   3
 6 4  3.14142E-06  9.00700E-01  9.00700E-01  4.20000E+01            109.IN 49. 255   4
 143  7.35000E-01  9.25800E-01  9.25800E-01  0.00000E+00            109.IN 49. 256  43
 6 1  8.74029E-04  8.99112E-01  8.99112E-01  4.30000E+01            109.IN 49. 257   1
 6 5  9.70942E-05  9.21806E-01  9.21806E-01  4.30000E+01            109.IN 49. 258   5
 6 6  5.19984E-06  9.22069E-01  9.22069E-01  4.30000E+01            109.IN 49. 259   6
 6 7  3.82772E-06  9.22265E-01  9.22265E-01  4.30000E+01            109.IN 49. 260   7
 6 3  2.04895E-05  9.25187E-01  9.25187E-01  4.30000E+01            109.IN 49. 261   3
 6 4  4.26296E-06  9.25800E-01  9.25800E-01  4.30000E+01            109.IN 49. 262   4
 144  2.57250E-01  9.30300E-01  9.30300E-01  0.00000E+00            109.IN 49. 263  44
 6 1  3.56862E-04  9.03612E-01  9.03612E-01  4.40000E+01            109.IN 49. 264   1
 6 5  4.05534E-05  9.26306E-01  9.26306E-01  4.40000E+01            109.IN 49. 265   5
 6 6  1.05084E-06  9.26569E-01  9.26569E-01  4.40000E+01            109.IN 49. 266   6
 6 7  4.09551E-07  9.26765E-01  9.26765E-01  4.40000E+01            109.IN 49. 267   7
 6 3  8.10845E-06  9.29687E-01  9.29687E-01  4.40000E+01            109.IN 49. 268   3
 6 4  1.70279E-06  9.30300E-01  9.30300E-01  4.40000E+01            109.IN 49. 269   4
 145  1.47000E+00  9.49100E-01  9.49100E-01  0.00000E+00            109.IN 49. 270  45
 6 1  1.94953E-03  9.22412E-01  9.22412E-01  4.50000E+01            109.IN 49. 271   1
 6 5  2.21499E-04  9.45106E-01  9.45106E-01  4.50000E+01            109.IN 49. 272   5
 6 6  5.67406E-06  9.45369E-01  9.45369E-01  4.50000E+01            109.IN 49. 273   6
 6 7  2.23059E-06  9.45565E-01  9.45565E-01  4.50000E+01            109.IN 49. 274   7
 6 3  4.42772E-05  9.48487E-01  9.48487E-01  4.50000E+01            109.IN 49. 275   3
 6 4  9.29961E-06  9.49100E-01  9.49100E-01  4.50000E+01            109.IN 49. 276   4
 146  9.55500E-02  9.62600E-01  9.62600E-01  0.00000E+00            109.IN 49. 277  46
 6 1  1.22769E-04  9.35912E-01  9.35912E-01  4.60000E+01            109.IN 49. 278   1
 6 5  1.39467E-05  9.58606E-01  9.58606E-01  4.60000E+01            109.IN 49. 279   5
 6 6  3.54367E-07  9.58869E-01  9.58869E-01  4.60000E+01            109.IN 49. 280   6
 6 7  1.40175E-07  9.59065E-01  9.59065E-01  4.60000E+01            109.IN 49. 281   7
 6 3  2.78743E-06  9.61987E-01  9.61987E-01  4.60000E+01            109.IN 49. 282   3
 6 4  5.85506E-07  9.62600E-01  9.62600E-01  4.60000E+01            109.IN 49. 283   4
 147  6.46800E-01  9.98500E-01  9.98500E-01  0.00000E+00            109.IN 49. 284  47
 6 1  7.65780E-04  9.71812E-01  9.71812E-01  4.70000E+01            109.IN 49. 285   1
 6 5  8.69627E-05  9.94506E-01  9.94506E-01  4.70000E+01            109.IN 49. 286   5
 6 6  2.16299E-06  9.94769E-01  9.94769E-01  4.70000E+01            109.IN 49. 287   6
 6 7  8.69796E-07  9.94965E-01  9.94965E-01  4.70000E+01            109.IN 49. 288   7
 6 3  1.73724E-05  9.97887E-01  9.97887E-01  4.70000E+01            109.IN 49. 289   3
 6 4  3.64998E-06  9.98500E-01  9.98500E-01  4.70000E+01            109.IN 49. 290   4
 148  1.61700E-01  1.00410E+00  1.00410E+00  0.00000E+00            109.IN 49. 291  48
 6 1  1.89076E-04  9.77412E-01  9.77412E-01  4.80000E+01            109.IN 49. 292   1
 6 5  2.14705E-05  1.00011E+00  1.00011E+00  4.80000E+01            109.IN 49. 293   5
 6 6  5.32278E-07  1.00037E+00  1.00037E+00  4.80000E+01            109.IN 49. 294   6
 6 7  2.14592E-07  1.00056E+00  1.00056E+00  4.80000E+01            109.IN 49. 295   7
 6 3  4.28878E-06  1.00349E+00  1.00349E+00  4.80000E+01            109.IN 49. 296   3
 6 4  9.01117E-07  1.00410E+00  1.00410E+00  4.80000E+01            109.IN 49. 297   4
 149  1.16865E+00  1.04970E+00  1.04970E+00  0.00000E+00            109.IN 49. 298  49
 6 1  1.04878E-03  1.02301E+00  1.02301E+00  4.90000E+01            109.IN 49. 299   1
 6 5  1.16548E-04  1.04571E+00  1.04571E+00  4.90000E+01            109.IN 49. 300   5
 6 6  5.32087E-06  1.04597E+00  1.04597E+00  4.90000E+01            109.IN 49. 301   6
 6 7  3.94239E-06  1.04616E+00  1.04616E+00  4.90000E+01            109.IN 49. 302   7
 6 3  2.42914E-05  1.04909E+00  1.04909E+00  4.90000E+01            109.IN 49. 303   3
 6 4  5.00721E-06  1.04970E+00  1.04970E+00  4.90000E+01            109.IN 49. 304   4
 150  2.86650E-01  1.10620E+00  1.10620E+00  0.00000E+00            109.IN 49. 305  50
 6 1  2.70810E-04  1.07951E+00  1.07951E+00  5.00000E+01            109.IN 49. 306   1
 6 5  3.07036E-05  1.10221E+00  1.10221E+00  5.00000E+01            109.IN 49. 307   5
 6 6  7.18327E-07  1.10247E+00  1.10247E+00  5.00000E+01            109.IN 49. 308   6
 6 7  3.03491E-07  1.10266E+00  1.10266E+00  5.00000E+01            109.IN 49. 309   7
 6 3  6.12370E-06  1.10559E+00  1.10559E+00  5.00000E+01            109.IN 49. 310   3
 6 4  1.28112E-06  1.10620E+00  1.10620E+00  5.00000E+01            109.IN 49. 311   4
 151  4.33650E+00  1.14910E+00  1.14910E+00  0.00000E+00            109.IN 49. 312  51
 6 1  3.77081E-03  1.12241E+00  1.12241E+00  5.10000E+01            109.IN 49. 313   1
 6 5  4.27292E-04  1.14511E+00  1.14511E+00  5.10000E+01            109.IN 49. 314   5
 6 6  9.76567E-06  1.14537E+00  1.14537E+00  5.10000E+01            109.IN 49. 315   6
 6 7  4.20851E-06  1.14556E+00  1.14556E+00  5.10000E+01            109.IN 49. 316   7
 6 3  8.51600E-05  1.14849E+00  1.14849E+00  5.10000E+01            109.IN 49. 317   3
 6 4  1.78078E-05  1.14910E+00  1.14910E+00  5.10000E+01            109.IN 49. 318   4
 152  2.94000E-01  1.18680E+00  1.18680E+00  0.00000E+00            109.IN 49. 319  52
 6 1  2.38368E-04  1.16011E+00  1.16011E+00  5.20000E+01            109.IN 49. 320   1
 6 5  2.69999E-05  1.18281E+00  1.18281E+00  5.20000E+01            109.IN 49. 321   5
 6 6  6.04773E-07  1.18307E+00  1.18307E+00  5.20000E+01            109.IN 49. 322   6
 6 7  2.65228E-07  1.18326E+00  1.18326E+00  5.20000E+01            109.IN 49. 323   7
 6 3  5.37746E-06  1.18619E+00  1.18619E+00  5.20000E+01            109.IN 49. 324   3
 6 4  1.12397E-06  1.18680E+00  1.18680E+00  5.20000E+01            109.IN 49. 325   4
 153  1.61700E+00  1.19650E+00  1.19650E+00  0.00000E+00            109.IN 49. 326  53
 6 1  1.09772E-03  1.16981E+00  1.16981E+00  5.30000E+01            109.IN 49. 327   1
 6 5  1.21913E-04  1.19251E+00  1.19251E+00  5.30000E+01            109.IN 49. 328   5
 6 6  4.71128E-06  1.19277E+00  1.19277E+00  5.30000E+01            109.IN 49. 329   6
 6 7  3.54203E-06  1.19296E+00  1.19296E+00  5.30000E+01            109.IN 49. 330   7
 6 3  2.51225E-05  1.19589E+00  1.19589E+00  5.30000E+01            109.IN 49. 331   3
 6 4  5.16380E-06  1.19650E+00  1.19650E+00  5.30000E+01            109.IN 49. 332   4
 154  5.58600E-01  1.27290E+00  1.27290E+00  0.00000E+00            109.IN 49. 333  54
 6 1  3.89559E-04  1.24621E+00  1.24621E+00  5.40000E+01            109.IN 49. 334   1
 6 5  4.40951E-05  1.26891E+00  1.26891E+00  5.40000E+01            109.IN 49. 335   5
 6 6  9.44525E-07  1.26917E+00  1.26917E+00  5.40000E+01            109.IN 49. 336   6
 6 7  4.31283E-07  1.26936E+00  1.26936E+00  5.40000E+01            109.IN 49. 337   7
 6 3  8.76735E-06  1.27229E+00  1.27229E+00  5.40000E+01            109.IN 49. 338   3
 6 4  1.83032E-06  1.27290E+00  1.27290E+00  5.40000E+01            109.IN 49. 339   4
 155  5.58600E-01  1.34690E+00  1.34690E+00  0.00000E+00            109.IN 49. 340  55
 6 1  2.97420E-04  1.32021E+00  1.32021E+00  5.50000E+01            109.IN 49. 341   1
 6 5  3.30808E-05  1.34291E+00  1.34291E+00  5.50000E+01            109.IN 49. 342   5
 6 6  1.09919E-06  1.34317E+00  1.34317E+00  5.50000E+01            109.IN 49. 343   6
 6 7  8.42696E-07  1.34336E+00  1.34336E+00  5.50000E+01            109.IN 49. 344   7
 6 3  6.75274E-06  1.34629E+00  1.34629E+00  5.50000E+01            109.IN 49. 345   3
 6 4  1.38462E-06  1.34690E+00  1.34690E+00  5.50000E+01            109.IN 49. 346   4
 156  6.98250E-01  1.35230E+00  1.35230E+00  0.00000E+00            109.IN 49. 347  56
 6 1  4.28076E-04  1.32561E+00  1.32561E+00  5.60000E+01            109.IN 49. 348   1
 6 5  4.84398E-05  1.34831E+00  1.34831E+00  5.60000E+01            109.IN 49. 349   5
 6 6  9.97121E-07  1.34857E+00  1.34857E+00  5.60000E+01            109.IN 49. 350   6
 6 7  4.72803E-07  1.34876E+00  1.34876E+00  5.60000E+01            109.IN 49. 351   7
 6 3  9.61439E-06  1.35169E+00  1.35169E+00  5.60000E+01            109.IN 49. 352   3
 6 4  2.00457E-06  1.35230E+00  1.35230E+00  5.60000E+01            109.IN 49. 353   4
 157  4.41000E-02  1.38820E+00  1.38820E+00  0.00000E+00            109.IN 49. 354  57
 6 1  2.55787E-05  1.36151E+00  1.36151E+00  5.70000E+01            109.IN 49. 355   1
 6 5  2.89430E-06  1.38421E+00  1.38421E+00  5.70000E+01            109.IN 49. 356   5
 6 6  5.85398E-08  1.38447E+00  1.38447E+00  5.70000E+01            109.IN 49. 357   6
 6 7  2.82401E-08  1.38466E+00  1.38466E+00  5.70000E+01            109.IN 49. 358   7
 6 3  5.73977E-07  1.38759E+00  1.38759E+00  5.70000E+01            109.IN 49. 359   3
 6 4  1.19596E-07  1.38820E+00  1.38820E+00  5.70000E+01            109.IN 49. 360   4
 158  1.26420E+00  1.41920E+00  1.41920E+00  0.00000E+00            109.IN 49. 361  58
 6 1  6.99908E-04  1.39251E+00  1.39251E+00  5.80000E+01            109.IN 49. 362   1
 6 5  7.91977E-05  1.41521E+00  1.41521E+00  5.80000E+01            109.IN 49. 363   5
 6 6  1.57801E-06  1.41547E+00  1.41547E+00  5.80000E+01            109.IN 49. 364   6
 6 7  7.72718E-07  1.41566E+00  1.41566E+00  5.80000E+01            109.IN 49. 365   7
 6 3  1.56941E-05  1.41859E+00  1.41859E+00  5.80000E+01            109.IN 49. 366   3
 6 4  3.26820E-06  1.41920E+00  1.41920E+00  5.80000E+01            109.IN 49. 367   4
 159  5.88000E-02  1.42980E+00  1.42980E+00  0.00000E+00            109.IN 49. 368  59
 6 1  3.20485E-05  1.40311E+00  1.40311E+00  5.90000E+01            109.IN 49. 369   1
 6 5  3.62649E-06  1.42581E+00  1.42581E+00  5.90000E+01            109.IN 49. 370   5
 6 6  7.18905E-08  1.42607E+00  1.42607E+00  5.90000E+01            109.IN 49. 371   6
 6 7  3.53846E-08  1.42626E+00  1.42626E+00  5.90000E+01            109.IN 49. 372   7
 6 3  7.18446E-07  1.42919E+00  1.42919E+00  5.90000E+01            109.IN 49. 373   3
 6 4  1.49582E-07  1.42980E+00  1.42980E+00  5.90000E+01            109.IN 49. 374   4
 160  4.41000E-01  1.47580E+00  1.47580E+00  0.00000E+00            109.IN 49. 375  60
 6 1  2.24926E-04  1.44911E+00  1.44911E+00  6.00000E+01            109.IN 49. 376   1
 6 5  2.54553E-05  1.47181E+00  1.47181E+00  6.00000E+01            109.IN 49. 377   5
 6 6  4.93701E-07  1.47207E+00  1.47207E+00  6.00000E+01            109.IN 49. 378   6
 6 7  2.48503E-07  1.47226E+00  1.47226E+00  6.00000E+01            109.IN 49. 379   7
 6 3  5.03700E-06  1.47519E+00  1.47519E+00  6.00000E+01            109.IN 49. 380   3
 6 4  1.04776E-06  1.47580E+00  1.47580E+00  6.00000E+01            109.IN 49. 381   4
 161  1.17600E-01  1.53930E+00  1.53930E+00  0.00000E+00            109.IN 49. 382  61
 6 1  5.49378E-05  1.51261E+00  1.51261E+00  6.10000E+01            109.IN 49. 383   1
 6 5  6.21962E-06  1.53531E+00  1.53531E+00  6.10000E+01            109.IN 49. 384   5
 6 6  1.17106E-07  1.53557E+00  1.53557E+00  6.10000E+01            109.IN 49. 385   6
 6 7  6.08123E-08  1.53576E+00  1.53576E+00  6.10000E+01            109.IN 49. 386   7
 6 3  1.22861E-06  1.53869E+00  1.53869E+00  6.10000E+01            109.IN 49. 387   3
 6 4  2.55225E-07  1.53930E+00  1.53930E+00  6.10000E+01            109.IN 49. 388   4
 162  1.24950E-01  1.56900E+00  1.56900E+00  0.00000E+00            109.IN 49. 389  62
 6 1  5.61025E-05  1.54231E+00  1.54231E+00  6.20000E+01            109.IN 49. 390   1
 6 5  6.35296E-06  1.56501E+00  1.56501E+00  6.20000E+01            109.IN 49. 391   5
 6 6  1.17993E-07  1.56527E+00  1.56527E+00  6.20000E+01            109.IN 49. 392   6
 6 7  6.21807E-08  1.56546E+00  1.56546E+00  6.20000E+01            109.IN 49. 393   7
 6 3  1.25390E-06  1.56839E+00  1.56839E+00  6.20000E+01            109.IN 49. 394   3
 6 4  2.60308E-07  1.56900E+00  1.56900E+00  6.20000E+01            109.IN 49. 395   4
 163  1.98450E+00  1.62230E+00  1.62230E+00  0.00000E+00            109.IN 49. 396  63
 6 1  8.31612E-04  1.59561E+00  1.59561E+00  6.30000E+01            109.IN 49. 397   1
 6 5  9.42195E-05  1.61831E+00  1.61831E+00  6.30000E+01            109.IN 49. 398   5
 6 6  1.70809E-06  1.61857E+00  1.61857E+00  6.30000E+01            109.IN 49. 399   6
 6 7  9.24357E-07  1.61876E+00  1.61876E+00  6.30000E+01            109.IN 49. 400   7
 6 3  1.85675E-05  1.62169E+00  1.62169E+00  6.30000E+01            109.IN 49. 401   3
 6 4  3.84988E-06  1.62230E+00  1.62230E+00  6.30000E+01            109.IN 49. 402   4
 164  4.18950E-01  1.77190E+00  1.77190E+00  0.00000E+00            109.IN 49. 403  64
 6 1  1.46563E-04  1.74521E+00  1.74521E+00  6.40000E+01            109.IN 49. 404   1
 6 5  1.66407E-05  1.76791E+00  1.76791E+00  6.40000E+01            109.IN 49. 405   5
 6 6  2.82411E-07  1.76817E+00  1.76817E+00  6.40000E+01            109.IN 49. 406   6
 6 7  1.64836E-07  1.76836E+00  1.76836E+00  6.40000E+01            109.IN 49. 407   7
 6 3  3.26400E-06  1.77129E+00  1.77129E+00  6.40000E+01            109.IN 49. 408   3
 6 4  6.74261E-07  1.77190E+00  1.77190E+00  6.40000E+01            109.IN 49. 409   4
 165  1.47000E+00  1.86060E+00  1.86060E+00  0.00000E+00            109.IN 49. 410  65
 6 1  4.65460E-04  1.83391E+00  1.83391E+00  6.50000E+01            109.IN 49. 411   1
 6 5  5.29799E-05  1.85661E+00  1.85661E+00  6.50000E+01            109.IN 49. 412   5
 6 6  8.65674E-07  1.85687E+00  1.85687E+00  6.50000E+01            109.IN 49. 413   6
 6 7  5.28815E-07  1.85706E+00  1.85706E+00  6.50000E+01            109.IN 49. 414   7
 6 3  1.03608E-05  1.85999E+00  1.85999E+00  6.50000E+01            109.IN 49. 415   3
 6 4  2.13516E-06  1.86060E+00  1.86060E+00  6.50000E+01            109.IN 49. 416   4
 2 1  2.12209E+01  2.29571E-02  2.29571E-02  0.00000E+00            109.IN 49. 417   1
 2 2  3.98888E+01  2.31527E-02  2.31527E-02  0.00000E+00            109.IN 49. 418   2
 2 3  3.51939E+00  2.60401E-02  2.60401E-02  0.00000E+00            109.IN 49. 419   3
 2 4  6.83656E+00  2.60753E-02  2.60753E-02  0.00000E+00            109.IN 49. 420   4
 2 5  2.52331E-02  2.62679E-02  2.62679E-02  0.00000E+00            109.IN 49. 421   5
 2 6  3.51214E-02  2.62751E-02  2.62751E-02  0.00000E+00            109.IN 49. 422   6
 2 7  7.16442E-01  2.66098E-02  2.66098E-02  0.00000E+00            109.IN 49. 423   7
 2 8  1.39005E+00  2.66158E-02  2.66158E-02  0.00000E+00            109.IN 49. 424   8
 2 9  3.14908E-03  2.66703E-02  2.66703E-02  0.00000E+00            109.IN 49. 425   9
 210  4.33910E-03  2.66711E-02  2.66711E-02  0.00000E+00            109.IN 49. 426  10
 221  3.21170E-04  2.63200E-04  2.63200E-04  0.00000E+00            109.IN 49. 427  21
 222  2.81958E-03  4.58700E-04  4.58700E-04  0.00000E+00            109.IN 49. 428  22
 223  1.10577E-01  3.34631E-03  3.34631E-03  0.00000E+00            109.IN 49. 429  23
 224  1.82647E-01  3.38147E-03  3.38147E-03  0.00000E+00            109.IN 49. 430  24
 225  1.27939E-03  3.57404E-03  3.57404E-03  0.00000E+00            109.IN 49. 431  25
 226  1.90832E-03  3.58124E-03  3.58124E-03  0.00000E+00            109.IN 49. 432  26
 227  2.03777E-02  3.91588E-03  3.91588E-03  0.00000E+00            109.IN 49. 433  27
 228  3.40707E-02  3.92191E-03  3.92191E-03  0.00000E+00            109.IN 49. 434  28
 229  1.11590E-04  3.97640E-03  3.97640E-03  0.00000E+00            109.IN 49. 435  29
 230  1.67068E-04  3.97713E-03  3.97713E-03  0.00000E+00            109.IN 49. 436  30
 241  5.67391E-07  1.95499E-04  1.95499E-04  0.00000E+00            109.IN 49. 437  41
 242  1.05199E-01  2.97553E-03  2.97553E-03  0.00000E+00            109.IN 49. 438  42
 243  1.28361E-03  3.11827E-03  3.11827E-03  0.00000E+00            109.IN 49. 439  43
 244  1.49454E+00  3.31083E-03  3.31083E-03  0.00000E+00            109.IN 49. 440  44
 245  1.16239E-02  3.61753E-03  3.61753E-03  0.00000E+00            109.IN 49. 441  45
 246  9.32982E-05  3.65871E-03  3.65871E-03  0.00000E+00            109.IN 49. 442  46
 247  1.53809E-01  3.71320E-03  3.71320E-03  0.00000E+00            109.IN 49. 443  47
 249  6.79852E-04  3.72269E-03  3.72269E-03  0.00000E+00            109.IN 49. 444  49
 261  3.91911E-01  2.78003E-03  2.78003E-03  0.00000E+00            109.IN 49. 445  61
 262  1.91348E-03  2.88761E-03  2.88761E-03  0.00000E+00            109.IN 49. 446  62
 263  1.79830E-03  2.92277E-03  2.92277E-03  0.00000E+00            109.IN 49. 447  63
 264  3.29377E-01  3.11534E-03  3.11534E-03  0.00000E+00            109.IN 49. 448  64
 265  2.92250E+00  3.12254E-03  3.12254E-03  0.00000E+00            109.IN 49. 449  65
 266  2.66452E-02  3.42204E-03  3.42204E-03  0.00000E+00            109.IN 49. 450  66
 267  1.03545E-04  3.45717E-03  3.45717E-03  0.00000E+00            109.IN 49. 451  67
 268  9.85915E-05  3.46322E-03  3.46322E-03  0.00000E+00            109.IN 49. 452  68
 269  3.33000E-02  3.51770E-03  3.51770E-03  0.00000E+00            109.IN 49. 453  69
 270  2.94431E-01  3.51842E-03  3.51842E-03  0.00000E+00            109.IN 49. 454  70
 273  1.86160E-03  3.52718E-03  3.52718E-03  0.00000E+00            109.IN 49. 455  73
 291  2.18259E-01  3.98691E-04  3.98691E-04  0.00000E+00            109.IN 49. 456  91
 292  4.45336E-03  5.16922E-05  5.16922E-05  0.00000E+00            109.IN 49. 457  92
 294  7.57960E+02  1.71475E-05  1.71475E-05  0.00000E+00            109.IN 49. 458  94
 7 1  9.41730E+00  1.92752E-02  1.92752E-02  0.00000E+00            109.IN 49. 459   1
 7 2  3.87459E+00  2.24238E-02  2.24238E-02  0.00000E+00            109.IN 49. 460   2
 7 3  3.83299E-01  2.55755E-02  2.55755E-02  0.00000E+00            109.IN 49. 461   3
 7 4  1.65347E+01  1.66000E-04  1.66000E-04  0.00000E+00            109.IN 49. 462   4
 7 5  7.20447E+01  2.61042E-03  2.61042E-03  0.00000E+00            109.IN 49. 463   5
 7 6  1.65852E+01  3.05347E-03  3.05347E-03  0.00000E+00            109.IN 49. 464   6
 7 7  1.00470E+00  3.51452E-03  3.51452E-03  0.00000E+00            109.IN 49. 465   7
 7 8  7.80776E+01  1.28078E-04  1.28078E-04  0.00000E+00            109.IN 49. 466   8
 7 9  1.86811E+02  3.45353E-04  3.45353E-04  0.00000E+00            109.IN 49. 467   9
 710  2.12680E+00  4.03098E-04  4.03098E-04  0.00000E+00            109.IN 49. 468  10
 711  6.33766E-04  7.07235E-04  7.07235E-04  0.00000E+00            109.IN 49. 469  11
 712  2.67750E+02  3.67758E-05  3.67758E-05  0.00000E+00            109.IN 49. 470  12
 713  6.48106E-01  9.68837E-05  9.68837E-05  0.00000E+00            109.IN 49. 471  13
%%%% 109 IN  49    EC B+        1.51200E+04 4.2 H      02-11-2005       SEEIEND 
 


   ***************************************************** 
   *                 Radiation Summary                 * 
   ***************************************************** 
 
  Energy released by
    Gamma-ray                       (MeV) =   5.71143E-01
    X-ray                           (MeV) =   1.75815E-02
    Free-bound X-ray                (MeV) =   1.29971E-04
    Annihilation photon             (MeV) =   4.76018E-02
    Beta+ particle                  (MeV) =   1.65505E-02
    Neutrino                        (MeV) =   1.36457E+00
    Beta- particle                  (MeV) =   0.00000E+00
    Neutrino-                       (MeV) =   0.00000E+00
    Internal conv. electron         (MeV) =   1.08125E-02
    Auger and CK electron           (MeV) =   6.08474E-03
    Alpha particle                  (MeV) =   0.00000E+00
    Recoil nucleus                  (MeV) =   0.00000E+00
  E-total (except unplaced radiat.) (MeV) =   2.03448E+00
  E-unplaced radiation              (MeV) =   7.61487E-03
  Q-value from ENSDF data           (MeV) =   2.02000E+00
  Ratio of E-total/Q-value          ( % ) =   1.00717E+02
  Ratio of E-unplaced radi./Q-value ( % ) =   3.76974E-01

 
  Total yield of
    Gamma-ray                             =   1.23796E+00
    X-ray                                 =   7.99882E-01
    Free-bound X-ray                      =   7.57960E+00
    Annihilation photon                   =   9.31543E-02
    Beta+ particle                        =   4.65771E-02
    Beta- particle                        =   0.00000E+00
    Internal conv. electron               =   6.90881E-02
    Auger and CK electron                 =   6.55259E+00
    Alpha particle                        =   0.00000E+00
  Yield of unplaced radiation             =   5.71095E-02


%%%% 109 IN  49 M  IT           8.04000E+01 1.34 M     02-11-2005       BALASTAR
1 109M  IN  49 1.34 M          IT         
1INTENSITY AND ENERGY BALANCE DATA

              109M-INDIUM-49
+                                    HALFLIFE = 1.34 MINUTES 
+                                                                  02-11-2005


    LEVEL       INTENSITY   INTENSITY
    ENERGY      ENTERING    LEAVING     PERCENT
    (MEV)       LEVEL       LEVEL       ERROR

   0.0000E+00  1.0000E+02
   6.5010E-01  1.0000E+02  1.0000E+02  0.0000E+00                      


 INTENSITY TO GROUND AND ISOMERIC STATE(S) OF DAUGHTER(S)=  1.000E+02
 TOTAL INTENSITY FROM PARENT=  1.000E+02
 PERCENT ERROR =  0.000E+00                      


 TOTAL INTENSITY FROM PARENT =  1.000E+02
 VALUE IS WITHIN   0.00E+00% OF 100                      


 TOTAL ENERGY AVAILABLE =  6.501E-01 MEV
 TOTAL ENERGY CONTENT OF ALL RADIATIONS =  6.501E-01 MEV
 PERCENT ERROR =  0.000E+00                      
%%%% 109 IN  49 M  IT           8.04000E+01 1.34 M     02-11-2005       BALAEND 
%%%% 109 IN  49 M  IT           8.04000E+01 1.34 M     02-11-2005       INPUSTAR
1                                      **INPUT DATA**
              109M-INDIUM-49
+                                    HALFLIFE = 1.34 MINUTES 
+                                                                  02-11-2005

            MODE OF DECAY: ISOMERIC LEVEL
 
                                MEAN
                                NUMBER/    TRANSITION
                TYPE OF    ID   TRANSFOR-  ENERGY
              TRANSITION   NO.  MATION     (MEV)       OTHER NUCLEAR PARAMETERS

           I.C.E. + GAMMA   1   1.00E+00   6.501E-01   M4 MULTIPOLE                             
+                                                                    AK= 0.0588                 
                                                       AL1=0.00773   AM= 0.00187                
 
           - - - - - - - - - -
           Reference: Evaluated Nuclear Structure Data File (ENSDF)
                DATE DATA WERE ENTERED INTO ENSDF: May-1999
%%%% 109 IN  49 M  IT           8.04000E+01 1.34 M     02-11-2005       INPUEND 
%%%% 109 IN  49 M  IT           8.04000E+01 1.34 M     02-11-2005       OUTPSTAR
1                                      **OUTPUT DATA**
              109M-INDIUM-49
+                                    HALFLIFE = 1.34 MINUTES 
+                                                                  02-11-2005

            MODE OF DECAY: ISOMERIC LEVEL
 
                                              MEAN
                                              NUMBER/                  MEV/
                                         ID   TRANSFOR-   ENERGY       TRANSFOR-
                  TYPE OF RADIATION      NO.  MATION      (MEV)        MATION

           GAMMA-RAY                      1   9.34E-01    6.501E-01    6.07E-01
           K CONV. ELECTRON, GAMMA-RAY    1   5.49E-02    6.222E-01    3.42E-02
           L1 CONV. ELECTRON, GAMMA-RAY   1   7.22E-03    6.459E-01    4.66E-03
           L2 CONV. ELECTRON, GAMMA-RAY   1   8.37E-04    6.462E-01    5.41E-04
           L3 CONV. ELECTRON, GAMMA-RAY   1   6.81E-04    6.464E-01    4.40E-04
           M CONV. ELECTRON, GAMMA-RAY    1   1.75E-03    6.494E-01*   1.14E-03
           N+ CONV. ELECTRON, GAMMA-RAY   1   3.75E-04    6.501E-01*   2.44E-04
           K -L3 X-RAY                        2.53E-02    2.419E-02    6.12E-04
           AUGER KLL                          5.51E-03    2.010E-02*   1.11E-04
           AUGER KLX                          2.31E-03    2.341E-02*   5.40E-05
           AUGER LMM                          4.50E-02    2.735E-03*   1.23E-04
           AUGER MNN                          1.14E-01    3.708E-04*   4.21E-05
 
           ALL LISTED X-RAYS, GAMMA-RAYS AND ANNIHILATION RADIATION    6.08E-01
           ALL NEGLECTED X-RAYS, GAMMA-RAYS AND ANNIH. RADIATION**     5.66E-04
           ALL LISTED BETAS, INTERNAL CONVERSION AND AUGER ELECTRONS   4.15E-02
           ALL NEGLECTED BETAS, INT. CONVERSION AND AUGER ELECTRONS**  6.31E-05
           ALL LISTED RADIATIONS                                       6.49E-01
           ALL NEGLECTED RADIATIONS**                                  6.29E-04
 
           *  AVERAGE ENERGY (MEV)
           ** EACH NEGLECTED TRANSITION CONTRIBUTES LESS THAN  0.100%
              TO THE TOTAL MEV/TRANSFORMATION FOR THIS CATEGORY.
           TOTAL FEEDING OF GROUND STATE LEVEL IN 109-INDIUM
             DAUGHTER IS 1.0000E+00  PER TRANSFORMATION OF 109M-INDIUM.
             DECAY OF THIS 4.2 HOURS HALFLIFE LEVEL WILL CONTRIBUTE TO DOSE.
           - - - - - - - - - -
           INPUT DATA SOURCE: EVALUATED NUCLEAR STRUCTURE DATA FILE (ENSDF)
             DATE INPUT DATA WERE ENTERED INTO ENSDF: May-1999
%%%% 109 IN  49 M  IT           8.04000E+01 1.34 M     02-11-2005       OUTPEND 
%%%% 109 IN  49 M  IT           8.04000E+01 1.34 M     02-11-2005       SEEISTAR
109.M INDIUM       49.  1.340E+00 MINUTES   69 IT                   109.IN 49.   0
 1 1  9.34211E+01  6.50100E-01  6.50100E-01  0.00000E+00            109.IN 49.   1   1
 6 1  5.49259E+00  6.22179E-01  6.22179E-01  1.00000E+00            109.IN 49.   2   1
 6 5  7.21959E-01  6.45886E-01  6.45886E-01  1.00000E+00            109.IN 49.   3   5
 6 6  8.36742E-02  6.46158E-01  6.46158E-01  1.00000E+00            109.IN 49.   4   6
 6 7  6.81031E-02  6.46372E-01  6.46372E-01  1.00000E+00            109.IN 49.   5   7
 6 3  1.75049E-01  6.49439E-01  6.49439E-01  1.00000E+00            109.IN 49.   6   3
 6 4  3.75457E-02  6.50100E-01  6.50100E-01  1.00000E+00            109.IN 49.   7   4
 2 1  1.34952E+00  2.39785E-02  2.39785E-02  0.00000E+00            109.IN 49.   8   1
 2 2  2.53158E+00  2.41926E-02  2.41926E-02  0.00000E+00            109.IN 49.   9   2
 2 3  2.25893E-01  2.72214E-02  2.72214E-02  0.00000E+00            109.IN 49.  10   3
 2 4  4.38598E-01  2.72603E-02  2.72603E-02  0.00000E+00            109.IN 49.  11   4
 2 5  1.71527E-03  2.74599E-02  2.74599E-02  0.00000E+00            109.IN 49.  12   5
 2 6  2.38010E-03  2.74680E-02  2.74680E-02  0.00000E+00            109.IN 49.  13   6
 2 7  4.61085E-02  2.78303E-02  2.78303E-02  0.00000E+00            109.IN 49.  14   7
 2 8  8.97593E-02  2.78371E-02  2.78371E-02  0.00000E+00            109.IN 49.  15   8
 2 9  2.34560E-04  2.78954E-02  2.78954E-02  0.00000E+00            109.IN 49.  16   9
 210  3.23045E-04  2.78964E-02  2.78964E-02  0.00000E+00            109.IN 49.  17  10
 211  3.33976E-04  2.79161E-02  2.79161E-02  0.00000E+00            109.IN 49.  18  11
 212  5.94792E-04  2.79164E-02  2.79164E-02  0.00000E+00            109.IN 49.  19  12
 221  2.18154E-05  2.71300E-04  2.71300E-04  0.00000E+00            109.IN 49.  20  21
 222  2.68381E-04  4.85400E-04  4.85400E-04  0.00000E+00            109.IN 49.  21  22
 223  1.10381E-02  3.51418E-03  3.51418E-03  0.00000E+00            109.IN 49.  22  23
 224  1.80999E-02  3.55313E-03  3.55313E-03  0.00000E+00            109.IN 49.  23  24
 225  1.33531E-04  3.75276E-03  3.75276E-03  0.00000E+00            109.IN 49.  24  25
 226  1.99233E-04  3.76081E-03  3.76081E-03  0.00000E+00            109.IN 49.  25  26
 227  2.09546E-03  4.12303E-03  4.12303E-03  0.00000E+00            109.IN 49.  26  27
 228  3.48550E-03  4.12994E-03  4.12994E-03  0.00000E+00            109.IN 49.  27  28
 229  1.26093E-05  4.18831E-03  4.18831E-03  0.00000E+00            109.IN 49.  28  29
 230  1.89435E-05  4.18921E-03  4.18921E-03  0.00000E+00            109.IN 49.  29  30
 231  1.77554E-05  4.20889E-03  4.20889E-03  0.00000E+00            109.IN 49.  30  31
 232  2.72534E-05  4.20923E-03  4.20923E-03  0.00000E+00            109.IN 49.  31  32
 241  4.74196E-08  2.14100E-04  2.14100E-04  0.00000E+00            109.IN 49.  32  41
 242  7.19557E-03  3.13126E-03  3.13126E-03  0.00000E+00            109.IN 49.  33  42
 243  9.03479E-05  3.28184E-03  3.28184E-03  0.00000E+00            109.IN 49.  34  43
 244  1.07140E-01  3.48147E-03  3.48147E-03  0.00000E+00            109.IN 49.  35  44
 245  8.32882E-04  3.81461E-03  3.81461E-03  0.00000E+00            109.IN 49.  36  45
 246  7.22580E-06  3.85862E-03  3.85862E-03  0.00000E+00            109.IN 49.  37  46
 247  1.20205E-02  3.91701E-03  3.91701E-03  0.00000E+00            109.IN 49.  38  47
 249  6.17813E-05  3.93167E-03  3.93167E-03  0.00000E+00            109.IN 49.  39  49
 250  5.64940E-08  3.93792E-03  3.93792E-03  0.00000E+00            109.IN 49.  40  50
 261  2.42048E-02  2.91717E-03  2.91717E-03  0.00000E+00            109.IN 49.  41  61
 262  1.20747E-04  3.02877E-03  3.02877E-03  0.00000E+00            109.IN 49.  42  62
 263  1.13293E-04  3.06773E-03  3.06773E-03  0.00000E+00            109.IN 49.  43  63
 264  2.10358E-02  3.26736E-03  3.26736E-03  0.00000E+00            109.IN 49.  44  64
 265  1.86593E-01  3.27540E-03  3.27540E-03  0.00000E+00            109.IN 49.  45  65
 266  1.72169E-03  3.60049E-03  3.60049E-03  0.00000E+00            109.IN 49.  46  66
 267  7.12198E-06  3.63762E-03  3.63762E-03  0.00000E+00            109.IN 49.  47  67
 268  6.79076E-06  3.64453E-03  3.64453E-03  0.00000E+00            109.IN 49.  48  68
 269  2.31527E-03  3.70290E-03  3.70290E-03  0.00000E+00            109.IN 49.  49  69
 270  2.05145E-02  3.70383E-03  3.70383E-03  0.00000E+00            109.IN 49.  50  70
 273  1.52164E-04  3.71757E-03  3.71757E-03  0.00000E+00            109.IN 49.  51  73
 274  6.01967E-08  3.72348E-03  3.72348E-03  0.00000E+00            109.IN 49.  52  74
 275  5.29916E-08  3.72382E-03  3.72382E-03  0.00000E+00            109.IN 49.  53  75
 291  1.59891E-02  4.32134E-04  4.32134E-04  0.00000E+00            109.IN 49.  54  91
 292  3.43050E-04  5.66260E-05  5.66260E-05  0.00000E+00            109.IN 49.  55  92
 294  9.24301E+01  8.12556E-06  8.12556E-06  0.00000E+00            109.IN 49.  56  94
 7 1  5.51456E-01  2.00957E-02  2.00957E-02  0.00000E+00            109.IN 49.  57   1
 7 2  2.30876E-01  2.34091E-02  2.34091E-02  0.00000E+00            109.IN 49.  58   2
 7 3  2.32072E-02  2.67252E-02  2.67252E-02  0.00000E+00            109.IN 49.  59   3
 7 4  8.81212E-01  2.61976E-04  2.61976E-04  0.00000E+00            109.IN 49.  60   4
 7 5  4.49921E+00  2.73454E-03  2.73454E-03  0.00000E+00            109.IN 49.  61   5
 7 6  1.10006E+00  3.21482E-03  3.21482E-03  0.00000E+00            109.IN 49.  62   6
 7 7  7.01024E-02  3.71379E-03  3.71379E-03  0.00000E+00            109.IN 49.  63   7
 7 8  5.01438E+00  1.25791E-04  1.25791E-04  0.00000E+00            109.IN 49.  64   8
 7 9  1.13512E+01  3.70819E-04  3.70819E-04  0.00000E+00            109.IN 49.  65   9
 710  1.86569E-01  4.36798E-04  4.36798E-04  0.00000E+00            109.IN 49.  66  10
 711  1.45653E-04  6.44571E-04  6.44571E-04  0.00000E+00            109.IN 49.  67  11
 712  1.61054E+01  3.35313E-05  3.35313E-05  0.00000E+00            109.IN 49.  68  12
 713  4.58404E+01  8.85843E-06  8.85843E-06  0.00000E+00            109.IN 49.  69  13
%%%% 109 IN  49 M  IT           8.04000E+01 1.34 M     02-11-2005       SEEIEND 
 


   ***************************************************** 
   *                 Radiation Summary                 * 
   ***************************************************** 
 
  Energy released by
    Gamma-ray                       (MeV) =   6.07330E-01
    X-ray                           (MeV) =   1.17070E-03
    Free-bound X-ray                (MeV) =   7.51046E-06
    Annihilation photon             (MeV) =   0.00000E+00
    Beta+ particle                  (MeV) =   0.00000E+00
    Neutrino                        (MeV) =   0.00000E+00
    Beta- particle                  (MeV) =   0.00000E+00
    Neutrino-                       (MeV) =   0.00000E+00
    Internal conv. electron         (MeV) =   4.11985E-02
    Auger and CK electron           (MeV) =   3.93054E-04
    Alpha particle                  (MeV) =   0.00000E+00
    Recoil nucleus                  (MeV) =   0.00000E+00
  E-total (except unplaced radiat.) (MeV) =   6.50100E-01
  E-unplaced radiation              (MeV) =   0.00000E+00
  Q-value from ENSDF data           (MeV) =   6.50100E-01
  Ratio of E-total/Q-value          ( % ) =   1.00000E+02
  Ratio of E-unplaced radi./Q-value ( % ) =   0.00000E+00

 
  Total yield of
    Gamma-ray                             =   9.34211E-01
    X-ray                                 =   5.12293E-02
    Free-bound X-ray                      =   9.24301E-01
    Annihilation photon                   =   0.00000E+00
    Beta+ particle                        =   0.00000E+00
    Beta- particle                        =   0.00000E+00
    Internal conv. electron               =   6.57892E-02
    Auger and CK electron                 =   8.58542E-01
    Alpha particle                        =   0.00000E+00
  Yield of unplaced radiation             =   0.00000E+00


