%%%% 114 IN  49    B- EC B+     7.19000E+01   71.9 S   02-11-2005       BALASTAR
1 114   IN  49   71.9 S        B- EC B+   
1INTENSITY AND ENERGY BALANCE DATA

              114-INDIUM-49
+                                    HALFLIFE = 71.9 SECONDS 
+                                                                  02-11-2005


    LEVEL       INTENSITY   INTENSITY
    ENERGY      ENTERING    LEAVING     PERCENT
    (MEV)       LEVEL       LEVEL       ERROR

   0.0000E+00  9.9499E+01
   1.2999E+00  1.4000E-01  1.3940E-01  4.2704E-01                      
   0.0000E+00  4.9837E-01
   5.5843E-01  6.9188E-02  6.7530E-02  2.4253E+00                      
   1.1342E+00  3.9041E-03  3.9377E-03  8.5758E-01                      
   1.3057E+00  1.8591E-04  1.8241E-04  1.8968E+00                      


 INTENSITY TO GROUND AND ISOMERIC STATE(S) OF DAUGHTER(S)=  1.000E+02
 TOTAL INTENSITY FROM PARENT=  1.000E+02
 PERCENT ERROR =  2.220E-03                      


 TOTAL INTENSITY FROM PARENT =  1.000E+02
 VALUE IS WITHIN   0.00E+00% OF 100                      


 TOTAL ENERGY AVAILABLE =  1.986E+00 MEV
 TOTAL ENERGY CONTENT OF ALL RADIATIONS =  1.986E+00 MEV
 PERCENT ERROR =  8.584E-04                      
%%%% 114 IN  49    B- EC B+     7.19000E+01   71.9 S   02-11-2005       BALAEND 
%%%% 114 IN  49    B- EC B+     7.19000E+01   71.9 S   02-11-2005       INPUSTAR
1                                      **INPUT DATA**
              114-INDIUM-49
+                                    HALFLIFE = 71.9 SECONDS 
+                                                                  02-11-2005

            MODES OF DECAY: BETA MINUS, ELECTRON CAPTURE, BETA PLUS
 
                                MEAN
                                NUMBER/    TRANSITION
                TYPE OF    ID   TRANSFOR-  ENERGY
              TRANSITION   NO.  MATION     (MEV)       OTHER NUCLEAR PARAMETERS

               BETA MINUS   1   1.40E-03   6.888E-01*  ALLOWED                                  
               BETA MINUS   2   9.94E-01   1.989E+00*  ALLOWED                                  
           I.C.E. + GAMMA   1   1.39E-03   1.300E+00   E2 MULTIPOLE                             
           ELECT. CAPTURE   1   1.86E-06   1.463E-01   ALLOWED                                  
           ELECT. CAPTURE   2   3.90E-05   3.178E-01   ALLOWED                                  
           ELECT. CAPTURE   3   6.51E-04   8.936E-01   ALLOWED                                  
           ELECT. CAPTURE   4   4.28E-03   1.452E+00   ALLOWED                                  
                BETA PLUS   1   3.25E-05   4.300E-01*  ALLOWED                                  
           I.C.E. + GAMMA   1   6.75E-04   5.584E-01   E2 MULTIPOLE                             
+                                                                    AK= 0.00423                
           I.C.E. + GAMMA   2   3.94E-05   5.758E-01   E2 MULTIPOLE                             
+                                                                    AK= 0.00389                
           I.C.E. + GAMMA   3   1.82E-06   7.478E-01   E2 MULTIPOLE                             
+                                                                    AK= 0.00198                
 
           * ENDPOINT ENERGY (MEV)
           - - - - - - - - - -
           Reference: Evaluated Nuclear Structure Data File (ENSDF)
                DATE DATA WERE ENTERED INTO ENSDF: Jan-2003
%%%% 114 IN  49    B- EC B+     7.19000E+01   71.9 S   02-11-2005       INPUEND 
%%%% 114 IN  49    B- EC B+     7.19000E+01   71.9 S   02-11-2005       OUTPSTAR
1                                      **OUTPUT DATA**
              114-INDIUM-49
+                                    HALFLIFE = 71.9 SECONDS 
+                                                                  02-11-2005

            MODES OF DECAY: BETA MINUS, ELECTRON CAPTURE, BETA PLUS
 
                                              MEAN
                                              NUMBER/                  MEV/
                                         ID   TRANSFOR-   ENERGY       TRANSFOR-
                  TYPE OF RADIATION      NO.  MATION      (MEV)        MATION

           BETA MINUS                     2   9.94E-01    7.787E-01*   7.74E-01
           GAMMA-RAY                      1   1.39E-03    1.300E+00    1.81E-03
           ANNIHILATION RADIATION             6.51E-05    5.110E-01    3.32E-05
           GAMMA-RAY                      1   6.72E-04    5.584E-01    3.75E-04
           GAMMA-RAY                      2   3.92E-05    5.758E-01    2.26E-05
           K -L2 X-RAY                        1.04E-03    2.296E-02    2.38E-05
           K -L3 X-RAY                        1.95E-03    2.315E-02    4.52E-05
           K -M2 X-RAY                        1.72E-04    2.604E-02    4.48E-06
           K -M3 X-RAY                        3.35E-04    2.608E-02    8.72E-06
 
           ALL LISTED X-RAYS, GAMMA-RAYS AND ANNIHILATION RADIATION    2.32E-03
           ALL NEGLECTED X-RAYS, GAMMA-RAYS AND ANNIH. RADIATION**     5.80E-06
           ALL LISTED BETAS, INTERNAL CONVERSION AND AUGER ELECTRONS   7.74E-01
           ALL NEGLECTED BETAS, INT. CONVERSION AND AUGER ELECTRONS**  3.53E-04
           ALL LISTED RADIATIONS                                       7.76E-01
           ALL NEGLECTED RADIATIONS**                                  3.58E-04
 
           *  AVERAGE ENERGY (MEV)
           ** EACH NEGLECTED TRANSITION CONTRIBUTES LESS THAN  0.100%
              TO THE TOTAL MEV/TRANSFORMATION FOR THIS CATEGORY.
           TOTAL FEEDING OF GROUND STATE LEVEL IN 114-TIN
             DAUGHTER IS 9.9500E-01 PER TRANSFORMATION OF 114-INDIUM.
             THIS DAUGHTER GROUND STATE IS STABLE.
           TOTAL FEEDING OF GROUND STATE LEVEL IN 114-CADMIUM
             DAUGHTER IS 5.0000E-03 PER TRANSFORMATION OF 114-INDIUM.
             THIS DAUGHTER GROUND STATE IS STABLE.
           - - - - - - - - - -
           INPUT DATA SOURCE: EVALUATED NUCLEAR STRUCTURE DATA FILE (ENSDF)
             DATE INPUT DATA WERE ENTERED INTO ENSDF: Jan-2003
%%%% 114 IN  49    B- EC B+     7.19000E+01   71.9 S   02-11-2005       OUTPEND 
%%%% 114 IN  49    B- EC B+     7.19000E+01   71.9 S   02-11-2005       BETASTAR
1
              114-INDIUM-49
+                                    HALFLIFE = 71.9 SECONDS 
+                                                                  02-11-2005

            BETA SPECTRUM DATA FOR ALL DECAY BRANCHES

                      BETAS PER                BETAS PER                BETAS PER
            ENERGY    MEV            ENERGY    MEV            ENERGY    MEV
            (MEV)     PER DECAY      (MEV)     PER DECAY      (MEV)     PER DECAY

            0.00000   3.799E-01      0.00280   3.809E-01      0.08500   4.530E-01
            0.00010   3.799E-01      0.00300   3.810E-01      0.09000   4.577E-01
            0.00011   3.799E-01      0.00320   3.810E-01      0.10000   4.672E-01
            0.00012   3.799E-01      0.00360   3.812E-01      0.11000   4.767E-01
            0.00013   3.799E-01      0.00400   3.813E-01      0.12000   4.862E-01
            0.00014   3.799E-01      0.00450   3.815E-01      0.13000   4.956E-01
            0.00015   3.799E-01      0.00500   3.817E-01      0.14000   5.050E-01
            0.00016   3.799E-01      0.00550   3.819E-01      0.15000   5.143E-01
            0.00018   3.799E-01      0.00600   3.821E-01      0.16000   5.235E-01
            0.00020   3.800E-01      0.00650   3.822E-01      0.18000   5.418E-01
            0.00022   3.800E-01      0.00700   3.824E-01      0.20000   5.597E-01
            0.00024   3.800E-01      0.00750   3.826E-01      0.22000   5.771E-01
            0.00026   3.800E-01      0.00800   3.828E-01      0.24000   5.940E-01
            0.00028   3.800E-01      0.00850   3.833E-01      0.26000   6.105E-01
            0.00030   3.800E-01      0.00900   3.838E-01      0.28000   6.263E-01
            0.00032   3.800E-01      0.01000   3.847E-01      0.30000   6.416E-01
            0.00036   3.800E-01      0.01100   3.856E-01      0.32000   6.563E-01
            0.00040   3.800E-01      0.01200   3.865E-01      0.36000   6.837E-01
            0.00045   3.800E-01      0.01300   3.874E-01      0.40000   7.084E-01
            0.00050   3.801E-01      0.01400   3.882E-01      0.45000   7.352E-01
            0.00055   3.801E-01      0.01500   3.891E-01      0.50000   7.574E-01
            0.00060   3.801E-01      0.01600   3.900E-01      0.55000   7.748E-01
            0.00065   3.801E-01      0.01800   3.918E-01      0.60000   7.873E-01
            0.00070   3.801E-01      0.02000   3.935E-01      0.65000   7.948E-01
            0.00075   3.802E-01      0.02200   3.953E-01      0.70000   7.973E-01
            0.00080   3.802E-01      0.02400   3.971E-01      0.75000   7.948E-01
            0.00085   3.802E-01      0.02600   3.988E-01      0.80000   7.874E-01
            0.00090   3.802E-01      0.02800   4.006E-01      0.85000   7.750E-01
            0.00100   3.802E-01      0.03000   4.024E-01      0.90000   7.579E-01
            0.00110   3.803E-01      0.03200   4.041E-01      1.00000   7.102E-01
            0.00120   3.803E-01      0.03600   4.077E-01      1.10000   6.465E-01
            0.00130   3.804E-01      0.04000   4.113E-01      1.20000   5.694E-01
            0.00140   3.804E-01      0.04500   4.158E-01      1.30000   4.824E-01
            0.00150   3.804E-01      0.05000   4.204E-01      1.40000   3.893E-01
            0.00160   3.805E-01      0.05500   4.249E-01      1.50000   2.947E-01
            0.00180   3.805E-01      0.06000   4.296E-01      1.60000   2.039E-01
            0.00200   3.806E-01      0.06500   4.342E-01      1.80000   5.675E-02
            0.00220   3.807E-01      0.07000   4.389E-01      1.98870   0.000E+00
            0.00240   3.808E-01      0.07500   4.436E-01
            0.00260   3.808E-01      0.08000   4.483E-01

            AVERAGE BETA ENERGY =   7.779E-01

            TOTAL BETAS PER DECAY FOR ALL BRANCHES =   9.950E-01
%%%% 114 IN  49    B- EC B+     7.19000E+01   71.9 S   02-11-2005       BETAEND 
%%%% 114 IN  49    B- EC B+     7.19000E+01   71.9 S   02-11-2005       SEEISTAR
114.  INDIUM       49.  7.190E+01 SECONDS  149 B- EC B+             114.IN 49.   0
 5 1  1.40000E-01  2.23798E-01  6.88780E-01  0.00000E+00            114.IN 49.   1   1
 5 2  9.93600E+01  7.78652E-01  1.98870E+00  0.00000E+00            114.IN 49.   2   2
 1 1  1.39300E-01  1.29983E+00  1.29983E+00  0.00000E+00            114.IN 49.   3   1
 6 1  8.99772E-05  1.27065E+00  1.27065E+00  1.00000E+00            114.IN 49.   4   1
 6 5  1.01776E-05  1.29539E+00  1.29539E+00  1.00000E+00            114.IN 49.   5   5
 6 6  3.95572E-07  1.29567E+00  1.29567E+00  1.00000E+00            114.IN 49.   6   6
 6 7  2.85243E-07  1.29590E+00  1.29590E+00  1.00000E+00            114.IN 49.   7   7
 6 3  2.12400E-06  1.29912E+00  1.29912E+00  1.00000E+00            114.IN 49.   8   3
 6 4  4.67486E-07  1.29983E+00  1.29983E+00  1.00000E+00            114.IN 49.   9   4
 2 1  2.23306E-05  2.50232E-02  2.50232E-02  0.00000E+00            114.IN 49.  10   1
 2 2  4.17802E-05  2.52572E-02  2.52572E-02  0.00000E+00            114.IN 49.  11   2
 2 3  3.76933E-06  2.84307E-02  2.84307E-02  0.00000E+00            114.IN 49.  12   3
 2 4  7.31886E-06  2.84736E-02  2.84736E-02  0.00000E+00            114.IN 49.  13   4
 2 5  3.02513E-08  2.86804E-02  2.86804E-02  0.00000E+00            114.IN 49.  14   5
 2 6  4.18522E-08  2.86893E-02  2.86893E-02  0.00000E+00            114.IN 49.  15   6
 2 7  7.72421E-07  2.90803E-02  2.90803E-02  0.00000E+00            114.IN 49.  16   7
 2 8  1.50857E-06  2.90882E-02  2.90882E-02  0.00000E+00            114.IN 49.  17   8
 2 9  4.47611E-09  2.91506E-02  2.91506E-02  0.00000E+00            114.IN 49.  18   9
 210  6.15527E-09  2.91516E-02  2.91516E-02  0.00000E+00            114.IN 49.  19  10
 211  1.54636E-08  2.91777E-02  2.91777E-02  0.00000E+00            114.IN 49.  20  11
 212  2.80766E-08  2.91782E-02  2.91782E-02  0.00000E+00            114.IN 49.  21  12
 221  3.16290E-10  2.79500E-04  2.79500E-04  0.00000E+00            114.IN 49.  22  21
 222  4.23035E-09  5.13499E-04  5.13499E-04  0.00000E+00            114.IN 49.  23  22
 223  1.71316E-07  3.68694E-03  3.68694E-03  0.00000E+00            114.IN 49.  24  23
 224  2.78813E-07  3.72997E-03  3.72997E-03  0.00000E+00            114.IN 49.  25  24
 225  2.16491E-09  3.93673E-03  3.93673E-03  0.00000E+00            114.IN 49.  26  25
 226  3.23097E-09  3.94568E-03  3.94568E-03  0.00000E+00            114.IN 49.  27  26
 227  3.34669E-08  4.33665E-03  4.33665E-03  0.00000E+00            114.IN 49.  28  27
 228  5.53861E-08  4.34449E-03  4.34449E-03  0.00000E+00            114.IN 49.  29  28
 229  2.18490E-10  4.40681E-03  4.40681E-03  0.00000E+00            114.IN 49.  30  29
 230  3.29156E-10  4.40791E-03  4.40791E-03  0.00000E+00            114.IN 49.  31  30
 231  7.65339E-10  4.43403E-03  4.43403E-03  0.00000E+00            114.IN 49.  32  31
 232  1.19111E-09  4.43453E-03  4.43453E-03  0.00000E+00            114.IN 49.  33  32
 241  9.22465E-13  2.34000E-04  2.34000E-04  0.00000E+00            114.IN 49.  34  41
 242  1.15024E-07  3.29176E-03  3.29176E-03  0.00000E+00            114.IN 49.  35  42
 243  1.48537E-09  3.45047E-03  3.45047E-03  0.00000E+00            114.IN 49.  36  43
 244  1.79435E-06  3.65722E-03  3.65722E-03  0.00000E+00            114.IN 49.  37  44
 245  1.39342E-08  4.01798E-03  4.01798E-03  0.00000E+00            114.IN 49.  38  45
 246  1.30477E-10  4.06501E-03  4.06501E-03  0.00000E+00            114.IN 49.  39  46
 247  2.16604E-07  4.12732E-03  4.12732E-03  0.00000E+00            114.IN 49.  40  47
 249  1.19079E-09  4.14740E-03  4.14740E-03  0.00000E+00            114.IN 49.  41  49
 250  2.80770E-12  4.15504E-03  4.15504E-03  0.00000E+00            114.IN 49.  42  50
 261  3.97086E-07  3.05775E-03  3.05775E-03  0.00000E+00            114.IN 49.  43  61
 262  2.02307E-09  3.17344E-03  3.17344E-03  0.00000E+00            114.IN 49.  44  62
 263  1.89511E-09  3.21649E-03  3.21649E-03  0.00000E+00            114.IN 49.  45  63
 264  3.56772E-07  3.42323E-03  3.42323E-03  0.00000E+00            114.IN 49.  46  64
 265  3.16332E-06  3.43219E-03  3.43219E-03  0.00000E+00            114.IN 49.  47  65
 266  2.95220E-08  3.78398E-03  3.78398E-03  0.00000E+00            114.IN 49.  48  66
 267  1.29876E-10  3.82316E-03  3.82316E-03  0.00000E+00            114.IN 49.  49  67
 268  1.23982E-10  3.83101E-03  3.83101E-03  0.00000E+00            114.IN 49.  50  68
 269  4.22009E-08  3.89332E-03  3.89332E-03  0.00000E+00            114.IN 49.  51  69
 270  3.74600E-07  3.89442E-03  3.89442E-03  0.00000E+00            114.IN 49.  52  70
 273  2.99931E-09  3.91341E-03  3.91341E-03  0.00000E+00            114.IN 49.  53  73
 274  2.96117E-12  3.92053E-03  3.92053E-03  0.00000E+00            114.IN 49.  54  74
 275  2.66023E-12  3.92104E-03  3.92104E-03  0.00000E+00            114.IN 49.  55  75
 291  2.91445E-07  4.64640E-04  4.64640E-04  0.00000E+00            114.IN 49.  56  91
 292  6.44974E-09  6.23530E-05  6.23530E-05  0.00000E+00            114.IN 49.  57  92
 294  1.41190E-03  1.08542E-05  1.08542E-05  0.00000E+00            114.IN 49.  58  94
 7 1  8.41923E-06  2.09334E-02  2.09334E-02  0.00000E+00            114.IN 49.  59   1
 7 2  3.58565E-06  2.44171E-02  2.44171E-02  0.00000E+00            114.IN 49.  60   2
 7 3  3.66076E-07  2.79029E-02  2.79029E-02  0.00000E+00            114.IN 49.  61   3
 7 4  1.33480E-05  2.69296E-04  2.69296E-04  0.00000E+00            114.IN 49.  62   4
 7 5  6.92950E-05  2.84661E-03  2.84661E-03  0.00000E+00            114.IN 49.  63   5
 7 6  1.78547E-05  3.36317E-03  3.36317E-03  0.00000E+00            114.IN 49.  64   6
 7 7  1.18345E-06  3.89896E-03  3.89896E-03  0.00000E+00            114.IN 49.  65   7
 7 8  7.72235E-05  1.24048E-04  1.24048E-04  0.00000E+00            114.IN 49.  66   8
 7 9  1.75375E-04  3.96149E-04  3.96149E-04  0.00000E+00            114.IN 49.  67   9
 710  3.99083E-06  4.69629E-04  4.69629E-04  0.00000E+00            114.IN 49.  68  10
 711  6.46296E-09  6.28966E-04  6.28966E-04  0.00000E+00            114.IN 49.  69  11
 712  2.39784E-04  3.03737E-05  3.03737E-05  0.00000E+00            114.IN 49.  70  12
 713  6.98073E-04  1.13298E-05  1.13298E-05  0.00000E+00            114.IN 49.  71  13
 4 1  3.25339E-03  1.97992E-01  4.30000E-01  0.00000E+00            114.IN 49.  72   1
 3 3  6.50679E-03  5.11000E-01  5.11000E-01  0.00000E+00            114.IN 49.  73   3
 1 1  6.72000E-02  5.58430E-01  5.58430E-01  0.00000E+00            114.IN 49.  74   1
 6 1  2.84519E-04  5.31742E-01  5.31742E-01  1.00000E+00            114.IN 49.  75   1
 6 5  3.12726E-05  5.54436E-01  5.54436E-01  1.00000E+00            114.IN 49.  76   5
 6 6  3.17571E-06  5.54699E-01  5.54699E-01  1.00000E+00            114.IN 49.  77   6
 6 7  2.44939E-06  5.54895E-01  5.54895E-01  1.00000E+00            114.IN 49.  78   7
 6 3  7.13635E-06  5.57817E-01  5.57817E-01  1.00000E+00            114.IN 49.  79   3
 6 4  1.46658E-06  5.58430E-01  5.58430E-01  1.00000E+00            114.IN 49.  80   4
 1 2  3.92000E-03  5.75800E-01  5.75800E-01  0.00000E+00            114.IN 49.  81   2
 6 1  1.52656E-05  5.49112E-01  5.49112E-01  2.00000E+00            114.IN 49.  82   1
 6 5  1.68030E-06  5.71806E-01  5.71806E-01  2.00000E+00            114.IN 49.  83   5
 6 6  1.64177E-07  5.72069E-01  5.72069E-01  2.00000E+00            114.IN 49.  84   6
 6 7  1.25977E-07  5.72265E-01  5.72265E-01  2.00000E+00            114.IN 49.  85   7
 6 3  3.80978E-07  5.75187E-01  5.75187E-01  2.00000E+00            114.IN 49.  86   3
 6 4  7.83788E-08  5.75800E-01  5.75800E-01  2.00000E+00            114.IN 49.  87   4
 1 3  1.82000E-04  7.47800E-01  7.47800E-01  0.00000E+00            114.IN 49.  88   3
 6 1  3.59749E-07  7.21112E-01  7.21112E-01  3.00000E+00            114.IN 49.  89   1
 6 5  3.99068E-08  7.43806E-01  7.43806E-01  3.00000E+00            114.IN 49.  90   5
 6 6  2.80098E-09  7.44069E-01  7.44069E-01  3.00000E+00            114.IN 49.  91   6
 6 7  2.08062E-09  7.44265E-01  7.44265E-01  3.00000E+00            114.IN 49.  92   7
 6 3  8.64589E-09  7.47187E-01  7.47187E-01  3.00000E+00            114.IN 49.  93   3
 6 4  1.79180E-09  7.47800E-01  7.47800E-01  3.00000E+00            114.IN 49.  94   4
 2 1  1.03840E-01  2.29571E-02  2.29571E-02  0.00000E+00            114.IN 49.  95   1
 2 2  1.95187E-01  2.31527E-02  2.31527E-02  0.00000E+00            114.IN 49.  96   2
 2 3  1.72213E-02  2.60401E-02  2.60401E-02  0.00000E+00            114.IN 49.  97   3
 2 4  3.34531E-02  2.60753E-02  2.60753E-02  0.00000E+00            114.IN 49.  98   4
 2 5  1.23472E-04  2.62679E-02  2.62679E-02  0.00000E+00            114.IN 49.  99   5
 2 6  1.71859E-04  2.62751E-02  2.62751E-02  0.00000E+00            114.IN 49. 100   6
 2 7  3.50575E-03  2.66098E-02  2.66098E-02  0.00000E+00            114.IN 49. 101   7
 2 8  6.80189E-03  2.66158E-02  2.66158E-02  0.00000E+00            114.IN 49. 102   8
 2 9  1.54093E-05  2.66703E-02  2.66703E-02  0.00000E+00            114.IN 49. 103   9
 210  2.12324E-05  2.66711E-02  2.66711E-02  0.00000E+00            114.IN 49. 104  10
 221  1.56738E-06  2.63200E-04  2.63200E-04  0.00000E+00            114.IN 49. 105  21
 222  1.37602E-05  4.58700E-04  4.58700E-04  0.00000E+00            114.IN 49. 106  22
 223  5.39639E-04  3.34631E-03  3.34631E-03  0.00000E+00            114.IN 49. 107  23
 224  8.91360E-04  3.38147E-03  3.38147E-03  0.00000E+00            114.IN 49. 108  24
 225  6.24371E-06  3.57404E-03  3.57404E-03  0.00000E+00            114.IN 49. 109  25
 226  9.31303E-06  3.58124E-03  3.58124E-03  0.00000E+00            114.IN 49. 110  26
 227  9.94476E-05  3.91588E-03  3.91588E-03  0.00000E+00            114.IN 49. 111  27
 228  1.66273E-04  3.92191E-03  3.92191E-03  0.00000E+00            114.IN 49. 112  28
 229  5.44585E-07  3.97640E-03  3.97640E-03  0.00000E+00            114.IN 49. 113  29
 230  8.15328E-07  3.97713E-03  3.97713E-03  0.00000E+00            114.IN 49. 114  30
 241  2.75587E-09  1.95499E-04  1.95499E-04  0.00000E+00            114.IN 49. 115  41
 242  5.10961E-04  2.97553E-03  2.97553E-03  0.00000E+00            114.IN 49. 116  42
 243  6.23463E-06  3.11827E-03  3.11827E-03  0.00000E+00            114.IN 49. 117  43
 244  7.25912E-03  3.31083E-03  3.31083E-03  0.00000E+00            114.IN 49. 118  44
 245  5.64585E-05  3.61753E-03  3.61753E-03  0.00000E+00            114.IN 49. 119  45
 246  4.53158E-07  3.65871E-03  3.65871E-03  0.00000E+00            114.IN 49. 120  46
 247  7.47063E-04  3.71320E-03  3.71320E-03  0.00000E+00            114.IN 49. 121  47
 249  3.30210E-06  3.72269E-03  3.72269E-03  0.00000E+00            114.IN 49. 122  49
 261  1.90774E-03  2.78003E-03  2.78003E-03  0.00000E+00            114.IN 49. 123  61
 262  9.31442E-06  2.88761E-03  2.88761E-03  0.00000E+00            114.IN 49. 124  62
 263  8.75371E-06  2.92277E-03  2.92277E-03  0.00000E+00            114.IN 49. 125  63
 264  1.60333E-03  3.11534E-03  3.11534E-03  0.00000E+00            114.IN 49. 126  64
 265  1.42261E-02  3.12254E-03  3.12254E-03  0.00000E+00            114.IN 49. 127  65
 266  1.29703E-04  3.42204E-03  3.42204E-03  0.00000E+00            114.IN 49. 128  66
 267  5.04036E-07  3.45717E-03  3.45717E-03  0.00000E+00            114.IN 49. 129  67
 268  4.79921E-07  3.46322E-03  3.46322E-03  0.00000E+00            114.IN 49. 130  68
 269  1.62097E-04  3.51770E-03  3.51770E-03  0.00000E+00            114.IN 49. 131  69
 270  1.43322E-03  3.51842E-03  3.51842E-03  0.00000E+00            114.IN 49. 132  70
 273  9.06184E-06  3.52719E-03  3.52719E-03  0.00000E+00            114.IN 49. 133  73
 291  1.06194E-03  3.98691E-04  3.98691E-04  0.00000E+00            114.IN 49. 134  91
 292  2.16709E-05  5.16909E-05  5.16909E-05  0.00000E+00            114.IN 49. 135  92
 294  3.68829E+00  1.71474E-05  1.71474E-05  0.00000E+00            114.IN 49. 136  94
 7 1  4.60814E-02  1.92752E-02  1.92752E-02  0.00000E+00            114.IN 49. 137   1
 7 2  1.89594E-02  2.24238E-02  2.24238E-02  0.00000E+00            114.IN 49. 138   2
 7 3  1.87559E-03  2.55755E-02  2.55755E-02  0.00000E+00            114.IN 49. 139   3
 7 4  8.05802E-02  1.66030E-04  1.66030E-04  0.00000E+00            114.IN 49. 140   4
 7 5  3.50549E-01  2.61040E-03  2.61040E-03  0.00000E+00            114.IN 49. 141   5
 7 6  8.06989E-02  3.05345E-03  3.05345E-03  0.00000E+00            114.IN 49. 142   6
 7 7  4.88861E-03  3.51451E-03  3.51451E-03  0.00000E+00            114.IN 49. 143   7
 7 8  3.79912E-01  1.28067E-04  1.28067E-04  0.00000E+00            114.IN 49. 144   8
 7 9  9.09006E-01  3.45354E-04  3.45354E-04  0.00000E+00            114.IN 49. 145   9
 710  1.03494E-02  4.03118E-04  4.03118E-04  0.00000E+00            114.IN 49. 146  10
 711  3.08826E-06  7.07288E-04  7.07288E-04  0.00000E+00            114.IN 49. 147  11
 712  1.30294E+00  3.67751E-05  3.67751E-05  0.00000E+00            114.IN 49. 148  12
 713  3.15430E-03  9.68837E-05  9.68837E-05  0.00000E+00            114.IN 49. 149  13
%%%% 114 IN  49    B- EC B+     7.19000E+01   71.9 S   02-11-2005       SEEIEND 
 


   ***************************************************** 
   *                 Radiation Summary                 * 
   ***************************************************** 
 
  Energy released by
    Gamma-ray                       (MeV) =   2.20986E-03
    X-ray                           (MeV) =   8.60458E-05
    Free-bound X-ray                (MeV) =   6.32600E-07
    Annihilation photon             (MeV) =   3.32497E-05
    Beta+ particle                  (MeV) =   6.44147E-06
    Neutrino                        (MeV) =   6.69485E-03
    Beta- particle                  (MeV) =   7.73982E-01
    Neutrino-                       (MeV) =   1.20295E+00
    Internal conv. electron         (MeV) =   3.18386E-06
    Auger and CK electron           (MeV) =   2.96899E-05
    Alpha particle                  (MeV) =   0.00000E+00
    Recoil nucleus                  (MeV) =   0.00000E+00
  E-total (except unplaced radiat.) (MeV) =   1.98600E+00
  E-unplaced radiation              (MeV) =   0.00000E+00
  Q-value from ENSDF data           (MeV) =   1.98602E+00
  Ratio of E-total/Q-value          ( % ) =   9.99992E+01
  Ratio of E-unplaced radi./Q-value ( % ) =   0.00000E+00

 
  Total yield of
    Gamma-ray                             =   2.10602E-03
    X-ray                                 =   3.91312E-03
    Free-bound X-ray                      =   3.68970E-02
    Annihilation photon                   =   6.50678E-05
    Beta+ particle                        =   3.25339E-05
    Beta- particle                        =   9.95000E-01
    Internal conv. electron               =   4.51558E-06
    Auger and CK electron                 =   3.19030E-02
    Alpha particle                        =   0.00000E+00
  Yield of unplaced radiation             =   0.00000E+00


%%%% 114 IN  49 M  IT EC        4.27766E+06 49.51 D    02-11-2005       BALASTAR
1 114M  IN  49 49.51 D         IT EC      
1INTENSITY AND ENERGY BALANCE DATA

              114M-INDIUM-49
+                                    HALFLIFE = 49.51 DAYS    
+                                                                  02-11-2005


    LEVEL       INTENSITY   INTENSITY
    ENERGY      ENTERING    LEAVING     PERCENT
    (MEV)       LEVEL       LEVEL       ERROR

   0.0000E+00  9.6127E+01
   1.9029E-01  9.6127E+01  9.6127E+01  0.0000E+00                      
   0.0000E+00  3.2578E+00
   5.5843E-01  3.2499E+00  3.2578E+00  2.4403E-01                      
   1.2837E+00  3.2500E+00  3.2499E+00  4.4457E-03                      


 INTENSITY TO GROUND AND ISOMERIC STATE(S) OF DAUGHTER(S)=  9.938E+01
 TOTAL INTENSITY FROM PARENT=  9.938E+01
 PERCENT ERROR =  7.846E-03                      


 TOTAL INTENSITY FROM PARENT =  9.938E+01
 VALUE IS WITHIN   6.23E-01% OF 100                      


 TOTAL ENERGY AVAILABLE =  2.363E-01 MEV
 TOTAL ENERGY CONTENT OF ALL RADIATIONS =  2.363E-01 MEV
 PERCENT ERROR =  9.856E-03                      
%%%% 114 IN  49 M  IT EC        4.27766E+06 49.51 D    02-11-2005       BALAEND 
%%%% 114 IN  49 M  IT EC        4.27766E+06 49.51 D    02-11-2005       INPUSTAR
1                                      **INPUT DATA**
              114M-INDIUM-49
+                                    HALFLIFE = 49.51 DAYS    
+                                                                  02-11-2005

            MODES OF DECAY: ISOMERIC LEVEL, ELECTRON CAPTURE
 
                                MEAN
                                NUMBER/    TRANSITION
                TYPE OF    ID   TRANSFOR-  ENERGY
              TRANSITION   NO.  MATION     (MEV)       OTHER NUCLEAR PARAMETERS

           I.C.E. + GAMMA   1   9.61E-01   1.903E-01   E4 MULTIPOLE                             
+                                                                    AK= 2.56                   
                                                       AL1=0.239     AL2=1.03                   
                                                       AL3=0.821     AM= 0.445                  
                                                       AN+=0.0847                               
           ELECT. CAPTURE   1   3.25E-02   3.586E-01   ALLOWED                                  
           I.C.E. + GAMMA   1   3.26E-02   5.584E-01   E2 MULTIPOLE                             
+                                                                    AK= 0.00423                
           I.C.E. + GAMMA   2   3.25E-02   7.252E-01   E2 MULTIPOLE                             
+                                                                    AK= 0.00213                
 
           - - - - - - - - - -
           Reference: Evaluated Nuclear Structure Data File (ENSDF)
                DATE DATA WERE ENTERED INTO ENSDF: Jan-2003
%%%% 114 IN  49 M  IT EC        4.27766E+06 49.51 D    02-11-2005       INPUEND 
%%%% 114 IN  49 M  IT EC        4.27766E+06 49.51 D    02-11-2005       OUTPSTAR
1                                      **OUTPUT DATA**
              114M-INDIUM-49
+                                    HALFLIFE = 49.51 DAYS    
+                                                                  02-11-2005

            MODES OF DECAY: ISOMERIC LEVEL, ELECTRON CAPTURE
 
                                              MEAN
                                              NUMBER/                  MEV/
                                         ID   TRANSFOR-   ENERGY       TRANSFOR-
                  TYPE OF RADIATION      NO.  MATION      (MEV)        MATION

           GAMMA-RAY                      1   1.56E-01    1.903E-01    2.96E-02
           K CONV. ELECTRON, GAMMA-RAY    1   3.98E-01    1.623E-01    6.46E-02
           L1 CONV. ELECTRON, GAMMA-RAY   1   3.72E-02    1.861E-01    6.93E-03
           L2 CONV. ELECTRON, GAMMA-RAY   1   1.60E-01    1.863E-01    2.99E-02
           L3 CONV. ELECTRON, GAMMA-RAY   1   1.28E-01    1.865E-01    2.38E-02
           M CONV. ELECTRON, GAMMA-RAY    1   6.92E-02    1.896E-01*   1.31E-02
           N+ CONV. ELECTRON, GAMMA-RAY   1   1.32E-02    1.903E-01*   2.51E-03
           K -L2 X-RAY                        9.77E-02    2.398E-02    2.34E-03
           K -L3 X-RAY                        1.83E-01    2.419E-02    4.44E-03
           K -M2 X-RAY                        1.64E-02    2.722E-02    4.45E-04
           K -M3 X-RAY                        3.18E-02    2.726E-02    8.66E-04
           K -N2 X-RAY                        3.34E-03    2.783E-02    9.29E-05
           K -N3 X-RAY                        6.50E-03    2.784E-02    1.81E-04
           Free-Bound X-RAY                   1.06E+01    8.132E-06    8.62E-05
           AUGER KLL                          3.99E-02    2.010E-02*   8.03E-04
           AUGER KLX                          1.67E-02    2.341E-02*   3.91E-04
           AUGER LMM                          5.19E-01    2.734E-03*   1.42E-03
           AUGER LMX                          1.27E-01    3.213E-03*   4.07E-04
           AUGER MNN                          1.32E+00    3.703E-04*   4.89E-04
           GAMMA-RAY                      1   3.24E-02    5.584E-01    1.81E-02
           GAMMA-RAY                      2   3.24E-02    7.252E-01    2.35E-02
           K -L2 X-RAY                        6.74E-03    2.296E-02    1.55E-04
           K -L3 X-RAY                        1.27E-02    2.315E-02    2.93E-04
 
           ALL LISTED X-RAYS, GAMMA-RAYS AND ANNIHILATION RADIATION    8.01E-02
           ALL NEGLECTED X-RAYS, GAMMA-RAYS AND ANNIH. RADIATION**     2.92E-04
           ALL LISTED BETAS, INTERNAL CONVERSION AND AUGER ELECTRONS   1.44E-01
           ALL NEGLECTED BETAS, INT. CONVERSION AND AUGER ELECTRONS**  6.18E-04
           ALL LISTED RADIATIONS                                       2.25E-01
           ALL NEGLECTED RADIATIONS**                                  9.11E-04
 
           *  AVERAGE ENERGY (MEV)
           ** EACH NEGLECTED TRANSITION CONTRIBUTES LESS THAN  0.100%
              TO THE TOTAL MEV/TRANSFORMATION FOR THIS CATEGORY.
           TOTAL FEEDING OF GROUND STATE LEVEL IN 114-INDIUM
             DAUGHTER IS 9.6750E-01  PER TRANSFORMATION OF 114M-INDIUM.
             DECAY OF THIS 71.9 SECONDS HALFLIFE LEVEL WILL CONTRIBUTE TO DOSE.
           TOTAL FEEDING OF GROUND STATE LEVEL IN 114-CADMIUM
             DAUGHTER IS 3.2500E-02  PER TRANSFORMATION OF 114M-INDIUM.
             THIS DAUGHTER GROUND STATE IS STABLE.
           - - - - - - - - - -
           INPUT DATA SOURCE: EVALUATED NUCLEAR STRUCTURE DATA FILE (ENSDF)
             DATE INPUT DATA WERE ENTERED INTO ENSDF: Jan-2003
%%%% 114 IN  49 M  IT EC        4.27766E+06 49.51 D    02-11-2005       OUTPEND 
%%%% 114 IN  49 M  IT EC        4.27766E+06 49.51 D    02-11-2005       SEEISTAR
114.M INDIUM       49.  4.951E+01 DAYS     138 IT EC                114.IN 49.   0
 1 1  1.55600E+01  1.90270E-01  1.90270E-01  0.00000E+00            114.IN 49.   1   1
 6 1  3.97822E+01  1.62349E-01  1.62349E-01  1.00000E+00            114.IN 49.   2   1
 6 5  3.72373E+00  1.86056E-01  1.86056E-01  1.00000E+00            114.IN 49.   3   5
 6 6  1.60476E+01  1.86328E-01  1.86328E-01  1.00000E+00            114.IN 49.   4   6
 6 7  1.27714E+01  1.86542E-01  1.86542E-01  1.00000E+00            114.IN 49.   5   7
 6 3  6.92383E+00  1.89609E-01  1.89609E-01  1.00000E+00            114.IN 49.   6   3
 6 4  1.31811E+00  1.90270E-01  1.90270E-01  1.00000E+00            114.IN 49.   7   4
 2 1  9.77445E+00  2.39785E-02  2.39785E-02  0.00000E+00            114.IN 49.   8   1
 2 2  1.83360E+01  2.41926E-02  2.41926E-02  0.00000E+00            114.IN 49.   9   2
 2 3  1.63612E+00  2.72214E-02  2.72214E-02  0.00000E+00            114.IN 49.  10   3
 2 4  3.17672E+00  2.72603E-02  2.72603E-02  0.00000E+00            114.IN 49.  11   4
 2 5  1.24236E-02  2.74600E-02  2.74600E-02  0.00000E+00            114.IN 49.  12   5
 2 6  1.72388E-02  2.74680E-02  2.74680E-02  0.00000E+00            114.IN 49.  13   6
 2 7  3.33959E-01  2.78303E-02  2.78303E-02  0.00000E+00            114.IN 49.  14   7
 2 8  6.50117E-01  2.78371E-02  2.78371E-02  0.00000E+00            114.IN 49.  15   8
 2 9  1.69890E-03  2.78954E-02  2.78954E-02  0.00000E+00            114.IN 49.  16   9
 210  2.33978E-03  2.78964E-02  2.78964E-02  0.00000E+00            114.IN 49.  17  10
 211  2.41895E-03  2.79161E-02  2.79161E-02  0.00000E+00            114.IN 49.  18  11
 212  4.30802E-03  2.79164E-02  2.79164E-02  0.00000E+00            114.IN 49.  19  12
 221  1.27407E-04  2.71300E-04  2.71300E-04  0.00000E+00            114.IN 49.  20  21
 222  1.56741E-03  4.85400E-04  4.85400E-04  0.00000E+00            114.IN 49.  21  22
 223  6.44654E-02  3.51418E-03  3.51418E-03  0.00000E+00            114.IN 49.  22  23
 224  1.05708E-01  3.55313E-03  3.55313E-03  0.00000E+00            114.IN 49.  23  24
 225  7.79851E-04  3.75276E-03  3.75276E-03  0.00000E+00            114.IN 49.  24  25
 226  1.16357E-03  3.76081E-03  3.76081E-03  0.00000E+00            114.IN 49.  25  26
 227  1.22380E-02  4.12303E-03  4.12303E-03  0.00000E+00            114.IN 49.  26  27
 228  2.03562E-02  4.12994E-03  4.12994E-03  0.00000E+00            114.IN 49.  27  28
 229  7.36415E-05  4.18831E-03  4.18831E-03  0.00000E+00            114.IN 49.  28  29
 230  1.10634E-04  4.18921E-03  4.18921E-03  0.00000E+00            114.IN 49.  29  30
 231  1.03696E-04  4.20889E-03  4.20889E-03  0.00000E+00            114.IN 49.  30  31
 232  1.59167E-04  4.20923E-03  4.20923E-03  0.00000E+00            114.IN 49.  31  32
 241  7.02585E-07  2.14100E-04  2.14100E-04  0.00000E+00            114.IN 49.  32  41
 242  1.06612E-01  3.13126E-03  3.13126E-03  0.00000E+00            114.IN 49.  33  42
 243  1.33863E-03  3.28184E-03  3.28184E-03  0.00000E+00            114.IN 49.  34  43
 244  1.58743E+00  3.48147E-03  3.48147E-03  0.00000E+00            114.IN 49.  35  44
 245  1.23403E-02  3.81461E-03  3.81461E-03  0.00000E+00            114.IN 49.  36  45
 246  1.07060E-04  3.85862E-03  3.85862E-03  0.00000E+00            114.IN 49.  37  46
 247  1.78101E-01  3.91701E-03  3.91701E-03  0.00000E+00            114.IN 49.  38  47
 249  9.15373E-04  3.93168E-03  3.93168E-03  0.00000E+00            114.IN 49.  39  49
 250  8.37034E-07  3.93793E-03  3.93793E-03  0.00000E+00            114.IN 49.  40  50
 261  2.64257E-01  2.91716E-03  2.91716E-03  0.00000E+00            114.IN 49.  41  61
 262  1.31827E-03  3.02878E-03  3.02878E-03  0.00000E+00            114.IN 49.  42  62
 263  1.23688E-03  3.06773E-03  3.06773E-03  0.00000E+00            114.IN 49.  43  63
 264  2.29660E-01  3.26736E-03  3.26736E-03  0.00000E+00            114.IN 49.  44  64
 265  2.03714E+00  3.27540E-03  3.27540E-03  0.00000E+00            114.IN 49.  45  65
 266  1.87966E-02  3.60049E-03  3.60049E-03  0.00000E+00            114.IN 49.  46  66
 267  7.77545E-05  3.63762E-03  3.63762E-03  0.00000E+00            114.IN 49.  47  67
 268  7.41385E-05  3.64453E-03  3.64453E-03  0.00000E+00            114.IN 49.  48  68
 269  2.52771E-02  3.70291E-03  3.70291E-03  0.00000E+00            114.IN 49.  49  69
 270  2.23968E-01  3.70382E-03  3.70382E-03  0.00000E+00            114.IN 49.  50  70
 273  1.66126E-03  3.71757E-03  3.71757E-03  0.00000E+00            114.IN 49.  51  73
 274  6.57200E-07  3.72348E-03  3.72348E-03  0.00000E+00            114.IN 49.  52  74
 275  5.78539E-07  3.72382E-03  3.72382E-03  0.00000E+00            114.IN 49.  53  75
 291  1.86724E-01  4.31395E-04  4.31395E-04  0.00000E+00            114.IN 49.  54  91
 292  3.91504E-03  5.68492E-05  5.68492E-05  0.00000E+00            114.IN 49.  55  92
 294  1.06039E+03  8.13203E-06  8.13203E-06  0.00000E+00            114.IN 49.  56  94
 7 1  3.99414E+00  2.00957E-02  2.00957E-02  0.00000E+00            114.IN 49.  57   1
 7 2  1.67221E+00  2.34091E-02  2.34091E-02  0.00000E+00            114.IN 49.  58   2
 7 3  1.68087E-01  2.67252E-02  2.67252E-02  0.00000E+00            114.IN 49.  59   3
 7 4  8.13196E+00  2.22445E-04  2.22445E-04  0.00000E+00            114.IN 49.  60   4
 7 5  5.19330E+01  2.73402E-03  2.73402E-03  0.00000E+00            114.IN 49.  61   5
 7 6  1.26787E+01  3.21253E-03  3.21253E-03  0.00000E+00            114.IN 49.  62   6
 7 7  8.06438E-01  3.70909E-03  3.70909E-03  0.00000E+00            114.IN 49.  63   7
 7 8  5.71192E+01  1.27610E-04  1.27610E-04  0.00000E+00            114.IN 49.  64   8
 7 9  1.32087E+02  3.70307E-04  3.70307E-04  0.00000E+00            114.IN 49.  65   9
 710  2.15332E+00  4.33774E-04  4.33774E-04  0.00000E+00            114.IN 49.  66  10
 711  1.48627E-03  6.26758E-04  6.26758E-04  0.00000E+00            114.IN 49.  67  11
 712  1.83150E+02  3.36377E-05  3.36377E-05  0.00000E+00            114.IN 49.  68  12
 713  5.25977E+02  8.84501E-06  8.84501E-06  0.00000E+00            114.IN 49.  69  13
 1 1  3.24187E+00  5.58430E-01  5.58430E-01  0.00000E+00            114.IN 49.  70   1
 6 1  1.37258E-02  5.31742E-01  5.31742E-01  1.00000E+00            114.IN 49.  71   1
 6 5  1.50866E-03  5.54436E-01  5.54436E-01  1.00000E+00            114.IN 49.  72   5
 6 6  1.53203E-04  5.54699E-01  5.54699E-01  1.00000E+00            114.IN 49.  73   6
 6 7  1.18164E-04  5.54895E-01  5.54895E-01  1.00000E+00            114.IN 49.  74   7
 6 3  3.44273E-04  5.57817E-01  5.57817E-01  1.00000E+00            114.IN 49.  75   3
 6 4  7.07513E-05  5.58430E-01  5.58430E-01  1.00000E+00            114.IN 49.  76   4
 1 2  3.24187E+00  7.25240E-01  7.25240E-01  0.00000E+00            114.IN 49.  77   2
 6 1  6.91481E-03  6.98552E-01  6.98552E-01  2.00000E+00            114.IN 49.  78   1
 6 5  7.66738E-04  7.21246E-01  7.21246E-01  2.00000E+00            114.IN 49.  79   5
 6 6  5.59395E-05  7.21509E-01  7.21509E-01  2.00000E+00            114.IN 49.  80   6
 6 7  4.16670E-05  7.21705E-01  7.21705E-01  2.00000E+00            114.IN 49.  81   7
 6 3  1.66856E-04  7.24627E-01  7.24627E-01  2.00000E+00            114.IN 49.  82   3
 6 4  3.45582E-05  7.25240E-01  7.25240E-01  2.00000E+00            114.IN 49.  83   4
 2 1  6.73577E-01  2.29571E-02  2.29571E-02  0.00000E+00            114.IN 49.  84   1
 2 2  1.26612E+00  2.31527E-02  2.31527E-02  0.00000E+00            114.IN 49.  85   2
 2 3  1.11710E-01  2.60401E-02  2.60401E-02  0.00000E+00            114.IN 49.  86   3
 2 4  2.17000E-01  2.60753E-02  2.60753E-02  0.00000E+00            114.IN 49.  87   4
 2 5  8.00927E-04  2.62679E-02  2.62679E-02  0.00000E+00            114.IN 49.  88   5
 2 6  1.11480E-03  2.62751E-02  2.62751E-02  0.00000E+00            114.IN 49.  89   6
 2 7  2.27407E-02  2.66098E-02  2.66098E-02  0.00000E+00            114.IN 49.  90   7
 2 8  4.41218E-02  2.66158E-02  2.66158E-02  0.00000E+00            114.IN 49.  91   8
 2 9  9.99557E-05  2.66703E-02  2.66703E-02  0.00000E+00            114.IN 49.  92   9
 210  1.37728E-04  2.66711E-02  2.66711E-02  0.00000E+00            114.IN 49.  93  10
 221  1.08657E-05  2.63200E-04  2.63200E-04  0.00000E+00            114.IN 49.  94  21
 222  9.53916E-05  4.58700E-04  4.58700E-04  0.00000E+00            114.IN 49.  95  22
 223  3.74100E-03  3.34631E-03  3.34631E-03  0.00000E+00            114.IN 49.  96  23
 224  6.17929E-03  3.38147E-03  3.38147E-03  0.00000E+00            114.IN 49.  97  24
 225  4.32840E-05  3.57404E-03  3.57404E-03  0.00000E+00            114.IN 49.  98  25
 226  6.45618E-05  3.58124E-03  3.58124E-03  0.00000E+00            114.IN 49.  99  26
 227  6.89413E-04  3.91588E-03  3.91588E-03  0.00000E+00            114.IN 49. 100  27
 228  1.15267E-03  3.92191E-03  3.92191E-03  0.00000E+00            114.IN 49. 101  28
 229  3.77530E-06  3.97640E-03  3.97640E-03  0.00000E+00            114.IN 49. 102  29
 230  5.65220E-06  3.97713E-03  3.97713E-03  0.00000E+00            114.IN 49. 103  30
 241  1.79816E-08  1.95499E-04  1.95499E-04  0.00000E+00            114.IN 49. 104  41
 242  3.33394E-03  2.97553E-03  2.97553E-03  0.00000E+00            114.IN 49. 105  42
 243  4.06800E-05  3.11827E-03  3.11827E-03  0.00000E+00            114.IN 49. 106  43
 244  4.73646E-02  3.31083E-03  3.31083E-03  0.00000E+00            114.IN 49. 107  44
 245  3.68382E-04  3.61753E-03  3.61753E-03  0.00000E+00            114.IN 49. 108  45
 246  2.95678E-06  3.65871E-03  3.65871E-03  0.00000E+00            114.IN 49. 109  46
 247  4.87446E-03  3.71320E-03  3.71320E-03  0.00000E+00            114.IN 49. 110  47
 249  2.15457E-05  3.72269E-03  3.72269E-03  0.00000E+00            114.IN 49. 111  49
 261  1.25059E-02  2.78003E-03  2.78003E-03  0.00000E+00            114.IN 49. 112  61
 262  6.10595E-05  2.88761E-03  2.88761E-03  0.00000E+00            114.IN 49. 113  62
 263  5.73839E-05  2.92277E-03  2.92277E-03  0.00000E+00            114.IN 49. 114  63
 264  1.05105E-02  3.11534E-03  3.11534E-03  0.00000E+00            114.IN 49. 115  64
 265  9.32574E-02  3.12254E-03  3.12254E-03  0.00000E+00            114.IN 49. 116  65
 266  8.50251E-04  3.42204E-03  3.42204E-03  0.00000E+00            114.IN 49. 117  66
 267  3.30415E-06  3.45717E-03  3.45717E-03  0.00000E+00            114.IN 49. 118  67
 268  3.14607E-06  3.46322E-03  3.46322E-03  0.00000E+00            114.IN 49. 119  68
 269  1.06261E-03  3.51770E-03  3.51770E-03  0.00000E+00            114.IN 49. 120  69
 270  9.39532E-03  3.51842E-03  3.51842E-03  0.00000E+00            114.IN 49. 121  70
 273  5.94038E-05  3.52719E-03  3.52719E-03  0.00000E+00            114.IN 49. 122  73
 291  6.98920E-03  3.98755E-04  3.98755E-04  0.00000E+00            114.IN 49. 123  91
 292  1.43001E-04  5.16784E-05  5.16784E-05  0.00000E+00            114.IN 49. 124  92
 294  2.43111E+01  1.71471E-05  1.71471E-05  0.00000E+00            114.IN 49. 125  94
 7 1  2.98916E-01  1.92752E-02  1.92752E-02  0.00000E+00            114.IN 49. 126   1
 7 2  1.22984E-01  2.24238E-02  2.24238E-02  0.00000E+00            114.IN 49. 127   2
 7 3  1.21664E-02  2.55755E-02  2.55755E-02  0.00000E+00            114.IN 49. 128   3
 7 4  5.48965E-01  1.66409E-04  1.66409E-04  0.00000E+00            114.IN 49. 129   4
 7 5  2.30265E+00  2.61115E-03  2.61115E-03  0.00000E+00            114.IN 49. 130   5
 7 6  5.30209E-01  3.05437E-03  3.05437E-03  0.00000E+00            114.IN 49. 131   6
 7 7  3.21263E-02  3.51566E-03  3.51566E-03  0.00000E+00            114.IN 49. 132   7
 7 8  2.50655E+00  1.27964E-04  1.27964E-04  0.00000E+00            114.IN 49. 133   8
 7 9  5.98401E+00  3.45409E-04  3.45409E-04  0.00000E+00            114.IN 49. 134   9
 710  6.81969E-02  4.03460E-04  4.03460E-04  0.00000E+00            114.IN 49. 135  10
 711  2.08175E-05  7.08079E-04  7.08079E-04  0.00000E+00            114.IN 49. 136  11
 712  8.59463E+00  3.67688E-05  3.67688E-05  0.00000E+00            114.IN 49. 137  12
 713  2.08490E-02  9.68838E-05  9.68838E-05  0.00000E+00            114.IN 49. 138  13
%%%% 114 IN  49 M  IT EC        4.27766E+06 49.51 D    02-11-2005       SEEIEND 
 


   ***************************************************** 
   *                 Radiation Summary                 * 
   ***************************************************** 
 
  Energy released by
    Gamma-ray                       (MeV) =   7.12209E-02
    X-ray                           (MeV) =   9.10065E-03
    Free-bound X-ray                (MeV) =   9.04002E-05
    Annihilation photon             (MeV) =   0.00000E+00
    Beta+ particle                  (MeV) =   0.00000E+00
    Neutrino                        (MeV) =   1.08690E-02
    Beta- particle                  (MeV) =   0.00000E+00
    Neutrino-                       (MeV) =   0.00000E+00
    Internal conv. electron         (MeV) =   1.41017E-01
    Auger and CK electron           (MeV) =   3.98768E-03
    Alpha particle                  (MeV) =   0.00000E+00
    Recoil nucleus                  (MeV) =   0.00000E+00
  E-total (except unplaced radiat.) (MeV) =   2.36285E-01
  E-unplaced radiation              (MeV) =   0.00000E+00
  Q-value from ENSDF data           (MeV) =   2.37480E-01
  Ratio of E-total/Q-value          ( % ) =   9.94969E+01
  Ratio of E-unplaced radi./Q-value ( % ) =   0.00000E+00

 
  Total yield of
    Gamma-ray                             =   2.20437E-01
    X-ray                                 =   4.15759E-01
    Free-bound X-ray                      =   1.08471E+01
    Annihilation photon                   =   0.00000E+00
    Beta+ particle                        =   0.00000E+00
    Beta- particle                        =   0.00000E+00
    Internal conv. electron               =   8.05907E-01
    Auger and CK electron                 =   1.00089E+01
    Alpha particle                        =   0.00000E+00
  Yield of unplaced radiation             =   0.00000E+00


