%%%%  79 KR  36    EC B+        1.26144E+05  35.04 H   02-11-2005       BALASTAR
1  79   KR  36  35.04 H        EC B+      
1INTENSITY AND ENERGY BALANCE DATA

              79-KRYPTON-36
+                                    HALFLIFE = 35.04 HOURS   
+                                                                  02-11-2005


    LEVEL       INTENSITY   INTENSITY
    ENERGY      ENTERING    LEAVING     PERCENT
    (MEV)       LEVEL       LEVEL       ERROR

   0.0000E+00  9.9899E+01
   2.1707E-01  2.5779E+00  2.4107E+00  6.7050E+00                      
   2.6132E-01  1.3001E+01  1.3289E+01  2.1876E+00                      
   3.0652E-01  2.6204E+00  2.6201E+00  1.0682E-02                      
   3.9747E-01  1.0573E+01  1.0382E+01  1.8254E+00                      
   5.2322E-01  2.7611E-01  2.2902E-01  1.8646E+01  ********************
   6.0602E-01  1.2176E+01  1.2218E+01  3.4293E-01                      
   8.3194E-01  1.8222E+00  1.7928E+00  1.6224E+00                      
   1.1125E+00  2.1942E-01  2.2091E-01  6.7519E-01                      
   1.1317E+00  6.8818E-02  6.9502E-02  9.8907E-01                      
   1.3323E+00  1.2666E+00  1.2679E+00  1.0273E-01                      
   1.5016E+00  2.2939E-02  2.3883E-02  4.0331E+00                      
   1.5737E+00  4.9868E-04  5.0805E-04  1.8606E+00                      


 INTENSITY TO GROUND AND ISOMERIC STATE(S) OF DAUGHTER(S)=  9.990E+01
 TOTAL INTENSITY FROM PARENT=  1.000E+02
 PERCENT ERROR =  1.015E-01                      


 TOTAL INTENSITY FROM PARENT =  1.000E+02
 VALUE IS WITHIN   2.29E-05% OF 100                      


 TOTAL ENERGY AVAILABLE =  1.626E+00 MEV
 TOTAL ENERGY CONTENT OF ALL RADIATIONS =  1.625E+00 MEV
 PERCENT ERROR =  3.369E-02                      
%%%%  79 KR  36    EC B+        1.26144E+05  35.04 H   02-11-2005       BALAEND 
%%%%  79 KR  36    EC B+        1.26144E+05  35.04 H   02-11-2005       INPUSTAR
1                                      **INPUT DATA**
              79-KRYPTON-36
+                                    HALFLIFE = 35.04 HOURS   
+                                                                  02-11-2005

            MODES OF DECAY: ELECTRON CAPTURE, BETA PLUS
 
                                MEAN
                                NUMBER/    TRANSITION
                TYPE OF    ID   TRANSFOR-  ENERGY
              TRANSITION   NO.  MATION     (MEV)       OTHER NUCLEAR PARAMETERS

           ELECT. CAPTURE   1   4.99E-06   5.210E-02   UNIQUE FIRST FORBIDDEN                   
           ELECT. CAPTURE   2   2.29E-04   1.242E-01   ALLOWED                                  
+                                                              ASSUMED                          
           ELECT. CAPTURE   3   1.27E-02   2.935E-01   ALLOWED                                  
           ELECT. CAPTURE   4   6.88E-04   4.941E-01   ALLOWED                                  
+                                                              ASSUMED                          
           ELECT. CAPTURE   5   2.19E-03   5.133E-01   ALLOWED                                  
           ELECT. CAPTURE   6   1.80E-02   7.939E-01   ALLOWED                                  
           ELECT. CAPTURE   7   1.21E-01   1.020E+00   ALLOWED                                  
           ELECT. CAPTURE   8   1.80E-03   1.103E+00   SECOND FORBIDDEN                         
           ELECT. CAPTURE   9   9.57E-02   1.228E+00   ALLOWED                                  
           ELECT. CAPTURE  10   5.19E-03   1.319E+00   ALLOWED                                  
           ELECT. CAPTURE  11   1.16E-01   1.364E+00   ALLOWED                                  
           ELECT. CAPTURE  12   5.59E-01   1.626E+00   ALLOWED                                  
                BETA PLUS   1   1.80E-04   2.063E-01*  ALLOWED                                  
                BETA PLUS   2   4.29E-05   2.973E-01*  ALLOWED                                  
                BETA PLUS   3   1.70E-03   3.425E-01*  ALLOWED                                  
                BETA PLUS   4   6.67E-02   6.038E-01*  ALLOWED                                  
           I.C.E. + GAMMA   1   4.67E-03   4.420E-02   M1 MULTIPOLE                             
+                                                                    AK= 1.03                   
                                                       AL1=0.108     AL2=0.00645                
                                                       AL3=0.00235   AM= 0.0190                 
           I.C.E. + GAMMA   2   9.05E-03   1.361E-01   M1+E2 MULTIPOLE                          
                                                       MRS=0.0625    AK= 0.0564                 
                                                       AL1=0.00573   AM= 0.00106                
           I.C.E. + GAMMA   3   1.08E-03   1.803E-01   M1 MULTIPOLE                             
+                                                                    AK= 0.0531                 
                                                       AL1=0.00556                              
           I.C.E. + GAMMA   4   7.89E-03   2.085E-01   M1+E2 MULTIPOLE                          
                                                       MRS=0.0400    AK= 0.0160                 
                                                       AL1=0.00166                              
           I.C.E. + GAMMA   5   2.41E-02   2.171E-01   M1+E2 MULTIPOLE                          
                                                       MRS=0.00640   AK= 0.0133                 
                                                       AL1=0.00140                              
           I.C.E. + GAMMA   6   1.28E-01   2.613E-01   M1+E2 MULTIPOLE                          
                                                       MRS=0.0169    AK= 0.00849                
           I.C.E. + GAMMA   7   1.04E-04   2.805E-01   M1 MULTIPOLE                             
+                                                                    AK= 0.00692                
           I.C.E. + GAMMA   8   1.55E-02   2.995E-01   M1+E2 MULTIPOLE                          
                                                       MRS=0.202     AK= 0.00728                
           I.C.E. + GAMMA   9   2.62E-02   3.065E-01   M1+E2 MULTIPOLE                          
                                                       MRS=0.0121    AK= 0.00566                
           I.C.E. + GAMMA  10   2.37E-03   3.447E-01   M1 MULTIPOLE                             
+                                                                    AK= 0.00418                
           I.C.E. + GAMMA  11   1.52E-02   3.890E-01   M1+E2 MULTIPOLE                          
                                                       MRS=0.0361    AK= 0.00323                
           I.C.E. + GAMMA  12   9.37E-02   3.975E-01   M1+E2 MULTIPOLE                          
                                                       MRS=0.122     AK= 0.00325                
           I.C.E. + GAMMA  13   3.95E-04   4.345E-01   M1 MULTIPOLE                             
+                                                                    AK= 0.00241                
           I.C.E. + GAMMA  14   1.65E-04   5.007E-01   M1 MULTIPOLE                             
+                                                                    AK= 0.00173                
           I.C.E. + GAMMA  15   8.91E-04   5.066E-01   M1 MULTIPOLE                             
+                                                                    AK= 0.00169                
           I.C.E. + GAMMA  16   2.29E-03   5.232E-01   M1+E2 MULTIPOLE                          
                                                       MRS=0.0676    AK= 0.00161                
           I.C.E. + GAMMA  17   3.94E-03   5.253E-01   M1 MULTIPOLE                             
+                                                                    AK= 0.00155                
           I.C.E. + GAMMA  18   6.60E-05   5.385E-01   UNPLACED GAMMA                           
           I.C.E. + GAMMA  19   5.47E-05   5.711E-01   M1 MULTIPOLE                             
+                                                                    AK= 0.00128                
           I.C.E. + GAMMA  20   8.13E-02   6.061E-01   M1+E2 MULTIPOLE                          
                                                       MRS=0.0900    AK= 0.00115                
           I.C.E. + GAMMA  21   9.54E-04   6.149E-01   E2 MULTIPOLE                             
+                                                                    AK= 0.00144                
           I.C.E. + GAMMA  22   1.14E-04   6.509E-01   UNPLACED GAMMA                           
           I.C.E. + GAMMA  23   6.10E-05   7.150E-01   M1 MULTIPOLE                             
           I.C.E. + GAMMA  24   1.91E-04   7.266E-01   M1 MULTIPOLE                             
           I.C.E. + GAMMA  25   1.27E-04   7.341E-01   M1 MULTIPOLE ASSUMED                     
           I.C.E. + GAMMA  26   9.66E-04   8.092E-01   M1 MULTIPOLE                             
           I.C.E. + GAMMA  27   1.26E-02   8.320E-01   M1+E2 MULTIPOLE                          
                                                       MRS=0.0144                               
           I.C.E. + GAMMA  28   3.81E-04   8.511E-01   M1 MULTIPOLE                             
           I.C.E. + GAMMA  29   7.62E-05   8.712E-01   M1 MULTIPOLE ASSUMED                     
           I.C.E. + GAMMA  30   1.12E-04   8.955E-01   E2 MULTIPOLE                             
           I.C.E. + GAMMA  31   7.24E-05   9.148E-01   E2 MULTIPOLE ASSUMED                     
           I.C.E. + GAMMA  32   1.21E-03   9.348E-01   M1 MULTIPOLE                             
           I.C.E. + GAMMA  33   1.51E-03   1.026E+00   M1 MULTIPOLE                             
           I.C.E. + GAMMA  34   6.10E-04   1.071E+00   M1 MULTIPOLE                             
           I.C.E. + GAMMA  35   6.60E-05   1.076E+00   UNPLACED GAMMA                           
           I.C.E. + GAMMA  36   1.27E-04   1.104E+00   M1 MULTIPOLE ASSUMED                     
           I.C.E. + GAMMA  37   6.61E-04   1.113E+00   M1 MULTIPOLE                             
           I.C.E. + GAMMA  38   3.72E-03   1.115E+00   M1+E2 MULTIPOLE                          
                                                       MRS=0.640                                
           I.C.E. + GAMMA  39   4.19E-04   1.132E+00   M1 MULTIPOLE ASSUMED                     
           I.C.E. + GAMMA  40   2.54E-05   1.195E+00   M1 MULTIPOLE ASSUMED                     
           I.C.E. + GAMMA  41   7.62E-05   1.239E+00   M1 MULTIPOLE ASSUMED                     
           I.C.E. + GAMMA  42   4.31E-03   1.332E+00   M1 MULTIPOLE                             
           I.C.E. + GAMMA  43   1.02E-05   1.502E+00   M1 MULTIPOLE ASSUMED                     
           I.C.E. + GAMMA  44   5.08E-06   1.574E+00   E1 MULTIPOLE                             
 
           * ENDPOINT ENERGY (MEV)
           - - - - - - - - - -
           Reference: Evaluated Nuclear Structure Data File (ENSDF)
                DATE DATA WERE ENTERED INTO ENSDF: Jun-2002
%%%%  79 KR  36    EC B+        1.26144E+05  35.04 H   02-11-2005       INPUEND 
%%%%  79 KR  36    EC B+        1.26144E+05  35.04 H   02-11-2005       OUTPSTAR
1                                      **OUTPUT DATA**
              79-KRYPTON-36
+                                    HALFLIFE = 35.04 HOURS   
+                                                                  02-11-2005

            MODES OF DECAY: ELECTRON CAPTURE, BETA PLUS
 
                                              MEAN
                                              NUMBER/                  MEV/
                                         ID   TRANSFOR-   ENERGY       TRANSFOR-
                  TYPE OF RADIATION      NO.  MATION      (MEV)        MATION

           BETA PLUS                      3   1.70E-03    1.523E-01*   2.58E-04
           BETA PLUS                      4   6.67E-02    2.632E-01*   1.76E-02
           ANNIHILATION RADIATION             1.37E-01    5.110E-01    7.02E-02
           K CONV. ELECTRON, GAMMA-RAY    1   2.22E-03    3.077E-02    6.82E-05
           GAMMA-RAY                      2   8.51E-03    1.361E-01    1.16E-03
           K CONV. ELECTRON, GAMMA-RAY    2   4.80E-04    1.227E-01    5.88E-05
           GAMMA-RAY                      4   7.75E-03    2.085E-01    1.62E-03
           K CONV. ELECTRON, GAMMA-RAY    4   1.24E-04    1.950E-01    2.42E-05
           GAMMA-RAY                      5   2.37E-02    2.171E-01    5.16E-03
           K CONV. ELECTRON, GAMMA-RAY    5   3.17E-04    2.036E-01    6.45E-05
           GAMMA-RAY                      6   1.27E-01    2.613E-01    3.32E-02
           K CONV. ELECTRON, GAMMA-RAY    6   1.08E-03    2.479E-01    2.67E-04
           L1 CONV. ELECTRON, GAMMA-RAY   6   1.12E-04    2.595E-01    2.91E-05
           GAMMA-RAY                      8   1.54E-02    2.995E-01    4.60E-03
           K CONV. ELECTRON, GAMMA-RAY    8   1.12E-04    2.861E-01    3.20E-05
           GAMMA-RAY                      9   2.60E-02    3.065E-01    7.98E-03
           K CONV. ELECTRON, GAMMA-RAY    9   1.47E-04    2.930E-01    4.31E-05
           GAMMA-RAY                     10   2.36E-03    3.447E-01    8.14E-04
           GAMMA-RAY                     11   1.51E-02    3.890E-01    5.88E-03
           GAMMA-RAY                     12   9.33E-02    3.975E-01    3.71E-02
           K CONV. ELECTRON, GAMMA-RAY   12   3.03E-04    3.841E-01    1.16E-04
           GAMMA-RAY                     15   8.89E-04    5.066E-01    4.50E-04
           GAMMA-RAY                     16   2.29E-03    5.232E-01    1.20E-03
           GAMMA-RAY                     17   3.94E-03    5.253E-01    2.07E-03
           GAMMA-RAY                     20   8.12E-02    6.061E-01    4.92E-02
           K CONV. ELECTRON, GAMMA-RAY   20   9.35E-05    5.927E-01    5.54E-05
           GAMMA-RAY                     21   9.53E-04    6.149E-01    5.86E-04
           GAMMA-RAY                     26   9.65E-04    8.092E-01    7.81E-04
           GAMMA-RAY                     27   1.26E-02    8.320E-01    1.05E-02
           GAMMA-RAY                     28   3.81E-04    8.511E-01    3.24E-04
           GAMMA-RAY                     32   1.21E-03    9.348E-01    1.13E-03
           GAMMA-RAY                     33   1.51E-03    1.026E+00    1.55E-03
           GAMMA-RAY                     34   6.10E-04    1.071E+00    6.53E-04
           GAMMA-RAY                     37   6.60E-04    1.113E+00    7.35E-04
           GAMMA-RAY                     38   3.72E-03    1.115E+00    4.15E-03
           GAMMA-RAY                     39   4.19E-04    1.132E+00    4.74E-04
           GAMMA-RAY                     42   4.31E-03    1.332E+00    5.74E-03
           K -L2 X-RAY                        1.50E-01    1.183E-02    1.77E-03
           K -L3 X-RAY                        2.89E-01    1.188E-02    3.43E-03
           K -M2 X-RAY                        2.06E-02    1.324E-02    2.73E-04
           K -M3 X-RAY                        4.03E-02    1.325E-02    5.33E-04
           AUGER KLL                          2.39E-01    1.020E-02*   2.44E-03
           AUGER KLX                          7.32E-02    1.164E-02*   8.52E-04
           AUGER KXY                          5.62E-03    1.307E-02*   7.34E-05
           AUGER LMM                          1.00E+00    1.321E-03*   1.33E-03
           AUGER LMX                          5.96E-02    1.412E-03*   8.41E-05
           CK MMX                             1.17E+00    5.773E-05*   6.76E-05
           AUGER MNN                          3.03E+00    4.386E-05*   1.33E-04
 
           ALL LISTED X-RAYS, GAMMA-RAYS AND ANNIHILATION RADIATION    2.53E-01
           ALL NEGLECTED X-RAYS, GAMMA-RAYS AND ANNIH. RADIATION**     1.77E-03
           ALL LISTED BETAS, INTERNAL CONVERSION AND AUGER ELECTRONS   2.36E-02
           ALL NEGLECTED BETAS, INT. CONVERSION AND AUGER ELECTRONS**  1.72E-04
           ALL LISTED RADIATIONS                                       2.77E-01
           ALL NEGLECTED RADIATIONS**                                  1.95E-03
 
           *  AVERAGE ENERGY (MEV)
           ** EACH NEGLECTED TRANSITION CONTRIBUTES LESS THAN  0.100%
              TO THE TOTAL MEV/TRANSFORMATION FOR THIS CATEGORY.
           TOTAL FEEDING OF GROUND STATE LEVEL IN 79-BROMINE
             DAUGHTER IS 1.0000E+00 PER TRANSFORMATION OF  79-KRYPTON.
             THIS DAUGHTER GROUND STATE IS STABLE.
           - - - - - - - - - -
           INPUT DATA SOURCE: EVALUATED NUCLEAR STRUCTURE DATA FILE (ENSDF)
             DATE INPUT DATA WERE ENTERED INTO ENSDF: Jun-2002
%%%%  79 KR  36    EC B+        1.26144E+05  35.04 H   02-11-2005       OUTPEND 
%%%%  79 KR  36    EC B+        1.26144E+05  35.04 H   02-11-2005       BETASTAR
1
              79-KRYPTON-36
+                                    HALFLIFE = 35.04 HOURS   
+                                                                  02-11-2005

            BETA SPECTRUM DATA FOR ALL DECAY BRANCHES

                      BETAS PER                BETAS PER                BETAS PER
            ENERGY    MEV            ENERGY    MEV            ENERGY    MEV
            (MEV)     PER DECAY      (MEV)     PER DECAY      (MEV)     PER DECAY

            0.00000   0.000E+00      0.00180   8.279E-07      0.03600   3.387E-02
            0.00010   0.000E+00      0.00200   1.973E-06      0.04000   4.034E-02
            0.00011   0.000E+00      0.00220   4.006E-06      0.04500   4.860E-02
            0.00012   0.000E+00      0.00240   7.227E-06      0.05000   5.695E-02
            0.00013   0.000E+00      0.00260   1.192E-05      0.05500   6.528E-02
            0.00014   0.000E+00      0.00280   1.835E-05      0.06000   7.353E-02
            0.00015   0.000E+00      0.00300   2.673E-05      0.06500   8.165E-02
            0.00016   0.000E+00      0.00320   3.727E-05      0.07000   8.960E-02
            0.00018   1.294E-26      0.00360   6.544E-05      0.07500   9.734E-02
            0.00020   2.881E-25      0.00400   1.039E-04      0.08000   1.048E-01
            0.00022   4.164E-24      0.00450   1.675E-04      0.08500   1.121E-01
            0.00024   4.290E-23      0.00500   2.493E-04      0.09000   1.191E-01
            0.00026   3.376E-22      0.00550   3.499E-04      0.10000   1.323E-01
            0.00028   2.136E-21      0.00600   4.697E-04      0.11000   1.443E-01
            0.00030   1.131E-20      0.00650   6.089E-04      0.12000   1.552E-01
            0.00032   5.172E-20      0.00700   7.676E-04      0.13000   1.649E-01
            0.00036   7.648E-19      0.00750   9.459E-04      0.14000   1.735E-01
            0.00040   7.972E-18      0.00800   1.144E-03      0.15000   1.810E-01
            0.00045   1.045E-16      0.00850   1.361E-03      0.16000   1.874E-01
            0.00050   1.016E-15      0.00900   1.598E-03      0.18000   1.972E-01
            0.00055   7.787E-15      0.01000   2.128E-03      0.20000   2.032E-01
            0.00060   4.878E-14      0.01100   2.732E-03      0.22000   2.057E-01
            0.00065   2.558E-13      0.01200   3.409E-03      0.24000   2.048E-01
            0.00070   1.144E-12      0.01300   4.154E-03      0.26000   2.010E-01
            0.00075   4.431E-12      0.01400   4.966E-03      0.28000   1.946E-01
            0.00080   1.507E-11      0.01500   5.841E-03      0.30000   1.859E-01
            0.00085   4.565E-11      0.01600   6.777E-03      0.32000   1.753E-01
            0.00090   1.246E-10      0.01800   8.816E-03      0.36000   1.500E-01
            0.00100   7.091E-10      0.02000   1.106E-02      0.40000   1.199E-01
            0.00110   3.004E-09      0.02200   1.348E-02      0.45000   7.951E-02
            0.00120   1.007E-08      0.02400   1.606E-02      0.50000   4.156E-02
            0.00130   2.806E-08      0.02600   1.878E-02      0.55000   1.266E-02
            0.00140   6.740E-08      0.02800   2.162E-02      0.60000   7.099E-05
            0.00150   1.436E-07      0.03000   2.457E-02      0.60380   0.000E+00
            0.00160   2.777E-07      0.03200   2.760E-02

            AVERAGE BETA ENERGY =   2.600E-01

            TOTAL BETAS PER DECAY FOR ALL BRANCHES =   6.864E-02
%%%%  79 KR  36    EC B+        1.26144E+05  35.04 H   02-11-2005       BETAEND 
%%%%  79 KR  36    EC B+        1.26144E+05  35.04 H   02-11-2005       SEEISTAR
 79.  KRYPTON      36.  3.504E+01 HOURS    336 EC B+                 79.KR 36.   0
 4 1  1.79525E-02  9.45688E-02  2.06330E-01  0.00000E+00             79.KR 36.   1   1
 4 2  4.28864E-03  1.33150E-01  2.97280E-01  0.00000E+00             79.KR 36.   2   2
 4 3  1.69551E-01  1.52256E-01  3.42480E-01  0.00000E+00             79.KR 36.   3   3
 4 4  6.67233E+00  2.63228E-01  6.03800E-01  0.00000E+00             79.KR 36.   4   4
 3 3  1.37282E+01  5.11000E-01  5.11000E-01  0.00000E+00             79.KR 36.   5   3
 1 1  2.15900E-01  4.42000E-02  4.42000E-02  0.00000E+00             79.KR 36.   6   1
 6 1  2.21750E-01  3.07650E-02  3.07650E-02  1.00000E+00             79.KR 36.   7   1
 6 5  2.32577E-02  4.24308E-02  4.24308E-02  1.00000E+00             79.KR 36.   8   5
 6 6  1.39226E-03  4.25979E-02  4.25979E-02  1.00000E+00             79.KR 36.   9   6
 6 7  5.08074E-04  4.26464E-02  4.26464E-02  1.00000E+00             79.KR 36.  10   7
 6 3  4.09369E-03  4.40152E-02  4.40152E-02  1.00000E+00             79.KR 36.  11   3
 6 4  4.66274E-04  4.42000E-02  4.42000E-02  1.00000E+00             79.KR 36.  12   4
 1 2  8.50900E-01  1.36090E-01  1.36090E-01  0.00000E+00             79.KR 36.  13   2
 6 1  4.79532E-02  1.22655E-01  1.22655E-01  2.00000E+00             79.KR 36.  14   1
 6 5  4.87173E-03  1.34321E-01  1.34321E-01  2.00000E+00             79.KR 36.  15   5
 6 6  3.51007E-04  1.34488E-01  1.34488E-01  2.00000E+00             79.KR 36.  16   6
 6 7  3.17739E-04  1.34536E-01  1.34536E-01  2.00000E+00             79.KR 36.  17   7
 6 3  9.02418E-04  1.35905E-01  1.35905E-01  2.00000E+00             79.KR 36.  18   3
 6 4  1.01264E-04  1.36090E-01  1.36090E-01  2.00000E+00             79.KR 36.  19   4
 1 3  1.01600E-01  1.80250E-01  1.80250E-01  0.00000E+00             79.KR 36.  20   3
 6 1  5.39545E-03  1.66815E-01  1.66815E-01  3.00000E+00             79.KR 36.  21   1
 6 5  5.64567E-04  1.78481E-01  1.78481E-01  3.00000E+00             79.KR 36.  22   5
 6 6  2.03285E-05  1.78648E-01  1.78648E-01  3.00000E+00             79.KR 36.  23   6
 6 7  8.06384E-06  1.78696E-01  1.78696E-01  3.00000E+00             79.KR 36.  24   7
 6 3  9.65219E-05  1.80065E-01  1.80065E-01  3.00000E+00             79.KR 36.  25   3
 6 4  1.10679E-05  1.80250E-01  1.80250E-01  3.00000E+00             79.KR 36.  26   4
 1 4  7.74700E-01  2.08480E-01  2.08480E-01  0.00000E+00             79.KR 36.  27   4
 6 1  1.23834E-02  1.95045E-01  1.95045E-01  4.00000E+00             79.KR 36.  28   1
 6 5  1.28490E-03  2.06711E-01  2.06711E-01  4.00000E+00             79.KR 36.  29   5
 6 6  5.41367E-05  2.06878E-01  2.06878E-01  4.00000E+00             79.KR 36.  30   6
 6 7  3.43245E-05  2.06926E-01  2.06926E-01  4.00000E+00             79.KR 36.  31   7
 6 3  2.23229E-04  2.08295E-01  2.08295E-01  4.00000E+00             79.KR 36.  32   3
 6 4  2.54388E-05  2.08480E-01  2.08480E-01  4.00000E+00             79.KR 36.  33   4
 1 5  2.37490E+00  2.17070E-01  2.17070E-01  0.00000E+00             79.KR 36.  34   5
 6 1  3.16784E-02  2.03635E-01  2.03635E-01  5.00000E+00             79.KR 36.  35   1
 6 5  3.31324E-03  2.15301E-01  2.15301E-01  5.00000E+00             79.KR 36.  36   5
 6 6  1.13272E-04  2.15468E-01  2.15468E-01  5.00000E+00             79.KR 36.  37   6
 6 7  5.09104E-05  2.15516E-01  2.15516E-01  5.00000E+00             79.KR 36.  38   7
 6 3  5.65215E-04  2.16885E-01  2.16885E-01  5.00000E+00             79.KR 36.  39   3
 6 4  6.47306E-05  2.17070E-01  2.17070E-01  5.00000E+00             79.KR 36.  40   4
 1 6  1.27000E+01  2.61290E-01  2.61290E-01  0.00000E+00             79.KR 36.  41   6
 6 1  1.07791E-01  2.47855E-01  2.47855E-01  6.00000E+00             79.KR 36.  42   1
 6 5  1.12068E-02  2.59521E-01  2.59521E-01  6.00000E+00             79.KR 36.  43   5
 6 6  3.59206E-04  2.59688E-01  2.59688E-01  6.00000E+00             79.KR 36.  44   6
 6 7  1.77691E-04  2.59736E-01  2.59736E-01  6.00000E+00             79.KR 36.  45   7
 6 3  1.91074E-03  2.61105E-01  2.61105E-01  6.00000E+00             79.KR 36.  46   3
 6 4  2.19067E-04  2.61290E-01  2.61290E-01  6.00000E+00             79.KR 36.  47   4
 1 7  1.02870E-02  2.80460E-01  2.80460E-01  0.00000E+00             79.KR 36.  48   7
 6 1  7.11712E-05  2.67025E-01  2.67025E-01  7.00000E+00             79.KR 36.  49   1
 6 5  7.40245E-06  2.78691E-01  2.78691E-01  7.00000E+00             79.KR 36.  50   5
 6 6  2.10940E-07  2.78858E-01  2.78858E-01  7.00000E+00             79.KR 36.  51   6
 6 7  8.84069E-08  2.78906E-01  2.78906E-01  7.00000E+00             79.KR 36.  52   7
 6 3  1.25394E-06  2.80275E-01  2.80275E-01  7.00000E+00             79.KR 36.  53   3
 6 4  1.44128E-07  2.80460E-01  2.80460E-01  7.00000E+00             79.KR 36.  54   4
 1 8  1.53670E+00  2.99530E-01  2.99530E-01  0.00000E+00             79.KR 36.  55   8
 6 1  1.11935E-02  2.86095E-01  2.86095E-01  8.00000E+00             79.KR 36.  56   1
 6 5  1.14349E-03  2.97761E-01  2.97761E-01  8.00000E+00             79.KR 36.  57   5
 6 6  4.87524E-05  2.97928E-01  2.97928E-01  8.00000E+00             79.KR 36.  58   6
 6 7  3.87271E-05  2.97976E-01  2.97976E-01  8.00000E+00             79.KR 36.  59   7
 6 3  2.00221E-04  2.99345E-01  2.99345E-01  8.00000E+00             79.KR 36.  60   3
 6 4  2.27979E-05  2.99530E-01  2.99530E-01  8.00000E+00             79.KR 36.  61   4
 1 9  2.60350E+00  3.06470E-01  3.06470E-01  0.00000E+00             79.KR 36.  62   9
 6 1  1.47252E-02  2.93035E-01  2.93035E-01  9.00000E+00             79.KR 36.  63   1
 6 5  1.52536E-03  3.04701E-01  3.04701E-01  9.00000E+00             79.KR 36.  64   5
 6 6  4.31786E-05  3.04868E-01  3.04868E-01  9.00000E+00             79.KR 36.  65   6
 6 7  2.03245E-05  3.04916E-01  3.04916E-01  9.00000E+00             79.KR 36.  66   7
 6 3  2.58803E-04  3.06285E-01  3.06285E-01  9.00000E+00             79.KR 36.  67   3
 6 4  2.97557E-05  3.06470E-01  3.06470E-01  9.00000E+00             79.KR 36.  68   4
 110  2.36220E-01  3.44710E-01  3.44710E-01  0.00000E+00             79.KR 36.  69  10
 6 1  9.88310E-04  3.31275E-01  3.31275E-01  1.00000E+01             79.KR 36.  70   1
 6 5  1.02284E-04  3.42941E-01  3.42941E-01  1.00000E+01             79.KR 36.  71   5
 6 6  2.58310E-06  3.43108E-01  3.43108E-01  1.00000E+01             79.KR 36.  72   6
 6 7  1.12371E-06  3.43156E-01  3.43156E-01  1.00000E+01             79.KR 36.  73   7
 6 3  1.72639E-05  3.44525E-01  3.44525E-01  1.00000E+01             79.KR 36.  74   3
 6 4  1.98955E-06  3.44710E-01  3.44710E-01  1.00000E+01             79.KR 36.  75   4
 111  1.51130E+00  3.88970E-01  3.88970E-01  0.00000E+00             79.KR 36.  76  11
 6 1  4.87841E-03  3.75535E-01  3.75535E-01  1.10000E+01             79.KR 36.  77   1
 6 5  5.03316E-04  3.87201E-01  3.87201E-01  1.10000E+01             79.KR 36.  78   5
 6 6  1.28733E-05  3.87368E-01  3.87368E-01  1.10000E+01             79.KR 36.  79   6
 6 7  6.77220E-06  3.87416E-01  3.87416E-01  1.10000E+01             79.KR 36.  80   7
 6 3  8.50880E-05  3.88785E-01  3.88785E-01  1.10000E+01             79.KR 36.  81   3
 6 4  9.80372E-06  3.88970E-01  3.88970E-01  1.10000E+01             79.KR 36.  82   4
 112  9.33450E+00  3.97540E-01  3.97540E-01  0.00000E+00             79.KR 36.  83  12
 6 1  3.03067E-02  3.84105E-01  3.84105E-01  1.20000E+01             79.KR 36.  84   1
 6 5  3.11440E-03  3.95771E-01  3.95771E-01  1.20000E+01             79.KR 36.  85   5
 6 6  9.07578E-05  3.95938E-01  3.95938E-01  1.20000E+01             79.KR 36.  86   6
 6 7  5.86987E-05  3.95986E-01  3.95986E-01  1.20000E+01             79.KR 36.  87   7
 6 3  5.30788E-04  3.97355E-01  3.97355E-01  1.20000E+01             79.KR 36.  88   3
 6 4  6.09912E-05  3.97540E-01  3.97540E-01  1.20000E+01             79.KR 36.  89   4
 113  3.93700E-02  4.34500E-01  4.34500E-01  0.00000E+00             79.KR 36.  90  13
 6 1  9.49313E-05  4.21065E-01  4.21065E-01  1.30000E+01             79.KR 36.  91   1
 6 5  9.80986E-06  4.32731E-01  4.32731E-01  1.30000E+01             79.KR 36.  92   5
 6 6  2.14695E-07  4.32898E-01  4.32898E-01  1.30000E+01             79.KR 36.  93   6
 6 7  9.80415E-08  4.32946E-01  4.32946E-01  1.30000E+01             79.KR 36.  94   7
 6 3  1.64568E-06  4.34315E-01  4.34315E-01  1.30000E+01             79.KR 36.  95   3
 6 4  1.90124E-07  4.34500E-01  4.34500E-01  1.30000E+01             79.KR 36.  96   4
 114  1.65100E-02  5.00700E-01  5.00700E-01  0.00000E+00             79.KR 36.  97  14
 6 1  2.86084E-05  4.87265E-01  4.87265E-01  1.40000E+01             79.KR 36.  98   1
 6 5  2.95462E-06  4.98931E-01  4.98931E-01  1.40000E+01             79.KR 36.  99   5
 6 6  5.89928E-08  4.99098E-01  4.99098E-01  1.40000E+01             79.KR 36. 100   6
 6 7  2.79505E-08  4.99146E-01  4.99146E-01  1.40000E+01             79.KR 36. 101   7
 6 3  4.93973E-07  5.00515E-01  5.00515E-01  1.40000E+01             79.KR 36. 102   3
 6 4  5.71170E-08  5.00700E-01  5.00700E-01  1.40000E+01             79.KR 36. 103   4
 115  8.89000E-02  5.06600E-01  5.06600E-01  0.00000E+00             79.KR 36. 104  15
 6 1  1.49934E-04  4.93165E-01  4.93165E-01  1.50000E+01             79.KR 36. 105   1
 6 5  1.54842E-05  5.04831E-01  5.04831E-01  1.50000E+01             79.KR 36. 106   5
 6 6  3.06784E-07  5.04998E-01  5.04998E-01  1.50000E+01             79.KR 36. 107   6
 6 7  1.45839E-07  5.05046E-01  5.05046E-01  1.50000E+01             79.KR 36. 108   7
 6 3  2.58809E-06  5.06415E-01  5.06415E-01  1.50000E+01             79.KR 36. 109   3
 6 4  2.99267E-07  5.06600E-01  5.06600E-01  1.50000E+01             79.KR 36. 110   4
 116  2.28600E-01  5.23200E-01  5.23200E-01  0.00000E+00             79.KR 36. 111  16
 6 1  3.68781E-04  5.09765E-01  5.09765E-01  1.60000E+01             79.KR 36. 112   1
 6 5  3.80065E-05  5.21431E-01  5.21431E-01  1.60000E+01             79.KR 36. 113   5
 6 6  8.14883E-07  5.21598E-01  5.21598E-01  1.60000E+01             79.KR 36. 114   6
 6 7  4.62394E-07  5.21646E-01  5.21646E-01  1.60000E+01             79.KR 36. 115   7
 6 3  6.37861E-06  5.23015E-01  5.23015E-01  1.60000E+01             79.KR 36. 116   3
 6 4  7.36316E-07  5.23200E-01  5.23200E-01  1.60000E+01             79.KR 36. 117   4
 117  3.93700E-01  5.25350E-01  5.25350E-01  0.00000E+00             79.KR 36. 118  17
 6 1  6.10712E-04  5.11915E-01  5.11915E-01  1.70000E+01             79.KR 36. 119   1
 6 5  6.30599E-05  5.23581E-01  5.23581E-01  1.70000E+01             79.KR 36. 120   5
 6 6  1.21968E-06  5.23748E-01  5.23748E-01  1.70000E+01             79.KR 36. 121   6
 6 7  5.85993E-07  5.23796E-01  5.23796E-01  1.70000E+01             79.KR 36. 122   7
 6 3  1.05320E-05  5.25165E-01  5.25165E-01  1.70000E+01             79.KR 36. 123   3
 6 4  1.21798E-06  5.25350E-01  5.25350E-01  1.70000E+01             79.KR 36. 124   4
 118  6.60400E-03  5.38500E-01  5.38500E-01  0.00000E+00             79.KR 36. 125  18
 119  5.46100E-03  5.71100E-01  5.71100E-01  0.00000E+00             79.KR 36. 126  19
 6 1  7.00083E-06  5.57665E-01  5.57665E-01  1.90000E+01             79.KR 36. 127   1
 6 5  7.22607E-07  5.69331E-01  5.69331E-01  1.90000E+01             79.KR 36. 128   5
 6 6  1.32151E-08  5.69498E-01  5.69498E-01  1.90000E+01             79.KR 36. 129   6
 6 7  6.51570E-09  5.69546E-01  5.69546E-01  1.90000E+01             79.KR 36. 130   7
 6 3  1.20491E-07  5.70915E-01  5.70915E-01  1.90000E+01             79.KR 36. 131   3
 6 4  1.39366E-08  5.71100E-01  5.71100E-01  1.90000E+01             79.KR 36. 132   4
 120  8.11530E+00  6.06090E-01  6.06090E-01  0.00000E+00             79.KR 36. 133  20
 6 1  9.35202E-03  5.92655E-01  5.92655E-01  2.00000E+01             79.KR 36. 134   1
 6 5  9.63351E-04  6.04321E-01  6.04321E-01  2.00000E+01             79.KR 36. 135   5
 6 6  1.88070E-05  6.04488E-01  6.04488E-01  2.00000E+01             79.KR 36. 136   6
 6 7  1.11605E-05  6.04536E-01  6.04536E-01  2.00000E+01             79.KR 36. 137   7
 6 3  1.61216E-04  6.05905E-01  6.05905E-01  2.00000E+01             79.KR 36. 138   3
 6 4  1.86141E-05  6.06090E-01  6.06090E-01  2.00000E+01             79.KR 36. 139   4
 121  9.52500E-02  6.14890E-01  6.14890E-01  0.00000E+00             79.KR 36. 140  21
 6 1  1.37499E-04  6.01455E-01  6.01455E-01  2.10000E+01             79.KR 36. 141   1
 6 5  1.39683E-05  6.13121E-01  6.13121E-01  2.10000E+01             79.KR 36. 142   5
 6 6  4.94915E-07  6.13288E-01  6.13288E-01  2.10000E+01             79.KR 36. 143   6
 6 7  4.77148E-07  6.13336E-01  6.13336E-01  2.10000E+01             79.KR 36. 144   7
 6 3  2.42618E-06  6.14705E-01  6.14705E-01  2.10000E+01             79.KR 36. 145   3
 6 4  2.76061E-07  6.14890E-01  6.14890E-01  2.10000E+01             79.KR 36. 146   4
 122  1.14300E-02  6.50890E-01  6.50890E-01  0.00000E+00             79.KR 36. 147  22
 123  6.09600E-03  7.15040E-01  7.15040E-01  0.00000E+00             79.KR 36. 148  23
 6 1  4.73315E-06  7.01605E-01  7.01605E-01  2.30000E+01             79.KR 36. 149   1
 6 5  4.87780E-07  7.13271E-01  7.13271E-01  2.30000E+01             79.KR 36. 150   5
 6 6  7.63750E-09  7.13438E-01  7.13438E-01  2.30000E+01             79.KR 36. 151   6
 6 7  4.08059E-09  7.13486E-01  7.13486E-01  2.30000E+01             79.KR 36. 152   7
 6 3  8.10942E-08  7.14855E-01  7.14855E-01  2.30000E+01             79.KR 36. 153   3
 6 4  9.38070E-09  7.15040E-01  7.15040E-01  2.30000E+01             79.KR 36. 154   4
 124  1.90500E-02  7.26560E-01  7.26560E-01  0.00000E+00             79.KR 36. 155  24
 6 1  1.42836E-05  7.13125E-01  7.13125E-01  2.40000E+01             79.KR 36. 156   1
 6 5  1.47174E-06  7.24791E-01  7.24791E-01  2.40000E+01             79.KR 36. 157   5
 6 6  2.27858E-08  7.24958E-01  7.24958E-01  2.40000E+01             79.KR 36. 158   6
 6 7  1.22507E-08  7.25006E-01  7.25006E-01  2.40000E+01             79.KR 36. 159   7
 6 3  2.44661E-07  7.26375E-01  7.26375E-01  2.40000E+01             79.KR 36. 160   3
 6 4  2.83015E-08  7.26560E-01  7.26560E-01  2.40000E+01             79.KR 36. 161   4
 125  1.27000E-02  7.34120E-01  7.34120E-01  0.00000E+00             79.KR 36. 162  25
 6 1  9.30999E-06  7.20685E-01  7.20685E-01  2.50000E+01             79.KR 36. 163   1
 6 5  9.59155E-07  7.32351E-01  7.32351E-01  2.50000E+01             79.KR 36. 164   5
 6 6  1.47415E-08  7.32518E-01  7.32518E-01  2.50000E+01             79.KR 36. 165   6
 6 7  7.95845E-09  7.32566E-01  7.32566E-01  2.50000E+01             79.KR 36. 166   7
 6 3  1.59442E-07  7.33935E-01  7.33935E-01  2.50000E+01             79.KR 36. 167   3
 6 4  1.84436E-08  7.34120E-01  7.34120E-01  2.50000E+01             79.KR 36. 168   4
 126  9.65200E-02  8.09170E-01  8.09170E-01  0.00000E+00             79.KR 36. 169  26
 6 1  5.73329E-05  7.95735E-01  7.95735E-01  2.60000E+01             79.KR 36. 170   1
 6 5  5.89957E-06  8.07401E-01  8.07401E-01  2.60000E+01             79.KR 36. 171   5
 6 6  8.45902E-08  8.07568E-01  8.07568E-01  2.60000E+01             79.KR 36. 172   6
 6 7  4.75589E-08  8.07616E-01  8.07616E-01  2.60000E+01             79.KR 36. 173   7
 6 3  9.80412E-07  8.08985E-01  8.08985E-01  2.60000E+01             79.KR 36. 174   3
 6 4  1.13408E-07  8.09170E-01  8.09170E-01  2.60000E+01             79.KR 36. 175   4
 127  1.25730E+00  8.31970E-01  8.31970E-01  0.00000E+00             79.KR 36. 176  27
 6 1  7.05172E-04  8.18535E-01  8.18535E-01  2.70000E+01             79.KR 36. 177   1
 6 5  7.25265E-05  8.30201E-01  8.30201E-01  2.70000E+01             79.KR 36. 178   5
 6 6  1.03216E-06  8.30368E-01  8.30368E-01  2.70000E+01             79.KR 36. 179   6
 6 7  5.98759E-07  8.30416E-01  8.30416E-01  2.70000E+01             79.KR 36. 180   7
 6 3  1.20571E-05  8.31785E-01  8.31785E-01  2.70000E+01             79.KR 36. 181   3
 6 4  1.39447E-06  8.31970E-01  8.31970E-01  2.70000E+01             79.KR 36. 182   4
 128  3.81000E-02  8.51130E-01  8.51130E-01  0.00000E+00             79.KR 36. 183  28
 6 1  2.03146E-05  8.37695E-01  8.37695E-01  2.80000E+01             79.KR 36. 184   1
 6 5  2.08904E-06  8.49361E-01  8.49361E-01  2.80000E+01             79.KR 36. 185   5
 6 6  2.88799E-08  8.49528E-01  8.49528E-01  2.80000E+01             79.KR 36. 186   6
 6 7  1.66025E-08  8.49576E-01  8.49576E-01  2.80000E+01             79.KR 36. 187   7
 6 3  3.47134E-07  8.50945E-01  8.50945E-01  2.80000E+01             79.KR 36. 188   3
 6 4  4.01537E-08  8.51130E-01  8.51130E-01  2.80000E+01             79.KR 36. 189   4
 129  7.62000E-03  8.71200E-01  8.71200E-01  0.00000E+00             79.KR 36. 190  29
 6 1  3.86671E-06  8.57765E-01  8.57765E-01  2.90000E+01             79.KR 36. 191   1
 6 5  3.97513E-07  8.69431E-01  8.69431E-01  2.90000E+01             79.KR 36. 192   5
 6 6  5.40317E-09  8.69598E-01  8.69598E-01  2.90000E+01             79.KR 36. 193   6
 6 7  3.13972E-09  8.69646E-01  8.69646E-01  2.90000E+01             79.KR 36. 194   7
 6 3  6.60523E-08  8.71015E-01  8.71015E-01  2.90000E+01             79.KR 36. 195   3
 6 4  7.64039E-09  8.71200E-01  8.71200E-01  2.90000E+01             79.KR 36. 196   4
 130  1.11760E-02  8.95500E-01  8.95500E-01  0.00000E+00             79.KR 36. 197  30
 6 1  5.96213E-06  8.82065E-01  8.82065E-01  3.00000E+01             79.KR 36. 198   1
 6 5  6.07879E-07  8.93731E-01  8.93731E-01  3.00000E+01             79.KR 36. 199   5
 6 6  1.39935E-08  8.93898E-01  8.93898E-01  3.00000E+01             79.KR 36. 200   6
 6 7  1.35150E-08  8.93946E-01  8.93946E-01  3.00000E+01             79.KR 36. 201   7
 6 3  1.03245E-07  8.95315E-01  8.95315E-01  3.00000E+01             79.KR 36. 202   3
 6 4  1.18590E-08  8.95500E-01  8.95500E-01  3.00000E+01             79.KR 36. 203   4
 131  7.23900E-03  9.14800E-01  9.14800E-01  0.00000E+00             79.KR 36. 204  31
 6 1  3.66526E-06  9.01365E-01  9.01365E-01  3.10000E+01             79.KR 36. 205   1
 6 5  3.73697E-07  9.13031E-01  9.13031E-01  3.10000E+01             79.KR 36. 206   5
 6 6  8.39027E-09  9.13198E-01  9.13198E-01  3.10000E+01             79.KR 36. 207   6
 6 7  8.12016E-09  9.13246E-01  9.13246E-01  3.10000E+01             79.KR 36. 208   7
 6 3  6.34064E-08  9.14615E-01  9.14615E-01  3.10000E+01             79.KR 36. 209   3
 6 4  7.28689E-09  9.14800E-01  9.14800E-01  3.10000E+01             79.KR 36. 210   4
 132  1.20650E-01  9.34840E-01  9.34840E-01  0.00000E+00             79.KR 36. 211  32
 6 1  5.27661E-05  9.21405E-01  9.21405E-01  3.20000E+01             79.KR 36. 212   1
 6 5  5.41979E-06  9.33071E-01  9.33071E-01  3.20000E+01             79.KR 36. 213   5
 6 6  6.99652E-08  9.33238E-01  9.33238E-01  3.20000E+01             79.KR 36. 214   6
 6 7  4.20568E-08  9.33286E-01  9.33286E-01  3.20000E+01             79.KR 36. 215   7
 6 3  9.00495E-07  9.34655E-01  9.34655E-01  3.20000E+01             79.KR 36. 216   3
 6 4  1.04163E-07  9.34840E-01  9.34840E-01  3.20000E+01             79.KR 36. 217   4
 133  1.51130E-01  1.02573E+00  1.02573E+00  0.00000E+00             79.KR 36. 218  33
 6 1  5.44857E-05  1.01230E+00  1.01230E+00  3.30000E+01             79.KR 36. 219   1
 6 5  5.59036E-06  1.02396E+00  1.02396E+00  3.30000E+01             79.KR 36. 220   5
 6 6  6.73753E-08  1.02413E+00  1.02413E+00  3.30000E+01             79.KR 36. 221   6
 6 7  4.24848E-08  1.02418E+00  1.02418E+00  3.30000E+01             79.KR 36. 222   7
 6 3  9.28674E-07  1.02555E+00  1.02555E+00  3.30000E+01             79.KR 36. 223   3
 6 4  1.07430E-07  1.02573E+00  1.02573E+00  3.30000E+01             79.KR 36. 224   4
 134  6.09600E-02  1.07097E+00  1.07097E+00  0.00000E+00             79.KR 36. 225  34
 6 1  2.01074E-05  1.05754E+00  1.05754E+00  3.40000E+01             79.KR 36. 226   1
 6 5  2.06212E-06  1.06920E+00  1.06920E+00  3.40000E+01             79.KR 36. 227   5
 6 6  2.40634E-08  1.06937E+00  1.06937E+00  3.40000E+01             79.KR 36. 228   6
 6 7  1.55355E-08  1.06942E+00  1.06942E+00  3.40000E+01             79.KR 36. 229   7
 6 3  3.42515E-07  1.07079E+00  1.07079E+00  3.40000E+01             79.KR 36. 230   3
 6 4  3.96251E-08  1.07097E+00  1.07097E+00  3.40000E+01             79.KR 36. 231   4
 135  6.60400E-03  1.07610E+00  1.07610E+00  0.00000E+00             79.KR 36. 232  35
 136  1.27000E-02  1.10400E+00  1.10400E+00  0.00000E+00             79.KR 36. 233  36
 6 1  3.93432E-06  1.09057E+00  1.09057E+00  3.60000E+01             79.KR 36. 234   1
 6 5  4.03566E-07  1.10223E+00  1.10223E+00  3.60000E+01             79.KR 36. 235   5
 6 6  4.60301E-09  1.10240E+00  1.10240E+00  3.60000E+01             79.KR 36. 236   6
 6 7  3.02295E-09  1.10245E+00  1.10245E+00  3.60000E+01             79.KR 36. 237   7
 6 3  6.70234E-08  1.10382E+00  1.10382E+00  3.60000E+01             79.KR 36. 238   3
 6 4  7.75428E-09  1.10400E+00  1.10400E+00  3.60000E+01             79.KR 36. 239   4
 137  6.60400E-02  1.11280E+00  1.11280E+00  0.00000E+00             79.KR 36. 240  37
 6 1  2.01286E-05  1.09937E+00  1.09937E+00  3.70000E+01             79.KR 36. 241   1
 6 5  2.06463E-06  1.11103E+00  1.11103E+00  3.70000E+01             79.KR 36. 242   5
 6 6  2.34083E-08  1.11120E+00  1.11120E+00  3.70000E+01             79.KR 36. 243   6
 6 7  1.54429E-08  1.11125E+00  1.11125E+00  3.70000E+01             79.KR 36. 244   7
 6 3  3.42876E-07  1.11262E+00  1.11262E+00  3.70000E+01             79.KR 36. 245   3
 6 4  3.96698E-08  1.11280E+00  1.11280E+00  3.70000E+01             79.KR 36. 246   4
 138  3.72110E-01  1.11510E+00  1.11510E+00  0.00000E+00             79.KR 36. 247  38
 6 1  1.15140E-04  1.10167E+00  1.10167E+00  3.80000E+01             79.KR 36. 248   1
 6 5  1.17762E-05  1.11333E+00  1.11333E+00  3.80000E+01             79.KR 36. 249   5
 6 6  1.63656E-07  1.11350E+00  1.11350E+00  3.80000E+01             79.KR 36. 250   6
 6 7  1.36303E-07  1.11355E+00  1.11355E+00  3.80000E+01             79.KR 36. 251   7
 6 3  1.96588E-06  1.11492E+00  1.11492E+00  3.80000E+01             79.KR 36. 252   3
 6 4  2.27186E-07  1.11510E+00  1.11510E+00  3.80000E+01             79.KR 36. 253   4
 139  4.19100E-02  1.13156E+00  1.13156E+00  0.00000E+00             79.KR 36. 254  39
 6 1  1.23450E-05  1.11813E+00  1.11813E+00  3.90000E+01             79.KR 36. 255   1
 6 5  1.26614E-06  1.12979E+00  1.12979E+00  3.90000E+01             79.KR 36. 256   5
 6 6  1.41752E-08  1.12996E+00  1.12996E+00  3.90000E+01             79.KR 36. 257   6
 6 7  9.44232E-09  1.13001E+00  1.13001E+00  3.90000E+01             79.KR 36. 258   7
 6 3  2.10252E-07  1.13138E+00  1.13138E+00  3.90000E+01             79.KR 36. 259   3
 6 4  2.43264E-08  1.13156E+00  1.13156E+00  3.90000E+01             79.KR 36. 260   4
 140  2.54000E-03  1.19530E+00  1.19530E+00  0.00000E+00             79.KR 36. 261  40
 6 1  6.69365E-07  1.18187E+00  1.18187E+00  4.00000E+01             79.KR 36. 262   1
 6 5  6.86333E-08  1.19353E+00  1.19353E+00  4.00000E+01             79.KR 36. 263   5
 6 6  7.37099E-10  1.19370E+00  1.19370E+00  4.00000E+01             79.KR 36. 264   6
 6 7  5.07241E-10  1.19375E+00  1.19375E+00  4.00000E+01             79.KR 36. 265   7
 6 3  1.13931E-08  1.19512E+00  1.19512E+00  4.00000E+01             79.KR 36. 266   3
 6 4  1.31839E-09  1.19530E+00  1.19530E+00  4.00000E+01             79.KR 36. 267   4
 141  7.62000E-03  1.23920E+00  1.23920E+00  0.00000E+00             79.KR 36. 268  41
 6 1  1.86726E-06  1.22576E+00  1.22576E+00  4.10000E+01             79.KR 36. 269   1
 6 5  1.91424E-07  1.23743E+00  1.23743E+00  4.10000E+01             79.KR 36. 270   5
 6 6  2.00000E-09  1.23760E+00  1.23760E+00  4.10000E+01             79.KR 36. 271   6
 6 7  1.40723E-09  1.23765E+00  1.23765E+00  4.10000E+01             79.KR 36. 272   7
 6 3  3.17666E-08  1.23902E+00  1.23902E+00  4.10000E+01             79.KR 36. 273   3
 6 4  3.67646E-09  1.23920E+00  1.23920E+00  4.10000E+01             79.KR 36. 274   4
 142  4.30530E-01  1.33221E+00  1.33221E+00  0.00000E+00             79.KR 36. 275  42
 6 1  9.13010E-05  1.31878E+00  1.31878E+00  4.20000E+01             79.KR 36. 276   1
 6 5  9.35590E-06  1.33044E+00  1.33044E+00  4.20000E+01             79.KR 36. 277   5
 6 6  9.24616E-08  1.33061E+00  1.33061E+00  4.20000E+01             79.KR 36. 278   6
 6 7  6.81527E-08  1.33066E+00  1.33066E+00  4.20000E+01             79.KR 36. 279   7
 6 3  1.55135E-06  1.33203E+00  1.33203E+00  4.20000E+01             79.KR 36. 280   3
 6 4  1.79601E-07  1.33221E+00  1.33221E+00  4.20000E+01             79.KR 36. 281   4
 143  1.01600E-03  1.50160E+00  1.50160E+00  0.00000E+00             79.KR 36. 282  43
 6 1  1.70335E-07  1.48817E+00  1.48817E+00  4.30000E+01             79.KR 36. 283   1
 6 5  1.74389E-08  1.49983E+00  1.49983E+00  4.30000E+01             79.KR 36. 284   5
 6 6  1.57022E-10  1.50000E+00  1.50000E+00  4.30000E+01             79.KR 36. 285   6
 6 7  1.25714E-10  1.50005E+00  1.50005E+00  4.30000E+01             79.KR 36. 286   7
 6 3  2.88569E-09  1.50142E+00  1.50142E+00  4.30000E+01             79.KR 36. 287   3
 6 4  3.34335E-10  1.50160E+00  1.50160E+00  4.30000E+01             79.KR 36. 288   4
 144  5.08000E-04  1.57370E+00  1.57370E+00  0.00000E+00             79.KR 36. 289  44
 6 1  4.03784E-08  1.56027E+00  1.56027E+00  4.40000E+01             79.KR 36. 290   1
 6 5  4.09718E-09  1.57193E+00  1.57193E+00  4.40000E+01             79.KR 36. 291   5
 6 6  2.37766E-11  1.57210E+00  1.57210E+00  4.40000E+01             79.KR 36. 292   6
 6 7  5.93033E-11  1.57215E+00  1.57215E+00  4.40000E+01             79.KR 36. 293   7
 6 3  6.81498E-10  1.57352E+00  1.57352E+00  4.40000E+01             79.KR 36. 294   3
 6 4  7.86539E-11  1.57370E+00  1.57370E+00  4.40000E+01             79.KR 36. 295   4
 2 1  1.49571E+01  1.18329E-02  1.18329E-02  0.00000E+00             79.KR 36. 296   1
 2 2  2.88782E+01  1.18814E-02  1.18814E-02  0.00000E+00             79.KR 36. 297   2
 2 3  2.06304E+00  1.32432E-02  1.32432E-02  0.00000E+00             79.KR 36. 298   3
 2 4  4.02527E+00  1.32502E-02  1.32502E-02  0.00000E+00             79.KR 36. 299   4
 2 5  5.42552E-03  1.33554E-02  1.33554E-02  0.00000E+00             79.KR 36. 300   5
 2 6  7.78948E-03  1.33565E-02  1.33565E-02  0.00000E+00             79.KR 36. 301   6
 2 7  1.37544E-01  1.34234E-02  1.34234E-02  0.00000E+00             79.KR 36. 302   7
 2 8  2.64704E-01  1.34240E-02  1.34240E-02  0.00000E+00             79.KR 36. 303   8
 221  3.18156E-04  1.67100E-04  1.67100E-04  0.00000E+00             79.KR 36. 304  21
 222  1.79311E-03  2.15600E-04  2.15600E-04  0.00000E+00             79.KR 36. 305  22
 223  2.28734E-02  1.57738E-03  1.57738E-03  0.00000E+00             79.KR 36. 306  23
 224  4.09030E-02  1.58442E-03  1.58442E-03  0.00000E+00             79.KR 36. 307  24
 225  1.24664E-04  1.68961E-03  1.68961E-03  0.00000E+00             79.KR 36. 308  25
 226  1.85425E-04  1.69075E-03  1.69075E-03  0.00000E+00             79.KR 36. 309  26
 227  1.62469E-03  1.75761E-03  1.75761E-03  0.00000E+00             79.KR 36. 310  27
 228  2.88536E-03  1.75817E-03  1.75817E-03  0.00000E+00             79.KR 36. 311  28
 241  5.11154E-08  4.85000E-05  4.85000E-05  0.00000E+00             79.KR 36. 312  41
 242  1.18308E-01  1.35061E-03  1.35061E-03  0.00000E+00             79.KR 36. 313  42
 243  7.61303E-04  1.41732E-03  1.41732E-03  0.00000E+00             79.KR 36. 314  43
 244  5.11088E-01  1.52251E-03  1.52251E-03  0.00000E+00             79.KR 36. 315  44
 245  5.36249E-03  1.57792E-03  1.57792E-03  0.00000E+00             79.KR 36. 316  45
 246  8.38695E-06  1.59107E-03  1.59107E-03  0.00000E+00             79.KR 36. 317  46
 261  3.01349E-01  1.30211E-03  1.30211E-03  0.00000E+00             79.KR 36. 318  61
 262  9.65075E-04  1.36178E-03  1.36178E-03  0.00000E+00             79.KR 36. 319  62
 263  9.23282E-04  1.36881E-03  1.36881E-03  0.00000E+00             79.KR 36. 320  63
 264  1.03756E-01  1.47401E-03  1.47401E-03  0.00000E+00             79.KR 36. 321  64
 265  1.01611E+00  1.47515E-03  1.47515E-03  0.00000E+00             79.KR 36. 322  65
 266  1.06256E-02  1.52943E-03  1.52943E-03  0.00000E+00             79.KR 36. 323  66
 267  8.90140E-06  1.54201E-03  1.54201E-03  0.00000E+00             79.KR 36. 324  67
 268  8.44797E-06  1.54257E-03  1.54257E-03  0.00000E+00             79.KR 36. 325  68
 291  1.75859E-02  1.15511E-04  1.15511E-04  0.00000E+00             79.KR 36. 326  91
 294  6.72367E+02  1.75892E-05  1.75892E-05  0.00000E+00             79.KR 36. 327  94
 7 1  2.39284E+01  1.02029E-02  1.02029E-02  0.00000E+00             79.KR 36. 328   1
 7 2  7.31992E+00  1.16354E-02  1.16354E-02  0.00000E+00             79.KR 36. 329   2
 7 3  5.61743E-01  1.30708E-02  1.30708E-02  0.00000E+00             79.KR 36. 330   3
 7 4  2.09334E+01  9.08356E-05  9.08356E-05  0.00000E+00             79.KR 36. 331   4
 7 5  1.00384E+02  1.32089E-03  1.32089E-03  0.00000E+00             79.KR 36. 332   5
 7 6  5.95979E+00  1.41188E-03  1.41188E-03  0.00000E+00             79.KR 36. 333   6
 7 7  1.36372E-01  1.55408E-03  1.55408E-03  0.00000E+00             79.KR 36. 334   7
 7 8  1.17036E+02  5.77255E-05  5.77255E-05  0.00000E+00             79.KR 36. 335   8
 7 9  3.02614E+02  4.38608E-05  4.38608E-05  0.00000E+00             79.KR 36. 336   9
%%%%  79 KR  36    EC B+        1.26144E+05  35.04 H   02-11-2005       SEEIEND 
 


   ***************************************************** 
   *                 Radiation Summary                 * 
   ***************************************************** 
 
  Energy released by
    Gamma-ray                       (MeV) =   1.78361E-01
    X-ray                           (MeV) =   6.09455E-03
    Free-bound X-ray                (MeV) =   1.18264E-04
    Annihilation photon             (MeV) =   7.01514E-02
    Beta+ particle                  (MeV) =   1.78443E-02
    Neutrino                        (MeV) =   1.34767E+00
    Beta- particle                  (MeV) =   0.00000E+00
    Neutrino-                       (MeV) =   0.00000E+00
    Internal conv. electron         (MeV) =   8.87241E-04
    Auger and CK electron           (MeV) =   4.99807E-03
    Alpha particle                  (MeV) =   0.00000E+00
    Recoil nucleus                  (MeV) =   0.00000E+00
  E-total (except unplaced radiat.) (MeV) =   1.62612E+00
  E-unplaced radiation              (MeV) =   1.81025E-04
  Q-value from ENSDF data           (MeV) =   1.62580E+00
  Ratio of E-total/Q-value          ( % ) =   1.00020E+02
  Ratio of E-unplaced radi./Q-value ( % ) =   1.11345E-02

 
  Total yield of
    Gamma-ray                             =   4.39571E-01
    X-ray                                 =   5.24966E-01
    Free-bound X-ray                      =   6.72367E+00
    Annihilation photon                   =   1.37282E-01
    Beta+ particle                        =   6.86412E-02
    Beta- particle                        =   0.00000E+00
    Internal conv. electron               =   5.67063E-03
    Auger and CK electron                 =   5.78874E+00
    Alpha particle                        =   0.00000E+00
  Yield of unplaced radiation             =   2.46380E-04


