%%%% 140 LA  57    B-           1.44988E+05 1.6781 D   02-11-2005       BALASTAR
1 140   LA  57 1.6781 D        B-         
1INTENSITY AND ENERGY BALANCE DATA

              140-LANTHANUM-57
+                                    HALFLIFE = 1.6781 DAYS    
+                                                                  02-11-2005


    LEVEL       INTENSITY   INTENSITY
    ENERGY      ENTERING    LEAVING     PERCENT
    (MEV)       LEVEL       LEVEL       ERROR

   0.0000E+00  1.0002E+02
   1.5962E+00  9.4517E+01  9.5476E+01  1.0094E+00                      
   1.9033E+00  6.5332E-02  4.0534E-02  4.6847E+01  ********************
   2.0833E+00  4.6629E+01  4.6048E+01  1.2555E+00                      
   2.1079E+00  4.5654E-01  2.0577E+00  1.2737E+02  ********************
   2.3479E+00  5.3022E+00  5.2078E+00  1.7965E+00                      
   2.3498E+00  1.1271E+00  9.5538E-01  1.6489E+01  ********************
   2.4120E+00  4.5987E+01  4.4730E+01  2.7708E+00                      
   2.4641E+00  5.6000E+00  5.5223E+00  1.3975E+00                      
   2.4809E+00  1.1128E+00  1.1501E+00  3.2921E+00                      
   2.5158E+00  5.8363E+00  5.6352E+00  3.5065E+00                      
   2.5214E+00  1.1200E+01  1.1055E+01  1.2988E+00                      
   2.5472E+00  6.4734E-01  6.2188E-01  4.0115E+00                      
   2.8997E+00  1.1611E-01  1.0884E-01  6.4621E+00                      
   3.0011E+00  8.8367E-02  8.2163E-02  7.2758E+00                      
   3.1186E+00  2.6716E-02  2.4810E-02  7.3976E+00                      
   3.3204E+00  4.2128E-03  3.8168E-03  9.8647E+00                      
   3.3949E+00  1.5413E-02  2.4823E-02  4.6777E+01  ********************
   3.4736E+00  5.0349E-02  5.4401E-02  7.7378E+00                      
   3.5209E+00  6.1651E-03  1.3363E-02  7.3721E+01  ********************


 INTENSITY TO GROUND AND ISOMERIC STATE(S) OF DAUGHTER(S)=  1.000E+02
 TOTAL INTENSITY FROM PARENT=  1.000E+02
 PERCENT ERROR =  2.394E-02                      


 TOTAL INTENSITY FROM PARENT =  1.000E+02
 VALUE IS WITHIN   0.00E+00% OF 100                      


 TOTAL ENERGY AVAILABLE =  3.762E+00 MEV
 TOTAL ENERGY CONTENT OF ALL RADIATIONS =  3.752E+00 MEV
 PERCENT ERROR =  2.725E-01                      
%%%% 140 LA  57    B-           1.44988E+05 1.6781 D   02-11-2005       BALAEND 
%%%% 140 LA  57    B-           1.44988E+05 1.6781 D   02-11-2005       INPUSTAR
1                                      **INPUT DATA**
              140-LANTHANUM-57
+                                    HALFLIFE = 1.6781 DAYS    
+                                                                  02-11-2005

            MODE OF DECAY: BETA MINUS
 
                                MEAN
                                NUMBER/    TRANSITION
                TYPE OF    ID   TRANSFOR-  ENERGY
              TRANSITION   NO.  MATION     (MEV)       OTHER NUCLEAR PARAMETERS

               BETA MINUS   1   6.17E-05   2.410E-01*  FIRST FORBIDDEN                          
               BETA MINUS   2   5.03E-04   2.883E-01*  ALLOWED                                  
               BETA MINUS   3   1.54E-04   3.670E-01*  ALLOWED                                  
               BETA MINUS   4   4.21E-05   4.415E-01*  FIRST FORBIDDEN                          
               BETA MINUS   5   2.67E-04   6.433E-01*  FIRST FORBIDDEN                          
               BETA MINUS   6   8.84E-04   7.608E-01*  FIRST FORBIDDEN                          
               BETA MINUS   7   1.16E-03   8.622E-01*  FIRST FORBIDDEN                          
               BETA MINUS   8   6.47E-03   1.215E+00*  UNIQUE FIRST FORBIDDEN                   
               BETA MINUS   9   1.12E-01   1.240E+00*  FIRST FORBIDDEN                          
               BETA MINUS  10   5.84E-02   1.246E+00*  FIRST FORBIDDEN                          
               BETA MINUS  11   1.10E-02   1.281E+00*  FIRST FORBIDDEN                          
               BETA MINUS  12   5.60E-02   1.298E+00*  ALLOWED                                  
               BETA MINUS  13   4.52E-01   1.350E+00*  FIRST FORBIDDEN                          
               BETA MINUS  14   3.70E-03   1.412E+00*  UNIQUE FIRST FORBIDDEN                   
               BETA MINUS  15   5.07E-02   1.414E+00*  FIRST FORBIDDEN                          
               BETA MINUS  16   1.97E-01   1.679E+00*  FIRST FORBIDDEN                          
               BETA MINUS  17   2.06E-05   1.859E+00*  THIRD FORBIDDEN                          
               BETA MINUS  18   4.93E-02   2.166E+00*  FIRST FORBIDDEN                          
               BETA MINUS  19   4.11E-06   3.762E+00*  THIRD FORBIDDEN                          
           I.C.E. + GAMMA   1   2.06E-02   2.459E-02   E2 MULTIPOLE                             
+                                                                    AK= 0.0                    
                                                       AL1=0.938     AL2=232.                   
                                                       AL3=328.      AM= 126.                   
                                                       AN+=32.1                                 
           I.C.E. + GAMMA   2   7.69E-04   6.414E-02   M1 MULTIPOLE                             
+                                                                    AK= 3.72                   
                                                       AL1=0.468     AL2=0.0374                 
                                                       AL3=0.00791   AM= 0.108                  
                                                       AN+=0.0301                               
           I.C.E. + GAMMA   3   3.43E-03   6.892E-02   M1 MULTIPOLE                             
+                                                                    AK= 3.02                   
                                                       AL1=0.380     AL2=0.0301                 
                                                       AL3=0.00636   AM= 0.0875                 
                                                       AN+=0.0244                               
           I.C.E. + GAMMA   4   4.33E-03   1.094E-01   M1+E2 MULTIPOLE                          
                                                       MRS=0.0676    AK= 0.806                  
                                                       AL1=0.100     AL2=0.0182                 
                                                       AL3=0.0134    AM= 0.0279                 
                                                       AN+=0.00766                              
           I.C.E. + GAMMA   5   7.32E-03   1.311E-01   M1+E2 MULTIPOLE                          
                                                       MRS=0.0169    AK= 0.481                  
                                                       AL1=0.0601    AL2=0.00557                
                                                       AL3=0.00218   AM= 0.0143                 
                                                       AN+=0.00397                              
           I.C.E. + GAMMA   6   1.60E-03   1.735E-01   M1 MULTIPOLE                             
+                                                                    AK= 0.220                  
                                                       AL1=0.0275    AL2=0.00190                
                                                       AM= 0.00627   AN+=0.00175                
           I.C.E. + GAMMA   7   4.57E-03   2.419E-01   M1+E2 MULTIPOLE                          
                                                       MRS=0.360     AK= 0.0857                 
                                                       AL1=0.0103    AL2=0.00180                
                                                       AL3=0.00117   AM= 0.00283                
           I.C.E. + GAMMA   8   4.99E-03   2.665E-01   M1+E2 MULTIPOLE                          
                                                       MRS=0.0196    AK= 0.0610                 
                                                       AL1=0.00761   AM= 0.00173                
           I.C.E. + GAMMA   9   2.59E-04   3.069E-01   E2 MULTIPOLE                             
+                                                                    AK= 0.0365                 
                                                       AL1=0.00403   AL2=0.00173                
                                                       AL3=0.00132   AM= 0.00153                
           I.C.E. + GAMMA  10   2.13E-01   3.288E-01   M1+E2 MULTIPOLE                          
                                                       MRS=0.00240   AK= 0.0397                 
                                                       AL1=0.00494   AM= 0.00111                
           I.C.E. + GAMMA  11   7.50E-04   3.975E-01   E2 MULTIPOLE                             
+                                                                    AK= 0.0170                 
                                                       AL1=0.00193                              
           I.C.E. + GAMMA  12   2.97E-02   4.325E-01   M1+E2 MULTIPOLE                          
                                                       AK= 0.0196    AL1=0.00243                
           I.C.E. + GAMMA  13   3.97E-04   4.385E-01   E2 MULTIPOLE                             
+                                                                    AK= 0.0129                 
                                                       AL1=0.00148                              
           I.C.E. + GAMMA  14   2.90E-05   4.455E-01   E2 MULTIPOLE                             
+                                                                    AK= 0.0123                 
                                                       AL1=0.00142                              
           I.C.E. + GAMMA  15   4.60E-01   4.870E-01   E2 MULTIPOLE                             
+                                                                    AK= 0.00969                
                                                       AL1=0.00112                              
           I.C.E. + GAMMA  16   3.74E-04   6.181E-01   E2 MULTIPOLE                             
+                                                                    AK= 0.00524                
           I.C.E. + GAMMA  17   4.36E-02   7.516E-01   M1+E2 MULTIPOLE                          
                                                       MRS=0.144     AK= 0.00482                
           I.C.E. + GAMMA  18   2.34E-01   8.158E-01   M1+E2 MULTIPOLE                          
                                                       MRS=0.000900  AK= 0.00414                
           I.C.E. + GAMMA  19   5.51E-02   8.678E-01   E1+M2 MULTIPOLE                          
                                                       MRS=0.00194                              
           I.C.E. + GAMMA  20   2.67E-02   9.196E-01   M1+E2 MULTIPOLE                          
                                                       AK= 0.00224                              
           I.C.E. + GAMMA  21   6.92E-02   9.252E-01   M1+E2 MULTIPOLE                          
                                                       MRS=0.0484    AK= 0.00303                
           I.C.E. + GAMMA  22   5.21E-03   9.510E-01   M1+E2 MULTIPOLE                          
                                                       MRS=0.000100  AK= 0.00289                
           I.C.E. + GAMMA  23   1.34E-04   9.929E-01   E1 MULTIPOLE                             
           I.C.E. + GAMMA  24   2.48E-04   1.045E+00   E1 MULTIPOLE                             
           I.C.E. + GAMMA  25   2.29E-04   1.097E+00   E2 MULTIPOLE                             
+                                                                    AK= 0.00143                
           I.C.E. + GAMMA  26   4.20E-04   1.304E+00   M1 MULTIPOLE                             
+                                                                    AK= 0.00140                
           I.C.E. + GAMMA  27   5.92E-04   1.405E+00   M1 MULTIPOLE                             
+                                                                    AK= 0.00118                
           I.C.E. + GAMMA  28   9.55E-01   1.596E+00   E2 MULTIPOLE                             
           I.C.E. + GAMMA  29   4.10E-04   1.877E+00   E1 MULTIPOLE                             
           I.C.E. + GAMMA  30   1.46E-04   1.904E+00   E0 MULTIPOLE                             
                                                       K/L1/M/N+ =                              
                                                       100./12.5/2.61/0.718                     
           I.C.E. + GAMMA  31   1.34E-04   1.925E+00   E2 MULTIPOLE                             
           I.C.E. + GAMMA  32   1.16E-04   2.083E+00   E4 MULTIPOLE                             
+                                                                    AK= 0.00117                
           I.C.E. + GAMMA  33   8.49E-03   2.348E+00   E2 MULTIPOLE                             
           I.C.E. + GAMMA  34   1.15E-04   2.464E+00   E3 MULTIPOLE                             
           I.C.E. + GAMMA  35   3.46E-02   2.521E+00   E2 MULTIPOLE                             
           I.C.E. + GAMMA  36   1.01E-03   2.547E+00   M1 MULTIPOLE                             
           I.C.E. + GAMMA  37   6.68E-04   2.900E+00   E2 MULTIPOLE                             
           I.C.E. + GAMMA  38   2.48E-04   3.119E+00   E2 MULTIPOLE                             
           I.C.E. + GAMMA  39   3.82E-05   3.320E+00   E2 MULTIPOLE                             
 
           * ENDPOINT ENERGY (MEV)
           - - - - - - - - - -
           Reference: Evaluated Nuclear Structure Data File (ENSDF)
                DATE DATA WERE ENTERED INTO ENSDF: Jan-1995
%%%% 140 LA  57    B-           1.44988E+05 1.6781 D   02-11-2005       INPUEND 
%%%% 140 LA  57    B-           1.44988E+05 1.6781 D   02-11-2005       OUTPSTAR
1                                      **OUTPUT DATA**
              140-LANTHANUM-57
+                                    HALFLIFE = 1.6781 DAYS    
+                                                                  02-11-2005

            MODE OF DECAY: BETA MINUS
 
                                              MEAN
                                              NUMBER/                  MEV/
                                         ID   TRANSFOR-   ENERGY       TRANSFOR-
                  TYPE OF RADIATION      NO.  MATION      (MEV)        MATION

           BETA MINUS                     8   6.47E-03    4.388E-01*   2.84E-03
           BETA MINUS                     9   1.12E-01    4.418E-01*   4.95E-02
           BETA MINUS                    10   5.84E-02    4.442E-01*   2.59E-02
           BETA MINUS                    11   1.10E-02    4.588E-01*   5.04E-03
           BETA MINUS                    12   5.60E-02    4.659E-01*   2.61E-02
           BETA MINUS                    13   4.52E-01    4.880E-01*   2.21E-01
           BETA MINUS                    14   3.70E-03    5.192E-01*   1.92E-03
           BETA MINUS                    15   5.07E-02    5.154E-01*   2.61E-02
           BETA MINUS                    16   1.97E-01    6.301E-01*   1.24E-01
           BETA MINUS                    18   4.93E-02    8.468E-01*   4.18E-02
           GAMMA-RAY                     10   2.03E-01    3.288E-01    6.68E-02
           K CONV. ELECTRON, GAMMA-RAY   10   8.06E-03    2.883E-01    2.32E-03
           GAMMA-RAY                     12   2.90E-02    4.325E-01    1.25E-02
           GAMMA-RAY                     15   4.55E-01    4.870E-01    2.22E-01
           K CONV. ELECTRON, GAMMA-RAY   15   4.41E-03    4.466E-01    1.97E-03
           GAMMA-RAY                     17   4.33E-02    7.516E-01    3.26E-02
           GAMMA-RAY                     18   2.33E-01    8.158E-01    1.90E-01
           K CONV. ELECTRON, GAMMA-RAY   18   9.65E-04    7.753E-01    7.48E-04
           GAMMA-RAY                     19   5.50E-02    8.678E-01    4.78E-02
           GAMMA-RAY                     20   2.66E-02    9.196E-01    2.45E-02
           GAMMA-RAY                     21   6.90E-02    9.252E-01    6.38E-02
           GAMMA-RAY                     22   5.19E-03    9.510E-01    4.94E-03
           GAMMA-RAY                     28   9.54E-01    1.596E+00    1.52E+00
           K CONV. ELECTRON, GAMMA-RAY   28   6.52E-04    1.556E+00    1.01E-03
           GAMMA-RAY                     33   8.49E-03    2.348E+00    1.99E-02
           GAMMA-RAY                     35   3.46E-02    2.521E+00    8.73E-02
           GAMMA-RAY                     36   1.01E-03    2.547E+00    2.58E-03
 
           ALL LISTED X-RAYS, GAMMA-RAYS AND ANNIHILATION RADIATION    2.30E+00
           ALL NEGLECTED X-RAYS, GAMMA-RAYS AND ANNIH. RADIATION**     1.14E-02
           ALL LISTED BETAS, INTERNAL CONVERSION AND AUGER ELECTRONS   5.30E-01
           ALL NEGLECTED BETAS, INT. CONVERSION AND AUGER ELECTRONS**  4.39E-03
           ALL LISTED RADIATIONS                                       2.83E+00
           ALL NEGLECTED RADIATIONS**                                  1.57E-02
 
           *  AVERAGE ENERGY (MEV)
           ** EACH NEGLECTED TRANSITION CONTRIBUTES LESS THAN  0.100%
              TO THE TOTAL MEV/TRANSFORMATION FOR THIS CATEGORY.
           TOTAL FEEDING OF GROUND STATE LEVEL IN 140-CERIUM
             DAUGHTER IS 1.0000E+00 PER TRANSFORMATION OF 140-LANTHANUM.
             THIS DAUGHTER GROUND STATE IS STABLE.
           - - - - - - - - - -
           INPUT DATA SOURCE: EVALUATED NUCLEAR STRUCTURE DATA FILE (ENSDF)
             DATE INPUT DATA WERE ENTERED INTO ENSDF: Jan-1995
%%%% 140 LA  57    B-           1.44988E+05 1.6781 D   02-11-2005       OUTPEND 
%%%% 140 LA  57    B-           1.44988E+05 1.6781 D   02-11-2005       BETASTAR
1
              140-LANTHANUM-57
+                                    HALFLIFE = 1.6781 DAYS    
+                                                                  02-11-2005

            BETA SPECTRUM DATA FOR ALL DECAY BRANCHES

                      BETAS PER                BETAS PER                BETAS PER
            ENERGY    MEV            ENERGY    MEV            ENERGY    MEV
            (MEV)     PER DECAY      (MEV)     PER DECAY      (MEV)     PER DECAY

            0.00000   8.037E-01      0.00320   8.049E-01      0.12000   9.468E-01
            0.00010   8.037E-01      0.00360   8.050E-01      0.13000   9.581E-01
            0.00011   8.037E-01      0.00400   8.051E-01      0.14000   9.690E-01
            0.00012   8.037E-01      0.00450   8.053E-01      0.15000   9.795E-01
            0.00013   8.037E-01      0.00500   8.055E-01      0.16000   9.897E-01
            0.00014   8.037E-01      0.00550   8.057E-01      0.18000   1.009E+00
            0.00015   8.037E-01      0.00600   8.059E-01      0.20000   1.027E+00
            0.00016   8.037E-01      0.00650   8.060E-01      0.22000   1.043E+00
            0.00018   8.037E-01      0.00700   8.062E-01      0.24000   1.057E+00
            0.00020   8.037E-01      0.00750   8.064E-01      0.26000   1.070E+00
            0.00022   8.038E-01      0.00800   8.066E-01      0.28000   1.081E+00
            0.00024   8.038E-01      0.00850   8.067E-01      0.30000   1.091E+00
            0.00026   8.038E-01      0.00900   8.069E-01      0.32000   1.098E+00
            0.00028   8.038E-01      0.01000   8.072E-01      0.36000   1.107E+00
            0.00030   8.038E-01      0.01100   8.092E-01      0.40000   1.109E+00
            0.00032   8.038E-01      0.01200   8.106E-01      0.45000   1.100E+00
            0.00036   8.038E-01      0.01300   8.120E-01      0.50000   1.080E+00
            0.00040   8.038E-01      0.01400   8.134E-01      0.55000   1.048E+00
            0.00045   8.038E-01      0.01500   8.148E-01      0.60000   1.007E+00
            0.00050   8.039E-01      0.01600   8.161E-01      0.65000   9.556E-01
            0.00055   8.039E-01      0.01800   8.189E-01      0.70000   8.960E-01
            0.00060   8.039E-01      0.02000   8.216E-01      0.75000   8.291E-01
            0.00065   8.039E-01      0.02200   8.244E-01      0.80000   7.562E-01
            0.00070   8.039E-01      0.02400   8.271E-01      0.85000   6.787E-01
            0.00075   8.040E-01      0.02600   8.298E-01      0.90000   5.983E-01
            0.00080   8.040E-01      0.02800   8.325E-01      1.00000   4.356E-01
            0.00085   8.040E-01      0.03000   8.351E-01      1.10000   2.844E-01
            0.00090   8.040E-01      0.03200   8.378E-01      1.20000   1.631E-01
            0.00100   8.040E-01      0.03600   8.431E-01      1.30000   8.882E-02
            0.00110   8.041E-01      0.04000   8.483E-01      1.40000   5.526E-02
            0.00120   8.041E-01      0.04500   8.548E-01      1.50000   3.335E-02
            0.00130   8.042E-01      0.05000   8.613E-01      1.60000   1.777E-02
            0.00140   8.042E-01      0.05500   8.677E-01      1.80000   7.191E-03
            0.00150   8.042E-01      0.06000   8.741E-01      2.00000   1.710E-03
            0.00160   8.043E-01      0.06500   8.804E-01      2.20000   1.307E-06
            0.00180   8.043E-01      0.07000   8.867E-01      2.40000   1.203E-06
            0.00200   8.044E-01      0.07500   8.930E-01      2.60000   1.075E-06
            0.00220   8.045E-01      0.08000   8.992E-01      2.80000   9.188E-07
            0.00240   8.046E-01      0.08500   9.054E-01      3.00000   7.308E-07
            0.00260   8.046E-01      0.09000   9.115E-01      3.20000   5.115E-07
            0.00280   8.047E-01      0.10000   9.235E-01      3.60000   7.269E-08
            0.00300   8.048E-01      0.11000   9.353E-01      3.76190   0.000E+00

            AVERAGE BETA ENERGY =   5.248E-01

            TOTAL BETAS PER DECAY FOR ALL BRANCHES =   1.000E+00
%%%% 140 LA  57    B-           1.44988E+05 1.6781 D   02-11-2005       BETAEND 
%%%% 140 LA  57    B-           1.44988E+05 1.6781 D   02-11-2005       SEEISTAR
140.  LANTHANUM    57.  1.678E+00 DAYS     357 B-                   140.LA 57.   0
 5 1  6.16513E-03  6.70545E-02  2.41030E-01  0.00000E+00            140.LA 57.   1   1
 5 2  5.03486E-02  8.17149E-02  2.88330E-01  0.00000E+00            140.LA 57.   2   2
 5 3  1.54128E-02  1.07070E-01  3.67040E-01  0.00000E+00            140.LA 57.   3   3
 5 4  4.21284E-03  1.32067E-01  4.41500E-01  0.00000E+00            140.LA 57.   4   4
 5 5  2.67156E-02  2.04048E-01  6.43350E-01  0.00000E+00            140.LA 57.   5   5
 5 6  8.83669E-02  2.48294E-01  7.60780E-01  0.00000E+00            140.LA 57.   6   6
 5 7  1.16110E-01  2.87677E-01  8.62240E-01  0.00000E+00            140.LA 57.   7   7
 5 8  6.47339E-01  4.38782E-01  1.21467E+00  1.00000E+00            140.LA 57.   8   8
 5 9  1.12000E+01  4.41770E-01  1.24047E+00  0.00000E+00            140.LA 57.   9   9
 510  5.83633E+00  4.44150E-01  1.24614E+00  0.00000E+00            140.LA 57.  10  10
 511  1.09945E+00  4.58811E-01  1.28097E+00  0.00000E+00            140.LA 57.  11  11
 512  5.60000E+00  4.65927E-01  1.29782E+00  0.00000E+00            140.LA 57.  12  12
 513  4.52110E+01  4.88006E-01  1.34989E+00  0.00000E+00            140.LA 57.  13  13
 514  3.69908E-01  5.19165E-01  1.41209E+00  1.00000E+00            140.LA 57.  14  14
 515  5.06568E+00  5.15376E-01  1.41402E+00  0.00000E+00            140.LA 57.  15  15
 516  1.97284E+01  6.30107E-01  1.67864E+00  0.00000E+00            140.LA 57.  16  16
 517  2.05504E-03  7.22373E-01  1.85858E+00  2.00000E+00            140.LA 57.  17  17
 518  4.93211E+00  8.46820E-01  2.16567E+00  0.00000E+00            140.LA 57.  18  18
 519  4.11009E-04  1.56478E+00  3.76190E+00  2.00000E+00            140.LA 57.  19  19
 1 1  2.86200E-03  2.45950E-02  2.45950E-02  0.00000E+00            140.LA 57.  20   1
 6 5  2.68338E-03  1.80817E-02  1.80817E-02  1.00000E+00            140.LA 57.  21   5
 6 6  6.62868E-01  1.84297E-02  1.84297E-02  1.00000E+00            140.LA 57.  22   6
 6 7  9.37761E-01  1.88822E-02  1.88822E-02  1.00000E+00            140.LA 57.  23   7
 6 3  3.59635E-01  2.34245E-02  2.34245E-02  1.00000E+00            140.LA 57.  24   3
 6 4  9.19315E-02  2.45950E-02  2.45950E-02  1.00000E+00            140.LA 57.  25   4
 1 2  1.43100E-02  6.41350E-02  6.41350E-02  0.00000E+00            140.LA 57.  26   2
 6 1  5.32962E-02  2.36790E-02  2.36790E-02  2.00000E+00            140.LA 57.  27   1
 6 5  6.70210E-03  5.76217E-02  5.76217E-02  2.00000E+00            140.LA 57.  28   5
 6 6  5.35137E-04  5.79697E-02  5.79697E-02  2.00000E+00            140.LA 57.  29   6
 6 7  1.13234E-04  5.84222E-02  5.84222E-02  2.00000E+00            140.LA 57.  30   7
 6 3  1.54426E-03  6.29645E-02  6.29645E-02  2.00000E+00            140.LA 57.  31   3
 6 4  4.30056E-04  6.41350E-02  6.41350E-02  2.00000E+00            140.LA 57.  32   4
 1 3  7.53660E-02  6.89160E-02  6.89160E-02  0.00000E+00            140.LA 57.  33   3
 6 1  2.27565E-01  2.84600E-02  2.84600E-02  3.00000E+00            140.LA 57.  34   1
 6 5  2.86344E-02  6.24027E-02  6.24027E-02  3.00000E+00            140.LA 57.  35   5
 6 6  2.26987E-03  6.27507E-02  6.27507E-02  3.00000E+00            140.LA 57.  36   6
 6 7  4.79251E-04  6.32032E-02  6.32032E-02  3.00000E+00            140.LA 57.  37   7
 6 3  6.59769E-03  6.77455E-02  6.77455E-02  3.00000E+00            140.LA 57.  38   3
 6 4  1.83604E-03  6.89160E-02  6.89160E-02  3.00000E+00            140.LA 57.  39   4
 1 4  2.19420E-01  1.09422E-01  1.09422E-01  0.00000E+00            140.LA 57.  40   4
 6 1  1.76791E-01  6.89660E-02  6.89660E-02  4.00000E+00            140.LA 57.  41   1
 6 5  2.18572E-02  1.02909E-01  1.02909E-01  4.00000E+00            140.LA 57.  42   5
 6 6  3.98912E-03  1.03257E-01  1.03257E-01  4.00000E+00            140.LA 57.  43   6
 6 7  2.93026E-03  1.03709E-01  1.03709E-01  4.00000E+00            140.LA 57.  44   7
 6 3  6.12024E-03  1.08251E-01  1.08251E-01  4.00000E+00            140.LA 57.  45   3
 6 4  1.68173E-03  1.09422E-01  1.09422E-01  4.00000E+00            140.LA 57.  46   4
 1 5  4.67460E-01  1.31117E-01  1.31117E-01  0.00000E+00            140.LA 57.  47   5
 6 1  2.24633E-01  9.06610E-02  9.06610E-02  5.00000E+00            140.LA 57.  48   1
 6 5  2.80986E-02  1.24604E-01  1.24604E-01  5.00000E+00            140.LA 57.  49   5
 6 6  2.60198E-03  1.24952E-01  1.24952E-01  5.00000E+00            140.LA 57.  50   6
 6 7  1.01819E-03  1.25404E-01  1.25404E-01  5.00000E+00            140.LA 57.  51   7
 6 3  6.66672E-03  1.29947E-01  1.29947E-01  5.00000E+00            140.LA 57.  52   3
 6 4  1.85554E-03  1.31117E-01  1.31117E-01  5.00000E+00            140.LA 57.  53   4
 1 6  1.26882E-01  1.73543E-01  1.73543E-01  0.00000E+00            140.LA 57.  54   6
 6 1  2.78687E-02  1.33087E-01  1.33087E-01  6.00000E+00            140.LA 57.  55   1
 6 5  3.49422E-03  1.67030E-01  1.67030E-01  6.00000E+00            140.LA 57.  56   5
 6 6  2.41094E-04  1.67378E-01  1.67378E-01  6.00000E+00            140.LA 57.  57   6
 6 7  5.02848E-05  1.67830E-01  1.67830E-01  6.00000E+00            140.LA 57.  58   7
 6 3  7.96114E-04  1.72373E-01  1.72373E-01  6.00000E+00            140.LA 57.  59   3
 6 4  2.22010E-04  1.73543E-01  1.73543E-01  6.00000E+00            140.LA 57.  60   4
 1 7  4.14036E-01  2.41930E-01  2.41930E-01  0.00000E+00            140.LA 57.  61   7
 6 1  3.54934E-02  2.01474E-01  2.01474E-01  7.00000E+00            140.LA 57.  62   1
 6 5  4.28435E-03  2.35417E-01  2.35417E-01  7.00000E+00            140.LA 57.  63   5
 6 6  7.45966E-04  2.35765E-01  2.35765E-01  7.00000E+00            140.LA 57.  64   6
 6 7  4.85178E-04  2.36217E-01  2.36217E-01  7.00000E+00            140.LA 57.  65   7
 6 3  1.17044E-03  2.40760E-01  2.40760E-01  7.00000E+00            140.LA 57.  66   3
 6 4  3.22517E-04  2.41930E-01  2.41930E-01  7.00000E+00            140.LA 57.  67   4
 1 8  4.65552E-01  2.66543E-01  2.66543E-01  0.00000E+00            140.LA 57.  68   8
 6 1  2.84055E-02  2.26087E-01  2.26087E-01  8.00000E+00            140.LA 57.  69   1
 6 5  3.54199E-03  2.60030E-01  2.60030E-01  8.00000E+00            140.LA 57.  70   5
 6 6  2.42452E-04  2.60378E-01  2.60378E-01  8.00000E+00            140.LA 57.  71   6
 6 7  6.58710E-05  2.60830E-01  2.60830E-01  8.00000E+00            140.LA 57.  72   7
 6 3  8.05781E-04  2.65373E-01  2.65373E-01  8.00000E+00            140.LA 57.  73   3
 6 4  2.25382E-04  2.66543E-01  2.66543E-01  8.00000E+00            140.LA 57.  74   4
 1 9  2.48040E-02  3.06900E-01  3.06900E-01  0.00000E+00            140.LA 57.  75   9
 6 1  9.06470E-04  2.66444E-01  2.66444E-01  9.00000E+00            140.LA 57.  76   1
 6 5  9.99466E-05  3.00387E-01  3.00387E-01  9.00000E+00            140.LA 57.  77   5
 6 6  4.29464E-05  3.00735E-01  3.00735E-01  9.00000E+00            140.LA 57.  78   6
 6 7  3.27633E-05  3.01187E-01  3.01187E-01  9.00000E+00            140.LA 57.  79   7
 6 3  3.78777E-05  3.05730E-01  3.05730E-01  9.00000E+00            140.LA 57.  80   3
 6 4  1.02434E-05  3.06900E-01  3.06900E-01  9.00000E+00            140.LA 57.  81   4
 110  2.03202E+01  3.28762E-01  3.28762E-01  0.00000E+00            140.LA 57.  82  10
 6 1  8.06334E-01  2.88306E-01  2.88306E-01  1.00000E+01            140.LA 57.  83   1
 6 5  1.00440E-01  3.22249E-01  3.22249E-01  1.00000E+01            140.LA 57.  84   5
 6 6  5.92667E-03  3.22597E-01  3.22597E-01  1.00000E+01            140.LA 57.  85   6
 6 7  1.29101E-03  3.23049E-01  3.23049E-01  1.00000E+01            140.LA 57.  86   7
 6 3  2.24589E-02  3.27592E-01  3.27592E-01  1.00000E+01            140.LA 57.  87   3
 6 4  6.29608E-03  3.28762E-01  3.28762E-01  1.00000E+01            140.LA 57.  88   4
 111  7.34580E-02  3.97520E-01  3.97520E-01  0.00000E+00            140.LA 57.  89  11
 6 1  1.25036E-03  3.57064E-01  3.57064E-01  1.10000E+01            140.LA 57.  90   1
 6 5  1.41987E-04  3.91007E-01  3.91007E-01  1.10000E+01            140.LA 57.  91   5
 6 6  4.30052E-05  3.91355E-01  3.91355E-01  1.10000E+01            140.LA 57.  92   6
 6 7  3.00861E-05  3.91807E-01  3.91807E-01  1.10000E+01            140.LA 57.  93   7
 6 3  4.60069E-05  3.96350E-01  3.96350E-01  1.10000E+01            140.LA 57.  94   3
 6 4  1.25408E-05  3.97520E-01  3.97520E-01  1.10000E+01            140.LA 57.  95   4
 112  2.90016E+00  4.32493E-01  4.32493E-01  0.00000E+00            140.LA 57.  96  12
 6 1  5.69348E-02  3.92037E-01  3.92037E-01  1.20000E+01            140.LA 57.  97   1
 6 5  7.05690E-03  4.25980E-01  4.25980E-01  1.20000E+01            140.LA 57.  98   5
 6 6  3.77916E-04  4.26328E-01  4.26328E-01  1.20000E+01            140.LA 57.  99   6
 6 7  8.22084E-05  4.26780E-01  4.26780E-01  1.20000E+01            140.LA 57. 100   7
 6 3  1.57291E-03  4.31323E-01  4.31323E-01  1.20000E+01            140.LA 57. 101   3
 6 4  4.39453E-04  4.32493E-01  4.32493E-01  1.20000E+01            140.LA 57. 102   4
 113  3.91140E-02  4.38500E-01  4.38500E-01  0.00000E+00            140.LA 57. 103  13
 6 1  5.04580E-04  3.98044E-01  3.98044E-01  1.30000E+01            140.LA 57. 104   1
 6 5  5.78170E-05  4.31987E-01  4.31987E-01  1.30000E+01            140.LA 57. 105   5
 6 6  1.53312E-05  4.32335E-01  4.32335E-01  1.30000E+01            140.LA 57. 106   6
 6 7  1.04019E-05  4.32787E-01  4.32787E-01  1.30000E+01            140.LA 57. 107   7
 6 3  1.78245E-05  4.37330E-01  4.37330E-01  1.30000E+01            140.LA 57. 108   3
 6 4  4.87062E-06  4.38500E-01  4.38500E-01  1.30000E+01            140.LA 57. 109   4
 114  2.86200E-03  4.45500E-01  4.45500E-01  0.00000E+00            140.LA 57. 110  14
 6 1  3.53300E-05  4.05044E-01  4.05044E-01  1.40000E+01            140.LA 57. 111   1
 6 5  4.05376E-06  4.38987E-01  4.38987E-01  1.40000E+01            140.LA 57. 112   5
 6 6  1.05205E-06  4.39335E-01  4.39335E-01  1.40000E+01            140.LA 57. 113   6
 6 7  7.10355E-07  4.39787E-01  4.39787E-01  1.40000E+01            140.LA 57. 114   7
 6 3  1.24030E-06  4.44330E-01  4.44330E-01  1.40000E+01            140.LA 57. 115   3
 6 4  3.39043E-07  4.45500E-01  4.45500E-01  1.40000E+01            140.LA 57. 116   4
 115  4.55058E+01  4.87021E-01  4.87021E-01  0.00000E+00            140.LA 57. 117  15
 6 1  4.40781E-01  4.46565E-01  4.46565E-01  1.50000E+01            140.LA 57. 118   1
 6 5  5.09356E-02  4.80508E-01  4.80508E-01  1.50000E+01            140.LA 57. 119   5
 6 6  1.16969E-02  4.80856E-01  4.80856E-01  1.50000E+01            140.LA 57. 120   6
 6 7  7.68735E-03  4.81308E-01  4.81308E-01  1.50000E+01            140.LA 57. 121   7
 6 3  1.49586E-02  4.85851E-01  4.85851E-01  1.50000E+01            140.LA 57. 122   3
 6 4  4.09703E-03  4.87021E-01  4.87021E-01  1.50000E+01            140.LA 57. 123   4
 116  3.72060E-02  6.18120E-01  6.18120E-01  0.00000E+00            140.LA 57. 124  16
 6 1  1.94967E-04  5.77664E-01  5.77664E-01  1.60000E+01            140.LA 57. 125   1
 6 5  2.28703E-05  6.11607E-01  6.11607E-01  1.60000E+01            140.LA 57. 126   5
 6 6  3.77400E-06  6.11955E-01  6.11955E-01  1.60000E+01            140.LA 57. 127   6
 6 7  2.32371E-06  6.12407E-01  6.12407E-01  1.60000E+01            140.LA 57. 128   7
 6 3  6.12306E-06  6.16949E-01  6.16949E-01  1.60000E+01            140.LA 57. 129   3
 6 4  1.68450E-06  6.18120E-01  6.18120E-01  1.60000E+01            140.LA 57. 130   4
 117  4.33116E+00  7.51637E-01  7.51637E-01  0.00000E+00            140.LA 57. 131  17
 6 1  2.08568E-02  7.11181E-01  7.11181E-01  1.70000E+01            140.LA 57. 132   1
 6 5  2.55862E-03  7.45124E-01  7.45124E-01  1.70000E+01            140.LA 57. 133   5
 6 6  1.27032E-04  7.45472E-01  7.45472E-01  1.70000E+01            140.LA 57. 134   6
 6 7  4.01594E-05  7.45924E-01  7.45924E-01  1.70000E+01            140.LA 57. 135   7
 6 3  5.69111E-04  7.50467E-01  7.50467E-01  1.70000E+01            140.LA 57. 136   3
 6 4  1.58806E-04  7.51637E-01  7.51637E-01  1.70000E+01            140.LA 57. 137   4
 118  2.32776E+01  8.15772E-01  8.15772E-01  0.00000E+00            140.LA 57. 138  18
 6 1  9.64696E-02  7.75316E-01  7.75316E-01  1.80000E+01            140.LA 57. 139   1
 6 5  1.18606E-02  8.09259E-01  8.09259E-01  1.80000E+01            140.LA 57. 140   5
 6 6  4.89436E-04  8.09607E-01  8.09607E-01  1.80000E+01            140.LA 57. 141   6
 6 7  1.22280E-04  8.10059E-01  8.10059E-01  1.80000E+01            140.LA 57. 142   7
 6 3  2.60132E-03  8.14601E-01  8.14601E-01  1.80000E+01            140.LA 57. 143   3
 6 4  7.26002E-04  8.15772E-01  8.15772E-01  1.80000E+01            140.LA 57. 144   4
 119  5.50458E+00  8.67846E-01  8.67846E-01  0.00000E+00            140.LA 57. 145  19
 6 1  5.38917E-03  8.27390E-01  8.27390E-01  1.90000E+01            140.LA 57. 146   1
 6 5  6.28423E-04  8.61333E-01  8.61333E-01  1.90000E+01            140.LA 57. 147   5
 6 6  2.18651E-05  8.61681E-01  8.61681E-01  1.90000E+01            140.LA 57. 148   6
 6 7  2.68295E-05  8.62133E-01  8.62133E-01  1.90000E+01            140.LA 57. 149   7
 6 3  1.40521E-04  8.66676E-01  8.66676E-01  1.90000E+01            140.LA 57. 150   3
 6 4  3.91555E-05  8.67846E-01  8.67846E-01  1.90000E+01            140.LA 57. 151   4
 120  2.66166E+00  9.19550E-01  9.19550E-01  0.00000E+00            140.LA 57. 152  20
 6 1  5.94987E-03  8.79094E-01  8.79094E-01  2.00000E+01            140.LA 57. 153   1
 6 5  7.30246E-04  9.13037E-01  9.13037E-01  2.00000E+01            140.LA 57. 154   5
 6 6  2.84777E-05  9.13385E-01  9.13385E-01  2.00000E+01            140.LA 57. 155   6
 6 7  7.41227E-06  9.13837E-01  9.13837E-01  2.00000E+01            140.LA 57. 156   7
 6 3  1.59772E-04  9.18380E-01  9.18380E-01  2.00000E+01            140.LA 57. 157   3
 6 4  4.45347E-05  9.19550E-01  9.19550E-01  2.00000E+01            140.LA 57. 158   4
 121  6.89742E+00  9.25189E-01  9.25189E-01  0.00000E+00            140.LA 57. 159  21
 6 1  2.09235E-02  8.84733E-01  8.84733E-01  2.10000E+01            140.LA 57. 160   1
 6 5  2.56529E-03  9.18676E-01  9.18676E-01  2.10000E+01            140.LA 57. 161   5
 6 6  1.04091E-04  9.19024E-01  9.19024E-01  2.10000E+01            140.LA 57. 162   6
 6 7  2.94786E-05  9.19476E-01  9.19476E-01  2.10000E+01            140.LA 57. 163   7
 6 3  5.62937E-04  9.24019E-01  9.24019E-01  2.10000E+01            140.LA 57. 164   3
 6 4  1.56888E-04  9.25189E-01  9.25189E-01  2.10000E+01            140.LA 57. 165   4
 122  5.18976E-01  9.50990E-01  9.50990E-01  0.00000E+00            140.LA 57. 166  22
 6 1  1.49942E-03  9.10534E-01  9.10534E-01  2.20000E+01            140.LA 57. 167   1
 6 5  1.83931E-04  9.44477E-01  9.44477E-01  2.20000E+01            140.LA 57. 168   5
 6 6  7.05972E-06  9.44825E-01  9.44825E-01  2.20000E+01            140.LA 57. 169   6
 6 7  1.86275E-06  9.45277E-01  9.45277E-01  2.20000E+01            140.LA 57. 170   7
 6 3  4.02186E-05  9.49820E-01  9.49820E-01  2.20000E+01            140.LA 57. 171   3
 6 4  1.12071E-05  9.50990E-01  9.50990E-01  2.20000E+01            140.LA 57. 172   4
 123  1.33560E-02  9.92900E-01  9.92900E-01  0.00000E+00            140.LA 57. 173  23
 6 1  9.93551E-06  9.52444E-01  9.52444E-01  2.30000E+01            140.LA 57. 174   1
 6 5  1.15860E-06  9.86387E-01  9.86387E-01  2.30000E+01            140.LA 57. 175   5
 6 6  3.54030E-08  9.86735E-01  9.86735E-01  2.30000E+01            140.LA 57. 176   6
 6 7  4.59534E-08  9.87187E-01  9.87187E-01  2.30000E+01            140.LA 57. 177   7
 6 3  2.56929E-07  9.91730E-01  9.91730E-01  2.30000E+01            140.LA 57. 178   3
 6 4  7.17007E-08  9.92900E-01  9.92900E-01  2.30000E+01            140.LA 57. 179   4
 124  2.48040E-02  1.04505E+00  1.04505E+00  0.00000E+00            140.LA 57. 180  24
 6 1  1.67691E-05  1.00459E+00  1.00459E+00  2.40000E+01            140.LA 57. 181   1
 6 5  1.95654E-06  1.03854E+00  1.03854E+00  2.40000E+01            140.LA 57. 182   5
 6 6  5.72597E-08  1.03888E+00  1.03888E+00  2.40000E+01            140.LA 57. 183   6
 6 7  7.51735E-08  1.03934E+00  1.03934E+00  2.40000E+01            140.LA 57. 184   7
 6 3  4.32699E-07  1.04388E+00  1.04388E+00  2.40000E+01            140.LA 57. 185   3
 6 4  1.18853E-07  1.04505E+00  1.04505E+00  2.40000E+01            140.LA 57. 186   4
 125  2.28960E-02  1.09720E+00  1.09720E+00  0.00000E+00            140.LA 57. 187  25
 6 1  3.26396E-05  1.05674E+00  1.05674E+00  2.50000E+01            140.LA 57. 188   1
 6 5  3.88447E-06  1.09069E+00  1.09069E+00  2.50000E+01            140.LA 57. 189   5
 6 6  2.93140E-07  1.09103E+00  1.09103E+00  2.50000E+01            140.LA 57. 190   6
 6 7  1.67970E-07  1.09149E+00  1.09149E+00  2.50000E+01            140.LA 57. 191   7
 6 3  9.09289E-07  1.09603E+00  1.09603E+00  2.50000E+01            140.LA 57. 192   3
 6 4  2.46851E-07  1.09720E+00  1.09720E+00  2.50000E+01            140.LA 57. 193   4
 126  4.19760E-02  1.30350E+00  1.30350E+00  0.00000E+00            140.LA 57. 194  26
 6 1  5.86845E-05  1.26304E+00  1.26304E+00  2.60000E+01            140.LA 57. 195   1
 6 5  7.16162E-06  1.29699E+00  1.29699E+00  2.60000E+01            140.LA 57. 196   5
 6 6  2.34442E-07  1.29733E+00  1.29733E+00  2.60000E+01            140.LA 57. 197   6
 6 7  7.26145E-08  1.29779E+00  1.29779E+00  2.60000E+01            140.LA 57. 198   7
 6 3  1.55890E-06  1.30233E+00  1.30233E+00  2.60000E+01            140.LA 57. 199   3
 6 4  4.28896E-07  1.30350E+00  1.30350E+00  2.60000E+01            140.LA 57. 200   4
 127  5.91480E-02  1.40520E+00  1.40520E+00  0.00000E+00            140.LA 57. 201  27
 6 1  6.98099E-05  1.36474E+00  1.36474E+00  2.70000E+01            140.LA 57. 202   1
 6 5  8.50341E-06  1.39869E+00  1.39869E+00  2.70000E+01            140.LA 57. 203   5
 6 6  2.67317E-07  1.39903E+00  1.39903E+00  2.70000E+01            140.LA 57. 204   6
 6 7  8.69204E-08  1.39949E+00  1.39949E+00  2.70000E+01            140.LA 57. 205   7
 6 3  1.84953E-06  1.40403E+00  1.40403E+00  2.70000E+01            140.LA 57. 206   3
 6 4  5.08246E-07  1.40520E+00  1.40520E+00  2.70000E+01            140.LA 57. 207   4
 128  9.54000E+01  1.59621E+00  1.59621E+00  0.00000E+00            140.LA 57. 208  28
 6 1  6.52205E-02  1.55575E+00  1.55575E+00  2.80000E+01            140.LA 57. 209   1
 6 5  7.77102E-03  1.58970E+00  1.58970E+00  2.80000E+01            140.LA 57. 210   5
 6 6  3.60213E-04  1.59004E+00  1.59004E+00  2.80000E+01            140.LA 57. 211   6
 6 7  2.15460E-04  1.59050E+00  1.59050E+00  2.80000E+01            140.LA 57. 212   7
 6 3  1.73671E-03  1.59504E+00  1.59504E+00  2.80000E+01            140.LA 57. 213   3
 6 4  4.60506E-04  1.59621E+00  1.59621E+00  2.80000E+01            140.LA 57. 214   4
 129  4.10220E-02  1.87729E+00  1.87729E+00  0.00000E+00            140.LA 57. 215  29
 6 1  1.01636E-05  1.83683E+00  1.83683E+00  2.90000E+01            140.LA 57. 216   1
 6 5  1.19034E-06  1.87078E+00  1.87078E+00  2.90000E+01            140.LA 57. 217   5
 6 6  2.14950E-08  1.87112E+00  1.87112E+00  2.90000E+01            140.LA 57. 218   6
 6 7  3.43860E-08  1.87158E+00  1.87158E+00  2.90000E+01            140.LA 57. 219   7
 6 3  2.60167E-07  1.87612E+00  1.87612E+00  2.90000E+01            140.LA 57. 220   3
 6 4  6.82853E-08  1.87729E+00  1.87729E+00  2.90000E+01            140.LA 57. 221   4
 130  0.00000E+00  1.90350E+00  1.90350E+00  0.00000E+00            140.LA 57. 222  30
 6 1  1.26074E-02  1.86304E+00  1.86304E+00  3.00000E+01            140.LA 57. 223   1
 6 5  1.57293E-03  1.89699E+00  1.89699E+00  3.00000E+01            140.LA 57. 224   5
 6 3  3.29126E-04  1.90233E+00  1.90233E+00  3.00000E+01            140.LA 57. 225   3
 6 4  9.05466E-05  1.90350E+00  1.90350E+00  3.00000E+01            140.LA 57. 226   4
 131  1.33560E-02  1.92462E+00  1.92462E+00  0.00000E+00            140.LA 57. 227  31
 6 1  6.42232E-06  1.88416E+00  1.88416E+00  3.10000E+01            140.LA 57. 228   1
 6 5  7.76216E-07  1.91811E+00  1.91811E+00  3.10000E+01            140.LA 57. 229   5
 6 6  2.85140E-08  1.91845E+00  1.91845E+00  3.10000E+01            140.LA 57. 230   6
 6 7  1.80160E-08  1.91891E+00  1.91891E+00  3.10000E+01            140.LA 57. 231   7
 6 3  1.70591E-07  1.92345E+00  1.92345E+00  3.10000E+01            140.LA 57. 232   3
 6 4  4.46187E-08  1.92462E+00  1.92462E+00  3.10000E+01            140.LA 57. 233   4
 132  1.15434E-02  2.08320E+00  2.08320E+00  0.00000E+00            140.LA 57. 234  32
 6 1  1.34906E-05  2.04274E+00  2.04274E+00  3.20000E+01            140.LA 57. 235   1
 6 5  1.69493E-06  2.07669E+00  2.07669E+00  3.20000E+01            140.LA 57. 236   5
 6 6  1.59161E-07  2.07703E+00  2.07703E+00  3.20000E+01            140.LA 57. 237   6
 6 7  3.75977E-08  2.07749E+00  2.07749E+00  3.20000E+01            140.LA 57. 238   7
 6 3  4.04160E-07  2.08203E+00  2.08203E+00  3.20000E+01            140.LA 57. 239   3
 6 4  1.01694E-07  2.08320E+00  2.08320E+00  3.20000E+01            140.LA 57. 240   4
 133  8.49060E-01  2.34788E+00  2.34788E+00  0.00000E+00            140.LA 57. 241  33
 6 1  2.84737E-04  2.30742E+00  2.30742E+00  3.30000E+01            140.LA 57. 242   1
 6 5  3.16883E-05  2.34137E+00  2.34137E+00  3.30000E+01            140.LA 57. 243   5
 6 6  8.82572E-07  2.34171E+00  2.34171E+00  3.30000E+01            140.LA 57. 244   6
 6 7  5.37715E-07  2.34217E+00  2.34217E+00  3.30000E+01            140.LA 57. 245   7
 6 3  6.86390E-06  2.34671E+00  2.34671E+00  3.30000E+01            140.LA 57. 246   3
 6 4  1.78842E-06  2.34788E+00  2.34788E+00  3.30000E+01            140.LA 57. 247   4
 134  1.14480E-02  2.46410E+00  2.46410E+00  0.00000E+00            140.LA 57. 248  34
 6 1  5.92283E-06  2.42364E+00  2.42364E+00  3.40000E+01            140.LA 57. 249   1
 6 5  6.44434E-07  2.45759E+00  2.45759E+00  3.40000E+01            140.LA 57. 250   5
 6 6  2.90339E-08  2.45793E+00  2.45793E+00  3.40000E+01            140.LA 57. 251   6
 6 7  8.71201E-09  2.45839E+00  2.45839E+00  3.40000E+01            140.LA 57. 252   7
 6 3  1.42111E-07  2.46293E+00  2.46293E+00  3.40000E+01            140.LA 57. 253   3
 6 4  3.64881E-08  2.46410E+00  2.46410E+00  3.40000E+01            140.LA 57. 254   4
 135  3.46302E+00  2.52140E+00  2.52140E+00  0.00000E+00            140.LA 57. 255  35
 6 1  1.02340E-03  2.48094E+00  2.48094E+00  3.50000E+01            140.LA 57. 256   1
 6 5  1.12057E-04  2.51489E+00  2.51489E+00  3.50000E+01            140.LA 57. 257   5
 6 6  2.84199E-06  2.51523E+00  2.51523E+00  3.50000E+01            140.LA 57. 258   6
 6 7  1.74019E-06  2.51569E+00  2.51569E+00  3.50000E+01            140.LA 57. 259   7
 6 3  2.41663E-05  2.52023E+00  2.52023E+00  3.50000E+01            140.LA 57. 260   3
 6 4  6.27712E-06  2.52140E+00  2.52140E+00  3.50000E+01            140.LA 57. 261   4
 136  1.01124E-01  2.54734E+00  2.54734E+00  0.00000E+00            140.LA 57. 262  36
 6 1  3.30743E-05  2.50688E+00  2.50688E+00  3.60000E+01            140.LA 57. 263   1
 6 5  3.71060E-06  2.54083E+00  2.54083E+00  3.60000E+01            140.LA 57. 264   5
 6 6  8.53693E-08  2.54117E+00  2.54117E+00  3.60000E+01            140.LA 57. 265   6
 6 7  3.94335E-08  2.54163E+00  2.54163E+00  3.60000E+01            140.LA 57. 266   7
 6 3  8.02921E-07  2.54617E+00  2.54617E+00  3.60000E+01            140.LA 57. 267   3
 6 4  2.18301E-07  2.54734E+00  2.54734E+00  3.60000E+01            140.LA 57. 268   4
 137  6.67800E-02  2.89961E+00  2.89961E+00  0.00000E+00            140.LA 57. 269  37
 6 1  1.54648E-05  2.85915E+00  2.85915E+00  3.70000E+01            140.LA 57. 270   1
 6 5  1.63359E-06  2.89310E+00  2.89310E+00  3.70000E+01            140.LA 57. 271   5
 6 6  3.44838E-08  2.89345E+00  2.89345E+00  3.70000E+01            140.LA 57. 272   6
 6 7  2.13228E-08  2.89390E+00  2.89390E+00  3.70000E+01            140.LA 57. 273   7
 6 3  3.49641E-07  2.89844E+00  2.89844E+00  3.70000E+01            140.LA 57. 274   3
 6 4  9.02925E-08  2.89961E+00  2.89961E+00  3.70000E+01            140.LA 57. 275   4
 138  2.48040E-02  3.11851E+00  3.11851E+00  0.00000E+00            140.LA 57. 276  38
 6 1  5.06937E-06  3.07805E+00  3.07805E+00  3.80000E+01            140.LA 57. 277   1
 6 5  5.24512E-07  3.11200E+00  3.11200E+00  3.80000E+01            140.LA 57. 278   5
 6 6  1.00628E-08  3.11234E+00  3.11234E+00  3.80000E+01            140.LA 57. 279   6
 6 7  6.25410E-09  3.11280E+00  3.11280E+00  3.80000E+01            140.LA 57. 280   7
 6 3  1.11872E-07  3.11734E+00  3.11734E+00  3.80000E+01            140.LA 57. 281   3
 6 4  2.88071E-08  3.11851E+00  3.11851E+00  3.80000E+01            140.LA 57. 282   4
 139  3.81600E-03  3.32040E+00  3.32040E+00  0.00000E+00            140.LA 57. 283  39
 6 1  7.01014E-07  3.27994E+00  3.27994E+00  3.90000E+01            140.LA 57. 284   1
 6 5  7.11730E-08  3.31389E+00  3.31389E+00  3.90000E+01            140.LA 57. 285   5
 6 6  1.25748E-09  3.31423E+00  3.31423E+00  3.90000E+01            140.LA 57. 286   6
 6 7  7.84978E-10  3.31469E+00  3.31469E+00  3.90000E+01            140.LA 57. 287   7
 6 3  1.51382E-08  3.31923E+00  3.31923E+00  3.90000E+01            140.LA 57. 288   3
 6 4  3.88873E-09  3.32040E+00  3.32040E+00  3.90000E+01            140.LA 57. 289   4
 2 1  6.05083E-01  3.42907E-02  3.42907E-02  0.00000E+00            140.LA 57. 290   1
 2 2  1.10806E+00  3.47432E-02  3.47432E-02  0.00000E+00            140.LA 57. 291   2
 2 3  1.07704E-01  3.91962E-02  3.91962E-02  0.00000E+00            140.LA 57. 292   3
 2 4  2.08683E-01  3.92855E-02  3.92855E-02  0.00000E+00            140.LA 57. 293   4
 2 5  1.28064E-03  3.95506E-02  3.95506E-02  0.00000E+00            140.LA 57. 294   5
 2 6  1.72614E-03  3.95699E-02  3.95699E-02  0.00000E+00            140.LA 57. 295   6
 2 7  2.29290E-02  4.02274E-02  4.02274E-02  0.00000E+00            140.LA 57. 296   7
 2 8  4.46121E-02  4.02466E-02  4.02466E-02  0.00000E+00            140.LA 57. 297   8
 2 9  2.69289E-04  4.03403E-02  4.03403E-02  0.00000E+00            140.LA 57. 298   9
 210  3.62397E-04  4.03435E-02  4.03435E-02  0.00000E+00            140.LA 57. 299  10
 211  3.86598E-03  4.04297E-02  4.04297E-02  0.00000E+00            140.LA 57. 300  11
 212  7.47957E-03  4.04325E-02  4.04325E-02  0.00000E+00            140.LA 57. 301  12
 221  7.50630E-06  3.48000E-04  3.48000E-04  0.00000E+00            140.LA 57. 302  21
 222  2.01877E-04  8.00499E-04  8.00499E-04  0.00000E+00            140.LA 57. 303  22
 223  6.67892E-03  5.25340E-03  5.25340E-03  0.00000E+00            140.LA 57. 304  23
 224  1.01451E-02  5.34279E-03  5.34279E-03  0.00000E+00            140.LA 57. 305  24
 225  1.15701E-04  5.60782E-03  5.60782E-03  0.00000E+00            140.LA 57. 306  25
 226  1.72947E-04  5.62716E-03  5.62716E-03  0.00000E+00            140.LA 57. 307  26
 227  1.52783E-03  6.28471E-03  6.28471E-03  0.00000E+00            140.LA 57. 308  27
 228  2.40045E-03  6.30396E-03  6.30396E-03  0.00000E+00            140.LA 57. 309  28
 229  1.53141E-05  6.39751E-03  6.39751E-03  0.00000E+00            140.LA 57. 310  29
 230  2.34317E-05  6.40086E-03  6.40086E-03  0.00000E+00            140.LA 57. 311  30
 231  2.24461E-04  6.48694E-03  6.48694E-03  0.00000E+00            140.LA 57. 312  31
 232  3.46504E-04  6.48970E-03  6.48970E-03  0.00000E+00            140.LA 57. 313  32
 241  2.39983E-07  4.52500E-04  4.52500E-04  0.00000E+00            140.LA 57. 314  41
 242  6.52441E-03  4.75539E-03  4.75539E-03  0.00000E+00            140.LA 57. 315  42
 243  1.06134E-04  4.99480E-03  4.99480E-03  0.00000E+00            140.LA 57. 316  43
 244  1.42721E-01  5.25981E-03  5.25981E-03  0.00000E+00            140.LA 57. 317  44
 245  1.06557E-03  5.88028E-03  5.88028E-03  0.00000E+00            140.LA 57. 318  45
 246  1.72299E-05  5.95596E-03  5.95596E-03  0.00000E+00            140.LA 57. 319  46
 247  2.36952E-02  6.04950E-03  6.04950E-03  0.00000E+00            140.LA 57. 320  47
 248  2.43746E-06  6.15846E-03  6.15846E-03  0.00000E+00            140.LA 57. 321  48
 249  1.55634E-04  6.12354E-03  6.12354E-03  0.00000E+00            140.LA 57. 322  49
 250  3.03184E-06  6.14171E-03  6.14171E-03  0.00000E+00            140.LA 57. 323  50
 261  2.11183E-02  4.30290E-03  4.30290E-03  0.00000E+00            140.LA 57. 324  61
 262  1.25617E-04  4.45290E-03  4.45290E-03  0.00000E+00            140.LA 57. 325  62
 263  1.16286E-04  4.54230E-03  4.54230E-03  0.00000E+00            140.LA 57. 326  63
 264  2.44837E-02  4.80732E-03  4.80732E-03  0.00000E+00            140.LA 57. 327  64
 265  2.16830E-01  4.82666E-03  4.82666E-03  0.00000E+00            140.LA 57. 328  65
 266  2.21696E-03  5.42779E-03  5.42779E-03  0.00000E+00            140.LA 57. 329  66
 267  1.44522E-05  5.48423E-03  5.48423E-03  0.00000E+00            140.LA 57. 330  67
 268  1.39327E-05  5.50345E-03  5.50345E-03  0.00000E+00            140.LA 57. 331  68
 269  3.93382E-03  5.59701E-03  5.59701E-03  0.00000E+00            140.LA 57. 332  69
 270  3.51605E-02  5.60036E-03  5.60036E-03  0.00000E+00            140.LA 57. 333  70
 271  6.52196E-07  5.70595E-03  5.70595E-03  0.00000E+00            140.LA 57. 334  71
 272  3.74291E-06  5.70629E-03  5.70629E-03  0.00000E+00            140.LA 57. 335  72
 273  3.71549E-04  5.67105E-03  5.67105E-03  0.00000E+00            140.LA 57. 336  73
 274  2.54388E-06  5.68645E-03  5.68645E-03  0.00000E+00            140.LA 57. 337  74
 275  2.29976E-06  5.68922E-03  5.68922E-03  0.00000E+00            140.LA 57. 338  75
 291  3.50371E-02  7.72230E-04  7.72230E-04  0.00000E+00            140.LA 57. 339  91
 292  9.07244E-04  1.21478E-04  1.21478E-04  0.00000E+00            140.LA 57. 340  92
 293  3.53473E-08  1.75206E-05  1.75206E-05  0.00000E+00            140.LA 57. 341  93
 294  5.33492E+01  1.61308E-05  1.61308E-05  0.00000E+00            140.LA 57. 342  94
 7 1  1.30828E-01  2.83189E-02  2.83189E-02  0.00000E+00            140.LA 57. 343   1
 7 2  6.16513E-02  3.33488E-02  3.33488E-02  0.00000E+00            140.LA 57. 344   2
 7 3  6.95802E-03  3.83801E-02  3.83801E-02  0.00000E+00            140.LA 57. 345   3
 7 4  4.64348E-01  3.62151E-04  3.62151E-04  0.00000E+00            140.LA 57. 346   4
 7 5  2.55780E+00  3.84112E-03  3.84112E-03  0.00000E+00            140.LA 57. 347   5
 7 6  8.41825E-01  4.69582E-03  4.69582E-03  0.00000E+00            140.LA 57. 348   6
 7 7  6.78257E-02  5.58135E-03  5.58135E-03  0.00000E+00            140.LA 57. 349   7
 7 8  2.75832E+00  1.36007E-04  1.36007E-04  0.00000E+00            140.LA 57. 350   8
 7 9  6.67137E+00  6.26310E-04  6.26310E-04  0.00000E+00            140.LA 57. 351   9
 710  4.82567E-01  7.77910E-04  7.77910E-04  0.00000E+00            140.LA 57. 352  10
 711  7.50152E-03  9.54277E-04  9.54277E-04  0.00000E+00            140.LA 57. 353  11
 712  1.78762E+01  7.40165E-05  7.40165E-05  0.00000E+00            140.LA 57. 354  12
 713  8.27010E+00  6.23735E-05  6.23735E-05  0.00000E+00            140.LA 57. 355  13
 714  7.56842E+00  1.22653E-05  1.22653E-05  0.00000E+00            140.LA 57. 356  14
 715  6.19852E-02  3.21300E-05  3.21300E-05  0.00000E+00            140.LA 57. 357  15
%%%% 140 LA  57    B-           1.44988E+05 1.6781 D   02-11-2005       SEEIEND 
 


   ***************************************************** 
   *                 Radiation Summary                 * 
   ***************************************************** 
 
  Energy released by
    Gamma-ray                       (MeV) =   2.30759E+00
    X-ray                           (MeV) =   7.75567E-04
    Free-bound X-ray                (MeV) =   8.60563E-06
    Annihilation photon             (MeV) =   0.00000E+00
    Beta+ particle                  (MeV) =   0.00000E+00
    Neutrino                        (MeV) =   0.00000E+00
    Beta- particle                  (MeV) =   5.24810E-01
    Neutrino-                       (MeV) =   9.08744E-01
    Internal conv. electron         (MeV) =   9.47356E-03
    Auger and CK electron           (MeV) =   2.72224E-04
    Alpha particle                  (MeV) =   0.00000E+00
    Recoil nucleus                  (MeV) =   0.00000E+00
  E-total (except unplaced radiat.) (MeV) =   3.75168E+00
  E-unplaced radiation              (MeV) =   0.00000E+00
  Q-value from ENSDF data           (MeV) =   3.76190E+00
  Ratio of E-total/Q-value          ( % ) =   9.97282E+01
  Ratio of E-unplaced radi./Q-value ( % ) =   0.00000E+00

 
  Total yield of
    Gamma-ray                             =   2.14029E+00
    X-ray                                 =   2.64855E-02
    Free-bound X-ray                      =   5.33492E-01
    Annihilation photon                   =   0.00000E+00
    Beta+ particle                        =   0.00000E+00
    Beta- particle                        =   1.00000E+00
    Internal conv. electron               =   4.78251E-02
    Auger and CK electron                 =   4.78277E-01
    Alpha particle                        =   0.00000E+00
  Yield of unplaced radiation             =   0.00000E+00


