%%%%  54 MN  25    EC B+ B-     2.69672E+07 312.12 D   02-11-2005       BALASTAR
1  54   MN  25 312.12 D        EC B+ B-   
1INTENSITY AND ENERGY BALANCE DATA

              54-MANGANESE-25
+                                    HALFLIFE = 312.12 DAYS    
+                                                                  02-11-2005


    LEVEL       INTENSITY   INTENSITY
    ENERGY      ENTERING    LEAVING     PERCENT
    (MEV)       LEVEL       LEVEL       ERROR

   0.0000E+00  1.0000E+02
   8.3485E-01  1.0000E+02  1.0000E+02  3.5858E-04                      
   0.0000E+00  2.9000E-04


 INTENSITY TO GROUND AND ISOMERIC STATE(S) OF DAUGHTER(S)=  1.000E+02
 TOTAL INTENSITY FROM PARENT=  1.000E+02
 PERCENT ERROR =  3.586E-04                      


 TOTAL INTENSITY FROM PARENT =  1.000E+02
 VALUE IS WITHIN   2.90E-04% OF 100                      


 TOTAL ENERGY AVAILABLE =  1.377E+00 MEV
 TOTAL ENERGY CONTENT OF ALL RADIATIONS =  1.377E+00 MEV
 PERCENT ERROR =  2.164E-04                      
%%%%  54 MN  25    EC B+ B-     2.69672E+07 312.12 D   02-11-2005       BALAEND 
%%%%  54 MN  25    EC B+ B-     2.69672E+07 312.12 D   02-11-2005       INPUSTAR
1                                      **INPUT DATA**
              54-MANGANESE-25
+                                    HALFLIFE = 312.12 DAYS    
+                                                                  02-11-2005

            MODES OF DECAY: ELECTRON CAPTURE, BETA PLUS, BETA MINUS
 
                                MEAN
                                NUMBER/    TRANSITION
                TYPE OF    ID   TRANSFOR-  ENERGY
              TRANSITION   NO.  MATION     (MEV)       OTHER NUCLEAR PARAMETERS

           ELECT. CAPTURE   1   1.00E+00   5.423E-01   ALLOWED                                  
           ELECT. CAPTURE   2   3.60E-06   1.377E+00   UNIQUE SECOND FORBIDDEN                  
                BETA PLUS   1   5.60E-09   3.551E-01*  UNIQUE SECOND FORBIDDEN                  
           I.C.E. + GAMMA   1   1.00E+00   8.348E-01   E2 MULTIPOLE                             
               BETA MINUS   1   2.90E-06   6.971E-01*  UNIQUE SECOND FORBIDDEN                  
 
           * ENDPOINT ENERGY (MEV)
           - - - - - - - - - -
           Reference: Evaluated Nuclear Structure Data File (ENSDF)
                DATE DATA WERE ENTERED INTO ENSDF: Jul-2001
%%%%  54 MN  25    EC B+ B-     2.69672E+07 312.12 D   02-11-2005       INPUEND 
%%%%  54 MN  25    EC B+ B-     2.69672E+07 312.12 D   02-11-2005       OUTPSTAR
1                                      **OUTPUT DATA**
              54-MANGANESE-25
+                                    HALFLIFE = 312.12 DAYS    
+                                                                  02-11-2005

            MODES OF DECAY: ELECTRON CAPTURE, BETA PLUS, BETA MINUS
 
                                              MEAN
                                              NUMBER/                  MEV/
                                         ID   TRANSFOR-   ENERGY       TRANSFOR-
                  TYPE OF RADIATION      NO.  MATION      (MEV)        MATION

           GAMMA-RAY                      1   1.00E+00    8.348E-01    8.35E-01
           K CONV. ELECTRON, GAMMA-RAY    1   2.24E-04    8.289E-01    1.86E-04
           L1 CONV. ELECTRON, GAMMA-RAY   1   2.04E-05    8.342E-01    1.70E-05
           AUGER KLL                          5.19E-01    4.745E-03*   2.46E-03
           AUGER KLX                          1.20E-01    5.293E-03*   6.34E-04
           AUGER KXY                          7.36E-03    5.845E-03*   4.30E-05
           CK LLX                             2.94E-01    6.106E-05*   1.79E-05
           AUGER LMM                          1.45E+00    5.007E-04*   7.28E-04
           AUGER LMX                          1.10E-02    5.443E-04*   5.97E-06
           CK MMX                             3.02E+00    3.611E-05*   1.09E-04
 
           ALL LISTED X-RAYS, GAMMA-RAYS AND ANNIHILATION RADIATION    8.35E-01
           ALL NEGLECTED X-RAYS, GAMMA-RAYS AND ANNIH. RADIATION**     1.36E-03
           ALL LISTED BETAS, INTERNAL CONVERSION AND AUGER ELECTRONS   4.20E-03
           ALL NEGLECTED BETAS, INT. CONVERSION AND AUGER ELECTRONS**  1.18E-06
           ALL LISTED RADIATIONS                                       8.39E-01
           ALL NEGLECTED RADIATIONS**                                  1.36E-03
 
           *  AVERAGE ENERGY (MEV)
           ** EACH NEGLECTED TRANSITION CONTRIBUTES LESS THAN  0.100%
              TO THE TOTAL MEV/TRANSFORMATION FOR THIS CATEGORY.
           TOTAL FEEDING OF GROUND STATE LEVEL IN 54-CHROMIUM
             DAUGHTER IS 1.0000E+00 PER TRANSFORMATION OF  54-MANGANESE.
             THIS DAUGHTER GROUND STATE IS STABLE.
           TOTAL FEEDING OF GROUND STATE LEVEL IN 54-IRON
             DAUGHTER IS 2.9000E-06 PER TRANSFORMATION OF  54-MANGANESE.
             THIS DAUGHTER GROUND STATE IS STABLE.
           - - - - - - - - - -
           INPUT DATA SOURCE: EVALUATED NUCLEAR STRUCTURE DATA FILE (ENSDF)
             DATE INPUT DATA WERE ENTERED INTO ENSDF: Jul-2001
%%%%  54 MN  25    EC B+ B-     2.69672E+07 312.12 D   02-11-2005       OUTPEND 
%%%%  54 MN  25    EC B+ B-     2.69672E+07 312.12 D   02-11-2005       BETASTAR
1
              54-MANGANESE-25
+                                    HALFLIFE = 312.12 DAYS    
+                                                                  02-11-2005

            BETA SPECTRUM DATA FOR ALL DECAY BRANCHES

                      BETAS PER                BETAS PER                BETAS PER
            ENERGY    MEV            ENERGY    MEV            ENERGY    MEV
            (MEV)     PER DECAY      (MEV)     PER DECAY      (MEV)     PER DECAY

            0.00000   3.951E-06      0.00180   3.905E-06      0.03600   4.155E-06
            0.00010   3.949E-06      0.00200   3.900E-06      0.04000   4.201E-06
            0.00011   3.949E-06      0.00220   3.895E-06      0.04500   4.259E-06
            0.00012   3.948E-06      0.00240   3.890E-06      0.05000   4.318E-06
            0.00013   3.948E-06      0.00260   3.885E-06      0.05500   4.377E-06
            0.00014   3.948E-06      0.00280   3.880E-06      0.06000   4.435E-06
            0.00015   3.948E-06      0.00300   3.875E-06      0.06500   4.493E-06
            0.00016   3.947E-06      0.00320   3.870E-06      0.07000   4.550E-06
            0.00018   3.947E-06      0.00360   3.872E-06      0.07500   4.606E-06
            0.00020   3.946E-06      0.00400   3.874E-06      0.08000   4.662E-06
            0.00022   3.946E-06      0.00450   3.877E-06      0.08500   4.716E-06
            0.00024   3.945E-06      0.00500   3.879E-06      0.09000   4.769E-06
            0.00026   3.945E-06      0.00550   3.882E-06      0.10000   4.873E-06
            0.00028   3.944E-06      0.00600   3.884E-06      0.11000   4.972E-06
            0.00030   3.944E-06      0.00650   3.886E-06      0.12000   5.066E-06
            0.00032   3.943E-06      0.00700   3.889E-06      0.13000   5.155E-06
            0.00036   3.942E-06      0.00750   3.891E-06      0.14000   5.238E-06
            0.00040   3.941E-06      0.00800   3.894E-06      0.15000   5.316E-06
            0.00045   3.940E-06      0.00850   3.897E-06      0.16000   5.389E-06
            0.00050   3.939E-06      0.00900   3.899E-06      0.18000   5.516E-06
            0.00055   3.937E-06      0.01000   3.905E-06      0.20000   5.619E-06
            0.00060   3.936E-06      0.01100   3.911E-06      0.22000   5.698E-06
            0.00065   3.935E-06      0.01200   3.918E-06      0.24000   5.752E-06
            0.00070   3.934E-06      0.01300   3.925E-06      0.26000   5.780E-06
            0.00075   3.932E-06      0.01400   3.932E-06      0.28000   5.783E-06
            0.00080   3.931E-06      0.01500   3.940E-06      0.30000   5.760E-06
            0.00085   3.930E-06      0.01600   3.948E-06      0.32000   5.710E-06
            0.00090   3.928E-06      0.01800   3.965E-06      0.36000   5.536E-06
            0.00100   3.926E-06      0.02000   3.983E-06      0.40000   5.249E-06
            0.00110   3.923E-06      0.02200   4.003E-06      0.45000   4.700E-06
            0.00120   3.921E-06      0.02400   4.023E-06      0.50000   3.910E-06
            0.00130   3.918E-06      0.02600   4.044E-06      0.55000   2.874E-06
            0.00140   3.916E-06      0.02800   4.065E-06      0.60000   1.663E-06
            0.00150   3.913E-06      0.03000   4.087E-06      0.65000   5.217E-07
            0.00160   3.911E-06      0.03200   4.109E-06      0.69710   0.000E+00

            AVERAGE BETA ENERGY =   2.900E-01

            TOTAL BETAS PER DECAY FOR ALL BRANCHES =   2.906E-06
%%%%  54 MN  25    EC B+ B-     2.69672E+07 312.12 D   02-11-2005       BETAEND 
%%%%  54 MN  25    EC B+ B-     2.69672E+07 312.12 D   02-11-2005       SEEISTAR
 54.  MANGANESE    25.  3.121E+02 DAYS      40 EC B+ B-              54.MN 25.   0
 4 1  5.59998E-07  1.81956E-01  3.55100E-01  2.00000E+00             54.MN 25.   1   1
 3 3  1.12000E-06  5.11000E-01  5.11000E-01  0.00000E+00             54.MN 25.   2   3
 1 1  9.99755E+01  8.34848E-01  8.34848E-01  0.00000E+00             54.MN 25.   3   1
 6 1  2.23968E-02  8.28890E-01  8.28890E-01  1.00000E+00             54.MN 25.   4   1
 6 5  2.03967E-03  8.34161E-01  8.34161E-01  1.00000E+00             54.MN 25.   5   5
 6 6  1.88831E-05  8.34258E-01  8.34258E-01  1.00000E+00             54.MN 25.   6   6
 6 7  2.21195E-05  8.34267E-01  8.34267E-01  1.00000E+00             54.MN 25.   7   7
 2 1  7.33798E+00  5.36786E-03  5.36786E-03  0.00000E+00             54.MN 25.   8   1
 2 2  1.44039E+01  5.37679E-03  5.37679E-03  0.00000E+00             54.MN 25.   9   2
 2 3  8.43660E-01  5.90635E-03  5.90635E-03  0.00000E+00             54.MN 25.  10   3
 2 4  1.66184E+00  5.90738E-03  5.90738E-03  0.00000E+00             54.MN 25.  11   4
 2 5  2.24416E-04  5.95114E-03  5.95114E-03  0.00000E+00             54.MN 25.  12   5
 2 6  3.28395E-04  5.95124E-03  5.95124E-03  0.00000E+00             54.MN 25.  13   6
 221  1.46194E-03  9.75997E-05  9.75997E-05  0.00000E+00             54.MN 25.  14  21
 222  5.18000E-03  1.06530E-04  1.06530E-04  0.00000E+00             54.MN 25.  15  22
 223  1.51316E-02  6.36088E-04  6.36088E-04  0.00000E+00             54.MN 25.  16  23
 224  2.20914E-02  6.37138E-04  6.37138E-04  0.00000E+00             54.MN 25.  17  24
 225  3.14718E-05  6.80880E-04  6.80880E-04  0.00000E+00             54.MN 25.  18  25
 226  4.48104E-05  6.80970E-04  6.80970E-04  0.00000E+00             54.MN 25.  19  26
 241  4.23028E-09  8.93001E-06  8.93001E-06  0.00000E+00             54.MN 25.  20  41
 242  1.47631E-01  5.10549E-04  5.10549E-04  0.00000E+00             54.MN 25.  21  42
 243  2.41799E-04  5.39541E-04  5.39541E-04  0.00000E+00             54.MN 25.  22  43
 244  2.52848E-02  5.83279E-04  5.83279E-04  0.00000E+00             54.MN 25.  23  44
 245  2.77541E-03  5.83781E-04  5.83781E-04  0.00000E+00             54.MN 25.  24  45
 261  2.70100E-01  5.01618E-04  5.01618E-04  0.00000E+00             54.MN 25.  25  61
 262  2.27296E-04  5.29557E-04  5.29557E-04  0.00000E+00             54.MN 25.  26  62
 263  2.22307E-04  5.30610E-04  5.30610E-04  0.00000E+00             54.MN 25.  27  63
 264  3.83183E-03  5.74351E-04  5.74351E-04  0.00000E+00             54.MN 25.  28  64
 265  4.39337E-02  5.74439E-04  5.74439E-04  0.00000E+00             54.MN 25.  29  65
 266  5.07672E-03  5.74850E-04  5.74850E-04  0.00000E+00             54.MN 25.  30  66
 291  5.18989E-04  3.46100E-05  3.46100E-05  0.00000E+00             54.MN 25.  31  91
 294  6.42247E+02  6.39125E-06  6.39125E-06  0.00000E+00             54.MN 25.  32  94
 7 1  5.19053E+01  4.74513E-03  4.74513E-03  0.00000E+00             54.MN 25.  33   1
 7 2  1.19741E+01  5.29315E-03  5.29315E-03  0.00000E+00             54.MN 25.  34   2
 7 3  7.36160E-01  5.84468E-03  5.84468E-03  0.00000E+00             54.MN 25.  35   3
 7 4  2.93945E+01  6.10580E-05  6.10580E-05  0.00000E+00             54.MN 25.  36   4
 7 5  1.45499E+02  5.00653E-04  5.00653E-04  0.00000E+00             54.MN 25.  37   5
 7 6  1.09631E+00  5.44257E-04  5.44257E-04  0.00000E+00             54.MN 25.  38   6
 7 8  3.01617E+02  3.61088E-05  3.61088E-05  0.00000E+00             54.MN 25.  39   8
 5 1  2.90000E-04  2.90179E-01  6.97100E-01  2.00000E+00             54.MN 25.  40   1
%%%%  54 MN  25    EC B+ B-     2.69672E+07 312.12 D   02-11-2005       SEEIEND 
 


   ***************************************************** 
   *                 Radiation Summary                 * 
   ***************************************************** 
 
  Energy released by
    Gamma-ray                       (MeV) =   8.34644E-01
    X-ray                           (MeV) =   1.31922E-03
    Free-bound X-ray                (MeV) =   4.10476E-05
    Annihilation photon             (MeV) =   5.72318E-09
    Beta+ particle                  (MeV) =   1.01895E-09
    Neutrino                        (MeV) =   5.36446E-01
    Beta- particle                  (MeV) =   8.41520E-07
    Neutrino-                       (MeV) =   1.18007E-06
    Internal conv. electron         (MeV) =   2.03001E-04
    Auger and CK electron           (MeV) =   4.00108E-03
    Alpha particle                  (MeV) =   0.00000E+00
    Recoil nucleus                  (MeV) =   0.00000E+00
  E-total (except unplaced radiat.) (MeV) =   1.37666E+00
  E-unplaced radiation              (MeV) =   0.00000E+00
  Q-value from ENSDF data           (MeV) =   1.37710E+00
  Ratio of E-total/Q-value          ( % ) =   9.99676E+01
  Ratio of E-unplaced radi./Q-value ( % ) =   0.00000E+00

 
  Total yield of
    Gamma-ray                             =   9.99755E-01
    X-ray                                 =   2.47917E-01
    Free-bound X-ray                      =   6.42247E+00
    Annihilation photon                   =   1.12000E-08
    Beta+ particle                        =   5.59998E-09
    Beta- particle                        =   2.90000E-06
    Internal conv. electron               =   2.44775E-04
    Auger and CK electron                 =   5.42223E+00
    Alpha particle                        =   0.00000E+00
  Yield of unplaced radiation             =   0.00000E+00


