%%%%  30 P   15    EC B+        1.49880E+02 2.498 M    02-11-2005       BALASTAR
1  30   P   15 2.498 M         EC B+      
1INTENSITY AND ENERGY BALANCE DATA

              30-PHOSPHORUS-15
+                                    HALFLIFE = 2.498 MINUTES 
+                                                                  02-11-2005


    LEVEL       INTENSITY   INTENSITY
    ENERGY      ENTERING    LEAVING     PERCENT
    (MEV)       LEVEL       LEVEL       ERROR

   0.0000E+00  1.0001E+02
   2.2353E+00  5.9010E-02  6.9000E-02  1.5608E+01  ********************
   3.4986E+00  1.5600E-03  1.5600E-03  4.4775E-04                      
   3.7695E+00  1.8000E-04  1.8000E-04  2.1828E-04                      
   3.7877E+00  3.4000E-03  3.4090E-03  2.6510E-01                      


 INTENSITY TO GROUND AND ISOMERIC STATE(S) OF DAUGHTER(S)=  1.000E+02
 TOTAL INTENSITY FROM PARENT=  1.000E+02
 PERCENT ERROR =  9.994E-03                      


 TOTAL INTENSITY FROM PARENT =  1.000E+02
 VALUE IS WITHIN   1.53E-05% OF 100                      


 TOTAL ENERGY AVAILABLE =  4.232E+00 MEV
 TOTAL ENERGY CONTENT OF ALL RADIATIONS =  4.233E+00 MEV
 PERCENT ERROR =  5.272E-03                      
%%%%  30 P   15    EC B+        1.49880E+02 2.498 M    02-11-2005       BALAEND 
%%%%  30 P   15    EC B+        1.49880E+02 2.498 M    02-11-2005       INPUSTAR
1                                      **INPUT DATA**
              30-PHOSPHORUS-15
+                                    HALFLIFE = 2.498 MINUTES 
+                                                                  02-11-2005

            MODES OF DECAY: ELECTRON CAPTURE, BETA PLUS
 
                                MEAN
                                NUMBER/    TRANSITION
                TYPE OF    ID   TRANSFOR-  ENERGY
              TRANSITION   NO.  MATION     (MEV)       OTHER NUCLEAR PARAMETERS

           ELECT. CAPTURE   1   3.40E-05   4.446E-01   ALLOWED                                  
           ELECT. CAPTURE   2   1.80E-06   4.628E-01   ALLOWED                                  
           ELECT. CAPTURE   3   1.56E-05   7.337E-01   ALLOWED                                  
           ELECT. CAPTURE   4   2.70E-05   1.997E+00   ALLOWED                                  
           ELECT. CAPTURE   5   1.36E-03   4.232E+00   ALLOWED                                  
                BETA PLUS   1   5.20E-04   9.750E-01*  ALLOWED                                  
                BETA PLUS   2   9.98E-01   3.210E+00*  ALLOWED                                  
           I.C.E. + GAMMA   1   8.10E-06   1.263E+00   M1+E2 MULTIPOLE                          
                                                       MRS=0.0324                               
           I.C.E. + GAMMA   2   1.00E-06   1.534E+00   M1+E2 MULTIPOLE                          
                                                       MRS=0.00810                              
           I.C.E. + GAMMA   3   3.40E-05   1.552E+00   E2 MULTIPOLE                             
           I.C.E. + GAMMA   4   6.90E-04   2.235E+00   E2 MULTIPOLE                             
           I.C.E. + GAMMA   5   7.50E-06   3.498E+00   E2 MULTIPOLE                             
           I.C.E. + GAMMA   6   8.00E-07   3.769E+00   M1 MULTIPOLE                             
           I.C.E. + GAMMA   7   9.00E-08   3.787E+00   E0 MULTIPOLE                             
                                                       K/L1 = 100./7.55                         
 
           * ENDPOINT ENERGY (MEV)
           - - - - - - - - - -
           Reference: Evaluated Nuclear Structure Data File (ENSDF)
                DATE DATA WERE ENTERED INTO ENSDF: Mar-2001
%%%%  30 P   15    EC B+        1.49880E+02 2.498 M    02-11-2005       INPUEND 
%%%%  30 P   15    EC B+        1.49880E+02 2.498 M    02-11-2005       OUTPSTAR
1                                      **OUTPUT DATA**
              30-PHOSPHORUS-15
+                                    HALFLIFE = 2.498 MINUTES 
+                                                                  02-11-2005

            MODES OF DECAY: ELECTRON CAPTURE, BETA PLUS
 
                                              MEAN
                                              NUMBER/                  MEV/
                                         ID   TRANSFOR-   ENERGY       TRANSFOR-
                  TYPE OF RADIATION      NO.  MATION      (MEV)        MATION

           BETA PLUS                      2   9.98E-01    1.441E+00*   1.44E+00
           ANNIHILATION RADIATION             2.00E+00    5.110E-01    1.02E+00
           GAMMA-RAY                      4   6.90E-04    2.235E+00    1.54E-03
 
           ALL LISTED X-RAYS, GAMMA-RAYS AND ANNIHILATION RADIATION    1.02E+00
           ALL NEGLECTED X-RAYS, GAMMA-RAYS AND ANNIH. RADIATION**     9.40E-05
           ALL LISTED BETAS, INTERNAL CONVERSION AND AUGER ELECTRONS   1.44E+00
           ALL NEGLECTED BETAS, INT. CONVERSION AND AUGER ELECTRONS**  2.12E-04
           ALL LISTED RADIATIONS                                       2.46E+00
           ALL NEGLECTED RADIATIONS**                                  3.06E-04
 
           *  AVERAGE ENERGY (MEV)
           ** EACH NEGLECTED TRANSITION CONTRIBUTES LESS THAN  0.100%
              TO THE TOTAL MEV/TRANSFORMATION FOR THIS CATEGORY.
           TOTAL FEEDING OF GROUND STATE LEVEL IN 30-SILICON
             DAUGHTER IS 1.0000E+00 PER TRANSFORMATION OF  30-PHOSPHORUS.
             THIS DAUGHTER GROUND STATE IS STABLE.
           - - - - - - - - - -
           INPUT DATA SOURCE: EVALUATED NUCLEAR STRUCTURE DATA FILE (ENSDF)
             DATE INPUT DATA WERE ENTERED INTO ENSDF: Mar-2001
%%%%  30 P   15    EC B+        1.49880E+02 2.498 M    02-11-2005       OUTPEND 
%%%%  30 P   15    EC B+        1.49880E+02 2.498 M    02-11-2005       BETASTAR
1
              30-PHOSPHORUS-15
+                                    HALFLIFE = 2.498 MINUTES 
+                                                                  02-11-2005

            BETA SPECTRUM DATA FOR ALL DECAY BRANCHES

                      BETAS PER                BETAS PER                BETAS PER
            ENERGY    MEV            ENERGY    MEV            ENERGY    MEV
            (MEV)     PER DECAY      (MEV)     PER DECAY      (MEV)     PER DECAY

            0.00000   0.000E+00      0.00320   6.864E-04      0.12000   8.368E-02
            0.00010   9.532E-16      0.00360   9.116E-04      0.13000   8.978E-02
            0.00011   4.314E-15      0.00400   1.155E-03      0.14000   9.582E-02
            0.00012   1.610E-14      0.00450   1.480E-03      0.15000   1.018E-01
            0.00013   5.144E-14      0.00500   1.823E-03      0.16000   1.077E-01
            0.00014   1.448E-13      0.00550   2.182E-03      0.18000   1.194E-01
            0.00015   3.669E-13      0.00600   2.553E-03      0.20000   1.309E-01
            0.00016   8.509E-13      0.00650   2.934E-03      0.22000   1.423E-01
            0.00018   3.688E-12      0.00700   3.323E-03      0.24000   1.536E-01
            0.00020   1.276E-11      0.00750   3.719E-03      0.26000   1.648E-01
            0.00022   3.709E-11      0.00800   4.122E-03      0.28000   1.759E-01
            0.00024   9.412E-11      0.00850   4.529E-03      0.30000   1.869E-01
            0.00026   2.140E-10      0.00900   4.941E-03      0.32000   1.978E-01
            0.00028   4.451E-10      0.01000   5.773E-03      0.36000   2.193E-01
            0.00030   8.595E-10      0.01100   6.616E-03      0.40000   2.404E-01
            0.00032   1.560E-09      0.01200   7.464E-03      0.45000   2.663E-01
            0.00036   4.418E-09      0.01300   8.316E-03      0.50000   2.913E-01
            0.00040   1.071E-08      0.01400   9.170E-03      0.55000   3.156E-01
            0.00045   2.753E-08      0.01500   1.002E-02      0.60000   3.390E-01
            0.00050   6.186E-08      0.01600   1.088E-02      0.65000   3.614E-01
            0.00055   1.255E-07      0.01800   1.258E-02      0.70000   3.827E-01
            0.00060   2.351E-07      0.02000   1.427E-02      0.75000   4.030E-01
            0.00065   4.128E-07      0.02200   1.594E-02      0.80000   4.220E-01
            0.00070   6.869E-07      0.02400   1.760E-02      0.85000   4.397E-01
            0.00075   1.091E-06      0.02600   1.924E-02      0.90000   4.561E-01
            0.00080   1.666E-06      0.02800   2.086E-02      1.00000   4.847E-01
            0.00085   2.456E-06      0.03000   2.246E-02      1.10000   5.073E-01
            0.00090   3.510E-06      0.03200   2.405E-02      1.20000   5.235E-01
            0.00100   6.610E-06      0.03600   2.718E-02      1.30000   5.331E-01
            0.00110   1.137E-05      0.04000   3.024E-02      1.40000   5.361E-01
            0.00120   1.817E-05      0.04500   3.398E-02      1.50000   5.323E-01
            0.00130   2.732E-05      0.05000   3.764E-02      1.60000   5.221E-01
            0.00140   3.908E-05      0.05500   4.123E-02      1.80000   4.830E-01
            0.00150   5.359E-05      0.06000   4.476E-02      2.00000   4.220E-01
            0.00160   7.096E-05      0.06500   4.822E-02      2.20000   3.440E-01
            0.00180   1.143E-04      0.07000   5.163E-02      2.40000   2.559E-01
            0.00200   1.690E-04      0.07500   5.499E-02      2.60000   1.662E-01
            0.00220   2.341E-04      0.08000   5.831E-02      2.80000   8.524E-02
            0.00240   3.089E-04      0.08500   6.159E-02      3.00000   2.522E-02
            0.00260   3.924E-04      0.09000   6.483E-02      3.20000   6.768E-05
            0.00280   4.836E-04      0.10000   7.122E-02      3.21030   0.000E+00
            0.00300   5.819E-04      0.11000   7.750E-02

            AVERAGE BETA ENERGY =   1.441E+00

            TOTAL BETAS PER DECAY FOR ALL BRANCHES =   9.986E-01
%%%%  30 P   15    EC B+        1.49880E+02 2.498 M    02-11-2005       BETAEND 
%%%%  30 P   15    EC B+        1.49880E+02 2.498 M    02-11-2005       SEEISTAR
 30.  PHOSPHORUS   15.  2.498E+00 MINUTES   56 EC B+                 30.P  15.   0
 4 1  5.20002E-02  4.02414E-01  9.74980E-01  0.00000E+00             30.P  15.   1   1
 4 2  9.98045E+01  1.44146E+00  3.21030E+00  0.00000E+00             30.P  15.   2   2
 3 3  1.99713E+02  5.11000E-01  5.11000E-01  0.00000E+00             30.P  15.   3   3
 1 1  8.10000E-04  1.26321E+00  1.26321E+00  0.00000E+00             30.P  15.   4   1
 6 1  1.11307E-08  1.26138E+00  1.26138E+00  1.00000E+00             30.P  15.   5   1
 6 5  8.08756E-10  1.26306E+00  1.26306E+00  1.00000E+00             30.P  15.   6   5
 6 6  9.28575E-13  1.26310E+00  1.26310E+00  1.00000E+00             30.P  15.   7   6
 6 7  1.18977E-12  1.26310E+00  1.26310E+00  1.00000E+00             30.P  15.   8   7
 1 2  1.00000E-04  1.53416E+00  1.53416E+00  0.00000E+00             30.P  15.   9   2
 6 1  9.70182E-10  1.53233E+00  1.53233E+00  2.00000E+00             30.P  15.  10   1
 6 5  7.04737E-11  1.53401E+00  1.53401E+00  2.00000E+00             30.P  15.  11   5
 6 6  6.68920E-14  1.53405E+00  1.53405E+00  2.00000E+00             30.P  15.  12   6
 6 7  9.63869E-14  1.53405E+00  1.53405E+00  2.00000E+00             30.P  15.  13   7
 1 3  3.40000E-03  1.55236E+00  1.55236E+00  0.00000E+00             30.P  15.  14   3
 6 1  3.83133E-08  1.55053E+00  1.55053E+00  3.00000E+00             30.P  15.  15   1
 6 5  2.78936E-09  1.55221E+00  1.55221E+00  3.00000E+00             30.P  15.  16   5
 6 6  3.22449E-12  1.55225E+00  1.55225E+00  3.00000E+00             30.P  15.  17   6
 6 7  5.38243E-12  1.55225E+00  1.55225E+00  3.00000E+00             30.P  15.  18   7
 1 4  6.90000E-02  2.23523E+00  2.23523E+00  0.00000E+00             30.P  15.  19   4
 6 1  3.94631E-07  2.23340E+00  2.23340E+00  4.00000E+00             30.P  15.  20   1
 6 5  2.89000E-08  2.23508E+00  2.23508E+00  4.00000E+00             30.P  15.  21   5
 6 6  2.22918E-11  2.23512E+00  2.23512E+00  4.00000E+00             30.P  15.  22   6
 6 7  4.54759E-11  2.23512E+00  2.23512E+00  4.00000E+00             30.P  15.  23   7
 1 5  7.50000E-04  3.49833E+00  3.49833E+00  0.00000E+00             30.P  15.  24   5
 6 1  2.09162E-09  3.49650E+00  3.49650E+00  5.00000E+00             30.P  15.  25   1
 6 5  1.63739E-10  3.49818E+00  3.49818E+00  5.00000E+00             30.P  15.  26   5
 6 6  7.87766E-14  3.49822E+00  3.49822E+00  5.00000E+00             30.P  15.  27   6
 6 7  2.26918E-13  3.49822E+00  3.49822E+00  5.00000E+00             30.P  15.  28   7
 1 6  8.00000E-05  3.76925E+00  3.76925E+00  0.00000E+00             30.P  15.  29   6
 6 1  1.90575E-10  3.76742E+00  3.76742E+00  6.00000E+00             30.P  15.  30   1
 6 5  1.43550E-11  3.76910E+00  3.76910E+00  6.00000E+00             30.P  15.  31   5
 6 6  6.07524E-15  3.76914E+00  3.76914E+00  6.00000E+00             30.P  15.  32   6
 6 7  1.73672E-14  3.76914E+00  3.76914E+00  6.00000E+00             30.P  15.  33   7
 1 7  0.00000E+00  3.78745E+00  3.78745E+00  0.00000E+00             30.P  15.  34   7
 6 1  8.36833E-06  3.78562E+00  3.78562E+00  7.00000E+00             30.P  15.  35   1
 6 5  6.31672E-07  3.78730E+00  3.78730E+00  7.00000E+00             30.P  15.  36   5
 2 1  2.07894E-03  1.71983E-03  1.71983E-03  0.00000E+00             30.P  15.  37   1
 2 2  4.12497E-03  1.72052E-03  1.72052E-03  0.00000E+00             30.P  15.  38   2
 2 3  3.54406E-05  1.82195E-03  1.82195E-03  0.00000E+00             30.P  15.  39   3
 2 4  7.03140E-05  1.82198E-03  1.82198E-03  0.00000E+00             30.P  15.  40   4
 221  6.55057E-06  4.28801E-05  4.28801E-05  0.00000E+00             30.P  15.  41  21
 222  1.46706E-05  4.35700E-05  4.35700E-05  0.00000E+00             30.P  15.  42  22
 223  3.78592E-07  1.45000E-04  1.45000E-04  0.00000E+00             30.P  15.  43  23
 224  6.96728E-07  1.45030E-04  1.45030E-04  0.00000E+00             30.P  15.  44  24
 241  1.65228E-15  6.90002E-07  6.90002E-07  0.00000E+00             30.P  15.  45  41
 242  4.05363E-06  9.50400E-05  9.50400E-05  0.00000E+00             30.P  15.  46  42
 243  1.57018E-10  1.02150E-04  1.02150E-04  0.00000E+00             30.P  15.  47  43
 261  7.49361E-06  9.43500E-05  9.43500E-05  0.00000E+00             30.P  15.  48  61
 262  1.44805E-10  1.01430E-04  1.01430E-04  0.00000E+00             30.P  15.  49  62
 263  1.42919E-10  1.01460E-04  1.01460E-04  0.00000E+00             30.P  15.  50  63
 294  5.86303E-01  9.46694E-06  9.46694E-06  0.00000E+00             30.P  15.  51  94
 7 1  1.15084E-01  1.59317E-03  1.59317E-03  0.00000E+00             30.P  15.  52   1
 7 2  8.53686E-03  1.69694E-03  1.69694E-03  0.00000E+00             30.P  15.  53   2
 7 3  1.73804E-04  1.80575E-03  1.80575E-03  0.00000E+00             30.P  15.  54   3
 7 4  6.32392E-02  3.11037E-05  3.11037E-05  0.00000E+00             30.P  15.  55   4
 7 5  2.57030E-01  9.02631E-05  9.02631E-05  0.00000E+00             30.P  15.  56   5
%%%%  30 P   15    EC B+        1.49880E+02 2.498 M    02-11-2005       SEEIEND 
 


   ***************************************************** 
   *                 Radiation Summary                 * 
   ***************************************************** 
 
  Energy released by
    Gamma-ray                       (MeV) =   1.63611E-03
    X-ray                           (MeV) =   1.08674E-07
    Free-bound X-ray                (MeV) =   5.55049E-08
    Annihilation photon             (MeV) =   1.02053E+00
    Beta+ particle                  (MeV) =   1.43885E+00
    Neutrino                        (MeV) =   1.77151E+00
    Beta- particle                  (MeV) =   0.00000E+00
    Neutrino-                       (MeV) =   0.00000E+00
    Internal conv. electron         (MeV) =   3.51068E-07
    Auger and CK electron           (MeV) =   2.23315E-06
    Alpha particle                  (MeV) =   0.00000E+00
    Recoil nucleus                  (MeV) =   0.00000E+00
  E-total (except unplaced radiat.) (MeV) =   4.23254E+00
  E-unplaced radiation              (MeV) =   0.00000E+00
  Q-value from ENSDF data           (MeV) =   4.23230E+00
  Ratio of E-total/Q-value          ( % ) =   1.00006E+02
  Ratio of E-unplaced radi./Q-value ( % ) =   0.00000E+00

 
  Total yield of
    Gamma-ray                             =   7.41400E-04
    X-ray                                 =   6.34351E-05
    Free-bound X-ray                      =   5.86303E-03
    Annihilation photon                   =   1.99713E+00
    Beta+ particle                        =   9.98565E-01
    Beta- particle                        =   0.00000E+00
    Internal conv. electron               =   9.48015E-08
    Auger and CK electron                 =   4.44063E-03
    Alpha particle                        =   0.00000E+00
  Yield of unplaced radiation             =   0.00000E+00


