%%%% 210 PB  82    B- A         7.00579E+08 22.20 Y    02-11-2005       BALASTAR
1 210   PB  82 22.20 Y         B- A       
1INTENSITY AND ENERGY BALANCE DATA

              210-LEAD-82
+                                    HALFLIFE = 22.2 YEARS   
+                                                                  02-11-2005


    LEVEL       INTENSITY   INTENSITY
    ENERGY      ENTERING    LEAVING     PERCENT
    (MEV)       LEVEL       LEVEL       ERROR

   0.0000E+00  1.0089E+02
   4.6539E-02  8.4000E+01  8.4888E+01  1.0511E+00                      
   0.0000E+00  1.9000E-06


 INTENSITY TO GROUND AND ISOMERIC STATE(S) OF DAUGHTER(S)=  1.009E+02
 TOTAL INTENSITY FROM PARENT=  1.000E+02
 PERCENT ERROR =  8.797E-01                      


 TOTAL INTENSITY FROM PARENT =  1.000E+02
 VALUE IS WITHIN   0.00E+00% OF 100                      


 TOTAL ENERGY AVAILABLE =  6.310E-02 MEV
 TOTAL ENERGY CONTENT OF ALL RADIATIONS =  6.351E-02 MEV
 PERCENT ERROR =  6.503E-01                      
%%%% 210 PB  82    B- A         7.00579E+08 22.20 Y    02-11-2005       BALAEND 
%%%% 210 PB  82    B- A         7.00579E+08 22.20 Y    02-11-2005       INPUSTAR
1                                      **INPUT DATA**
              210-LEAD-82
+                                    HALFLIFE = 22.2 YEARS   
+                                                                  02-11-2005

            MODES OF DECAY: BETA MINUS, ALPHA
 
                                MEAN
                                NUMBER/    TRANSITION
                TYPE OF    ID   TRANSFOR-  ENERGY
              TRANSITION   NO.  MATION     (MEV)       OTHER NUCLEAR PARAMETERS

               BETA MINUS   1   8.40E-01   1.656E-02*  FIRST FORBIDDEN                          
               BETA MINUS   2   1.60E-01   6.310E-02*  FIRST FORBIDDEN                          
           I.C.E. + GAMMA   1   8.49E-01   4.654E-02   M1 MULTIPOLE                             
+                                                                    AK= 0.0                    
                                                       AL1=13.0      AL2=1.29                   
                                                       AL3=0.113     AM= 3.41                   
                                                       AN+=1.11                                 
                    ALPHA   1   1.90E-08   3.792E+00                                            
 
           * ENDPOINT ENERGY (MEV)
           - - - - - - - - - -
           Reference: Evaluated Nuclear Structure Data File (ENSDF)
                DATE DATA WERE ENTERED INTO ENSDF: Oct-1999
%%%% 210 PB  82    B- A         7.00579E+08 22.20 Y    02-11-2005       INPUEND 
%%%% 210 PB  82    B- A         7.00579E+08 22.20 Y    02-11-2005       OUTPSTAR
1                                      **OUTPUT DATA**
              210-LEAD-82
+                                    HALFLIFE = 22.2 YEARS   
+                                                                  02-11-2005

            MODES OF DECAY: BETA MINUS, ALPHA
 
                                              MEAN
                                              NUMBER/                  MEV/
                                         ID   TRANSFOR-   ENERGY       TRANSFOR-
                  TYPE OF RADIATION      NO.  MATION      (MEV)        MATION

           BETA MINUS                     1   8.40E-01    4.162E-03*   3.50E-03
           BETA MINUS                     2   1.60E-01    1.616E-02*   2.59E-03
           GAMMA-RAY                      1   4.25E-02    4.654E-02    1.98E-03
           L1 CONV. ELECTRON, GAMMA-RAY   1   5.54E-01    3.016E-02    1.67E-02
           L2 CONV. ELECTRON, GAMMA-RAY   1   5.50E-02    3.077E-02    1.69E-03
           L3 CONV. ELECTRON, GAMMA-RAY   1   4.80E-03    3.311E-02    1.59E-04
           M CONV. ELECTRON, GAMMA-RAY    1   1.45E-01    4.337E-02*   6.28E-03
           N+ CONV. ELECTRON, GAMMA-RAY   1   4.73E-02    4.654E-02*   2.20E-03
           L1-L3 X-RAY                        1.84E-03    2.951E-03    5.44E-06
           L1-M2 X-RAY                        1.92E-02    1.268E-02    2.43E-04
           L1-M3 X-RAY                        2.05E-02    1.321E-02    2.71E-04
           L1-M4 X-RAY                        7.11E-04    1.368E-02    9.72E-06
           L1-M5 X-RAY                        1.06E-03    1.379E-02    1.47E-05
           L1-N2 X-RAY                        4.97E-03    1.558E-02    7.73E-05
           L1-N3 X-RAY                        5.82E-03    1.571E-02    9.14E-05
           L1-O2 X-RAY                        1.00E-03    1.625E-02    1.63E-05
           L1-03 X-RAY                        1.16E-03    1.628E-02    1.88E-05
           L2-M1 X-RAY                        7.68E-04    1.179E-02    9.06E-06
           L2-M4 X-RAY                        2.82E-02    1.307E-02    3.68E-04
           L2-N4 X-RAY                        5.82E-03    1.530E-02    8.90E-05
           L2-O4 X-RAY                        7.73E-04    1.573E-02    1.22E-05
           L3-M1 X-RAY                        6.57E-03    9.451E-03    6.21E-05
           L3-M4 X-RAY                        1.15E-02    1.073E-02    1.23E-04
           L3-M5 X-RAY                        1.01E-01    1.084E-02    1.10E-03
           L3-N1 X-RAY                        1.50E-03    1.250E-02    1.87E-05
           L3-N4 X-RAY                        2.17E-03    1.296E-02    2.81E-05
           L3-N5 X-RAY                        1.96E-02    1.298E-02    2.55E-04
           L3-O5 X-RAY                        2.53E-03    1.339E-02    3.39E-05
           M X-RAY                            4.65E-02    2.460E-03    1.14E-04
           Free-Bound X-RAY                   1.18E+01    3.247E-05    3.83E-04
           CK LLX                             4.26E-01    8.425E-04*   3.59E-04
           AUGER LMM                          2.52E-01    8.339E-03*   2.10E-03
           AUGER LMX                          1.13E-01    1.082E-02*   1.23E-03
           AUGER LXY                          1.22E-02    1.335E-02*   1.63E-04
           CK MMX                             4.93E-01    4.434E-04*   2.18E-04
           AUGER MNN                          1.05E+00    1.959E-03*   2.06E-03
           AUGER MNX                          1.38E-01    2.235E-03*   3.08E-04
           CK NNX                             1.98E+00    1.742E-04*   3.44E-04
           AUGER NXY                          3.74E+00    9.053E-05*   3.39E-04
           CK OOX                             2.76E+00    4.070E-05*   1.13E-04
           ALPHA                          1   1.90E-08    3.720E+00    7.07E-08
           RECOIL ATOM                        1.90E-08    7.227E-02    1.37E-09
 
           ALL LISTED X-RAYS, GAMMA-RAYS AND ANNIHILATION RADIATION    5.32E-03
           ALL NEGLECTED X-RAYS, GAMMA-RAYS AND ANNIH. RADIATION**     2.39E-05
           ALL LISTED BETAS, INTERNAL CONVERSION AND AUGER ELECTRONS   4.04E-02
           ALL NEGLECTED BETAS, INT. CONVERSION AND AUGER ELECTRONS**  1.93E-05
           ALL LISTED ALPHA PARTICLES AND  RECOIL NUCLEI               7.20E-08
           ALL LISTED RADIATIONS                                       4.57E-02
           ALL NEGLECTED RADIATIONS**                                  4.32E-05
 
           *  AVERAGE ENERGY (MEV)
           ** EACH NEGLECTED TRANSITION CONTRIBUTES LESS THAN  0.100%
              TO THE TOTAL MEV/TRANSFORMATION FOR THIS CATEGORY.
           TOTAL FEEDING OF GROUND STATE LEVEL IN 210-BISMUTH
             DAUGHTER IS 1.0000E+00 PER TRANSFORMATION OF 210-LEAD.
             DECAY OF THIS 5.013 DAYS HALFLIFE LEVEL WILL CONTRIBUTE TO DOSE.
           TOTAL FEEDING OF GROUND STATE LEVEL IN 206-MERCURY
             DAUGHTER IS 1.9000E-08 PER TRANSFORMATION OF 210-LEAD.
             DECAY OF THIS 8.15 MINUTES HALFLIFE LEVEL WILL CONTRIBUTE TO DOSE.
           - - - - - - - - - -
           INPUT DATA SOURCE: EVALUATED NUCLEAR STRUCTURE DATA FILE (ENSDF)
             DATE INPUT DATA WERE ENTERED INTO ENSDF: Oct-1999
%%%% 210 PB  82    B- A         7.00579E+08 22.20 Y    02-11-2005       OUTPEND 
%%%% 210 PB  82    B- A         7.00579E+08 22.20 Y    02-11-2005       BETASTAR
1
              210-LEAD-82
+                                    HALFLIFE = 22.2 YEARS   
+                                                                  02-11-2005

            BETA SPECTRUM DATA FOR ALL DECAY BRANCHES

                      BETAS PER                BETAS PER                BETAS PER
            ENERGY    MEV            ENERGY    MEV            ENERGY    MEV
            (MEV)     PER DECAY      (MEV)     PER DECAY      (MEV)     PER DECAY

            0.00000   1.582E+02      0.00085   1.432E+02      0.00800   4.666E+01
            0.00010   1.564E+02      0.00090   1.423E+02      0.00850   4.195E+01
            0.00011   1.563E+02      0.00100   1.406E+02      0.00900   3.751E+01
            0.00012   1.561E+02      0.00110   1.389E+02      0.01000   2.946E+01
            0.00013   1.559E+02      0.00120   1.372E+02      0.01100   2.250E+01
            0.00014   1.557E+02      0.00130   1.355E+02      0.01200   1.665E+01
            0.00015   1.555E+02      0.00140   1.339E+02      0.01300   1.191E+01
            0.00016   1.554E+02      0.00150   1.322E+02      0.01400   8.277E+00
            0.00018   1.550E+02      0.00160   1.305E+02      0.01500   5.773E+00
            0.00020   1.546E+02      0.00180   1.273E+02      0.01600   4.398E+00
            0.00022   1.543E+02      0.00200   1.240E+02      0.01800   3.893E+00
            0.00024   1.539E+02      0.00220   1.208E+02      0.02000   3.576E+00
            0.00026   1.536E+02      0.00240   1.177E+02      0.02200   3.271E+00
            0.00028   1.532E+02      0.00260   1.146E+02      0.02400   2.977E+00
            0.00030   1.529E+02      0.00280   1.115E+02      0.02600   2.696E+00
            0.00032   1.525E+02      0.00300   1.085E+02      0.02800   2.427E+00
            0.00036   1.518E+02      0.00320   1.055E+02      0.03000   2.170E+00
            0.00040   1.511E+02      0.00360   9.967E+01      0.03200   1.927E+00
            0.00045   1.502E+02      0.00400   9.400E+01      0.03600   1.479E+00
            0.00050   1.493E+02      0.00450   8.715E+01      0.04000   1.087E+00
            0.00055   1.484E+02      0.00500   8.056E+01      0.04500   6.765E-01
            0.00060   1.475E+02      0.00550   7.424E+01      0.05000   3.593E-01
            0.00065   1.467E+02      0.00600   6.819E+01      0.05500   1.392E-01
            0.00070   1.458E+02      0.00650   6.240E+01      0.06000   2.067E-02
            0.00075   1.449E+02      0.00700   5.689E+01      0.06310   0.000E+00
            0.00080   1.441E+02      0.00750   5.164E+01

            AVERAGE BETA ENERGY =   6.081E-03

            TOTAL BETAS PER DECAY FOR ALL BRANCHES =   1.000E+00
%%%% 210 PB  82    B- A         7.00579E+08 22.20 Y    02-11-2005       BETAEND 
%%%% 210 PB  82    B- A         7.00579E+08 22.20 Y    02-11-2005       SEEISTAR
210.  LEAD         82.  2.220E+01 YEARS     74 B- A                 210.PB 82.   0
 5 1  8.40000E+01  4.16160E-03  1.65610E-02  0.00000E+00            210.PB 82.   1   1
 5 2  1.60000E+01  1.61591E-02  6.31000E-02  0.00000E+00            210.PB 82.   2   2
 1 1  4.25000E+00  4.65390E-02  4.65390E-02  0.00000E+00            210.PB 82.   3   1
 6 5  5.54406E+01  3.01630E-02  3.01630E-02  1.00000E+00            210.PB 82.   4   5
 6 6  5.50245E+00  3.07710E-02  3.07710E-02  1.00000E+00            210.PB 82.   5   6
 6 7  4.79905E-01  3.31140E-02  3.31140E-02  1.00000E+00            210.PB 82.   6   7
 6 3  1.44867E+01  4.33721E-02  4.33721E-02  1.00000E+00            210.PB 82.   7   3
 6 4  4.72788E+00  4.65390E-02  4.65390E-02  1.00000E+00            210.PB 82.   8   4
 221  6.54864E-04  6.08000E-04  6.08000E-04  0.00000E+00            210.PB 82.   9  21
 222  1.84268E-01  2.95100E-03  2.95100E-03  0.00000E+00            210.PB 82.  10  22
 223  1.91863E+00  1.26833E-02  1.26833E-02  0.00000E+00            210.PB 82.  11  23
 224  2.05435E+00  1.32091E-02  1.32091E-02  0.00000E+00            210.PB 82.  12  24
 225  7.10804E-02  1.36780E-02  1.36780E-02  0.00000E+00            210.PB 82.  13  25
 226  1.06329E-01  1.37900E-02  1.37900E-02  0.00000E+00            210.PB 82.  14  26
 227  4.96559E-01  1.55766E-02  1.55766E-02  0.00000E+00            210.PB 82.  15  27
 228  5.82071E-01  1.57068E-02  1.57068E-02  0.00000E+00            210.PB 82.  16  28
 229  1.10388E-02  1.59111E-02  1.59111E-02  0.00000E+00            210.PB 82.  17  29
 230  1.74909E-02  1.59354E-02  1.59354E-02  0.00000E+00            210.PB 82.  18  30
 231  9.99871E-02  1.62529E-02  1.62529E-02  0.00000E+00            210.PB 82.  19  31
 232  1.15638E-01  1.62786E-02  1.62786E-02  0.00000E+00            210.PB 82.  20  32
 233  1.38019E-03  1.63406E-02  1.63406E-02  0.00000E+00            210.PB 82.  21  33
 234  2.16900E-03  1.63438E-02  1.63438E-02  0.00000E+00            210.PB 82.  22  34
 235  4.76817E-03  1.63674E-02  1.63674E-02  0.00000E+00            210.PB 82.  23  35
 236  4.62513E-03  1.63697E-02  1.63697E-02  0.00000E+00            210.PB 82.  24  36
 241  1.06544E-04  2.34300E-03  2.34300E-03  0.00000E+00            210.PB 82.  25  41
 242  7.68220E-02  1.17941E-02  1.17941E-02  0.00000E+00            210.PB 82.  26  42
 243  3.23188E-03  1.26011E-02  1.26011E-02  0.00000E+00            210.PB 82.  27  43
 244  2.81626E+00  1.30700E-02  1.30700E-02  0.00000E+00            210.PB 82.  28  44
 245  1.99308E-02  1.48446E-02  1.48446E-02  0.00000E+00            210.PB 82.  29  45
 246  9.05219E-04  1.50988E-02  1.50988E-02  0.00000E+00            210.PB 82.  30  46
 247  5.81506E-01  1.53031E-02  1.53031E-02  0.00000E+00            210.PB 82.  31  47
 248  2.56910E-03  1.55941E-02  1.55941E-02  0.00000E+00            210.PB 82.  32  48
 249  4.33297E-03  1.56011E-02  1.56011E-02  0.00000E+00            210.PB 82.  33  49
 250  1.83707E-04  1.56706E-02  1.56706E-02  0.00000E+00            210.PB 82.  34  50
 251  7.72704E-02  1.57326E-02  1.57326E-02  0.00000E+00            210.PB 82.  35  51
 253  6.12012E-04  1.57503E-02  1.57503E-02  0.00000E+00            210.PB 82.  36  53
 254  7.17233E-06  1.57617E-02  1.57617E-02  0.00000E+00            210.PB 82.  37  54
 261  6.56621E-01  9.45110E-03  9.45110E-03  0.00000E+00            210.PB 82.  38  61
 262  7.09420E-03  9.73226E-03  9.73226E-03  0.00000E+00            210.PB 82.  39  62
 263  6.41005E-03  1.02580E-02  1.02580E-02  0.00000E+00            210.PB 82.  40  63
 264  1.14842E+00  1.07270E-02  1.07270E-02  0.00000E+00            210.PB 82.  41  64
 265  1.01131E+01  1.08390E-02  1.08390E-02  0.00000E+00            210.PB 82.  42  65
 266  1.49548E-01  1.25016E-02  1.25016E-02  0.00000E+00            210.PB 82.  43  66
 267  1.60325E-03  1.26256E-02  1.26256E-02  0.00000E+00            210.PB 82.  44  67
 268  1.65352E-03  1.27558E-02  1.27558E-02  0.00000E+00            210.PB 82.  45  68
 269  2.16917E-01  1.29601E-02  1.29601E-02  0.00000E+00            210.PB 82.  46  69
 270  1.96372E+00  1.29844E-02  1.29844E-02  0.00000E+00            210.PB 82.  47  70
 271  1.81524E-03  1.32511E-02  1.32511E-02  0.00000E+00            210.PB 82.  48  71
 272  1.01255E-02  1.32569E-02  1.32569E-02  0.00000E+00            210.PB 82.  49  72
 273  3.28138E-02  1.32581E-02  1.32581E-02  0.00000E+00            210.PB 82.  50  73
 274  3.36328E-04  1.33019E-02  1.33019E-02  0.00000E+00            210.PB 82.  51  74
 275  3.52044E-04  1.33275E-02  1.33275E-02  0.00000E+00            210.PB 82.  52  75
 276  2.83800E-02  1.33896E-02  1.33896E-02  0.00000E+00            210.PB 82.  53  76
 277  2.52856E-01  1.33928E-02  1.33928E-02  0.00000E+00            210.PB 82.  54  77
 280  4.54827E-03  1.34073E-02  1.34073E-02  0.00000E+00            210.PB 82.  55  80
 281  1.49011E-05  1.34164E-02  1.34164E-02  0.00000E+00            210.PB 82.  56  81
 282  1.28598E-05  1.34187E-02  1.34187E-02  0.00000E+00            210.PB 82.  57  82
 291  4.65188E+00  2.46022E-03  2.46022E-03  0.00000E+00            210.PB 82.  58  91
 292  1.00837E-01  3.59052E-04  3.59052E-04  0.00000E+00            210.PB 82.  59  92
 293  1.19868E-03  7.92209E-05  7.92209E-05  0.00000E+00            210.PB 82.  60  93
 294  1.17867E+03  3.24738E-05  3.24738E-05  0.00000E+00            210.PB 82.  61  94
 7 4  4.25738E+01  8.42482E-04  8.42482E-04  0.00000E+00            210.PB 82.  62   4
 7 5  2.51868E+01  8.33944E-03  8.33944E-03  0.00000E+00            210.PB 82.  63   5
 7 6  1.13453E+01  1.08220E-02  1.08220E-02  0.00000E+00            210.PB 82.  64   6
 7 7  1.22474E+00  1.33497E-02  1.33497E-02  0.00000E+00            210.PB 82.  65   7
 7 8  4.92796E+01  4.43381E-04  4.43381E-04  0.00000E+00            210.PB 82.  66   8
 7 9  1.05227E+02  1.95868E-03  1.95868E-03  0.00000E+00            210.PB 82.  67   9
 710  1.37645E+01  2.23468E-03  2.23468E-03  0.00000E+00            210.PB 82.  68  10
 711  7.03631E-01  2.64473E-03  2.64473E-03  0.00000E+00            210.PB 82.  69  11
 712  1.97661E+02  1.74238E-04  1.74238E-04  0.00000E+00            210.PB 82.  70  12
 713  3.74073E+02  9.05287E-05  9.05287E-05  0.00000E+00            210.PB 82.  71  13
 714  2.76469E+02  4.07016E-05  4.07016E-05  0.00000E+00            210.PB 82.  72  14
 715  5.68737E-01  1.18275E-04  1.18275E-04  0.00000E+00            210.PB 82.  73  15
 8 1  1.90000E-06  3.71973E+00  7.22746E-02  0.00000E+00            210.PB 82.  74   1
%%%% 210 PB  82    B- A         7.00579E+08 22.20 Y    02-11-2005       SEEIEND 
 


   ***************************************************** 
   *                 Radiation Summary                 * 
   ***************************************************** 
 
  Energy released by
    Gamma-ray                       (MeV) =   1.97791E-03
    X-ray                           (MeV) =   2.98211E-03
    Free-bound X-ray                (MeV) =   3.82758E-04
    Annihilation photon             (MeV) =   0.00000E+00
    Beta+ particle                  (MeV) =   0.00000E+00
    Neutrino                        (MeV) =   0.00000E+00
    Beta- particle                  (MeV) =   6.08120E-03
    Neutrino-                       (MeV) =   1.79260E-02
    Internal conv. electron         (MeV) =   2.70581E-02
    Auger and CK electron           (MeV) =   7.25241E-03
    Alpha particle                  (MeV) =   7.06748E-08
    Recoil nucleus                  (MeV) =   1.37322E-09
  E-total (except unplaced radiat.) (MeV) =   6.36606E-02
  E-unplaced radiation              (MeV) =   0.00000E+00
  Q-value from ENSDF data           (MeV) =   6.31001E-02
  Ratio of E-total/Q-value          ( % ) =   1.00888E+02
  Ratio of E-unplaced radi./Q-value ( % ) =   0.00000E+00

 
  Total yield of
    Gamma-ray                             =   4.25000E-02
    X-ray                                 =   2.86050E-01
    Free-bound X-ray                      =   1.17867E+01
    Annihilation photon                   =   0.00000E+00
    Beta+ particle                        =   0.00000E+00
    Beta- particle                        =   1.00000E+00
    Internal conv. electron               =   8.06376E-01
    Auger and CK electron                 =   1.09808E+01
    Alpha particle                        =   1.90000E-08
  Yield of unplaced radiation             =   0.00000E+00


