%%%% 214 PB  82    B-           1.60800E+03 26.8 M     02-11-2005       BALASTAR
1 214   PB  82 26.8 M          B-         
           WARNING:                                                                             
 214 BI 83  GAMMA-RAY ENERGY =   0.00950 MEV                                                    
           HALF-LIFE OF INITIAL LEVEL ASSOCIATED WITH GAMMA-RAY TOO SHORT TO BE                 
           CONSIDERED ISOMERIC, AND INTENSITY = 0.0                                             
           TRANSITION IGNORED                                                                   
           WARNING:                                                                             
 214 BI 83  GAMMA-RAY ENERGY =   0.05684 MEV                                                    
           HALF-LIFE OF INITIAL LEVEL ASSOCIATED WITH GAMMA-RAY TOO SHORT TO BE                 
           CONSIDERED ISOMERIC, AND INTENSITY = 0.0                                             
           TRANSITION IGNORED                                                                   
           WARNING:                                                                             
 214 BI 83  GAMMA-RAY ENERGY =   0.06270 MEV                                                    
           HALF-LIFE OF INITIAL LEVEL ASSOCIATED WITH GAMMA-RAY TOO SHORT TO BE                 
           CONSIDERED ISOMERIC, AND INTENSITY = 0.0                                             
           TRANSITION IGNORED                                                                   
           WARNING:                                                                             
 214 BI 83  GAMMA-RAY ENERGY =   0.18150 MEV                                                    
           HALF-LIFE OF INITIAL LEVEL ASSOCIATED WITH GAMMA-RAY TOO SHORT TO BE                 
           CONSIDERED ISOMERIC, AND INTENSITY = 0.0                                             
           TRANSITION IGNORED                                                                   
1INTENSITY AND ENERGY BALANCE DATA

              214-LEAD-82
+                                    HALFLIFE = 26.8 MINUTES 
+                                                                  02-11-2005


    LEVEL       INTENSITY   INTENSITY
    ENERGY      ENTERING    LEAVING     PERCENT
    (MEV)       LEVEL       LEVEL       ERROR

   0.0000E+00  1.0277E+02
   5.3228E-02  1.5557E+01  1.6658E+01  6.8400E+00                      
   6.2700E-02  2.7327E-01  0.0000E+00  2.0000E+02  ********************
   2.5887E-01  1.1292E+00  1.1152E+00  1.2417E+00                      
   2.9522E-01  4.1709E+01  4.2638E+01  2.2041E+00                      
   3.5193E-01  4.8649E+01  4.9621E+01  1.9781E+00                      
   3.7703E-01  2.6325E-01  2.2382E-01  1.6191E+01  ********************
   5.3367E-01  1.1956E+00  1.2471E+00  4.2157E+00                      
   7.9724E-01  2.0709E-02  2.0522E-02  9.0899E-01                      
   8.3900E-01  2.7316E+00  2.7754E+00  1.5907E+00                      
   8.8800E-01  3.3529E-02  3.3920E-02  1.1596E+00                      


 INTENSITY TO GROUND AND ISOMERIC STATE(S) OF DAUGHTER(S)=  1.028E+02
 TOTAL INTENSITY FROM PARENT=  1.000E+02
 PERCENT ERROR =  2.697E+00                      


 TOTAL INTENSITY FROM PARENT =  1.000E+02
 VALUE IS WITHIN   1.53E-05% OF 100                      


 TOTAL ENERGY AVAILABLE =  1.023E+00 MEV
 TOTAL ENERGY CONTENT OF ALL RADIATIONS =  1.030E+00 MEV
 PERCENT ERROR =  6.837E-01                      
%%%% 214 PB  82    B-           1.60800E+03 26.8 M     02-11-2005       BALAEND 
%%%% 214 PB  82    B-           1.60800E+03 26.8 M     02-11-2005       INPUSTAR
1                                      **INPUT DATA**
              214-LEAD-82
+                                    HALFLIFE = 26.8 MINUTES 
+                                                                  02-11-2005

            MODE OF DECAY: BETA MINUS
 
                                MEAN
                                NUMBER/    TRANSITION
                TYPE OF    ID   TRANSFOR-  ENERGY
              TRANSITION   NO.  MATION     (MEV)       OTHER NUCLEAR PARAMETERS

               BETA MINUS   1   3.35E-04   1.350E-01*  ALLOWED                                  
+                                                              ASSUMED                          
               BETA MINUS   2   2.73E-02   1.840E-01*  ALLOWED                                  
               BETA MINUS   3   2.07E-04   2.258E-01*  ALLOWED                                  
+                                                              ASSUMED                          
               BETA MINUS   4   1.16E-02   4.893E-01*  FIRST FORBIDDEN                          
               BETA MINUS   5   4.82E-01   6.711E-01*  FIRST FORBIDDEN                          
               BETA MINUS   6   4.16E-01   7.278E-01*  FIRST FORBIDDEN                          
               BETA MINUS   8   6.21E-02   1.023E+00*  FIRST FORBIDDEN                          
           I.C.E. + GAMMA   2   1.67E-01   5.323E-02   M1+E2 MULTIPOLE                          
                                                       MRS=0.000900  AK= 0.0                    
                                                       AL1=8.77      AL2=0.915                  
                                                       AL3=0.117     AM= 2.32                   
                                                       AN+=0.756                                
           I.C.E. + GAMMA   5   1.50E-04   1.072E-01   UNPLACED GAMMA                           
           I.C.E. + GAMMA   6   9.40E-04   1.182E-01   E2 MULTIPOLE ASSUMED                     
                                                       AK= 0.439     AL1=0.0819                 
                                                       AL2=1.22      AL3=0.902                  
                                                       AM= 0.587     AN+=0.184                  
           I.C.E. + GAMMA   7   6.00E-05   1.375E-01   UNPLACED GAMMA                           
           I.C.E. + GAMMA   8   4.00E-05   1.413E-01   UNPLACED GAMMA                           
           I.C.E. + GAMMA   9   3.20E-04   1.701E-01   UNPLACED GAMMA                           
           I.C.E. + GAMMA  11   1.77E-03   1.962E-01   E2 MULTIPOLE ASSUMED                     
                                                       AK= 0.566     AL1=0.0826                 
                                                       AL2=0.416     AL3=0.247                  
                                                       AM= 0.197     AN+=0.0621                 
           I.C.E. + GAMMA  12   2.76E-04   2.057E-01   M1 MULTIPOLE                             
+                                                                    AK= 1.14                   
                                                       AL1=0.179     AL2=0.0174                 
                                                       AL3=0.00130   AM= 0.0465                 
                                                       AN+=0.0152                               
           I.C.E. + GAMMA  13   2.20E-04   2.165E-01   UNPLACED GAMMA                           
           I.C.E. + GAMMA  14   2.37E-04   2.384E-01   M1 MULTIPOLE                             
+                                                                    AK= 0.473                  
                                                       AL1=0.0741    AL2=0.00718                
                                                       AM= 0.0192    AN+=0.00628                
           I.C.E. + GAMMA  15   1.40E-01   2.420E-01   M1+E2 MULTIPOLE                          
                                                       AK= 0.724     AL1=0.113                  
                                                       AL2=0.0110    AM= 0.0294                 
                                                       AN+=0.00962                              
           I.C.E. + GAMMA  16   9.10E-03   2.589E-01   M1 MULTIPOLE                             
+                                                                    AK= 0.601                  
                                                       AL1=0.0940    AL2=0.00908                
                                                       AM= 0.0244    AN+=0.00797                
           I.C.E. + GAMMA  17   6.60E-03   2.748E-01   M1+E2 MULTIPOLE                          
                                                       MRS=1.00      AK= 0.296                  
                                                       AL1=0.0458    AL2=0.0193                 
                                                       AL3=0.00802   AM= 0.0179                 
                                                       AN+=0.00578                              
           I.C.E. + GAMMA  18   2.86E-01   2.952E-01   M1+E2 MULTIPOLE                          
                                                       MRS=0.0900    AK= 0.391                  
                                                       AL1=0.0608    AL2=0.00764                
                                                       AL3=0.00133   AM= 0.0165                 
                                                       AN+=0.00538                              
           I.C.E. + GAMMA  19   2.62E-04   2.988E-01   M1 MULTIPOLE                             
+                                                                    AK= 0.253                  
                                                       AL1=0.0394    AL2=0.00377                
                                                       AM= 0.0102    AN+=0.00334                
           I.C.E. + GAMMA  20   3.19E-04   3.053E-01   E1 MULTIPOLE                             
+                                                                    AK= 0.0240                 
                                                       AL1=0.00306                              
           I.C.E. + GAMMA  21   9.59E-04   3.143E-01   E2 MULTIPOLE ASSUMED                     
                                                       AK= 0.129     AL1=0.0191                 
                                                       AL2=0.0384    AL3=0.0179                 
                                                       AM= 0.0195    AN+=0.00619                
           I.C.E. + GAMMA  22   3.39E-04   3.238E-01   E2 MULTIPOLE ASSUMED                     
                                                       AK= 0.120     AL1=0.0178                 
                                                       AL2=0.0339    AL3=0.0156                 
                                                       AM= 0.0174    AN+=0.00551                
           I.C.E. + GAMMA  23   4.96E-01   3.519E-01   M1+E2 MULTIPOLE                          
                                                       AK= 0.261     AL1=0.0405                 
                                                       AL2=0.00382   AM= 0.0105                 
                                                       AN+=0.00342                              
           I.C.E. + GAMMA  24   2.29E-03   4.620E-01   E2 MULTIPOLE ASSUMED                     
                                                       AK= 0.0256    AL1=0.00382                
                                                       AL2=0.00383   AL3=0.00145                
                                                       AM= 0.00230                              
           I.C.E. + GAMMA  25   3.64E-03   4.804E-01   M1 MULTIPOLE                             
+                                                                    AK= 0.113                  
                                                       AL1=0.0175    AL2=0.00159                
                                                       AM= 0.00452   AN+=0.00148                
           I.C.E. + GAMMA  26   4.26E-03   4.871E-01   E1 MULTIPOLE                             
+                                                                    AK= 0.00871                
                                                       AL1=0.00115                              
           I.C.E. + GAMMA  27   3.39E-04   5.110E-01   E2 MULTIPOLE ASSUMED                     
                                                       AK= 0.0421    AL1=0.00631                
                                                       AL2=0.00528   AL3=0.00190                
                                                       AM= 0.00338   AN+=0.00108                
           I.C.E. + GAMMA  28   1.99E-03   5.337E-01   M1 MULTIPOLE                             
+                                                                    AK= 0.0573                 
                                                       AL1=0.00885   AM= 0.00228                
           I.C.E. + GAMMA  29   2.05E-04   5.384E-01   E2 MULTIPOLE ASSUMED                     
                                                       AK= 0.0186    AL1=0.00278                
                                                       AL2=0.00213   AM= 0.00141                
           I.C.E. + GAMMA  30   6.96E-04   5.438E-01   E1 MULTIPOLE                             
+                                                                    AK= 0.00696                
           I.C.E. + GAMMA  31   3.55E-03   5.801E-01   E1 MULTIPOLE                             
+                                                                    AK= 0.00611                
           I.C.E. + GAMMA  32   7.80E-04   7.660E-01   UNPLACED GAMMA                           
           I.C.E. + GAMMA  33   1.07E-02   7.860E-01   E1 MULTIPOLE                             
+                                                                    AK= 0.00341                
           I.C.E. + GAMMA  34   5.89E-03   8.390E-01   E1 MULTIPOLE                             
+                                                                    AK= 0.00302                
 
           * ENDPOINT ENERGY (MEV)
           - - - - - - - - - -
           Reference: Evaluated Nuclear Structure Data File (ENSDF)
                DATE DATA WERE ENTERED INTO ENSDF: Nov-1995
%%%% 214 PB  82    B-           1.60800E+03 26.8 M     02-11-2005       INPUEND 
%%%% 214 PB  82    B-           1.60800E+03 26.8 M     02-11-2005       OUTPSTAR
1                                      **OUTPUT DATA**
              214-LEAD-82
+                                    HALFLIFE = 26.8 MINUTES 
+                                                                  02-11-2005

            MODE OF DECAY: BETA MINUS
 
                                              MEAN
                                              NUMBER/                  MEV/
                                         ID   TRANSFOR-   ENERGY       TRANSFOR-
                  TYPE OF RADIATION      NO.  MATION      (MEV)        MATION

           BETA MINUS                     2   2.73E-02    4.945E-02*   1.35E-03
           BETA MINUS                     4   1.16E-02    1.444E-01*   1.68E-03
           BETA MINUS                     5   4.82E-01    2.068E-01*   9.97E-02
           BETA MINUS                     6   4.16E-01    2.270E-01*   9.45E-02
           BETA MINUS                     8   6.21E-02    3.363E-01*   2.09E-02
           GAMMA-RAY                      2   1.20E-02    5.323E-02    6.39E-04
           L1 CONV. ELECTRON, GAMMA-RAY   2   1.05E-01    3.685E-02    3.88E-03
           L2 CONV. ELECTRON, GAMMA-RAY   2   1.10E-02    3.746E-02    4.11E-04
           M CONV. ELECTRON, GAMMA-RAY    2   2.79E-02    5.006E-02*   1.39E-03
           N+ CONV. ELECTRON, GAMMA-RAY   2   9.07E-03    5.323E-02*   4.83E-04
           GAMMA-RAY                     15   7.43E-02    2.420E-01    1.80E-02
           K CONV. ELECTRON, GAMMA-RAY   15   5.38E-02    1.512E-01    8.13E-03
           L1 CONV. ELECTRON, GAMMA-RAY  15   8.43E-03    2.256E-01    1.90E-03
           M CONV. ELECTRON, GAMMA-RAY   15   2.19E-03    2.388E-01*   5.23E-04
           GAMMA-RAY                     16   5.24E-03    2.589E-01    1.36E-03
           K CONV. ELECTRON, GAMMA-RAY   16   3.15E-03    1.680E-01    5.29E-04
           GAMMA-RAY                     17   4.74E-03    2.748E-01    1.30E-03
           GAMMA-RAY                     18   1.93E-01    2.952E-01    5.70E-02
           K CONV. ELECTRON, GAMMA-RAY   18   7.54E-02    2.044E-01    1.54E-02
           L1 CONV. ELECTRON, GAMMA-RAY  18   1.17E-02    2.788E-01    3.27E-03
           L2 CONV. ELECTRON, GAMMA-RAY  18   1.47E-03    2.795E-01    4.12E-04
           M CONV. ELECTRON, GAMMA-RAY   18   3.19E-03    2.921E-01*   9.31E-04
           N+ CONV. ELECTRON, GAMMA-RAY  18   1.04E-03    2.952E-01*   3.07E-04
           GAMMA-RAY                     23   3.76E-01    3.519E-01    1.32E-01
           K CONV. ELECTRON, GAMMA-RAY   23   9.80E-02    2.611E-01    2.56E-02
           L1 CONV. ELECTRON, GAMMA-RAY  23   1.52E-02    3.356E-01    5.10E-03
           L2 CONV. ELECTRON, GAMMA-RAY  23   1.44E-03    3.362E-01    4.83E-04
           M CONV. ELECTRON, GAMMA-RAY   23   3.94E-03    3.488E-01*   1.38E-03
           N+ CONV. ELECTRON, GAMMA-RAY  23   1.29E-03    3.519E-01*   4.53E-04
           GAMMA-RAY                     24   2.21E-03    4.620E-01    1.02E-03
           GAMMA-RAY                     25   3.20E-03    4.804E-01    1.54E-03
           GAMMA-RAY                     26   4.22E-03    4.871E-01    2.06E-03
           GAMMA-RAY                     28   1.86E-03    5.337E-01    9.93E-04
           GAMMA-RAY                     30   6.90E-04    5.438E-01    3.75E-04
           GAMMA-RAY                     31   3.52E-03    5.801E-01    2.04E-03
           GAMMA-RAY                     32   7.80E-04    7.660E-01    5.97E-04
           GAMMA-RAY                     33   1.07E-02    7.860E-01    8.41E-03
           GAMMA-RAY                     34   5.87E-03    8.390E-01    4.93E-03
           K -L2 X-RAY                        6.60E-02    7.506E-02    4.95E-03
           K -L3 X-RAY                        1.10E-01    7.741E-02    8.54E-03
           K -M2 X-RAY                        1.23E-02    8.714E-02    1.07E-03
           K -M3 X-RAY                        2.39E-02    8.767E-02    2.10E-03
           K -N2 X-RAY                        2.96E-03    9.003E-02    2.66E-04
           K -N3 X-RAY                        5.83E-03    9.016E-02    5.25E-04
           L2-M4 X-RAY                        3.07E-02    1.307E-02    4.01E-04
           L3-M5 X-RAY                        5.81E-02    1.084E-02    6.30E-04
           AUGER KLL                          5.47E-03    6.030E-02*   3.30E-04
           AUGER LMM                          1.42E-01    8.275E-03*   1.17E-03
           AUGER LMX                          6.37E-02    1.074E-02*   6.84E-04
           AUGER MNN                          5.19E-01    1.961E-03*   1.02E-03
 
           ALL LISTED X-RAYS, GAMMA-RAYS AND ANNIHILATION RADIATION    2.51E-01
           ALL NEGLECTED X-RAYS, GAMMA-RAYS AND ANNIH. RADIATION**     2.27E-03
           ALL LISTED BETAS, INTERNAL CONVERSION AND AUGER ELECTRONS   2.92E-01
           ALL NEGLECTED BETAS, INT. CONVERSION AND AUGER ELECTRONS**  2.93E-03
           ALL LISTED RADIATIONS                                       5.43E-01
           ALL NEGLECTED RADIATIONS**                                  5.19E-03
 
           *  AVERAGE ENERGY (MEV)
           ** EACH NEGLECTED TRANSITION CONTRIBUTES LESS THAN  0.100%
              TO THE TOTAL MEV/TRANSFORMATION FOR THIS CATEGORY.
           TOTAL FEEDING OF GROUND STATE LEVEL IN 214-BISMUTH
             DAUGHTER IS 1.0000E+00 PER TRANSFORMATION OF 214-LEAD.
             DECAY OF THIS 19.9 MINUTES HALFLIFE LEVEL WILL CONTRIBUTE TO DOSE.
           - - - - - - - - - -
           INPUT DATA SOURCE: EVALUATED NUCLEAR STRUCTURE DATA FILE (ENSDF)
             DATE INPUT DATA WERE ENTERED INTO ENSDF: Nov-1995
%%%% 214 PB  82    B-           1.60800E+03 26.8 M     02-11-2005       OUTPEND 
%%%% 214 PB  82    B-           1.60800E+03 26.8 M     02-11-2005       BETASTAR
1
              214-LEAD-82
+                                    HALFLIFE = 26.8 MINUTES 
+                                                                  02-11-2005

            BETA SPECTRUM DATA FOR ALL DECAY BRANCHES

                      BETAS PER                BETAS PER                BETAS PER
            ENERGY    MEV            ENERGY    MEV            ENERGY    MEV
            (MEV)     PER DECAY      (MEV)     PER DECAY      (MEV)     PER DECAY

            0.00000   3.022E+00      0.00220   3.010E+00      0.05500   2.786E+00
            0.00010   3.022E+00      0.00240   3.008E+00      0.06000   2.766E+00
            0.00011   3.022E+00      0.00260   3.007E+00      0.06500   2.745E+00
            0.00012   3.022E+00      0.00280   3.006E+00      0.07000   2.724E+00
            0.00013   3.022E+00      0.00300   3.005E+00      0.07500   2.703E+00
            0.00014   3.022E+00      0.00320   3.004E+00      0.08000   2.682E+00
            0.00015   3.022E+00      0.00360   3.001E+00      0.08500   2.660E+00
            0.00016   3.022E+00      0.00400   2.999E+00      0.09000   2.638E+00
            0.00018   3.021E+00      0.00450   2.996E+00      0.10000   2.594E+00
            0.00020   3.021E+00      0.00500   2.993E+00      0.11000   2.550E+00
            0.00022   3.021E+00      0.00550   2.990E+00      0.12000   2.505E+00
            0.00024   3.021E+00      0.00600   2.987E+00      0.13000   2.461E+00
            0.00026   3.021E+00      0.00650   2.984E+00      0.14000   2.417E+00
            0.00028   3.021E+00      0.00700   2.981E+00      0.15000   2.374E+00
            0.00030   3.021E+00      0.00750   2.978E+00      0.16000   2.332E+00
            0.00032   3.021E+00      0.00800   2.975E+00      0.18000   2.252E+00
            0.00036   3.020E+00      0.00850   2.972E+00      0.20000   2.175E+00
            0.00040   3.020E+00      0.00900   2.969E+00      0.22000   2.092E+00
            0.00045   3.020E+00      0.01000   2.963E+00      0.24000   2.003E+00
            0.00050   3.020E+00      0.01100   2.957E+00      0.26000   1.908E+00
            0.00055   3.019E+00      0.01200   2.951E+00      0.28000   1.809E+00
            0.00060   3.019E+00      0.01300   2.945E+00      0.30000   1.706E+00
            0.00065   3.019E+00      0.01400   2.939E+00      0.32000   1.600E+00
            0.00070   3.018E+00      0.01500   2.933E+00      0.36000   1.380E+00
            0.00075   3.018E+00      0.01600   2.927E+00      0.40000   1.155E+00
            0.00080   3.018E+00      0.01800   2.923E+00      0.45000   8.795E-01
            0.00085   3.017E+00      0.02000   2.916E+00      0.50000   6.213E-01
            0.00090   3.017E+00      0.02200   2.909E+00      0.55000   3.940E-01
            0.00100   3.017E+00      0.02400   2.902E+00      0.60000   2.121E-01
            0.00110   3.016E+00      0.02600   2.895E+00      0.65000   9.212E-02
            0.00120   3.015E+00      0.02800   2.888E+00      0.70000   4.155E-02
            0.00130   3.015E+00      0.03000   2.881E+00      0.75000   2.718E-02
            0.00140   3.014E+00      0.03200   2.874E+00      0.80000   1.925E-02
            0.00150   3.014E+00      0.03600   2.860E+00      0.85000   1.227E-02
            0.00160   3.013E+00      0.04000   2.845E+00      0.90000   6.554E-03
            0.00180   3.012E+00      0.04500   2.826E+00      1.00000   2.544E-04
            0.00200   3.011E+00      0.05000   2.806E+00      1.02300   0.000E+00

            AVERAGE BETA ENERGY =   2.181E-01

            TOTAL BETAS PER DECAY FOR ALL BRANCHES =   1.000E+00
%%%% 214 PB  82    B-           1.60800E+03 26.8 M     02-11-2005       BETAEND 
%%%% 214 PB  82    B-           1.60800E+03 26.8 M     02-11-2005       SEEISTAR
214.  LEAD         82.  2.680E+01 MINUTES  264 B-                   214.PB 82.   0
 5 1  3.35289E-02  3.56141E-02  1.35000E-01  0.00000E+00            214.PB 82.   1   1
 5 2  2.73162E+00  4.94487E-02  1.84000E-01  0.00000E+00            214.PB 82.   2   2
 5 3  2.07090E-02  6.15890E-02  2.25760E-01  0.00000E+00            214.PB 82.   3   3
 5 4  1.16365E+00  1.44446E-01  4.89330E-01  0.00000E+00            214.PB 82.   4   4
 5 5  4.82225E+01  2.06812E-01  6.71068E-01  0.00000E+00            214.PB 82.   5   5
 5 6  4.16153E+01  2.26981E-01  7.27776E-01  0.00000E+00            214.PB 82.   6   6
 5 8  6.21271E+00  3.36347E-01  1.02300E+00  0.00000E+00            214.PB 82.   7   8
 1 2  1.20000E+00  5.32275E-02  5.32275E-02  0.00000E+00            214.PB 82.   8   2
 6 5  1.05265E+01  3.68515E-02  3.68515E-02  2.00000E+00            214.PB 82.   9   5
 6 6  1.09837E+00  3.74595E-02  3.74595E-02  2.00000E+00            214.PB 82.  10   6
 6 7  1.40885E-01  3.98025E-02  3.98025E-02  2.00000E+00            214.PB 82.  11   7
 6 3  2.78586E+00  5.00606E-02  5.00606E-02  2.00000E+00            214.PB 82.  12   3
 6 4  9.06713E-01  5.32275E-02  5.32275E-02  2.00000E+00            214.PB 82.  13   4
 1 5  1.50000E-02  1.07220E-01  1.07220E-01  0.00000E+00            214.PB 82.  14   5
 1 6  2.12886E-02  1.18160E-01  1.18160E-01  0.00000E+00            214.PB 82.  15   6
 6 1  9.35415E-03  2.73280E-02  2.73280E-02  6.00000E+00            214.PB 82.  16   1
 6 5  1.74361E-03  1.01784E-01  1.01784E-01  6.00000E+00            214.PB 82.  17   5
 6 6  2.59896E-02  1.02392E-01  1.02392E-01  6.00000E+00            214.PB 82.  18   6
 6 7  1.91982E-02  1.04735E-01  1.04735E-01  6.00000E+00            214.PB 82.  19   7
 6 3  1.24995E-02  1.14993E-01  1.14993E-01  6.00000E+00            214.PB 82.  20   3
 6 4  3.92635E-03  1.18160E-01  1.18160E-01  6.00000E+00            214.PB 82.  21   4
 1 7  6.00000E-03  1.37450E-01  1.37450E-01  0.00000E+00            214.PB 82.  22   7
 1 8  4.00000E-03  1.41300E-01  1.41300E-01  0.00000E+00            214.PB 82.  23   8
 1 9  3.20000E-02  1.70070E-01  1.70070E-01  0.00000E+00            214.PB 82.  24   9
 111  6.90000E-02  1.96200E-01  1.96200E-01  0.00000E+00            214.PB 82.  25  11
 6 1  3.90253E-02  1.05368E-01  1.05368E-01  1.10000E+01            214.PB 82.  26   1
 6 5  5.69790E-03  1.79824E-01  1.79824E-01  1.10000E+01            214.PB 82.  27   5
 6 6  2.87148E-02  1.80432E-01  1.80432E-01  1.10000E+01            214.PB 82.  28   6
 6 7  1.70275E-02  1.82775E-01  1.82775E-01  1.10000E+01            214.PB 82.  29   7
 6 3  1.35810E-02  1.93033E-01  1.93033E-01  1.10000E+01            214.PB 82.  30   3
 6 4  4.28347E-03  1.96200E-01  1.96200E-01  1.10000E+01            214.PB 82.  31   4
 112  1.15000E-02  2.05680E-01  2.05680E-01  0.00000E+00            214.PB 82.  32  12
 6 1  1.30716E-02  1.14848E-01  1.14848E-01  1.20000E+01            214.PB 82.  33   1
 6 5  2.05410E-03  1.89304E-01  1.89304E-01  1.20000E+01            214.PB 82.  34   5
 6 6  2.00566E-04  1.89912E-01  1.89912E-01  1.20000E+01            214.PB 82.  35   6
 6 7  1.49967E-05  1.92255E-01  1.92255E-01  1.20000E+01            214.PB 82.  36   7
 6 3  5.34353E-04  2.02513E-01  2.02513E-01  1.20000E+01            214.PB 82.  37   3
 6 4  1.74440E-04  2.05680E-01  2.05680E-01  1.20000E+01            214.PB 82.  38   4
 113  2.20000E-02  2.16470E-01  2.16470E-01  0.00000E+00            214.PB 82.  39  13
 114  1.50000E-02  2.38400E-01  2.38400E-01  0.00000E+00            214.PB 82.  40  14
 6 1  7.09063E-03  1.47568E-01  1.47568E-01  1.40000E+01            214.PB 82.  41   1
 6 5  1.11105E-03  2.22024E-01  2.22024E-01  1.40000E+01            214.PB 82.  42   5
 6 6  1.07718E-04  2.22632E-01  2.22632E-01  1.40000E+01            214.PB 82.  43   6
 6 7  7.94108E-06  2.24975E-01  2.24975E-01  1.40000E+01            214.PB 82.  44   7
 6 3  2.88454E-04  2.35233E-01  2.35233E-01  1.40000E+01            214.PB 82.  45   3
 6 4  9.42075E-05  2.38400E-01  2.38400E-01  1.40000E+01            214.PB 82.  46   4
 115  7.43000E+00  2.41997E-01  2.41997E-01  0.00000E+00            214.PB 82.  47  15
 6 1  5.37973E+00  1.51165E-01  1.51165E-01  1.50000E+01            214.PB 82.  48   1
 6 5  8.42702E-01  2.25621E-01  2.25621E-01  1.50000E+01            214.PB 82.  49   5
 6 6  8.16433E-02  2.26229E-01  2.26229E-01  1.50000E+01            214.PB 82.  50   6
 6 7  6.01022E-03  2.28572E-01  2.28572E-01  1.50000E+01            214.PB 82.  51   7
 6 3  2.18776E-01  2.38830E-01  2.38830E-01  1.50000E+01            214.PB 82.  52   3
 6 4  7.14485E-02  2.41997E-01  2.41997E-01  1.50000E+01            214.PB 82.  53   4
 116  5.24000E-01  2.58870E-01  2.58870E-01  0.00000E+00            214.PB 82.  54  16
 6 1  3.15011E-01  1.68038E-01  1.68038E-01  1.60000E+01            214.PB 82.  55   1
 6 5  4.92720E-02  2.42494E-01  2.42494E-01  1.60000E+01            214.PB 82.  56   5
 6 6  4.75742E-03  2.43102E-01  2.43102E-01  1.60000E+01            214.PB 82.  57   6
 6 7  3.48037E-04  2.45445E-01  2.45445E-01  1.60000E+01            214.PB 82.  58   7
 6 3  1.27904E-02  2.55703E-01  2.55703E-01  1.60000E+01            214.PB 82.  59   3
 6 4  4.17624E-03  2.58870E-01  2.58870E-01  1.60000E+01            214.PB 82.  60   4
 117  4.74000E-01  2.74800E-01  2.74800E-01  0.00000E+00            214.PB 82.  61  17
 6 1  1.40137E-01  1.83968E-01  1.83968E-01  1.70000E+01            214.PB 82.  62   1
 6 5  2.17178E-02  2.58424E-01  2.58424E-01  1.70000E+01            214.PB 82.  63   5
 6 6  9.14457E-03  2.59032E-01  2.59032E-01  1.70000E+01            214.PB 82.  64   6
 6 7  3.80236E-03  2.61375E-01  2.61375E-01  1.70000E+01            214.PB 82.  65   7
 6 3  8.50270E-03  2.71633E-01  2.71633E-01  1.70000E+01            214.PB 82.  66   3
 6 4  2.74034E-03  2.74800E-01  2.74800E-01  1.70000E+01            214.PB 82.  67   4
 118  1.93000E+01  2.95224E-01  2.95224E-01  0.00000E+00            214.PB 82.  68  18
 6 1  7.53818E+00  2.04392E-01  2.04392E-01  1.80000E+01            214.PB 82.  69   1
 6 5  1.17384E+00  2.78848E-01  2.78848E-01  1.80000E+01            214.PB 82.  70   5
 6 6  1.47498E-01  2.79456E-01  2.79456E-01  1.80000E+01            214.PB 82.  71   6
 6 7  2.56851E-02  2.81799E-01  2.81799E-01  1.80000E+01            214.PB 82.  72   7
 6 3  3.18773E-01  2.92057E-01  2.92057E-01  1.80000E+01            214.PB 82.  73   3
 6 4  1.03859E-01  2.95224E-01  2.95224E-01  1.80000E+01            214.PB 82.  74   4
 119  2.00000E-02  2.98760E-01  2.98760E-01  0.00000E+00            214.PB 82.  75  19
 6 1  5.05956E-03  2.07928E-01  2.07928E-01  1.90000E+01            214.PB 82.  76   1
 6 5  7.88192E-04  2.82384E-01  2.82384E-01  1.90000E+01            214.PB 82.  77   5
 6 6  7.54426E-05  2.82992E-01  2.82992E-01  1.90000E+01            214.PB 82.  78   6
 6 7  5.45388E-06  2.85335E-01  2.85335E-01  1.90000E+01            214.PB 82.  79   7
 6 3  2.04590E-04  2.95593E-01  2.95593E-01  1.90000E+01            214.PB 82.  80   3
 6 4  6.67657E-05  2.98760E-01  2.98760E-01  1.90000E+01            214.PB 82.  81   4
 120  3.10000E-02  3.05260E-01  3.05260E-01  0.00000E+00            214.PB 82.  82  20
 6 1  7.45548E-04  2.14428E-01  2.14428E-01  2.00000E+01            214.PB 82.  83   1
 6 5  9.48338E-05  2.88884E-01  2.88884E-01  2.00000E+01            214.PB 82.  84   5
 6 6  1.87533E-05  2.89492E-01  2.89492E-01  2.00000E+01            214.PB 82.  85   6
 6 7  1.44925E-05  2.91835E-01  2.91835E-01  2.00000E+01            214.PB 82.  86   7
 6 3  3.00900E-05  3.02093E-01  3.02093E-01  2.00000E+01            214.PB 82.  87   3
 6 4  9.65049E-06  3.05260E-01  3.05260E-01  2.00000E+01            214.PB 82.  88   4
 121  7.80000E-02  3.14320E-01  3.14320E-01  0.00000E+00            214.PB 82.  89  21
 6 1  1.00519E-02  2.23488E-01  2.23488E-01  2.10000E+01            214.PB 82.  90   1
 6 5  1.49067E-03  2.97944E-01  2.97944E-01  2.10000E+01            214.PB 82.  91   5
 6 6  2.99506E-03  2.98552E-01  2.98552E-01  2.10000E+01            214.PB 82.  92   6
 6 7  1.39819E-03  3.00895E-01  3.00895E-01  2.10000E+01            214.PB 82.  93   7
 6 3  1.52170E-03  3.11153E-01  3.11153E-01  2.10000E+01            214.PB 82.  94   3
 6 4  4.82487E-04  3.14320E-01  3.14320E-01  2.10000E+01            214.PB 82.  95   4
 122  2.80000E-02  3.23830E-01  3.23830E-01  0.00000E+00            214.PB 82.  96  22
 6 1  3.35759E-03  2.32998E-01  2.32998E-01  2.20000E+01            214.PB 82.  97   1
 6 5  4.98677E-04  3.07454E-01  3.07454E-01  2.20000E+01            214.PB 82.  98   5
 6 6  9.47964E-04  3.08062E-01  3.08062E-01  2.20000E+01            214.PB 82.  99   6
 6 7  4.35583E-04  3.10405E-01  3.10405E-01  2.20000E+01            214.PB 82. 100   7
 6 3  4.86033E-04  3.20663E-01  3.20663E-01  2.20000E+01            214.PB 82. 101   3
 6 4  1.54156E-04  3.23830E-01  3.23830E-01  2.20000E+01            214.PB 82. 102   4
 123  3.76000E+01  3.51932E-01  3.51932E-01  0.00000E+00            214.PB 82. 103  23
 6 1  9.79650E+00  2.61100E-01  2.61100E-01  2.30000E+01            214.PB 82. 104   1
 6 5  1.52135E+00  3.35556E-01  3.35556E-01  2.30000E+01            214.PB 82. 105   5
 6 6  1.43588E-01  3.36164E-01  3.36164E-01  2.30000E+01            214.PB 82. 106   6
 6 7  1.02754E-02  3.38507E-01  3.38507E-01  2.30000E+01            214.PB 82. 107   7
 6 3  3.94278E-01  3.48765E-01  3.48765E-01  2.30000E+01            214.PB 82. 108   3
 6 4  1.28709E-01  3.51932E-01  3.51932E-01  2.30000E+01            214.PB 82. 109   4
 124  2.21000E-01  4.62000E-01  4.62000E-01  0.00000E+00            214.PB 82. 110  24
 6 1  5.64949E-03  3.71168E-01  3.71168E-01  2.40000E+01            214.PB 82. 111   1
 6 5  8.45272E-04  4.45624E-01  4.45624E-01  2.40000E+01            214.PB 82. 112   5
 6 6  8.45356E-04  4.46232E-01  4.46232E-01  2.40000E+01            214.PB 82. 113   6
 6 7  3.20883E-04  4.48575E-01  4.48575E-01  2.40000E+01            214.PB 82. 114   7
 6 3  5.08292E-04  4.58833E-01  4.58833E-01  2.40000E+01            214.PB 82. 115   3
 6 4  1.62061E-04  4.62000E-01  4.62000E-01  2.40000E+01            214.PB 82. 116   4
 125  3.20000E-01  4.80430E-01  4.80430E-01  0.00000E+00            214.PB 82. 117  25
 6 1  3.62085E-02  3.89598E-01  3.89598E-01  2.50000E+01            214.PB 82. 118   1
 6 5  5.61186E-03  4.64054E-01  4.64054E-01  2.50000E+01            214.PB 82. 119   5
 6 6  5.09630E-04  4.64662E-01  4.64662E-01  2.50000E+01            214.PB 82. 120   6
 6 7  3.62475E-05  4.67005E-01  4.67005E-01  2.50000E+01            214.PB 82. 121   7
 6 3  1.44735E-03  4.77263E-01  4.77263E-01  2.50000E+01            214.PB 82. 122   3
 6 4  4.72868E-04  4.80430E-01  4.80430E-01  2.50000E+01            214.PB 82. 123   4
 126  4.22000E-01  4.87090E-01  4.87090E-01  0.00000E+00            214.PB 82. 124  26
 6 1  3.67560E-03  3.96258E-01  3.96258E-01  2.60000E+01            214.PB 82. 125   1
 6 5  4.84760E-04  4.70714E-01  4.70714E-01  2.60000E+01            214.PB 82. 126   5
 6 6  6.85564E-05  4.71322E-01  4.71322E-01  2.60000E+01            214.PB 82. 127   6
 6 7  4.81979E-05  4.73665E-01  4.73665E-01  2.60000E+01            214.PB 82. 128   7
 6 3  1.40374E-04  4.83923E-01  4.83923E-01  2.60000E+01            214.PB 82. 129   3
 6 4  4.52979E-05  4.87090E-01  4.87090E-01  2.60000E+01            214.PB 82. 130   4
 127  3.20000E-02  5.11000E-01  5.11000E-01  0.00000E+00            214.PB 82. 131  27
 6 1  1.34577E-03  4.20168E-01  4.20168E-01  2.70000E+01            214.PB 82. 132   1
 6 5  2.01778E-04  4.94624E-01  4.94624E-01  2.70000E+01            214.PB 82. 133   5
 6 6  1.68960E-04  4.95232E-01  4.95232E-01  2.70000E+01            214.PB 82. 134   6
 6 7  6.07619E-05  4.97575E-01  4.97575E-01  2.70000E+01            214.PB 82. 135   7
 6 3  1.08163E-04  5.07833E-01  5.07833E-01  2.70000E+01            214.PB 82. 136   3
 6 4  3.45662E-05  5.11000E-01  5.11000E-01  2.70000E+01            214.PB 82. 137   4
 128  1.86000E-01  5.33660E-01  5.33660E-01  0.00000E+00            214.PB 82. 138  28
 6 1  1.06529E-02  4.42828E-01  4.42828E-01  2.80000E+01            214.PB 82. 139   1
 6 5  1.64655E-03  5.17284E-01  5.17284E-01  2.80000E+01            214.PB 82. 140   5
 6 6  1.47159E-04  5.17892E-01  5.17892E-01  2.80000E+01            214.PB 82. 141   6
 6 7  1.04916E-05  5.20235E-01  5.20235E-01  2.80000E+01            214.PB 82. 142   7
 6 3  4.24435E-04  5.30493E-01  5.30493E-01  2.80000E+01            214.PB 82. 143   3
 6 4  1.38512E-04  5.33660E-01  5.33660E-01  2.80000E+01            214.PB 82. 144   4
 129  2.00000E-02  5.38410E-01  5.38410E-01  0.00000E+00            214.PB 82. 145  29
 6 1  3.71180E-04  4.47578E-01  4.47578E-01  2.90000E+01            214.PB 82. 146   1
 6 5  5.56964E-05  5.22034E-01  5.22034E-01  2.90000E+01            214.PB 82. 147   5
 6 6  4.25844E-05  5.22642E-01  5.22642E-01  2.90000E+01            214.PB 82. 148   6
 6 7  1.48986E-05  5.24985E-01  5.24985E-01  2.90000E+01            214.PB 82. 149   7
 6 3  2.82499E-05  5.35243E-01  5.35243E-01  2.90000E+01            214.PB 82. 150   3
 6 4  9.03875E-06  5.38410E-01  5.38410E-01  2.90000E+01            214.PB 82. 151   4
 130  6.90000E-02  5.43810E-01  5.43810E-01  0.00000E+00            214.PB 82. 152  30
 6 1  4.79992E-04  4.52978E-01  4.52978E-01  3.00000E+01            214.PB 82. 153   1
 6 5  6.36058E-05  5.27434E-01  5.27434E-01  3.00000E+01            214.PB 82. 154   5
 6 6  8.31816E-06  5.28042E-01  5.28042E-01  3.00000E+01            214.PB 82. 155   6
 6 7  5.73761E-06  5.30385E-01  5.30385E-01  3.00000E+01            214.PB 82. 156   7
 6 3  1.81064E-05  5.40643E-01  5.40643E-01  3.00000E+01            214.PB 82. 157   3
 6 4  5.84949E-06  5.43810E-01  5.43810E-01  3.00000E+01            214.PB 82. 158   4
 131  3.52000E-01  5.80130E-01  5.80130E-01  0.00000E+00            214.PB 82. 159  31
 6 1  2.15126E-03  4.89298E-01  4.89298E-01  3.10000E+01            214.PB 82. 160   1
 6 5  2.85748E-04  5.63754E-01  5.63754E-01  3.10000E+01            214.PB 82. 161   5
 6 6  3.56850E-05  5.64362E-01  5.64362E-01  3.10000E+01            214.PB 82. 162   6
 6 7  2.43637E-05  5.66705E-01  5.66705E-01  3.10000E+01            214.PB 82. 163   7
 6 3  8.05838E-05  5.76963E-01  5.76963E-01  3.10000E+01            214.PB 82. 164   3
 6 4  2.60485E-05  5.80130E-01  5.80130E-01  3.10000E+01            214.PB 82. 165   4
 132  7.80000E-02  7.65960E-01  7.65960E-01  0.00000E+00            214.PB 82. 166  32
 133  1.07000E+00  7.85960E-01  7.85960E-01  0.00000E+00            214.PB 82. 167  33
 6 1  3.64752E-03  6.95128E-01  6.95128E-01  3.30000E+01            214.PB 82. 168   1
 6 5  4.89044E-04  7.69584E-01  7.69584E-01  3.30000E+01            214.PB 82. 169   5
 6 6  4.88579E-05  7.70192E-01  7.70192E-01  3.30000E+01            214.PB 82. 170   6
 6 7  3.21844E-05  7.72535E-01  7.72535E-01  3.30000E+01            214.PB 82. 171   7
 6 3  1.32593E-04  7.82793E-01  7.82793E-01  3.30000E+01            214.PB 82. 172   3
 6 4  4.29133E-05  7.85960E-01  7.85960E-01  3.30000E+01            214.PB 82. 173   4
 134  5.87000E-01  8.39040E-01  8.39040E-01  0.00000E+00            214.PB 82. 174  34
 6 1  1.77345E-03  7.48208E-01  7.48208E-01  3.40000E+01            214.PB 82. 175   1
 6 5  2.38229E-04  8.22664E-01  8.22664E-01  3.40000E+01            214.PB 82. 176   5
 6 6  2.26498E-05  8.23272E-01  8.23272E-01  3.40000E+01            214.PB 82. 177   6
 6 7  1.48521E-05  8.25615E-01  8.25615E-01  3.40000E+01            214.PB 82. 178   7
 6 3  6.40989E-05  8.35873E-01  8.35873E-01  3.40000E+01            214.PB 82. 179   3
 6 4  2.07467E-05  8.39040E-01  8.39040E-01  3.40000E+01            214.PB 82. 180   4
 2 1  6.59605E+00  7.50642E-02  7.50642E-02  0.00000E+00            214.PB 82. 181   1
 2 2  1.10298E+01  7.74071E-02  7.74071E-02  0.00000E+00            214.PB 82. 182   2
 2 3  1.23338E+00  8.71393E-02  8.71393E-02  0.00000E+00            214.PB 82. 183   3
 2 4  2.39040E+00  8.76651E-02  8.76651E-02  0.00000E+00            214.PB 82. 184   4
 2 5  3.45254E-02  8.81342E-02  8.81342E-02  0.00000E+00            214.PB 82. 185   5
 2 6  4.15621E-02  8.82464E-02  8.82464E-02  0.00000E+00            214.PB 82. 186   6
 2 7  2.95739E-01  9.00323E-02  9.00323E-02  0.00000E+00            214.PB 82. 187   7
 2 8  5.82615E-01  9.01629E-02  9.01629E-02  0.00000E+00            214.PB 82. 188   8
 2 9  9.28336E-03  9.03671E-02  9.03671E-02  0.00000E+00            214.PB 82. 189   9
 210  1.11620E-02  9.03914E-02  9.03914E-02  0.00000E+00            214.PB 82. 190  10
 211  6.90229E-02  9.07089E-02  9.07089E-02  0.00000E+00            214.PB 82. 191  11
 212  1.32854E-01  9.07345E-02  9.07345E-02  0.00000E+00            214.PB 82. 192  12
 213  1.29276E-03  9.07967E-02  9.07967E-02  0.00000E+00            214.PB 82. 193  13
 214  1.51970E-03  9.07998E-02  9.07998E-02  0.00000E+00            214.PB 82. 194  14
 215  2.79553E-03  9.08235E-02  9.08235E-02  0.00000E+00            214.PB 82. 195  15
 216  4.48506E-03  9.08258E-02  9.08258E-02  0.00000E+00            214.PB 82. 196  16
 221  1.73804E-04  6.07999E-04  6.07999E-04  0.00000E+00            214.PB 82. 197  21
 222  4.89056E-02  2.95100E-03  2.95100E-03  0.00000E+00            214.PB 82. 198  22
 223  5.09215E-01  1.26833E-02  1.26833E-02  0.00000E+00            214.PB 82. 199  23
 224  5.45235E-01  1.32091E-02  1.32091E-02  0.00000E+00            214.PB 82. 200  24
 225  1.88651E-02  1.36780E-02  1.36780E-02  0.00000E+00            214.PB 82. 201  25
 226  2.82204E-02  1.37900E-02  1.37900E-02  0.00000E+00            214.PB 82. 202  26
 227  1.31789E-01  1.55766E-02  1.55766E-02  0.00000E+00            214.PB 82. 203  27
 228  1.54484E-01  1.57068E-02  1.57068E-02  0.00000E+00            214.PB 82. 204  28
 229  2.92975E-03  1.59111E-02  1.59111E-02  0.00000E+00            214.PB 82. 205  29
 230  4.64219E-03  1.59354E-02  1.59354E-02  0.00000E+00            214.PB 82. 206  30
 231  2.65371E-02  1.62529E-02  1.62529E-02  0.00000E+00            214.PB 82. 207  31
 232  3.06909E-02  1.62785E-02  1.62785E-02  0.00000E+00            214.PB 82. 208  32
 233  3.66310E-04  1.63406E-02  1.63406E-02  0.00000E+00            214.PB 82. 209  33
 234  5.75664E-04  1.63438E-02  1.63438E-02  0.00000E+00            214.PB 82. 210  34
 235  1.26550E-03  1.63674E-02  1.63674E-02  0.00000E+00            214.PB 82. 211  35
 236  1.22753E-03  1.63697E-02  1.63697E-02  0.00000E+00            214.PB 82. 212  36
 241  1.16091E-04  2.34300E-03  2.34300E-03  0.00000E+00            214.PB 82. 213  41
 242  8.37060E-02  1.17941E-02  1.17941E-02  0.00000E+00            214.PB 82. 214  42
 243  3.52149E-03  1.26011E-02  1.26011E-02  0.00000E+00            214.PB 82. 215  43
 244  3.06862E+00  1.30700E-02  1.30700E-02  0.00000E+00            214.PB 82. 216  44
 245  2.17168E-02  1.48446E-02  1.48446E-02  0.00000E+00            214.PB 82. 217  45
 246  9.86336E-04  1.50988E-02  1.50988E-02  0.00000E+00            214.PB 82. 218  46
 247  6.33615E-01  1.53031E-02  1.53031E-02  0.00000E+00            214.PB 82. 219  47
 248  2.79932E-03  1.55941E-02  1.55941E-02  0.00000E+00            214.PB 82. 220  48
 249  4.72126E-03  1.56011E-02  1.56011E-02  0.00000E+00            214.PB 82. 221  49
 250  2.00169E-04  1.56706E-02  1.56706E-02  0.00000E+00            214.PB 82. 222  50
 251  8.41947E-02  1.57326E-02  1.57326E-02  0.00000E+00            214.PB 82. 223  51
 253  6.66855E-04  1.57503E-02  1.57503E-02  0.00000E+00            214.PB 82. 224  53
 254  7.81506E-06  1.57616E-02  1.57616E-02  0.00000E+00            214.PB 82. 225  54
 261  3.77263E-01  9.45110E-03  9.45110E-03  0.00000E+00            214.PB 82. 226  61
 262  4.07598E-03  9.73228E-03  9.73228E-03  0.00000E+00            214.PB 82. 227  62
 263  3.68290E-03  1.02581E-02  1.02581E-02  0.00000E+00            214.PB 82. 228  63
 264  6.59829E-01  1.07270E-02  1.07270E-02  0.00000E+00            214.PB 82. 229  64
 265  5.81048E+00  1.08390E-02  1.08390E-02  0.00000E+00            214.PB 82. 230  65
 266  8.59234E-02  1.25016E-02  1.25016E-02  0.00000E+00            214.PB 82. 231  66
 267  9.21151E-04  1.26256E-02  1.26256E-02  0.00000E+00            214.PB 82. 232  67
 268  9.50031E-04  1.27558E-02  1.27558E-02  0.00000E+00            214.PB 82. 233  68
 269  1.24630E-01  1.29601E-02  1.29601E-02  0.00000E+00            214.PB 82. 234  69
 270  1.12826E+00  1.29844E-02  1.29844E-02  0.00000E+00            214.PB 82. 235  70
 271  1.04295E-03  1.32511E-02  1.32511E-02  0.00000E+00            214.PB 82. 236  71
 272  5.81764E-03  1.32569E-02  1.32569E-02  0.00000E+00            214.PB 82. 237  72
 273  1.88532E-02  1.32581E-02  1.32581E-02  0.00000E+00            214.PB 82. 238  73
 274  1.93238E-04  1.33019E-02  1.33019E-02  0.00000E+00            214.PB 82. 239  74
 275  2.02267E-04  1.33275E-02  1.33275E-02  0.00000E+00            214.PB 82. 240  75
 276  1.63058E-02  1.33896E-02  1.33896E-02  0.00000E+00            214.PB 82. 241  76
 277  1.45279E-01  1.33928E-02  1.33928E-02  0.00000E+00            214.PB 82. 242  77
 280  2.61321E-03  1.34073E-02  1.34073E-02  0.00000E+00            214.PB 82. 243  80
 281  8.56145E-06  1.34164E-02  1.34164E-02  0.00000E+00            214.PB 82. 244  81
 282  7.38863E-06  1.34187E-02  1.34187E-02  0.00000E+00            214.PB 82. 245  82
 291  2.28525E+00  2.46014E-03  2.46014E-03  0.00000E+00            214.PB 82. 246  91
 292  4.91831E-02  3.56639E-04  3.56639E-04  0.00000E+00            214.PB 82. 247  92
 293  5.77661E-04  7.93515E-05  7.93515E-05  0.00000E+00            214.PB 82. 248  93
 294  5.73291E+02  3.24777E-05  3.24777E-05  0.00000E+00            214.PB 82. 249  94
 7 1  5.46562E-01  6.03003E-02  6.03003E-02  0.00000E+00            214.PB 82. 250   1
 7 2  3.00369E-01  7.26460E-02  7.26460E-02  0.00000E+00            214.PB 82. 251   2
 7 3  3.98154E-02  8.50051E-02  8.50051E-02  0.00000E+00            214.PB 82. 252   3
 7 4  1.21443E+01  9.09138E-04  9.09138E-04  0.00000E+00            214.PB 82. 253   4
 7 5  1.41515E+01  8.27506E-03  8.27506E-03  0.00000E+00            214.PB 82. 254   5
 7 6  6.36637E+00  1.07436E-02  1.07436E-02  0.00000E+00            214.PB 82. 255   6
 7 7  6.84766E-01  1.32457E-02  1.32457E-02  0.00000E+00            214.PB 82. 256   7
 7 8  2.27175E+01  4.32837E-04  4.32837E-04  0.00000E+00            214.PB 82. 257   8
 7 9  5.18594E+01  1.96059E-03  1.96059E-03  0.00000E+00            214.PB 82. 258   9
 710  6.80083E+00  2.23678E-03  2.23678E-03  0.00000E+00            214.PB 82. 259  10
 711  3.48435E-01  2.64629E-03  2.64629E-03  0.00000E+00            214.PB 82. 260  11
 712  9.67477E+01  1.73870E-04  1.73870E-04  0.00000E+00            214.PB 82. 261  12
 713  1.82219E+02  8.98390E-05  8.98390E-05  0.00000E+00            214.PB 82. 262  13
 714  1.33842E+02  4.07181E-05  4.07181E-05  0.00000E+00            214.PB 82. 263  14
 715  2.70846E-01  1.17722E-04  1.17722E-04  0.00000E+00            214.PB 82. 264  15
%%%% 214 PB  82    B-           1.60800E+03 26.8 M     02-11-2005       SEEIEND 
 


   ***************************************************** 
   *                 Radiation Summary                 * 
   ***************************************************** 
 
  Energy released by
    Gamma-ray                       (MeV) =   2.32923E-01
    X-ray                           (MeV) =   1.94481E-02
    Free-bound X-ray                (MeV) =   1.86192E-04
    Annihilation photon             (MeV) =   0.00000E+00
    Beta+ particle                  (MeV) =   0.00000E+00
    Neutrino                        (MeV) =   0.00000E+00
    Beta- particle                  (MeV) =   2.18141E-01
    Neutrino-                       (MeV) =   4.82699E-01
    Internal conv. electron         (MeV) =   7.23818E-02
    Auger and CK electron           (MeV) =   4.30091E-03
    Alpha particle                  (MeV) =   0.00000E+00
    Recoil nucleus                  (MeV) =   0.00000E+00
  E-total (except unplaced radiat.) (MeV) =   1.03008E+00
  E-unplaced radiation              (MeV) =   7.29477E-04
  Q-value from ENSDF data           (MeV) =   1.02300E+00
  Ratio of E-total/Q-value          ( % ) =   1.00692E+02
  Ratio of E-unplaced radi./Q-value ( % ) =   7.13076E-02

 
  Total yield of
    Gamma-ray                             =   7.00808E-01
    X-ray                                 =   3.85678E-01
    Free-bound X-ray                      =   5.73291E+00
    Annihilation photon                   =   0.00000E+00
    Beta+ particle                        =   0.00000E+00
    Beta- particle                        =   1.00000E+00
    Internal conv. electron               =   4.42526E-01
    Auger and CK electron                 =   5.29039E+00
    Alpha particle                        =   0.00000E+00
  Yield of unplaced radiation             =   1.57000E-03


