%%%% 100 PD  46    EC           3.13632E+05    3.63 D  02-11-2005       BALASTAR
1 100   PD  46    3.63 D       EC         
1INTENSITY AND ENERGY BALANCE DATA

              100-PALLADIUM-46
+                                    HALFLIFE = 3.63 DAYS    
+                                                                  02-11-2005


    LEVEL       INTENSITY   INTENSITY
    ENERGY      ENTERING    LEAVING     PERCENT
    (MEV)       LEVEL       LEVEL       ERROR

   0.0000E+00  1.0287E+02
   3.2680E-02  3.1304E+01  2.8931E+01  7.8785E+00                      
   7.4780E-02  8.2203E+01  8.2946E+01  9.0080E-01                      
   8.6280E-02  1.9288E-01  1.3962E-01  3.2034E+01  ********************
   1.3638E-01  5.1656E-01  5.3040E-01  2.6431E+00                      
   1.3992E-01  1.9005E-01  2.0020E-01  5.2032E+00                      
   1.5186E-01  6.2716E-01  6.6481E-01  5.8284E+00                      
   1.5400E-01  3.5159E-02  3.7112E-02  5.4065E+00                      
   1.5880E-01  8.7422E+01  9.1914E+01  5.0101E+00                      


 INTENSITY TO GROUND AND ISOMERIC STATE(S) OF DAUGHTER(S)=  1.029E+02
 TOTAL INTENSITY FROM PARENT=  1.000E+02
 PERCENT ERROR =  2.794E+00                      


 TOTAL INTENSITY FROM PARENT =  1.000E+02
 VALUE IS WITHIN   7.63E-06% OF 100                      


 TOTAL ENERGY AVAILABLE =  3.610E-01 MEV
 TOTAL ENERGY CONTENT OF ALL RADIATIONS =  3.679E-01 MEV
 PERCENT ERROR =  1.886E+00                      
%%%% 100 PD  46    EC           3.13632E+05    3.63 D  02-11-2005       BALAEND 
%%%% 100 PD  46    EC           3.13632E+05    3.63 D  02-11-2005       INPUSTAR
1                                      **INPUT DATA**
              100-PALLADIUM-46
+                                    HALFLIFE = 3.63 DAYS    
+                                                                  02-11-2005

            MODE OF DECAY: ELECTRON CAPTURE
 
                                MEAN
                                NUMBER/    TRANSITION
                TYPE OF    ID   TRANSFOR-  ENERGY
              TRANSITION   NO.  MATION     (MEV)       OTHER NUCLEAR PARAMETERS

           ELECT. CAPTURE   1   8.74E-01   2.022E-01   ALLOWED                                  
           ELECT. CAPTURE   2   3.52E-04   2.070E-01   ALLOWED                                  
+                                                              ASSUMED                          
           ELECT. CAPTURE   3   6.27E-03   2.091E-01   ALLOWED                                  
           ELECT. CAPTURE   4   1.90E-03   2.211E-01   ALLOWED                                  
+                                                              ASSUMED                          
           ELECT. CAPTURE   5   2.57E-03   2.246E-01   ALLOWED                                  
+                                                              ASSUMED                          
           ELECT. CAPTURE   6   6.65E-04   2.747E-01   ALLOWED                                  
+                                                              ASSUMED                          
           ELECT. CAPTURE   7   3.80E-02   3.283E-01   UNIQUE FIRST FORBIDDEN                   
           ELECT. CAPTURE   8   7.60E-02   3.610E-01   FIRST FORBIDDEN                          
           I.C.E. + GAMMA   1   2.60E-03   1.550E-02   M1 MULTIPOLE ASSUMED                     
                                                       AK= 0.0       AL1=7.99                   
                                                       AL2=0.653     AL3=0.190                  
                                                       AM= 1.66      AN+=0.322                  
           I.C.E. + GAMMA   2   2.89E-01   3.266E-02   M1+E2 MULTIPOLE                          
                                                       MRS=0.0225    AK= 8.13                   
                                                       AL1=0.908     AL2=0.392                  
                                                       AL3=0.517     AM= 0.348                  
                                                       AN+=0.0625                               
           I.C.E. + GAMMA   3   1.89E-01   4.208E-02   E1 MULTIPOLE                             
+                                                                    AK= 1.46                   
                                                       AL1=0.130     AL2=0.0241                 
                                                       AL3=0.0384    AM= 0.0358                 
                                                       AN+=0.00659                              
           I.C.E. + GAMMA   4   1.04E-03   5.352E-02   M1 MULTIPOLE ASSUMED                     
                                                       AK= 1.30      AL1=0.148                  
                                                       AL2=0.0103    AL3=0.00304                
                                                       AM= 0.0303    AN+=0.00590                
           I.C.E. + GAMMA   5   5.30E-03   6.160E-02   M1 MULTIPOLE ASSUMED                     
                                                       AK= 0.868     AL1=0.0988                 
                                                       AL2=0.00667   AL3=0.00198                
                                                       AM= 0.0202    AN+=0.00393                
           I.C.E. + GAMMA   6   1.26E-03   7.252E-02   M1 MULTIPOLE ASSUMED                     
                                                       AK= 0.539     AL1=0.0612                 
                                                       AL2=0.00400   AL3=0.00119                
                                                       AM= 0.0125    AN+=0.00244                
           I.C.E. + GAMMA   7   6.40E-01   7.478E-02   E1 MULTIPOLE                             
+                                                                    AK= 0.294                  
                                                       AL1=0.0280    AL2=0.00320                
                                                       AL3=0.00488   AM= 0.00670                
                                                       AN+=0.00126                              
           I.C.E. + GAMMA   8   8.17E-01   8.400E-02   M1 MULTIPOLE                             
+                                                                    AK= 0.496                  
                                                       AL1=0.0564    AL2=0.00357                
                                                       AL3=0.00107   AM= 0.0115                 
                                                       AN+=0.00224                              
           I.C.E. + GAMMA   9   3.56E-04   8.637E-02   M1 MULTIPOLE ASSUMED                     
                                                       AK= 0.322     AL1=0.0366                 
                                                       AL2=0.00230   AM= 0.00744                
                                                       AN+=0.00145                              
           I.C.E. + GAMMA  10   7.36E-04   1.192E-01   E1 MULTIPOLE                             
+                                                                    AK= 0.0773                 
                                                       AL1=0.00776   AM= 0.00171                
           I.C.E. + GAMMA  11   8.39E-02   1.262E-01   E1 MULTIPOLE                             
+                                                                    AK= 0.0657                 
                                                       AL1=0.00659   AM= 0.00145                
           I.C.E. + GAMMA  12   2.00E-03   1.399E-01   M1 MULTIPOLE ASSUMED                     
                                                       AK= 0.0870    AL1=0.00987                
                                                       AM= 0.00199                              
           I.C.E. + GAMMA  13   3.31E-03   1.519E-01   E1 MULTIPOLE                             
+                                                                    AK= 0.0386                 
                                                       AL1=0.00392                              
           I.C.E. + GAMMA  14   3.71E-04   1.540E-01   E2 MULTIPOLE                             
+                                                                    AK= 0.140                  
                                                       AL1=0.0136    AL2=0.00507                
                                                       AL3=0.00574   AM= 0.00465                
           I.C.E. + GAMMA  15   1.73E-02   1.589E-01   E1 MULTIPOLE                             
+                                                                    AK= 0.0339                 
                                                       AL1=0.00346                              
 
           - - - - - - - - - -
           Reference: Evaluated Nuclear Structure Data File (ENSDF)
                DATE DATA WERE ENTERED INTO ENSDF: May-1997
%%%% 100 PD  46    EC           3.13632E+05    3.63 D  02-11-2005       INPUEND 
%%%% 100 PD  46    EC           3.13632E+05    3.63 D  02-11-2005       OUTPSTAR
1                                      **OUTPUT DATA**
              100-PALLADIUM-46
+                                    HALFLIFE = 3.63 DAYS    
+                                                                  02-11-2005

            MODE OF DECAY: ELECTRON CAPTURE
 
                                              MEAN
                                              NUMBER/                  MEV/
                                         ID   TRANSFOR-   ENERGY       TRANSFOR-
                  TYPE OF RADIATION      NO.  MATION      (MEV)        MATION

           GAMMA-RAY                      2   2.55E-02    3.266E-02    8.32E-04
           K CONV. ELECTRON, GAMMA-RAY    2   2.07E-01    9.469E-03    1.96E-03
           L1 CONV. ELECTRON, GAMMA-RAY   2   2.31E-02    2.927E-02    6.77E-04
           L2 CONV. ELECTRON, GAMMA-RAY   2   1.00E-02    2.951E-02    2.95E-04
           L3 CONV. ELECTRON, GAMMA-RAY   2   1.32E-02    2.966E-02    3.91E-04
           M CONV. ELECTRON, GAMMA-RAY    2   8.87E-03    3.217E-02*   2.85E-04
           N+ CONV. ELECTRON, GAMMA-RAY   2   1.59E-03    3.266E-02*   5.20E-05
           GAMMA-RAY                      3   7.02E-02    4.208E-02    2.95E-03
           K CONV. ELECTRON, GAMMA-RAY    3   1.03E-01    1.889E-02    1.94E-03
           L1 CONV. ELECTRON, GAMMA-RAY   3   9.15E-03    3.869E-02    3.54E-04
           L2 CONV. ELECTRON, GAMMA-RAY   3   1.69E-03    3.893E-02    6.59E-05
           L3 CONV. ELECTRON, GAMMA-RAY   3   2.70E-03    3.908E-02    1.05E-04
           M CONV. ELECTRON, GAMMA-RAY    3   2.51E-03    4.159E-02*   1.04E-04
           GAMMA-RAY                      5   2.65E-03    6.160E-02    1.63E-04
           K CONV. ELECTRON, GAMMA-RAY    5   2.30E-03    3.841E-02    8.85E-05
           GAMMA-RAY                      7   4.78E-01    7.478E-02    3.58E-02
           K CONV. ELECTRON, GAMMA-RAY    7   1.41E-01    5.159E-02    7.26E-03
           L1 CONV. ELECTRON, GAMMA-RAY   7   1.34E-02    7.139E-02    9.55E-04
           L2 CONV. ELECTRON, GAMMA-RAY   7   1.53E-03    7.163E-02    1.10E-04
           L3 CONV. ELECTRON, GAMMA-RAY   7   2.33E-03    7.178E-02    1.68E-04
           M CONV. ELECTRON, GAMMA-RAY    7   3.21E-03    7.429E-02*   2.38E-04
           GAMMA-RAY                      8   5.20E-01    8.400E-02    4.37E-02
           K CONV. ELECTRON, GAMMA-RAY    8   2.58E-01    6.081E-02    1.57E-02
           L1 CONV. ELECTRON, GAMMA-RAY   8   2.93E-02    8.061E-02    2.36E-03
           L2 CONV. ELECTRON, GAMMA-RAY   8   1.86E-03    8.085E-02    1.50E-04
           M CONV. ELECTRON, GAMMA-RAY    8   5.97E-03    8.351E-02*   4.98E-04
           N+ CONV. ELECTRON, GAMMA-RAY   8   1.16E-03    8.400E-02*   9.78E-05
           GAMMA-RAY                     11   7.80E-02    1.262E-01    9.84E-03
           K CONV. ELECTRON, GAMMA-RAY   11   5.12E-03    1.030E-01    5.28E-04
           L1 CONV. ELECTRON, GAMMA-RAY  11   5.14E-04    1.228E-01    6.31E-05
           GAMMA-RAY                     12   1.82E-03    1.399E-01    2.55E-04
           GAMMA-RAY                     13   3.17E-03    1.519E-01    4.82E-04
           GAMMA-RAY                     15   1.66E-02    1.589E-01    2.64E-03
           K CONV. ELECTRON, GAMMA-RAY   15   5.65E-04    1.357E-01    7.66E-05
           K -L2 X-RAY                        3.63E-01    2.004E-02    7.28E-03
           K -L3 X-RAY                        6.88E-01    2.019E-02    1.39E-02
           K -M2 X-RAY                        5.85E-02    2.267E-02    1.33E-03
           K -M3 X-RAY                        1.14E-01    2.270E-02    2.58E-03
           K -N2 X-RAY                        1.16E-02    2.313E-02    2.69E-04
           K -N3 X-RAY                        2.25E-02    2.314E-02    5.20E-04
           L3-M5 X-RAY                        4.64E-02    2.687E-03    1.25E-04
           Free-Bound X-RAY                   1.56E+01    9.958E-06*   1.55E-04
           AUGER KLL                          2.09E-01    1.691E-02*   3.54E-03
           AUGER KLX                          8.19E-02    1.960E-02*   1.61E-03
           AUGER KXY                          7.72E-03    2.228E-02*   1.72E-04
           AUGER LMM                          1.42E+00    2.267E-03*   3.23E-03
           AUGER LMX                          2.64E-01    2.608E-03*   6.89E-04
           CK MMX                             1.50E+00    1.182E-04*   1.78E-04
           AUGER MNN                          3.69E+00    2.604E-04*   9.59E-04
           CK NNX                             6.16E+00    3.352E-05*   2.07E-04
 
           ALL LISTED X-RAYS, GAMMA-RAYS AND ANNIHILATION RADIATION    1.23E-01
           ALL NEGLECTED X-RAYS, GAMMA-RAYS AND ANNIH. RADIATION**     3.78E-04
           ALL LISTED BETAS, INTERNAL CONVERSION AND AUGER ELECTRONS   4.51E-02
           ALL NEGLECTED BETAS, INT. CONVERSION AND AUGER ELECTRONS**  3.93E-04
           ALL LISTED RADIATIONS                                       1.68E-01
           ALL NEGLECTED RADIATIONS**                                  7.72E-04
 
           *  AVERAGE ENERGY (MEV)
           ** EACH NEGLECTED TRANSITION CONTRIBUTES LESS THAN  0.100%
              TO THE TOTAL MEV/TRANSFORMATION FOR THIS CATEGORY.
           TOTAL FEEDING OF GROUND STATE LEVEL IN 100-RHODIUM
             DAUGHTER IS 1.0000E+00 PER TRANSFORMATION OF 100-PALLADIUM.
             DECAY OF THIS 20.8 HOURS HALFLIFE LEVEL WILL CONTRIBUTE TO DOSE.
           - - - - - - - - - -
           INPUT DATA SOURCE: EVALUATED NUCLEAR STRUCTURE DATA FILE (ENSDF)
             DATE INPUT DATA WERE ENTERED INTO ENSDF: May-1997
%%%% 100 PD  46    EC           3.13632E+05    3.63 D  02-11-2005       OUTPEND 
%%%% 100 PD  46    EC           3.13632E+05    3.63 D  02-11-2005       SEEISTAR
100.  PALLADIUM    46.  3.630E+00 DAYS     155 EC                   100.PD 46.   0
 1 1  2.19960E-02  1.55000E-02  1.55000E-02  0.00000E+00            100.PD 46.   1   1
 6 5  1.75778E-01  1.21088E-02  1.21088E-02  1.00000E+00            100.PD 46.   2   5
 6 6  1.43708E-02  1.23485E-02  1.23485E-02  1.00000E+00            100.PD 46.   3   6
 6 7  4.17602E-03  1.24955E-02  1.24955E-02  1.00000E+00            100.PD 46.   4   7
 6 3  3.65992E-02  1.50053E-02  1.50053E-02  1.00000E+00            100.PD 46.   5   3
 6 4  7.08013E-03  1.55000E-02  1.55000E-02  1.00000E+00            100.PD 46.   6   4
 1 2  2.54800E+00  3.26600E-02  3.26600E-02  0.00000E+00            100.PD 46.   7   2
 6 1  2.07058E+01  9.46900E-03  9.46900E-03  2.00000E+00            100.PD 46.   8   1
 6 5  2.31369E+00  2.92688E-02  2.92688E-02  2.00000E+00            100.PD 46.   9   5
 6 6  1.00002E+00  2.95085E-02  2.95085E-02  2.00000E+00            100.PD 46.  10   6
 6 7  1.31691E+00  2.96555E-02  2.96555E-02  2.00000E+00            100.PD 46.  11   7
 6 3  8.87176E-01  3.21653E-02  3.21653E-02  2.00000E+00            100.PD 46.  12   3
 6 4  1.59201E-01  3.26600E-02  3.26600E-02  2.00000E+00            100.PD 46.  13   4
 1 3  7.02000E+00  4.20800E-02  4.20800E-02  0.00000E+00            100.PD 46.  14   3
 6 1  1.02662E+01  1.88890E-02  1.88890E-02  3.00000E+00            100.PD 46.  15   1
 6 5  9.15124E-01  3.86888E-02  3.86888E-02  3.00000E+00            100.PD 46.  16   5
 6 6  1.69401E-01  3.89285E-02  3.89285E-02  3.00000E+00            100.PD 46.  17   6
 6 7  2.69749E-01  3.90755E-02  3.90755E-02  3.00000E+00            100.PD 46.  18   7
 6 3  2.51194E-01  4.15853E-02  4.15853E-02  3.00000E+00            100.PD 46.  19   3
 6 4  4.62921E-02  4.20800E-02  4.20800E-02  3.00000E+00            100.PD 46.  20   4
 1 4  4.16000E-02  5.35200E-02  5.35200E-02  0.00000E+00            100.PD 46.  21   4
 6 1  5.41801E-02  3.03290E-02  3.03290E-02  4.00000E+00            100.PD 46.  22   1
 6 5  6.16045E-03  5.01288E-02  5.01288E-02  4.00000E+00            100.PD 46.  23   5
 6 6  4.26935E-04  5.03685E-02  5.03685E-02  4.00000E+00            100.PD 46.  24   6
 6 7  1.26418E-04  5.05155E-02  5.05155E-02  4.00000E+00            100.PD 46.  25   7
 6 3  1.26048E-03  5.30253E-02  5.30253E-02  4.00000E+00            100.PD 46.  26   3
 6 4  2.45638E-04  5.35200E-02  5.35200E-02  4.00000E+00            100.PD 46.  27   4
 1 5  2.65200E-01  6.16000E-02  6.16000E-02  0.00000E+00            100.PD 46.  28   5
 6 1  2.30307E-01  3.84090E-02  3.84090E-02  5.00000E+00            100.PD 46.  29   1
 6 5  2.62008E-02  5.82088E-02  5.82088E-02  5.00000E+00            100.PD 46.  30   5
 6 6  1.76894E-03  5.84485E-02  5.84485E-02  5.00000E+00            100.PD 46.  31   6
 6 7  5.25449E-04  5.85955E-02  5.85955E-02  5.00000E+00            100.PD 46.  32   7
 6 3  5.35487E-03  6.11053E-02  6.11053E-02  5.00000E+00            100.PD 46.  33   3
 6 4  1.04244E-03  6.16000E-02  6.16000E-02  5.00000E+00            100.PD 46.  34   4
 1 6  7.80000E-02  7.25200E-02  7.25200E-02  0.00000E+00            100.PD 46.  35   6
 6 1  4.20163E-02  4.93290E-02  4.93290E-02  6.00000E+00            100.PD 46.  36   1
 6 5  4.77311E-03  6.91288E-02  6.91288E-02  6.00000E+00            100.PD 46.  37   5
 6 6  3.12345E-04  6.93685E-02  6.93685E-02  6.00000E+00            100.PD 46.  38   6
 6 7  9.31535E-05  6.95155E-02  6.95155E-02  6.00000E+00            100.PD 46.  39   7
 6 3  9.74932E-04  7.20253E-02  7.20253E-02  6.00000E+00            100.PD 46.  40   3
 6 4  1.90141E-04  7.25200E-02  7.25200E-02  6.00000E+00            100.PD 46.  41   4
 1 7  4.78400E+01  7.47800E-02  7.47800E-02  0.00000E+00            100.PD 46.  42   7
 6 1  1.40633E+01  5.15890E-02  5.15890E-02  7.00000E+00            100.PD 46.  43   1
 6 5  1.33789E+00  7.13888E-02  7.13888E-02  7.00000E+00            100.PD 46.  44   5
 6 6  1.52921E-01  7.16285E-02  7.16285E-02  7.00000E+00            100.PD 46.  45   6
 6 7  2.33440E-01  7.17755E-02  7.17755E-02  7.00000E+00            100.PD 46.  46   7
 6 3  3.20501E-01  7.42853E-02  7.42853E-02  7.00000E+00            100.PD 46.  47   3
 6 4  6.03717E-02  7.47800E-02  7.47800E-02  7.00000E+00            100.PD 46.  48   4
 1 8  5.20000E+01  8.40000E-02  8.40000E-02  0.00000E+00            100.PD 46.  49   8
 6 1  2.57843E+01  6.08090E-02  6.08090E-02  8.00000E+00            100.PD 46.  50   1
 6 5  2.93367E+00  8.06088E-02  8.06088E-02  8.00000E+00            100.PD 46.  51   5
 6 6  1.85539E-01  8.08485E-02  8.08485E-02  8.00000E+00            100.PD 46.  52   6
 6 7  5.55530E-02  8.09955E-02  8.09955E-02  8.00000E+00            100.PD 46.  53   7
 6 3  5.96678E-01  8.35053E-02  8.35053E-02  8.00000E+00            100.PD 46.  54   3
 6 4  1.16398E-01  8.40000E-02  8.40000E-02  8.00000E+00            100.PD 46.  55   4
 1 9  2.60000E-02  8.63700E-02  8.63700E-02  0.00000E+00            100.PD 46.  56   9
 6 1  8.35984E-03  6.31790E-02  6.31790E-02  9.00000E+00            100.PD 46.  57   1
 6 5  9.51426E-04  8.29788E-02  8.29788E-02  9.00000E+00            100.PD 46.  58   5
 6 6  5.97669E-05  8.32185E-02  8.32185E-02  9.00000E+00            100.PD 46.  59   6
 6 7  1.79091E-05  8.33655E-02  8.33655E-02  9.00000E+00            100.PD 46.  60   7
 6 3  1.93339E-04  8.58753E-02  8.58753E-02  9.00000E+00            100.PD 46.  61   3
 6 4  3.77152E-05  8.63700E-02  8.63700E-02  9.00000E+00            100.PD 46.  62   4
 110  6.76000E-02  1.19180E-01  1.19180E-01  0.00000E+00            100.PD 46.  63  10
 6 1  5.22770E-03  9.59890E-02  9.59890E-02  1.00000E+01            100.PD 46.  64   1
 6 5  5.24765E-04  1.15789E-01  1.15789E-01  1.00000E+01            100.PD 46.  65   5
 6 6  4.13843E-05  1.16029E-01  1.16029E-01  1.00000E+01            100.PD 46.  66   6
 6 7  6.15058E-05  1.16176E-01  1.16176E-01  1.00000E+01            100.PD 46.  67   7
 6 3  1.15753E-04  1.18685E-01  1.18685E-01  1.00000E+01            100.PD 46.  68   3
 6 4  2.21278E-05  1.19180E-01  1.19180E-01  1.00000E+01            100.PD 46.  69   4
 111  7.80000E+00  1.26150E-01  1.26150E-01  0.00000E+00            100.PD 46.  70  11
 6 1  5.12436E-01  1.02959E-01  1.02959E-01  1.10000E+01            100.PD 46.  71   1
 6 5  5.14334E-02  1.22759E-01  1.22759E-01  1.10000E+01            100.PD 46.  72   5
 6 6  3.90812E-03  1.22999E-01  1.22999E-01  1.10000E+01            100.PD 46.  73   6
 6 7  5.79508E-03  1.23146E-01  1.23146E-01  1.10000E+01            100.PD 46.  74   7
 6 3  1.13267E-02  1.25655E-01  1.25655E-01  1.10000E+01            100.PD 46.  75   3
 6 4  2.16936E-03  1.26150E-01  1.26150E-01  1.10000E+01            100.PD 46.  76   4
 112  1.82000E-01  1.39920E-01  1.39920E-01  0.00000E+00            100.PD 46.  77  12
 6 1  1.58417E-02  1.16729E-01  1.16729E-01  1.20000E+01            100.PD 46.  78   1
 6 5  1.79609E-03  1.36529E-01  1.36529E-01  1.20000E+01            100.PD 46.  79   5
 6 6  9.92390E-05  1.36769E-01  1.36769E-01  1.20000E+01            100.PD 46.  80   6
 6 7  3.02354E-05  1.36916E-01  1.36916E-01  1.20000E+01            100.PD 46.  81   7
 6 3  3.62230E-04  1.39425E-01  1.39425E-01  1.20000E+01            100.PD 46.  82   3
 6 4  7.05554E-05  1.39920E-01  1.39920E-01  1.20000E+01            100.PD 46.  83   4
 113  3.17200E-01  1.51880E-01  1.51880E-01  0.00000E+00            100.PD 46.  84  13
 6 1  1.22441E-02  1.28689E-01  1.28689E-01  1.30000E+01            100.PD 46.  85   1
 6 5  1.24375E-03  1.48489E-01  1.48489E-01  1.30000E+01            100.PD 46.  86   5
 6 6  8.25803E-05  1.48729E-01  1.48729E-01  1.30000E+01            100.PD 46.  87   6
 6 7  1.21373E-04  1.48876E-01  1.48876E-01  1.30000E+01            100.PD 46.  88   7
 6 3  2.69141E-04  1.51385E-01  1.51385E-01  1.30000E+01            100.PD 46.  89   3
 6 4  5.17633E-05  1.51880E-01  1.51880E-01  1.30000E+01            100.PD 46.  90   4
 114  3.17200E-02  1.54000E-01  1.54000E-01  0.00000E+00            100.PD 46.  91  14
 6 1  4.44342E-03  1.30809E-01  1.30809E-01  1.40000E+01            100.PD 46.  92   1
 6 5  4.31906E-04  1.50609E-01  1.50609E-01  1.40000E+01            100.PD 46.  93   5
 6 6  1.60919E-04  1.50849E-01  1.50849E-01  1.40000E+01            100.PD 46.  94   6
 6 7  1.81975E-04  1.50996E-01  1.50996E-01  1.40000E+01            100.PD 46.  95   7
 6 3  1.47449E-04  1.53505E-01  1.53505E-01  1.40000E+01            100.PD 46.  96   3
 6 4  2.67312E-05  1.54000E-01  1.54000E-01  1.40000E+01            100.PD 46.  97   4
 115  1.66400E+00  1.58870E-01  1.58870E-01  0.00000E+00            100.PD 46.  98  15
 6 1  5.64850E-02  1.35679E-01  1.35679E-01  1.50000E+01            100.PD 46.  99   1
 6 5  5.75389E-03  1.55479E-01  1.55479E-01  1.50000E+01            100.PD 46. 100   5
 6 6  3.69870E-04  1.55718E-01  1.55718E-01  1.50000E+01            100.PD 46. 101   6
 6 7  5.42535E-04  1.55865E-01  1.55865E-01  1.50000E+01            100.PD 46. 102   7
 6 3  1.24030E-03  1.58375E-01  1.58375E-01  1.50000E+01            100.PD 46. 103   3
 6 4  2.38739E-04  1.58870E-01  1.58870E-01  1.50000E+01            100.PD 46. 104   4
 2 1  3.63348E+01  2.00395E-02  2.00395E-02  0.00000E+00            100.PD 46. 105   1
 2 2  6.87841E+01  2.01865E-02  2.01865E-02  0.00000E+00            100.PD 46. 106   2
 2 3  5.84950E+00  2.26708E-02  2.26708E-02  0.00000E+00            100.PD 46. 107   3
 2 4  1.13742E+01  2.26963E-02  2.26963E-02  0.00000E+00            100.PD 46. 108   4
 2 5  3.49037E-02  2.28680E-02  2.28680E-02  0.00000E+00            100.PD 46. 109   5
 2 6  4.89924E-02  2.28731E-02  2.28731E-02  0.00000E+00            100.PD 46. 110   6
 2 7  1.16336E+00  2.31321E-02  2.31321E-02  0.00000E+00            100.PD 46. 111   7
 2 8  2.24687E+00  2.31362E-02  2.31362E-02  0.00000E+00            100.PD 46. 112   8
 2 9  2.83568E-03  2.31807E-02  2.31807E-02  0.00000E+00            100.PD 46. 113   9
 210  3.93466E-03  2.31812E-02  2.31812E-02  0.00000E+00            100.PD 46. 114  10
 221  5.00917E-04  2.39700E-04  2.39700E-04  0.00000E+00            100.PD 46. 115  21
 222  3.69095E-03  3.86700E-04  3.86700E-04  0.00000E+00            100.PD 46. 116  22
 223  9.84459E-02  2.87105E-03  2.87105E-03  0.00000E+00            100.PD 46. 117  23
 224  1.66069E-01  2.89655E-03  2.89655E-03  0.00000E+00            100.PD 46. 118  24
 225  9.88549E-04  3.06817E-03  3.06817E-03  0.00000E+00            100.PD 46. 119  25
 226  1.47420E-03  3.07324E-03  3.07324E-03  0.00000E+00            100.PD 46. 120  26
 227  1.68315E-02  3.33235E-03  3.33235E-03  0.00000E+00            100.PD 46. 121  27
 228  2.86715E-02  3.33643E-03  3.33643E-03  0.00000E+00            100.PD 46. 122  28
 229  5.83215E-05  3.38096E-03  3.38096E-03  0.00000E+00            100.PD 46. 123  29
 230  8.68989E-05  3.38139E-03  3.38139E-03  0.00000E+00            100.PD 46. 124  30
 241  5.41574E-07  1.47000E-04  1.47000E-04  0.00000E+00            100.PD 46. 125  41
 242  1.76862E-01  2.53556E-03  2.53556E-03  0.00000E+00            100.PD 46. 126  42
 243  1.96770E-03  2.65685E-03  2.65685E-03  0.00000E+00            100.PD 46. 127  43
 244  2.18346E+00  2.82847E-03  2.82847E-03  0.00000E+00            100.PD 46. 128  44
 245  1.68521E-02  3.06296E-03  3.06296E-03  0.00000E+00            100.PD 46. 129  45
 246  1.09557E-04  3.09671E-03  3.09671E-03  0.00000E+00            100.PD 46. 130  46
 247  1.48753E-01  3.14126E-03  3.14126E-03  0.00000E+00            100.PD 46. 131  47
 261  6.87897E-01  2.38855E-03  2.38855E-03  0.00000E+00            100.PD 46. 132  61
 262  3.13986E-03  2.48435E-03  2.48435E-03  0.00000E+00            100.PD 46. 133  62
 263  2.96618E-03  2.50984E-03  2.50984E-03  0.00000E+00            100.PD 46. 134  63
 264  5.22315E-01  2.68147E-03  2.68147E-03  0.00000E+00            100.PD 46. 135  64
 265  4.63690E+00  2.68654E-03  2.68654E-03  0.00000E+00            100.PD 46. 136  65
 266  4.06020E-02  2.91598E-03  2.91598E-03  0.00000E+00            100.PD 46. 137  66
 267  1.32503E-04  2.94566E-03  2.94566E-03  0.00000E+00            100.PD 46. 138  67
 268  1.26335E-04  2.94972E-03  2.94972E-03  0.00000E+00            100.PD 46. 139  68
 269  3.51000E-02  2.99426E-03  2.99426E-03  0.00000E+00            100.PD 46. 140  69
 270  3.09601E-01  2.99469E-03  2.99469E-03  0.00000E+00            100.PD 46. 141  70
 291  2.46427E-01  3.06582E-04  3.06582E-04  0.00000E+00            100.PD 46. 142  91
 292  4.46318E-03  3.99309E-05  3.99309E-05  0.00000E+00            100.PD 46. 143  92
 294  1.55821E+03  9.95811E-06  9.95811E-06  0.00000E+00            100.PD 46. 144  94
 7 1  2.09229E+01  1.69094E-02  1.69094E-02  0.00000E+00            100.PD 46. 145   1
 7 2  8.19116E+00  1.95952E-02  1.95952E-02  0.00000E+00            100.PD 46. 146   2
 7 3  7.72131E-01  2.22837E-02  2.22837E-02  0.00000E+00            100.PD 46. 147   3
 7 4  3.50227E+01  1.10596E-04  1.10596E-04  0.00000E+00            100.PD 46. 148   4
 7 5  1.42358E+02  2.26685E-03  2.26685E-03  0.00000E+00            100.PD 46. 149   5
 7 6  2.64025E+01  2.60806E-03  2.60806E-03  0.00000E+00            100.PD 46. 150   6
 7 7  1.34234E+00  2.97243E-03  2.97243E-03  0.00000E+00            100.PD 46. 151   7
 7 8  1.50455E+02  1.18189E-04  1.18189E-04  0.00000E+00            100.PD 46. 152   8
 7 9  3.68510E+02  2.60365E-04  2.60365E-04  0.00000E+00            100.PD 46. 153   9
 710  2.40469E+00  3.07822E-04  3.07822E-04  0.00000E+00            100.PD 46. 154  10
 712  6.16393E+02  3.35214E-05  3.35214E-05  0.00000E+00            100.PD 46. 155  12
%%%% 100 PD  46    EC           3.13632E+05    3.63 D  02-11-2005       SEEIEND 
 


   ***************************************************** 
   *                 Radiation Summary                 * 
   ***************************************************** 
 
  Energy released by
    Gamma-ray                       (MeV) =   9.68581E-02
    X-ray                           (MeV) =   2.61319E-02
    Free-bound X-ray                (MeV) =   1.55169E-04
    Annihilation photon             (MeV) =   0.00000E+00
    Beta+ particle                  (MeV) =   0.00000E+00
    Neutrino                        (MeV) =   1.98300E-01
    Beta- particle                  (MeV) =   0.00000E+00
    Neutrino-                       (MeV) =   0.00000E+00
    Internal conv. electron         (MeV) =   3.48083E-02
    Auger and CK electron           (MeV) =   1.06606E-02
    Alpha particle                  (MeV) =   0.00000E+00
    Recoil nucleus                  (MeV) =   0.00000E+00
  E-total (except unplaced radiat.) (MeV) =   3.66914E-01
  E-unplaced radiation              (MeV) =   0.00000E+00
  Q-value from ENSDF data           (MeV) =   3.61000E-01
  Ratio of E-total/Q-value          ( % ) =   1.01638E+02
  Ratio of E-unplaced radi./Q-value ( % ) =   0.00000E+00

 
  Total yield of
    Gamma-ray                             =   1.19903E+00
    X-ray                                 =   1.35178E+00
    Free-bound X-ray                      =   1.55821E+01
    Annihilation photon                   =   0.00000E+00
    Beta+ particle                        =   0.00000E+00
    Beta- particle                        =   0.00000E+00
    Internal conv. electron               =   8.54601E-01
    Auger and CK electron                 =   1.37277E+01
    Alpha particle                        =   0.00000E+00
  Yield of unplaced radiation             =   0.00000E+00


