%%%% 145 PM  61    EC A         5.58570E+08 17.7 Y     02-11-2005       BALASTAR
1 145   PM  61 17.7 Y          EC A       
1INTENSITY AND ENERGY BALANCE DATA

              145-PROMETHIUM-61
+                                    HALFLIFE = 17.7 YEARS   
+                                                                  02-11-2005


    LEVEL       INTENSITY   INTENSITY
    ENERGY      ENTERING    LEAVING     PERCENT
    (MEV)       LEVEL       LEVEL       ERROR

   0.0000E+00  1.0055E+02
   6.7200E-02  6.0000E+00  5.8727E+00  2.1451E+00                      
   7.2400E-02  8.0000E+00  8.6761E+00  8.1091E+00                      
   0.0000E+00  2.8000E-07


 INTENSITY TO GROUND AND ISOMERIC STATE(S) OF DAUGHTER(S)=  1.005E+02
 TOTAL INTENSITY FROM PARENT=  1.000E+02
 PERCENT ERROR =  5.458E-01                      


 TOTAL INTENSITY FROM PARENT =  1.000E+02
 VALUE IS WITHIN   7.63E-06% OF 100                      


 TOTAL ENERGY AVAILABLE =  1.635E-01 MEV
 TOTAL ENERGY CONTENT OF ALL RADIATIONS =  1.639E-01 MEV
 PERCENT ERROR =  2.464E-01                      
%%%% 145 PM  61    EC A         5.58570E+08 17.7 Y     02-11-2005       BALAEND 
%%%% 145 PM  61    EC A         5.58570E+08 17.7 Y     02-11-2005       INPUSTAR
1                                      **INPUT DATA**
              145-PROMETHIUM-61
+                                    HALFLIFE = 17.7 YEARS   
+                                                                  02-11-2005

            MODES OF DECAY: ELECTRON CAPTURE, ALPHA
 
                                MEAN
                                NUMBER/    TRANSITION
                TYPE OF    ID   TRANSFOR-  ENERGY
              TRANSITION   NO.  MATION     (MEV)       OTHER NUCLEAR PARAMETERS

           ELECT. CAPTURE   1   8.00E-02   9.110E-02   FIRST FORBIDDEN                          
           ELECT. CAPTURE   2   6.00E-02   9.630E-02   FIRST FORBIDDEN                          
           ELECT. CAPTURE   3   8.60E-01   1.635E-01   FIRST FORBIDDEN                          
           I.C.E. + GAMMA   1   5.87E-02   6.720E-02   E2 MULTIPOLE                             
+                                                                    AK= 3.28                   
                                                       AL1=0.286     AL2=2.12                   
                                                       AL3=2.50      AM= 1.13                   
                                                       AN+=0.291                                
           I.C.E. + GAMMA   2   8.68E-02   7.240E-02   M1 MULTIPOLE                             
+                                                                    AK= 3.13                   
                                                       AL1=0.400     AL2=0.0324                 
                                                       AL3=0.00643   AM= 0.0932                 
                                                       AN+=0.0259                               
                    ALPHA   1   2.80E-09   2.322E+00                                            
 
           - - - - - - - - - -
           Reference: Evaluated Nuclear Structure Data File (ENSDF)
                DATE DATA WERE ENTERED INTO ENSDF: Mar-2001
%%%% 145 PM  61    EC A         5.58570E+08 17.7 Y     02-11-2005       INPUEND 
%%%% 145 PM  61    EC A         5.58570E+08 17.7 Y     02-11-2005       OUTPSTAR
1                                      **OUTPUT DATA**
              145-PROMETHIUM-61
+                                    HALFLIFE = 17.7 YEARS   
+                                                                  02-11-2005

            MODES OF DECAY: ELECTRON CAPTURE, ALPHA
 
                                              MEAN
                                              NUMBER/                  MEV/
                                         ID   TRANSFOR-   ENERGY       TRANSFOR-
                  TYPE OF RADIATION      NO.  MATION      (MEV)        MATION

           GAMMA-RAY                      1   5.53E-03    6.720E-02    3.72E-04
           K CONV. ELECTRON, GAMMA-RAY    1   1.81E-02    2.360E-02    4.28E-04
           L1 CONV. ELECTRON, GAMMA-RAY   1   1.58E-03    6.011E-02    9.52E-05
           L2 CONV. ELECTRON, GAMMA-RAY   1   1.18E-02    6.047E-02    7.11E-04
           L3 CONV. ELECTRON, GAMMA-RAY   1   1.39E-02    6.100E-02    8.45E-04
           M CONV. ELECTRON, GAMMA-RAY    1   6.25E-03    6.591E-02*   4.12E-04
           N+ CONV. ELECTRON, GAMMA-RAY   1   1.61E-03    6.720E-02*   1.08E-04
           GAMMA-RAY                      2   1.85E-02    7.240E-02    1.34E-03
           K CONV. ELECTRON, GAMMA-RAY    2   5.79E-02    2.880E-02    1.67E-03
           L1 CONV. ELECTRON, GAMMA-RAY   2   7.39E-03    6.531E-02    4.83E-04
           L2 CONV. ELECTRON, GAMMA-RAY   2   5.99E-04    6.567E-02    3.94E-05
           M CONV. ELECTRON, GAMMA-RAY    2   1.72E-03    7.111E-02*   1.23E-04
           N+ CONV. ELECTRON, GAMMA-RAY   2   4.78E-04    7.240E-02*   3.46E-05
           K -L2 X-RAY                        2.16E-01    3.687E-02    7.97E-03
           K -L3 X-RAY                        3.94E-01    3.740E-02    1.47E-02
           K -M2 X-RAY                        3.89E-02    4.220E-02    1.64E-03
           K -M3 X-RAY                        7.53E-02    4.231E-02    3.19E-03
           K -N2 X-RAY                        8.36E-03    4.334E-02    3.62E-04
           K -N3 X-RAY                        1.62E-02    4.337E-02    7.04E-04
           K -O2 X-RAY                        1.57E-03    4.357E-02    6.83E-05
           K -O3 X-RAY                        3.10E-03    4.357E-02    1.35E-04
           L1-M3 X-RAY                        6.70E-03    5.806E-03    3.89E-05
           L2-M4 X-RAY                        3.47E-02    5.720E-03    1.98E-04
           L2-N4 X-RAY                        5.87E-03    6.599E-03    3.87E-05
           L3-M4 X-RAY                        6.20E-03    5.193E-03    3.22E-05
           L3-M5 X-RAY                        5.49E-02    5.216E-03    2.86E-04
           L3-N5 X-RAY                        9.05E-03    6.076E-03    5.50E-05
           Free-Bound X-RAY                   1.19E+01    1.521E-05    1.82E-04
           AUGER KLL                          4.16E-02    3.038E-02*   1.26E-03
           AUGER KLX                          2.00E-02    3.584E-02*   7.16E-04
           AUGER KXY                          2.29E-03    4.131E-02*   9.48E-05
           CK LLX                             1.79E-01    4.575E-04*   8.18E-05
           AUGER LMM                          5.95E-01    4.166E-03*   2.48E-03
           AUGER LMX                          2.00E-01    5.120E-03*   1.03E-03
           AUGER LXY                          1.67E-02    6.108E-03*   1.02E-04
           CK MMX                             7.16E-01    1.512E-04*   1.08E-04
           AUGER MNN                          1.57E+00    7.117E-04*   1.12E-03
           AUGER MNX                          1.08E-01    8.760E-04*   9.50E-05
           CK NNX                             4.53E+00    9.391E-05*   4.26E-04
           AUGER NXY                          1.22E+00    7.849E-05*   9.54E-05
           CK OOX                             1.20E+00    1.366E-05*   1.64E-05
           ALPHA                          1   2.80E-09    2.258E+00    6.32E-09
           RECOIL ATOM                        2.80E-09    6.410E-02    1.79E-10
 
           ALL LISTED X-RAYS, GAMMA-RAYS AND ANNIHILATION RADIATION    3.13E-02
           ALL NEGLECTED X-RAYS, GAMMA-RAYS AND ANNIH. RADIATION**     1.62E-04
           ALL LISTED BETAS, INTERNAL CONVERSION AND AUGER ELECTRONS   1.26E-02
           ALL NEGLECTED BETAS, INT. CONVERSION AND AUGER ELECTRONS**  1.08E-05
           ALL LISTED ALPHA PARTICLES AND  RECOIL NUCLEI               6.50E-09
           ALL LISTED RADIATIONS                                       4.39E-02
           ALL NEGLECTED RADIATIONS**                                  1.73E-04
 
           *  AVERAGE ENERGY (MEV)
           ** EACH NEGLECTED TRANSITION CONTRIBUTES LESS THAN  0.100%
              TO THE TOTAL MEV/TRANSFORMATION FOR THIS CATEGORY.
           TOTAL FEEDING OF GROUND STATE LEVEL IN 145-NEODYMIUM
             DAUGHTER IS 1.0000E+00 PER TRANSFORMATION OF 145-PROMETHIUM.
             THIS DAUGHTER GROUND STATE IS STABLE.
           TOTAL FEEDING OF GROUND STATE LEVEL IN 141-PRASEODYMIUM
             DAUGHTER IS 2.8000E-09 PER TRANSFORMATION OF 145-PROMETHIUM.
             THIS DAUGHTER GROUND STATE IS STABLE.
           - - - - - - - - - -
           INPUT DATA SOURCE: EVALUATED NUCLEAR STRUCTURE DATA FILE (ENSDF)
             DATE INPUT DATA WERE ENTERED INTO ENSDF: Mar-2001
%%%% 145 PM  61    EC A         5.58570E+08 17.7 Y     02-11-2005       OUTPEND 
%%%% 145 PM  61    EC A         5.58570E+08 17.7 Y     02-11-2005       SEEISTAR
145.  PROMETHIUM   61.  1.770E+01 YEARS     83 EC A                 145.PM 61.   0
 1 1  5.53150E-01  6.72000E-02  6.72000E-02  0.00000E+00            145.PM 61.   1   1
 6 1  1.81428E+00  2.36030E-02  2.36030E-02  1.00000E+00            145.PM 61.   2   1
 6 5  1.58359E-01  6.01067E-02  6.01067E-02  1.00000E+00            145.PM 61.   3   5
 6 6  1.17523E+00  6.04726E-02  6.04726E-02  1.00000E+00            145.PM 61.   4   6
 6 7  1.38552E+00  6.09993E-02  6.09993E-02  1.00000E+00            145.PM 61.   5   7
 6 3  6.25423E-01  6.59129E-02  6.59129E-02  1.00000E+00            145.PM 61.   6   3
 6 4  1.60710E-01  6.72000E-02  6.72000E-02  1.00000E+00            145.PM 61.   7   4
 1 2  1.85000E+00  7.24000E-02  7.24000E-02  0.00000E+00            145.PM 61.   8   2
 6 1  5.79460E+00  2.88030E-02  2.88030E-02  2.00000E+00            145.PM 61.   9   1
 6 5  7.39445E-01  6.53067E-02  6.53067E-02  2.00000E+00            145.PM 61.  10   5
 6 6  5.99423E-02  6.56726E-02  6.56726E-02  2.00000E+00            145.PM 61.  11   6
 6 7  1.18956E-02  6.61993E-02  6.61993E-02  2.00000E+00            145.PM 61.  12   7
 6 3  1.72438E-01  7.11129E-02  7.11129E-02  2.00000E+00            145.PM 61.  13   3
 6 4  4.78249E-02  7.24000E-02  7.24000E-02  2.00000E+00            145.PM 61.  14   4
 2 1  2.16295E+01  3.68696E-02  3.68696E-02  0.00000E+00            145.PM 61.  15   1
 2 2  3.93900E+01  3.73962E-02  3.73962E-02  0.00000E+00            145.PM 61.  16   2
 2 3  3.89109E+00  4.22041E-02  4.22041E-02  0.00000E+00            145.PM 61.  17   3
 2 4  7.52958E+00  4.23100E-02  4.23100E-02  0.00000E+00            145.PM 61.  18   4
 2 5  5.04552E-02  4.25898E-02  4.25898E-02  0.00000E+00            145.PM 61.  19   5
 2 6  6.74942E-02  4.26126E-02  4.26126E-02  0.00000E+00            145.PM 61.  20   6
 2 7  8.35533E-01  4.33442E-02  4.33442E-02  0.00000E+00            145.PM 61.  21   7
 2 8  1.62380E+00  4.33673E-02  4.33673E-02  0.00000E+00            145.PM 61.  22   8
 2 9  1.08680E-02  4.34682E-02  4.34682E-02  0.00000E+00            145.PM 61.  23   9
 210  1.45157E-02  4.34723E-02  4.34723E-02  0.00000E+00            145.PM 61.  24  10
 211  1.56868E-01  4.35688E-02  4.35688E-02  0.00000E+00            145.PM 61.  25  11
 212  3.10428E-01  4.35720E-02  4.35720E-02  0.00000E+00            145.PM 61.  26  12
 221  4.50834E-04  3.65900E-04  3.65900E-04  0.00000E+00            145.PM 61.  27  21
 222  1.45621E-02  8.92600E-04  8.92600E-04  0.00000E+00            145.PM 61.  28  22
 223  4.49799E-01  5.70049E-03  5.70049E-03  0.00000E+00            145.PM 61.  29  23
 224  6.70087E-01  5.80619E-03  5.80619E-03  0.00000E+00            145.PM 61.  30  24
 225  8.37742E-03  6.08600E-03  6.08600E-03  0.00000E+00            145.PM 61.  31  25
 226  1.25260E-02  6.10898E-03  6.10898E-03  0.00000E+00            145.PM 61.  32  26
 227  1.04312E-01  6.84054E-03  6.84054E-03  0.00000E+00            145.PM 61.  33  27
 228  1.61054E-01  6.86358E-03  6.86358E-03  0.00000E+00            145.PM 61.  34  28
 229  1.12030E-03  6.96462E-03  6.96462E-03  0.00000E+00            145.PM 61.  35  29
 230  1.71832E-03  6.96868E-03  6.96868E-03  0.00000E+00            145.PM 61.  36  30
 231  1.50589E-02  7.06518E-03  7.06518E-03  0.00000E+00            145.PM 61.  37  31
 232  2.27603E-02  7.06842E-03  7.06842E-03  0.00000E+00            145.PM 61.  38  32
 241  7.70828E-06  5.26700E-04  5.26700E-04  0.00000E+00            145.PM 61.  39  41
 242  1.45701E-01  5.17559E-03  5.17559E-03  0.00000E+00            145.PM 61.  40  42
 243  2.54503E-03  5.44030E-03  5.44030E-03  0.00000E+00            145.PM 61.  41  43
 244  3.46757E+00  5.72010E-03  5.72010E-03  0.00000E+00            145.PM 61.  42  44
 245  2.53720E-02  6.41382E-03  6.41382E-03  0.00000E+00            145.PM 61.  43  45
 246  4.58941E-04  6.49767E-03  6.49767E-03  0.00000E+00            145.PM 61.  44  46
 247  5.86878E-01  6.59872E-03  6.59872E-03  0.00000E+00            145.PM 61.  45  47
 248  1.50732E-04  6.71908E-03  6.71908E-03  0.00000E+00            145.PM 61.  46  48
 249  3.97124E-03  6.68259E-03  6.68259E-03  0.00000E+00            145.PM 61.  47  49
 250  9.14609E-05  6.70252E-03  6.70252E-03  0.00000E+00            145.PM 61.  48  50
 261  5.02004E-01  4.64891E-03  4.64891E-03  0.00000E+00            145.PM 61.  49  61
 262  3.09355E-03  4.80789E-03  4.80789E-03  0.00000E+00            145.PM 61.  50  62
 263  2.85596E-03  4.91360E-03  4.91360E-03  0.00000E+00            145.PM 61.  51  63
 264  6.20285E-01  5.19339E-03  5.19339E-03  0.00000E+00            145.PM 61.  52  64
 265  5.49022E+00  5.21638E-03  5.21638E-03  0.00000E+00            145.PM 61.  53  65
 266  5.72695E-02  5.88711E-03  5.88711E-03  0.00000E+00            145.PM 61.  54  66
 267  3.99483E-04  5.94794E-03  5.94794E-03  0.00000E+00            145.PM 61.  55  67
 268  3.85514E-04  5.97098E-03  5.97098E-03  0.00000E+00            145.PM 61.  56  68
 269  1.01247E-01  6.07202E-03  6.07202E-03  0.00000E+00            145.PM 61.  57  69
 270  9.05173E-01  6.07608E-03  6.07608E-03  0.00000E+00            145.PM 61.  58  70
 271  4.23341E-05  6.19238E-03  6.19238E-03  0.00000E+00            145.PM 61.  59  71
 272  2.42248E-04  6.19286E-03  6.19286E-03  0.00000E+00            145.PM 61.  60  72
 273  1.00321E-02  6.15588E-03  6.15588E-03  0.00000E+00            145.PM 61.  61  73
 274  7.98056E-05  6.17258E-03  6.17258E-03  0.00000E+00            145.PM 61.  62  74
 275  7.03287E-05  6.17582E-03  6.17582E-03  0.00000E+00            145.PM 61.  63  75
 291  1.04077E+00  8.65309E-04  8.65309E-04  0.00000E+00            145.PM 61.  64  91
 292  2.83939E-02  1.33774E-04  1.33774E-04  0.00000E+00            145.PM 61.  65  92
 293  2.83270E-06  1.91922E-05  1.91922E-05  0.00000E+00            145.PM 61.  66  93
 294  1.19375E+03  1.52068E-05  1.52068E-05  0.00000E+00            145.PM 61.  67  94
 7 1  4.16218E+00  3.03768E-02  3.03768E-02  0.00000E+00            145.PM 61.  68   1
 7 2  1.99651E+00  3.58432E-02  3.58432E-02  0.00000E+00            145.PM 61.  69   2
 7 3  2.29429E-01  4.13124E-02  4.13124E-02  0.00000E+00            145.PM 61.  70   3
 7 4  1.78698E+01  4.57478E-04  4.57478E-04  0.00000E+00            145.PM 61.  71   4
 7 5  5.94900E+01  4.16649E-03  4.16649E-03  0.00000E+00            145.PM 61.  72   5
 7 6  2.00249E+01  5.11982E-03  5.11982E-03  0.00000E+00            145.PM 61.  73   6
 7 7  1.66819E+00  6.10837E-03  6.10837E-03  0.00000E+00            145.PM 61.  74   7
 7 8  7.15963E+01  1.51201E-04  1.51201E-04  0.00000E+00            145.PM 61.  75   8
 7 9  1.57392E+02  7.11736E-04  7.11736E-04  0.00000E+00            145.PM 61.  76   9
 710  1.08487E+01  8.76025E-04  8.76025E-04  0.00000E+00            145.PM 61.  77  10
 711  2.40130E-01  1.06051E-03  1.06051E-03  0.00000E+00            145.PM 61.  78  11
 712  4.53228E+02  9.39094E-05  9.39094E-05  0.00000E+00            145.PM 61.  79  12
 713  1.21521E+02  7.84943E-05  7.84943E-05  0.00000E+00            145.PM 61.  80  13
 714  1.19826E+02  1.36628E-05  1.36628E-05  0.00000E+00            145.PM 61.  81  14
 715  9.65294E-01  3.48800E-05  3.48800E-05  0.00000E+00            145.PM 61.  82  15
 8 1  2.80000E-07  2.25790E+00  6.40957E-02  0.00000E+00            145.PM 61.  83   1
%%%% 145 PM  61    EC A         5.58570E+08 17.7 Y     02-11-2005       SEEIEND 
 


   ***************************************************** 
   *                 Radiation Summary                 * 
   ***************************************************** 
 
  Energy released by
    Gamma-ray                       (MeV) =   1.71112E-03
    X-ray                           (MeV) =   2.96144E-02
    Free-bound X-ray                (MeV) =   1.81530E-04
    Annihilation photon             (MeV) =   0.00000E+00
    Beta+ particle                  (MeV) =   0.00000E+00
    Neutrino                        (MeV) =   1.18548E-01
    Beta- particle                  (MeV) =   0.00000E+00
    Neutrino-                       (MeV) =   0.00000E+00
    Internal conv. electron         (MeV) =   4.95590E-03
    Auger and CK electron           (MeV) =   7.62604E-03
    Alpha particle                  (MeV) =   6.32213E-09
    Recoil nucleus                  (MeV) =   1.79468E-10
  E-total (except unplaced radiat.) (MeV) =   1.62637E-01
  E-unplaced radiation              (MeV) =   0.00000E+00
  Q-value from ENSDF data           (MeV) =   1.63500E-01
  Ratio of E-total/Q-value          ( % ) =   9.94724E+01
  Ratio of E-unplaced radi./Q-value ( % ) =   0.00000E+00

 
  Total yield of
    Gamma-ray                             =   2.40315E-02
    X-ray                                 =   8.99672E-01
    Free-bound X-ray                      =   1.19375E+01
    Annihilation photon                   =   0.00000E+00
    Beta+ particle                        =   0.00000E+00
    Beta- particle                        =   0.00000E+00
    Internal conv. electron               =   1.21457E-01
    Auger and CK electron                 =   1.04106E+01
    Alpha particle                        =   2.80000E-09
  Yield of unplaced radiation             =   0.00000E+00


