%%%% 209 PO  84    A  EC        3.21888E+09 102 Y      02-11-2005       BALASTAR
1 209   PO  84 102 Y           A  EC      
1INTENSITY AND ENERGY BALANCE DATA

              209-POLONIUM-84
+                                    HALFLIFE = 102 YEARS   
+                                                                  02-11-2005


    LEVEL       INTENSITY   INTENSITY
    ENERGY      ENTERING    LEAVING     PERCENT
    (MEV)       LEVEL       LEVEL       ERROR

   0.0000E+00  9.9504E+01
   2.3000E-03  7.9572E+01  7.9553E+01  2.3935E-02                      
   2.6280E-01  9.0723E-01  9.1088E-01  4.0135E-01                      
   5.7620E-01  1.4792E-04  0.0000E+00  2.0000E+02  ********************
   7.6140E-01  5.5223E-04  0.0000E+00  2.0000E+02  ********************
   0.0000E+00  4.8010E-01
   8.9660E-01  4.8000E-01  4.8010E-01  2.1542E-02                      


 INTENSITY TO GROUND AND ISOMERIC STATE(S) OF DAUGHTER(S)=  9.998E+01
 TOTAL INTENSITY FROM PARENT=  1.000E+02
 PERCENT ERROR =  1.599E-02                      


 TOTAL INTENSITY FROM PARENT =  1.000E+02
 VALUE IS WITHIN   7.63E-06% OF 100                      


 TOTAL ENERGY AVAILABLE =  4.966E+00 MEV
 TOTAL ENERGY CONTENT OF ALL RADIATIONS =  4.966E+00 MEV
 PERCENT ERROR =  5.665E-04                      
%%%% 209 PO  84    A  EC        3.21888E+09 102 Y      02-11-2005       BALAEND 
%%%% 209 PO  84    A  EC        3.21888E+09 102 Y      02-11-2005       INPUSTAR
1                                      **INPUT DATA**
              209-POLONIUM-84
+                                    HALFLIFE = 102 YEARS   
+                                                                  02-11-2005

            MODES OF DECAY: ALPHA, ELECTRON CAPTURE
 
                                MEAN
                                NUMBER/    TRANSITION
                TYPE OF    ID   TRANSFOR-  ENERGY
              TRANSITION   NO.  MATION     (MEV)       OTHER NUCLEAR PARAMETERS

                    ALPHA   1   5.52E-06   4.220E+00                                            
                    ALPHA   2   1.48E-06   4.405E+00                                            
                    ALPHA   3   9.07E-03   4.718E+00                                            
                    ALPHA   4   7.89E-01   4.979E+00                                            
                    ALPHA   5   1.97E-01   4.981E+00                                            
           I.C.E. + GAMMA   1   7.96E-01   2.329E-03   E2 MULTIPOLE                             
+                                                                    AK= 0.0                    
                                                       AL1=0.0       AL2=0.0                    
                                                       AL3=0.0       AM= 0.0                    
                                                       AN+=4.05E+07                             
           I.C.E. + GAMMA   2   6.82E-03   2.605E-01   M1+E2 MULTIPOLE                          
                                                       MRS=0.250     AK= 0.502                  
                                                       AL1=0.0773    AL2=0.0149                 
                                                       AL3=0.00466   AM= 0.0232                 
                                                       AN+=0.00743                              
           I.C.E. + GAMMA   3   2.29E-03   2.628E-01   M1+E2 MULTIPOLE                          
                                                       MRS=0.250     AK= 0.492                  
                                                       AL1=0.0756    AL2=0.0145                 
                                                       AL3=0.00449   AM= 0.0226                 
                                                       AN+=0.00725                              
           ELECT. CAPTURE   1   4.80E-03   9.944E-01   UNIQUE SECOND FORBIDDEN                  
           I.C.E. + GAMMA   1   4.80E-03   8.966E-01   M1+E2 MULTIPOLE                          
                                                       MRS=0.490     AK= 0.0172                 
                                                       AL1=0.00263                              
 
           - - - - - - - - - -
           Reference: Evaluated Nuclear Structure Data File (ENSDF)
                DATE DATA WERE ENTERED INTO ENSDF: Nov-1991
%%%% 209 PO  84    A  EC        3.21888E+09 102 Y      02-11-2005       INPUEND 
%%%% 209 PO  84    A  EC        3.21888E+09 102 Y      02-11-2005       OUTPSTAR
1                                      **OUTPUT DATA**
              209-POLONIUM-84
+                                    HALFLIFE = 102 YEARS   
+                                                                  02-11-2005

            MODES OF DECAY: ALPHA, ELECTRON CAPTURE
 
                                              MEAN
                                              NUMBER/                  MEV/
                                         ID   TRANSFOR-   ENERGY       TRANSFOR-
                  TYPE OF RADIATION      NO.  MATION      (MEV)        MATION

           ALPHA                          3   9.07E-03    4.628E+00    4.20E-02
           RECOIL ATOM                        9.07E-03    9.036E-02    8.20E-04
           ALPHA                          4   7.89E-01    4.883E+00    3.85E+00
           RECOIL ATOM                        7.89E-01    9.535E-02    7.52E-02
           ALPHA                          5   1.97E-01    4.886E+00    9.64E-01
           RECOIL ATOM                        1.97E-01    9.539E-02    1.88E-02
           N+ CONV. ELECTRON, GAMMA-RAY   1   7.96E-01    2.329E-03*   1.85E-03
           GAMMA-RAY                      2   4.18E-03    2.605E-01    1.09E-03
           K CONV. ELECTRON, GAMMA-RAY    2   2.10E-03    1.722E-01    3.62E-04
           L1 CONV. ELECTRON, GAMMA-RAY   2   3.24E-04    2.447E-01    7.92E-05
           L2 CONV. ELECTRON, GAMMA-RAY   2   6.24E-05    2.452E-01    1.53E-05
           L3 CONV. ELECTRON, GAMMA-RAY   2   1.95E-05    2.475E-01    4.83E-06
           M CONV. ELECTRON, GAMMA-RAY    2   9.69E-05    2.574E-01*   2.50E-05
           N+ CONV. ELECTRON, GAMMA-RAY   2   3.11E-05    2.605E-01*   8.09E-06
           GAMMA-RAY                      3   1.42E-03    2.628E-01    3.72E-04
           K CONV. ELECTRON, GAMMA-RAY    3   6.96E-04    1.745E-01    1.22E-04
           L1 CONV. ELECTRON, GAMMA-RAY   3   1.07E-04    2.470E-01    2.65E-05
           L2 CONV. ELECTRON, GAMMA-RAY   3   2.05E-05    2.475E-01    5.08E-06
           M CONV. ELECTRON, GAMMA-RAY    3   3.21E-05    2.597E-01*   8.32E-06
           K -L2 X-RAY                        7.90E-04    7.304E-02    5.77E-05
           K -L3 X-RAY                        1.33E-03    7.525E-02    9.98E-05
           K -M2 X-RAY                        1.48E-04    8.474E-02    1.25E-05
           K -M3 X-RAY                        2.86E-04    8.524E-02    2.44E-05
           Free-Bound X-RAY                   4.20E+00    2.660E-05    1.12E-04
           AUGER KLL                          6.69E-05    5.875E-02*   3.93E-06
           AUGER LMM                          1.17E-03    8.046E-03*   9.38E-06
           AUGER LMX                          5.16E-04    1.042E-02*   5.37E-06
           AUGER MNN                          3.93E-03    1.911E-03*   7.51E-06
           CK NNX                             1.11E+00    1.808E-04*   2.00E-04
           AUGER NXY                          1.11E+00    9.722E-05*   1.08E-04
           CK OOX                             1.16E+00    4.238E-05*   4.91E-05
           GAMMA-RAY                      1   4.70E-03    8.966E-01    4.22E-03
           K CONV. ELECTRON, GAMMA-RAY    1   8.11E-05    8.058E-01    6.53E-05
           L1 CONV. ELECTRON, GAMMA-RAY   1   1.24E-05    8.802E-01    1.09E-05
           K -L2 X-RAY                        9.82E-04    7.506E-02    7.37E-05
           K -L3 X-RAY                        1.64E-03    7.741E-02    1.27E-04
           K -M2 X-RAY                        1.84E-04    8.714E-02    1.60E-05
           K -M3 X-RAY                        3.56E-04    8.767E-02    3.12E-05
           K -N3 X-RAY                        8.67E-05    9.016E-02    7.82E-06
           L3-M5 X-RAY                        6.57E-04    1.084E-02    7.12E-06
           AUGER KLL                          8.14E-05    6.030E-02*   4.91E-06
           AUGER KLX                          4.47E-05    7.265E-02*   3.25E-06
           AUGER LMM                          1.57E-03    8.236E-03*   1.29E-05
           AUGER LMX                          7.05E-04    1.070E-02*   7.54E-06
           AUGER MNN                          5.49E-03    1.961E-03*   1.08E-05
 
           ALL LISTED X-RAYS, GAMMA-RAYS AND ANNIHILATION RADIATION    6.25E-03
           ALL NEGLECTED X-RAYS, GAMMA-RAYS AND ANNIH. RADIATION**     4.78E-05
           ALL LISTED BETAS, INTERNAL CONVERSION AND AUGER ELECTRONS   3.01E-03
           ALL NEGLECTED BETAS, INT. CONVERSION AND AUGER ELECTRONS**  2.49E-05
           ALL LISTED ALPHA PARTICLES AND  RECOIL NUCLEI               4.95E+00
           ALL NEGLECTED ALPHA PARTICLES AND  RECOIL NUCLEI**          2.98E-05
           ALL LISTED RADIATIONS                                       4.96E+00
           ALL NEGLECTED RADIATIONS**                                  1.03E-04
 
           *  AVERAGE ENERGY (MEV)
           ** EACH NEGLECTED TRANSITION CONTRIBUTES LESS THAN  0.100%
              TO THE TOTAL MEV/TRANSFORMATION FOR THIS CATEGORY.
           TOTAL FEEDING OF GROUND STATE LEVEL IN 205-LEAD
             DAUGHTER IS 9.9520E-01 PER TRANSFORMATION OF 209-POLONIUM.
             DECAY OF THIS 0.153E+08 YEARS HALFLIFE LEVEL WILL CONTRIBUTE TO DOSE.
           TOTAL FEEDING OF GROUND STATE LEVEL IN 209-BISMUTH
             DAUGHTER IS 4.8000E-03 PER TRANSFORMATION OF 209-POLONIUM.
             THIS DAUGHTER GROUND STATE IS STABLE.
           - - - - - - - - - -
           INPUT DATA SOURCE: EVALUATED NUCLEAR STRUCTURE DATA FILE (ENSDF)
             DATE INPUT DATA WERE ENTERED INTO ENSDF: Nov-1991
%%%% 209 PO  84    A  EC        3.21888E+09 102 Y      02-11-2005       OUTPEND 
%%%% 209 PO  84    A  EC        3.21888E+09 102 Y      02-11-2005       SEEISTAR
209.  POLONIUM     84.  1.020E+02 YEARS    196 A  EC                209.PO 84.   0
 8 1  5.52228E-04  4.13879E+00  8.08094E-02  0.00000E+00            209.PO 84.   1   1
 8 2  1.47918E-04  4.32044E+00  8.43562E-02  0.00000E+00            209.PO 84.   2   2
 8 3  9.07231E-01  4.62784E+00  9.03581E-02  0.00000E+00            209.PO 84.   3   3
 8 4  7.88896E+01  4.88335E+00  9.53469E-02  0.00000E+00            209.PO 84.   4   4
 8 5  1.97224E+01  4.88561E+00  9.53909E-02  0.00000E+00            209.PO 84.   5   5
 1 1  1.96348E-06  2.32900E-03  2.32900E-03  0.00000E+00            209.PO 84.   6   1
 6 4  7.95525E+01  2.32900E-03  2.32900E-03  1.00000E+00            209.PO 84.   7   4
 1 2  4.18342E-01  2.60500E-01  2.60500E-01  0.00000E+00            209.PO 84.   8   2
 6 1  2.10212E-01  1.72210E-01  1.72210E-01  2.00000E+00            209.PO 84.   9   1
 6 5  3.23559E-02  2.44653E-01  2.44653E-01  2.00000E+00            209.PO 84.  10   5
 6 6  6.23775E-03  2.45249E-01  2.45249E-01  2.00000E+00            209.PO 84.  11   6
 6 7  1.95001E-03  2.47460E-01  2.47460E-01  2.00000E+00            209.PO 84.  12   7
 6 3  9.69425E-03  2.57445E-01  2.57445E-01  2.00000E+00            209.PO 84.  13   3
 6 4  3.10619E-03  2.60500E-01  2.60500E-01  2.00000E+00            209.PO 84.  14   4
 1 3  1.41697E-01  2.62800E-01  2.62800E-01  0.00000E+00            209.PO 84.  15   3
 6 1  6.96459E-02  1.74510E-01  1.74510E-01  3.00000E+00            209.PO 84.  16   1
 6 5  1.07191E-02  2.46953E-01  2.46953E-01  3.00000E+00            209.PO 84.  17   5
 6 6  2.05193E-03  2.47549E-01  2.47549E-01  3.00000E+00            209.PO 84.  18   6
 6 7  6.36121E-04  2.49760E-01  2.49760E-01  3.00000E+00            209.PO 84.  19   7
 6 3  3.20503E-03  2.59745E-01  2.59745E-01  3.00000E+00            209.PO 84.  20   3
 6 4  1.02697E-03  2.62800E-01  2.62800E-01  3.00000E+00            209.PO 84.  21   4
 2 1  7.89643E-02  7.30390E-02  7.30390E-02  0.00000E+00            209.PO 84.  22   1
 2 2  1.32621E-01  7.52501E-02  7.52501E-02  0.00000E+00            209.PO 84.  23   2
 2 3  1.47733E-02  8.47407E-02  8.47407E-02  0.00000E+00            209.PO 84.  24   3
 2 4  2.86154E-02  8.52354E-02  8.52354E-02  0.00000E+00            209.PO 84.  25   4
 2 5  4.02712E-04  8.56955E-02  8.56955E-02  0.00000E+00            209.PO 84.  26   5
 2 6  4.87397E-04  8.58009E-02  8.58009E-02  0.00000E+00            209.PO 84.  27   6
 2 7  3.52310E-03  8.75343E-02  8.75343E-02  0.00000E+00            209.PO 84.  28   7
 2 8  6.92309E-03  8.76558E-02  8.76558E-02  0.00000E+00            209.PO 84.  29   8
 2 9  1.07062E-04  8.78547E-02  8.78547E-02  0.00000E+00            209.PO 84.  30   9
 210  1.29378E-04  8.78775E-02  8.78775E-02  0.00000E+00            209.PO 84.  31  10
 211  8.19196E-04  8.81791E-02  8.81791E-02  0.00000E+00            209.PO 84.  32  11
 212  1.58723E-03  8.82024E-02  8.82024E-02  0.00000E+00            209.PO 84.  33  12
 213  1.38708E-05  8.82612E-02  8.82612E-02  0.00000E+00            209.PO 84.  34  13
 214  1.62079E-05  8.82640E-02  8.82640E-02  0.00000E+00            209.PO 84.  35  14
 215  1.83994E-05  8.82829E-02  8.82829E-02  0.00000E+00            209.PO 84.  36  15
 216  2.82180E-05  8.82846E-02  8.82846E-02  0.00000E+00            209.PO 84.  37  16
 221  5.85264E-07  5.96000E-04  5.96000E-04  0.00000E+00            209.PO 84.  38  21
 222  1.49941E-04  2.80700E-03  2.80700E-03  0.00000E+00            209.PO 84.  39  22
 223  1.64742E-03  1.22977E-02  1.22977E-02  0.00000E+00            209.PO 84.  40  23
 224  1.79901E-03  1.27924E-02  1.27924E-02  0.00000E+00            209.PO 84.  41  24
 225  5.94773E-05  1.32523E-02  1.32523E-02  0.00000E+00            209.PO 84.  42  25
 226  8.90044E-05  1.33580E-02  1.33580E-02  0.00000E+00            209.PO 84.  43  26
 227  4.23964E-04  1.50910E-02  1.50910E-02  0.00000E+00            209.PO 84.  44  27
 228  5.04713E-04  1.52127E-02  1.52127E-02  0.00000E+00            209.PO 84.  45  28
 229  9.13940E-06  1.54118E-02  1.54118E-02  0.00000E+00            209.PO 84.  46  29
 230  1.44609E-05  1.54345E-02  1.54345E-02  0.00000E+00            209.PO 84.  47  30
 231  8.30502E-05  1.57361E-02  1.57361E-02  0.00000E+00            209.PO 84.  48  31
 232  9.71341E-05  1.57594E-02  1.57594E-02  0.00000E+00            209.PO 84.  49  32
 233  1.06593E-06  1.58182E-02  1.58182E-02  0.00000E+00            209.PO 84.  50  33
 234  1.66529E-06  1.58210E-02  1.58210E-02  0.00000E+00            209.PO 84.  51  34
 235  2.24986E-06  1.58400E-02  1.58400E-02  0.00000E+00            209.PO 84.  52  35
 236  2.12047E-06  1.58417E-02  1.58417E-02  0.00000E+00            209.PO 84.  53  36
 241  1.02120E-06  2.21100E-03  2.21100E-03  0.00000E+00            209.PO 84.  54  41
 242  8.21979E-04  1.14267E-02  1.14267E-02  0.00000E+00            209.PO 84.  55  42
 243  3.37300E-05  1.21964E-02  1.21964E-02  0.00000E+00            209.PO 84.  56  43
 244  3.02110E-02  1.26563E-02  1.26563E-02  0.00000E+00            209.PO 84.  57  44
 245  2.12182E-04  1.43743E-02  1.43743E-02  0.00000E+00            209.PO 84.  58  45
 246  9.36549E-06  1.46167E-02  1.46167E-02  0.00000E+00            209.PO 84.  59  46
 247  6.16913E-03  1.48158E-02  1.48158E-02  0.00000E+00            209.PO 84.  60  47
 248  2.60096E-05  1.50980E-02  1.50980E-02  0.00000E+00            209.PO 84.  61  48
 249  4.52591E-05  1.50981E-02  1.50981E-02  0.00000E+00            209.PO 84.  62  49
 250  1.88746E-06  1.51634E-02  1.51634E-02  0.00000E+00            209.PO 84.  63  50
 251  7.63448E-04  1.52222E-02  1.52222E-02  0.00000E+00            209.PO 84.  64  51
 253  5.87350E-06  1.52359E-02  1.52359E-02  0.00000E+00            209.PO 84.  65  53
 254  3.92549E-08  1.52457E-02  1.52457E-02  0.00000E+00            209.PO 84.  66  54
 261  2.97503E-03  9.21570E-03  9.21570E-03  0.00000E+00            209.PO 84.  67  61
 262  3.12564E-05  9.49069E-03  9.49069E-03  0.00000E+00            209.PO 84.  68  62
 263  2.82554E-05  9.98540E-03  9.98540E-03  0.00000E+00            209.PO 84.  69  63
 264  5.20430E-03  1.04453E-02  1.04453E-02  0.00000E+00            209.PO 84.  70  64
 265  4.58144E-02  1.05510E-02  1.05510E-02  0.00000E+00            209.PO 84.  71  65
 266  6.64569E-04  1.21633E-02  1.21633E-02  0.00000E+00            209.PO 84.  72  66
 267  7.06759E-06  1.22840E-02  1.22840E-02  0.00000E+00            209.PO 84.  73  67
 268  7.24329E-06  1.24057E-02  1.24057E-02  0.00000E+00            209.PO 84.  74  68
 269  9.74813E-04  1.26048E-02  1.26048E-02  0.00000E+00            209.PO 84.  75  69
 270  8.81694E-03  1.26275E-02  1.26275E-02  0.00000E+00            209.PO 84.  76  70
 271  7.72169E-06  1.28869E-02  1.28869E-02  0.00000E+00            209.PO 84.  77  71
 272  4.31074E-05  1.28921E-02  1.28921E-02  0.00000E+00            209.PO 84.  78  72
 273  1.44336E-04  1.28872E-02  1.28872E-02  0.00000E+00            209.PO 84.  79  73
 274  1.47906E-06  1.29291E-02  1.29291E-02  0.00000E+00            209.PO 84.  80  74
 275  1.53111E-06  1.29524E-02  1.29524E-02  0.00000E+00            209.PO 84.  81  75
 276  1.18900E-04  1.30112E-02  1.30112E-02  0.00000E+00            209.PO 84.  82  76
 277  1.05349E-03  1.30140E-02  1.30140E-02  0.00000E+00            209.PO 84.  83  77
 280  1.82293E-05  1.30249E-02  1.30249E-02  0.00000E+00            209.PO 84.  84  80
 281  3.63529E-08  1.30330E-02  1.30330E-02  0.00000E+00            209.PO 84.  85  81
 282  2.98289E-08  1.30347E-02  1.30347E-02  0.00000E+00            209.PO 84.  86  82
 291  1.62679E-02  2.37967E-03  2.37967E-03  0.00000E+00            209.PO 84.  87  91
 292  6.88620E-02  3.65128E-04  3.65128E-04  0.00000E+00            209.PO 84.  88  92
 293  4.06744E-04  7.36932E-05  7.36932E-05  0.00000E+00            209.PO 84.  89  93
 294  4.19967E+02  2.66001E-05  2.66001E-05  0.00000E+00            209.PO 84.  90  94
 7 1  6.68781E-03  5.87487E-02  5.87487E-02  0.00000E+00            209.PO 84.  91   1
 7 2  3.65748E-03  7.07077E-02  7.07077E-02  0.00000E+00            209.PO 84.  92   2
 7 3  4.82267E-04  8.26805E-02  8.26805E-02  0.00000E+00            209.PO 84.  93   3
 7 4  4.90410E-02  9.79007E-04  9.79007E-04  0.00000E+00            209.PO 84.  94   4
 7 5  1.16589E-01  8.04613E-03  8.04613E-03  0.00000E+00            209.PO 84.  95   5
 7 6  5.15691E-02  1.04213E-02  1.04213E-02  0.00000E+00            209.PO 84.  96   6
 7 7  5.46406E-03  1.28236E-02  1.28236E-02  0.00000E+00            209.PO 84.  97   7
 7 8  1.62969E-01  4.21765E-04  4.21765E-04  0.00000E+00            209.PO 84.  98   8
 7 9  3.92993E-01  1.91052E-03  1.91052E-03  0.00000E+00            209.PO 84.  99   9
 710  4.89814E-02  2.17082E-03  2.17082E-03  0.00000E+00            209.PO 84. 100  10
 711  2.48135E-03  2.56062E-03  2.56062E-03  0.00000E+00            209.PO 84. 101  11
 712  1.10710E+02  1.80767E-04  1.80767E-04  0.00000E+00            209.PO 84. 102  12
 713  1.10753E+02  9.72207E-05  9.72207E-05  0.00000E+00            209.PO 84. 103  13
 714  1.15961E+02  4.23843E-05  4.23843E-05  0.00000E+00            209.PO 84. 104  14
 715  1.66555E-01  1.09515E-04  1.09515E-04  0.00000E+00            209.PO 84. 105  15
 1 1  4.70160E-01  8.96600E-01  8.96600E-01  0.00000E+00            209.PO 84. 106   1
 6 1  8.10991E-03  8.05768E-01  8.05768E-01  1.00000E+00            209.PO 84. 107   1
 6 5  1.23745E-03  8.80224E-01  8.80224E-01  1.00000E+00            209.PO 84. 108   5
 6 6  1.38787E-04  8.80832E-01  8.80832E-01  1.00000E+00            209.PO 84. 109   6
 6 7  2.10321E-05  8.83175E-01  8.83175E-01  1.00000E+00            209.PO 84. 110   7
 6 3  3.29087E-04  8.93433E-01  8.93433E-01  1.00000E+00            209.PO 84. 111   3
 6 4  1.07190E-04  8.96600E-01  8.96600E-01  1.00000E+00            209.PO 84. 112   4
 2 1  9.81901E-02  7.50642E-02  7.50642E-02  0.00000E+00            209.PO 84. 113   1
 2 2  1.64192E-01  7.74071E-02  7.74071E-02  0.00000E+00            209.PO 84. 114   2
 2 3  1.83603E-02  8.71393E-02  8.71393E-02  0.00000E+00            209.PO 84. 115   3
 2 4  3.55840E-02  8.76651E-02  8.76651E-02  0.00000E+00            209.PO 84. 116   4
 2 5  5.13952E-04  8.81342E-02  8.81342E-02  0.00000E+00            209.PO 84. 117   5
 2 6  6.18701E-04  8.82464E-02  8.82464E-02  0.00000E+00            209.PO 84. 118   6
 2 7  4.40243E-03  9.00323E-02  9.00323E-02  0.00000E+00            209.PO 84. 119   7
 2 8  8.67292E-03  9.01629E-02  9.01629E-02  0.00000E+00            209.PO 84. 120   8
 2 9  1.38194E-04  9.03671E-02  9.03671E-02  0.00000E+00            209.PO 84. 121   9
 210  1.66160E-04  9.03914E-02  9.03914E-02  0.00000E+00            209.PO 84. 122  10
 211  1.02749E-03  9.07089E-02  9.07089E-02  0.00000E+00            209.PO 84. 123  11
 212  1.97769E-03  9.07345E-02  9.07345E-02  0.00000E+00            209.PO 84. 124  12
 213  1.92443E-05  9.07967E-02  9.07967E-02  0.00000E+00            209.PO 84. 125  13
 214  2.26226E-05  9.07998E-02  9.07998E-02  0.00000E+00            209.PO 84. 126  14
 215  4.16147E-05  9.08235E-02  9.08235E-02  0.00000E+00            209.PO 84. 127  15
 216  6.67655E-05  9.08258E-02  9.08258E-02  0.00000E+00            209.PO 84. 128  16
 221  1.17292E-06  6.07999E-04  6.07999E-04  0.00000E+00            209.PO 84. 129  21
 222  3.30039E-04  2.95100E-03  2.95100E-03  0.00000E+00            209.PO 84. 130  22
 223  3.43643E-03  1.26833E-02  1.26833E-02  0.00000E+00            209.PO 84. 131  23
 224  3.67951E-03  1.32091E-02  1.32091E-02  0.00000E+00            209.PO 84. 132  24
 225  1.27311E-04  1.36780E-02  1.36780E-02  0.00000E+00            209.PO 84. 133  25
 226  1.90445E-04  1.37900E-02  1.37900E-02  0.00000E+00            209.PO 84. 134  26
 227  8.89378E-04  1.55766E-02  1.55766E-02  0.00000E+00            209.PO 84. 135  27
 228  1.04254E-03  1.57068E-02  1.57068E-02  0.00000E+00            209.PO 84. 136  28
 229  1.97714E-05  1.59111E-02  1.59111E-02  0.00000E+00            209.PO 84. 137  29
 230  3.13277E-05  1.59354E-02  1.59354E-02  0.00000E+00            209.PO 84. 138  30
 231  1.79085E-04  1.62529E-02  1.62529E-02  0.00000E+00            209.PO 84. 139  31
 232  2.07117E-04  1.62785E-02  1.62785E-02  0.00000E+00            209.PO 84. 140  32
 233  2.47204E-06  1.63406E-02  1.63406E-02  0.00000E+00            209.PO 84. 141  33
 234  3.88486E-06  1.63438E-02  1.63438E-02  0.00000E+00            209.PO 84. 142  34
 235  8.54018E-06  1.63674E-02  1.63674E-02  0.00000E+00            209.PO 84. 143  35
 236  8.28399E-06  1.63697E-02  1.63697E-02  0.00000E+00            209.PO 84. 144  36
 241  1.45204E-06  2.34300E-03  2.34300E-03  0.00000E+00            209.PO 84. 145  41
 242  1.04698E-03  1.17941E-02  1.17941E-02  0.00000E+00            209.PO 84. 146  42
 243  4.40460E-05  1.26011E-02  1.26011E-02  0.00000E+00            209.PO 84. 147  43
 244  3.83816E-02  1.30700E-02  1.30700E-02  0.00000E+00            209.PO 84. 148  44
 245  2.71629E-04  1.48446E-02  1.48446E-02  0.00000E+00            209.PO 84. 149  45
 246  1.23369E-05  1.50988E-02  1.50988E-02  0.00000E+00            209.PO 84. 150  46
 247  7.92512E-03  1.53031E-02  1.53031E-02  0.00000E+00            209.PO 84. 151  47
 248  3.50132E-05  1.55941E-02  1.55941E-02  0.00000E+00            209.PO 84. 152  48
 249  5.90525E-05  1.56011E-02  1.56011E-02  0.00000E+00            209.PO 84. 153  49
 250  2.50367E-06  1.56706E-02  1.56706E-02  0.00000E+00            209.PO 84. 154  50
 251  1.05309E-03  1.57326E-02  1.57326E-02  0.00000E+00            209.PO 84. 155  51
 253  8.34087E-06  1.57503E-02  1.57503E-02  0.00000E+00            209.PO 84. 156  53
 254  9.77490E-08  1.57616E-02  1.57616E-02  0.00000E+00            209.PO 84. 157  54
 261  4.26488E-03  9.45110E-03  9.45110E-03  0.00000E+00            209.PO 84. 158  61
 262  4.60781E-05  9.73229E-03  9.73229E-03  0.00000E+00            209.PO 84. 159  62
 263  4.16344E-05  1.02581E-02  1.02581E-02  0.00000E+00            209.PO 84. 160  63
 264  7.45922E-03  1.07270E-02  1.07270E-02  0.00000E+00            209.PO 84. 161  64
 265  6.56862E-02  1.08390E-02  1.08390E-02  0.00000E+00            209.PO 84. 162  65
 266  9.71345E-04  1.25016E-02  1.25016E-02  0.00000E+00            209.PO 84. 163  66
 267  1.04134E-05  1.26255E-02  1.26255E-02  0.00000E+00            209.PO 84. 164  67
 268  1.07399E-05  1.27558E-02  1.27558E-02  0.00000E+00            209.PO 84. 165  68
 269  1.40892E-03  1.29600E-02  1.29600E-02  0.00000E+00            209.PO 84. 166  69
 270  1.27548E-02  1.29844E-02  1.29844E-02  0.00000E+00            209.PO 84. 167  70
 271  1.17903E-05  1.32511E-02  1.32511E-02  0.00000E+00            209.PO 84. 168  71
 272  6.57672E-05  1.32569E-02  1.32569E-02  0.00000E+00            209.PO 84. 169  72
 273  2.13131E-04  1.32582E-02  1.32582E-02  0.00000E+00            209.PO 84. 170  73
 274  2.18452E-06  1.33019E-02  1.33019E-02  0.00000E+00            209.PO 84. 171  74
 275  2.28659E-06  1.33275E-02  1.33275E-02  0.00000E+00            209.PO 84. 172  75
 276  1.84333E-04  1.33896E-02  1.33896E-02  0.00000E+00            209.PO 84. 173  76
 277  1.64234E-03  1.33928E-02  1.33928E-02  0.00000E+00            209.PO 84. 174  77
 280  2.95418E-05  1.34073E-02  1.34073E-02  0.00000E+00            209.PO 84. 175  80
 281  9.67853E-08  1.34164E-02  1.34164E-02  0.00000E+00            209.PO 84. 176  81
 282  8.35269E-08  1.34187E-02  1.34187E-02  0.00000E+00            209.PO 84. 177  82
 291  2.41371E-02  2.46000E-03  2.46000E-03  0.00000E+00            209.PO 84. 178  91
 292  5.19019E-04  3.55842E-04  3.55842E-04  0.00000E+00            209.PO 84. 179  92
 293  6.06796E-06  7.93945E-05  7.93945E-05  0.00000E+00            209.PO 84. 180  93
 294  6.04242E+00  3.24784E-05  3.24784E-05  0.00000E+00            209.PO 84. 181  94
 7 1  8.13623E-03  6.03003E-02  6.03003E-02  0.00000E+00            209.PO 84. 182   1
 7 2  4.47134E-03  7.26460E-02  7.26460E-02  0.00000E+00            209.PO 84. 183   2
 7 3  5.92699E-04  8.50051E-02  8.50051E-02  0.00000E+00            209.PO 84. 184   3
 7 4  8.83894E-02  9.74015E-04  9.74015E-04  0.00000E+00            209.PO 84. 185   4
 7 5  1.56874E-01  8.23602E-03  8.23602E-03  0.00000E+00            209.PO 84. 186   5
 7 6  7.05229E-02  1.06985E-02  1.06985E-02  0.00000E+00            209.PO 84. 187   6
 7 7  7.57305E-03  1.31897E-02  1.31897E-02  0.00000E+00            209.PO 84. 188   7
 7 8  2.35872E-01  4.27743E-04  4.27743E-04  0.00000E+00            209.PO 84. 189   8
 7 9  5.48683E-01  1.96129E-03  1.96129E-03  0.00000E+00            209.PO 84. 190   9
 710  7.20525E-02  2.23778E-03  2.23778E-03  0.00000E+00            209.PO 84. 191  10
 711  3.69648E-03  2.64730E-03  2.64730E-03  0.00000E+00            209.PO 84. 192  11
 712  1.02277E+00  1.73721E-04  1.73721E-04  0.00000E+00            209.PO 84. 193  12
 713  1.92104E+00  8.96061E-05  8.96061E-05  0.00000E+00            209.PO 84. 194  13
 714  1.40869E+00  4.07189E-05  4.07189E-05  0.00000E+00            209.PO 84. 195  14
 715  2.83351E-03  1.17513E-04  1.17513E-04  0.00000E+00            209.PO 84. 196  15
%%%% 209 PO  84    A  EC        3.21888E+09 102 Y      02-11-2005       SEEIEND 
 


   ***************************************************** 
   *                 Radiation Summary                 * 
   ***************************************************** 
 
  Energy released by
    Gamma-ray                       (MeV) =   5.67761E-03
    X-ray                           (MeV) =   5.03146E-04
    Free-bound X-ray                (MeV) =   1.13674E-04
    Annihilation photon             (MeV) =   0.00000E+00
    Beta+ particle                  (MeV) =   0.00000E+00
    Neutrino                        (MeV) =   4.43781E-03
    Beta- particle                  (MeV) =   0.00000E+00
    Neutrino-                       (MeV) =   0.00000E+00
    Internal conv. electron         (MeV) =   2.59437E-03
    Auger and CK electron           (MeV) =   4.37844E-04
    Alpha particle                  (MeV) =   4.85804E+00
    Recoil nucleus                  (MeV) =   9.48525E-02
  E-total (except unplaced radiat.) (MeV) =   4.96665E+00
  E-unplaced radiation              (MeV) =   0.00000E+00
  Q-value from ENSDF data           (MeV) =   4.96617E+00
  Ratio of E-total/Q-value          ( % ) =   1.00010E+02
  Ratio of E-unplaced radi./Q-value ( % ) =   0.00000E+00

 
  Total yield of
    Gamma-ray                             =   1.03020E-02
    X-ray                                 =   9.76126E-03
    Free-bound X-ray                      =   4.26009E+00
    Annihilation photon                   =   0.00000E+00
    Beta+ particle                        =   0.00000E+00
    Beta- particle                        =   0.00000E+00
    Internal conv. electron               =   7.99133E-01
    Auger and CK electron                 =   3.43983E+00
    Alpha particle                        =   9.95200E-01
  Yield of unplaced radiation             =   0.00000E+00


