%%%% 211 PO  84    A            5.16000E-01 0.516 S    02-11-2005       BALASTAR
1 211   PO  84 0.516 S         A          
1INTENSITY AND ENERGY BALANCE DATA

              211-POLONIUM-84
+                                    HALFLIFE = 0.516 SECONDS 
+                                                                  02-11-2005


    LEVEL       INTENSITY   INTENSITY
    ENERGY      ENTERING    LEAVING     PERCENT
    (MEV)       LEVEL       LEVEL       ERROR

   0.0000E+00  1.0003E+02
   5.6965E-01  5.6147E-01  5.5694E-01  8.1070E-01                      
   8.9780E-01  5.4405E-01  5.7971E-01  6.3475E+00                      


 INTENSITY TO GROUND AND ISOMERIC STATE(S) OF DAUGHTER(S)=  1.000E+02
 TOTAL INTENSITY FROM PARENT=  1.000E+02
 PERCENT ERROR =  3.112E-02                      


 TOTAL INTENSITY FROM PARENT =  1.000E+02
 VALUE IS WITHIN   7.63E-06% OF 100                      


 TOTAL ENERGY AVAILABLE =  7.594E+00 MEV
 TOTAL ENERGY CONTENT OF ALL RADIATIONS =  7.594E+00 MEV
 PERCENT ERROR =  3.874E-03                      
%%%% 211 PO  84    A            5.16000E-01 0.516 S    02-11-2005       BALAEND 
%%%% 211 PO  84    A            5.16000E-01 0.516 S    02-11-2005       INPUSTAR
1                                      **INPUT DATA**
              211-POLONIUM-84
+                                    HALFLIFE = 0.516 SECONDS 
+                                                                  02-11-2005

            MODE OF DECAY: ALPHA
 
                                MEAN
                                NUMBER/    TRANSITION
                TYPE OF    ID   TRANSFOR-  ENERGY
              TRANSITION   NO.  MATION     (MEV)       OTHER NUCLEAR PARAMETERS

                    ALPHA   1   5.44E-03   6.696E+00                                            
                    ALPHA   2   5.57E-03   7.024E+00                                            
                    ALPHA   3   9.89E-01   7.594E+00                                            
           I.C.E. + GAMMA   1   4.42E-05   3.282E-01   M1 MULTIPOLE                             
+                                                                    AK= 0.288                  
                                                       AL1=0.0445    AL2=0.00416                
                                                       AM= 0.0115    AN+=0.00371                
           I.C.E. + GAMMA   2   5.57E-03   5.697E-01   E2 MULTIPOLE                             
+                                                                    AK= 0.0160                 
                                                       AL1=0.00236   AL2=0.00156                
                                                       AM= 0.00110                              
           I.C.E. + GAMMA   3   5.75E-03   8.978E-01   M1+E2 MULTIPOLE                          
                                                       MRS=0.00846   AK= 0.0204                 
                                                       AL1=0.00310                              
 
           - - - - - - - - - -
           Reference: Evaluated Nuclear Structure Data File (ENSDF)
                DATE DATA WERE ENTERED INTO ENSDF: Feb-1994
%%%% 211 PO  84    A            5.16000E-01 0.516 S    02-11-2005       INPUEND 
%%%% 211 PO  84    A            5.16000E-01 0.516 S    02-11-2005       OUTPSTAR
1                                      **OUTPUT DATA**
              211-POLONIUM-84
+                                    HALFLIFE = 0.516 SECONDS 
+                                                                  02-11-2005

            MODE OF DECAY: ALPHA
 
                                              MEAN
                                              NUMBER/                  MEV/
                                         ID   TRANSFOR-   ENERGY       TRANSFOR-
                  TYPE OF RADIATION      NO.  MATION      (MEV)        MATION

           ALPHA                          1   5.44E-03    6.569E+00    3.57E-02
           RECOIL ATOM                        5.44E-03    1.270E-01    6.91E-04
           ALPHA                          2   5.57E-03    6.891E+00    3.84E-02
           RECOIL ATOM                        5.57E-03    1.332E-01    7.42E-04
           ALPHA                          3   9.89E-01    7.450E+00    7.37E+00
           RECOIL ATOM                        9.89E-01    1.441E-01    1.42E-01
           GAMMA-RAY                      1   3.27E-05    3.282E-01    1.07E-05
           K CONV. ELECTRON, GAMMA-RAY    1   9.43E-06    2.399E-01    2.26E-06
           L1 CONV. ELECTRON, GAMMA-RAY   1   1.46E-06    3.124E-01    4.55E-07
           GAMMA-RAY                      2   5.45E-03    5.697E-01    3.10E-03
           K CONV. ELECTRON, GAMMA-RAY    2   8.71E-05    4.814E-01    4.19E-05
           L1 CONV. ELECTRON, GAMMA-RAY   2   1.29E-05    5.538E-01    7.12E-06
           L2 CONV. ELECTRON, GAMMA-RAY   2   8.53E-06    5.544E-01    4.73E-06
           L3 CONV. ELECTRON, GAMMA-RAY   2   2.98E-06    5.566E-01    1.66E-06
           M CONV. ELECTRON, GAMMA-RAY    2   6.02E-06    5.666E-01*   3.41E-06
           N+ CONV. ELECTRON, GAMMA-RAY   2   1.90E-06    5.697E-01*   1.08E-06
           GAMMA-RAY                      3   5.61E-03    8.978E-01    5.04E-03
           K CONV. ELECTRON, GAMMA-RAY    3   1.15E-04    8.095E-01    9.28E-05
           L1 CONV. ELECTRON, GAMMA-RAY   3   1.74E-05    8.820E-01    1.54E-05
           L2 CONV. ELECTRON, GAMMA-RAY   3   1.38E-06    8.825E-01    1.22E-06
           M CONV. ELECTRON, GAMMA-RAY    3   4.42E-06    8.947E-01*   3.95E-06
           N+ CONV. ELECTRON, GAMMA-RAY   3   1.42E-06    8.978E-01*   1.28E-06
           AUGER KLL                          5.05E-06    5.875E-02*   2.97E-07
           AUGER KLX                          2.76E-06    7.071E-02*   1.95E-07
           AUGER LMM                          8.96E-05    8.059E-03*   7.22E-07
           AUGER LMX                          3.96E-05    1.043E-02*   4.13E-07
           AUGER MNN                          3.02E-04    1.911E-03*   5.77E-07
 
           ALL LISTED X-RAYS, GAMMA-RAYS AND ANNIHILATION RADIATION    8.16E-03
           ALL NEGLECTED X-RAYS, GAMMA-RAYS AND ANNIH. RADIATION**     1.67E-05
           ALL LISTED BETAS, INTERNAL CONVERSION AND AUGER ELECTRONS   1.79E-04
           ALL NEGLECTED BETAS, INT. CONVERSION AND AUGER ELECTRONS**  7.87E-07
           ALL LISTED ALPHA PARTICLES AND  RECOIL NUCLEI               7.59E+00
           ALL LISTED RADIATIONS                                       7.59E+00
           ALL NEGLECTED RADIATIONS**                                  1.75E-05
 
           *  AVERAGE ENERGY (MEV)
           ** EACH NEGLECTED TRANSITION CONTRIBUTES LESS THAN  0.100%
              TO THE TOTAL MEV/TRANSFORMATION FOR THIS CATEGORY.
           TOTAL FEEDING OF GROUND STATE LEVEL IN 207-LEAD
             DAUGHTER IS 1.0000E+00 PER TRANSFORMATION OF 211-POLONIUM.
             THIS DAUGHTER GROUND STATE IS STABLE.
           - - - - - - - - - -
           INPUT DATA SOURCE: EVALUATED NUCLEAR STRUCTURE DATA FILE (ENSDF)
             DATE INPUT DATA WERE ENTERED INTO ENSDF: Feb-1994
%%%% 211 PO  84    A            5.16000E-01 0.516 S    02-11-2005       OUTPEND 
%%%% 211 PO  84    A            5.16000E-01 0.516 S    02-11-2005       SEEISTAR
211.  POLONIUM     84.  5.160E-01 SECONDS  108 A                    211.PO 84.   0
 8 1  5.44049E-01  6.56928E+00  1.27025E-01  0.00000E+00            211.PO 84.   1   1
 8 2  5.57050E-01  6.89120E+00  1.33250E-01  0.00000E+00            211.PO 84.   2   2
 8 3  9.88989E+01  7.45004E+00  1.44056E-01  0.00000E+00            211.PO 84.   3   3
 1 1  3.27000E-03  3.28200E-01  3.28200E-01  0.00000E+00            211.PO 84.   4   1
 6 1  9.43191E-04  2.39910E-01  2.39910E-01  1.00000E+00            211.PO 84.   5   1
 6 5  1.45577E-04  3.12353E-01  3.12353E-01  1.00000E+00            211.PO 84.   6   5
 6 6  1.36112E-05  3.12949E-01  3.12949E-01  1.00000E+00            211.PO 84.   7   6
 6 7  1.03083E-06  3.15160E-01  3.15160E-01  1.00000E+00            211.PO 84.   8   7
 6 3  3.76899E-05  3.25145E-01  3.25145E-01  1.00000E+00            211.PO 84.   9   3
 6 4  1.21281E-05  3.28200E-01  3.28200E-01  1.00000E+00            211.PO 84.  10   4
 1 2  5.45000E-01  5.69650E-01  5.69650E-01  0.00000E+00            211.PO 84.  11   2
 6 1  8.71142E-03  4.81360E-01  4.81360E-01  2.00000E+00            211.PO 84.  12   1
 6 5  1.28569E-03  5.53803E-01  5.53803E-01  2.00000E+00            211.PO 84.  13   5
 6 6  8.52886E-04  5.54399E-01  5.54399E-01  2.00000E+00            211.PO 84.  14   6
 6 7  2.97847E-04  5.56610E-01  5.56610E-01  2.00000E+00            211.PO 84.  15   7
 6 3  6.01747E-04  5.66595E-01  5.66595E-01  2.00000E+00            211.PO 84.  16   3
 6 4  1.90272E-04  5.69650E-01  5.69650E-01  2.00000E+00            211.PO 84.  17   4
 1 3  5.61350E-01  8.97800E-01  8.97800E-01  0.00000E+00            211.PO 84.  18   3
 6 1  1.14651E-02  8.09510E-01  8.09510E-01  3.00000E+00            211.PO 84.  19   1
 6 5  1.74256E-03  8.81953E-01  8.81953E-01  3.00000E+00            211.PO 84.  20   5
 6 6  1.37942E-04  8.82549E-01  8.82549E-01  3.00000E+00            211.PO 84.  21   6
 6 7  1.13863E-05  8.84760E-01  8.84760E-01  3.00000E+00            211.PO 84.  22   7
 6 3  4.41955E-04  8.94745E-01  8.94745E-01  3.00000E+00            211.PO 84.  23   3
 6 4  1.42300E-04  8.97800E-01  8.97800E-01  3.00000E+00            211.PO 84.  24   4
 2 1  5.95913E-03  7.30390E-02  7.30390E-02  0.00000E+00            211.PO 84.  25   1
 2 2  1.00084E-02  7.52501E-02  7.52501E-02  0.00000E+00            211.PO 84.  26   2
 2 3  1.11489E-03  8.47407E-02  8.47407E-02  0.00000E+00            211.PO 84.  27   3
 2 4  2.15949E-03  8.52354E-02  8.52354E-02  0.00000E+00            211.PO 84.  28   4
 2 5  3.03911E-05  8.56955E-02  8.56955E-02  0.00000E+00            211.PO 84.  29   5
 2 6  3.67819E-05  8.58009E-02  8.58009E-02  0.00000E+00            211.PO 84.  30   6
 2 7  2.65874E-04  8.75343E-02  8.75343E-02  0.00000E+00            211.PO 84.  31   7
 2 8  5.22458E-04  8.76558E-02  8.76558E-02  0.00000E+00            211.PO 84.  32   8
 2 9  8.07953E-06  8.78546E-02  8.78546E-02  0.00000E+00            211.PO 84.  33   9
 210  9.76362E-06  8.78775E-02  8.78775E-02  0.00000E+00            211.PO 84.  34  10
 211  6.18215E-05  8.81791E-02  8.81791E-02  0.00000E+00            211.PO 84.  35  11
 212  1.19782E-04  8.82024E-02  8.82024E-02  0.00000E+00            211.PO 84.  36  12
 213  1.04677E-06  8.82612E-02  8.82612E-02  0.00000E+00            211.PO 84.  37  13
 214  1.22315E-06  8.82640E-02  8.82640E-02  0.00000E+00            211.PO 84.  38  14
 215  1.38853E-06  8.82829E-02  8.82829E-02  0.00000E+00            211.PO 84.  39  15
 216  2.12950E-06  8.82846E-02  8.82846E-02  0.00000E+00            211.PO 84.  40  16
 221  4.32638E-08  5.96000E-04  5.96000E-04  0.00000E+00            211.PO 84.  41  21
 222  1.10839E-05  2.80700E-03  2.80700E-03  0.00000E+00            211.PO 84.  42  22
 223  1.21780E-04  1.22977E-02  1.22977E-02  0.00000E+00            211.PO 84.  43  23
 224  1.32986E-04  1.27924E-02  1.27924E-02  0.00000E+00            211.PO 84.  44  24
 225  4.39667E-06  1.32523E-02  1.32523E-02  0.00000E+00            211.PO 84.  45  25
 226  6.57937E-06  1.33580E-02  1.33580E-02  0.00000E+00            211.PO 84.  46  26
 227  3.13402E-05  1.50910E-02  1.50910E-02  0.00000E+00            211.PO 84.  47  27
 228  3.73093E-05  1.52127E-02  1.52127E-02  0.00000E+00            211.PO 84.  48  28
 229  6.75602E-07  1.54118E-02  1.54118E-02  0.00000E+00            211.PO 84.  49  29
 230  1.06898E-06  1.54345E-02  1.54345E-02  0.00000E+00            211.PO 84.  50  30
 231  6.13922E-06  1.57361E-02  1.57361E-02  0.00000E+00            211.PO 84.  51  31
 232  7.18034E-06  1.57594E-02  1.57594E-02  0.00000E+00            211.PO 84.  52  32
 233  7.87957E-08  1.58182E-02  1.58182E-02  0.00000E+00            211.PO 84.  53  33
 234  1.23101E-07  1.58210E-02  1.58210E-02  0.00000E+00            211.PO 84.  54  34
 235  1.66314E-07  1.58400E-02  1.58400E-02  0.00000E+00            211.PO 84.  55  35
 236  1.56749E-07  1.58417E-02  1.58417E-02  0.00000E+00            211.PO 84.  56  36
 241  8.10977E-08  2.21100E-03  2.21100E-03  0.00000E+00            211.PO 84.  57  41
 242  6.52766E-05  1.14267E-02  1.14267E-02  0.00000E+00            211.PO 84.  58  42
 243  2.67863E-06  1.21964E-02  1.21964E-02  0.00000E+00            211.PO 84.  59  43
 244  2.39917E-03  1.26563E-02  1.26563E-02  0.00000E+00            211.PO 84.  60  44
 245  1.68502E-05  1.43743E-02  1.43743E-02  0.00000E+00            211.PO 84.  61  45
 246  7.43750E-07  1.46167E-02  1.46167E-02  0.00000E+00            211.PO 84.  62  46
 247  4.89915E-04  1.48158E-02  1.48158E-02  0.00000E+00            211.PO 84.  63  47
 248  2.06553E-06  1.50980E-02  1.50980E-02  0.00000E+00            211.PO 84.  64  48
 249  3.59420E-06  1.50981E-02  1.50981E-02  0.00000E+00            211.PO 84.  65  49
 250  1.49891E-07  1.51634E-02  1.51634E-02  0.00000E+00            211.PO 84.  66  50
 251  6.06284E-05  1.52222E-02  1.52222E-02  0.00000E+00            211.PO 84.  67  51
 253  4.66438E-07  1.52359E-02  1.52359E-02  0.00000E+00            211.PO 84.  68  53
 254  3.11738E-09  1.52457E-02  1.52457E-02  0.00000E+00            211.PO 84.  69  54
 261  2.26211E-04  9.21569E-03  9.21569E-03  0.00000E+00            211.PO 84.  70  61
 262  2.37663E-06  9.49069E-03  9.49069E-03  0.00000E+00            211.PO 84.  71  62
 263  2.14845E-06  9.98540E-03  9.98540E-03  0.00000E+00            211.PO 84.  72  63
 264  3.95717E-04  1.04453E-02  1.04453E-02  0.00000E+00            211.PO 84.  73  64
 265  3.48357E-03  1.05510E-02  1.05510E-02  0.00000E+00            211.PO 84.  74  65
 266  5.05316E-05  1.21633E-02  1.21633E-02  0.00000E+00            211.PO 84.  75  66
 267  5.37396E-07  1.22840E-02  1.22840E-02  0.00000E+00            211.PO 84.  76  67
 268  5.50756E-07  1.24057E-02  1.24057E-02  0.00000E+00            211.PO 84.  77  68
 269  7.41215E-05  1.26048E-02  1.26048E-02  0.00000E+00            211.PO 84.  78  69
 270  6.70410E-04  1.26275E-02  1.26275E-02  0.00000E+00            211.PO 84.  79  70
 271  5.87132E-07  1.28869E-02  1.28869E-02  0.00000E+00            211.PO 84.  80  71
 272  3.27774E-06  1.28921E-02  1.28921E-02  0.00000E+00            211.PO 84.  81  72
 273  1.09748E-05  1.28872E-02  1.28872E-02  0.00000E+00            211.PO 84.  82  73
 274  1.12463E-07  1.29291E-02  1.29291E-02  0.00000E+00            211.PO 84.  83  74
 275  1.16420E-07  1.29524E-02  1.29524E-02  0.00000E+00            211.PO 84.  84  75
 276  9.04077E-06  1.30112E-02  1.30112E-02  0.00000E+00            211.PO 84.  85  76
 277  8.01036E-05  1.30140E-02  1.30140E-02  0.00000E+00            211.PO 84.  86  77
 280  1.38609E-06  1.30249E-02  1.30249E-02  0.00000E+00            211.PO 84.  87  80
 281  2.76415E-09  1.30330E-02  1.30330E-02  0.00000E+00            211.PO 84.  88  81
 282  2.26809E-09  1.30347E-02  1.30347E-02  0.00000E+00            211.PO 84.  89  82
 291  1.24908E-03  2.38005E-03  2.38005E-03  0.00000E+00            211.PO 84.  90  91
 292  2.66202E-05  3.40826E-04  3.40826E-04  0.00000E+00            211.PO 84.  91  92
 293  2.56150E-07  7.36165E-05  7.36165E-05  0.00000E+00            211.PO 84.  92  93
 294  3.31301E-01  2.66218E-05  2.66218E-05  0.00000E+00            211.PO 84.  93  94
 7 1  5.04703E-04  5.87487E-02  5.87487E-02  0.00000E+00            211.PO 84.  94   1
 7 2  2.76016E-04  7.07077E-02  7.07077E-02  0.00000E+00            211.PO 84.  95   2
 7 3  3.63948E-05  8.26805E-02  8.26805E-02  0.00000E+00            211.PO 84.  96   3
 7 4  3.68854E-03  9.91357E-04  9.91357E-04  0.00000E+00            211.PO 84.  97   4
 7 5  8.95599E-03  8.05888E-03  8.05888E-03  0.00000E+00            211.PO 84.  98   5
 7 6  3.96223E-03  1.04348E-02  1.04348E-02  0.00000E+00            211.PO 84.  99   6
 7 7  4.19923E-04  1.28381E-02  1.28381E-02  0.00000E+00            211.PO 84. 100   7
 7 8  1.25261E-02  4.22472E-04  4.22472E-04  0.00000E+00            211.PO 84. 101   8
 7 9  3.01691E-02  1.91106E-03  1.91106E-03  0.00000E+00            211.PO 84. 102   9
 710  3.76113E-03  2.17157E-03  2.17157E-03  0.00000E+00            211.PO 84. 103  10
 711  1.90563E-04  2.56151E-03  2.56151E-03  0.00000E+00            211.PO 84. 104  11
 712  5.65886E-02  1.73852E-04  1.73852E-04  0.00000E+00            211.PO 84. 105  12
 713  1.07276E-01  8.22592E-05  8.22592E-05  0.00000E+00            211.PO 84. 106  13
 714  7.44083E-02  4.21826E-05  4.21826E-05  0.00000E+00            211.PO 84. 107  14
 715  1.05167E-04  1.08870E-04  1.08870E-04  0.00000E+00            211.PO 84. 108  15
%%%% 211 PO  84    A            5.16000E-01 0.516 S    02-11-2005       SEEIEND 
 


   ***************************************************** 
   *                 Radiation Summary                 * 
   ***************************************************** 
 
  Energy released by
    Gamma-ray                       (MeV) =   8.15513E-03
    X-ray                           (MeV) =   1.66158E-05
    Free-bound X-ray                (MeV) =   8.81983E-08
    Annihilation photon             (MeV) =   0.00000E+00
    Beta+ particle                  (MeV) =   0.00000E+00
    Neutrino                        (MeV) =   0.00000E+00
    Beta- particle                  (MeV) =   0.00000E+00
    Neutrino-                       (MeV) =   0.00000E+00
    Internal conv. electron         (MeV) =   1.77589E-04
    Auger and CK electron           (MeV) =   2.68159E-06
    Alpha particle                  (MeV) =   7.44214E+00
    Recoil nucleus                  (MeV) =   1.43903E-01
  E-total (except unplaced radiat.) (MeV) =   7.59439E+00
  E-unplaced radiation              (MeV) =   0.00000E+00
  Q-value from ENSDF data           (MeV) =   7.59410E+00
  Ratio of E-total/Q-value          ( % ) =   1.00004E+02
  Ratio of E-unplaced radi./Q-value ( % ) =   0.00000E+00

 
  Total yield of
    Gamma-ray                             =   1.10962E-02
    X-ray                                 =   2.99931E-04
    Free-bound X-ray                      =   3.31301E-03
    Annihilation photon                   =   0.00000E+00
    Beta+ particle                        =   0.00000E+00
    Beta- particle                        =   0.00000E+00
    Internal conv. electron               =   2.70344E-04
    Auger and CK electron                 =   3.02869E-03
    Alpha particle                        =   1.00000E+00
  Yield of unplaced radiation             =   0.00000E+00


