%%%% 214 PO  84    A            1.64300E-04 1.643E-4 S 02-11-2005       BALASTAR
1 214   PO  84 1.643E-4 S      A          
1INTENSITY AND ENERGY BALANCE DATA

              214-POLONIUM-84
+                                    HALFLIFE = 0.1643E-03 SECONDS 
+                                                                  02-11-2005


    LEVEL       INTENSITY   INTENSITY
    ENERGY      ENTERING    LEAVING     PERCENT
    (MEV)       LEVEL       LEVEL       ERROR

   0.0000E+00  1.0000E+02
   7.9970E-01  1.0460E-02  1.0460E-02  5.3422E-05                      
   1.0977E+00  6.0000E-05  6.0000E-05  4.2443E-05                      


 INTENSITY TO GROUND AND ISOMERIC STATE(S) OF DAUGHTER(S)=  1.000E+02
 TOTAL INTENSITY FROM PARENT=  1.000E+02
 PERCENT ERROR =  0.000E+00                      


 TOTAL INTENSITY FROM PARENT =  1.000E+02
 VALUE IS WITHIN   0.00E+00% OF 100                      


 TOTAL ENERGY AVAILABLE =  7.833E+00 MEV
 TOTAL ENERGY CONTENT OF ALL RADIATIONS =  7.833E+00 MEV
 PERCENT ERROR =  1.217E-05                      
%%%% 214 PO  84    A            1.64300E-04 1.643E-4 S 02-11-2005       BALAEND 
%%%% 214 PO  84    A            1.64300E-04 1.643E-4 S 02-11-2005       INPUSTAR
1                                      **INPUT DATA**
              214-POLONIUM-84
+                                    HALFLIFE = 0.1643E-03 SECONDS 
+                                                                  02-11-2005

            MODE OF DECAY: ALPHA
 
                                MEAN
                                NUMBER/    TRANSITION
                TYPE OF    ID   TRANSFOR-  ENERGY
              TRANSITION   NO.  MATION     (MEV)       OTHER NUCLEAR PARAMETERS

                    ALPHA   1   6.00E-07   6.736E+00                                            
                    ALPHA   2   1.04E-04   7.034E+00                                            
                    ALPHA   3   1.00E+00   7.833E+00                                            
           I.C.E. + GAMMA   1   6.00E-07   2.973E-01   E2 MULTIPOLE                             
+                                                                    AK= 0.0667                 
                                                       AL1=0.00961   AL2=0.0203                 
                                                       AL3=0.0100    AM= 0.0103                 
                                                       AN+=0.00321                              
           I.C.E. + GAMMA   2   1.05E-04   7.997E-01   E2 MULTIPOLE                             
+                                                                    AK= 0.00818                
                                                       AL1=0.00120                              
 
           - - - - - - - - - -
           Reference: Evaluated Nuclear Structure Data File (ENSDF)
                DATE DATA WERE ENTERED INTO ENSDF: May-1998
%%%% 214 PO  84    A            1.64300E-04 1.643E-4 S 02-11-2005       INPUEND 
%%%% 214 PO  84    A            1.64300E-04 1.643E-4 S 02-11-2005       OUTPSTAR
1                                      **OUTPUT DATA**
              214-POLONIUM-84
+                                    HALFLIFE = 0.1643E-03 SECONDS 
+                                                                  02-11-2005

            MODE OF DECAY: ALPHA
 
                                              MEAN
                                              NUMBER/                  MEV/
                                         ID   TRANSFOR-   ENERGY       TRANSFOR-
                  TYPE OF RADIATION      NO.  MATION      (MEV)        MATION

           ALPHA                          3   1.00E+00    7.687E+00    7.69E+00
           RECOIL ATOM                        1.00E+00    1.465E-01    1.46E-01
           GAMMA-RAY                      1   5.36E-07    2.973E-01    1.59E-07
           K CONV. ELECTRON, GAMMA-RAY    1   3.57E-08    2.090E-01    7.47E-09
           L1 CONV. ELECTRON, GAMMA-RAY   1   5.15E-09    2.815E-01    1.45E-09
           L2 CONV. ELECTRON, GAMMA-RAY   1   1.09E-08    2.820E-01    3.07E-09
           L3 CONV. ELECTRON, GAMMA-RAY   1   5.35E-09    2.843E-01    1.52E-09
           M CONV. ELECTRON, GAMMA-RAY    1   5.51E-09    2.942E-01*   1.62E-09
           GAMMA-RAY                      2   1.04E-04    7.997E-01    8.28E-05
           K CONV. ELECTRON, GAMMA-RAY    2   8.47E-07    7.114E-01    6.02E-07
           L1 CONV. ELECTRON, GAMMA-RAY   2   1.24E-07    7.839E-01    9.71E-08
           L2 CONV. ELECTRON, GAMMA-RAY   2   4.71E-08    7.844E-01    3.69E-08
           L3 CONV. ELECTRON, GAMMA-RAY   2   1.41E-08    7.867E-01    1.11E-08
           M CONV. ELECTRON, GAMMA-RAY    2   4.47E-08    7.966E-01*   3.56E-08
           N+ CONV. ELECTRON, GAMMA-RAY   2   1.42E-08    7.997E-01*   1.14E-08
           AUGER KLL                          2.11E-08    5.875E-02*   1.24E-09
           AUGER LMM                          3.81E-07    8.070E-03*   3.08E-09
           AUGER LMX                          1.69E-07    1.045E-02*   1.76E-09
           AUGER MNN                          1.28E-06    1.912E-03*   2.45E-09
 
           ALL LISTED X-RAYS, GAMMA-RAYS AND ANNIHILATION RADIATION    8.29E-05
           ALL NEGLECTED X-RAYS, GAMMA-RAYS AND ANNIH. RADIATION**     6.99E-08
           ALL LISTED BETAS, INTERNAL CONVERSION AND AUGER ELECTRONS   8.18E-07
           ALL NEGLECTED BETAS, INT. CONVERSION AND AUGER ELECTRONS**  3.36E-09
           ALL LISTED ALPHA PARTICLES AND  RECOIL NUCLEI               7.83E+00
           ALL NEGLECTED ALPHA PARTICLES AND  RECOIL NUCLEI**          7.36E-04
           ALL LISTED RADIATIONS                                       7.83E+00
           ALL NEGLECTED RADIATIONS**                                  7.36E-04
 
           *  AVERAGE ENERGY (MEV)
           ** EACH NEGLECTED TRANSITION CONTRIBUTES LESS THAN  0.100%
              TO THE TOTAL MEV/TRANSFORMATION FOR THIS CATEGORY.
           TOTAL FEEDING OF GROUND STATE LEVEL IN 210-LEAD
             DAUGHTER IS 1.0000E+00 PER TRANSFORMATION OF 214-POLONIUM.
             DECAY OF THIS 22.2 YEARS HALFLIFE LEVEL WILL CONTRIBUTE TO DOSE.
           - - - - - - - - - -
           INPUT DATA SOURCE: EVALUATED NUCLEAR STRUCTURE DATA FILE (ENSDF)
             DATE INPUT DATA WERE ENTERED INTO ENSDF: May-1998
%%%% 214 PO  84    A            1.64300E-04 1.643E-4 S 02-11-2005       OUTPEND 
%%%% 214 PO  84    A            1.64300E-04 1.643E-4 S 02-11-2005       SEEISTAR
214.  POLONIUM     84.  1.643E-04 SECONDS  101 A                    214.PO 84.   0
 8 1  6.00000E-05  6.60978E+00  1.25982E-01  0.00000E+00            214.PO 84.   1   1
 8 2  1.04000E-02  6.90220E+00  1.31556E-01  0.00000E+00            214.PO 84.   2   2
 8 3  9.99895E+01  7.68695E+00  1.46513E-01  0.00000E+00            214.PO 84.   3   3
 1 1  5.35676E-05  2.97300E-01  2.97300E-01  0.00000E+00            214.PO 84.   4   1
 6 1  3.57243E-06  2.09010E-01  2.09010E-01  1.00000E+00            214.PO 84.   5   1
 6 5  5.14762E-07  2.81453E-01  2.81453E-01  1.00000E+00            214.PO 84.   6   5
 6 6  1.08733E-06  2.82049E-01  2.82049E-01  1.00000E+00            214.PO 84.   7   6
 6 7  5.34847E-07  2.84260E-01  2.84260E-01  1.00000E+00            214.PO 84.   8   7
 6 3  5.51077E-07  2.94245E-01  2.94245E-01  1.00000E+00            214.PO 84.   9   3
 6 4  1.71990E-07  2.97300E-01  2.97300E-01  1.00000E+00            214.PO 84.  10   4
 1 2  1.03509E-02  7.99700E-01  7.99700E-01  0.00000E+00            214.PO 84.  11   2
 6 1  8.46534E-05  7.11410E-01  7.11410E-01  2.00000E+00            214.PO 84.  12   1
 6 5  1.23915E-05  7.83853E-01  7.83853E-01  2.00000E+00            214.PO 84.  13   5
 6 6  4.70633E-06  7.84449E-01  7.84449E-01  2.00000E+00            214.PO 84.  14   6
 6 7  1.41136E-06  7.86660E-01  7.86660E-01  2.00000E+00            214.PO 84.  15   7
 6 3  4.47183E-06  7.96645E-01  7.96645E-01  2.00000E+00            214.PO 84.  16   3
 6 4  1.42300E-06  7.99700E-01  7.99700E-01  2.00000E+00            214.PO 84.  17   4
 2 1  2.48937E-05  7.30390E-02  7.30390E-02  0.00000E+00            214.PO 84.  18   1
 2 2  4.18092E-05  7.52501E-02  7.52501E-02  0.00000E+00            214.PO 84.  19   2
 2 3  4.65734E-06  8.47407E-02  8.47407E-02  0.00000E+00            214.PO 84.  20   3
 2 4  9.02109E-06  8.52354E-02  8.52354E-02  0.00000E+00            214.PO 84.  21   4
 2 5  1.26956E-07  8.56955E-02  8.56955E-02  0.00000E+00            214.PO 84.  22   5
 2 6  1.53653E-07  8.58009E-02  8.58009E-02  0.00000E+00            214.PO 84.  23   6
 2 7  1.11067E-06  8.75343E-02  8.75343E-02  0.00000E+00            214.PO 84.  24   7
 2 8  2.18252E-06  8.76558E-02  8.76558E-02  0.00000E+00            214.PO 84.  25   8
 2 9  3.37515E-08  8.78547E-02  8.78547E-02  0.00000E+00            214.PO 84.  26   9
 210  4.07866E-08  8.78775E-02  8.78775E-02  0.00000E+00            214.PO 84.  27  10
 211  2.58254E-07  8.81791E-02  8.81791E-02  0.00000E+00            214.PO 84.  28  11
 212  5.00380E-07  8.82024E-02  8.82024E-02  0.00000E+00            214.PO 84.  29  12
 213  4.37281E-09  8.82612E-02  8.82612E-02  0.00000E+00            214.PO 84.  30  13
 214  5.10958E-09  8.82640E-02  8.82640E-02  0.00000E+00            214.PO 84.  31  14
 215  5.80047E-09  8.82829E-02  8.82829E-02  0.00000E+00            214.PO 84.  32  15
 216  8.89581E-09  8.82846E-02  8.82846E-02  0.00000E+00            214.PO 84.  33  16
 221  1.76591E-10  5.96000E-04  5.96000E-04  0.00000E+00            214.PO 84.  34  21
 222  4.52416E-08  2.80700E-03  2.80700E-03  0.00000E+00            214.PO 84.  35  22
 223  4.97074E-07  1.22977E-02  1.22977E-02  0.00000E+00            214.PO 84.  36  23
 224  5.42814E-07  1.27924E-02  1.27924E-02  0.00000E+00            214.PO 84.  37  24
 225  1.79460E-08  1.32523E-02  1.32523E-02  0.00000E+00            214.PO 84.  38  25
 226  2.68552E-08  1.33580E-02  1.33580E-02  0.00000E+00            214.PO 84.  39  26
 227  1.27922E-07  1.50910E-02  1.50910E-02  0.00000E+00            214.PO 84.  40  27
 228  1.52287E-07  1.52127E-02  1.52127E-02  0.00000E+00            214.PO 84.  41  28
 229  2.75763E-09  1.54118E-02  1.54118E-02  0.00000E+00            214.PO 84.  42  29
 230  4.36328E-09  1.54345E-02  1.54345E-02  0.00000E+00            214.PO 84.  43  30
 231  2.50587E-08  1.57361E-02  1.57361E-02  0.00000E+00            214.PO 84.  44  31
 232  2.93082E-08  1.57594E-02  1.57594E-02  0.00000E+00            214.PO 84.  45  32
 233  3.21623E-10  1.58182E-02  1.58182E-02  0.00000E+00            214.PO 84.  46  33
 234  5.02467E-10  1.58210E-02  1.58210E-02  0.00000E+00            214.PO 84.  47  34
 235  6.78848E-10  1.58400E-02  1.58400E-02  0.00000E+00            214.PO 84.  48  35
 236  6.39807E-10  1.58417E-02  1.58417E-02  0.00000E+00            214.PO 84.  49  36
 241  3.55764E-10  2.21100E-03  2.21100E-03  0.00000E+00            214.PO 84.  50  41
 242  2.86359E-07  1.14267E-02  1.14267E-02  0.00000E+00            214.PO 84.  51  42
 243  1.17508E-08  1.21964E-02  1.21964E-02  0.00000E+00            214.PO 84.  52  43
 244  1.05248E-05  1.26563E-02  1.26563E-02  0.00000E+00            214.PO 84.  53  44
 245  7.39194E-08  1.43743E-02  1.43743E-02  0.00000E+00            214.PO 84.  54  45
 246  3.26272E-09  1.46167E-02  1.46167E-02  0.00000E+00            214.PO 84.  55  46
 247  2.14919E-06  1.48158E-02  1.48158E-02  0.00000E+00            214.PO 84.  56  47
 248  9.06116E-09  1.50980E-02  1.50980E-02  0.00000E+00            214.PO 84.  57  48
 249  1.57672E-08  1.50981E-02  1.50981E-02  0.00000E+00            214.PO 84.  58  49
 250  6.57549E-10  1.51634E-02  1.51634E-02  0.00000E+00            214.PO 84.  59  50
 251  2.65968E-07  1.52222E-02  1.52222E-02  0.00000E+00            214.PO 84.  60  51
 253  2.04619E-09  1.52359E-02  1.52359E-02  0.00000E+00            214.PO 84.  61  53
 254  1.36755E-11  1.52457E-02  1.52457E-02  0.00000E+00            214.PO 84.  62  54
 261  9.54442E-07  9.21569E-03  9.21569E-03  0.00000E+00            214.PO 84.  63  61
 262  1.00276E-08  9.49069E-03  9.49069E-03  0.00000E+00            214.PO 84.  64  62
 263  9.06483E-09  9.98540E-03  9.98540E-03  0.00000E+00            214.PO 84.  65  63
 264  1.66963E-06  1.04453E-02  1.04453E-02  0.00000E+00            214.PO 84.  66  64
 265  1.46980E-05  1.05510E-02  1.05510E-02  0.00000E+00            214.PO 84.  67  65
 266  2.13205E-07  1.21633E-02  1.21633E-02  0.00000E+00            214.PO 84.  68  66
 267  2.26741E-09  1.22840E-02  1.22840E-02  0.00000E+00            214.PO 84.  69  67
 268  2.32377E-09  1.24057E-02  1.24057E-02  0.00000E+00            214.PO 84.  70  68
 269  3.12737E-07  1.26048E-02  1.26048E-02  0.00000E+00            214.PO 84.  71  69
 270  2.82863E-06  1.26275E-02  1.26275E-02  0.00000E+00            214.PO 84.  72  70
 271  2.47725E-09  1.28869E-02  1.28869E-02  0.00000E+00            214.PO 84.  73  71
 272  1.38296E-08  1.28921E-02  1.28921E-02  0.00000E+00            214.PO 84.  74  72
 273  4.63056E-08  1.28872E-02  1.28872E-02  0.00000E+00            214.PO 84.  75  73
 274  4.74508E-10  1.29291E-02  1.29291E-02  0.00000E+00            214.PO 84.  76  74
 275  4.91207E-10  1.29524E-02  1.29524E-02  0.00000E+00            214.PO 84.  77  75
 276  3.81453E-08  1.30112E-02  1.30112E-02  0.00000E+00            214.PO 84.  78  76
 277  3.37977E-07  1.30140E-02  1.30140E-02  0.00000E+00            214.PO 84.  79  77
 280  5.84826E-09  1.30249E-02  1.30249E-02  0.00000E+00            214.PO 84.  80  80
 281  1.16626E-11  1.30330E-02  1.30330E-02  0.00000E+00            214.PO 84.  81  81
 282  9.56962E-12  1.30347E-02  1.30347E-02  0.00000E+00            214.PO 84.  82  82
 291  5.31586E-06  2.38041E-03  2.38041E-03  0.00000E+00            214.PO 84.  83  91
 292  1.13555E-07  3.40886E-04  3.40886E-04  0.00000E+00            214.PO 84.  84  92
 293  1.09077E-09  7.36240E-05  7.36240E-05  0.00000E+00            214.PO 84.  85  93
 294  1.41067E-03  2.66224E-05  2.66224E-05  0.00000E+00            214.PO 84.  86  94
 7 1  2.10835E-06  5.87487E-02  5.87487E-02  0.00000E+00            214.PO 84.  87   1
 7 2  1.15303E-06  7.07077E-02  7.07077E-02  0.00000E+00            214.PO 84.  88   2
 7 3  1.52036E-07  8.26805E-02  8.26805E-02  0.00000E+00            214.PO 84.  89   3
 7 4  1.53351E-05  1.00424E-03  1.00424E-03  0.00000E+00            214.PO 84.  90   4
 7 5  3.81371E-05  8.07020E-03  8.07020E-03  0.00000E+00            214.PO 84.  91   5
 7 6  1.68755E-05  1.04468E-02  1.04468E-02  0.00000E+00            214.PO 84.  92   6
 7 7  1.78886E-06  1.28508E-02  1.28508E-02  0.00000E+00            214.PO 84.  93   7
 7 8  5.33660E-05  4.23097E-04  4.23097E-04  0.00000E+00            214.PO 84.  94   8
 7 9  1.28374E-04  1.91156E-03  1.91156E-03  0.00000E+00            214.PO 84.  95   9
 710  1.60083E-05  2.17228E-03  2.17228E-03  0.00000E+00            214.PO 84.  96  10
 711  8.11208E-07  2.56235E-03  2.56235E-03  0.00000E+00            214.PO 84.  97  11
 712  2.41065E-04  1.73897E-04  1.73897E-04  0.00000E+00            214.PO 84.  98  12
 713  4.56783E-04  8.22739E-05  8.22739E-05  0.00000E+00            214.PO 84.  99  13
 714  3.16818E-04  4.21873E-05  4.21873E-05  0.00000E+00            214.PO 84. 100  14
 715  4.47539E-07  1.08858E-04  1.08858E-04  0.00000E+00            214.PO 84. 101  15
%%%% 214 PO  84    A            1.64300E-04 1.643E-4 S 02-11-2005       SEEIEND 
 


   ***************************************************** 
   *                 Radiation Summary                 * 
   ***************************************************** 
 
  Energy released by
    Gamma-ray                       (MeV) =   8.29357E-05
    X-ray                           (MeV) =   6.95148E-08
    Free-bound X-ray                (MeV) =   3.75556E-10
    Annihilation photon             (MeV) =   0.00000E+00
    Beta+ particle                  (MeV) =   0.00000E+00
    Neutrino                        (MeV) =   0.00000E+00
    Beta- particle                  (MeV) =   0.00000E+00
    Neutrino-                       (MeV) =   0.00000E+00
    Internal conv. electron         (MeV) =   8.10025E-07
    Auger and CK electron           (MeV) =   1.13816E-08
    Alpha particle                  (MeV) =   7.68686E+00
    Recoil nucleus                  (MeV) =   1.46512E-01
  E-total (except unplaced radiat.) (MeV) =   7.83346E+00
  E-unplaced radiation              (MeV) =   0.00000E+00
  Q-value from ENSDF data           (MeV) =   7.83346E+00
  Ratio of E-total/Q-value          ( % ) =   1.00000E+02
  Ratio of E-unplaced radi./Q-value ( % ) =   0.00000E+00

 
  Total yield of
    Gamma-ray                             =   1.04045E-04
    X-ray                                 =   1.26206E-06
    Free-bound X-ray                      =   1.41067E-05
    Annihilation photon                   =   0.00000E+00
    Beta+ particle                        =   0.00000E+00
    Beta- particle                        =   0.00000E+00
    Internal conv. electron               =   1.15490E-06
    Auger and CK electron                 =   1.28922E-05
    Alpha particle                        =   1.00000E+00
  Yield of unplaced radiation             =   0.00000E+00


