%%%% 140 PR  59    EC B+        2.03400E+02 3.39 M     02-11-2005       BALASTAR
1 140   PR  59 3.39 M          EC B+      
1INTENSITY AND ENERGY BALANCE DATA

              140-PRASEODYMIUM-59
+                                    HALFLIFE = 3.39 MINUTES 
+                                                                  02-11-2005


    LEVEL       INTENSITY   INTENSITY
    ENERGY      ENTERING    LEAVING     PERCENT
    (MEV)       LEVEL       LEVEL       ERROR

   0.0000E+00  1.0000E+02
   1.5961E+00  4.9957E-01  5.0040E-01  1.6579E-01                      
   1.9031E+00  2.6195E-01  2.6184E-01  4.2253E-02                      
   2.3479E+00  3.9147E-02  3.9440E-02  7.4589E-01                      
   2.5214E+00  3.9147E-02  3.9098E-02  1.2722E-01                      
   2.5475E+00  2.3087E-04  2.3509E-04  1.8110E+00                      
   2.9000E+00  2.0076E-04  2.0005E-04  3.5068E-01                      
   3.0167E+00  6.5246E-03  6.5079E-03  2.5555E-01                      
   3.1190E+00  8.5321E-04  8.5020E-04  3.5384E-01                      
   3.3200E+00  5.0189E-05  5.5011E-05  9.1684E+00                      


 INTENSITY TO GROUND AND ISOMERIC STATE(S) OF DAUGHTER(S)=  1.000E+02
 TOTAL INTENSITY FROM PARENT=  1.000E+02
 PERCENT ERROR =  9.537E-04                      


 TOTAL INTENSITY FROM PARENT =  1.000E+02
 VALUE IS WITHIN   7.63E-06% OF 100                      


 TOTAL ENERGY AVAILABLE =  3.388E+00 MEV
 TOTAL ENERGY CONTENT OF ALL RADIATIONS =  3.388E+00 MEV
 PERCENT ERROR =  4.926E-04                      
%%%% 140 PR  59    EC B+        2.03400E+02 3.39 M     02-11-2005       BALAEND 
%%%% 140 PR  59    EC B+        2.03400E+02 3.39 M     02-11-2005       INPUSTAR
1                                      **INPUT DATA**
              140-PRASEODYMIUM-59
+                                    HALFLIFE = 3.39 MINUTES 
+                                                                  02-11-2005

            MODES OF DECAY: ELECTRON CAPTURE, BETA PLUS
 
                                MEAN
                                NUMBER/    TRANSITION
                TYPE OF    ID   TRANSFOR-  ENERGY
              TRANSITION   NO.  MATION     (MEV)       OTHER NUCLEAR PARAMETERS

           ELECT. CAPTURE   1   5.02E-07   6.800E-02   ALLOWED                                  
           ELECT. CAPTURE   2   8.53E-06   2.690E-01   ALLOWED                                  
           ELECT. CAPTURE   3   6.52E-05   3.713E-01   ALLOWED                                  
           ELECT. CAPTURE   4   2.01E-06   4.880E-01   ALLOWED                                  
           ELECT. CAPTURE   5   2.31E-06   8.405E-01   ALLOWED                                  
           ELECT. CAPTURE   6   3.91E-04   8.666E-01   ALLOWED                                  
           ELECT. CAPTURE   7   3.91E-04   1.040E+00   ALLOWED                                  
           ELECT. CAPTURE   8   2.61E-03   1.485E+00   ALLOWED                                  
           ELECT. CAPTURE   9   2.71E-03   1.792E+00   ALLOWED                                  
           ELECT. CAPTURE  10   4.82E-01   3.388E+00   ALLOWED                                  
                BETA PLUS   1   9.64E-06   4.629E-01*  ALLOWED                                  
                BETA PLUS   2   6.93E-05   7.699E-01*  ALLOWED                                  
                BETA PLUS   3   5.12E-01   2.366E+00*  ALLOWED                                  
           I.C.E. + GAMMA   1   1.57E-03   3.069E-01   E2 MULTIPOLE                             
+                                                                    AK= 0.0365                 
                                                       AL1=0.00403   AL2=0.00173                
                                                       AL3=0.00132   AM= 0.00153                
           I.C.E. + GAMMA   2   3.22E-04   7.518E-01   M1+E2 MULTIPOLE                          
                                                       AK= 0.00504                              
           I.C.E. + GAMMA   3   2.61E-04   9.253E-01   M1+E2 MULTIPOLE                          
                                                       AK= 0.00308                              
           I.C.E. + GAMMA   4   6.51E-05   1.421E+00   E2 MULTIPOLE                             
           I.C.E. + GAMMA   5   5.00E-03   1.596E+00   E2 MULTIPOLE                             
           I.C.E. + GAMMA   6   1.05E-03   1.904E+00   E0 MULTIPOLE                             
                                                       K/L1/M/N+ =                              
                                                       100./12.5/2.61/0.718                     
           I.C.E. + GAMMA   7   7.25E-05   2.348E+00   E2 MULTIPOLE                             
           I.C.E. + GAMMA   8   1.30E-04   2.521E+00   E2 MULTIPOLE                             
           I.C.E. + GAMMA   9   2.35E-06   2.548E+00   M1 MULTIPOLE                             
           I.C.E. + GAMMA  10   2.00E-06   2.900E+00   E2 MULTIPOLE                             
           I.C.E. + GAMMA  11   1.45E-08   3.016E+00   E0 MULTIPOLE                             
                                                       K/L1/M/N+ =                              
                                                       100./11.1/2.32/0.629                     
           I.C.E. + GAMMA  12   8.50E-06   3.119E+00   E2 MULTIPOLE                             
           I.C.E. + GAMMA  13   5.50E-07   3.320E+00   E2 MULTIPOLE                             
 
           * ENDPOINT ENERGY (MEV)
           - - - - - - - - - -
           Reference: Evaluated Nuclear Structure Data File (ENSDF)
                DATE DATA WERE ENTERED INTO ENSDF: Jan-1995
%%%% 140 PR  59    EC B+        2.03400E+02 3.39 M     02-11-2005       INPUEND 
%%%% 140 PR  59    EC B+        2.03400E+02 3.39 M     02-11-2005       OUTPSTAR
1                                      **OUTPUT DATA**
              140-PRASEODYMIUM-59
+                                    HALFLIFE = 3.39 MINUTES 
+                                                                  02-11-2005

            MODES OF DECAY: ELECTRON CAPTURE, BETA PLUS
 
                                              MEAN
                                              NUMBER/                  MEV/
                                         ID   TRANSFOR-   ENERGY       TRANSFOR-
                  TYPE OF RADIATION      NO.  MATION      (MEV)        MATION

           BETA PLUS                      3   5.12E-01    1.067E+00*   5.46E-01
           ANNIHILATION RADIATION             1.02E+00    5.110E-01    5.23E-01
           GAMMA-RAY                      5   5.00E-03    1.596E+00    7.98E-03
           K CONV. ELECTRON, GAMMA-RAY    6   9.07E-04    1.863E+00    1.69E-03
           K -L2 X-RAY                        1.09E-01    3.429E-02    3.73E-03
           K -L3 X-RAY                        1.99E-01    3.474E-02    6.92E-03
           K -M2 X-RAY                        1.94E-02    3.920E-02    7.59E-04
           K -M3 X-RAY                        3.75E-02    3.929E-02    1.47E-03
           AUGER KLL                          2.35E-02    2.832E-02*   6.66E-04
           AUGER LMM                          2.73E-01    3.851E-03*   1.05E-03
 
           ALL LISTED X-RAYS, GAMMA-RAYS AND ANNIHILATION RADIATION    5.44E-01
           ALL NEGLECTED X-RAYS, GAMMA-RAYS AND ANNIH. RADIATION**     2.53E-03
           ALL LISTED BETAS, INTERNAL CONVERSION AND AUGER ELECTRONS   5.50E-01
           ALL NEGLECTED BETAS, INT. CONVERSION AND AUGER ELECTRONS**  1.97E-03
           ALL LISTED RADIATIONS                                       1.09E+00
           ALL NEGLECTED RADIATIONS**                                  4.50E-03
 
           *  AVERAGE ENERGY (MEV)
           ** EACH NEGLECTED TRANSITION CONTRIBUTES LESS THAN  0.100%
              TO THE TOTAL MEV/TRANSFORMATION FOR THIS CATEGORY.
           TOTAL FEEDING OF GROUND STATE LEVEL IN 140-CERIUM
             DAUGHTER IS 1.0000E+00 PER TRANSFORMATION OF 140-PRASEODYMIUM.
             THIS DAUGHTER GROUND STATE IS STABLE.
           - - - - - - - - - -
           INPUT DATA SOURCE: EVALUATED NUCLEAR STRUCTURE DATA FILE (ENSDF)
             DATE INPUT DATA WERE ENTERED INTO ENSDF: Jan-1995
%%%% 140 PR  59    EC B+        2.03400E+02 3.39 M     02-11-2005       OUTPEND 
%%%% 140 PR  59    EC B+        2.03400E+02 3.39 M     02-11-2005       BETASTAR
1
              140-PRASEODYMIUM-59
+                                    HALFLIFE = 3.39 MINUTES 
+                                                                  02-11-2005

            BETA SPECTRUM DATA FOR ALL DECAY BRANCHES

                      BETAS PER                BETAS PER                BETAS PER
            ENERGY    MEV            ENERGY    MEV            ENERGY    MEV
            (MEV)     PER DECAY      (MEV)     PER DECAY      (MEV)     PER DECAY

            0.00000   0.000E+00      0.00280   1.338E-07      0.08500   2.300E-02
            0.00010   0.000E+00      0.00300   2.134E-07      0.09000   2.566E-02
            0.00011   0.000E+00      0.00320   3.231E-07      0.10000   3.120E-02
            0.00012   0.000E+00      0.00360   6.559E-07      0.11000   3.700E-02
            0.00013   0.000E+00      0.00400   1.180E-06      0.12000   4.299E-02
            0.00014   0.000E+00      0.00450   2.176E-06      0.13000   4.914E-02
            0.00015   0.000E+00      0.00500   3.639E-06      0.14000   5.542E-02
            0.00016   0.000E+00      0.00550   5.661E-06      0.15000   6.179E-02
            0.00018   0.000E+00      0.00600   8.329E-06      0.16000   6.823E-02
            0.00020   0.000E+00      0.00650   1.173E-05      0.18000   8.125E-02
            0.00022   0.000E+00      0.00700   1.595E-05      0.20000   9.435E-02
            0.00024   0.000E+00      0.00750   2.108E-05      0.22000   1.074E-01
            0.00026   0.000E+00      0.00800   2.718E-05      0.24000   1.205E-01
            0.00028   0.000E+00      0.00850   3.435E-05      0.26000   1.333E-01
            0.00030   0.000E+00      0.00900   4.265E-05      0.28000   1.460E-01
            0.00032   0.000E+00      0.01000   6.294E-05      0.30000   1.586E-01
            0.00036   0.000E+00      0.01100   8.861E-05      0.32000   1.708E-01
            0.00040   1.266E-26      0.01200   1.202E-04      0.36000   1.946E-01
            0.00045   2.974E-24      0.01300   1.580E-04      0.40000   2.172E-01
            0.00050   2.958E-22      0.01400   2.027E-04      0.45000   2.438E-01
            0.00055   1.424E-20      0.01500   2.544E-04      0.50000   2.683E-01
            0.00060   3.755E-19      0.01600   3.137E-04      0.55000   2.906E-01
            0.00065   6.047E-18      0.01800   4.557E-04      0.60000   3.107E-01
            0.00070   6.506E-17      0.02000   6.306E-04      0.65000   3.284E-01
            0.00075   5.031E-16      0.02200   8.399E-04      0.70000   3.437E-01
            0.00080   2.966E-15      0.02400   1.085E-03      0.75000   3.567E-01
            0.00085   1.398E-14      0.02600   1.365E-03      0.80000   3.672E-01
            0.00090   5.466E-14      0.02800   1.682E-03      0.85000   3.754E-01
            0.00100   5.362E-13      0.03000   2.034E-03      0.90000   3.811E-01
            0.00110   3.351E-12      0.03200   2.423E-03      1.00000   3.854E-01
            0.00120   1.505E-11      0.03600   3.305E-03      1.10000   3.805E-01
            0.00130   5.266E-11      0.04000   4.324E-03      1.20000   3.669E-01
            0.00140   1.522E-10      0.04500   5.779E-03      1.30000   3.454E-01
            0.00150   3.787E-10      0.05000   7.422E-03      1.40000   3.170E-01
            0.00160   8.360E-10      0.05500   9.239E-03      1.50000   2.828E-01
            0.00180   3.103E-09      0.06000   1.122E-02      1.60000   2.442E-01
            0.00200   8.825E-09      0.06500   1.334E-02      1.80000   1.598E-01
            0.00220   2.078E-08      0.07000   1.559E-02      2.00000   7.880E-02
            0.00240   4.261E-08      0.07500   1.796E-02      2.20000   1.885E-02
            0.00260   7.866E-08      0.08000   2.043E-02      2.36600   0.000E+00

            AVERAGE BETA ENERGY =   1.067E+00

            TOTAL BETAS PER DECAY FOR ALL BRANCHES =   5.120E-01
%%%% 140 PR  59    EC B+        2.03400E+02 3.39 M     02-11-2005       BETAEND 
%%%% 140 PR  59    EC B+        2.03400E+02 3.39 M     02-11-2005       SEEISTAR
140.  PRASEODYMIUM 59.  3.390E+00 MINUTES  159 EC B+                140.PR 59.   0
 4 1  9.63626E-04  2.18400E-01  4.62900E-01  0.00000E+00            140.PR 59.   1   1
 4 2  6.92606E-03  3.52708E-01  7.69890E-01  0.00000E+00            140.PR 59.   2   2
 4 3  5.11926E+01  1.06707E+00  2.36600E+00  0.00000E+00            140.PR 59.   3   3
 3 3  1.02401E+02  5.11000E-01  5.11000E-01  0.00000E+00            140.PR 59.   4   3
 1 1  1.50000E-01  3.06900E-01  3.06900E-01  0.00000E+00            140.PR 59.   5   1
 6 1  5.48180E-03  2.66444E-01  2.66444E-01  1.00000E+00            140.PR 59.   6   1
 6 5  6.04418E-04  3.00387E-01  3.00387E-01  1.00000E+00            140.PR 59.   7   5
 6 6  2.59714E-04  3.00735E-01  3.00735E-01  1.00000E+00            140.PR 59.   8   6
 6 7  1.98133E-04  3.01187E-01  3.01187E-01  1.00000E+00            140.PR 59.   9   7
 6 3  2.29062E-04  3.05730E-01  3.05730E-01  1.00000E+00            140.PR 59.  10   3
 6 4  6.19460E-05  3.06900E-01  3.06900E-01  1.00000E+00            140.PR 59.  11   4
 1 2  3.20000E-02  7.51800E-01  7.51800E-01  0.00000E+00            140.PR 59.  12   2
 6 1  1.61144E-04  7.11344E-01  7.11344E-01  2.00000E+00            140.PR 59.  13   1
 6 5  1.98346E-05  7.45287E-01  7.45287E-01  2.00000E+00            140.PR 59.  14   5
 6 6  8.48249E-07  7.45635E-01  7.45635E-01  2.00000E+00            140.PR 59.  15   6
 6 7  2.06192E-07  7.46087E-01  7.46087E-01  2.00000E+00            140.PR 59.  16   7
 6 3  4.35768E-06  7.50629E-01  7.50629E-01  2.00000E+00            140.PR 59.  17   3
 6 4  1.21726E-06  7.51800E-01  7.51800E-01  2.00000E+00            140.PR 59.  18   4
 1 3  2.60000E-02  9.25300E-01  9.25300E-01  0.00000E+00            140.PR 59.  19   3
 6 1  8.00914E-05  8.84844E-01  8.84844E-01  3.00000E+00            140.PR 59.  20   1
 6 5  9.82890E-06  9.18787E-01  9.18787E-01  3.00000E+00            140.PR 59.  21   5
 6 6  3.82173E-07  9.19135E-01  9.19135E-01  3.00000E+00            140.PR 59.  22   6
 6 7  9.97168E-08  9.19587E-01  9.19587E-01  3.00000E+00            140.PR 59.  23   7
 6 3  2.15024E-06  9.24129E-01  9.24129E-01  3.00000E+00            140.PR 59.  24   3
 6 4  5.99322E-07  9.25300E-01  9.25300E-01  3.00000E+00            140.PR 59.  25   4
 1 4  6.50000E-03  1.42070E+00  1.42070E+00  0.00000E+00            140.PR 59.  26   4
 6 1  5.54604E-06  1.38024E+00  1.38024E+00  4.00000E+00            140.PR 59.  27   1
 6 5  6.59471E-07  1.41419E+00  1.41419E+00  4.00000E+00            140.PR 59.  28   5
 6 6  3.54686E-08  1.41453E+00  1.41453E+00  4.00000E+00            140.PR 59.  29   6
 6 7  2.07461E-08  1.41499E+00  1.41499E+00  4.00000E+00            140.PR 59.  30   7
 6 3  1.49193E-07  1.41953E+00  1.41953E+00  4.00000E+00            140.PR 59.  31   3
 6 4  3.98786E-08  1.42070E+00  1.42070E+00  4.00000E+00            140.PR 59.  32   4
 1 5  5.00000E-01  1.59610E+00  1.59610E+00  0.00000E+00            140.PR 59.  33   5
 6 1  3.41871E-04  1.55564E+00  1.55564E+00  5.00000E+00            140.PR 59.  34   1
 6 5  4.07338E-05  1.58959E+00  1.58959E+00  5.00000E+00            140.PR 59.  35   5
 6 6  1.88831E-06  1.58993E+00  1.58993E+00  5.00000E+00            140.PR 59.  36   6
 6 7  1.12947E-06  1.59039E+00  1.59039E+00  5.00000E+00            140.PR 59.  37   7
 6 3  9.10346E-06  1.59493E+00  1.59493E+00  5.00000E+00            140.PR 59.  38   3
 6 4  2.41389E-06  1.59610E+00  1.59610E+00  5.00000E+00            140.PR 59.  39   4
 1 6  0.00000E+00  1.90350E+00  1.90350E+00  0.00000E+00            140.PR 59.  40   6
 6 1  9.06697E-02  1.86304E+00  1.86304E+00  6.00000E+00            140.PR 59.  41   1
 6 5  1.13121E-02  1.89699E+00  1.89699E+00  6.00000E+00            140.PR 59.  42   5
 6 3  2.36700E-03  1.90233E+00  1.90233E+00  6.00000E+00            140.PR 59.  43   3
 6 4  6.51191E-04  1.90350E+00  1.90350E+00  6.00000E+00            140.PR 59.  44   4
 1 7  7.25000E-03  2.34780E+00  2.34780E+00  0.00000E+00            140.PR 59.  45   7
 6 1  2.43148E-06  2.30734E+00  2.30734E+00  7.00000E+00            140.PR 59.  46   1
 6 5  2.70600E-07  2.34129E+00  2.34129E+00  7.00000E+00            140.PR 59.  47   5
 6 6  7.53700E-09  2.34163E+00  2.34163E+00  7.00000E+00            140.PR 59.  48   6
 6 7  4.59197E-09  2.34209E+00  2.34209E+00  7.00000E+00            140.PR 59.  49   7
 6 3  5.86139E-08  2.34663E+00  2.34663E+00  7.00000E+00            140.PR 59.  50   3
 6 4  1.52721E-08  2.34780E+00  2.34780E+00  7.00000E+00            140.PR 59.  51   4
 1 8  1.30000E-02  2.52140E+00  2.52140E+00  0.00000E+00            140.PR 59.  52   8
 6 1  3.84178E-06  2.48094E+00  2.48094E+00  8.00000E+00            140.PR 59.  53   1
 6 5  4.20655E-07  2.51489E+00  2.51489E+00  8.00000E+00            140.PR 59.  54   5
 6 6  1.06687E-08  2.51523E+00  2.51523E+00  8.00000E+00            140.PR 59.  55   6
 6 7  6.53257E-09  2.51569E+00  2.51569E+00  8.00000E+00            140.PR 59.  56   7
 6 3  9.07192E-08  2.52023E+00  2.52023E+00  8.00000E+00            140.PR 59.  57   3
 6 4  2.35640E-08  2.52140E+00  2.52140E+00  8.00000E+00            140.PR 59.  58   4
 1 9  2.35000E-04  2.54750E+00  2.54750E+00  0.00000E+00            140.PR 59.  59   9
 6 1  7.68506E-08  2.50704E+00  2.50704E+00  9.00000E+00            140.PR 59.  60   1
 6 5  8.62174E-09  2.54099E+00  2.54099E+00  9.00000E+00            140.PR 59.  61   5
 6 6  1.98353E-10  2.54133E+00  2.54133E+00  9.00000E+00            140.PR 59.  62   6
 6 7  9.16257E-11  2.54179E+00  2.54179E+00  9.00000E+00            140.PR 59.  63   7
 6 3  1.86562E-09  2.54633E+00  2.54633E+00  9.00000E+00            140.PR 59.  64   3
 6 4  5.07231E-10  2.54750E+00  2.54750E+00  9.00000E+00            140.PR 59.  65   4
 110  2.00000E-04  2.90000E+00  2.90000E+00  0.00000E+00            140.PR 59.  66  10
 6 1  4.63049E-08  2.85954E+00  2.85954E+00  1.00000E+01            140.PR 59.  67   1
 6 5  4.89113E-09  2.89349E+00  2.89349E+00  1.00000E+01            140.PR 59.  68   5
 6 6  1.03230E-10  2.89383E+00  2.89383E+00  1.00000E+01            140.PR 59.  69   6
 6 7  6.38321E-11  2.89429E+00  2.89429E+00  1.00000E+01            140.PR 59.  70   7
 6 3  1.04685E-09  2.89883E+00  2.89883E+00  1.00000E+01            140.PR 59.  71   3
 6 4  2.70342E-10  2.90000E+00  2.90000E+00  1.00000E+01            140.PR 59.  72   4
 111  0.00000E+00  3.01630E+00  3.01630E+00  0.00000E+00            140.PR 59.  73  11
 6 1  1.27172E-06  2.97584E+00  2.97584E+00  1.10000E+01            140.PR 59.  74   1
 6 5  1.40792E-07  3.00979E+00  3.00979E+00  1.10000E+01            140.PR 59.  75   5
 6 3  2.94953E-08  3.01513E+00  3.01513E+00  1.10000E+01            140.PR 59.  76   3
 6 4  7.99578E-09  3.01630E+00  3.01630E+00  1.10000E+01            140.PR 59.  77   4
 112  8.50000E-04  3.11900E+00  3.11900E+00  0.00000E+00            140.PR 59.  78  12
 6 1  1.73674E-07  3.07854E+00  3.07854E+00  1.20000E+01            140.PR 59.  79   1
 6 5  1.79687E-08  3.11249E+00  3.11249E+00  1.20000E+01            140.PR 59.  80   5
 6 6  3.44659E-10  3.11283E+00  3.11283E+00  1.20000E+01            140.PR 59.  81   6
 6 7  2.14210E-10  3.11329E+00  3.11329E+00  1.20000E+01            140.PR 59.  82   7
 6 3  3.83247E-09  3.11783E+00  3.11783E+00  1.20000E+01            140.PR 59.  83   3
 6 4  9.86857E-10  3.11900E+00  3.11900E+00  1.20000E+01            140.PR 59.  84   4
 113  5.50000E-05  3.32000E+00  3.32000E+00  0.00000E+00            140.PR 59.  85  13
 6 1  1.01058E-08  3.27954E+00  3.27954E+00  1.30000E+01            140.PR 59.  86   1
 6 5  1.02606E-09  3.31349E+00  3.31349E+00  1.30000E+01            140.PR 59.  87   5
 6 6  1.81313E-11  3.31383E+00  3.31383E+00  1.30000E+01            140.PR 59.  88   6
 6 7  1.13183E-11  3.31429E+00  3.31429E+00  1.30000E+01            140.PR 59.  89   7
 6 3  2.18241E-10  3.31883E+00  3.31883E+00  1.30000E+01            140.PR 59.  90   3
 6 4  5.60623E-11  3.32000E+00  3.32000E+00  1.30000E+01            140.PR 59.  91   4
 2 1  1.08731E+01  3.42907E-02  3.42907E-02  0.00000E+00            140.PR 59.  92   1
 2 2  1.99116E+01  3.47432E-02  3.47432E-02  0.00000E+00            140.PR 59.  93   2
 2 3  1.93541E+00  3.91962E-02  3.91962E-02  0.00000E+00            140.PR 59.  94   3
 2 4  3.74996E+00  3.92855E-02  3.92855E-02  0.00000E+00            140.PR 59.  95   4
 2 5  2.30128E-02  3.95506E-02  3.95506E-02  0.00000E+00            140.PR 59.  96   5
 2 6  3.10182E-02  3.95699E-02  3.95699E-02  0.00000E+00            140.PR 59.  97   6
 2 7  4.12026E-01  4.02274E-02  4.02274E-02  0.00000E+00            140.PR 59.  98   7
 2 8  8.01666E-01  4.02466E-02  4.02466E-02  0.00000E+00            140.PR 59.  99   8
 2 9  4.83904E-03  4.03403E-02  4.03403E-02  0.00000E+00            140.PR 59. 100   9
 210  6.51215E-03  4.03435E-02  4.03435E-02  0.00000E+00            140.PR 59. 101  10
 211  6.94704E-02  4.04297E-02  4.04297E-02  0.00000E+00            140.PR 59. 102  11
 212  1.34405E-01  4.04325E-02  4.04325E-02  0.00000E+00            140.PR 59. 103  12
 221  1.43689E-04  3.48000E-04  3.48000E-04  0.00000E+00            140.PR 59. 104  21
 222  3.86442E-03  8.00499E-04  8.00499E-04  0.00000E+00            140.PR 59. 105  22
 223  1.27851E-01  5.25340E-03  5.25340E-03  0.00000E+00            140.PR 59. 106  23
 224  1.94202E-01  5.34279E-03  5.34279E-03  0.00000E+00            140.PR 59. 107  24
 225  2.21479E-03  5.60782E-03  5.60782E-03  0.00000E+00            140.PR 59. 108  25
 226  3.31063E-03  5.62716E-03  5.62716E-03  0.00000E+00            140.PR 59. 109  26
 227  2.92463E-02  6.28471E-03  6.28471E-03  0.00000E+00            140.PR 59. 110  27
 228  4.59504E-02  6.30396E-03  6.30396E-03  0.00000E+00            140.PR 59. 111  28
 229  2.93149E-04  6.39751E-03  6.39751E-03  0.00000E+00            140.PR 59. 112  29
 230  4.48539E-04  6.40086E-03  6.40086E-03  0.00000E+00            140.PR 59. 113  30
 231  4.29674E-03  6.48694E-03  6.48694E-03  0.00000E+00            140.PR 59. 114  31
 232  6.63293E-03  6.48970E-03  6.48970E-03  0.00000E+00            140.PR 59. 115  32
 241  2.31781E-06  4.52500E-04  4.52500E-04  0.00000E+00            140.PR 59. 116  41
 242  6.30143E-02  4.75538E-03  4.75538E-03  0.00000E+00            140.PR 59. 117  42
 243  1.02507E-03  4.99479E-03  4.99479E-03  0.00000E+00            140.PR 59. 118  43
 244  1.37844E+00  5.25981E-03  5.25981E-03  0.00000E+00            140.PR 59. 119  44
 245  1.02915E-02  5.88027E-03  5.88027E-03  0.00000E+00            140.PR 59. 120  45
 246  1.66410E-04  5.95596E-03  5.95596E-03  0.00000E+00            140.PR 59. 121  46
 247  2.28853E-01  6.04950E-03  6.04950E-03  0.00000E+00            140.PR 59. 122  47
 248  2.35416E-05  6.15846E-03  6.15846E-03  0.00000E+00            140.PR 59. 123  48
 249  1.50315E-03  6.12354E-03  6.12354E-03  0.00000E+00            140.PR 59. 124  49
 250  2.92823E-05  6.14170E-03  6.14170E-03  0.00000E+00            140.PR 59. 125  50
 261  2.23395E-01  4.30290E-03  4.30290E-03  0.00000E+00            140.PR 59. 126  61
 262  1.32882E-03  4.45290E-03  4.45290E-03  0.00000E+00            140.PR 59. 127  62
 263  1.23011E-03  4.54230E-03  4.54230E-03  0.00000E+00            140.PR 59. 128  63
 264  2.58996E-01  4.80732E-03  4.80732E-03  0.00000E+00            140.PR 59. 129  64
 265  2.29369E+00  4.82666E-03  4.82666E-03  0.00000E+00            140.PR 59. 130  65
 266  2.34516E-02  5.42779E-03  5.42779E-03  0.00000E+00            140.PR 59. 131  66
 267  1.52880E-04  5.48423E-03  5.48423E-03  0.00000E+00            140.PR 59. 132  67
 268  1.47385E-04  5.50345E-03  5.50345E-03  0.00000E+00            140.PR 59. 133  68
 269  4.16132E-02  5.59701E-03  5.59701E-03  0.00000E+00            140.PR 59. 134  69
 270  3.71938E-01  5.60036E-03  5.60036E-03  0.00000E+00            140.PR 59. 135  70
 271  6.89912E-06  5.70596E-03  5.70596E-03  0.00000E+00            140.PR 59. 136  71
 272  3.95937E-05  5.70629E-03  5.70629E-03  0.00000E+00            140.PR 59. 137  72
 273  3.93036E-03  5.67106E-03  5.67106E-03  0.00000E+00            140.PR 59. 138  73
 274  2.69099E-05  5.68645E-03  5.68645E-03  0.00000E+00            140.PR 59. 139  74
 275  2.43276E-05  5.68922E-03  5.68922E-03  0.00000E+00            140.PR 59. 140  75
 291  3.71316E-01  7.72931E-04  7.72931E-04  0.00000E+00            140.PR 59. 141  91
 292  9.79753E-03  1.21616E-04  1.21616E-04  0.00000E+00            140.PR 59. 142  92
 293  3.80409E-07  1.75206E-05  1.75206E-05  0.00000E+00            140.PR 59. 143  93
 294  5.73204E+02  1.61261E-05  1.61261E-05  0.00000E+00            140.PR 59. 144  94
 7 1  2.35093E+00  2.83188E-02  2.83188E-02  0.00000E+00            140.PR 59. 145   1
 7 2  1.10785E+00  3.33488E-02  3.33488E-02  0.00000E+00            140.PR 59. 146   2
 7 3  1.25033E-01  3.83801E-02  3.83801E-02  0.00000E+00            140.PR 59. 147   3
 7 4  6.43173E+00  3.89161E-04  3.89161E-04  0.00000E+00            140.PR 59. 148   4
 7 5  2.73237E+01  3.85077E-03  3.85077E-03  0.00000E+00            140.PR 59. 149   5
 7 6  8.99939E+00  4.70735E-03  4.70735E-03  0.00000E+00            140.PR 59. 150   6
 7 7  7.26677E-01  5.59637E-03  5.59637E-03  0.00000E+00            140.PR 59. 151   7
 7 8  3.00894E+01  1.35102E-04  1.35102E-04  0.00000E+00            140.PR 59. 152   8
 7 9  7.07449E+01  6.26815E-04  6.26815E-04  0.00000E+00            140.PR 59. 153   9
 710  5.12902E+00  7.79427E-04  7.79427E-04  0.00000E+00            140.PR 59. 154  10
 711  8.01264E-02  9.56985E-04  9.56985E-04  0.00000E+00            140.PR 59. 155  11
 712  1.92561E+02  7.40115E-05  7.40115E-05  0.00000E+00            140.PR 59. 156  12
 713  8.84865E+01  6.25456E-05  6.25456E-05  0.00000E+00            140.PR 59. 157  13
 714  8.14515E+01  1.22653E-05  1.22653E-05  0.00000E+00            140.PR 59. 158  14
 715  6.67087E-01  3.21300E-05  3.21300E-05  0.00000E+00            140.PR 59. 159  15
%%%% 140 PR  59    EC B+        2.03400E+02 3.39 M     02-11-2005       SEEIEND 
 


   ***************************************************** 
   *                 Radiation Summary                 * 
   ***************************************************** 
 
  Energy released by
    Gamma-ray                       (MeV) =   9.55247E-03
    X-ray                           (MeV) =   1.37485E-02
    Free-bound X-ray                (MeV) =   9.24356E-05
    Annihilation photon             (MeV) =   5.23269E-01
    Beta+ particle                  (MeV) =   5.46287E-01
    Neutrino                        (MeV) =   2.28969E+00
    Beta- particle                  (MeV) =   0.00000E+00
    Neutrino-                       (MeV) =   0.00000E+00
    Internal conv. electron         (MeV) =   1.98860E-03
    Auger and CK electron           (MeV) =   3.35760E-03
    Alpha particle                  (MeV) =   0.00000E+00
    Recoil nucleus                  (MeV) =   0.00000E+00
  E-total (except unplaced radiat.) (MeV) =   3.38799E+00
  E-unplaced radiation              (MeV) =   0.00000E+00
  Q-value from ENSDF data           (MeV) =   3.38800E+00
  Ratio of E-total/Q-value          ( % ) =   9.99996E+01
  Ratio of E-unplaced radi./Q-value ( % ) =   0.00000E+00

 
  Total yield of
    Gamma-ray                             =   7.36090E-03
    X-ray                                 =   4.36559E-01
    Free-bound X-ray                      =   5.73204E+00
    Annihilation photon                   =   1.02401E+00
    Beta+ particle                        =   5.12005E-01
    Beta- particle                        =   0.00000E+00
    Internal conv. electron               =   1.12528E-03
    Auger and CK electron                 =   5.16275E+00
    Alpha particle                        =   0.00000E+00
  Yield of unplaced radiation             =   0.00000E+00


