%%%% 143 PR  59    B-           1.17245E+06 13.57 D    02-11-2005       BALASTAR
1 143   PR  59 13.57 D         B-         
1INTENSITY AND ENERGY BALANCE DATA

              143-PRASEODYMIUM-59
+                                    HALFLIFE = 13.57 DAYS    
+                                                                  02-11-2005


    LEVEL       INTENSITY   INTENSITY
    ENERGY      ENTERING    LEAVING     PERCENT
    (MEV)       LEVEL       LEVEL       ERROR

   0.0000E+00  1.0000E+02
   7.4210E-01  1.2000E-06  1.2053E-06  4.3824E-01                      


 INTENSITY TO GROUND AND ISOMERIC STATE(S) OF DAUGHTER(S)=  1.000E+02
 TOTAL INTENSITY FROM PARENT=  1.000E+02
 PERCENT ERROR =  0.000E+00                      


 TOTAL INTENSITY FROM PARENT =  1.000E+02
 VALUE IS WITHIN   0.00E+00% OF 100                      


 TOTAL ENERGY AVAILABLE =  9.339E-01 MEV
 TOTAL ENERGY CONTENT OF ALL RADIATIONS =  9.339E-01 MEV
 PERCENT ERROR =  0.000E+00                      
%%%% 143 PR  59    B-           1.17245E+06 13.57 D    02-11-2005       BALAEND 
%%%% 143 PR  59    B-           1.17245E+06 13.57 D    02-11-2005       INPUSTAR
1                                      **INPUT DATA**
              143-PRASEODYMIUM-59
+                                    HALFLIFE = 13.57 DAYS    
+                                                                  02-11-2005

            MODE OF DECAY: BETA MINUS
 
                                MEAN
                                NUMBER/    TRANSITION
                TYPE OF    ID   TRANSFOR-  ENERGY
              TRANSITION   NO.  MATION     (MEV)       OTHER NUCLEAR PARAMETERS

               BETA MINUS   1   1.20E-08   1.918E-01*  UNIQUE FIRST FORBIDDEN                   
               BETA MINUS   2   1.00E+00   9.339E-01*  FIRST FORBIDDEN                          
           I.C.E. + GAMMA   1   1.21E-08   7.421E-01   E2 MULTIPOLE                             
+                                                                    AK= 0.00370                
 
           * ENDPOINT ENERGY (MEV)
           - - - - - - - - - -
           Reference: Evaluated Nuclear Structure Data File (ENSDF)
                DATE DATA WERE ENTERED INTO ENSDF: Jan-2002
%%%% 143 PR  59    B-           1.17245E+06 13.57 D    02-11-2005       INPUEND 
%%%% 143 PR  59    B-           1.17245E+06 13.57 D    02-11-2005       OUTPSTAR
1                                      **OUTPUT DATA**
              143-PRASEODYMIUM-59
+                                    HALFLIFE = 13.57 DAYS    
+                                                                  02-11-2005

            MODE OF DECAY: BETA MINUS
 
                                              MEAN
                                              NUMBER/                  MEV/
                                         ID   TRANSFOR-   ENERGY       TRANSFOR-
                  TYPE OF RADIATION      NO.  MATION      (MEV)        MATION

           BETA MINUS                     2   1.00E+00    3.150E-01*   3.15E-01
           GAMMA-RAY                      1   1.20E-08    7.421E-01    8.91E-09
 
           ALL LISTED X-RAYS, GAMMA-RAYS AND ANNIHILATION RADIATION    8.91E-09
           ALL NEGLECTED X-RAYS, GAMMA-RAYS AND ANNIH. RADIATION**     1.61E-12
           ALL LISTED BETAS, INTERNAL CONVERSION AND AUGER ELECTRONS   3.15E-01
           ALL NEGLECTED BETAS, INT. CONVERSION AND AUGER ELECTRONS**  7.82E-10
           ALL LISTED RADIATIONS                                       3.15E-01
           ALL NEGLECTED RADIATIONS**                                  7.84E-10
 
           *  AVERAGE ENERGY (MEV)
           ** EACH NEGLECTED TRANSITION CONTRIBUTES LESS THAN  0.100%
              TO THE TOTAL MEV/TRANSFORMATION FOR THIS CATEGORY.
           TOTAL FEEDING OF GROUND STATE LEVEL IN 143-NEODYMIUM
             DAUGHTER IS 1.0000E+00 PER TRANSFORMATION OF 143-PRASEODYMIUM.
             THIS DAUGHTER GROUND STATE IS STABLE.
           - - - - - - - - - -
           INPUT DATA SOURCE: EVALUATED NUCLEAR STRUCTURE DATA FILE (ENSDF)
             DATE INPUT DATA WERE ENTERED INTO ENSDF: Jan-2002
%%%% 143 PR  59    B-           1.17245E+06 13.57 D    02-11-2005       OUTPEND 
%%%% 143 PR  59    B-           1.17245E+06 13.57 D    02-11-2005       BETASTAR
1
              143-PRASEODYMIUM-59
+                                    HALFLIFE = 13.57 DAYS    
+                                                                  02-11-2005

            BETA SPECTRUM DATA FOR ALL DECAY BRANCHES

                      BETAS PER                BETAS PER                BETAS PER
            ENERGY    MEV            ENERGY    MEV            ENERGY    MEV
            (MEV)     PER DECAY      (MEV)     PER DECAY      (MEV)     PER DECAY

            0.00000   1.611E+00      0.00220   1.610E+00      0.05500   1.675E+00
            0.00010   1.611E+00      0.00240   1.610E+00      0.06000   1.681E+00
            0.00011   1.611E+00      0.00260   1.610E+00      0.06500   1.687E+00
            0.00012   1.611E+00      0.00280   1.610E+00      0.07000   1.692E+00
            0.00013   1.611E+00      0.00300   1.610E+00      0.07500   1.698E+00
            0.00014   1.611E+00      0.00320   1.610E+00      0.08000   1.703E+00
            0.00015   1.611E+00      0.00360   1.610E+00      0.08500   1.708E+00
            0.00016   1.611E+00      0.00400   1.610E+00      0.09000   1.713E+00
            0.00018   1.611E+00      0.00450   1.610E+00      0.10000   1.721E+00
            0.00020   1.611E+00      0.00500   1.610E+00      0.11000   1.729E+00
            0.00022   1.611E+00      0.00550   1.609E+00      0.12000   1.736E+00
            0.00024   1.611E+00      0.00600   1.609E+00      0.13000   1.741E+00
            0.00026   1.611E+00      0.00650   1.609E+00      0.14000   1.746E+00
            0.00028   1.611E+00      0.00700   1.609E+00      0.15000   1.749E+00
            0.00030   1.611E+00      0.00750   1.609E+00      0.16000   1.751E+00
            0.00032   1.611E+00      0.00800   1.609E+00      0.18000   1.752E+00
            0.00036   1.611E+00      0.00850   1.608E+00      0.20000   1.747E+00
            0.00040   1.611E+00      0.00900   1.608E+00      0.22000   1.738E+00
            0.00045   1.611E+00      0.01000   1.608E+00      0.24000   1.724E+00
            0.00050   1.611E+00      0.01100   1.610E+00      0.26000   1.705E+00
            0.00055   1.611E+00      0.01200   1.612E+00      0.28000   1.682E+00
            0.00060   1.611E+00      0.01300   1.613E+00      0.30000   1.653E+00
            0.00065   1.611E+00      0.01400   1.615E+00      0.32000   1.621E+00
            0.00070   1.611E+00      0.01500   1.617E+00      0.36000   1.542E+00
            0.00075   1.611E+00      0.01600   1.618E+00      0.40000   1.447E+00
            0.00080   1.611E+00      0.01800   1.622E+00      0.45000   1.309E+00
            0.00085   1.611E+00      0.02000   1.625E+00      0.50000   1.154E+00
            0.00090   1.611E+00      0.02200   1.628E+00      0.55000   9.851E-01
            0.00100   1.611E+00      0.02400   1.631E+00      0.60000   8.096E-01
            0.00110   1.611E+00      0.02600   1.634E+00      0.65000   6.335E-01
            0.00120   1.611E+00      0.02800   1.637E+00      0.70000   4.638E-01
            0.00130   1.611E+00      0.03000   1.641E+00      0.75000   3.082E-01
            0.00140   1.611E+00      0.03200   1.643E+00      0.80000   1.752E-01
            0.00150   1.610E+00      0.03600   1.649E+00      0.85000   7.354E-02
            0.00160   1.610E+00      0.04000   1.655E+00      0.90000   1.281E-02
            0.00180   1.610E+00      0.04500   1.662E+00      0.93390   0.000E+00
            0.00200   1.610E+00      0.05000   1.668E+00

            AVERAGE BETA ENERGY =   3.150E-01

            TOTAL BETAS PER DECAY FOR ALL BRANCHES =   1.000E+00
%%%% 143 PR  59    B-           1.17245E+06 13.57 D    02-11-2005       BETAEND 
%%%% 143 PR  59    B-           1.17245E+06 13.57 D    02-11-2005       SEEISTAR
143.  PRASEODYMIUM 59.  1.357E+01 DAYS      77 B-                   143.PR 59.   0
 5 1  1.20000E-06  6.20335E-02  1.91800E-01  1.00000E+00            143.PR 59.   1   1
 5 2  1.00000E+02  3.15002E-01  9.33900E-01  0.00000E+00            143.PR 59.   2   2
 1 1  1.20000E-06  7.42100E-01  7.42100E-01  0.00000E+00            143.PR 59.   3   1
 6 1  4.44198E-09  6.98503E-01  6.98503E-01  1.00000E+00            143.PR 59.   4   1
 6 5  5.31847E-10  7.35007E-01  7.35007E-01  1.00000E+00            143.PR 59.   5   5
 6 6  7.63225E-11  7.35373E-01  7.35373E-01  1.00000E+00            143.PR 59.   6   6
 6 7  4.31889E-11  7.35899E-01  7.35899E-01  1.00000E+00            143.PR 59.   7   7
 6 3  1.38904E-10  7.40813E-01  7.40813E-01  1.00000E+00            143.PR 59.   8   3
 6 4  3.82186E-11  7.42100E-01  7.42100E-01  1.00000E+00            143.PR 59.   9   4
 2 1  1.17314E-09  3.68696E-02  3.68696E-02  0.00000E+00            143.PR 59.  10   1
 2 2  2.13643E-09  3.73962E-02  3.73962E-02  0.00000E+00            143.PR 59.  11   2
 2 3  2.11044E-10  4.22041E-02  4.22041E-02  0.00000E+00            143.PR 59.  12   3
 2 4  4.08389E-10  4.23100E-02  4.23100E-02  0.00000E+00            143.PR 59.  13   4
 2 5  2.73659E-12  4.25898E-02  4.25898E-02  0.00000E+00            143.PR 59.  14   5
 2 6  3.66074E-12  4.26126E-02  4.26126E-02  0.00000E+00            143.PR 59.  15   6
 2 7  4.53175E-11  4.33442E-02  4.33442E-02  0.00000E+00            143.PR 59.  16   7
 2 8  8.80716E-11  4.33673E-02  4.33673E-02  0.00000E+00            143.PR 59.  17   8
 2 9  5.89455E-13  4.34682E-02  4.34682E-02  0.00000E+00            143.PR 59.  18   9
 210  7.87301E-13  4.34723E-02  4.34723E-02  0.00000E+00            143.PR 59.  19  10
 211  8.50822E-12  4.35688E-02  4.35688E-02  0.00000E+00            143.PR 59.  20  11
 212  1.68370E-11  4.35720E-02  4.35720E-02  0.00000E+00            143.PR 59.  21  12
 221  1.37243E-14  3.65900E-04  3.65900E-04  0.00000E+00            143.PR 59.  22  21
 222  4.43298E-13  8.92600E-04  8.92600E-04  0.00000E+00            143.PR 59.  23  22
 223  1.36928E-11  5.70049E-03  5.70049E-03  0.00000E+00            143.PR 59.  24  23
 224  2.03988E-11  5.80619E-03  5.80619E-03  0.00000E+00            143.PR 59.  25  24
 225  2.55025E-13  6.08600E-03  6.08600E-03  0.00000E+00            143.PR 59.  26  25
 226  3.81316E-13  6.10898E-03  6.10898E-03  0.00000E+00            143.PR 59.  27  26
 227  3.17547E-12  6.84054E-03  6.84054E-03  0.00000E+00            143.PR 59.  28  27
 228  4.90280E-12  6.86358E-03  6.86358E-03  0.00000E+00            143.PR 59.  29  28
 229  3.41042E-14  6.96462E-03  6.96462E-03  0.00000E+00            143.PR 59.  30  29
 230  5.23089E-14  6.96868E-03  6.96868E-03  0.00000E+00            143.PR 59.  31  30
 231  4.58424E-13  7.06518E-03  7.06518E-03  0.00000E+00            143.PR 59.  32  31
 232  6.92868E-13  7.06842E-03  7.06842E-03  0.00000E+00            143.PR 59.  33  32
 241  3.82781E-16  5.26700E-04  5.26700E-04  0.00000E+00            143.PR 59.  34  41
 242  7.23529E-12  5.17559E-03  5.17559E-03  0.00000E+00            143.PR 59.  35  42
 243  1.26382E-13  5.44030E-03  5.44030E-03  0.00000E+00            143.PR 59.  36  43
 244  1.72194E-10  5.72010E-03  5.72010E-03  0.00000E+00            143.PR 59.  37  44
 245  1.25993E-12  6.41383E-03  6.41383E-03  0.00000E+00            143.PR 59.  38  45
 246  2.27903E-14  6.49767E-03  6.49767E-03  0.00000E+00            143.PR 59.  39  46
 247  2.91435E-11  6.59872E-03  6.59872E-03  0.00000E+00            143.PR 59.  40  47
 248  7.48511E-15  6.71907E-03  6.71907E-03  0.00000E+00            143.PR 59.  41  48
 249  1.97206E-13  6.68259E-03  6.68259E-03  0.00000E+00            143.PR 59.  42  49
 250  4.54181E-15  6.70252E-03  6.70252E-03  0.00000E+00            143.PR 59.  43  50
 261  2.51606E-11  4.64891E-03  4.64891E-03  0.00000E+00            143.PR 59.  44  61
 262  1.55050E-13  4.80789E-03  4.80789E-03  0.00000E+00            143.PR 59.  45  62
 263  1.43141E-13  4.91360E-03  4.91360E-03  0.00000E+00            143.PR 59.  46  63
 264  3.10888E-11  5.19339E-03  5.19339E-03  0.00000E+00            143.PR 59.  47  64
 265  2.75171E-10  5.21638E-03  5.21638E-03  0.00000E+00            143.PR 59.  48  65
 266  2.87036E-12  5.88711E-03  5.88711E-03  0.00000E+00            143.PR 59.  49  66
 267  2.00222E-14  5.94794E-03  5.94794E-03  0.00000E+00            143.PR 59.  50  67
 268  1.93221E-14  5.97098E-03  5.97098E-03  0.00000E+00            143.PR 59.  51  68
 269  5.07451E-12  6.07202E-03  6.07202E-03  0.00000E+00            143.PR 59.  52  69
 270  4.53675E-11  6.07609E-03  6.07609E-03  0.00000E+00            143.PR 59.  53  70
 271  2.12180E-15  6.19238E-03  6.19238E-03  0.00000E+00            143.PR 59.  54  71
 272  1.21415E-14  6.19286E-03  6.19286E-03  0.00000E+00            143.PR 59.  55  72
 273  5.02811E-13  6.15588E-03  6.15588E-03  0.00000E+00            143.PR 59.  56  73
 274  3.99988E-15  6.17258E-03  6.17258E-03  0.00000E+00            143.PR 59.  57  74
 275  3.52490E-15  6.17582E-03  6.17582E-03  0.00000E+00            143.PR 59.  58  75
 291  4.94102E-11  8.63528E-04  8.63528E-04  0.00000E+00            143.PR 59.  59  91
 292  1.30598E-12  1.33530E-04  1.33530E-04  0.00000E+00            143.PR 59.  60  92
 293  1.31562E-16  1.91922E-05  1.91922E-05  0.00000E+00            143.PR 59.  61  93
 294  5.56236E-08  1.51981E-05  1.51981E-05  0.00000E+00            143.PR 59.  62  94
 7 1  2.25748E-10  3.03768E-02  3.03768E-02  0.00000E+00            143.PR 59.  63   1
 7 2  1.08287E-10  3.58432E-02  3.58432E-02  0.00000E+00            143.PR 59.  64   2
 7 3  1.24437E-11  4.13123E-02  4.13123E-02  0.00000E+00            143.PR 59.  65   3
 7 4  6.47317E-10  4.40168E-04  4.40168E-04  0.00000E+00            143.PR 59.  66   4
 7 5  2.84519E-09  4.14428E-03  4.14428E-03  0.00000E+00            143.PR 59.  67   5
 7 6  9.56272E-10  5.09476E-03  5.09476E-03  0.00000E+00            143.PR 59.  68   6
 7 7  7.94124E-11  6.07853E-03  6.07853E-03  0.00000E+00            143.PR 59.  69   7
 7 8  3.22363E-09  1.51400E-04  1.51400E-04  0.00000E+00            143.PR 59.  70   8
 7 9  7.49056E-09  7.10584E-04  7.10584E-04  0.00000E+00            143.PR 59.  71   9
 710  5.14230E-10  8.73145E-04  8.73145E-04  0.00000E+00            143.PR 59.  72  10
 711  1.13307E-11  1.05590E-03  1.05590E-03  0.00000E+00            143.PR 59.  73  11
 712  2.10810E-08  9.39921E-05  9.39921E-05  0.00000E+00            143.PR 59.  74  12
 713  5.66523E-09  7.80758E-05  7.80758E-05  0.00000E+00            143.PR 59.  75  13
 714  5.56522E-09  1.36628E-05  1.36628E-05  0.00000E+00            143.PR 59.  76  14
 715  4.48322E-11  3.48800E-05  3.48800E-05  0.00000E+00            143.PR 59.  77  15
%%%% 143 PR  59    B-           1.17245E+06 13.57 D    02-11-2005       SEEIEND 
 


   ***************************************************** 
   *                 Radiation Summary                 * 
   ***************************************************** 
 
  Energy released by
    Gamma-ray                       (MeV) =   8.90520E-09
    X-ray                           (MeV) =   1.60129E-12
    Free-bound X-ray                (MeV) =   8.45371E-15
    Annihilation photon             (MeV) =   0.00000E+00
    Beta+ particle                  (MeV) =   0.00000E+00
    Neutrino                        (MeV) =   0.00000E+00
    Beta- particle                  (MeV) =   3.15002E-01
    Neutrino-                       (MeV) =   6.18898E-01
    Internal conv. electron         (MeV) =   3.71282E-11
    Auger and CK electron           (MeV) =   3.74568E-13
    Alpha particle                  (MeV) =   0.00000E+00
    Recoil nucleus                  (MeV) =   0.00000E+00
  E-total (except unplaced radiat.) (MeV) =   9.33900E-01
  E-unplaced radiation              (MeV) =   0.00000E+00
  Q-value from ENSDF data           (MeV) =   9.33900E-01
  Ratio of E-total/Q-value          ( % ) =   1.00000E+02
  Ratio of E-unplaced radi./Q-value ( % ) =   0.00000E+00

 
  Total yield of
    Gamma-ray                             =   1.20000E-08
    X-ray                                 =   4.78651E-11
    Free-bound X-ray                      =   5.56236E-10
    Annihilation photon                   =   0.00000E+00
    Beta+ particle                        =   0.00000E+00
    Beta- particle                        =   1.00000E+00
    Internal conv. electron               =   5.27046E-11
    Auger and CK electron                 =   4.84707E-10
    Alpha particle                        =   0.00000E+00
  Yield of unplaced radiation             =   0.00000E+00


