%%%% 195 PT  78 M  IT           3.47328E+05 4.02 D     02-11-2005       BALASTAR
1 195M  PT  78 4.02 D          IT         
1INTENSITY AND ENERGY BALANCE DATA

              195M-PLATINUM-78
+                                    HALFLIFE = 4.02 DAYS    
+                                                                  02-11-2005


    LEVEL       INTENSITY   INTENSITY
    ENERGY      ENTERING    LEAVING     PERCENT
    (MEV)       LEVEL       LEVEL       ERROR

   0.0000E+00  1.0145E+02
   9.8900E-02  9.2562E+01  9.3525E+01  1.0353E+00                      
   1.2979E-01  1.0021E+02  1.0024E+02  3.7156E-02                      
   2.1135E-01  6.8400E-02  6.8867E-02  6.7995E-01                      
   2.3950E-01  2.4054E-01  2.4170E-01  4.8043E-01                      
   2.5929E-01  1.0045E+02  1.0045E+02  0.0000E+00                      


 INTENSITY TO GROUND AND ISOMERIC STATE(S) OF DAUGHTER(S)=  1.014E+02
 TOTAL INTENSITY FROM PARENT=  1.004E+02
 PERCENT ERROR =  9.878E-01                      


 TOTAL INTENSITY FROM PARENT =  1.004E+02
 VALUE IS WITHIN   4.47E-01% OF 100                      


 TOTAL ENERGY AVAILABLE =  2.604E-01 MEV
 TOTAL ENERGY CONTENT OF ALL RADIATIONS =  2.615E-01 MEV
 PERCENT ERROR =  3.843E-01                      
%%%% 195 PT  78 M  IT           3.47328E+05 4.02 D     02-11-2005       BALAEND 
%%%% 195 PT  78 M  IT           3.47328E+05 4.02 D     02-11-2005       INPUSTAR
1                                      **INPUT DATA**
              195M-PLATINUM-78
+                                    HALFLIFE = 4.02 DAYS    
+                                                                  02-11-2005

            MODE OF DECAY: ISOMERIC LEVEL
 
                                MEAN
                                NUMBER/    TRANSITION
                TYPE OF    ID   TRANSFOR-  ENERGY
              TRANSITION   NO.  MATION     (MEV)       OTHER NUCLEAR PARAMETERS

           I.C.E. + GAMMA   1   2.41E-03   1.980E-02   M4 MULTIPOLE                             
+                                                                    AK= 0.0                    
                                                       AL1=6.96E+06  AL2=1.93E+05               
                                                       AL3=3.85E+08  AM= 2.35E+08               
                                                       AN+=7.56E+07                             
           I.C.E. + GAMMA   2   6.84E-04   2.810E-02   M1 MULTIPOLE                             
+                                                                    AK= 0.0                    
                                                       AL1=35.9      AL2=3.50                   
                                                       AL3=0.390     AM= 9.21                   
                                                       AN+=2.84                                 
           I.C.E. + GAMMA   3   9.25E-01   3.089E-02   M1+E2 MULTIPOLE                          
                                                       MRS=0.000441  AK= 0.0                    
                                                       AL1=27.1      AL2=2.83                   
                                                       AL3=0.513     AM= 7.07                   
                                                       AN+=2.18                                 
           I.C.E. + GAMMA   4   9.35E-01   9.890E-02   M1+E2 MULTIPOLE                          
                                                       MRS=0.0169    AK= 5.86                   
                                                       AL1=0.882     AL2=0.113                  
                                                       AL3=0.0335    AM= 0.240                  
                                                       AN+=0.0736                               
           I.C.E. + GAMMA   5   1.00E+00   1.295E-01   M4 MULTIPOLE                             
+                                                                    AK= 155.                   
                                                       AL1=207.      AL2=45.7                   
                                                       AL3=474.      AM= 231.                   
                                                       AN+=71.1                                 
           I.C.E. + GAMMA   6   7.79E-02   1.298E-01   E2 MULTIPOLE                             
+                                                                    AK= 0.465                  
                                                       AL1=0.0570    AL2=0.513                  
                                                       AL3=0.397     AM= 0.250                  
                                                       AN+=0.0731                               
           I.C.E. + GAMMA   7   1.08E-03   1.406E-01   M1+E2 MULTIPOLE                          
                                                       MRS=0.0289    AK= 2.12                   
                                                       AL1=0.318     AL2=0.0397                 
                                                       AL3=0.0105    AM= 0.0860                 
                                                       AN+=0.0263                               
           I.C.E. + GAMMA   8   6.89E-04   2.114E-01   M1+E2 MULTIPOLE                          
                                                       MRS=0.144     AK= 0.623                  
                                                       AL1=0.0925    AL2=0.0158                 
                                                       AL3=0.00551   AM= 0.0268                 
                                                       AN+=0.00816                              
           I.C.E. + GAMMA   9   6.53E-04   2.395E-01   E2 MULTIPOLE                             
+                                                                    AK= 0.108                  
                                                       AL1=0.0138    AL2=0.0348                 
                                                       AL3=0.0206    AM= 0.0176                 
                                                       AN+=0.00519                              
 
           - - - - - - - - - -
           Reference: Evaluated Nuclear Structure Data File (ENSDF)
                DATE DATA WERE ENTERED INTO ENSDF: May-1999
%%%% 195 PT  78 M  IT           3.47328E+05 4.02 D     02-11-2005       INPUEND 
%%%% 195 PT  78 M  IT           3.47328E+05 4.02 D     02-11-2005       OUTPSTAR
1                                      **OUTPUT DATA**
              195M-PLATINUM-78
+                                    HALFLIFE = 4.02 DAYS    
+                                                                  02-11-2005

            MODE OF DECAY: ISOMERIC LEVEL
 
                                              MEAN
                                              NUMBER/                  MEV/
                                         ID   TRANSFOR-   ENERGY       TRANSFOR-
                  TYPE OF RADIATION      NO.  MATION      (MEV)        MATION

           GAMMA-RAY                      3   2.27E-02    3.089E-02    7.02E-04
           L1 CONV. ELECTRON, GAMMA-RAY   3   6.16E-01    1.703E-02    1.05E-02
           L2 CONV. ELECTRON, GAMMA-RAY   3   6.43E-02    1.758E-02    1.13E-03
           L3 CONV. ELECTRON, GAMMA-RAY   3   1.17E-02    1.932E-02    2.25E-04
           M CONV. ELECTRON, GAMMA-RAY    3   1.61E-01    2.825E-02*   4.54E-03
           N+ CONV. ELECTRON, GAMMA-RAY   3   4.95E-02    3.089E-02*   1.53E-03
           GAMMA-RAY                      4   1.14E-01    9.890E-02    1.13E-02
           K CONV. ELECTRON, GAMMA-RAY    4   6.68E-01    2.029E-02    1.36E-02
           L1 CONV. ELECTRON, GAMMA-RAY   4   1.01E-01    8.504E-02    8.55E-03
           L2 CONV. ELECTRON, GAMMA-RAY   4   1.28E-02    8.559E-02    1.10E-03
           L3 CONV. ELECTRON, GAMMA-RAY   4   3.82E-03    8.733E-02    3.34E-04
           M CONV. ELECTRON, GAMMA-RAY    4   2.74E-02    9.626E-02*   2.63E-03
           N+ CONV. ELECTRON, GAMMA-RAY   4   8.39E-03    9.890E-02*   8.30E-04
           GAMMA-RAY                      5   8.46E-04    1.295E-01    1.10E-04
           K CONV. ELECTRON, GAMMA-RAY    5   1.31E-01    5.088E-02    6.67E-03
           L1 CONV. ELECTRON, GAMMA-RAY   5   1.75E-01    1.156E-01    2.02E-02
           L2 CONV. ELECTRON, GAMMA-RAY   5   3.86E-02    1.162E-01    4.49E-03
           L3 CONV. ELECTRON, GAMMA-RAY   5   4.01E-01    1.179E-01    4.73E-02
           M CONV. ELECTRON, GAMMA-RAY    5   1.96E-01    1.269E-01*   2.48E-02
           N+ CONV. ELECTRON, GAMMA-RAY   5   6.02E-02    1.295E-01*   7.79E-03
           GAMMA-RAY                      6   2.83E-02    1.298E-01    3.67E-03
           K CONV. ELECTRON, GAMMA-RAY    6   1.31E-02    5.117E-02    6.73E-04
           L1 CONV. ELECTRON, GAMMA-RAY   6   1.61E-03    1.159E-01    1.87E-04
           L2 CONV. ELECTRON, GAMMA-RAY   6   1.45E-02    1.165E-01    1.69E-03
           L3 CONV. ELECTRON, GAMMA-RAY   6   1.12E-02    1.182E-01    1.33E-03
           M CONV. ELECTRON, GAMMA-RAY    6   7.06E-03    1.272E-01*   8.98E-04
           N+ CONV. ELECTRON, GAMMA-RAY   6   2.07E-03    1.298E-01*   2.68E-04
           GAMMA-RAY                      8   3.89E-04    2.114E-01    8.22E-05
           GAMMA-RAY                      9   5.44E-04    2.395E-01    1.30E-04
           K -L2 X-RAY                        2.27E-01    6.530E-02    1.48E-02
           K -L3 X-RAY                        3.88E-01    6.705E-02    2.60E-02
           K -M2 X-RAY                        4.25E-02    7.559E-02    3.22E-03
           K -M3 X-RAY                        8.23E-02    7.598E-02    6.25E-03
           K -M4 X-RAY                        1.04E-03    7.640E-02    7.92E-05
           K -M5 X-RAY                        1.28E-03    7.649E-02    9.80E-05
           K -N2 X-RAY                        9.91E-03    7.801E-02    7.73E-04
           K -N3 X-RAY                        1.93E-02    7.810E-02    1.51E-03
           K -O2 X-RAY                        2.28E-03    7.854E-02    1.79E-04
           K -O3 X-RAY                        4.53E-03    7.856E-02    3.56E-04
           L1-M2 X-RAY                        2.41E-02    1.084E-02    2.61E-04
           L1-M3 X-RAY                        2.83E-02    1.123E-02    3.18E-04
           L1-N2 X-RAY                        6.07E-03    1.326E-02    8.04E-05
           L1-N3 X-RAY                        7.64E-03    1.335E-02    1.02E-04
           L2-M4 X-RAY                        1.22E-01    1.110E-02    1.35E-03
           L2-N4 X-RAY                        2.38E-02    1.298E-02    3.09E-04
           L3-M1 X-RAY                        2.18E-02    8.294E-03    1.81E-04
           L3-M4 X-RAY                        3.78E-02    9.355E-03    3.53E-04
           L3-M5 X-RAY                        3.33E-01    9.438E-03    3.14E-03
           L3-N5 X-RAY                        6.16E-02    1.125E-02    6.93E-04
           M X-RAY                            1.11E-01    2.068E-03*   2.30E-04
           Free-Bound X-RAY                   3.95E+01    1.014E-05*   4.01E-04
           AUGER KLL                          2.12E-02    5.278E-02*   1.12E-03
           AUGER KLX                          1.14E-02    6.329E-02*   7.20E-04
           CK LLX                             7.64E-01    5.950E-04*   4.54E-04
           AUGER LMM                          9.82E-01    7.202E-03*   7.07E-03
           AUGER LMX                          4.05E-01    9.253E-03*   3.74E-03
           AUGER LXY                          4.07E-02    1.133E-02*   4.61E-04
           CK MMX                             1.33E+00    4.050E-04*   5.40E-04
           AUGER MNN                          3.51E+00    1.694E-03*   5.94E-03
           AUGER MNX                          3.33E-01    1.904E-03*   6.34E-04
           CK NNX                             7.13E+00    1.710E-04*   1.22E-03
           AUGER NXY                          1.36E+01    5.607E-05*   7.60E-04
           CK OOX                             8.45E+00    3.748E-05*   3.17E-04
 
           ALL LISTED X-RAYS, GAMMA-RAYS AND ANNIHILATION RADIATION    7.67E-02
           ALL NEGLECTED X-RAYS, GAMMA-RAYS AND ANNIH. RADIATION**     4.33E-04
           ALL LISTED BETAS, INTERNAL CONVERSION AND AUGER ELECTRONS   1.84E-01
           ALL NEGLECTED BETAS, INT. CONVERSION AND AUGER ELECTRONS**  3.09E-04
           ALL LISTED RADIATIONS                                       2.61E-01
           ALL NEGLECTED RADIATIONS**                                  7.42E-04
 
           *  AVERAGE ENERGY (MEV)
           ** EACH NEGLECTED TRANSITION CONTRIBUTES LESS THAN  0.100%
              TO THE TOTAL MEV/TRANSFORMATION FOR THIS CATEGORY.
           TOTAL FEEDING OF GROUND STATE LEVEL IN 195-PLATINUM
             DAUGHTER IS 1.0000E+00  PER TRANSFORMATION OF 195M-PLATINUM.
             THIS DAUGHTER GROUND STATE IS STABLE.
           - - - - - - - - - -
           INPUT DATA SOURCE: EVALUATED NUCLEAR STRUCTURE DATA FILE (ENSDF)
             DATE INPUT DATA WERE ENTERED INTO ENSDF: May-1999
%%%% 195 PT  78 M  IT           3.47328E+05 4.02 D     02-11-2005       OUTPEND 
%%%% 195 PT  78 M  IT           3.47328E+05 4.02 D     02-11-2005       SEEISTAR
195.M PLATINUM     78.  4.020E+00 DAYS     136 IT                   195.PT 78.   0
 1 1  3.42305E-10  1.98000E-02  1.98000E-02  0.00000E+00            195.PT 78.   1   1
 6 5  2.38371E-03  5.93800E-03  5.93800E-03  1.00000E+00            195.PT 78.   2   5
 6 6  6.61137E-05  6.48700E-03  6.48700E-03  1.00000E+00            195.PT 78.   3   6
 6 7  1.31914E-01  8.23300E-03  8.23300E-03  1.00000E+00            195.PT 78.   4   7
 6 3  8.02898E-02  1.71631E-02  1.71631E-02  1.00000E+00            195.PT 78.   5   3
 6 4  2.58868E-02  1.98000E-02  1.98000E-02  1.00000E+00            195.PT 78.   6   4
 1 2  1.29496E-03  2.81000E-02  2.81000E-02  0.00000E+00            195.PT 78.   7   2
 6 5  4.64615E-02  1.42380E-02  1.42380E-02  2.00000E+00            195.PT 78.   8   5
 6 6  4.52636E-03  1.47870E-02  1.47870E-02  2.00000E+00            195.PT 78.   9   6
 6 7  5.04928E-04  1.65330E-02  1.65330E-02  2.00000E+00            195.PT 78.  10   7
 6 3  1.19304E-02  2.54631E-02  2.54631E-02  2.00000E+00            195.PT 78.  11   3
 6 4  3.68190E-03  2.81000E-02  2.81000E-02  2.00000E+00            195.PT 78.  12   4
 1 3  2.27352E+00  3.08900E-02  3.08900E-02  0.00000E+00            195.PT 78.  13   3
 6 5  6.15713E+01  1.70280E-02  1.70280E-02  3.00000E+00            195.PT 78.  14   5
 6 6  6.42916E+00  1.75770E-02  1.75770E-02  3.00000E+00            195.PT 78.  15   6
 6 7  1.16588E+00  1.93230E-02  1.93230E-02  3.00000E+00            195.PT 78.  16   7
 6 3  1.60662E+01  2.82531E-02  2.82531E-02  3.00000E+00            195.PT 78.  17   3
 6 4  4.94793E+00  3.08900E-02  3.08900E-02  3.00000E+00            195.PT 78.  18   4
 1 4  1.14000E+01  9.89000E-02  9.89000E-02  0.00000E+00            195.PT 78.  19   4
 6 1  6.68299E+01  2.02850E-02  2.02850E-02  4.00000E+00            195.PT 78.  20   1
 6 5  1.00541E+01  8.50380E-02  8.50380E-02  4.00000E+00            195.PT 78.  21   5
 6 6  1.28432E+00  8.55870E-02  8.55870E-02  4.00000E+00            195.PT 78.  22   6
 6 7  3.82434E-01  8.73330E-02  8.73330E-02  4.00000E+00            195.PT 78.  23   7
 6 3  2.73567E+00  9.62631E-02  9.62631E-02  4.00000E+00            195.PT 78.  24   3
 6 4  8.38900E-01  9.89000E-02  9.89000E-02  4.00000E+00            195.PT 78.  25   4
 1 5  8.46313E-02  1.29500E-01  1.29500E-01  0.00000E+00            195.PT 78.  26   5
 6 1  1.31149E+01  5.08850E-02  5.08850E-02  5.00000E+00            195.PT 78.  27   1
 6 5  1.74961E+01  1.15638E-01  1.15638E-01  5.00000E+00            195.PT 78.  28   5
 6 6  3.86413E+00  1.16187E-01  1.16187E-01  5.00000E+00            195.PT 78.  29   6
 6 7  4.00772E+01  1.17933E-01  1.17933E-01  5.00000E+00            195.PT 78.  30   7
 6 3  1.95530E+01  1.26863E-01  1.26863E-01  5.00000E+00            195.PT 78.  31   3
 6 4  6.01602E+00  1.29500E-01  1.29500E-01  5.00000E+00            195.PT 78.  32   4
 1 6  2.82720E+00  1.29790E-01  1.29790E-01  0.00000E+00            195.PT 78.  33   6
 6 1  1.31495E+00  5.11750E-02  5.11750E-02  6.00000E+00            195.PT 78.  34   1
 6 5  1.61225E-01  1.15928E-01  1.15928E-01  6.00000E+00            195.PT 78.  35   5
 6 6  1.44932E+00  1.16477E-01  1.16477E-01  6.00000E+00            195.PT 78.  36   6
 6 7  1.12361E+00  1.18223E-01  1.18223E-01  6.00000E+00            195.PT 78.  37   7
 6 3  7.06348E-01  1.27153E-01  1.27153E-01  6.00000E+00            195.PT 78.  38   3
 6 4  2.06579E-01  1.29790E-01  1.29790E-01  6.00000E+00            195.PT 78.  39   4
 1 7  2.99820E-02  1.40600E-01  1.40600E-01  0.00000E+00            195.PT 78.  40   7
 6 1  6.36491E-02  6.19850E-02  6.19850E-02  7.00000E+00            195.PT 78.  41   1
 6 5  9.53677E-03  1.26738E-01  1.26738E-01  7.00000E+00            195.PT 78.  42   5
 6 6  1.19007E-03  1.27287E-01  1.27287E-01  7.00000E+00            195.PT 78.  43   6
 6 7  3.13594E-04  1.29033E-01  1.29033E-01  7.00000E+00            195.PT 78.  44   7
 6 3  2.57736E-03  1.37963E-01  1.37963E-01  7.00000E+00            195.PT 78.  45   3
 6 4  7.89168E-04  1.40600E-01  1.40600E-01  7.00000E+00            195.PT 78.  46   4
 1 8  3.88740E-02  2.11350E-01  2.11350E-01  0.00000E+00            195.PT 78.  47   8
 6 1  2.42116E-02  1.32735E-01  1.32735E-01  8.00000E+00            195.PT 78.  48   1
 6 5  3.59679E-03  1.97488E-01  1.97488E-01  8.00000E+00            195.PT 78.  49   5
 6 6  6.12913E-04  1.98037E-01  1.98037E-01  8.00000E+00            195.PT 78.  50   6
 6 7  2.14002E-04  1.99783E-01  1.99783E-01  8.00000E+00            195.PT 78.  51   7
 6 3  1.03997E-03  2.08713E-01  2.08713E-01  8.00000E+00            195.PT 78.  52   3
 6 4  3.17381E-04  2.11350E-01  2.11350E-01  8.00000E+00            195.PT 78.  53   4
 1 9  5.43780E-02  2.39500E-01  2.39500E-01  0.00000E+00            195.PT 78.  54   9
 6 1  5.87486E-03  1.60885E-01  1.60885E-01  9.00000E+00            195.PT 78.  55   1
 6 5  7.51641E-04  2.25638E-01  2.25638E-01  9.00000E+00            195.PT 78.  56   5
 6 6  1.89206E-03  2.26187E-01  2.26187E-01  9.00000E+00            195.PT 78.  57   6
 6 7  1.12244E-03  2.27933E-01  2.27933E-01  9.00000E+00            195.PT 78.  58   7
 6 3  9.59107E-04  2.36863E-01  2.36863E-01  9.00000E+00            195.PT 78.  59   3
 6 4  2.82238E-04  2.39500E-01  2.39500E-01  9.00000E+00            195.PT 78.  60   4
 2 1  2.27294E+01  6.53020E-02  6.53020E-02  0.00000E+00            195.PT 78.  61   1
 2 2  3.88349E+01  6.70480E-02  6.70480E-02  0.00000E+00            195.PT 78.  62   2
 2 3  4.25414E+00  7.55931E-02  7.55931E-02  0.00000E+00            195.PT 78.  63   3
 2 4  8.22646E+00  7.59780E-02  7.59780E-02  0.00000E+00            195.PT 78.  64   4
 2 5  1.03685E-01  7.64026E-02  7.64026E-02  0.00000E+00            195.PT 78.  65   5
 2 6  1.28156E-01  7.64858E-02  7.64858E-02  0.00000E+00            195.PT 78.  66   6
 2 7  9.91291E-01  7.80108E-02  7.80108E-02  0.00000E+00            195.PT 78.  67   7
 2 8  1.93393E+00  7.81028E-02  7.81028E-02  0.00000E+00            195.PT 78.  68   8
 2 9  2.63163E-02  7.82819E-02  7.82819E-02  0.00000E+00            195.PT 78.  69   9
 210  3.24210E-02  7.82990E-02  7.82990E-02  0.00000E+00            195.PT 78.  70  10
 211  2.27668E-01  7.85418E-02  7.85418E-02  0.00000E+00            195.PT 78.  71  11
 212  4.53278E-01  7.85572E-02  7.85572E-02  0.00000E+00            195.PT 78.  72  12
 213  2.10885E-03  7.86040E-02  7.86040E-02  0.00000E+00            195.PT 78.  73  13
 214  2.50561E-03  7.86055E-02  7.86055E-02  0.00000E+00            195.PT 78.  74  14
 221  1.00923E-03  5.49001E-04  5.49001E-04  0.00000E+00            195.PT 78.  75  21
 222  1.77553E-01  2.29500E-03  2.29500E-03  0.00000E+00            195.PT 78.  76  22
 223  2.41225E+00  1.08400E-02  1.08400E-02  0.00000E+00            195.PT 78.  77  23
 224  2.83217E+00  1.12251E-02  1.12251E-02  0.00000E+00            195.PT 78.  78  24
 225  7.82680E-02  1.16496E-02  1.16496E-02  0.00000E+00            195.PT 78.  79  25
 226  1.17196E-01  1.17330E-02  1.17330E-02  0.00000E+00            195.PT 78.  80  26
 227  6.06718E-01  1.32578E-02  1.32578E-02  0.00000E+00            195.PT 78.  81  27
 228  7.64398E-01  1.33500E-02  1.33500E-02  0.00000E+00            195.PT 78.  82  28
 229  1.15368E-02  1.35289E-02  1.35289E-02  0.00000E+00            195.PT 78.  83  29
 230  1.81326E-02  1.35461E-02  1.35461E-02  0.00000E+00            195.PT 78.  84  30
 231  1.05802E-01  1.37887E-02  1.37887E-02  0.00000E+00            195.PT 78.  85  31
 232  1.29274E-01  1.38043E-02  1.38043E-02  0.00000E+00            195.PT 78.  86  32
 233  8.45431E-04  1.38510E-02  1.38510E-02  0.00000E+00            195.PT 78.  87  33
 234  1.29695E-03  1.38525E-02  1.38525E-02  0.00000E+00            195.PT 78.  88  34
 241  2.61317E-04  1.74600E-03  1.74600E-03  0.00000E+00            195.PT 78.  89  41
 242  3.31455E-01  1.00398E-02  1.00398E-02  0.00000E+00            195.PT 78.  90  42
 243  1.21733E-02  1.06761E-02  1.06761E-02  0.00000E+00            195.PT 78.  91  43
 244  1.22056E+01  1.11006E-02  1.11006E-02  0.00000E+00            195.PT 78.  92  44
 245  8.32760E-02  1.26008E-02  1.26008E-02  0.00000E+00            195.PT 78.  93  45
 246  3.26355E-03  1.28010E-02  1.28010E-02  0.00000E+00            195.PT 78.  94  46
 247  2.38165E+00  1.29799E-02  1.29799E-02  0.00000E+00            195.PT 78.  95  47
 248  8.14261E-03  1.32275E-02  1.32275E-02  0.00000E+00            195.PT 78.  96  48
 249  1.66072E-02  1.32046E-02  1.32046E-02  0.00000E+00            195.PT 78.  97  49
 250  6.52431E-04  1.32552E-02  1.32552E-02  0.00000E+00            195.PT 78.  98  50
 251  1.85872E-01  1.33020E-02  1.33020E-02  0.00000E+00            195.PT 78.  99  51
 253  7.08846E-04  1.33049E-02  1.33049E-02  0.00000E+00            195.PT 78. 100  53
 261  2.17777E+00  8.29381E-03  8.29381E-03  0.00000E+00            195.PT 78. 101  61
 262  2.06490E-02  8.54499E-03  8.54499E-03  0.00000E+00            195.PT 78. 102  62
 263  1.86853E-02  8.93011E-03  8.93011E-03  0.00000E+00            195.PT 78. 103  63
 264  3.77735E+00  9.35459E-03  9.35459E-03  0.00000E+00            195.PT 78. 104  64
 265  3.32909E+01  9.43802E-03  9.43802E-03  0.00000E+00            195.PT 78. 105  65
 266  4.46843E-01  1.08548E-02  1.08548E-02  0.00000E+00            195.PT 78. 106  66
 267  4.56408E-03  1.09628E-02  1.09628E-02  0.00000E+00            195.PT 78. 107  67
 268  4.57546E-03  1.10550E-02  1.10550E-02  0.00000E+00            195.PT 78. 108  68
 269  6.83673E-01  1.12339E-02  1.12339E-02  0.00000E+00            195.PT 78. 109  69
 270  6.15689E+00  1.12510E-02  1.12510E-02  0.00000E+00            195.PT 78. 110  70
 271  4.25592E-03  1.14815E-02  1.14815E-02  0.00000E+00            195.PT 78. 111  71
 272  2.38552E-02  1.14851E-02  1.14851E-02  0.00000E+00            195.PT 78. 112  72
 273  9.35159E-02  1.14586E-02  1.14586E-02  0.00000E+00            195.PT 78. 113  73
 274  9.57349E-04  1.14937E-02  1.14937E-02  0.00000E+00            195.PT 78. 114  74
 275  9.46800E-04  1.15093E-02  1.15093E-02  0.00000E+00            195.PT 78. 115  75
 276  5.25515E-02  1.15560E-02  1.15560E-02  0.00000E+00            195.PT 78. 116  76
 277  4.53809E-01  1.15575E-02  1.15575E-02  0.00000E+00            195.PT 78. 117  77
 280  3.77919E-03  1.15589E-02  1.15589E-02  0.00000E+00            195.PT 78. 118  80
 291  1.11177E+01  2.06757E-03  2.06757E-03  0.00000E+00            195.PT 78. 119  91
 292  2.38042E-01  2.87613E-04  2.87613E-04  0.00000E+00            195.PT 78. 120  92
 293  8.19169E-04  5.09026E-05  5.09026E-05  0.00000E+00            195.PT 78. 121  93
 294  3.95056E+03  1.01393E-05  1.01393E-05  0.00000E+00            195.PT 78. 122  94
 7 1  2.12326E+00  5.27836E-02  5.27836E-02  0.00000E+00            195.PT 78. 123   1
 7 2  1.13725E+00  6.32891E-02  6.32891E-02  0.00000E+00            195.PT 78. 124   2
 7 3  1.46600E-01  7.38054E-02  7.38054E-02  0.00000E+00            195.PT 78. 125   3
 7 4  7.63831E+01  5.95018E-04  5.95018E-04  0.00000E+00            195.PT 78. 126   4
 7 5  9.81674E+01  7.20238E-03  7.20238E-03  0.00000E+00            195.PT 78. 127   5
 7 6  4.04523E+01  9.25254E-03  9.25254E-03  0.00000E+00            195.PT 78. 128   6
 7 7  4.06941E+00  1.13340E-02  1.13340E-02  0.00000E+00            195.PT 78. 129   7
 7 8  1.33343E+02  4.04964E-04  4.04964E-04  0.00000E+00            195.PT 78. 130   8
 7 9  3.50620E+02  1.69365E-03  1.69365E-03  0.00000E+00            195.PT 78. 131   9
 710  3.33197E+01  1.90356E-03  1.90356E-03  0.00000E+00            195.PT 78. 132  10
 711  1.64513E+00  2.22628E-03  2.22628E-03  0.00000E+00            195.PT 78. 133  11
 712  7.12872E+02  1.71031E-04  1.71031E-04  0.00000E+00            195.PT 78. 134  12
 713  1.35638E+03  5.60684E-05  5.60684E-05  0.00000E+00            195.PT 78. 135  13
 714  8.44537E+02  3.74776E-05  3.74776E-05  0.00000E+00            195.PT 78. 136  14
%%%% 195 PT  78 M  IT           3.47328E+05 4.02 D     02-11-2005       SEEIEND 
 


   ***************************************************** 
   *                 Radiation Summary                 * 
   ***************************************************** 
 
  Energy released by
    Gamma-ray                       (MeV) =   1.60108E-02
    X-ray                           (MeV) =   6.07579E-02
    Free-bound X-ray                (MeV) =   4.00557E-04
    Annihilation photon             (MeV) =   0.00000E+00
    Beta+ particle                  (MeV) =   0.00000E+00
    Neutrino                        (MeV) =   0.00000E+00
    Beta- particle                  (MeV) =   0.00000E+00
    Neutrino-                       (MeV) =   0.00000E+00
    Internal conv. electron         (MeV) =   1.61372E-01
    Auger and CK electron           (MeV) =   2.31231E-02
    Alpha particle                  (MeV) =   0.00000E+00
    Recoil nucleus                  (MeV) =   0.00000E+00
  E-total (except unplaced radiat.) (MeV) =   2.61665E-01
  E-unplaced radiation              (MeV) =   0.00000E+00
  Q-value from ENSDF data           (MeV) =   2.59290E-01
  Ratio of E-total/Q-value          ( % ) =   1.00916E+02
  Ratio of E-unplaced radi./Q-value ( % ) =   0.00000E+00

 
  Total yield of
    Gamma-ray                             =   1.67099E-01
    X-ray                                 =   1.59005E+00
    Free-bound X-ray                      =   3.95056E+01
    Annihilation photon                   =   0.00000E+00
    Beta+ particle                        =   0.00000E+00
    Beta- particle                        =   0.00000E+00
    Internal conv. electron               =   2.77816E+00
    Auger and CK electron                 =   3.65519E+01
    Alpha particle                        =   0.00000E+00
  Yield of unplaced radiation             =   0.00000E+00


