%%%% 238 PU  94    A  SF        2.76760E+09 87.7 Y     02-11-2005       BALASTAR
1 238   PU  94 87.7 Y          A  SF      
1INTENSITY AND ENERGY BALANCE DATA

              238-PLUTONIUM-94
+                                    HALFLIFE = 87.7 YEARS   
+                                                                  02-11-2005


    LEVEL       INTENSITY   INTENSITY
    ENERGY      ENTERING    LEAVING     PERCENT
    (MEV)       LEVEL       LEVEL       ERROR

   0.0000E+00  9.9829E+01
   4.3498E-02  2.9089E+01  2.8918E+01  5.9036E-01                      
   1.4335E-01  1.0799E-01  1.0832E-01  3.0482E-01                      
   2.9607E-01  3.0069E-03  2.9838E-03  7.6949E-01                      
   4.9704E-01  6.8001E-06  6.8106E-06  1.5401E-01                      
   7.8629E-01  2.2161E-05  8.5025E-06  8.9084E+01  ********************
   8.0988E-01  5.0001E-05  2.2426E-05  7.6146E+01  ********************
   8.4930E-01  1.1344E-07  1.1371E-07  2.3684E-01                      
   8.5170E-01  4.2013E-06  5.9284E-06  3.4099E+01  ********************
   9.2674E-01  1.2015E-05  1.3931E-06  1.5844E+02  ********************
   9.4780E-01  2.5000E-07  2.5429E-07  1.7000E+00                      
   9.8945E-01  1.3000E-07  1.3494E-07  3.7284E+00                      
   1.0238E+00  0.0000E+00  1.6076E-07  2.0000E+02  ********************
   1.0445E+00  1.2000E-06  1.0921E-06  9.4168E+00                      
   1.0854E+00  1.1000E-06  8.5800E-07  2.4721E+01  ********************


 SPONTANEOUS FISSION PERCENT INTENSITY =  1.850E-07



 INTENSITY TO GROUND AND ISOMERIC STATE(S) OF DAUGHTER(S)=  9.983E+01
 TOTAL INTENSITY FROM PARENT=  1.000E+02
 PERCENT ERROR =  1.713E-01                      


 TOTAL INTENSITY FROM PARENT =  1.000E+02
 VALUE IS WITHIN   1.53E-05% OF 100                      


 TOTAL ENERGY AVAILABLE =  5.593E+00 MEV
 TOTAL ENERGY CONTENT OF ALL RADIATIONS =  5.593E+00 MEV
 PERCENT ERROR =  1.339E-03                      
%%%% 238 PU  94    A  SF        2.76760E+09 87.7 Y     02-11-2005       BALAEND 
%%%% 238 PU  94    A  SF        2.76760E+09 87.7 Y     02-11-2005       INPUSTAR
1                                      **INPUT DATA**
              238-PLUTONIUM-94
+                                    HALFLIFE = 87.7 YEARS   
+                                                                  02-11-2005

            MODES OF DECAY: ALPHA, SPONT. FISSION
 
                                MEAN
                                NUMBER/    TRANSITION
                TYPE OF    ID   TRANSFOR-  ENERGY
              TRANSITION   NO.  MATION     (MEV)       OTHER NUCLEAR PARAMETERS

                    ALPHA   1   1.10E-08   4.508E+00                                            
                    ALPHA   2   1.20E-08   4.549E+00                                            
                    ALPHA   3   0.00E+00   4.569E+00                                            
                    ALPHA   4   1.30E-09   4.604E+00                                            
                    ALPHA   5   2.50E-09   4.645E+00                                            
                    ALPHA   6   2.00E-07   4.657E+00                                            
                    ALPHA   7   1.20E-07   4.666E+00                                            
                    ALPHA   8   4.20E-08   4.741E+00                                            
                    ALPHA   9   9.00E-10   4.744E+00                                            
                    ALPHA  10   5.00E-07   4.783E+00                                            
                    ALPHA  11   2.20E-07   4.807E+00                                            
                    ALPHA  12   6.80E-08   5.096E+00                                            
                    ALPHA  13   3.00E-05   5.297E+00                                            
                    ALPHA  14   1.05E-03   5.450E+00                                            
                    ALPHA  15   2.90E-01   5.550E+00                                            
                    ALPHA  16   7.09E-01   5.593E+00                                            
           I.C.E. + GAMMA   1   2.89E-01   4.350E-02   E2 MULTIPOLE                             
+                                                                    AK= 0.0                    
                                                       AL1=9.43      AL2=277.                   
                                                       AL3=246.      AM= 147.                   
                                                       AN+=51.7                                 
           I.C.E. + GAMMA   2   1.43E-10   6.270E-02   E1 MULTIPOLE                             
+                                                                    AK= 0.0                    
                                                       AL1=0.120     AL2=0.102                  
                                                       AL3=0.102     AM= 0.0807                 
                                                       AN+=0.0278                               
           I.C.E. + GAMMA   3   1.08E-03   9.985E-02   E2 MULTIPOLE                             
+                                                                    AK= 0.0                    
                                                       AL1=0.286     AL2=5.76                   
                                                       AL3=3.93      AM= 2.79                   
                                                       AN+=0.979                                
           I.C.E. + GAMMA   4   1.28E-10   1.401E-01   M1+E2 MULTIPOLE                          
                                                       MRS=1.69      AK= 2.86                   
                                                       AL1=0.535     AL2=0.843                  
                                                       AL3=0.469     AM= 0.495                  
                                                       AN+=0.176                                
           I.C.E. + GAMMA   5   2.98E-05   1.527E-01   E2 MULTIPOLE                             
+                                                                    AK= 0.217                  
                                                       AL1=0.0783    AL2=0.863                  
                                                       AL3=0.488     AM= 0.397                  
                                                       AN+=0.140                                
           I.C.E. + GAMMA   6   1.22E-11   1.929E-01   E2 MULTIPOLE                             
+                                                                    AK= 0.164                  
                                                       AL1=0.0430    AL2=0.313                  
                                                       AL3=0.158     AM= 0.142                  
                                                       AN+=0.0503                               
           I.C.E. + GAMMA   7   6.81E-08   2.010E-01   E2 MULTIPOLE                             
+                                                                    AK= 0.154                  
                                                       AL1=0.0389    AL2=0.263                  
                                                       AL3=0.129     AM= 0.119                  
                                                       AN+=0.0422                               
           I.C.E. + GAMMA   8   2.05E-10   2.031E-01   M1+E2 MULTIPOLE                          
                                                       MRS=1.96      AK= 0.964                  
                                                       AL1=0.175     AL2=0.183                  
                                                       AL3=0.0822    AM= 0.116                  
                                                       AN+=0.0412                               
           I.C.E. + GAMMA   9   5.00E-13   2.336E-01   M1 MULTIPOLE                             
+                                                                    AK= 1.74                   
                                                       AL1=0.298     AL2=0.0326                 
                                                       AL3=0.00148   AM= 0.0805                 
                                                       AN+=0.0289                               
           I.C.E. + GAMMA  10   1.00E-13   2.346E-01   E0 MULTIPOLE                             
                                                       K/L1/M/N+ =                              
                                                       100./19.1/4.63/1.67                      
           I.C.E. + GAMMA  11   1.07E-10   2.359E-01   E1 MULTIPOLE                             
+                                                                    AK= 0.0537                 
                                                       AL1=0.00699   AL2=0.00227                
                                                       AL3=0.00155   AM= 0.00263                
           I.C.E. + GAMMA  12   8.97E-10   2.583E-01   E1 MULTIPOLE                             
+                                                                    AK= 0.0438                 
                                                       AL1=0.00577   AL2=0.00176                
                                                       AL3=0.00117   AM= 0.00211                
           I.C.E. + GAMMA  13   4.99E-10   2.992E-01   E1 MULTIPOLE                             
+                                                                    AK= 0.0317                 
                                                       AL1=0.00424   AL2=0.00117                
                                                       AM= 0.00149                              
           I.C.E. + GAMMA  14   5.34E-10   7.059E-01   E1 MULTIPOLE                             
+                                                                    AK= 0.00577                
           I.C.E. + GAMMA  15   4.19E-09   7.084E-01   E2 MULTIPOLE                             
+                                                                    AK= 0.0156                 
                                                       AL1=0.00267   AL2=0.00187                
                                                       AM= 0.00127                              
           I.C.E. + GAMMA  16   5.23E-08   7.428E-01   E1 MULTIPOLE                             
+                                                                    AK= 0.00526                
           I.C.E. + GAMMA  17   2.24E-07   7.664E-01   E2 MULTIPOLE                             
+                                                                    AK= 0.0136                 
                                                       AL1=0.00230   AL2=0.00142                
                                                       AM= 0.00102                              
           I.C.E. + GAMMA  18   2.44E-10   7.834E-01   E2 MULTIPOLE                             
+                                                                    AK= 0.0131                 
                                                       AL1=0.00221   AL2=0.00131                
           I.C.E. + GAMMA  19   3.27E-08   7.863E-01   E1 MULTIPOLE                             
+                                                                    AK= 0.00475                
           I.C.E. + GAMMA  20   1.88E-09   8.044E-01   M1+E2 MULTIPOLE                          
                                                       AK= 0.457     AL1=0.0769                 
                                                       AL2=0.00763   AM= 0.0205                 
                                                       AN+=0.00735                              
           I.C.E. + GAMMA  21   6.03E-10   8.056E-01   E1 MULTIPOLE                             
+                                                                    AK= 0.00455                
           I.C.E. + GAMMA  22   4.24E-08   8.083E-01   M1+E2 MULTIPOLE                          
                                                       AK= 3.45      AL1=0.580                  
                                                       AL2=0.0575    AL3=0.00249                
                                                       AM= 0.154     AN+=0.0554                 
           I.C.E. + GAMMA  23   7.70E-11   8.100E-01   E0 MULTIPOLE                             
                                                       K/L1/M/N+ =                              
                                                       100./18.5/4.47/1.61                      
           I.C.E. + GAMMA  24   1.27E-08   8.517E-01   E2 MULTIPOLE                             
+                                                                    AK= 0.0113                 
                                                       AL1=0.00189                              
           I.C.E. + GAMMA  25   1.61E-09   8.805E-01   E1 MULTIPOLE                             
+                                                                    AK= 0.00388                
           I.C.E. + GAMMA  26   7.81E-09   8.832E-01   E2 MULTIPOLE                             
+                                                                    AK= 0.0106                 
                                                       AL1=0.00176                              
           I.C.E. + GAMMA  27   6.59E-10   9.043E-01   E2 MULTIPOLE                             
+                                                                    AK= 0.0102                 
                                                       AL1=0.00169                              
           I.C.E. + GAMMA  28   5.88E-09   9.267E-01   E2 MULTIPOLE                             
+                                                                    AK= 0.00973                
                                                       AL1=0.00161                              
           I.C.E. + GAMMA  29   4.76E-09   9.419E-01   E2 MULTIPOLE                             
+                                                                    AK= 0.00946                
                                                       AL1=0.00156                              
           I.C.E. + GAMMA  30   8.74E-10   9.460E-01   E1 MULTIPOLE                             
+                                                                    AK= 0.00342                
           I.C.E. + GAMMA  31   1.00E-08   1.001E+00   E2 MULTIPOLE                             
+                                                                    AK= 0.00850                
                                                       AL1=0.00140                              
           I.C.E. + GAMMA  32   2.29E-09   1.042E+00   M1 MULTIPOLE                             
+                                                                    AK= 0.0311                 
                                                       AL1=0.00521   AM= 0.00138                
           I.C.E. + GAMMA  33   9.29E-10   1.085E+00   E2 MULTIPOLE                             
+                                                                    AK= 0.00738                
                                                       AL1=0.00120                              
           SPONT. FISSION       1.85E-09               NEUTRONS/FISSION = 2.22                  
 
           - - - - - - - - - -
           Reference: Evaluated Nuclear Structure Data File (ENSDF)
                DATE DATA WERE ENTERED INTO ENSDF: Dec-2003
%%%% 238 PU  94    A  SF        2.76760E+09 87.7 Y     02-11-2005       INPUEND 
%%%% 238 PU  94    A  SF        2.76760E+09 87.7 Y     02-11-2005       OUTPSTAR
1                                      **OUTPUT DATA**
              238-PLUTONIUM-94
+                                    HALFLIFE = 87.7 YEARS   
+                                                                  02-11-2005

            MODES OF DECAY: ALPHA, SPONT. FISSION
 
                                              MEAN
                                              NUMBER/                  MEV/
                                         ID   TRANSFOR-   ENERGY       TRANSFOR-
                  TYPE OF RADIATION      NO.  MATION      (MEV)        MATION

           ALPHA                         14   1.05E-03    5.358E+00    5.63E-03
           RECOIL ATOM                        1.05E-03    9.165E-02    9.62E-05
           ALPHA                         15   2.90E-01    5.456E+00    1.58E+00
           RECOIL ATOM                        2.90E-01    9.333E-02    2.70E-02
           ALPHA                         16   7.09E-01    5.499E+00    3.90E+00
           RECOIL ATOM                        7.09E-01    9.406E-02    6.67E-02
           GAMMA-RAY                      1   3.95E-04    4.350E-02    1.72E-05
           L1 CONV. ELECTRON, GAMMA-RAY   1   3.72E-03    2.173E-02    8.09E-05
           L2 CONV. ELECTRON, GAMMA-RAY   1   1.09E-01    2.245E-02    2.45E-03
           L3 CONV. ELECTRON, GAMMA-RAY   1   9.73E-02    2.632E-02    2.56E-03
           M CONV. ELECTRON, GAMMA-RAY    1   5.81E-02    3.921E-02*   2.28E-03
           N+ CONV. ELECTRON, GAMMA-RAY   1   2.04E-02    4.350E-02*   8.89E-04
           GAMMA-RAY                      3   7.35E-05    9.985E-02    7.34E-06
           L2 CONV. ELECTRON, GAMMA-RAY   3   4.23E-04    7.881E-02    3.34E-05
           L3 CONV. ELECTRON, GAMMA-RAY   3   2.89E-04    8.267E-02    2.39E-05
           M CONV. ELECTRON, GAMMA-RAY    3   2.05E-04    9.556E-02*   1.96E-05
           L1-M2 X-RAY                        2.01E-04    1.659E-02    3.34E-06
           L1-M3 X-RAY                        1.75E-04    1.748E-02    3.06E-06
           L2-M1 X-RAY                        1.11E-03    1.552E-02    1.72E-05
           L2-M4 X-RAY                        3.94E-02    1.731E-02    6.83E-04
           L2-N1 X-RAY                        3.01E-04    1.962E-02    5.91E-06
           L2-N4 X-RAY                        8.93E-03    2.027E-02    1.81E-04
           L2-O4 X-RAY                        1.73E-03    2.093E-02    3.62E-05
           L3-M1 X-RAY                        2.69E-03    1.166E-02    3.14E-05
           L3-M4 X-RAY                        4.38E-03    1.345E-02    5.90E-05
           L3-M5 X-RAY                        3.85E-02    1.363E-02    5.25E-04
           L3-N1 X-RAY                        6.79E-04    1.576E-02    1.07E-05
           L3-N4 X-RAY                        8.82E-04    1.640E-02    1.45E-05
           L3-N5 X-RAY                        8.08E-03    1.645E-02    1.33E-04
           L3-O1 X-RAY                        1.72E-04    1.686E-02    2.91E-06
           L3-O4 X-RAY                        1.67E-04    1.707E-02    2.85E-06
           L3-O5 X-RAY                        1.53E-03    1.708E-02    2.61E-05
           M X-RAY                            1.80E-02    3.259E-03    5.86E-05
           Free-Bound X-RAY                   2.94E+00    7.552E-05    2.22E-04
           CK LLX                             2.77E-02    1.192E-03*   3.30E-05
           AUGER LMM                          6.46E-02    1.026E-02*   6.63E-04
           AUGER LMX                          3.29E-02    1.359E-02*   4.46E-04
           AUGER LXY                          3.94E-03    1.695E-02*   6.68E-05
           CK MMX                             1.14E-01    5.382E-04*   6.14E-05
           AUGER MNN                          2.56E-01    2.443E-03*   6.26E-04
           AUGER MNX                          4.82E-02    2.916E-03*   1.41E-04
           CK NNX                             4.46E-01    1.924E-04*   8.58E-05
           AUGER NXY                          7.77E-01    1.862E-04*   1.45E-04
           CK OOX                             7.93E-01    7.219E-05*   5.72E-05
           SPONTANEOUS FISSION NEUTRON        4.11E-09    2.021E+00*   8.30E-09
           SPONTANEOUS FISSION FRAGMENT       3.70E-09    8.841E+01*   3.27E-07
           SPONT. FISSION PROMPT GAMMA        1.19E-08    9.549E-01*   1.14E-08
           SPONT. FISSION DELAYED GAMMA       8.81E-09    9.578E-01*   8.44E-09
           SPONTANEOUS FISSION BETA           8.81E-09    9.795E-01*   8.63E-09
 
           ALL LISTED X-RAYS, GAMMA-RAYS AND ANNIHILATION RADIATION    2.04E-03
           ALL NEGLECTED X-RAYS, GAMMA-RAYS AND ANNIH. RADIATION**     1.34E-05
           ALL LISTED BETAS, INTERNAL CONVERSION AND AUGER ELECTRONS   1.07E-02
           ALL NEGLECTED BETAS, INT. CONVERSION AND AUGER ELECTRONS**  2.23E-05
           ALL LISTED ALPHA PARTICLES AND  RECOIL NUCLEI               5.58E+00
           ALL NEGLECTED ALPHA PARTICLES AND  RECOIL NUCLEI**          1.65E-04
           ALL LISTED RADIATIONS                                       5.59E+00
           ALL NEGLECTED RADIATIONS**                                  2.00E-04
 
           *  AVERAGE ENERGY (MEV)
           ** EACH NEGLECTED TRANSITION CONTRIBUTES LESS THAN  0.100%
              TO THE TOTAL MEV/TRANSFORMATION FOR THIS CATEGORY.
           TOTAL FEEDING OF GROUND STATE LEVEL IN 234-URANIUM
             DAUGHTER IS 1.0000E+00 PER TRANSFORMATION OF 238-PLUTONIUM.
             DECAY OF THIS 245500 YEARS HALFLIFE LEVEL WILL CONTRIBUTE TO DOSE.
           SPON. FISSION BRANCHING IS 1.8500E-09 PER DECAY OF 238-PLUTONIUM.
           - - - - - - - - - -
           INPUT DATA SOURCE: EVALUATED NUCLEAR STRUCTURE DATA FILE (ENSDF)
             DATE INPUT DATA WERE ENTERED INTO ENSDF: Dec-2003
%%%% 238 PU  94    A  SF        2.76760E+09 87.7 Y     02-11-2005       OUTPEND 
%%%% 238 PU  94    A  SF        2.76760E+09 87.7 Y     02-11-2005       SEEISTAR
238.  PLUTONIUM    94.  8.770E+01 YEARS    329 A  SF                238.PU 94.   0
 8 1  1.10002E-06  4.43182E+00  7.58069E-02  0.00000E+00            238.PU 94.   1   1
 8 2  1.20002E-06  4.47201E+00  7.64942E-02  0.00000E+00            238.PU 94.   2   2
 8 4  1.30002E-07  4.52616E+00  7.74205E-02  0.00000E+00            238.PU 94.   3   4
 8 5  2.50005E-07  4.56711E+00  7.81210E-02  0.00000E+00            238.PU 94.   4   5
 8 6  2.00004E-05  4.57900E+00  7.83244E-02  0.00000E+00            238.PU 94.   5   6
 8 7  1.20002E-05  4.58781E+00  7.84752E-02  0.00000E+00            238.PU 94.   6   7
 8 8  4.20008E-06  4.66159E+00  7.97371E-02  0.00000E+00            238.PU 94.   7   8
 8 9  9.00017E-08  4.66395E+00  7.97775E-02  0.00000E+00            238.PU 94.   8   9
 810  5.00009E-05  4.70271E+00  8.04404E-02  0.00000E+00            238.PU 94.   9  10
 811  2.20004E-05  4.72590E+00  8.08372E-02  0.00000E+00            238.PU 94.  10  11
 812  6.80013E-06  5.01029E+00  8.57016E-02  0.00000E+00            238.PU 94.  11  12
 813  3.00006E-03  5.20788E+00  8.90814E-02  0.00000E+00            238.PU 94.  12  13
 814  1.05002E-01  5.35803E+00  9.16498E-02  0.00000E+00            238.PU 94.  13  14
 815  2.89805E+01  5.45620E+00  9.33291E-02  0.00000E+00            238.PU 94.  14  15
 816  7.09113E+01  5.49897E+00  9.40606E-02  0.00000E+00            238.PU 94.  15  16
 1 1  3.95000E-02  4.34980E-02  4.34980E-02  0.00000E+00            238.PU 94.  16   1
 6 5  3.72342E-01  2.17300E-02  2.17300E-02  1.00000E+00            238.PU 94.  17   5
 6 6  1.09276E+01  2.24540E-02  2.24540E-02  1.00000E+00            238.PU 94.  18   6
 6 7  9.72559E+00  2.63160E-02  2.63160E-02  1.00000E+00            238.PU 94.  19   7
 6 3  5.80915E+00  3.92084E-02  3.92084E-02  1.00000E+00            238.PU 94.  20   3
 6 4  2.04348E+00  4.34980E-02  4.34980E-02  1.00000E+00            238.PU 94.  21   4
 1 2  1.00000E-08  6.27000E-02  6.27000E-02  0.00000E+00            238.PU 94.  22   2
 6 5  1.20346E-09  4.09320E-02  4.09320E-02  2.00000E+00            238.PU 94.  23   5
 6 6  1.02269E-09  4.16560E-02  4.16560E-02  2.00000E+00            238.PU 94.  24   6
 6 7  1.02499E-09  4.55180E-02  4.55180E-02  2.00000E+00            238.PU 94.  25   7
 6 3  8.07123E-10  5.84104E-02  5.84104E-02  2.00000E+00            238.PU 94.  26   3
 6 4  2.78412E-10  6.27000E-02  6.27000E-02  2.00000E+00            238.PU 94.  27   4
 1 3  7.35000E-03  9.98530E-02  9.98530E-02  0.00000E+00            238.PU 94.  28   3
 6 5  2.10546E-03  7.80850E-02  7.80850E-02  3.00000E+00            238.PU 94.  29   5
 6 6  4.23237E-02  7.88090E-02  7.88090E-02  3.00000E+00            238.PU 94.  30   6
 6 7  2.88739E-02  8.26710E-02  8.26710E-02  3.00000E+00            238.PU 94.  31   7
 6 3  2.04708E-02  9.55634E-02  9.55634E-02  3.00000E+00            238.PU 94.  32   3
 6 4  7.19287E-03  9.98530E-02  9.98530E-02  3.00000E+00            238.PU 94.  33   4
 1 4  2.00000E-09  1.40150E-01  1.40150E-01  0.00000E+00            238.PU 94.  34   4
 6 1  5.72304E-09  2.40400E-02  2.40400E-02  4.00000E+00            238.PU 94.  35   1
 6 5  1.07086E-09  1.18382E-01  1.18382E-01  4.00000E+00            238.PU 94.  36   5
 6 6  1.68594E-09  1.19106E-01  1.19106E-01  4.00000E+00            238.PU 94.  37   6
 6 7  9.37812E-10  1.22968E-01  1.22968E-01  4.00000E+00            238.PU 94.  38   7
 6 3  9.89927E-10  1.35860E-01  1.35860E-01  4.00000E+00            238.PU 94.  39   3
 6 4  3.51328E-10  1.40150E-01  1.40150E-01  4.00000E+00            238.PU 94.  40   4
 1 5  9.37000E-04  1.52720E-01  1.52720E-01  0.00000E+00            238.PU 94.  41   5
 6 1  2.03631E-04  3.66100E-02  3.66100E-02  5.00000E+00            238.PU 94.  42   1
 6 5  7.33534E-05  1.30952E-01  1.30952E-01  5.00000E+00            238.PU 94.  43   5
 6 6  8.08722E-04  1.31676E-01  1.31676E-01  5.00000E+00            238.PU 94.  44   6
 6 7  4.57572E-04  1.35538E-01  1.35538E-01  5.00000E+00            238.PU 94.  45   7
 6 3  3.72019E-04  1.48430E-01  1.48430E-01  5.00000E+00            238.PU 94.  46   3
 6 4  1.31521E-04  1.52720E-01  1.52720E-01  5.00000E+00            238.PU 94.  47   4
 1 6  6.50000E-10  1.92910E-01  1.92910E-01  0.00000E+00            238.PU 94.  48   6
 6 1  1.06476E-10  7.68000E-02  7.68000E-02  6.00000E+00            238.PU 94.  49   1
 6 5  2.79450E-11  1.71142E-01  1.71142E-01  6.00000E+00            238.PU 94.  50   5
 6 6  2.03541E-10  1.71866E-01  1.71866E-01  6.00000E+00            238.PU 94.  51   6
 6 7  1.02424E-10  1.75728E-01  1.75728E-01  6.00000E+00            238.PU 94.  52   7
 6 3  9.23421E-11  1.88620E-01  1.88620E-01  6.00000E+00            238.PU 94.  53   3
 6 4  3.26744E-11  1.92910E-01  1.92910E-01  6.00000E+00            238.PU 94.  54   4
 1 7  3.90000E-06  2.00970E-01  2.00970E-01  0.00000E+00            238.PU 94.  55   7
 6 1  5.99954E-07  8.48600E-02  8.48600E-02  7.00000E+00            238.PU 94.  56   1
 6 5  1.51819E-07  1.79202E-01  1.79202E-01  7.00000E+00            238.PU 94.  57   5
 6 6  1.02507E-06  1.79926E-01  1.79926E-01  7.00000E+00            238.PU 94.  58   6
 6 7  5.04748E-07  1.83788E-01  1.83788E-01  7.00000E+00            238.PU 94.  59   7
 6 3  4.64606E-07  1.96680E-01  1.96680E-01  7.00000E+00            238.PU 94.  60   3
 6 4  1.64409E-07  2.00970E-01  2.00970E-01  7.00000E+00            238.PU 94.  61   4
 1 8  8.00000E-09  2.03120E-01  2.03120E-01  0.00000E+00            238.PU 94.  62   8
 6 1  7.71025E-09  8.70100E-02  8.70100E-02  8.00000E+00            238.PU 94.  63   1
 6 5  1.39741E-09  1.81352E-01  1.81352E-01  8.00000E+00            238.PU 94.  64   5
 6 6  1.46119E-09  1.82076E-01  1.82076E-01  8.00000E+00            238.PU 94.  65   6
 6 7  6.57456E-10  1.85938E-01  1.85938E-01  8.00000E+00            238.PU 94.  66   7
 6 3  9.25743E-10  1.98830E-01  1.98830E-01  8.00000E+00            238.PU 94.  67   3
 6 4  3.29369E-10  2.03120E-01  2.03120E-01  8.00000E+00            238.PU 94.  68   4
 1 9  1.57286E-11  2.33600E-01  2.33600E-01  0.00000E+00            238.PU 94.  69   9
 6 1  2.73272E-11  1.17490E-01  1.17490E-01  9.00000E+00            238.PU 94.  70   1
 6 5  4.68660E-12  2.11832E-01  2.11832E-01  9.00000E+00            238.PU 94.  71   5
 6 6  5.12900E-13  2.12556E-01  2.12556E-01  9.00000E+00            238.PU 94.  72   6
 6 7  2.32043E-14  2.16418E-01  2.16418E-01  9.00000E+00            238.PU 94.  73   7
 6 3  1.26638E-12  2.29310E-01  2.29310E-01  9.00000E+00            238.PU 94.  74   3
 6 4  4.55175E-13  2.33600E-01  2.33600E-01  9.00000E+00            238.PU 94.  75   4
 110  0.00000E+00  2.34600E-01  2.34600E-01  0.00000E+00            238.PU 94.  76  10
 6 1  7.97413E-12  1.18490E-01  1.18490E-01  1.00000E+01            238.PU 94.  77   1
 6 5  1.52362E-12  2.12832E-01  2.12832E-01  1.00000E+01            238.PU 94.  78   5
 6 3  3.69458E-13  2.30310E-01  2.30310E-01  1.00000E+01            238.PU 94.  79   3
 6 4  1.32796E-13  2.34600E-01  2.34600E-01  1.00000E+01            238.PU 94.  80   4
 111  1.00000E-08  2.35900E-01  2.35900E-01  0.00000E+00            238.PU 94.  81  11
 6 1  5.37348E-10  1.19790E-01  1.19790E-01  1.10000E+01            238.PU 94.  82   1
 6 5  6.99184E-11  2.14132E-01  2.14132E-01  1.10000E+01            238.PU 94.  83   5
 6 6  2.26680E-11  2.14856E-01  2.14856E-01  1.10000E+01            238.PU 94.  84   6
 6 7  1.55273E-11  2.18718E-01  2.18718E-01  1.10000E+01            238.PU 94.  85   7
 6 3  2.62730E-11  2.31610E-01  2.31610E-01  1.10000E+01            238.PU 94.  86   3
 6 4  9.26646E-12  2.35900E-01  2.35900E-01  1.10000E+01            238.PU 94.  87   4
 112  8.50000E-08  2.58300E-01  2.58300E-01  0.00000E+00            238.PU 94.  88  12
 6 1  3.72600E-09  1.42190E-01  1.42190E-01  1.20000E+01            238.PU 94.  89   1
 6 5  4.90082E-10  2.36532E-01  2.36532E-01  1.20000E+01            238.PU 94.  90   5
 6 6  1.49397E-10  2.37256E-01  2.37256E-01  1.20000E+01            238.PU 94.  91   6
 6 7  9.96182E-11  2.41118E-01  2.41118E-01  1.20000E+01            238.PU 94.  92   7
 6 3  1.79389E-10  2.54010E-01  2.54010E-01  1.20000E+01            238.PU 94.  93   3
 6 4  6.33362E-11  2.58300E-01  2.58300E-01  1.20000E+01            238.PU 94.  94   4
 113  4.80000E-08  2.99200E-01  2.99200E-01  0.00000E+00            238.PU 94.  95  13
 6 1  1.52389E-09  1.83090E-01  1.83090E-01  1.30000E+01            238.PU 94.  96   1
 6 5  2.03434E-10  2.77432E-01  2.77432E-01  1.30000E+01            238.PU 94.  97   5
 6 6  5.60806E-11  2.78156E-01  2.78156E-01  1.30000E+01            238.PU 94.  98   6
 6 7  3.58083E-11  2.82018E-01  2.82018E-01  1.30000E+01            238.PU 94.  99   7
 6 3  7.15209E-11  2.94910E-01  2.94910E-01  1.30000E+01            238.PU 94. 100   3
 6 4  2.52891E-11  2.99200E-01  2.99200E-01  1.30000E+01            238.PU 94. 101   4
 114  5.30000E-08  7.05900E-01  7.05900E-01  0.00000E+00            238.PU 94. 102  14
 6 1  3.05877E-10  5.89790E-01  5.89790E-01  1.40000E+01            238.PU 94. 103   1
 6 5  4.32426E-11  6.84132E-01  6.84132E-01  1.40000E+01            238.PU 94. 104   5
 6 6  6.46280E-12  6.84856E-01  6.84856E-01  1.40000E+01            238.PU 94. 105   6
 6 7  3.28651E-12  6.88718E-01  6.88718E-01  1.40000E+01            238.PU 94. 106   7
 6 3  1.26385E-11  7.01610E-01  7.01610E-01  1.40000E+01            238.PU 94. 107   3
 6 4  4.50691E-12  7.05900E-01  7.05900E-01  1.40000E+01            238.PU 94. 108   4
 115  4.10000E-07  7.08420E-01  7.08420E-01  0.00000E+00            238.PU 94. 109  15
 6 1  6.40480E-09  5.92310E-01  5.92310E-01  1.50000E+01            238.PU 94. 110   1
 6 5  1.09554E-09  6.86652E-01  6.86652E-01  1.50000E+01            238.PU 94. 111   5
 6 6  7.65516E-10  6.87376E-01  6.87376E-01  1.50000E+01            238.PU 94. 112   6
 6 7  1.74645E-10  6.91238E-01  6.91238E-01  1.50000E+01            238.PU 94. 113   7
 6 3  5.21477E-10  7.04130E-01  7.04130E-01  1.50000E+01            238.PU 94. 114   3
 6 4  1.85997E-10  7.08420E-01  7.08420E-01  1.50000E+01            238.PU 94. 115   4
 116  5.20000E-06  7.42810E-01  7.42810E-01  0.00000E+00            238.PU 94. 116  16
 6 1  2.73561E-08  6.26700E-01  6.26700E-01  1.60000E+01            238.PU 94. 117   1
 6 5  3.87752E-09  7.21042E-01  7.21042E-01  1.60000E+01            238.PU 94. 118   5
 6 6  5.57858E-10  7.21766E-01  7.21766E-01  1.60000E+01            238.PU 94. 119   6
 6 7  2.80698E-10  7.25628E-01  7.25628E-01  1.60000E+01            238.PU 94. 120   7
 6 3  1.12442E-09  7.38520E-01  7.38520E-01  1.60000E+01            238.PU 94. 121   3
 6 4  4.00992E-10  7.42810E-01  7.42810E-01  1.60000E+01            238.PU 94. 122   4
 117  2.20000E-05  7.66390E-01  7.66390E-01  0.00000E+00            238.PU 94. 123  17
 6 1  2.99021E-07  6.50280E-01  6.50280E-01  1.70000E+01            238.PU 94. 124   1
 6 5  5.06211E-08  7.44622E-01  7.44622E-01  1.70000E+01            238.PU 94. 125   5
 6 6  3.11421E-08  7.45346E-01  7.45346E-01  1.70000E+01            238.PU 94. 126   6
 6 7  6.78542E-09  7.49208E-01  7.49208E-01  1.70000E+01            238.PU 94. 127   7
 6 3  2.25369E-08  7.62100E-01  7.62100E-01  1.70000E+01            238.PU 94. 128   3
 6 4  8.04218E-09  7.66390E-01  7.66390E-01  1.70000E+01            238.PU 94. 129   4
 118  2.40000E-08  7.83400E-01  7.83400E-01  0.00000E+00            238.PU 94. 130  18
 6 1  3.13812E-10  6.67290E-01  6.67290E-01  1.80000E+01            238.PU 94. 131   1
 6 5  5.29789E-11  7.61632E-01  7.61632E-01  1.80000E+01            238.PU 94. 132   5
 6 6  3.14690E-11  7.62356E-01  7.62356E-01  1.80000E+01            238.PU 94. 133   6
 6 7  6.77109E-12  7.66218E-01  7.66218E-01  1.80000E+01            238.PU 94. 134   7
 6 3  2.31749E-11  7.79110E-01  7.79110E-01  1.80000E+01            238.PU 94. 135   3
 6 4  8.27097E-12  7.83400E-01  7.83400E-01  1.80000E+01            238.PU 94. 136   4
 119  3.25000E-06  7.86300E-01  7.86300E-01  0.00000E+00            238.PU 94. 137  19
 6 1  1.54323E-08  6.70190E-01  6.70190E-01  1.90000E+01            238.PU 94. 138   1
 6 5  2.19370E-09  7.64532E-01  7.64532E-01  1.90000E+01            238.PU 94. 139   5
 6 6  3.02428E-10  7.65256E-01  7.65256E-01  1.90000E+01            238.PU 94. 140   6
 6 7  1.50499E-10  7.69118E-01  7.69118E-01  1.90000E+01            238.PU 94. 141   7
 6 3  6.30839E-10  7.82010E-01  7.82010E-01  1.90000E+01            238.PU 94. 142   3
 6 4  2.24971E-10  7.86300E-01  7.86300E-01  1.90000E+01            238.PU 94. 143   4
 120  1.20000E-07  8.04400E-01  8.04400E-01  0.00000E+00            238.PU 94. 144  20
 6 1  5.48830E-08  6.88290E-01  6.88290E-01  2.00000E+01            238.PU 94. 145   1
 6 5  9.22595E-09  7.82632E-01  7.82632E-01  2.00000E+01            238.PU 94. 146   5
 6 6  9.15132E-10  7.83356E-01  7.83356E-01  2.00000E+01            238.PU 94. 147   6
 6 7  3.95787E-11  7.87218E-01  7.87218E-01  2.00000E+01            238.PU 94. 148   7
 6 3  2.45426E-09  8.00110E-01  8.00110E-01  2.00000E+01            238.PU 94. 149   3
 6 4  8.82086E-10  8.04400E-01  8.04400E-01  2.00000E+01            238.PU 94. 150   4
 121  6.00000E-08  8.05600E-01  8.05600E-01  0.00000E+00            238.PU 94. 151  21
 6 1  2.72806E-10  6.89490E-01  6.89490E-01  2.10000E+01            238.PU 94. 152   1
 6 5  3.88262E-11  7.83832E-01  7.83832E-01  2.10000E+01            238.PU 94. 153   5
 6 6  5.25614E-12  7.84556E-01  7.84556E-01  2.10000E+01            238.PU 94. 154   6
 6 7  2.60398E-12  7.88418E-01  7.88418E-01  2.10000E+01            238.PU 94. 155   7
 6 3  1.11269E-11  8.01310E-01  8.01310E-01  2.10000E+01            238.PU 94. 156   3
 6 4  3.96804E-12  8.05600E-01  8.05600E-01  2.10000E+01            238.PU 94. 157   4
 122  8.00000E-07  8.08250E-01  8.08250E-01  0.00000E+00            238.PU 94. 158  22
 6 1  2.76028E-06  6.92140E-01  6.92140E-01  2.20000E+01            238.PU 94. 159   1
 6 5  4.63976E-07  7.86482E-01  7.86482E-01  2.20000E+01            238.PU 94. 160   5
 6 6  4.59843E-08  7.87206E-01  7.87206E-01  2.20000E+01            238.PU 94. 161   6
 6 7  1.99024E-09  7.91068E-01  7.91068E-01  2.20000E+01            238.PU 94. 162   7
 6 3  1.23411E-07  8.03960E-01  8.03960E-01  2.20000E+01            238.PU 94. 163   3
 6 4  4.43563E-08  8.08250E-01  8.08250E-01  2.20000E+01            238.PU 94. 164   4
 123  0.00000E+00  8.10000E-01  8.10000E-01  0.00000E+00            238.PU 94. 165  23
 6 1  6.17863E-09  6.93890E-01  6.93890E-01  2.30000E+01            238.PU 94. 166   1
 6 5  1.14587E-09  7.88232E-01  7.88232E-01  2.30000E+01            238.PU 94. 167   5
 6 3  2.76221E-10  8.05710E-01  8.05710E-01  2.30000E+01            238.PU 94. 168   3
 6 4  9.92799E-11  8.10000E-01  8.10000E-01  2.30000E+01            238.PU 94. 169   4
 124  1.25000E-06  8.51700E-01  8.51700E-01  0.00000E+00            238.PU 94. 170  24
 6 1  1.41087E-08  7.35590E-01  7.35590E-01  2.40000E+01            238.PU 94. 171   1
 6 5  2.35818E-09  8.29932E-01  8.29932E-01  2.40000E+01            238.PU 94. 172   5
 6 6  1.22790E-09  8.30656E-01  8.30656E-01  2.40000E+01            238.PU 94. 173   6
 6 7  2.52196E-10  8.34518E-01  8.34518E-01  2.40000E+01            238.PU 94. 174   7
 6 3  9.68571E-10  8.47410E-01  8.47410E-01  2.40000E+01            238.PU 94. 175   3
 6 4  3.45862E-10  8.51700E-01  8.51700E-01  2.40000E+01            238.PU 94. 176   4
 125  1.60000E-07  8.80500E-01  8.80500E-01  0.00000E+00            238.PU 94. 177  25
 6 1  6.21359E-10  7.64390E-01  7.64390E-01  2.50000E+01            238.PU 94. 178   1
 6 5  8.88115E-11  8.58732E-01  8.58732E-01  2.50000E+01            238.PU 94. 179   5
 6 6  1.12477E-11  8.59456E-01  8.59456E-01  2.50000E+01            238.PU 94. 180   6
 6 7  5.48937E-12  8.63318E-01  8.63318E-01  2.50000E+01            238.PU 94. 181   7
 6 3  2.51486E-11  8.76210E-01  8.76210E-01  2.50000E+01            238.PU 94. 182   3
 6 4  8.96784E-12  8.80500E-01  8.80500E-01  2.50000E+01            238.PU 94. 183   4
 126  7.70000E-07  8.83230E-01  8.83230E-01  0.00000E+00            238.PU 94. 184  26
 6 1  8.15373E-09  7.67120E-01  7.67120E-01  2.60000E+01            238.PU 94. 185   1
 6 5  1.35727E-09  8.61462E-01  8.61462E-01  2.60000E+01            238.PU 94. 186   5
 6 6  6.68021E-10  8.62186E-01  8.62186E-01  2.60000E+01            238.PU 94. 187   6
 6 7  1.34552E-10  8.66048E-01  8.66048E-01  2.60000E+01            238.PU 94. 188   7
 6 3  5.43459E-10  8.78940E-01  8.78940E-01  2.60000E+01            238.PU 94. 189   3
 6 4  1.94106E-10  8.83230E-01  8.83230E-01  2.60000E+01            238.PU 94. 190   4
 127  6.50000E-08  9.04300E-01  9.04300E-01  0.00000E+00            238.PU 94. 191  27
 6 1  6.60429E-10  7.88190E-01  7.88190E-01  2.70000E+01            238.PU 94. 192   1
 6 5  1.09651E-10  8.82532E-01  8.82532E-01  2.70000E+01            238.PU 94. 193   5
 6 6  5.20486E-11  8.83256E-01  8.83256E-01  2.70000E+01            238.PU 94. 194   6
 6 7  1.03543E-11  8.87118E-01  8.87118E-01  2.70000E+01            238.PU 94. 195   7
 6 3  4.32128E-11  9.00010E-01  9.00010E-01  2.70000E+01            238.PU 94. 196   3
 6 4  1.54365E-11  9.04300E-01  9.04300E-01  2.70000E+01            238.PU 94. 197   4
 128  5.80000E-07  9.26720E-01  9.26720E-01  0.00000E+00            238.PU 94. 198  28
 6 1  5.64554E-09  8.10610E-01  8.10610E-01  2.80000E+01            238.PU 94. 199   1
 6 5  9.34878E-10  9.04952E-01  9.04952E-01  2.80000E+01            238.PU 94. 200   5
 6 6  4.27490E-10  9.05676E-01  9.05676E-01  2.80000E+01            238.PU 94. 201   6
 6 7  8.39726E-11  9.09538E-01  9.09538E-01  2.80000E+01            238.PU 94. 202   7
 6 3  3.62577E-10  9.22430E-01  9.22430E-01  2.80000E+01            238.PU 94. 203   3
 6 4  1.29539E-10  9.26720E-01  9.26720E-01  2.80000E+01            238.PU 94. 204   4
 129  4.70000E-07  9.41900E-01  9.41900E-01  0.00000E+00            238.PU 94. 205  29
 6 1  4.44651E-09  8.25790E-01  8.25790E-01  2.90000E+01            238.PU 94. 206   1
 6 5  7.35070E-10  9.20132E-01  9.20132E-01  2.90000E+01            238.PU 94. 207   5
 6 6  3.27945E-10  9.20856E-01  9.20856E-01  2.90000E+01            238.PU 94. 208   6
 6 7  6.38880E-11  9.24718E-01  9.24718E-01  2.90000E+01            238.PU 94. 209   7
 6 3  2.82151E-10  9.37610E-01  9.37610E-01  2.90000E+01            238.PU 94. 210   3
 6 4  1.00815E-10  9.41900E-01  9.41900E-01  2.90000E+01            238.PU 94. 211   4
 130  8.70000E-08  9.46000E-01  9.46000E-01  0.00000E+00            238.PU 94. 212  30
 6 1  2.97946E-10  8.29890E-01  8.29890E-01  3.00000E+01            238.PU 94. 213   1
 6 5  4.27238E-11  9.24232E-01  9.24232E-01  3.00000E+01            238.PU 94. 214   5
 6 6  5.12885E-12  9.24956E-01  9.24956E-01  3.00000E+01            238.PU 94. 215   6
 6 7  2.47710E-12  9.28818E-01  9.28818E-01  3.00000E+01            238.PU 94. 216   7
 6 3  1.19897E-11  9.41710E-01  9.41710E-01  3.00000E+01            238.PU 94. 217   3
 6 4  4.27534E-12  9.46000E-01  9.46000E-01  3.00000E+01            238.PU 94. 218   4
 131  9.90000E-07  1.00103E+00  1.00103E+00  0.00000E+00            238.PU 94. 219  31
 6 1  8.41963E-09  8.84920E-01  8.84920E-01  3.10000E+01            238.PU 94. 220   1
 6 5  1.38337E-09  9.79262E-01  9.79262E-01  3.10000E+01            238.PU 94. 221   5
 6 6  5.63355E-10  9.79986E-01  9.79986E-01  3.10000E+01            238.PU 94. 222   6
 6 7  1.06501E-10  9.83848E-01  9.83848E-01  3.10000E+01            238.PU 94. 223   7
 6 3  5.11787E-10  9.96740E-01  9.96740E-01  3.10000E+01            238.PU 94. 224   3
 6 4  1.82927E-10  1.00103E+00  1.00103E+00  3.10000E+01            238.PU 94. 225   4
 132  2.20000E-07  1.04180E+00  1.04180E+00  0.00000E+00            238.PU 94. 226  32
 6 1  6.83582E-09  9.25690E-01  9.25690E-01  3.20000E+01            238.PU 94. 227   1
 6 5  1.14542E-09  1.02003E+00  1.02003E+00  3.20000E+01            238.PU 94. 228   5
 6 6  1.08076E-10  1.02076E+00  1.02076E+00  3.20000E+01            238.PU 94. 229   6
 6 7  4.95310E-12  1.02462E+00  1.02462E+00  3.20000E+01            238.PU 94. 230   7
 6 3  3.02897E-10  1.03751E+00  1.03751E+00  3.20000E+01            238.PU 94. 231   3
 6 4  1.09036E-10  1.04180E+00  1.04180E+00  3.20000E+01            238.PU 94. 232   4
 133  9.20000E-08  1.08540E+00  1.08540E+00  0.00000E+00            238.PU 94. 233  33
 6 1  6.79140E-10  9.69290E-01  9.69290E-01  3.30000E+01            238.PU 94. 234   1
 6 5  1.10760E-10  1.06363E+00  1.06363E+00  3.30000E+01            238.PU 94. 235   5
 6 6  4.00601E-11  1.06436E+00  1.06436E+00  3.30000E+01            238.PU 94. 236   6
 6 7  7.29559E-12  1.06822E+00  1.06822E+00  3.30000E+01            238.PU 94. 237   7
 6 3  3.91948E-11  1.08111E+00  1.08111E+00  3.30000E+01            238.PU 94. 238   3
 6 4  1.40144E-11  1.08540E+00  1.08540E+00  3.30000E+01            238.PU 94. 239   4
 2 1  6.00132E-05  9.50660E-02  9.50660E-02  0.00000E+00            238.PU 94. 240   1
 2 2  9.60198E-05  9.89281E-02  9.89281E-02  0.00000E+00            238.PU 94. 241   2
 2 3  1.10729E-05  1.10929E-01  1.10929E-01  0.00000E+00            238.PU 94. 242   3
 2 4  2.16558E-05  1.11820E-01  1.11820E-01  0.00000E+00            238.PU 94. 243   4
 2 5  3.87410E-07  1.12373E-01  1.12373E-01  0.00000E+00            238.PU 94. 244   5
 2 6  4.41934E-07  1.12555E-01  1.12555E-01  0.00000E+00            238.PU 94. 245   6
 2 7  2.76932E-06  1.14846E-01  1.14846E-01  0.00000E+00            238.PU 94. 246   7
 2 8  5.60173E-06  1.15080E-01  1.15080E-01  0.00000E+00            238.PU 94. 247   8
 2 9  1.14014E-07  1.15332E-01  1.15332E-01  0.00000E+00            238.PU 94. 248   9
 210  1.30454E-07  1.15375E-01  1.15375E-01  0.00000E+00            238.PU 94. 249  10
 211  6.77581E-07  1.15851E-01  1.15851E-01  0.00000E+00            238.PU 94. 250  11
 212  1.34391E-06  1.15907E-01  1.15907E-01  0.00000E+00            238.PU 94. 251  12
 213  2.33114E-08  1.15998E-01  1.15998E-01  0.00000E+00            238.PU 94. 252  13
 214  2.64691E-08  1.16006E-01  1.16006E-01  0.00000E+00            238.PU 94. 253  14
 215  1.20810E-07  1.16076E-01  1.16076E-01  0.00000E+00            238.PU 94. 254  15
 216  2.27678E-07  1.16085E-01  1.16085E-01  0.00000E+00            238.PU 94. 255  16
 221  4.78982E-06  7.24000E-04  7.24000E-04  0.00000E+00            238.PU 94. 256  21
 222  3.16096E-03  4.58600E-03  4.58600E-03  0.00000E+00            238.PU 94. 257  22
 223  2.01330E-02  1.65865E-02  1.65865E-02  0.00000E+00            238.PU 94. 258  23
 224  1.75117E-02  1.74784E-02  1.74784E-02  0.00000E+00            238.PU 94. 259  24
 225  9.30807E-04  1.80312E-02  1.80312E-02  0.00000E+00            238.PU 94. 260  25
 226  1.38709E-03  1.82128E-02  1.82128E-02  0.00000E+00            238.PU 94. 261  26
 227  5.44112E-03  2.05038E-02  2.05038E-02  0.00000E+00            238.PU 94. 262  27
 228  5.41828E-03  2.07375E-02  2.07375E-02  0.00000E+00            238.PU 94. 263  28
 229  1.58522E-04  2.09898E-02  2.09898E-02  0.00000E+00            238.PU 94. 264  29
 230  2.54074E-04  2.10328E-02  2.10328E-02  0.00000E+00            238.PU 94. 265  30
 231  1.31874E-03  2.15086E-02  2.15086E-02  0.00000E+00            238.PU 94. 266  31
 232  1.33129E-03  2.15646E-02  2.15646E-02  0.00000E+00            238.PU 94. 267  32
 233  2.85699E-05  2.16556E-02  2.16556E-02  0.00000E+00            238.PU 94. 268  33
 234  4.63139E-05  2.16640E-02  2.16640E-02  0.00000E+00            238.PU 94. 269  34
 235  2.38434E-04  2.17339E-02  2.17339E-02  0.00000E+00            238.PU 94. 270  35
 236  2.31179E-04  2.17434E-02  2.17434E-02  0.00000E+00            238.PU 94. 271  36
 241  3.97869E-04  3.86200E-03  3.86200E-03  0.00000E+00            238.PU 94. 272  41
 242  1.11025E-01  1.55227E-02  1.55227E-02  0.00000E+00            238.PU 94. 273  42
 243  5.71468E-03  1.67544E-02  1.67544E-02  0.00000E+00            238.PU 94. 274  43
 244  3.94452E+00  1.73072E-02  1.73072E-02  0.00000E+00            238.PU 94. 275  44
 245  3.01307E-02  1.96241E-02  1.96241E-02  0.00000E+00            238.PU 94. 276  45
 246  1.72610E-03  2.00135E-02  2.00135E-02  0.00000E+00            238.PU 94. 277  46
 247  8.93358E-01  2.02658E-02  2.02658E-02  0.00000E+00            238.PU 94. 278  47
 248  5.55511E-03  2.06419E-02  2.06419E-02  0.00000E+00            238.PU 94. 279  48
 249  7.73716E-03  2.07234E-02  2.07234E-02  0.00000E+00            238.PU 94. 280  49
 250  4.22343E-04  2.08406E-02  2.08406E-02  0.00000E+00            238.PU 94. 281  50
 251  1.73016E-01  2.09317E-02  2.09317E-02  0.00000E+00            238.PU 94. 282  51
 252  1.23674E-04  2.10351E-02  2.10351E-02  0.00000E+00            238.PU 94. 283  52
 253  1.59356E-03  2.09918E-02  2.09918E-02  0.00000E+00            238.PU 94. 284  53
 254  7.24320E-05  2.10195E-02  2.10195E-02  0.00000E+00            238.PU 94. 285  54
 255  1.81159E-04  2.10382E-02  2.10382E-02  0.00000E+00            238.PU 94. 286  55
 261  2.69037E-01  1.16607E-02  1.16607E-02  0.00000E+00            238.PU 94. 287  61
 262  3.39995E-03  1.20005E-02  1.20005E-02  0.00000E+00            238.PU 94. 288  62
 263  3.09282E-03  1.28924E-02  1.28924E-02  0.00000E+00            238.PU 94. 289  63
 264  4.38447E-01  1.34452E-02  1.34452E-02  0.00000E+00            238.PU 94. 290  64
 265  3.85218E+00  1.36268E-02  1.36268E-02  0.00000E+00            238.PU 94. 291  65
 266  6.79137E-02  1.57621E-02  1.57621E-02  0.00000E+00            238.PU 94. 292  66
 267  7.56022E-04  1.59178E-02  1.59178E-02  0.00000E+00            238.PU 94. 293  67
 268  8.40640E-04  1.61515E-02  1.61515E-02  0.00000E+00            238.PU 94. 294  68
 269  8.82285E-02  1.64038E-02  1.64038E-02  0.00000E+00            238.PU 94. 295  69
 270  8.07914E-01  1.64468E-02  1.64468E-02  0.00000E+00            238.PU 94. 296  70
 271  1.12872E-03  1.67799E-02  1.67799E-02  0.00000E+00            238.PU 94. 297  71
 272  6.22892E-03  1.67913E-02  1.67913E-02  0.00000E+00            238.PU 94. 298  72
 273  1.72311E-02  1.68613E-02  1.68613E-02  0.00000E+00            238.PU 94. 299  73
 274  1.75263E-04  1.69226E-02  1.69226E-02  0.00000E+00            238.PU 94. 300  74
 275  2.00921E-04  1.69786E-02  1.69786E-02  0.00000E+00            238.PU 94. 301  75
 276  1.66832E-02  1.70697E-02  1.70697E-02  0.00000E+00            238.PU 94. 302  76
 277  1.52846E-01  1.70780E-02  1.70780E-02  0.00000E+00            238.PU 94. 303  77
 278  2.48584E-05  1.71731E-02  1.71731E-02  0.00000E+00            238.PU 94. 304  78
 279  1.34018E-04  1.71741E-02  1.71741E-02  0.00000E+00            238.PU 94. 305  79
 280  3.59285E-03  1.71298E-02  1.71298E-02  0.00000E+00            238.PU 94. 306  80
 281  3.21266E-05  1.71479E-02  1.71479E-02  0.00000E+00            238.PU 94. 307  81
 282  3.46712E-05  1.71574E-02  1.71574E-02  0.00000E+00            238.PU 94. 308  82
 283  3.89196E-04  1.71762E-02  1.71762E-02  0.00000E+00            238.PU 94. 309  83
 291  1.79867E+00  3.25936E-03  3.25936E-03  0.00000E+00            238.PU 94. 310  91
 292  4.30606E-02  4.98262E-04  4.98262E-04  0.00000E+00            238.PU 94. 311  92
 293  1.78092E-03  1.39738E-04  1.39738E-04  0.00000E+00            238.PU 94. 312  93
 294  2.94480E+02  7.55198E-05  7.55198E-05  0.00000E+00            238.PU 94. 313  94
 7 1  4.13734E-06  7.54320E-02  7.54320E-02  0.00000E+00            238.PU 94. 314   1
 7 2  2.37513E-06  9.17208E-02  9.17208E-02  0.00000E+00            238.PU 94. 315   2
 7 3  3.31986E-07  1.08031E-01  1.08031E-01  0.00000E+00            238.PU 94. 316   3
 7 4  2.76780E+00  1.19174E-03  1.19174E-03  0.00000E+00            238.PU 94. 317   4
 7 5  6.46012E+00  1.02564E-02  1.02564E-02  0.00000E+00            238.PU 94. 318   5
 7 6  3.28630E+00  1.35860E-02  1.35860E-02  0.00000E+00            238.PU 94. 319   6
 7 7  3.93819E-01  1.69501E-02  1.69501E-02  0.00000E+00            238.PU 94. 320   7
 7 8  1.14081E+01  5.38169E-04  5.38169E-04  0.00000E+00            238.PU 94. 321   8
 7 9  2.56334E+01  2.44314E-03  2.44314E-03  0.00000E+00            238.PU 94. 322   9
 710  4.82114E+00  2.91564E-03  2.91564E-03  0.00000E+00            238.PU 94. 323  10
 711  2.83929E-01  3.53531E-03  3.53531E-03  0.00000E+00            238.PU 94. 324  11
 712  4.46163E+01  1.92411E-04  1.92411E-04  0.00000E+00            238.PU 94. 325  12
 713  7.76767E+01  1.86243E-04  1.86243E-04  0.00000E+00            238.PU 94. 326  13
 714  7.92847E+01  7.21897E-05  7.21897E-05  0.00000E+00            238.PU 94. 327  14
 715  5.06093E-01  1.63104E-04  1.63104E-04  0.00000E+00            238.PU 94. 328  15
 9 1  4.10700E-07  2.02100E+00  2.02100E+00  0.00000E+00            238.PU 94. 329   1
 9 2  3.70000E-07  8.84147E+01  8.84147E+01  0.00000E+00            238.PU 94. 330   2
 9 3  1.19201E-06  9.54881E-01  9.54881E-01  0.00000E+00            238.PU 94. 331   3
 9 4  8.80961E-07  9.57800E-01  9.57800E-01  0.00000E+00            238.PU 94. 332   4
 9 5  8.80537E-07  9.79538E-01  9.79538E-01  0.00000E+00            238.PU 94. 333   5
%%%% 238 PU  94    A  SF        2.76760E+09 87.7 Y     02-11-2005       SEEIEND 
 


   ***************************************************** 
   *                 Radiation Summary                 * 
   ***************************************************** 
 
  Energy released by
    Gamma-ray                       (MeV) =   2.62476E-05
    X-ray                           (MeV) =   1.80493E-03
    Free-bound X-ray                (MeV) =   2.22391E-04
    Annihilation photon             (MeV) =   0.00000E+00
    Beta+ particle                  (MeV) =   0.00000E+00
    Neutrino                        (MeV) =   0.00000E+00
    Beta- particle                  (MeV) =   0.00000E+00
    Neutrino-                       (MeV) =   0.00000E+00
    Internal conv. electron         (MeV) =   8.34879E-03
    Auger and CK electron           (MeV) =   2.33563E-03
    Alpha particle                  (MeV) =   5.48642E+00
    Recoil nucleus                  (MeV) =   9.38459E-02
  E-total (except unplaced radiat.) (MeV) =   5.59300E+00
  E-unplaced radiation              (MeV) =   9.15817E-07
  Q-value from ENSDF data           (MeV) =   5.59303E+00
  Ratio of E-total/Q-value          ( % ) =   9.99995E+01
  Ratio of E-unplaced radi./Q-value ( % ) =   1.63743E-05

 
  Total yield of
    Gamma-ray                             =   4.78277E-04
    X-ray                                 =   1.28074E-01
    Free-bound X-ray                      =   2.94480E+00
    Annihilation photon                   =   0.00000E+00
    Beta+ particle                        =   0.00000E+00
    Beta- particle                        =   0.00000E+00
    Internal conv. electron               =   2.89812E-01
    Auger and CK electron                 =   2.57139E+00
    Alpha particle                        =   1.00000E+00
  Yield of unplaced radiation             =   2.00004E-07


