%%%% 186 RE  75    B- EC        3.21261E+05 3.7183 D   02-11-2005       BALASTAR
1 186   RE  75 3.7183 D        B- EC      
1INTENSITY AND ENERGY BALANCE DATA

              186-RHENIUM-75
+                                    HALFLIFE = 3.7183 DAYS    
+                                                                  02-11-2005


    LEVEL       INTENSITY   INTENSITY
    ENERGY      ENTERING    LEAVING     PERCENT
    (MEV)       LEVEL       LEVEL       ERROR

   0.0000E+00  9.2548E+01
   1.3716E-01  2.1555E+01  2.1572E+01  8.0066E-02                      
   4.3410E-01  6.7738E-05  5.8041E-05  1.5419E+01  ********************
   7.6748E-01  6.2460E-02  6.2741E-02  4.4960E-01                      
   9.1070E-01  2.5982E-05  2.5830E-05  5.8795E-01                      
   0.0000E+00  7.4628E+00
   1.2264E-01  1.6900E+00  1.6828E+00  4.2832E-01                      


 INTENSITY TO GROUND AND ISOMERIC STATE(S) OF DAUGHTER(S)=  1.000E+02
 TOTAL INTENSITY FROM PARENT=  1.000E+02
 PERCENT ERROR =  1.031E-02                      


 TOTAL INTENSITY FROM PARENT =  1.000E+02
 VALUE IS WITHIN   0.00E+00% OF 100                      


 TOTAL ENERGY AVAILABLE =  1.033E+00 MEV
 TOTAL ENERGY CONTENT OF ALL RADIATIONS =  1.033E+00 MEV
 PERCENT ERROR =  1.650E-03                      
%%%% 186 RE  75    B- EC        3.21261E+05 3.7183 D   02-11-2005       BALAEND 
%%%% 186 RE  75    B- EC        3.21261E+05 3.7183 D   02-11-2005       INPUSTAR
1                                      **INPUT DATA**
              186-RHENIUM-75
+                                    HALFLIFE = 3.7183 DAYS    
+                                                                  02-11-2005

            MODES OF DECAY: BETA MINUS, ELECTRON CAPTURE
 
                                MEAN
                                NUMBER/    TRANSITION
                TYPE OF    ID   TRANSFOR-  ENERGY
              TRANSITION   NO.  MATION     (MEV)       OTHER NUCLEAR PARAMETERS

               BETA MINUS   1   2.60E-07   1.588E-01*  UNIQUE FIRST FORBIDDEN                   
               BETA MINUS   2   6.25E-04   3.020E-01*  FIRST FORBIDDEN                          
               BETA MINUS   3   2.15E-01   9.323E-01*  FIRST FORBIDDEN                          
               BETA MINUS   4   7.09E-01   1.070E+00*  FIRST FORBIDDEN                          
           I.C.E. + GAMMA   1   2.16E-01   1.372E-01   E2 MULTIPOLE                             
+                                                                    AK= 0.433                  
                                                       AL1=0.0490    AL2=0.335                  
                                                       AL3=0.261     AM= 0.165                  
                                                       AN+=0.0472                               
           I.C.E. + GAMMA   2   2.10E-08   1.432E-01   M1+E2 MULTIPOLE                          
                                                       MRS=0.360     AK= 1.39                   
                                                       AL1=0.201     AL2=0.0903                 
                                                       AL3=0.0580    AM= 0.0838                 
                                                       AN+=0.0248                               
           I.C.E. + GAMMA   3   5.80E-07   2.969E-01   E2 MULTIPOLE                             
+                                                                    AK= 0.0608                 
                                                       AL1=0.00779   AL2=0.0117                 
                                                       AL3=0.00652   AM= 0.00646                
                                                       AN+=0.00187                              
           I.C.E. + GAMMA   4   6.62E-07   3.334E-01   E2 MULTIPOLE                             
+                                                                    AK= 0.0454                 
                                                       AL1=0.00590   AL2=0.00724                
                                                       AL3=0.00382   AM= 0.00419                
                                                       AN+=0.00122                              
           I.C.E. + GAMMA   5   1.54E-08   4.764E-01   M1+E2 MULTIPOLE                          
                                                       MRS=484.      AK= 0.0194                 
                                                       AL1=0.00261   AL2=0.00173                
                                                       AM= 0.00124                              
           I.C.E. + GAMMA   6   2.97E-04   6.303E-01   M1+E2 MULTIPOLE                          
                                                       MRS=188.      AK= 0.0105                 
                                                       AL1=0.00143                              
           I.C.E. + GAMMA   7   3.30E-04   7.675E-01   E2 MULTIPOLE                             
+                                                                    AK= 0.00689                
           I.C.E. + GAMMA   8   2.22E-07   7.735E-01   M1+E2 MULTIPOLE                          
                                                       MRS=3.60E+03  AK= 0.00679                
           ELECT. CAPTURE   1   1.69E-02   4.590E-01   FIRST FORBIDDEN                          
           ELECT. CAPTURE   2   5.78E-02   5.816E-01   FIRST FORBIDDEN                          
           I.C.E. + GAMMA   1   1.68E-02   1.226E-01   E2 MULTIPOLE                             
+                                                                    AK= 0.581                  
                                                       AL1=0.0621    AL2=0.464                  
                                                       AL3=0.388     AM= 0.232                  
                                                       AN+=0.0645                               
 
           * ENDPOINT ENERGY (MEV)
           - - - - - - - - - -
           Reference: Evaluated Nuclear Structure Data File (ENSDF)
                DATE DATA WERE ENTERED INTO ENSDF: Apr-1999
%%%% 186 RE  75    B- EC        3.21261E+05 3.7183 D   02-11-2005       INPUEND 
%%%% 186 RE  75    B- EC        3.21261E+05 3.7183 D   02-11-2005       OUTPSTAR
1                                      **OUTPUT DATA**
              186-RHENIUM-75
+                                    HALFLIFE = 3.7183 DAYS    
+                                                                  02-11-2005

            MODES OF DECAY: BETA MINUS, ELECTRON CAPTURE
 
                                              MEAN
                                              NUMBER/                  MEV/
                                         ID   TRANSFOR-   ENERGY       TRANSFOR-
                  TYPE OF RADIATION      NO.  MATION      (MEV)        MATION

           BETA MINUS                     3   2.15E-01    3.060E-01*   6.59E-02
           BETA MINUS                     4   7.09E-01    3.591E-01*   2.55E-01
           GAMMA-RAY                      1   9.42E-02    1.372E-01    1.29E-02
           K CONV. ELECTRON, GAMMA-RAY    1   4.08E-02    6.309E-02    2.57E-03
           L1 CONV. ELECTRON, GAMMA-RAY   1   4.62E-03    1.242E-01    5.74E-04
           L2 CONV. ELECTRON, GAMMA-RAY   1   3.15E-02    1.247E-01    3.93E-03
           L3 CONV. ELECTRON, GAMMA-RAY   1   2.46E-02    1.263E-01    3.11E-03
           M CONV. ELECTRON, GAMMA-RAY    1   1.55E-02    1.347E-01*   2.09E-03
           N+ CONV. ELECTRON, GAMMA-RAY   1   4.45E-03    1.372E-01*   6.10E-04
           GAMMA-RAY                      6   2.93E-04    6.303E-01    1.85E-04
           GAMMA-RAY                      7   3.27E-04    7.675E-01    2.51E-04
           K -L2 X-RAY                        1.13E-02    6.164E-02    6.99E-04
           K -L3 X-RAY                        1.95E-02    6.319E-02    1.23E-03
           K -M2 X-RAY                        2.12E-03    7.128E-02    1.51E-04
           K -M3 X-RAY                        4.10E-03    7.161E-02    2.94E-04
           K -N2 X-RAY                        4.88E-04    7.352E-02    3.59E-05
           K -N3 X-RAY                        9.50E-04    7.360E-02    6.99E-05
           L2-M4 X-RAY                        1.15E-02    1.038E-02    1.19E-04
           L2-N4 X-RAY                        2.19E-03    1.213E-02    2.65E-05
           L3-M5 X-RAY                        1.11E-02    8.906E-03    9.92E-05
           L3-N5 X-RAY                        2.02E-03    1.059E-02    2.14E-05
           Free-Bound X-RAY                   9.00E-01    4.410E-05    3.97E-05
           GAMMA-RAY                      1   6.03E-03    1.226E-01    7.40E-04
           K -L2 X-RAY                        1.73E-02    5.812E-02    1.01E-03
           K -L3 X-RAY                        3.00E-02    5.948E-02    1.79E-03
           K -M2 X-RAY                        3.23E-03    6.712E-02    2.17E-04
           K -M3 X-RAY                        6.24E-03    6.742E-02    4.21E-04
           K -N2 X-RAY                        7.35E-04    6.920E-02    5.08E-05
           K -N3 X-RAY                        1.42E-03    6.927E-02    9.87E-05
           K -O3 X-RAY                        3.42E-04    6.964E-02    2.38E-05
           L2-M4 X-RAY                        5.57E-03    9.692E-03    5.39E-05
           L3-M5 X-RAY                        8.68E-03    8.390E-03    7.28E-05
           Free-Bound X-RAY                   7.03E-01    3.126E-05    2.20E-05
 
           ALL LISTED X-RAYS, GAMMA-RAYS AND ANNIHILATION RADIATION    2.06E-02
           ALL NEGLECTED X-RAYS, GAMMA-RAYS AND ANNIH. RADIATION**     1.60E-04
           ALL LISTED BETAS, INTERNAL CONVERSION AND AUGER ELECTRONS   3.34E-01
           ALL NEGLECTED BETAS, INT. CONVERSION AND AUGER ELECTRONS**  2.73E-03
           ALL LISTED RADIATIONS                                       3.54E-01
           ALL NEGLECTED RADIATIONS**                                  2.89E-03
 
           *  AVERAGE ENERGY (MEV)
           ** EACH NEGLECTED TRANSITION CONTRIBUTES LESS THAN  0.100%
              TO THE TOTAL MEV/TRANSFORMATION FOR THIS CATEGORY.
           TOTAL FEEDING OF GROUND STATE LEVEL IN 186-OSMIUM
             DAUGHTER IS 9.2530E-01 PER TRANSFORMATION OF 186-RHENIUM.
             DECAY OF THIS 0.2E+16 YEARS HALFLIFE LEVEL WILL CONTRIBUTE TO DOSE.
           TOTAL FEEDING OF GROUND STATE LEVEL IN 186-TUNGSTEN
             DAUGHTER IS 7.4700E-02 PER TRANSFORMATION OF 186-RHENIUM.
             THIS DAUGHTER GROUND STATE IS STABLE.
           - - - - - - - - - -
           INPUT DATA SOURCE: EVALUATED NUCLEAR STRUCTURE DATA FILE (ENSDF)
             DATE INPUT DATA WERE ENTERED INTO ENSDF: Apr-1999
%%%% 186 RE  75    B- EC        3.21261E+05 3.7183 D   02-11-2005       OUTPEND 
%%%% 186 RE  75    B- EC        3.21261E+05 3.7183 D   02-11-2005       BETASTAR
1
              186-RHENIUM-75
+                                    HALFLIFE = 3.7183 DAYS    
+                                                                  02-11-2005

            BETA SPECTRUM DATA FOR ALL DECAY BRANCHES

                      BETAS PER                BETAS PER                BETAS PER
            ENERGY    MEV            ENERGY    MEV            ENERGY    MEV
            (MEV)     PER DECAY      (MEV)     PER DECAY      (MEV)     PER DECAY

            0.00000   1.371E+00      0.00220   1.371E+00      0.05500   1.422E+00
            0.00010   1.371E+00      0.00240   1.371E+00      0.06000   1.427E+00
            0.00011   1.371E+00      0.00260   1.371E+00      0.06500   1.432E+00
            0.00012   1.371E+00      0.00280   1.371E+00      0.07000   1.436E+00
            0.00013   1.371E+00      0.00300   1.371E+00      0.07500   1.441E+00
            0.00014   1.371E+00      0.00320   1.371E+00      0.08000   1.445E+00
            0.00015   1.371E+00      0.00360   1.371E+00      0.08500   1.449E+00
            0.00016   1.371E+00      0.00400   1.371E+00      0.09000   1.452E+00
            0.00018   1.371E+00      0.00450   1.371E+00      0.10000   1.459E+00
            0.00020   1.371E+00      0.00500   1.371E+00      0.11000   1.465E+00
            0.00022   1.371E+00      0.00550   1.371E+00      0.12000   1.470E+00
            0.00024   1.371E+00      0.00600   1.371E+00      0.13000   1.475E+00
            0.00026   1.371E+00      0.00650   1.371E+00      0.14000   1.478E+00
            0.00028   1.371E+00      0.00700   1.371E+00      0.15000   1.480E+00
            0.00030   1.371E+00      0.00750   1.371E+00      0.16000   1.482E+00
            0.00032   1.371E+00      0.00800   1.371E+00      0.18000   1.483E+00
            0.00036   1.371E+00      0.00850   1.371E+00      0.20000   1.480E+00
            0.00040   1.371E+00      0.00900   1.371E+00      0.22000   1.474E+00
            0.00045   1.371E+00      0.01000   1.371E+00      0.24000   1.465E+00
            0.00050   1.371E+00      0.01100   1.371E+00      0.26000   1.452E+00
            0.00055   1.371E+00      0.01200   1.371E+00      0.28000   1.436E+00
            0.00060   1.371E+00      0.01300   1.371E+00      0.30000   1.417E+00
            0.00065   1.371E+00      0.01400   1.371E+00      0.32000   1.394E+00
            0.00070   1.371E+00      0.01500   1.373E+00      0.36000   1.341E+00
            0.00075   1.371E+00      0.01600   1.374E+00      0.40000   1.275E+00
            0.00080   1.371E+00      0.01800   1.377E+00      0.45000   1.180E+00
            0.00085   1.371E+00      0.02000   1.380E+00      0.50000   1.071E+00
            0.00090   1.371E+00      0.02200   1.383E+00      0.55000   9.511E-01
            0.00100   1.371E+00      0.02400   1.385E+00      0.60000   8.241E-01
            0.00110   1.371E+00      0.02600   1.388E+00      0.65000   6.933E-01
            0.00120   1.371E+00      0.02800   1.390E+00      0.70000   5.626E-01
            0.00130   1.371E+00      0.03000   1.393E+00      0.75000   4.363E-01
            0.00140   1.371E+00      0.03200   1.396E+00      0.80000   3.187E-01
            0.00150   1.371E+00      0.03600   1.400E+00      0.85000   2.147E-01
            0.00160   1.371E+00      0.04000   1.405E+00      0.90000   1.291E-01
            0.00180   1.371E+00      0.04500   1.411E+00      1.00000   2.382E-02
            0.00200   1.371E+00      0.05000   1.416E+00      1.06950   0.000E+00

            AVERAGE BETA ENERGY =   3.466E-01

            TOTAL BETAS PER DECAY FOR ALL BRANCHES =   9.253E-01
%%%% 186 RE  75    B- EC        3.21261E+05 3.7183 D   02-11-2005       BETAEND 
%%%% 186 RE  75    B- EC        3.21261E+05 3.7183 D   02-11-2005       SEEISTAR
186.  RHENIUM      75.  3.718E+00 DAYS     217 B- EC                186.RE 75.   0
 5 1  2.59824E-05  4.83692E-02  1.58800E-01  1.00000E+00            186.RE 75.   1   1
 5 2  6.24578E-02  8.49303E-02  3.02020E-01  0.00000E+00            186.RE 75.   2   2
 5 3  2.15255E+01  3.05981E-01  9.32343E-01  0.00000E+00            186.RE 75.   3   3
 5 4  7.09421E+01  3.59106E-01  1.06950E+00  0.00000E+00            186.RE 75.   4   4
 1 1  9.41973E+00  1.37157E-01  1.37157E-01  0.00000E+00            186.RE 75.   5   1
 6 1  4.07964E+00  6.30910E-02  6.30910E-02  1.00000E+00            186.RE 75.   6   1
 6 5  4.61905E-01  1.24207E-01  1.24207E-01  1.00000E+00            186.RE 75.   7   5
 6 6  3.15134E+00  1.24733E-01  1.24733E-01  1.00000E+00            186.RE 75.   8   6
 6 7  2.46255E+00  1.26280E-01  1.26280E-01  1.00000E+00            186.RE 75.   9   7
 6 3  1.55268E+00  1.34705E-01  1.34705E-01  1.00000E+00            186.RE 75.  10   3
 6 4  4.44642E-01  1.37157E-01  1.37157E-01  1.00000E+00            186.RE 75.  11   4
 1 2  7.39979E-07  1.43170E-01  1.43170E-01  0.00000E+00            186.RE 75.  12   2
 6 1  1.02597E-06  6.91040E-02  6.91040E-02  2.00000E+00            186.RE 75.  13   1
 6 5  1.48496E-07  1.30220E-01  1.30220E-01  2.00000E+00            186.RE 75.  14   5
 6 6  6.68131E-08  1.30746E-01  1.30746E-01  2.00000E+00            186.RE 75.  15   6
 6 7  4.29058E-08  1.32293E-01  1.32293E-01  2.00000E+00            186.RE 75.  16   7
 6 3  6.20133E-08  1.40718E-01  1.40718E-01  2.00000E+00            186.RE 75.  17   3
 6 4  1.83377E-08  1.43170E-01  1.43170E-01  2.00000E+00            186.RE 75.  18   4
 1 3  5.29985E-05  2.96900E-01  2.96900E-01  0.00000E+00            186.RE 75.  19   3
 6 1  3.22273E-06  2.22834E-01  2.22834E-01  3.00000E+00            186.RE 75.  20   1
 6 5  4.12892E-07  2.83950E-01  2.83950E-01  3.00000E+00            186.RE 75.  21   5
 6 6  6.19737E-07  2.84476E-01  2.84476E-01  3.00000E+00            186.RE 75.  22   6
 6 7  3.45418E-07  2.86023E-01  2.86023E-01  3.00000E+00            186.RE 75.  23   7
 6 3  3.42136E-07  2.94448E-01  2.94448E-01  3.00000E+00            186.RE 75.  24   3
 6 4  9.93295E-08  2.96900E-01  2.96900E-01  3.00000E+00            186.RE 75.  25   4
 1 4  6.19982E-05  3.33400E-01  3.33400E-01  0.00000E+00            186.RE 75.  26   4
 6 1  2.81361E-06  2.59334E-01  2.59334E-01  4.00000E+00            186.RE 75.  27   1
 6 5  3.66047E-07  3.20450E-01  3.20450E-01  4.00000E+00            186.RE 75.  28   5
 6 6  4.48800E-07  3.20976E-01  3.20976E-01  4.00000E+00            186.RE 75.  29   6
 6 7  2.36690E-07  3.22523E-01  3.22523E-01  4.00000E+00            186.RE 75.  30   7
 6 3  2.59505E-07  3.30948E-01  3.30948E-01  4.00000E+00            186.RE 75.  31   3
 6 4  7.55399E-08  3.33400E-01  3.33400E-01  4.00000E+00            186.RE 75.  32   4
 1 5  1.49996E-06  4.76400E-01  4.76400E-01  0.00000E+00            186.RE 75.  33   5
 6 1  2.90642E-08  4.02334E-01  4.02334E-01  5.00000E+00            186.RE 75.  34   1
 6 5  3.91965E-09  4.63450E-01  4.63450E-01  5.00000E+00            186.RE 75.  35   5
 6 6  2.60018E-09  4.63976E-01  4.63976E-01  5.00000E+00            186.RE 75.  36   6
 6 7  1.15639E-09  4.65523E-01  4.65523E-01  5.00000E+00            186.RE 75.  37   7
 6 3  1.85348E-09  4.73948E-01  4.73948E-01  5.00000E+00            186.RE 75.  38   3
 6 4  5.44045E-10  4.76400E-01  4.76400E-01  5.00000E+00            186.RE 75.  39   4
 1 6  2.92992E-02  6.30330E-01  6.30330E-01  0.00000E+00            186.RE 75.  40   6
 6 1  3.07393E-04  5.56264E-01  5.56264E-01  6.00000E+00            186.RE 75.  41   1
 6 5  4.20388E-05  6.17380E-01  6.17380E-01  6.00000E+00            186.RE 75.  42   5
 6 6  1.74790E-05  6.17906E-01  6.17906E-01  6.00000E+00            186.RE 75.  43   6
 6 7  6.87719E-06  6.19453E-01  6.19453E-01  6.00000E+00            186.RE 75.  44   7
 6 3  1.57607E-05  6.27878E-01  6.27878E-01  6.00000E+00            186.RE 75.  45   3
 6 4  4.66789E-06  6.30330E-01  6.30330E-01  6.00000E+00            186.RE 75.  46   4
 1 7  3.26991E-02  7.67470E-01  7.67470E-01  0.00000E+00            186.RE 75.  47   7
 6 1  2.25416E-04  6.93404E-01  6.93404E-01  7.00000E+00            186.RE 75.  48   1
 6 5  3.08551E-05  7.54520E-01  7.54520E-01  7.00000E+00            186.RE 75.  49   5
 6 6  9.54321E-06  7.55046E-01  7.55046E-01  7.00000E+00            186.RE 75.  50   6
 6 7  3.49218E-06  7.56593E-01  7.56593E-01  7.00000E+00            186.RE 75.  51   7
 6 3  1.03172E-05  7.65018E-01  7.65018E-01  7.00000E+00            186.RE 75.  52   3
 6 4  3.07069E-06  7.67470E-01  7.67470E-01  7.00000E+00            186.RE 75.  53   4
 1 8  2.19994E-05  7.73500E-01  7.73500E-01  0.00000E+00            186.RE 75.  54   8
 6 1  1.49345E-07  6.99434E-01  6.99434E-01  8.00000E+00            186.RE 75.  55   1
 6 5  2.04422E-08  7.60550E-01  7.60550E-01  8.00000E+00            186.RE 75.  56   5
 6 6  6.24297E-09  7.61076E-01  7.61076E-01  8.00000E+00            186.RE 75.  57   6
 6 7  2.27795E-09  7.62623E-01  7.62623E-01  8.00000E+00            186.RE 75.  58   7
 6 3  6.80567E-09  7.71048E-01  7.71048E-01  8.00000E+00            186.RE 75.  59   3
 6 4  2.02593E-09  7.73500E-01  7.73500E-01  8.00000E+00            186.RE 75.  60   4
 2 1  1.13413E+00  6.16420E-02  6.16420E-02  0.00000E+00            186.RE 75.  61   1
 2 2  1.95376E+00  6.31890E-02  6.31890E-02  0.00000E+00            186.RE 75.  62   2
 2 3  2.12108E-01  7.12758E-02  7.12758E-02  0.00000E+00            186.RE 75.  63   3
 2 4  4.09976E-01  7.16144E-02  7.16144E-02  0.00000E+00            186.RE 75.  64   4
 2 5  4.87418E-03  7.20215E-02  7.20215E-02  0.00000E+00            186.RE 75.  65   5
 2 6  6.08681E-03  7.20955E-02  7.20955E-02  0.00000E+00            186.RE 75.  66   6
 2 7  4.88397E-02  7.35200E-02  7.35200E-02  0.00000E+00            186.RE 75.  67   7
 2 8  9.49621E-02  7.35997E-02  7.35997E-02  0.00000E+00            186.RE 75.  68   8
 2 9  1.20700E-03  7.37688E-02  7.37688E-02  0.00000E+00            186.RE 75.  69   9
 210  1.50131E-03  7.37837E-02  7.37837E-02  0.00000E+00            186.RE 75.  70  10
 211  1.11560E-02  7.40001E-02  7.40001E-02  0.00000E+00            186.RE 75.  71  11
 212  2.25279E-02  7.40129E-02  7.40129E-02  0.00000E+00            186.RE 75.  72  12
 213  6.33121E-05  7.40555E-02  7.40555E-02  0.00000E+00            186.RE 75.  73  13
 214  7.60953E-05  7.40563E-02  7.40563E-02  0.00000E+00            186.RE 75.  74  14
 221  5.96368E-06  5.26000E-04  5.26000E-04  0.00000E+00            186.RE 75.  75  21
 222  8.69602E-04  2.07300E-03  2.07300E-03  0.00000E+00            186.RE 75.  76  22
 223  1.31043E-02  1.01598E-02  1.01598E-02  0.00000E+00            186.RE 75.  77  23
 224  1.59012E-02  1.04983E-02  1.04983E-02  0.00000E+00            186.RE 75.  78  24
 225  4.02504E-04  1.09055E-02  1.09055E-02  0.00000E+00            186.RE 75.  79  25
 226  6.02648E-04  1.09791E-02  1.09791E-02  0.00000E+00            186.RE 75.  80  26
 227  3.25757E-03  1.24039E-02  1.24039E-02  0.00000E+00            186.RE 75.  81  27
 228  4.21261E-03  1.24838E-02  1.24838E-02  0.00000E+00            186.RE 75.  82  28
 229  5.80694E-05  1.26530E-02  1.26530E-02  0.00000E+00            186.RE 75.  83  29
 230  9.09888E-05  1.26677E-02  1.26677E-02  0.00000E+00            186.RE 75.  84  30
 231  5.39500E-04  1.28840E-02  1.28840E-02  0.00000E+00            186.RE 75.  85  31
 232  6.78525E-04  1.28969E-02  1.28969E-02  0.00000E+00            186.RE 75.  86  32
 233  2.90100E-06  1.29392E-02  1.29392E-02  0.00000E+00            186.RE 75.  87  33
 234  4.41540E-06  1.29404E-02  1.29404E-02  0.00000E+00            186.RE 75.  88  34
 241  1.94475E-05  1.54700E-03  1.54700E-03  0.00000E+00            186.RE 75.  89  41
 242  3.15818E-02  9.39399E-03  9.39399E-03  0.00000E+00            186.RE 75.  90  42
 243  1.07900E-03  9.97231E-03  9.97231E-03  0.00000E+00            186.RE 75.  91  43
 244  1.14717E+00  1.03795E-02  1.03795E-02  0.00000E+00            186.RE 75.  92  44
 245  7.74280E-03  1.17759E-02  1.17759E-02  0.00000E+00            186.RE 75.  93  45
 246  2.84319E-04  1.19578E-02  1.19578E-02  0.00000E+00            186.RE 75.  94  46
 247  2.18650E-01  1.21269E-02  1.21269E-02  0.00000E+00            186.RE 75.  95  47
 248  6.61853E-04  1.23578E-02  1.23578E-02  0.00000E+00            186.RE 75.  96  48
 249  1.51463E-03  1.23259E-02  1.23259E-02  0.00000E+00            186.RE 75.  97  49
 250  5.77621E-05  1.23708E-02  1.23708E-02  0.00000E+00            186.RE 75.  98  50
 251  1.11134E-02  1.24132E-02  1.24132E-02  0.00000E+00            186.RE 75.  99  51
 261  7.34386E-02  7.84700E-03  7.84700E-03  0.00000E+00            186.RE 75. 100  61
 262  6.62043E-04  8.08680E-03  8.08680E-03  0.00000E+00            186.RE 75. 101  62
 263  5.99287E-04  8.42530E-03  8.42530E-03  0.00000E+00            186.RE 75. 102  63
 264  1.26315E-01  8.83249E-03  8.83249E-03  0.00000E+00            186.RE 75. 103  64
 265  1.11373E+00  8.90609E-03  8.90609E-03  0.00000E+00            186.RE 75. 104  65
 266  1.43923E-02  1.02290E-02  1.02290E-02  0.00000E+00            186.RE 75. 105  66
 267  1.43345E-04  1.03310E-02  1.03310E-02  0.00000E+00            186.RE 75. 106  67
 268  1.42480E-04  1.04107E-02  1.04107E-02  0.00000E+00            186.RE 75. 107  68
 269  2.24475E-02  1.05799E-02  1.05799E-02  0.00000E+00            186.RE 75. 108  69
 270  2.01736E-01  1.05947E-02  1.05947E-02  0.00000E+00            186.RE 75. 109  70
 271  1.21907E-04  1.08108E-02  1.08108E-02  0.00000E+00            186.RE 75. 110  71
 272  6.84027E-04  1.08138E-02  1.08138E-02  0.00000E+00            186.RE 75. 111  72
 273  2.95963E-03  1.07789E-02  1.07789E-02  0.00000E+00            186.RE 75. 112  73
 274  3.02839E-05  1.08110E-02  1.08110E-02  0.00000E+00            186.RE 75. 113  74
 275  2.92475E-05  1.08238E-02  1.08238E-02  0.00000E+00            186.RE 75. 114  75
 276  1.13648E-03  1.08662E-02  1.08662E-02  0.00000E+00            186.RE 75. 115  76
 277  9.73612E-03  1.08674E-02  1.08674E-02  0.00000E+00            186.RE 75. 116  77
 291  3.89721E-01  1.92320E-03  1.92320E-03  0.00000E+00            186.RE 75. 117  91
 292  8.65640E-03  2.62610E-04  2.62610E-04  0.00000E+00            186.RE 75. 118  92
 293  1.69448E-05  4.47553E-05  4.47553E-05  0.00000E+00            186.RE 75. 119  93
 294  8.99674E+01  4.40965E-05  4.40965E-05  0.00000E+00            186.RE 75. 120  94
 7 1  1.12004E-01  4.99348E-02  4.99348E-02  0.00000E+00            186.RE 75. 121   1
 7 2  5.93470E-02  5.97656E-02  5.97656E-02  0.00000E+00            186.RE 75. 122   2
 7 3  7.56359E-03  6.96069E-02  6.96069E-02  0.00000E+00            186.RE 75. 123   3
 7 4  1.03106E+00  8.68490E-04  8.68490E-04  0.00000E+00            186.RE 75. 124   4
 7 5  4.46732E+00  6.97539E-03  6.97539E-03  0.00000E+00            186.RE 75. 125   5
 7 6  1.77837E+00  8.87779E-03  8.87779E-03  0.00000E+00            186.RE 75. 126   6
 7 7  1.74450E-01  1.08092E-02  1.08092E-02  0.00000E+00            186.RE 75. 127   7
 7 8  6.02438E+00  3.37204E-04  3.37204E-04  0.00000E+00            186.RE 75. 128   8
 7 9  1.42246E+01  1.58629E-03  1.58629E-03  0.00000E+00            186.RE 75. 129   9
 710  1.11899E+00  1.78601E-03  1.78601E-03  0.00000E+00            186.RE 75. 130  10
 711  5.83549E-02  2.07522E-03  2.07522E-03  0.00000E+00            186.RE 75. 131  11
 712  3.00078E+01  1.63966E-04  1.63966E-04  0.00000E+00            186.RE 75. 132  12
 713  1.20584E+00  3.42927E-04  3.42927E-04  0.00000E+00            186.RE 75. 133  13
 714  1.74865E+01  2.95647E-05  2.95647E-05  0.00000E+00            186.RE 75. 134  14
 715  4.93454E-02  5.66553E-05  5.66553E-05  0.00000E+00            186.RE 75. 135  15
 1 1  6.03005E-01  1.22640E-01  1.22640E-01  0.00000E+00            186.RE 75. 136   1
 6 1  3.50501E-01  5.29510E-02  5.29510E-02  1.00000E+00            186.RE 75. 137   1
 6 5  3.74633E-02  1.10563E-01  1.10563E-01  1.00000E+00            186.RE 75. 138   5
 6 6  2.79503E-01  1.11067E-01  1.11067E-01  1.00000E+00            186.RE 75. 139   6
 6 7  2.33794E-01  1.12434E-01  1.12434E-01  1.00000E+00            186.RE 75. 140   7
 6 3  1.39599E-01  1.20369E-01  1.20369E-01  1.00000E+00            186.RE 75. 141   3
 6 4  3.89117E-02  1.22640E-01  1.22640E-01  1.00000E+00            186.RE 75. 142   4
 2 1  1.72970E+00  5.81161E-02  5.81161E-02  0.00000E+00            186.RE 75. 143   1
 2 2  3.00289E+00  5.94830E-02  5.94830E-02  0.00000E+00            186.RE 75. 144   2
 2 3  3.22893E-01  6.71212E-02  6.71212E-02  0.00000E+00            186.RE 75. 145   3
 2 4  6.23989E-01  6.74178E-02  6.74178E-02  0.00000E+00            186.RE 75. 146   4
 2 5  6.98072E-03  6.78079E-02  6.78079E-02  0.00000E+00            186.RE 75. 147   5
 2 6  8.80332E-03  6.78728E-02  6.78728E-02  0.00000E+00            186.RE 75. 148   6
 2 7  7.34662E-02  6.92004E-02  6.92004E-02  0.00000E+00            186.RE 75. 149   7
 2 8  1.42498E-01  6.92695E-02  6.92695E-02  0.00000E+00            186.RE 75. 150   8
 2 9  1.68561E-03  6.94291E-02  6.94291E-02  0.00000E+00            186.RE 75. 151   9
 210  2.11599E-03  6.94418E-02  6.94418E-02  0.00000E+00            186.RE 75. 152  10
 211  1.66978E-02  6.96331E-02  6.96331E-02  0.00000E+00            186.RE 75. 153  11
 212  3.42101E-02  6.96433E-02  6.96433E-02  0.00000E+00            186.RE 75. 154  12
 213  4.80214E-05  6.96807E-02  6.96807E-02  0.00000E+00            186.RE 75. 155  13
 214  5.77642E-05  6.96816E-02  6.96816E-02  0.00000E+00            186.RE 75. 156  14
 221  1.48437E-05  5.04000E-04  5.04000E-04  0.00000E+00            186.RE 75. 157  21
 222  1.79222E-03  1.87100E-03  1.87100E-03  0.00000E+00            186.RE 75. 158  22
 223  2.99104E-02  9.50920E-03  9.50920E-03  0.00000E+00            186.RE 75. 159  23
 224  3.74417E-02  9.80579E-03  9.80579E-03  0.00000E+00            186.RE 75. 160  24
 225  8.68044E-04  1.01959E-02  1.01959E-02  0.00000E+00            186.RE 75. 161  25
 226  1.29901E-03  1.02608E-02  1.02608E-02  0.00000E+00            186.RE 75. 162  26
 227  7.34259E-03  1.15884E-02  1.15884E-02  0.00000E+00            186.RE 75. 163  27
 228  9.74142E-03  1.16574E-02  1.16574E-02  0.00000E+00            186.RE 75. 164  28
 229  1.22740E-04  1.18169E-02  1.18169E-02  0.00000E+00            186.RE 75. 165  29
 230  1.91607E-04  1.18296E-02  1.18296E-02  0.00000E+00            186.RE 75. 166  30
 231  1.13698E-03  1.20209E-02  1.20209E-02  0.00000E+00            186.RE 75. 167  31
 232  1.46116E-03  1.20313E-02  1.20313E-02  0.00000E+00            186.RE 75. 168  32
 233  3.25128E-06  1.20687E-02  1.20687E-02  0.00000E+00            186.RE 75. 169  33
 234  4.90078E-06  1.20696E-02  1.20696E-02  0.00000E+00            186.RE 75. 170  34
 241  7.43782E-06  1.36700E-03  1.36700E-03  0.00000E+00            186.RE 75. 171  41
 242  1.57216E-02  8.77649E-03  8.77649E-03  0.00000E+00            186.RE 75. 172  42
 243  4.92762E-04  9.30180E-03  9.30180E-03  0.00000E+00            186.RE 75. 173  43
 244  5.56506E-01  9.69190E-03  9.69190E-03  0.00000E+00            186.RE 75. 174  44
 245  3.74413E-03  1.09883E-02  1.09883E-02  0.00000E+00            186.RE 75. 175  45
 246  1.27588E-04  1.11534E-02  1.11534E-02  0.00000E+00            186.RE 75. 176  46
 247  1.03571E-01  1.13129E-02  1.13129E-02  0.00000E+00            186.RE 75. 177  47
 248  2.73080E-04  1.15274E-02  1.15274E-02  0.00000E+00            186.RE 75. 178  48
 249  7.17978E-04  1.14878E-02  1.14878E-02  0.00000E+00            186.RE 75. 179  49
 250  2.65595E-05  1.15273E-02  1.15273E-02  0.00000E+00            186.RE 75. 180  50
 251  2.83727E-03  1.15647E-02  1.15647E-02  0.00000E+00            186.RE 75. 181  51
 261  5.79144E-02  7.40949E-03  7.40949E-03  0.00000E+00            186.RE 75. 182  61
 262  4.95696E-04  7.63820E-03  7.63820E-03  0.00000E+00            186.RE 75. 183  62
 263  4.49038E-04  7.93480E-03  7.93480E-03  0.00000E+00            186.RE 75. 184  63
 264  9.83484E-02  8.32493E-03  8.32493E-03  0.00000E+00            186.RE 75. 185  64
 265  8.67766E-01  8.38982E-03  8.38982E-03  0.00000E+00            186.RE 75. 186  65
 266  1.08085E-02  9.62129E-03  9.62129E-03  0.00000E+00            186.RE 75. 187  66
 267  1.04590E-04  9.71738E-03  9.71738E-03  0.00000E+00            186.RE 75. 188  67
 268  1.03125E-04  9.78635E-03  9.78635E-03  0.00000E+00            186.RE 75. 189  68
 269  1.71579E-02  9.94595E-03  9.94595E-03  0.00000E+00            186.RE 75. 190  69
 270  1.53882E-01  9.95867E-03  9.95867E-03  0.00000E+00            186.RE 75. 191  70
 271  8.00269E-05  1.01604E-02  1.01604E-02  0.00000E+00            186.RE 75. 192  71
 272  4.49366E-04  1.01628E-02  1.01628E-02  0.00000E+00            186.RE 75. 193  72
 273  2.18712E-03  1.01209E-02  1.01209E-02  0.00000E+00            186.RE 75. 194  73
 274  2.23678E-05  1.01500E-02  1.01500E-02  0.00000E+00            186.RE 75. 195  74
 275  2.10825E-05  1.01603E-02  1.01603E-02  0.00000E+00            186.RE 75. 196  75
 276  4.69991E-04  1.01977E-02  1.01977E-02  0.00000E+00            186.RE 75. 197  76
 277  4.01766E-03  1.01986E-02  1.01986E-02  0.00000E+00            186.RE 75. 198  77
 291  2.60075E-01  1.77637E-03  1.77637E-03  0.00000E+00            186.RE 75. 199  91
 292  5.65468E-03  2.40146E-04  2.40146E-04  0.00000E+00            186.RE 75. 200  92
 293  8.18858E-06  3.84676E-05  3.84676E-05  0.00000E+00            186.RE 75. 201  93
 294  7.02605E+01  3.12573E-05  3.12573E-05  0.00000E+00            186.RE 75. 202  94
 7 1  1.81480E-01  4.71853E-02  4.71853E-02  0.00000E+00            186.RE 75. 203   1
 7 2  9.51197E-02  5.63739E-02  5.63739E-02  0.00000E+00            186.RE 75. 204   2
 7 3  1.19839E-02  6.55717E-02  6.55717E-02  0.00000E+00            186.RE 75. 205   3
 7 4  1.11859E+00  6.76717E-04  6.76717E-04  0.00000E+00            186.RE 75. 206   4
 7 5  3.47746E+00  6.50895E-03  6.50895E-03  0.00000E+00            186.RE 75. 207   5
 7 6  1.33334E+00  8.26461E-03  8.26461E-03  0.00000E+00            186.RE 75. 208   6
 7 7  1.27511E-01  1.00496E-02  1.00496E-02  0.00000E+00            186.RE 75. 209   7
 7 8  4.63398E+00  3.17557E-04  3.17557E-04  0.00000E+00            186.RE 75. 210   8
 7 9  1.11016E+01  1.47136E-03  1.47136E-03  0.00000E+00            186.RE 75. 211   9
 710  7.12720E-01  1.65608E-03  1.65608E-03  0.00000E+00            186.RE 75. 212  10
 711  4.01616E-02  1.91270E-03  1.91270E-03  0.00000E+00            186.RE 75. 213  11
 712  2.38605E+01  1.61312E-04  1.61312E-04  0.00000E+00            186.RE 75. 214  12
 713  8.27333E-01  3.14731E-04  3.14731E-04  0.00000E+00            186.RE 75. 215  13
 714  1.39255E+01  2.53758E-05  2.53758E-05  0.00000E+00            186.RE 75. 216  14
 715  4.04098E-02  4.80904E-05  4.80904E-05  0.00000E+00            186.RE 75. 217  15
%%%% 186 RE  75    B- EC        3.21261E+05 3.7183 D   02-11-2005       SEEIEND 
 


   ***************************************************** 
   *                 Radiation Summary                 * 
   ***************************************************** 
 
  Energy released by
    Gamma-ray                       (MeV) =   1.40955E-02
    X-ray                           (MeV) =   6.63839E-03
    Free-bound X-ray                (MeV) =   6.16340E-05
    Annihilation photon             (MeV) =   0.00000E+00
    Beta+ particle                  (MeV) =   0.00000E+00
    Neutrino                        (MeV) =   3.69743E-02
    Beta- particle                  (MeV) =   3.20674E-01
    Neutrino-                       (MeV) =   6.38931E-01
    Internal conv. electron         (MeV) =   1.39098E-02
    Auger and CK electron           (MeV) =   1.65897E-03
    Alpha particle                  (MeV) =   0.00000E+00
    Recoil nucleus                  (MeV) =   0.00000E+00
  E-total (except unplaced radiat.) (MeV) =   1.03294E+00
  E-unplaced radiation              (MeV) =   0.00000E+00
  Q-value from ENSDF data           (MeV) =   1.03305E+00
  Ratio of E-total/Q-value          ( % ) =   9.99893E+01
  Ratio of E-unplaced radi./Q-value ( % ) =   0.00000E+00

 
  Total yield of
    Gamma-ray                             =   1.00849E-01
    X-ray                                 =   1.55490E-01
    Free-bound X-ray                      =   1.60228E+00
    Annihilation photon                   =   0.00000E+00
    Beta+ particle                        =   0.00000E+00
    Beta- particle                        =   9.25300E-01
    Internal conv. electron               =   1.32332E-01
    Auger and CK electron                 =   1.39294E+00
    Alpha particle                        =   0.00000E+00
  Yield of unplaced radiation             =   0.00000E+00


%%%% 186 RE  75 M  IT           6.31152E+12  2.00E+5 Y 02-11-2005       BALASTAR
1 186M  RE  75  2.00E+5 Y      IT         
1INTENSITY AND ENERGY BALANCE DATA

              186M-RHENIUM-75
+                                    HALFLIFE = 200000 YEARS   
+                                                                  02-11-2005


    LEVEL       INTENSITY   INTENSITY
    ENERGY      ENTERING    LEAVING     PERCENT
    (MEV)       LEVEL       LEVEL       ERROR

   0.0000E+00  1.0088E+02
   5.9009E-02  8.7808E+01  9.5185E+01  8.0624E+00                      
   9.9361E-02  9.9500E+01  9.3013E+01  6.7394E+00                      
   1.4627E-01  5.0000E-01  4.8837E-01  2.3542E+00                      
   1.4900E-01  1.0000E+02  1.0000E+02  0.0000E+00                      


 INTENSITY TO GROUND AND ISOMERIC STATE(S) OF DAUGHTER(S)=  1.009E+02
 TOTAL INTENSITY FROM PARENT=  1.000E+02
 PERCENT ERROR =  8.704E-01                      


 TOTAL INTENSITY FROM PARENT =  1.000E+02
 VALUE IS WITHIN   0.00E+00% OF 100                      


 TOTAL ENERGY AVAILABLE =  1.490E-01 MEV
 TOTAL ENERGY CONTENT OF ALL RADIATIONS =  1.472E-01 MEV
 PERCENT ERROR =  1.189E+00                      
%%%% 186 RE  75 M  IT           6.31152E+12  2.00E+5 Y 02-11-2005       BALAEND 
%%%% 186 RE  75 M  IT           6.31152E+12  2.00E+5 Y 02-11-2005       INPUSTAR
1                                      **INPUT DATA**
              186M-RHENIUM-75
+                                    HALFLIFE = 200000 YEARS   
+                                                                  02-11-2005

            MODE OF DECAY: ISOMERIC LEVEL
 
                                MEAN
                                NUMBER/    TRANSITION
                TYPE OF    ID   TRANSFOR-  ENERGY
              TRANSITION   NO.  MATION     (MEV)       OTHER NUCLEAR PARAMETERS

           I.C.E. + GAMMA   1   5.00E-03   3.000E-03   E5 MULTIPOLE                             
+                                                                    AK= 0.0                    
                                                       AL1=0.0       AL2=0.0                    
                                                       AL3=0.0       AM= 2.36E+17               
           I.C.E. + GAMMA   2   8.73E-01   4.035E-02   M1+E2 MULTIPOLE                          
                                                       MRS=0.0121    AK= 0.0                    
                                                       AL1=9.20      AL2=1.99                   
                                                       AL3=1.36      AM= 2.93                   
                                                       AN+=0.854                                
           I.C.E. + GAMMA   3   9.95E-01   5.000E-02   E5 MULTIPOLE                             
+                                                                    AK= 0.0                    
                                                       AL1=2.29E+04  AL2=1.11E+06               
                                                       AL3=1.06E+06  AM= 1.57E+06               
           I.C.E. + GAMMA   4   9.52E-01   5.901E-02   M1 MULTIPOLE                             
+                                                                    AK= 0.0                    
                                                       AL1=3.03      AL2=0.283                  
                                                       AL3=0.0339    AM= 0.767                  
                                                       AN+=0.227                                
           I.C.E. + GAMMA   5   4.80E-03   8.727E-02   M1 MULTIPOLE                             
+                                                                    AK= 6.63                   
                                                       AL1=0.968     AL2=0.0894                 
                                                       AL3=0.0104    AM= 0.245                  
                                                       AN+=0.0722                               
           I.C.E. + GAMMA   6   5.68E-02   9.936E-02   E2 MULTIPOLE                             
+                                                                    AK= 0.842                  
                                                       AL1=0.0975    AL2=1.33                   
                                                       AL3=1.18      AM= 0.665                  
                                                       AN+=0.187                                
           I.C.E. + GAMMA   7   8.75E-05   1.463E-01   E2 MULTIPOLE                             
+                                                                    AK= 0.378                  
                                                       AL1=0.0419    AL2=0.229                  
                                                       AL3=0.177     AM= 0.114                  
                                                       AN+=0.0321                               
 
           - - - - - - - - - -
           Reference: Evaluated Nuclear Structure Data File (ENSDF)
                DATE DATA WERE ENTERED INTO ENSDF: Nov-1997
%%%% 186 RE  75 M  IT           6.31152E+12  2.00E+5 Y 02-11-2005       INPUEND 
%%%% 186 RE  75 M  IT           6.31152E+12  2.00E+5 Y 02-11-2005       OUTPSTAR
1                                      **OUTPUT DATA**
              186M-RHENIUM-75
+                                    HALFLIFE = 200000 YEARS   
+                                                                  02-11-2005

            MODE OF DECAY: ISOMERIC LEVEL
 
                                              MEAN
                                              NUMBER/                  MEV/
                                         ID   TRANSFOR-   ENERGY       TRANSFOR-
                  TYPE OF RADIATION      NO.  MATION      (MEV)        MATION

           GAMMA-RAY                      2   5.04E-02    4.035E-02    2.03E-03
           L1 CONV. ELECTRON, GAMMA-RAY   2   4.63E-01    2.784E-02    1.29E-02
           L2 CONV. ELECTRON, GAMMA-RAY   2   1.00E-01    2.836E-02    2.84E-03
           L3 CONV. ELECTRON, GAMMA-RAY   2   6.87E-02    2.981E-02    2.05E-03
           M CONV. ELECTRON, GAMMA-RAY    2   1.48E-01    3.799E-02*   5.60E-03
           N+ CONV. ELECTRON, GAMMA-RAY   2   4.30E-02    4.035E-02*   1.74E-03
           L1 CONV. ELECTRON, GAMMA-RAY   3   6.05E-03    3.749E-02    2.27E-04
           L2 CONV. ELECTRON, GAMMA-RAY   3   2.94E-01    3.801E-02    1.12E-02
           L3 CONV. ELECTRON, GAMMA-RAY   3   2.81E-01    3.946E-02    1.11E-02
           M CONV. ELECTRON, GAMMA-RAY    3   4.14E-01    4.764E-02*   1.97E-02
           GAMMA-RAY                      4   1.78E-01    5.901E-02    1.05E-02
           L1 CONV. ELECTRON, GAMMA-RAY   4   5.40E-01    4.650E-02    2.51E-02
           L2 CONV. ELECTRON, GAMMA-RAY   4   5.04E-02    4.702E-02    2.37E-03
           L3 CONV. ELECTRON, GAMMA-RAY   4   6.04E-03    4.847E-02    2.93E-04
           M CONV. ELECTRON, GAMMA-RAY    4   1.37E-01    5.665E-02*   7.75E-03
           N+ CONV. ELECTRON, GAMMA-RAY   4   4.05E-02    5.901E-02*   2.39E-03
           GAMMA-RAY                      5   5.32E-04    8.727E-02    4.64E-05
           GAMMA-RAY                      6   1.07E-02    9.936E-02    1.07E-03
           K CONV. ELECTRON, GAMMA-RAY    6   9.03E-03    2.751E-02    2.48E-04
           L2 CONV. ELECTRON, GAMMA-RAY   6   1.43E-02    8.737E-02    1.25E-03
           L3 CONV. ELECTRON, GAMMA-RAY   6   1.26E-02    8.882E-02    1.12E-03
           M CONV. ELECTRON, GAMMA-RAY    6   7.14E-03    9.700E-02*   6.92E-04
           N+ CONV. ELECTRON, GAMMA-RAY   6   2.01E-03    9.936E-02*   2.00E-04
           K -L2 X-RAY                        3.49E-03    5.986E-02    2.09E-04
           K -L3 X-RAY                        6.03E-03    6.132E-02    3.70E-04
           K -M2 X-RAY                        6.52E-04    6.918E-02    4.51E-05
           K -M3 X-RAY                        1.26E-03    6.950E-02    8.75E-05
           K -N3 X-RAY                        2.90E-04    7.141E-02    2.07E-05
           L1-M2 X-RAY                        2.28E-02    9.831E-03    2.24E-04
           L1-M3 X-RAY                        2.81E-02    1.015E-02    2.85E-04
           L1-N2 X-RAY                        5.62E-03    1.199E-02    6.74E-05
           L1-N3 X-RAY                        7.36E-03    1.207E-02    8.89E-05
           L2-M1 X-RAY                        3.82E-03    9.081E-03    3.47E-05
           L2-M4 X-RAY                        1.37E-01    1.003E-02    1.38E-03
           L2-N4 X-RAY                        2.58E-02    1.171E-02    3.03E-04
           L3-M1 X-RAY                        1.49E-02    7.626E-03    1.14E-04
           L3-M4 X-RAY                        2.55E-02    8.576E-03    2.19E-04
           L3-M5 X-RAY                        2.25E-01    8.645E-03    1.95E-03
           L3-N1 X-RAY                        2.86E-03    9.922E-03    2.83E-05
           L3-N4 X-RAY                        4.49E-03    1.026E-02    4.61E-05
           L3-N5 X-RAY                        4.03E-02    1.027E-02    4.15E-04
           M X-RAY                            8.97E-02    1.849E-03*   1.66E-04
           Free-Bound X-RAY                   2.22E+01    3.758E-05*   8.33E-04
           CK LLX                             8.48E-01    4.812E-04*   4.08E-04
           AUGER LMM                          9.07E-01    6.766E-03*   6.13E-03
           AUGER LMX                          3.55E-01    8.602E-03*   3.05E-03
           AUGER LXY                          3.44E-02    1.048E-02*   3.61E-04
           CK MMX                             1.50E+00    3.319E-04*   4.98E-04
           AUGER MNN                          3.53E+00    1.525E-03*   5.38E-03
           AUGER MNX                          2.49E-01    1.715E-03*   4.27E-04
           CK NNX                             7.38E+00    1.624E-04*   1.20E-03
 
           ALL LISTED X-RAYS, GAMMA-RAYS AND ANNIHILATION RADIATION    2.05E-02
           ALL NEGLECTED X-RAYS, GAMMA-RAYS AND ANNIH. RADIATION**     1.32E-04
           ALL LISTED BETAS, INTERNAL CONVERSION AND AUGER ELECTRONS   1.26E-01
           ALL NEGLECTED BETAS, INT. CONVERSION AND AUGER ELECTRONS**  4.81E-04
           ALL LISTED RADIATIONS                                       1.47E-01
           ALL NEGLECTED RADIATIONS**                                  6.14E-04
 
           *  AVERAGE ENERGY (MEV)
           ** EACH NEGLECTED TRANSITION CONTRIBUTES LESS THAN  0.100%
              TO THE TOTAL MEV/TRANSFORMATION FOR THIS CATEGORY.
           TOTAL FEEDING OF GROUND STATE LEVEL IN 186-RHENIUM
             DAUGHTER IS 1.0000E+00  PER TRANSFORMATION OF 186M-RHENIUM.
             DECAY OF THIS 3.7183 DAYS HALFLIFE LEVEL WILL CONTRIBUTE TO DOSE.
           - - - - - - - - - -
           INPUT DATA SOURCE: EVALUATED NUCLEAR STRUCTURE DATA FILE (ENSDF)
             DATE INPUT DATA WERE ENTERED INTO ENSDF: Nov-1997
%%%% 186 RE  75 M  IT           6.31152E+12  2.00E+5 Y 02-11-2005       OUTPEND 
%%%% 186 RE  75 M  IT           6.31152E+12  2.00E+5 Y 02-11-2005       SEEISTAR
186.M RHENIUM      75.  2.000E+05 YEARS    115 IT                   186.RE 75.   0
 1 1  2.11778E-18  3.00000E-03  3.00000E-03  0.00000E+00            186.RE 75.   1   1
 6 3  5.00000E-01  6.39500E-04  6.39500E-04  1.00000E+00            186.RE 75.   2   3
 1 2  5.03816E+00  4.03500E-02  4.03500E-02  0.00000E+00            186.RE 75.   3   2
 6 5  4.63331E+01  2.78420E-02  2.78420E-02  2.00000E+00            186.RE 75.   4   5
 6 6  1.00263E+01  2.83570E-02  2.83570E-02  2.00000E+00            186.RE 75.   5   6
 6 7  6.87340E+00  2.98120E-02  2.98120E-02  2.00000E+00            186.RE 75.   6   7
 6 3  1.47529E+01  3.79895E-02  3.79895E-02  2.00000E+00            186.RE 75.   7   3
 6 4  4.30433E+00  4.03500E-02  4.03500E-02  2.00000E+00            186.RE 75.   8   4
 1 3  2.64323E-05  5.00000E-02  5.00000E-02  0.00000E+00            186.RE 75.   9   3
 6 5  6.05238E-01  3.74920E-02  3.74920E-02  3.00000E+00            186.RE 75.  10   5
 6 6  2.93790E+01  3.80070E-02  3.80070E-02  3.00000E+00            186.RE 75.  11   6
 6 7  2.81157E+01  3.94620E-02  3.94620E-02  3.00000E+00            186.RE 75.  12   7
 6 3  4.14000E+01  4.76395E-02  4.76395E-02  3.00000E+00            186.RE 75.  13   3
 1 4  1.78287E+01  5.90090E-02  5.90090E-02  0.00000E+00            186.RE 75.  14   4
 6 5  5.39800E+01  4.65010E-02  4.65010E-02  4.00000E+00            186.RE 75.  15   5
 6 6  5.04473E+00  4.70160E-02  4.70160E-02  4.00000E+00            186.RE 75.  16   6
 6 7  6.04498E-01  4.84710E-02  4.84710E-02  4.00000E+00            186.RE 75.  17   7
 6 3  1.36792E+01  5.66485E-02  5.66485E-02  4.00000E+00            186.RE 75.  18   3
 6 4  4.04747E+00  5.90090E-02  5.90090E-02  4.00000E+00            186.RE 75.  19   4
 1 5  5.32200E-02  8.72660E-02  8.72660E-02  0.00000E+00            186.RE 75.  20   5
 6 1  3.52694E-01  1.54100E-02  1.54100E-02  5.00000E+00            186.RE 75.  21   1
 6 5  5.15323E-02  7.47580E-02  7.47580E-02  5.00000E+00            186.RE 75.  22   5
 6 6  4.75658E-03  7.52730E-02  7.52730E-02  5.00000E+00            186.RE 75.  23   6
 6 7  5.53575E-04  7.67280E-02  7.67280E-02  5.00000E+00            186.RE 75.  24   7
 6 3  1.30187E-02  8.49055E-02  8.49055E-02  5.00000E+00            186.RE 75.  25   3
 6 4  3.84490E-03  8.72660E-02  8.72660E-02  5.00000E+00            186.RE 75.  26   4
 1 6  1.07327E+00  9.93620E-02  9.93620E-02  0.00000E+00            186.RE 75.  27   6
 6 1  9.03278E-01  2.75060E-02  2.75060E-02  6.00000E+00            186.RE 75.  28   1
 6 5  1.04599E-01  8.68540E-02  8.68540E-02  6.00000E+00            186.RE 75.  29   5
 6 6  1.42601E+00  8.73690E-02  8.73690E-02  6.00000E+00            186.RE 75.  30   6
 6 7  1.26270E+00  8.88240E-02  8.88240E-02  6.00000E+00            186.RE 75.  31   7
 6 3  7.13871E-01  9.70015E-02  9.70015E-02  6.00000E+00            186.RE 75.  32   3
 6 4  2.01041E-01  9.93620E-02  9.93620E-02  6.00000E+00            186.RE 75.  33   4
 1 7  4.43500E-03  1.46273E-01  1.46273E-01  0.00000E+00            186.RE 75.  34   7
 6 1  1.67440E-03  7.44170E-02  7.44170E-02  7.00000E+00            186.RE 75.  35   1
 6 5  1.85756E-04  1.33765E-01  1.33765E-01  7.00000E+00            186.RE 75.  36   5
 6 6  1.01744E-03  1.34280E-01  1.34280E-01  7.00000E+00            186.RE 75.  37   6
 6 7  7.86982E-04  1.35735E-01  1.35735E-01  7.00000E+00            186.RE 75.  38   7
 6 3  5.04488E-04  1.43913E-01  1.43913E-01  7.00000E+00            186.RE 75.  39   3
 6 4  1.42329E-04  1.46273E-01  1.46273E-01  7.00000E+00            186.RE 75.  40   4
 2 1  3.48734E-01  5.98631E-02  5.98631E-02  0.00000E+00            186.RE 75.  41   1
 2 2  6.02981E-01  6.13181E-02  6.13181E-02  0.00000E+00            186.RE 75.  42   2
 2 3  6.51664E-02  6.91788E-02  6.91788E-02  0.00000E+00            186.RE 75.  43   3
 2 4  1.25928E-01  6.94956E-02  6.94956E-02  0.00000E+00            186.RE 75.  44   4
 2 5  1.45285E-03  6.98942E-02  6.98942E-02  0.00000E+00            186.RE 75.  45   5
 2 6  1.82335E-03  6.99637E-02  6.99637E-02  0.00000E+00            186.RE 75.  46   6
 2 7  1.49145E-02  7.13392E-02  7.13392E-02  0.00000E+00            186.RE 75.  47   7
 2 8  2.89738E-02  7.14134E-02  7.14134E-02  0.00000E+00            186.RE 75.  48   8
 2 9  3.55324E-04  7.15776E-02  7.15776E-02  0.00000E+00            186.RE 75.  49   9
 210  4.44052E-04  7.15916E-02  7.15916E-02  0.00000E+00            186.RE 75.  50  10
 211  3.39817E-03  7.17951E-02  7.17951E-02  0.00000E+00            186.RE 75.  51  11
 212  6.91167E-03  7.18066E-02  7.18066E-02  0.00000E+00            186.RE 75.  52  12
 213  1.41562E-05  7.18466E-02  7.18466E-02  0.00000E+00            186.RE 75.  53  13
 214  1.69381E-05  7.18475E-02  7.18475E-02  0.00000E+00            186.RE 75.  54  14
 221  1.08103E-03  5.14999E-04  5.14999E-04  0.00000E+00            186.RE 75.  55  21
 222  1.43419E-01  1.97000E-03  1.97000E-03  0.00000E+00            186.RE 75.  56  22
 223  2.27541E+00  9.83057E-03  9.83057E-03  0.00000E+00            186.RE 75.  57  23
 224  2.80541E+00  1.01475E-02  1.01475E-02  0.00000E+00            186.RE 75.  58  24
 225  6.79244E-02  1.05462E-02  1.05462E-02  0.00000E+00            186.RE 75.  59  25
 226  1.01703E-01  1.06153E-02  1.06153E-02  0.00000E+00            186.RE 75.  60  26
 227  5.62253E-01  1.19912E-02  1.19912E-02  0.00000E+00            186.RE 75.  61  27
 228  7.36449E-01  1.20654E-02  1.20654E-02  0.00000E+00            186.RE 75.  62  28
 229  9.70410E-03  1.22297E-02  1.22297E-02  0.00000E+00            186.RE 75.  63  29
 230  1.51781E-02  1.22434E-02  1.22434E-02  0.00000E+00            186.RE 75.  64  30
 231  9.01586E-02  1.24470E-02  1.24470E-02  0.00000E+00            186.RE 75.  65  31
 232  1.14614E-01  1.24586E-02  1.24586E-02  0.00000E+00            186.RE 75.  66  32
 233  3.65803E-04  1.24985E-02  1.24985E-02  0.00000E+00            186.RE 75.  67  33
 234  5.54276E-04  1.24995E-02  1.24995E-02  0.00000E+00            186.RE 75.  68  34
 241  2.06599E-04  1.45500E-03  1.45500E-03  0.00000E+00            186.RE 75.  69  41
 242  3.82327E-01  9.08140E-03  9.08140E-03  0.00000E+00            186.RE 75.  70  42
 243  1.25228E-02  9.63249E-03  9.63249E-03  0.00000E+00            186.RE 75.  71  43
 244  1.37200E+01  1.00312E-02  1.00312E-02  0.00000E+00            186.RE 75.  72  44
 245  9.23967E-02  1.13772E-02  1.13772E-02  0.00000E+00            186.RE 75.  73  45
 246  3.27086E-03  1.15504E-02  1.15504E-02  0.00000E+00            186.RE 75.  74  46
 247  2.58412E+00  1.17147E-02  1.17147E-02  0.00000E+00            186.RE 75.  75  47
 248  7.31739E-03  1.19373E-02  1.19373E-02  0.00000E+00            186.RE 75.  76  48
 249  1.78953E-02  1.19014E-02  1.19014E-02  0.00000E+00            186.RE 75.  77  49
 250  6.72184E-04  1.19436E-02  1.19436E-02  0.00000E+00            186.RE 75.  78  50
 251  9.91928E-02  1.19835E-02  1.19835E-02  0.00000E+00            186.RE 75.  79  51
 261  1.49287E+00  7.62640E-03  7.62640E-03  0.00000E+00            186.RE 75.  80  61
 262  1.31153E-02  7.86060E-03  7.86060E-03  0.00000E+00            186.RE 75.  81  62
 263  1.18748E-02  8.17750E-03  8.17750E-03  0.00000E+00            186.RE 75.  82  63
 264  2.55238E+00  8.57619E-03  8.57619E-03  0.00000E+00            186.RE 75.  83  64
 265  2.25150E+01  8.64528E-03  8.64528E-03  0.00000E+00            186.RE 75.  84  65
 266  2.85615E-01  9.92217E-03  9.92217E-03  0.00000E+00            186.RE 75.  85  66
 267  2.80510E-03  1.00212E-02  1.00212E-02  0.00000E+00            186.RE 75.  86  67
 268  2.77565E-03  1.00954E-02  1.00954E-02  0.00000E+00            186.RE 75.  87  68
 269  4.49236E-01  1.02597E-02  1.02597E-02  0.00000E+00            186.RE 75.  88  69
 270  4.03485E+00  1.02735E-02  1.02735E-02  0.00000E+00            186.RE 75.  89  70
 271  2.26710E-03  1.04824E-02  1.04824E-02  0.00000E+00            186.RE 75.  90  71
 272  1.27237E-02  1.04850E-02  1.04850E-02  0.00000E+00            186.RE 75.  91  72
 273  5.82539E-02  1.04464E-02  1.04464E-02  0.00000E+00            186.RE 75.  92  73
 274  5.95914E-04  1.04770E-02  1.04770E-02  0.00000E+00            186.RE 75.  93  74
 275  5.68598E-04  1.04886E-02  1.04886E-02  0.00000E+00            186.RE 75.  94  75
 276  1.71649E-02  1.05285E-02  1.05285E-02  0.00000E+00            186.RE 75.  95  76
 277  1.46919E-01  1.05295E-02  1.05295E-02  0.00000E+00            186.RE 75.  96  77
 291  8.96807E+00  1.84862E-03  1.84862E-03  0.00000E+00            186.RE 75.  97  91
 292  1.92555E-01  2.52292E-04  2.52292E-04  0.00000E+00            186.RE 75.  98  92
 293  3.37356E-04  4.14524E-05  4.14524E-05  0.00000E+00            186.RE 75.  99  93
 294  2.21636E+03  3.75795E-05  3.75795E-05  0.00000E+00            186.RE 75. 100  94
 7 1  3.54752E-02  4.85493E-02  4.85493E-02  0.00000E+00            186.RE 75. 101   1
 7 2  1.86885E-02  5.80540E-02  5.80540E-02  0.00000E+00            186.RE 75. 102   2
 7 3  2.36709E-03  6.75681E-02  6.75681E-02  0.00000E+00            186.RE 75. 103   3
 7 4  8.48393E+01  4.81177E-04  4.81177E-04  0.00000E+00            186.RE 75. 104   4
 7 5  9.06593E+01  6.76600E-03  6.76600E-03  0.00000E+00            186.RE 75. 105   5
 7 6  3.54535E+01  8.60249E-03  8.60249E-03  0.00000E+00            186.RE 75. 106   6
 7 7  3.44439E+00  1.04753E-02  1.04753E-02  0.00000E+00            186.RE 75. 107   7
 7 8  1.50125E+02  3.31924E-04  3.31924E-04  0.00000E+00            186.RE 75. 108   8
 7 9  3.53015E+02  1.52532E-03  1.52532E-03  0.00000E+00            186.RE 75. 109   9
 710  2.49049E+01  1.71480E-03  1.71480E-03  0.00000E+00            186.RE 75. 110  10
 711  1.33073E+00  1.98650E-03  1.98650E-03  0.00000E+00            186.RE 75. 111  11
 712  7.38462E+02  1.62417E-04  1.62417E-04  0.00000E+00            186.RE 75. 112  12
 713  2.83273E+01  3.35028E-04  3.35028E-04  0.00000E+00            186.RE 75. 113  13
 714  4.38064E+02  2.73040E-05  2.73040E-05  0.00000E+00            186.RE 75. 114  14
 715  1.27575E+00  5.27722E-05  5.27722E-05  0.00000E+00            186.RE 75. 115  15
%%%% 186 RE  75 M  IT           6.31152E+12  2.00E+5 Y 02-11-2005       SEEIEND 
 


   ***************************************************** 
   *                 Radiation Summary                 * 
   ***************************************************** 
 
  Energy released by
    Gamma-ray                       (MeV) =   1.36728E-02
    X-ray                           (MeV) =   6.16967E-03
    Free-bound X-ray                (MeV) =   8.32895E-04
    Annihilation photon             (MeV) =   0.00000E+00
    Beta+ particle                  (MeV) =   0.00000E+00
    Neutrino                        (MeV) =   0.00000E+00
    Beta- particle                  (MeV) =   0.00000E+00
    Neutrino-                       (MeV) =   0.00000E+00
    Internal conv. electron         (MeV) =   1.08966E-01
    Auger and CK electron           (MeV) =   1.77336E-02
    Alpha particle                  (MeV) =   0.00000E+00
    Recoil nucleus                  (MeV) =   0.00000E+00
  E-total (except unplaced radiat.) (MeV) =   1.47375E-01
  E-unplaced radiation              (MeV) =   0.00000E+00
  Q-value from ENSDF data           (MeV) =   1.49000E-01
  Ratio of E-total/Q-value          ( % ) =   9.89095E+01
  Ratio of E-unplaced radi./Q-value ( % ) =   0.00000E+00

 
  Total yield of
    Gamma-ray                             =   2.39978E-01
    X-ray                                 =   6.58052E-01
    Free-bound X-ray                      =   2.21636E+01
    Annihilation photon                   =   0.00000E+00
    Beta+ particle                        =   0.00000E+00
    Beta- particle                        =   0.00000E+00
    Internal conv. electron               =   2.64688E+00
    Auger and CK electron                 =   1.94996E+01
    Alpha particle                        =   0.00000E+00
  Yield of unplaced radiation             =   0.00000E+00


