%%%% 220 RN  86    A            5.56000E+01 55.6 S     02-11-2005       BALASTAR
1 220   RN  86 55.6 S          A          
1INTENSITY AND ENERGY BALANCE DATA

              220-RADON-86
+                                    HALFLIFE = 55.6 SECONDS 
+                                                                  02-11-2005


    LEVEL       INTENSITY   INTENSITY
    ENERGY      ENTERING    LEAVING     PERCENT
    (MEV)       LEVEL       LEVEL       ERROR

   0.0000E+00  1.0000E+02
   5.4973E-01  1.1400E-01  1.1697E-01  2.5700E+00                      


 INTENSITY TO GROUND AND ISOMERIC STATE(S) OF DAUGHTER(S)=  1.000E+02
 TOTAL INTENSITY FROM PARENT=  1.000E+02
 PERCENT ERROR =  2.968E-03                      


 TOTAL INTENSITY FROM PARENT =  1.000E+02
 VALUE IS WITHIN   0.00E+00% OF 100                      


 TOTAL ENERGY AVAILABLE =  6.405E+00 MEV
 TOTAL ENERGY CONTENT OF ALL RADIATIONS =  6.405E+00 MEV
 PERCENT ERROR =  2.531E-04                      
%%%% 220 RN  86    A            5.56000E+01 55.6 S     02-11-2005       BALAEND 
%%%% 220 RN  86    A            5.56000E+01 55.6 S     02-11-2005       INPUSTAR
1                                      **INPUT DATA**
              220-RADON-86
+                                    HALFLIFE = 55.6 SECONDS 
+                                                                  02-11-2005

            MODE OF DECAY: ALPHA
 
                                MEAN
                                NUMBER/    TRANSITION
                TYPE OF    ID   TRANSFOR-  ENERGY
              TRANSITION   NO.  MATION     (MEV)       OTHER NUCLEAR PARAMETERS

                    ALPHA   1   1.14E-03   5.855E+00                                            
                    ALPHA   2   9.99E-01   6.405E+00                                            
           I.C.E. + GAMMA   1   1.17E-03   5.497E-01   E2 MULTIPOLE                             
+                                                                    AK= 0.0184                 
                                                       AL1=0.00280   AL2=0.00217                
                                                       AM= 0.00143                              
 
           - - - - - - - - - -
           Reference: Evaluated Nuclear Structure Data File (ENSDF)
                DATE DATA WERE ENTERED INTO ENSDF: Mar-1997
%%%% 220 RN  86    A            5.56000E+01 55.6 S     02-11-2005       INPUEND 
%%%% 220 RN  86    A            5.56000E+01 55.6 S     02-11-2005       OUTPSTAR
1                                      **OUTPUT DATA**
              220-RADON-86
+                                    HALFLIFE = 55.6 SECONDS 
+                                                                  02-11-2005

            MODE OF DECAY: ALPHA
 
                                              MEAN
                                              NUMBER/                  MEV/
                                         ID   TRANSFOR-   ENERGY       TRANSFOR-
                  TYPE OF RADIATION      NO.  MATION      (MEV)        MATION

           ALPHA                          1   1.14E-03    5.748E+00    6.55E-03
           RECOIL ATOM                        1.14E-03    1.065E-01    1.21E-04
           ALPHA                          2   9.99E-01    6.288E+00    6.28E+00
           RECOIL ATOM                        9.99E-01    1.165E-01    1.16E-01
           GAMMA-RAY                      1   1.14E-03    5.497E-01    6.27E-04
           K CONV. ELECTRON, GAMMA-RAY    1   2.10E-05    4.563E-01    9.59E-06
           L1 CONV. ELECTRON, GAMMA-RAY   1   3.20E-06    5.328E-01    1.70E-06
           L2 CONV. ELECTRON, GAMMA-RAY   1   2.47E-06    5.334E-01    1.32E-06
           L3 CONV. ELECTRON, GAMMA-RAY   1   8.31E-07    5.359E-01    4.45E-07
           M CONV. ELECTRON, GAMMA-RAY    1   1.63E-06    5.464E-01*   8.89E-07
           N+ CONV. ELECTRON, GAMMA-RAY   1   5.29E-07    5.497E-01*   2.91E-07
           K -L3 X-RAY                        9.92E-06    7.961E-02    7.90E-07
           AUGER KLL                          4.83E-07    6.188E-02*   2.99E-08
           AUGER KLX                          2.67E-07    7.462E-02*   1.99E-08
           AUGER LMM                          9.18E-06    8.515E-03*   7.82E-08
           AUGER LMX                          4.20E-06    1.107E-02*   4.64E-08
           AUGER MNN                          3.16E-05    2.017E-03*   6.37E-08
 
           ALL LISTED X-RAYS, GAMMA-RAYS AND ANNIHILATION RADIATION    6.27E-04
           ALL NEGLECTED X-RAYS, GAMMA-RAYS AND ANNIH. RADIATION**     9.95E-07
           ALL LISTED BETAS, INTERNAL CONVERSION AND AUGER ELECTRONS   1.45E-05
           ALL NEGLECTED BETAS, INT. CONVERSION AND AUGER ELECTRONS**  5.44E-08
           ALL LISTED ALPHA PARTICLES AND  RECOIL NUCLEI               6.40E+00
           ALL LISTED RADIATIONS                                       6.40E+00
           ALL NEGLECTED RADIATIONS**                                  1.05E-06
 
           *  AVERAGE ENERGY (MEV)
           ** EACH NEGLECTED TRANSITION CONTRIBUTES LESS THAN  0.100%
              TO THE TOTAL MEV/TRANSFORMATION FOR THIS CATEGORY.
           TOTAL FEEDING OF GROUND STATE LEVEL IN 216-POLONIUM
             DAUGHTER IS 1.0000E+00 PER TRANSFORMATION OF 220-RADON.
             DECAY OF THIS 0.145 SECONDS HALFLIFE LEVEL WILL CONTRIBUTE TO DOSE.
           - - - - - - - - - -
           INPUT DATA SOURCE: EVALUATED NUCLEAR STRUCTURE DATA FILE (ENSDF)
             DATE INPUT DATA WERE ENTERED INTO ENSDF: Mar-1997
%%%% 220 RN  86    A            5.56000E+01 55.6 S     02-11-2005       OUTPEND 
%%%% 220 RN  86    A            5.56000E+01 55.6 S     02-11-2005       SEEISTAR
220.  RADON        86.  5.560E+01 SECONDS   93 A                    220.RN 86.   0
 8 1  1.14000E-01  5.74842E+00  1.06521E-01  0.00000E+00            220.RN 86.   1   1
 8 2  9.98860E+01  6.28815E+00  1.16523E-01  0.00000E+00            220.RN 86.   2   2
 1 1  1.14000E-01  5.49730E-01  5.49730E-01  0.00000E+00            220.RN 86.   3   1
 6 1  2.10252E-03  4.56306E-01  4.56306E-01  1.00000E+00            220.RN 86.   4   1
 6 5  3.19564E-04  5.32812E-01  5.32812E-01  1.00000E+00            220.RN 86.   5   5
 6 6  2.47124E-04  5.33433E-01  5.33433E-01  1.00000E+00            220.RN 86.   6   6
 6 7  8.30518E-05  5.35913E-01  5.35913E-01  1.00000E+00            220.RN 86.   7   7
 6 3  1.62769E-04  5.46449E-01  5.46449E-01  1.00000E+00            220.RN 86.   8   3
 6 4  5.28578E-05  5.49730E-01  5.49730E-01  1.00000E+00            220.RN 86.   9   4
 2 1  5.95956E-04  7.71271E-02  7.71271E-02  0.00000E+00            220.RN 86.  10   1
 2 2  9.92047E-04  7.96070E-02  7.96070E-02  0.00000E+00            220.RN 86.  11   2
 2 3  1.11355E-04  8.95836E-02  8.95836E-02  0.00000E+00            220.RN 86.  12   3
 2 4  2.16076E-04  9.01425E-02  9.01425E-02  0.00000E+00            220.RN 86.  13   4
 2 5  3.20085E-06  9.06207E-02  9.06207E-02  0.00000E+00            220.RN 86.  14   5
 2 6  3.83034E-06  9.07388E-02  9.07388E-02  0.00000E+00            220.RN 86.  15   6
 2 7  2.68489E-05  9.25794E-02  9.25794E-02  0.00000E+00            220.RN 86.  16   7
 2 8  5.30000E-05  9.27190E-02  9.27190E-02  0.00000E+00            220.RN 86.  17   8
 2 9  8.70143E-07  9.29282E-02  9.29282E-02  0.00000E+00            220.RN 86.  18   9
 210  1.04068E-06  9.29543E-02  9.29543E-02  0.00000E+00            220.RN 86.  19  10
 211  6.28945E-06  9.32881E-02  9.32881E-02  0.00000E+00            220.RN 86.  20  11
 212  1.20961E-05  9.33164E-02  9.33164E-02  0.00000E+00            220.RN 86.  21  12
 213  1.29127E-07  9.33820E-02  9.33820E-02  0.00000E+00            220.RN 86.  22  13
 214  1.51639E-07  9.33856E-02  9.33856E-02  0.00000E+00            220.RN 86.  23  14
 215  3.90603E-07  9.34137E-02  9.34137E-02  0.00000E+00            220.RN 86.  24  15
 216  6.44167E-07  9.34163E-02  9.34163E-02  0.00000E+00            220.RN 86.  25  16
 221  4.42399E-09  6.21000E-04  6.21000E-04  0.00000E+00            220.RN 86.  26  21
 222  1.36715E-06  3.10101E-03  3.10101E-03  0.00000E+00            220.RN 86.  27  22
 223  1.34847E-05  1.30778E-02  1.30778E-02  0.00000E+00            220.RN 86.  28  23
 224  1.41494E-05  1.36365E-02  1.36365E-02  0.00000E+00            220.RN 86.  29  24
 225  5.12601E-07  1.41145E-02  1.41145E-02  0.00000E+00            220.RN 86.  30  25
 226  7.66615E-07  1.42329E-02  1.42329E-02  0.00000E+00            220.RN 86.  31  26
 227  3.50768E-06  1.60737E-02  1.60737E-02  0.00000E+00            220.RN 86.  32  27
 228  4.04877E-06  1.62131E-02  1.62131E-02  0.00000E+00            220.RN 86.  33  28
 229  8.04321E-08  1.64225E-02  1.64225E-02  0.00000E+00            220.RN 86.  34  29
 230  1.27634E-07  1.64484E-02  1.64484E-02  0.00000E+00            220.RN 86.  35  30
 231  7.25399E-07  1.67823E-02  1.67823E-02  0.00000E+00            220.RN 86.  36  31
 232  8.29028E-07  1.68105E-02  1.68105E-02  0.00000E+00            220.RN 86.  37  32
 233  1.06930E-08  1.68759E-02  1.68759E-02  0.00000E+00            220.RN 86.  38  33
 234  1.68934E-08  1.68795E-02  1.68795E-02  0.00000E+00            220.RN 86.  39  34
 235  5.19175E-08  1.69078E-02  1.69078E-02  0.00000E+00            220.RN 86.  40  35
 236  5.08354E-08  1.69106E-02  1.69106E-02  0.00000E+00            220.RN 86.  41  36
 241  1.28144E-08  2.48000E-03  2.48000E-03  0.00000E+00            220.RN 86.  42  41
 242  8.29380E-06  1.21694E-02  1.21694E-02  0.00000E+00            220.RN 86.  43  42
 243  3.57547E-07  1.30155E-02  1.30155E-02  0.00000E+00            220.RN 86.  44  43
 244  3.03172E-04  1.34935E-02  1.34935E-02  0.00000E+00            220.RN 86.  45  44
 245  2.16327E-06  1.53254E-02  1.53254E-02  0.00000E+00            220.RN 86.  46  45
 246  1.00961E-07  1.55920E-02  1.55920E-02  0.00000E+00            220.RN 86.  47  46
 247  6.32977E-05  1.58015E-02  1.58015E-02  0.00000E+00            220.RN 86.  48  47
 248  2.92381E-07  1.61015E-02  1.61015E-02  0.00000E+00            220.RN 86.  49  48
 249  4.81122E-07  1.61156E-02  1.61156E-02  0.00000E+00            220.RN 86.  50  49
 250  2.08532E-08  1.61894E-02  1.61894E-02  0.00000E+00            220.RN 86.  51  50
 251  8.95479E-06  1.62548E-02  1.62548E-02  0.00000E+00            220.RN 86.  52  51
 253  7.25793E-08  1.62767E-02  1.62767E-02  0.00000E+00            220.RN 86.  53  53
 254  1.26435E-09  1.62896E-02  1.62896E-02  0.00000E+00            220.RN 86.  54  54
 261  2.47835E-05  9.68940E-03  9.68940E-03  0.00000E+00            220.RN 86.  55  61
 262  2.74897E-07  9.97683E-03  9.97683E-03  0.00000E+00            220.RN 86.  56  62
 263  2.48602E-07  1.05355E-02  1.05355E-02  0.00000E+00            220.RN 86.  57  63
 264  4.33321E-05  1.10135E-02  1.10135E-02  0.00000E+00            220.RN 86.  58  64
 265  3.81362E-04  1.11319E-02  1.11319E-02  0.00000E+00            220.RN 86.  59  65
 266  5.75177E-06  1.28454E-02  1.28454E-02  0.00000E+00            220.RN 86.  60  66
 267  6.21208E-08  1.29727E-02  1.29727E-02  0.00000E+00            220.RN 86.  61  67
 268  6.44984E-08  1.31120E-02  1.31120E-02  0.00000E+00            220.RN 86.  62  68
 269  8.25046E-06  1.33214E-02  1.33214E-02  0.00000E+00            220.RN 86.  63  69
 270  7.47691E-05  1.33474E-02  1.33474E-02  0.00000E+00            220.RN 86.  64  70
 271  7.27969E-08  1.36215E-02  1.36215E-02  0.00000E+00            220.RN 86.  65  71
 272  4.05623E-07  1.36277E-02  1.36277E-02  0.00000E+00            220.RN 86.  66  72
 273  1.28751E-06  1.36357E-02  1.36357E-02  0.00000E+00            220.RN 86.  67  73
 274  1.30742E-08  1.36813E-02  1.36813E-02  0.00000E+00            220.RN 86.  68  74
 275  1.38357E-08  1.37095E-02  1.37095E-02  0.00000E+00            220.RN 86.  69  75
 276  1.14830E-06  1.37749E-02  1.37749E-02  0.00000E+00            220.RN 86.  70  76
 277  1.02778E-05  1.37785E-02  1.37785E-02  0.00000E+00            220.RN 86.  71  77
 280  1.90999E-07  1.37967E-02  1.37967E-02  0.00000E+00            220.RN 86.  72  80
 281  8.87468E-10  1.38067E-02  1.38067E-02  0.00000E+00            220.RN 86.  73  81
 282  7.91837E-10  1.38096E-02  1.38096E-02  0.00000E+00            220.RN 86.  74  82
 291  1.47459E-04  2.54391E-03  2.54391E-03  0.00000E+00            220.RN 86.  75  91
 292  3.21758E-06  3.70102E-04  3.70102E-04  0.00000E+00            220.RN 86.  76  92
 293  4.44113E-08  8.54340E-05  8.54340E-05  0.00000E+00            220.RN 86.  77  93
 294  3.47861E-02  3.84154E-05  3.84154E-05  0.00000E+00            220.RN 86.  78  94
 7 1  4.83417E-05  6.18768E-02  6.18768E-02  0.00000E+00            220.RN 86.  79   1
 7 2  2.66933E-05  7.46184E-02  7.46184E-02  0.00000E+00            220.RN 86.  80   2
 7 3  3.55697E-06  8.73736E-02  8.73736E-02  0.00000E+00            220.RN 86.  81   3
 7 4  3.79971E-04  1.16796E-03  1.16796E-03  0.00000E+00            220.RN 86.  82   4
 7 5  9.17875E-04  8.51492E-03  8.51492E-03  0.00000E+00            220.RN 86.  83   5
 7 6  4.19638E-04  1.10687E-02  1.10687E-02  0.00000E+00            220.RN 86.  84   6
 7 7  4.57246E-05  1.36519E-02  1.36519E-02  0.00000E+00            220.RN 86.  85   7
 7 8  1.34669E-03  4.36395E-04  4.36395E-04  0.00000E+00            220.RN 86.  86   8
 7 9  3.15724E-03  2.01693E-03  2.01693E-03  0.00000E+00            220.RN 86.  87   9
 710  4.34877E-04  2.31106E-03  2.31106E-03  0.00000E+00            220.RN 86.  88  10
 711  2.26944E-05  2.74136E-03  2.74136E-03  0.00000E+00            220.RN 86.  89  11
 712  5.84010E-03  1.74804E-04  1.74804E-04  0.00000E+00            220.RN 86.  90  12
 713  1.08372E-02  9.71577E-05  9.71577E-05  0.00000E+00            220.RN 86.  91  13
 714  8.30700E-03  3.94859E-05  3.94859E-05  0.00000E+00            220.RN 86.  92  14
 715  2.10112E-05  1.22091E-04  1.22091E-04  0.00000E+00            220.RN 86.  93  15
%%%% 220 RN  86    A            5.56000E+01 55.6 S     02-11-2005       SEEIEND 
 


   ***************************************************** 
   *                 Radiation Summary                 * 
   ***************************************************** 
 
  Energy released by
    Gamma-ray                       (MeV) =   6.26692E-04
    X-ray                           (MeV) =   1.77093E-06
    Free-bound X-ray                (MeV) =   1.33632E-08
    Annihilation photon             (MeV) =   0.00000E+00
    Beta+ particle                  (MeV) =   0.00000E+00
    Neutrino                        (MeV) =   0.00000E+00
    Beta- particle                  (MeV) =   0.00000E+00
    Neutrino-                       (MeV) =   0.00000E+00
    Internal conv. electron         (MeV) =   1.42399E-05
    Auger and CK electron           (MeV) =   2.92496E-07
    Alpha particle                  (MeV) =   6.28753E+00
    Recoil nucleus                  (MeV) =   1.16511E-01
  E-total (except unplaced radiat.) (MeV) =   6.40469E+00
  E-unplaced radiation              (MeV) =   0.00000E+00
  Q-value from ENSDF data           (MeV) =   6.40467E+00
  Ratio of E-total/Q-value          ( % ) =   1.00000E+02
  Ratio of E-unplaced radi./Q-value ( % ) =   0.00000E+00

 
  Total yield of
    Gamma-ray                             =   1.14000E-03
    X-ray                                 =   3.15391E-05
    Free-bound X-ray                      =   3.47861E-04
    Annihilation photon                   =   0.00000E+00
    Beta+ particle                        =   0.00000E+00
    Beta- particle                        =   0.00000E+00
    Internal conv. electron               =   2.96788E-05
    Auger and CK electron                 =   3.18086E-04
    Alpha particle                        =   1.00000E+00
  Yield of unplaced radiation             =   0.00000E+00


