%%%%  47 SC  21    B-           2.89371E+05 3.3492 D   02-11-2005       BALASTAR
1  47   SC  21 3.3492 D        B-         
1INTENSITY AND ENERGY BALANCE DATA

              47-SCANDIUM-21
+                                    HALFLIFE = 3.3492 DAYS    
+                                                                  02-11-2005


    LEVEL       INTENSITY   INTENSITY
    ENERGY      ENTERING    LEAVING     PERCENT
    (MEV)       LEVEL       LEVEL       ERROR

   0.0000E+00  1.0021E+02
   1.5938E-01  6.8400E+01  6.8607E+01  3.0269E-01                      


 INTENSITY TO GROUND AND ISOMERIC STATE(S) OF DAUGHTER(S)=  1.002E+02
 TOTAL INTENSITY FROM PARENT=  1.000E+02
 PERCENT ERROR =  2.069E-01                      


 TOTAL INTENSITY FROM PARENT =  1.000E+02
 VALUE IS WITHIN   0.00E+00% OF 100                      


 TOTAL ENERGY AVAILABLE =  6.001E-01 MEV
 TOTAL ENERGY CONTENT OF ALL RADIATIONS =  6.004E-01 MEV
 PERCENT ERROR =  5.505E-02                      
%%%%  47 SC  21    B-           2.89371E+05 3.3492 D   02-11-2005       BALAEND 
%%%%  47 SC  21    B-           2.89371E+05 3.3492 D   02-11-2005       INPUSTAR
1                                      **INPUT DATA**
              47-SCANDIUM-21
+                                    HALFLIFE = 3.3492 DAYS    
+                                                                  02-11-2005

            MODE OF DECAY: BETA MINUS
 
                                MEAN
                                NUMBER/    TRANSITION
                TYPE OF    ID   TRANSFOR-  ENERGY
              TRANSITION   NO.  MATION     (MEV)       OTHER NUCLEAR PARAMETERS

               BETA MINUS   1   6.84E-01   4.407E-01*  ALLOWED                                  
               BETA MINUS   2   3.16E-01   6.001E-01*  ALLOWED                                  
           I.C.E. + GAMMA   1   6.86E-01   1.594E-01   M1+E2 MULTIPOLE                          
                                                       MRS=0.00980   AK= 0.00412                
 
           * ENDPOINT ENERGY (MEV)
           - - - - - - - - - -
           Reference: Evaluated Nuclear Structure Data File (ENSDF)
                DATE DATA WERE ENTERED INTO ENSDF: Mar-1995
%%%%  47 SC  21    B-           2.89371E+05 3.3492 D   02-11-2005       INPUEND 
%%%%  47 SC  21    B-           2.89371E+05 3.3492 D   02-11-2005       OUTPSTAR
1                                      **OUTPUT DATA**
              47-SCANDIUM-21
+                                    HALFLIFE = 3.3492 DAYS    
+                                                                  02-11-2005

            MODE OF DECAY: BETA MINUS
 
                                              MEAN
                                              NUMBER/                  MEV/
                                         ID   TRANSFOR-   ENERGY       TRANSFOR-
                  TYPE OF RADIATION      NO.  MATION      (MEV)        MATION

           BETA MINUS                     1   6.84E-01    1.426E-01*   9.75E-02
           BETA MINUS                     2   3.16E-01    2.039E-01*   6.44E-02
           GAMMA-RAY                      1   6.83E-01    1.594E-01    1.09E-01
           K CONV. ELECTRON, GAMMA-RAY    1   2.81E-03    1.544E-01    4.35E-04
 
           ALL LISTED X-RAYS, GAMMA-RAYS AND ANNIHILATION RADIATION    1.09E-01
           ALL NEGLECTED X-RAYS, GAMMA-RAYS AND ANNIH. RADIATION**     2.90E-06
           ALL LISTED BETAS, INTERNAL CONVERSION AND AUGER ELECTRONS   1.62E-01
           ALL NEGLECTED BETAS, INT. CONVERSION AND AUGER ELECTRONS**  5.23E-05
           ALL LISTED RADIATIONS                                       2.71E-01
           ALL NEGLECTED RADIATIONS**                                  5.52E-05
 
           *  AVERAGE ENERGY (MEV)
           ** EACH NEGLECTED TRANSITION CONTRIBUTES LESS THAN  0.100%
              TO THE TOTAL MEV/TRANSFORMATION FOR THIS CATEGORY.
           TOTAL FEEDING OF GROUND STATE LEVEL IN 47-TITANIUM
             DAUGHTER IS 1.0000E+00 PER TRANSFORMATION OF  47-SCANDIUM.
             THIS DAUGHTER GROUND STATE IS STABLE.
           - - - - - - - - - -
           INPUT DATA SOURCE: EVALUATED NUCLEAR STRUCTURE DATA FILE (ENSDF)
             DATE INPUT DATA WERE ENTERED INTO ENSDF: Mar-1995
%%%%  47 SC  21    B-           2.89371E+05 3.3492 D   02-11-2005       OUTPEND 
%%%%  47 SC  21    B-           2.89371E+05 3.3492 D   02-11-2005       BETASTAR
1
              47-SCANDIUM-21
+                                    HALFLIFE = 3.3492 DAYS    
+                                                                  02-11-2005

            BETA SPECTRUM DATA FOR ALL DECAY BRANCHES

                      BETAS PER                BETAS PER                BETAS PER
            ENERGY    MEV            ENERGY    MEV            ENERGY    MEV
            (MEV)     PER DECAY      (MEV)     PER DECAY      (MEV)     PER DECAY

            0.00000   3.398E+00      0.00180   3.384E+00      0.03600   3.450E+00
            0.00010   3.397E+00      0.00200   3.383E+00      0.04000   3.463E+00
            0.00011   3.397E+00      0.00220   3.381E+00      0.04500   3.479E+00
            0.00012   3.397E+00      0.00240   3.379E+00      0.05000   3.491E+00
            0.00013   3.397E+00      0.00260   3.378E+00      0.05500   3.501E+00
            0.00014   3.397E+00      0.00280   3.378E+00      0.06000   3.508E+00
            0.00015   3.397E+00      0.00300   3.377E+00      0.06500   3.513E+00
            0.00016   3.397E+00      0.00320   3.377E+00      0.07000   3.515E+00
            0.00018   3.397E+00      0.00360   3.376E+00      0.07500   3.514E+00
            0.00020   3.397E+00      0.00400   3.374E+00      0.08000   3.510E+00
            0.00022   3.397E+00      0.00450   3.373E+00      0.08500   3.503E+00
            0.00024   3.396E+00      0.00500   3.372E+00      0.09000   3.494E+00
            0.00026   3.396E+00      0.00550   3.371E+00      0.10000   3.468E+00
            0.00028   3.396E+00      0.00600   3.369E+00      0.11000   3.432E+00
            0.00030   3.396E+00      0.00650   3.368E+00      0.12000   3.386E+00
            0.00032   3.396E+00      0.00700   3.368E+00      0.13000   3.332E+00
            0.00036   3.395E+00      0.00750   3.367E+00      0.14000   3.269E+00
            0.00040   3.395E+00      0.00800   3.366E+00      0.15000   3.197E+00
            0.00045   3.395E+00      0.00850   3.366E+00      0.16000   3.118E+00
            0.00050   3.394E+00      0.00900   3.365E+00      0.18000   2.940E+00
            0.00055   3.394E+00      0.01000   3.365E+00      0.20000   2.737E+00
            0.00060   3.394E+00      0.01100   3.366E+00      0.22000   2.515E+00
            0.00065   3.393E+00      0.01200   3.367E+00      0.24000   2.277E+00
            0.00070   3.393E+00      0.01300   3.368E+00      0.26000   2.028E+00
            0.00075   3.392E+00      0.01400   3.370E+00      0.28000   1.774E+00
            0.00080   3.392E+00      0.01500   3.373E+00      0.30000   1.521E+00
            0.00085   3.392E+00      0.01600   3.375E+00      0.32000   1.272E+00
            0.00090   3.391E+00      0.01800   3.381E+00      0.36000   8.163E-01
            0.00100   3.390E+00      0.02000   3.388E+00      0.40000   4.581E-01
            0.00110   3.390E+00      0.02200   3.396E+00      0.45000   2.282E-01
            0.00120   3.389E+00      0.02400   3.403E+00      0.50000   1.132E-01
            0.00130   3.388E+00      0.02600   3.411E+00      0.55000   3.145E-02
            0.00140   3.387E+00      0.02800   3.419E+00      0.60000   1.380E-07
            0.00150   3.386E+00      0.03000   3.427E+00      0.60010   0.000E+00
            0.00160   3.386E+00      0.03200   3.435E+00

            AVERAGE BETA ENERGY =   1.619E-01

            TOTAL BETAS PER DECAY FOR ALL BRANCHES =   1.000E+00
%%%%  47 SC  21    B-           2.89371E+05 3.3492 D   02-11-2005       BETAEND 
%%%%  47 SC  21    B-           2.89371E+05 3.3492 D   02-11-2005       SEEISTAR
 47.  SCANDIUM     21.  3.349E+00 DAYS      39 B-                    47.SC 21.   0
 5 1  6.84000E+01  1.42552E-01  4.40719E-01  0.00000E+00             47.SC 21.   1   1
 5 2  3.16000E+01  2.03876E-01  6.00100E-01  0.00000E+00             47.SC 21.   2   2
 1 1  6.83000E+01  1.59381E-01  1.59381E-01  0.00000E+00             47.SC 21.   3   1
 6 1  2.81457E-01  1.54440E-01  1.54440E-01  1.00000E+00             47.SC 21.   4   1
 6 5  2.50781E-02  1.58824E-01  1.58824E-01  1.00000E+00             47.SC 21.   5   5
 6 6  4.93027E-04  1.58910E-01  1.58910E-01  1.00000E+00             47.SC 21.   6   6
 6 7  3.22334E-04  1.58916E-01  1.58916E-01  1.00000E+00             47.SC 21.   7   7
 2 1  1.81816E-02  4.46937E-03  4.46937E-03  0.00000E+00             47.SC 21.   8   1
 2 2  3.57844E-02  4.47537E-03  4.47537E-03  0.00000E+00             47.SC 21.   9   2
 2 3  2.06216E-03  4.89550E-03  4.89550E-03  0.00000E+00             47.SC 21.  10   3
 2 4  4.07408E-03  4.89619E-03  4.89619E-03  0.00000E+00             47.SC 21.  11   4
 2 5  1.66091E-07  4.93221E-03  4.93221E-03  0.00000E+00             47.SC 21.  12   5
 2 6  2.44446E-07  4.93226E-03  4.93226E-03  0.00000E+00             47.SC 21.  13   6
 221  7.10705E-06  8.62201E-05  8.62201E-05  0.00000E+00             47.SC 21.  14  21
 222  2.28391E-05  9.21999E-05  9.21999E-05  0.00000E+00             47.SC 21.  15  22
 223  3.60119E-05  5.12341E-04  5.12341E-04  0.00000E+00             47.SC 21.  16  23
 224  5.26900E-05  5.13019E-04  5.13019E-04  0.00000E+00             47.SC 21.  17  24
 225  3.41592E-08  5.49051E-04  5.49051E-04  0.00000E+00             47.SC 21.  18  25
 226  5.09466E-08  5.49101E-04  5.49101E-04  0.00000E+00             47.SC 21.  19  26
 241  4.79922E-12  5.97999E-06  5.97999E-06  0.00000E+00             47.SC 21.  20  41
 242  3.17313E-04  4.02611E-04  4.02611E-04  0.00000E+00             47.SC 21.  21  42
 243  3.57107E-07  4.26799E-04  4.26799E-04  0.00000E+00             47.SC 21.  22  43
 244  2.65300E-05  4.62830E-04  4.62830E-04  0.00000E+00             47.SC 21.  23  44
 245  5.93752E-06  4.64940E-04  4.64940E-04  0.00000E+00             47.SC 21.  24  45
 261  5.84496E-04  3.96631E-04  3.96631E-04  0.00000E+00             47.SC 21.  25  61
 262  3.28483E-07  4.20139E-04  4.20139E-04  0.00000E+00             47.SC 21.  26  62
 263  3.22167E-07  4.20819E-04  4.20819E-04  0.00000E+00             47.SC 21.  27  63
 264  3.79098E-06  4.56851E-04  4.56851E-04  0.00000E+00             47.SC 21.  28  64
 265  4.45427E-05  4.56900E-04  4.56900E-04  0.00000E+00             47.SC 21.  29  65
 266  1.10004E-05  4.58960E-04  4.58960E-04  0.00000E+00             47.SC 21.  30  66
 291  6.02183E-07  2.49425E-05  2.49425E-05  0.00000E+00             47.SC 21.  31  91
 294  2.23607E+00  7.99611E-06  7.99611E-06  0.00000E+00             47.SC 21.  32  94
 7 1  1.77794E-01  3.96720E-03  3.96720E-03  0.00000E+00             47.SC 21.  33   1
 7 2  4.11605E-02  4.40251E-03  4.40251E-03  0.00000E+00             47.SC 21.  34   2
 7 3  2.39962E-03  4.84163E-03  4.84163E-03  0.00000E+00             47.SC 21.  35   3
 7 4  9.73043E-02  4.64525E-05  4.64525E-05  0.00000E+00             47.SC 21.  36   4
 7 5  4.64693E-01  3.80917E-04  3.80917E-04  0.00000E+00             47.SC 21.  37   5
 7 6  1.08328E-02  4.24966E-04  4.24966E-04  0.00000E+00             47.SC 21.  38   6
 7 8  1.13453E+00  2.71800E-05  2.71800E-05  0.00000E+00             47.SC 21.  39   8
%%%%  47 SC  21    B-           2.89371E+05 3.3492 D   02-11-2005       SEEIEND 
 


   ***************************************************** 
   *                 Radiation Summary                 * 
   ***************************************************** 
 
  Energy released by
    Gamma-ray                       (MeV) =   1.08857E-01
    X-ray                           (MeV) =   2.71904E-06
    Free-bound X-ray                (MeV) =   1.78798E-07
    Annihilation photon             (MeV) =   0.00000E+00
    Beta+ particle                  (MeV) =   0.00000E+00
    Neutrino                        (MeV) =   0.00000E+00
    Beta- particle                  (MeV) =   1.61930E-01
    Neutrino-                       (MeV) =   3.29153E-01
    Internal conv. electron         (MeV) =   4.75808E-04
    Auger and CK electron           (MeV) =   1.11514E-05
    Alpha particle                  (MeV) =   0.00000E+00
    Recoil nucleus                  (MeV) =   0.00000E+00
  E-total (except unplaced radiat.) (MeV) =   6.00430E-01
  E-unplaced radiation              (MeV) =   0.00000E+00
  Q-value from ENSDF data           (MeV) =   6.00100E-01
  Ratio of E-total/Q-value          ( % ) =   1.00055E+02
  Ratio of E-unplaced radi./Q-value ( % ) =   0.00000E+00

 
  Total yield of
    Gamma-ray                             =   6.83000E-01
    X-ray                                 =   6.12166E-04
    Free-bound X-ray                      =   2.23607E-02
    Annihilation photon                   =   0.00000E+00
    Beta+ particle                        =   0.00000E+00
    Beta- particle                        =   1.00000E+00
    Internal conv. electron               =   3.07350E-03
    Auger and CK electron                 =   1.92871E-02
    Alpha particle                        =   0.00000E+00
  Yield of unplaced radiation             =   0.00000E+00


