%%%%  75 SE  34    EC           1.03489E+07 119.779 D  02-11-2005       BALASTAR
1  75   SE  34 119.779 D       EC         
1INTENSITY AND ENERGY BALANCE DATA

              75-SELENIUM-34
+                                    HALFLIFE = 119.779 DAYS    
+                                                                  02-11-2005


    LEVEL       INTENSITY   INTENSITY
    ENERGY      ENTERING    LEAVING     PERCENT
    (MEV)       LEVEL       LEVEL       ERROR

   0.0000E+00  9.9960E+01
   1.9861E-01  1.5544E+00  1.5095E+00  2.9370E+00                      
   2.6466E-01  6.0751E+01  6.0777E+01  4.3091E-02                      
   2.7954E-01  2.5233E+01  2.5288E+01  2.1589E-01                      
   3.0392E-01  6.4957E+00  6.9895E+00  7.3230E+00                      
   4.0066E-01  9.6453E+01  9.5884E+01  5.9175E-01                      
   4.6860E-01  3.4196E-04  3.4247E-04  1.5027E-01                      
   5.7222E-01  3.8329E-02  3.8110E-02  5.7255E-01                      
   6.1770E-01  1.6394E-02  1.6320E-02  4.5512E-01                      
   8.2160E-01  1.6092E-04  1.6024E-04  4.2360E-01                      


 INTENSITY TO GROUND AND ISOMERIC STATE(S) OF DAUGHTER(S)=  9.996E+01
 TOTAL INTENSITY FROM PARENT=  1.000E+02
 PERCENT ERROR =  3.989E-02                      


 TOTAL INTENSITY FROM PARENT =  1.000E+02
 VALUE IS WITHIN   7.63E-06% OF 100                      


 TOTAL ENERGY AVAILABLE =  8.636E-01 MEV
 TOTAL ENERGY CONTENT OF ALL RADIATIONS =  8.630E-01 MEV
 PERCENT ERROR =  7.528E-02                      
%%%%  75 SE  34    EC           1.03489E+07 119.779 D  02-11-2005       BALAEND 
%%%%  75 SE  34    EC           1.03489E+07 119.779 D  02-11-2005       INPUSTAR
1                                      **INPUT DATA**
              75-SELENIUM-34
+                                    HALFLIFE = 119.779 DAYS    
+                                                                  02-11-2005

            MODE OF DECAY: ELECTRON CAPTURE
 
                                MEAN
                                NUMBER/    TRANSITION
                TYPE OF    ID   TRANSFOR-  ENERGY
              TRANSITION   NO.  MATION     (MEV)       OTHER NUCLEAR PARAMETERS

           ELECT. CAPTURE   1   1.61E-06   4.200E-02   FIRST FORBIDDEN                          
           ELECT. CAPTURE   2   1.64E-04   2.459E-01   UNIQUE FIRST FORBIDDEN                   
           ELECT. CAPTURE   3   3.83E-04   2.914E-01   FIRST FORBIDDEN                          
           ELECT. CAPTURE   4   3.42E-06   3.950E-01   UNIQUE FIRST FORBIDDEN                   
           ELECT. CAPTURE   5   9.65E-01   4.629E-01   ALLOWED                                  
           ELECT. CAPTURE   6   2.01E-05   5.597E-01   SECOND FORBIDDEN                         
           ELECT. CAPTURE   7   1.71E-02   5.841E-01   FIRST FORBIDDEN                          
           ELECT. CAPTURE   8   7.04E-03   5.989E-01   FIRST FORBIDDEN                          
           ELECT. CAPTURE   9   7.04E-04   6.650E-01   UNIQUE FIRST FORBIDDEN                   
           ELECT. CAPTURE  10   1.01E-02   8.636E-01   FIRST FORBIDDEN                          
           I.C.E. + GAMMA   1   6.24E-04   1.488E-02   M1+E2 MULTIPOLE                          
                                                       MRS=0.0225    AK= 32.8                   
                                                       AL1=3.32      AL2=4.90                   
                                                       AL3=8.29      AM= 2.56                   
           I.C.E. + GAMMA   2   5.60E-02   2.438E-02   M2+E3 MULTIPOLE                          
                                                       MRS=0.000169  AK= 166.                   
                                                       AL1=24.7      AL2=2.74                   
                                                       AL3=6.91      AM= 5.59                   
           I.C.E. + GAMMA   3   1.45E-02   6.605E-02   M1+E2 MULTIPOLE                          
                                                       MRS=0.00436   AK= 0.267                  
                                                       AL1=0.0273    AL2=0.00174                
                                                       AL3=0.00114   AM= 0.00475                
           I.C.E. + GAMMA   4   2.10E-04   8.094E-02   E2 MULTIPOLE                             
+                                                                    AK= 1.49                   
                                                       AL1=0.133     AL2=0.0354                 
                                                       AL3=0.0520    AM= 0.0343                 
           I.C.E. + GAMMA   5   6.49E-02   9.673E-02   E2 MULTIPOLE                             
+                                                                    AK= 0.774                  
                                                       AL1=0.0703    AL2=0.0149                 
                                                       AL3=0.0212    AM= 0.0166                 
           I.C.E. + GAMMA   6   1.79E-01   1.211E-01   E1 MULTIPOLE                             
+                                                                    AK= 0.0375                 
                                                       AL1=0.00356                              
           I.C.E. + GAMMA   7   6.00E-01   1.360E-01   E1 MULTIPOLE                             
+                                                                    AK= 0.0265                 
                                                       AL1=0.00253                              
           I.C.E. + GAMMA   8   1.51E-02   1.986E-01   M1+E2 MULTIPOLE                          
                                                       MRS=0.151     AK= 0.0186                 
                                                       AL1=0.00185                              
           I.C.E. + GAMMA   9   8.99E-08   2.494E-01   M1 MULTIPOLE                             
+                                                                    AK= 0.0160                 
                                                       AL1=0.00163                              
           I.C.E. + GAMMA  10   5.93E-01   2.647E-01   M1+E2 MULTIPOLE                          
                                                       MRS=0.00490   AK= 0.00648                
           I.C.E. + GAMMA  11   2.52E-01   2.795E-01   M1+E2 MULTIPOLE                          
                                                       MRS=0.240     AK= 0.00758                
           I.C.E. + GAMMA  12   1.39E-02   3.039E-01   E3 MULTIPOLE                             
+                                                                    AK= 0.0471                 
                                                       AL1=0.00456                              
           I.C.E. + GAMMA  13   2.49E-05   3.735E-01   E2 MULTIPOLE                             
+                                                                    AK= 0.00583                
           I.C.E. + GAMMA  14   1.15E-01   4.007E-01   E1 MULTIPOLE                             
+                                                                    AK= 0.00121                
           I.C.E. + GAMMA  15   1.19E-04   4.188E-01   M1 MULTIPOLE                             
+                                                                    AK= 0.00303                
           I.C.E. + GAMMA  16   3.42E-06   4.686E-01   M1 MULTIPOLE                             
+                                                                    AK= 0.00223                
           I.C.E. + GAMMA  17   1.30E-07   5.424E-01   M1 MULTIPOLE                             
+                                                                    AK= 0.00151                
           I.C.E. + GAMMA  18   9.44E-09   5.578E-01   E2 MULTIPOLE                             
+                                                                    AK= 0.00164                
           I.C.E. + GAMMA  19   3.56E-04   5.722E-01   M1+E2 MULTIPOLE                          
                                                       MRS=0.168     AK= 0.00110                
           I.C.E. + GAMMA  20   4.44E-05   6.178E-01   M1 MULTIPOLE                             
+                                                                    AK= 0.00104                
           I.C.E. + GAMMA  21   1.37E-06   8.216E-01   E2 MULTIPOLE                             
 
           - - - - - - - - - -
           Reference: Evaluated Nuclear Structure Data File (ENSDF)
                DATE DATA WERE ENTERED INTO ENSDF: Jul-1999
%%%%  75 SE  34    EC           1.03489E+07 119.779 D  02-11-2005       INPUEND 
%%%%  75 SE  34    EC           1.03489E+07 119.779 D  02-11-2005       OUTPSTAR
1                                      **OUTPUT DATA**
              75-SELENIUM-34
+                                    HALFLIFE = 119.779 DAYS    
+                                                                  02-11-2005

            MODE OF DECAY: ELECTRON CAPTURE
 
                                              MEAN
                                              NUMBER/                  MEV/
                                         ID   TRANSFOR-   ENERGY       TRANSFOR-
                  TYPE OF RADIATION      NO.  MATION      (MEV)        MATION

           K CONV. ELECTRON, GAMMA-RAY    2   4.48E-02    1.255E-02    5.62E-04
           L1 CONV. ELECTRON, GAMMA-RAY   2   6.68E-03    2.286E-02    1.53E-04
           L2 CONV. ELECTRON, GAMMA-RAY   2   7.40E-04    2.302E-02    1.70E-05
           L3 CONV. ELECTRON, GAMMA-RAY   2   1.87E-03    2.305E-02    4.30E-05
           M CONV. ELECTRON, GAMMA-RAY    2   1.51E-03    2.424E-02*   3.66E-05
           GAMMA-RAY                      3   1.11E-02    6.605E-02    7.35E-04
           K CONV. ELECTRON, GAMMA-RAY    3   2.97E-03    5.422E-02    1.61E-04
           L1 CONV. ELECTRON, GAMMA-RAY   3   3.04E-04    6.453E-02    1.96E-05
           GAMMA-RAY                      5   3.42E-02    9.673E-02    3.31E-03
           K CONV. ELECTRON, GAMMA-RAY    5   2.65E-02    8.490E-02    2.25E-03
           L1 CONV. ELECTRON, GAMMA-RAY   5   2.41E-03    9.521E-02    2.29E-04
           L2 CONV. ELECTRON, GAMMA-RAY   5   5.10E-04    9.537E-02    4.86E-05
           L3 CONV. ELECTRON, GAMMA-RAY   5   7.23E-04    9.541E-02    6.90E-05
           M CONV. ELECTRON, GAMMA-RAY    5   5.67E-04    9.659E-02*   5.48E-05
           GAMMA-RAY                      6   1.72E-01    1.211E-01    2.08E-02
           K CONV. ELECTRON, GAMMA-RAY    6   6.44E-03    1.093E-01    7.04E-04
           L1 CONV. ELECTRON, GAMMA-RAY   6   6.12E-04    1.196E-01    7.32E-05
           GAMMA-RAY                      7   5.83E-01    1.360E-01    7.92E-02
           K CONV. ELECTRON, GAMMA-RAY    7   1.54E-02    1.242E-01    1.92E-03
           L1 CONV. ELECTRON, GAMMA-RAY   7   1.48E-03    1.345E-01    1.98E-04
           M CONV. ELECTRON, GAMMA-RAY    7   2.52E-04    1.359E-01*   3.42E-05
           GAMMA-RAY                      8   1.48E-02    1.986E-01    2.94E-03
           K CONV. ELECTRON, GAMMA-RAY    8   2.75E-04    1.868E-01    5.14E-05
           GAMMA-RAY                     10   5.89E-01    2.647E-01    1.56E-01
           K CONV. ELECTRON, GAMMA-RAY   10   3.81E-03    2.528E-01    9.64E-04
           L1 CONV. ELECTRON, GAMMA-RAY  10   3.88E-04    2.631E-01    1.02E-04
           M CONV. ELECTRON, GAMMA-RAY   10   6.34E-05    2.645E-01*   1.68E-05
           GAMMA-RAY                     11   2.50E-01    2.795E-01    6.99E-02
           K CONV. ELECTRON, GAMMA-RAY   11   1.89E-03    2.677E-01    5.07E-04
           L1 CONV. ELECTRON, GAMMA-RAY  11   1.89E-04    2.780E-01    5.27E-05
           GAMMA-RAY                     12   1.32E-02    3.039E-01    4.00E-03
           K CONV. ELECTRON, GAMMA-RAY   12   6.20E-04    2.921E-01    1.81E-04
           L1 CONV. ELECTRON, GAMMA-RAY  12   6.01E-05    3.024E-01    1.82E-05
           GAMMA-RAY                     14   1.15E-01    4.007E-01    4.59E-02
           K CONV. ELECTRON, GAMMA-RAY   14   1.38E-04    3.888E-01    5.38E-05
           K -L2 X-RAY                        1.63E-01    1.046E-02    1.71E-03
           K -L3 X-RAY                        3.16E-01    1.050E-02    3.32E-03
           K -M3 X-RAY                        4.22E-02    1.169E-02    4.93E-04
           AUGER KLL                          3.32E-01    9.066E-03*   3.01E-03
           AUGER KLX                          9.43E-02    1.030E-02*   9.71E-04
           AUGER KXY                          6.97E-03    1.154E-02*   8.05E-05
           CK LLX                             2.59E-01    9.873E-05*   2.56E-05
           AUGER LMM                          1.29E+00    1.157E-03*   1.49E-03
           AUGER LMX                          4.58E-02    1.223E-03*   5.60E-05
           CK MMX                             1.54E+00    5.246E-05*   8.10E-05
           AUGER MNN                          4.19E+00    2.233E-05*   9.35E-05
 
           ALL LISTED X-RAYS, GAMMA-RAYS AND ANNIHILATION RADIATION    3.88E-01
           ALL NEGLECTED X-RAYS, GAMMA-RAYS AND ANNIH. RADIATION**     7.35E-04
           ALL LISTED BETAS, INTERNAL CONVERSION AND AUGER ELECTRONS   1.43E-02
           ALL NEGLECTED BETAS, INT. CONVERSION AND AUGER ELECTRONS**  1.15E-04
           ALL LISTED RADIATIONS                                       4.03E-01
           ALL NEGLECTED RADIATIONS**                                  8.50E-04
 
           *  AVERAGE ENERGY (MEV)
           ** EACH NEGLECTED TRANSITION CONTRIBUTES LESS THAN  0.100%
              TO THE TOTAL MEV/TRANSFORMATION FOR THIS CATEGORY.
           TOTAL FEEDING OF GROUND STATE LEVEL IN 75-ARSENIC
             DAUGHTER IS 1.0000E+00 PER TRANSFORMATION OF  75-SELENIUM.
             THIS DAUGHTER GROUND STATE IS STABLE.
           - - - - - - - - - -
           INPUT DATA SOURCE: EVALUATED NUCLEAR STRUCTURE DATA FILE (ENSDF)
             DATE INPUT DATA WERE ENTERED INTO ENSDF: Jul-1999
%%%%  75 SE  34    EC           1.03489E+07 119.779 D  02-11-2005       OUTPEND 
%%%%  75 SE  34    EC           1.03489E+07 119.779 D  02-11-2005       SEEISTAR
 75.  SELENIUM     34.  1.198E+02 DAYS     188 EC                    75.SE 34.   0
 1 1  1.17800E-03  1.48846E-02  1.48846E-02  0.00000E+00             75.SE 34.   1   1
 6 1  3.85890E-02  3.05560E-03  3.05560E-03  1.00000E+00             75.SE 34.   2   1
 6 5  3.90669E-03  1.33654E-02  1.33654E-02  1.00000E+00             75.SE 34.   3   5
 6 6  5.77602E-03  1.35189E-02  1.35189E-02  1.00000E+00             75.SE 34.   4   6
 6 7  9.76798E-03  1.35563E-02  1.35563E-02  1.00000E+00             75.SE 34.   5   7
 6 3  3.01025E-03  1.47408E-02  1.47408E-02  1.00000E+00             75.SE 34.   6   3
 6 4  2.06083E-04  1.48846E-02  1.48846E-02  1.00000E+00             75.SE 34.   7   4
 1 2  2.70351E-02  2.43815E-02  2.43815E-02  0.00000E+00             75.SE 34.   8   2
 6 1  4.48117E+00  1.25525E-02  1.25525E-02  2.00000E+00             75.SE 34.   9   1
 6 5  6.68315E-01  2.28623E-02  2.28623E-02  2.00000E+00             75.SE 34.  10   5
 6 6  7.39854E-02  2.30158E-02  2.30158E-02  2.00000E+00             75.SE 34.  11   6
 6 7  1.86687E-01  2.30532E-02  2.30532E-02  2.00000E+00             75.SE 34.  12   7
 6 3  1.51142E-01  2.42377E-02  2.42377E-02  2.00000E+00             75.SE 34.  13   3
 6 4  1.34494E-02  2.43815E-02  2.43815E-02  2.00000E+00             75.SE 34.  14   4
 1 3  1.11203E+00  6.60518E-02  6.60518E-02  0.00000E+00             75.SE 34.  15   3
 6 1  2.97251E-01  5.42228E-02  5.42228E-02  3.00000E+00             75.SE 34.  16   1
 6 5  3.03787E-02  6.45326E-02  6.45326E-02  3.00000E+00             75.SE 34.  17   5
 6 6  1.93014E-03  6.46861E-02  6.46861E-02  3.00000E+00             75.SE 34.  18   6
 6 7  1.26448E-03  6.47235E-02  6.47235E-02  3.00000E+00             75.SE 34.  19   7
 6 3  5.28133E-03  6.59080E-02  6.59080E-02  3.00000E+00             75.SE 34.  20   3
 6 4  5.03670E-04  6.60518E-02  6.60518E-02  3.00000E+00             75.SE 34.  21   4
 1 4  7.65700E-03  8.09364E-02  8.09364E-02  0.00000E+00             75.SE 34.  22   4
 6 1  1.14000E-02  6.91074E-02  6.91074E-02  4.00000E+00             75.SE 34.  23   1
 6 5  1.01979E-03  7.94172E-02  7.94172E-02  4.00000E+00             75.SE 34.  24   5
 6 6  2.71359E-04  7.95707E-02  7.95707E-02  4.00000E+00             75.SE 34.  25   6
 6 7  3.97810E-04  7.96081E-02  7.96081E-02  4.00000E+00             75.SE 34.  26   7
 6 3  2.62661E-04  8.07926E-02  8.07926E-02  4.00000E+00             75.SE 34.  27   3
 6 4  2.20092E-05  8.09364E-02  8.09364E-02  4.00000E+00             75.SE 34.  28   4
 1 5  3.42032E+00  9.67340E-02  9.67340E-02  0.00000E+00             75.SE 34.  29   5
 6 1  2.64789E+00  8.49050E-02  8.49050E-02  5.00000E+00             75.SE 34.  30   1
 6 5  2.40559E-01  9.52148E-02  9.52148E-02  5.00000E+00             75.SE 34.  31   5
 6 6  5.09993E-02  9.53683E-02  9.53683E-02  5.00000E+00             75.SE 34.  32   6
 6 7  7.23470E-02  9.54057E-02  9.54057E-02  5.00000E+00             75.SE 34.  33   7
 6 3  5.67190E-02  9.65902E-02  9.65902E-02  5.00000E+00             75.SE 34.  34   3
 6 4  4.87548E-03  9.67340E-02  9.67340E-02  5.00000E+00             75.SE 34.  35   4
 1 6  1.71988E+01  1.21116E-01  1.21116E-01  0.00000E+00             75.SE 34.  36   6
 6 1  6.44122E-01  1.09287E-01  1.09287E-01  6.00000E+00             75.SE 34.  37   1
 6 5  6.12317E-02  1.19596E-01  1.19596E-01  6.00000E+00             75.SE 34.  38   5
 6 6  2.32563E-03  1.19750E-01  1.19750E-01  6.00000E+00             75.SE 34.  39   6
 6 7  3.86668E-03  1.19787E-01  1.19787E-01  6.00000E+00             75.SE 34.  40   7
 6 3  1.05217E-02  1.20972E-01  1.20972E-01  6.00000E+00             75.SE 34.  41   3
 6 4  1.00430E-03  1.21116E-01  1.21116E-01  6.00000E+00             75.SE 34.  42   4
 1 7  5.82521E+01  1.36000E-01  1.36000E-01  0.00000E+00             75.SE 34.  43   7
 6 1  1.54386E+00  1.24171E-01  1.24171E-01  7.00000E+00             75.SE 34.  44   1
 6 5  1.47529E-01  1.34481E-01  1.34481E-01  7.00000E+00             75.SE 34.  45   5
 6 6  5.13879E-03  1.34634E-01  1.34634E-01  7.00000E+00             75.SE 34.  46   6
 6 7  8.53376E-03  1.34672E-01  1.34672E-01  7.00000E+00             75.SE 34.  47   7
 6 3  2.51835E-02  1.35856E-01  1.35856E-01  7.00000E+00             75.SE 34.  48   3
 6 4  2.41071E-03  1.36000E-01  1.36000E-01  7.00000E+00             75.SE 34.  49   4
 1 8  1.47839E+00  1.98606E-01  1.98606E-01  0.00000E+00             75.SE 34.  50   8
 6 1  2.75112E-02  1.86777E-01  1.86777E-01  8.00000E+00             75.SE 34.  51   1
 6 5  2.74008E-03  1.97087E-01  1.97087E-01  8.00000E+00             75.SE 34.  52   5
 6 6  1.49968E-04  1.97240E-01  1.97240E-01  8.00000E+00             75.SE 34.  53   6
 6 7  1.39321E-04  1.97278E-01  1.97278E-01  8.00000E+00             75.SE 34.  54   7
 6 3  4.74835E-04  1.98462E-01  1.98462E-01  8.00000E+00             75.SE 34.  55   3
 6 4  4.53675E-05  1.98606E-01  1.98606E-01  8.00000E+00             75.SE 34.  56   4
 1 9  8.83500E-06  2.49400E-01  2.49400E-01  0.00000E+00             75.SE 34.  57   9
 6 1  1.41468E-07  2.37571E-01  2.37571E-01  9.00000E+00             75.SE 34.  58   1
 6 5  1.44089E-08  2.47881E-01  2.47881E-01  9.00000E+00             75.SE 34.  59   5
 6 6  3.98875E-10  2.48034E-01  2.48034E-01  9.00000E+00             75.SE 34.  60   6
 6 7  1.72214E-10  2.48072E-01  2.48072E-01  9.00000E+00             75.SE 34.  61   7
 6 3  2.35173E-09  2.49256E-01  2.49256E-01  9.00000E+00             75.SE 34.  62   3
 6 4  2.30136E-10  2.49400E-01  2.49400E-01  9.00000E+00             75.SE 34.  63   4
 110  5.89000E+01  2.64658E-01  2.64658E-01  0.00000E+00             75.SE 34.  64  10
 6 1  3.81440E-01  2.52829E-01  2.52829E-01  1.00000E+01             75.SE 34.  65   1
 6 5  3.88106E-02  2.63138E-01  2.63138E-01  1.00000E+01             75.SE 34.  66   5
 6 6  1.06161E-03  2.63292E-01  2.63292E-01  1.00000E+01             75.SE 34.  67   6
 6 7  4.89760E-04  2.63329E-01  2.63329E-01  1.00000E+01             75.SE 34.  68   7
 6 3  6.34094E-03  2.64514E-01  2.64514E-01  1.00000E+01             75.SE 34.  69   3
 6 4  6.20127E-04  2.64658E-01  2.64658E-01  1.00000E+01             75.SE 34.  70   4
 111  2.49913E+01  2.79542E-01  2.79542E-01  0.00000E+00             75.SE 34.  71  11
 6 1  1.89319E-01  2.67713E-01  2.67713E-01  1.10000E+01             75.SE 34.  72   1
 6 5  1.89381E-02  2.78023E-01  2.78023E-01  1.10000E+01             75.SE 34.  73   5
 6 6  7.99315E-04  2.78177E-01  2.78177E-01  1.10000E+01             75.SE 34.  74   6
 6 7  6.98319E-04  2.78214E-01  2.78214E-01  1.10000E+01             75.SE 34.  75   7
 6 3  3.20633E-03  2.79398E-01  2.79398E-01  1.10000E+01             75.SE 34.  76   3
 6 4  3.09216E-04  2.79542E-01  2.79542E-01  1.10000E+01             75.SE 34.  77   4
 112  1.31641E+00  3.03924E-01  3.03924E-01  0.00000E+00             75.SE 34.  78  12
 6 1  6.20153E-02  2.92095E-01  2.92095E-01  1.20000E+01             75.SE 34.  79   1
 6 5  6.00765E-03  3.02404E-01  3.02404E-01  1.20000E+01             75.SE 34.  80   5
 6 6  1.01866E-03  3.02558E-01  3.02558E-01  1.20000E+01             75.SE 34.  81   6
 6 7  8.90665E-04  3.02595E-01  3.02595E-01  1.20000E+01             75.SE 34.  82   7
 6 3  1.24187E-03  3.03780E-01  3.03780E-01  1.20000E+01             75.SE 34.  83   3
 6 4  1.11496E-04  3.03924E-01  3.03924E-01  1.20000E+01             75.SE 34.  84   4
 113  2.47380E-03  3.73500E-01  3.73500E-01  0.00000E+00             75.SE 34.  85  13
 6 1  1.44254E-05  3.61671E-01  3.61671E-01  1.30000E+01             75.SE 34.  86   1
 6 5  1.42019E-06  3.71981E-01  3.71981E-01  1.30000E+01             75.SE 34.  87   5
 6 6  7.21295E-08  3.72134E-01  3.72134E-01  1.30000E+01             75.SE 34.  88   6
 6 7  7.66980E-08  3.72172E-01  3.72172E-01  1.30000E+01             75.SE 34.  89   7
 6 3  2.45916E-07  3.73356E-01  3.73356E-01  1.30000E+01             75.SE 34.  90   3
 6 4  2.35164E-08  3.73500E-01  3.73500E-01  1.30000E+01             75.SE 34.  91   4
 114  1.14678E+01  4.00657E-01  4.00657E-01  0.00000E+00             75.SE 34.  92  14
 6 1  1.38476E-02  3.88828E-01  3.88828E-01  1.40000E+01             75.SE 34.  93   1
 6 5  1.37309E-03  3.99138E-01  3.99138E-01  1.40000E+01             75.SE 34.  94   5
 6 6  2.20843E-05  3.99292E-01  3.99292E-01  1.40000E+01             75.SE 34.  95   6
 6 7  3.81552E-05  3.99329E-01  3.99329E-01  1.40000E+01             75.SE 34.  96   7
 6 3  2.25015E-04  4.00513E-01  4.00513E-01  1.40000E+01             75.SE 34.  97   3
 6 4  2.19623E-05  4.00657E-01  4.00657E-01  1.40000E+01             75.SE 34.  98   4
 115  1.18389E-02  4.18800E-01  4.18800E-01  0.00000E+00             75.SE 34.  99  15
 6 1  3.58469E-05  4.06971E-01  4.06971E-01  1.50000E+01             75.SE 34. 100   1
 6 5  3.64830E-06  4.17281E-01  4.17281E-01  1.50000E+01             75.SE 34. 101   5
 6 6  7.32116E-08  4.17434E-01  4.17434E-01  1.50000E+01             75.SE 34. 102   6
 6 7  3.48867E-08  4.17472E-01  4.17472E-01  1.50000E+01             75.SE 34. 103   7
 6 3  5.91120E-07  4.18656E-01  4.18656E-01  1.50000E+01             75.SE 34. 104   3
 6 4  5.78299E-08  4.18800E-01  4.18800E-01  1.50000E+01             75.SE 34. 105   4
 116  3.41620E-04  4.68600E-01  4.68600E-01  0.00000E+00             75.SE 34. 106  16
 6 1  7.60755E-07  4.56771E-01  4.56771E-01  1.60000E+01             75.SE 34. 107   1
 6 5  7.74142E-08  4.67081E-01  4.67081E-01  1.60000E+01             75.SE 34. 108   5
 6 6  1.44053E-09  4.67234E-01  4.67234E-01  1.60000E+01             75.SE 34. 109   6
 6 7  7.06061E-10  4.67272E-01  4.67272E-01  1.60000E+01             75.SE 34. 110   7
 6 3  1.25093E-08  4.68456E-01  4.68456E-01  1.60000E+01             75.SE 34. 111   3
 6 4  1.22436E-09  4.68600E-01  4.68600E-01  1.60000E+01             75.SE 34. 112   4
 117  1.29580E-05  5.42400E-01  5.42400E-01  0.00000E+00             75.SE 34. 113  17
 6 1  1.96313E-08  5.30571E-01  5.30571E-01  1.70000E+01             75.SE 34. 114   1
 6 5  1.99420E-09  5.40881E-01  5.40881E-01  1.70000E+01             75.SE 34. 115   5
 6 6  3.34886E-11  5.41034E-01  5.41034E-01  1.70000E+01             75.SE 34. 116   6
 6 7  1.71862E-11  5.41072E-01  5.41072E-01  1.70000E+01             75.SE 34. 117   7
 6 3  3.20979E-10  5.42256E-01  5.42256E-01  1.70000E+01             75.SE 34. 118   3
 6 4  3.14673E-11  5.42400E-01  5.42400E-01  1.70000E+01             75.SE 34. 119   4
 118  9.42400E-07  5.57800E-01  5.57800E-01  0.00000E+00             75.SE 34. 120  18
 6 1  1.54826E-09  5.45971E-01  5.45971E-01  1.80000E+01             75.SE 34. 121   1
 6 5  1.54107E-10  5.56281E-01  5.56281E-01  1.80000E+01             75.SE 34. 122   5
 6 6  5.17583E-12  5.56434E-01  5.56434E-01  1.80000E+01             75.SE 34. 123   6
 6 7  5.18648E-12  5.56472E-01  5.56472E-01  1.80000E+01             75.SE 34. 124   7
 6 3  2.58118E-11  5.57656E-01  5.57656E-01  1.80000E+01             75.SE 34. 125   3
 6 4  2.49888E-12  5.57800E-01  5.57800E-01  1.80000E+01             75.SE 34. 126   4
 119  3.55756E-02  5.72200E-01  5.72200E-01  0.00000E+00             75.SE 34. 127  19
 6 1  3.93073E-05  5.60371E-01  5.60371E-01  1.90000E+01             75.SE 34. 128   1
 6 5  3.97527E-06  5.70681E-01  5.70681E-01  1.90000E+01             75.SE 34. 129   5
 6 6  7.70750E-08  5.70834E-01  5.70834E-01  1.90000E+01             75.SE 34. 130   6
 6 7  5.24013E-08  5.70872E-01  5.70872E-01  1.90000E+01             75.SE 34. 131   7
 6 3  6.43981E-07  5.72056E-01  5.72056E-01  1.90000E+01             75.SE 34. 132   3
 6 4  6.30149E-08  5.72200E-01  5.72200E-01  1.90000E+01             75.SE 34. 133   4
 120  4.43517E-03  6.17800E-01  6.17800E-01  0.00000E+00             75.SE 34. 134  20
 6 1  4.62631E-06  6.05971E-01  6.05971E-01  2.00000E+01             75.SE 34. 135   1
 6 5  4.69137E-07  6.16281E-01  6.16281E-01  2.00000E+01             75.SE 34. 136   5
 6 6  7.17577E-09  6.16434E-01  6.16434E-01  2.00000E+01             75.SE 34. 137   6
 6 7  3.85682E-09  6.16472E-01  6.16472E-01  2.00000E+01             75.SE 34. 138   7
 6 3  7.52770E-08  6.17656E-01  6.17656E-01  2.00000E+01             75.SE 34. 139   3
 6 4  7.39072E-09  6.17800E-01  6.17800E-01  2.00000E+01             75.SE 34. 140   4
 121  1.37237E-04  8.21600E-01  8.21600E-01  0.00000E+00             75.SE 34. 141  21
 6 1  7.73245E-08  8.09771E-01  8.09771E-01  2.10000E+01             75.SE 34. 142   1
 6 5  7.74948E-09  8.20081E-01  8.20081E-01  2.10000E+01             75.SE 34. 143   5
 6 6  1.68343E-10  8.20234E-01  8.20234E-01  2.10000E+01             75.SE 34. 144   6
 6 7  1.67720E-10  8.20272E-01  8.20272E-01  2.10000E+01             75.SE 34. 145   7
 6 3  1.26795E-09  8.21456E-01  8.21456E-01  2.10000E+01             75.SE 34. 146   3
 6 4  1.23743E-10  8.21600E-01  8.21600E-01  2.10000E+01             75.SE 34. 147   4
 2 1  1.63402E+01  1.04633E-02  1.04633E-02  0.00000E+00             75.SE 34. 148   1
 2 2  3.16495E+01  1.05007E-02  1.05007E-02  0.00000E+00             75.SE 34. 149   2
 2 3  2.15979E+00  1.16800E-02  1.16800E-02  0.00000E+00             75.SE 34. 150   3
 2 4  4.21885E+00  1.16852E-02  1.16852E-02  0.00000E+00             75.SE 34. 151   4
 2 5  4.51767E-03  1.17777E-02  1.17777E-02  0.00000E+00             75.SE 34. 152   5
 2 6  6.50583E-03  1.17785E-02  1.17785E-02  0.00000E+00             75.SE 34. 153   6
 2 7  6.58113E-02  1.18209E-02  1.18209E-02  0.00000E+00             75.SE 34. 154   7
 2 8  1.26529E-01  1.18212E-02  1.18212E-02  0.00000E+00             75.SE 34. 155   8
 221  4.24962E-04  1.53500E-04  1.53500E-04  0.00000E+00             75.SE 34. 156  21
 222  2.28898E-03  1.90900E-04  1.90900E-04  0.00000E+00             75.SE 34. 157  22
 223  2.61065E-02  1.37025E-03  1.37025E-03  0.00000E+00             75.SE 34. 158  23
 224  4.48145E-02  1.37542E-03  1.37542E-03  0.00000E+00             75.SE 34. 159  24
 225  1.21144E-04  1.46788E-03  1.46788E-03  0.00000E+00             75.SE 34. 160  25
 226  1.78160E-04  1.46865E-03  1.46865E-03  0.00000E+00             75.SE 34. 161  26
 227  8.44231E-04  1.51108E-03  1.51108E-03  0.00000E+00             75.SE 34. 162  27
 228  1.50935E-03  1.51139E-03  1.51139E-03  0.00000E+00             75.SE 34. 163  28
 241  4.64017E-08  3.74000E-05  3.74000E-05  0.00000E+00             75.SE 34. 164  41
 242  1.65420E-01  1.16368E-03  1.16368E-03  0.00000E+00             75.SE 34. 165  42
 243  9.00013E-04  1.22192E-03  1.22192E-03  0.00000E+00             75.SE 34. 166  43
 244  4.68015E-01  1.31438E-03  1.31438E-03  0.00000E+00             75.SE 34. 167  44
 245  6.24051E-03  1.34784E-03  1.34784E-03  0.00000E+00             75.SE 34. 168  45
 246  3.93739E-06  1.35789E-03  1.35789E-03  0.00000E+00             75.SE 34. 169  46
 261  3.80068E-01  1.12628E-03  1.12628E-03  0.00000E+00             75.SE 34. 170  61
 262  1.06071E-03  1.17935E-03  1.17935E-03  0.00000E+00             75.SE 34. 171  62
 263  1.01909E-03  1.18452E-03  1.18452E-03  0.00000E+00             75.SE 34. 172  63
 264  9.03830E-02  1.27698E-03  1.27698E-03  0.00000E+00             75.SE 34. 173  64
 265  9.13573E-01  1.27775E-03  1.27775E-03  0.00000E+00             75.SE 34. 174  65
 266  1.19434E-02  1.31044E-03  1.31044E-03  0.00000E+00             75.SE 34. 175  66
 267  4.01563E-06  1.32018E-03  1.32018E-03  0.00000E+00             75.SE 34. 176  67
 268  3.80826E-06  1.32049E-03  1.32049E-03  0.00000E+00             75.SE 34. 177  68
 291  1.29000E-02  9.71178E-05  9.71178E-05  0.00000E+00             75.SE 34. 178  91
 294  8.88217E+02  1.42086E-05  1.42086E-05  0.00000E+00             75.SE 34. 179  94
 7 1  3.32105E+01  9.06608E-03  9.06608E-03  0.00000E+00             75.SE 34. 180   1
 7 2  9.43038E+00  1.02994E-02  1.02994E-02  0.00000E+00             75.SE 34. 181   2
 7 3  6.97386E-01  1.15362E-02  1.15362E-02  0.00000E+00             75.SE 34. 182   3
 7 4  2.58926E+01  9.87300E-05  9.87300E-05  0.00000E+00             75.SE 34. 183   4
 7 5  1.29146E+02  1.15652E-03  1.15652E-03  0.00000E+00             75.SE 34. 184   5
 7 6  4.57966E+00  1.22349E-03  1.22349E-03  0.00000E+00             75.SE 34. 185   6
 7 7  5.81959E-02  1.33797E-03  1.33797E-03  0.00000E+00             75.SE 34. 186   7
 7 8  1.54411E+02  5.24624E-05  5.24624E-05  0.00000E+00             75.SE 34. 187   8
 7 9  4.18728E+02  2.23274E-05  2.23274E-05  0.00000E+00             75.SE 34. 188   9
%%%%  75 SE  34    EC           1.03489E+07 119.779 D  02-11-2005       SEEIEND 
 


   ***************************************************** 
   *                 Radiation Summary                 * 
   ***************************************************** 
 
  Energy released by
    Gamma-ray                       (MeV) =   3.83030E-01
    X-ray                           (MeV) =   5.82891E-03
    Free-bound X-ray                (MeV) =   1.26203E-04
    Annihilation photon             (MeV) =   0.00000E+00
    Beta+ particle                  (MeV) =   0.00000E+00
    Neutrino                        (MeV) =   4.59032E-01
    Beta- particle                  (MeV) =   0.00000E+00
    Neutrino-                       (MeV) =   0.00000E+00
    Internal conv. electron         (MeV) =   8.63106E-03
    Auger and CK electron           (MeV) =   5.81307E-03
    Alpha particle                  (MeV) =   0.00000E+00
    Recoil nucleus                  (MeV) =   0.00000E+00
  E-total (except unplaced radiat.) (MeV) =   8.62462E-01
  E-unplaced radiation              (MeV) =   0.00000E+00
  Q-value from ENSDF data           (MeV) =   8.63600E-01
  Ratio of E-total/Q-value          ( % ) =   9.98682E+01
  Ratio of E-unplaced radi./Q-value ( % ) =   0.00000E+00

 
  Total yield of
    Gamma-ray                             =   1.78228E+00
    X-ray                                 =   5.66995E-01
    Free-bound X-ray                      =   8.88217E+00
    Annihilation photon                   =   0.00000E+00
    Beta+ particle                        =   0.00000E+00
    Beta- particle                        =   0.00000E+00
    Internal conv. electron               =   1.22751E-01
    Auger and CK electron                 =   7.76154E+00
    Alpha particle                        =   0.00000E+00
  Yield of unplaced radiation             =   0.00000E+00


