%%%% 145 SM  62    EC           2.93760E+07 340 D      02-11-2005       BALASTAR
1 145   SM  62 340 D           EC         
1INTENSITY AND ENERGY BALANCE DATA

              145-SAMARIUM-62
+                                    HALFLIFE = 340 DAYS    
+                                                                  02-11-2005


    LEVEL       INTENSITY   INTENSITY
    ENERGY      ENTERING    LEAVING     PERCENT
    (MEV)       LEVEL       LEVEL       ERROR

   0.0000E+00  1.0086E+02
   6.1220E-02  9.1397E+01  9.2255E+01  9.3481E-01                      
   4.9255E-01  3.2999E-03  3.4033E-03  3.0839E+00                      


 INTENSITY TO GROUND AND ISOMERIC STATE(S) OF DAUGHTER(S)=  1.009E+02
 TOTAL INTENSITY FROM PARENT=  1.000E+02
 PERCENT ERROR =  8.512E-01                      


 TOTAL INTENSITY FROM PARENT =  1.000E+02
 VALUE IS WITHIN   0.00E+00% OF 100                      


 TOTAL ENERGY AVAILABLE =  6.200E-01 MEV
 TOTAL ENERGY CONTENT OF ALL RADIATIONS =  6.205E-01 MEV
 PERCENT ERROR =  8.478E-02                      
%%%% 145 SM  62    EC           2.93760E+07 340 D      02-11-2005       BALAEND 
%%%% 145 SM  62    EC           2.93760E+07 340 D      02-11-2005       INPUSTAR
1                                      **INPUT DATA**
              145-SAMARIUM-62
+                                    HALFLIFE = 340 DAYS    
+                                                                  02-11-2005

            MODE OF DECAY: ELECTRON CAPTURE
 
                                MEAN
                                NUMBER/    TRANSITION
                TYPE OF    ID   TRANSFOR-  ENERGY
              TRANSITION   NO.  MATION     (MEV)       OTHER NUCLEAR PARAMETERS

           ELECT. CAPTURE   1   3.30E-05   1.274E-01   UNIQUE FIRST FORBIDDEN                   
           ELECT. CAPTURE   2   9.14E-01   5.588E-01   FIRST FORBIDDEN                          
           ELECT. CAPTURE   3   8.60E-02   6.200E-01   FIRST FORBIDDEN                          
           I.C.E. + GAMMA   1   9.23E-01   6.122E-02   M1+E2 MULTIPOLE                          
                                                       MRS=0.00203   AK= 5.57                   
                                                       AL1=0.718     AL2=0.0669                 
                                                       AL3=0.0203    AM= 0.172                  
                                                       AN+=0.0479                               
           I.C.E. + GAMMA   2   5.32E-07   4.314E-01   E2 MULTIPOLE                             
+                                                                    AK= 0.0151                 
                                                       AL1=0.00176                              
           I.C.E. + GAMMA   3   3.35E-05   4.926E-01   M1 MULTIPOLE                             
+                                                                    AK= 0.0181                 
                                                       AL1=0.00229                              
 
           - - - - - - - - - -
           Reference: Evaluated Nuclear Structure Data File (ENSDF)
                DATE DATA WERE ENTERED INTO ENSDF: May-1993
%%%% 145 SM  62    EC           2.93760E+07 340 D      02-11-2005       INPUEND 
%%%% 145 SM  62    EC           2.93760E+07 340 D      02-11-2005       OUTPSTAR
1                                      **OUTPUT DATA**
              145-SAMARIUM-62
+                                    HALFLIFE = 340 DAYS    
+                                                                  02-11-2005

            MODE OF DECAY: ELECTRON CAPTURE
 
                                              MEAN
                                              NUMBER/                  MEV/
                                         ID   TRANSFOR-   ENERGY       TRANSFOR-
                  TYPE OF RADIATION      NO.  MATION      (MEV)        MATION

           GAMMA-RAY                      1   1.21E-01    6.122E-02    7.44E-03
           K CONV. ELECTRON, GAMMA-RAY    1   6.76E-01    1.600E-02    1.08E-02
           L1 CONV. ELECTRON, GAMMA-RAY   1   8.73E-02    5.383E-02    4.70E-03
           L2 CONV. ELECTRON, GAMMA-RAY   1   8.12E-03    5.420E-02    4.40E-04
           L3 CONV. ELECTRON, GAMMA-RAY   1   2.46E-03    5.477E-02    1.35E-04
           M CONV. ELECTRON, GAMMA-RAY    1   2.09E-02    5.987E-02*   1.25E-03
           N+ CONV. ELECTRON, GAMMA-RAY   1   5.82E-03    6.122E-02*   3.57E-04
           K -L2 X-RAY                        3.99E-01    3.820E-02    1.52E-02
           K -L3 X-RAY                        7.24E-01    3.877E-02    2.81E-02
           K -M2 X-RAY                        7.21E-02    4.376E-02    3.15E-03
           K -M3 X-RAY                        1.39E-01    4.387E-02    6.12E-03
           K -N2 X-RAY                        1.56E-02    4.495E-02    6.99E-04
           K -N3 X-RAY                        3.02E-02    4.498E-02    1.36E-03
           K -O2 X-RAY                        3.05E-03    4.519E-02    1.38E-04
           K -O3 X-RAY                        6.11E-03    4.519E-02    2.76E-04
           L2-M4 X-RAY                        6.14E-02    5.960E-03    3.66E-04
           L2-N4 X-RAY                        1.05E-02    6.884E-03    7.22E-05
           L3-M5 X-RAY                        9.80E-02    5.417E-03    5.31E-04
           L3-N5 X-RAY                        1.63E-02    6.321E-03    1.03E-04
           Free-Bound X-RAY                   1.82E+01    1.484E-05*   2.71E-04
           AUGER KLL                          7.26E-02    3.144E-02*   2.28E-03
           AUGER KLX                          3.51E-02    3.713E-02*   1.30E-03
           AUGER KXY                          4.07E-03    4.283E-02*   1.74E-04
           CK LLX                             2.36E-01    4.763E-04*   1.13E-04
           AUGER LMM                          9.54E-01    4.302E-03*   4.10E-03
           AUGER LMX                          3.24E-01    5.302E-03*   1.72E-03
           AUGER LXY                          2.73E-02    6.336E-03*   1.73E-04
           CK MMX                             1.18E+00    1.598E-04*   1.88E-04
           AUGER MNN                          2.54E+00    7.561E-04*   1.92E-03
           AUGER MNX                          1.68E-01    9.230E-04*   1.55E-04
           CK NNX                             7.30E+00    1.006E-04*   7.34E-04
           AUGER NXY                          1.49E+00    8.533E-05*   1.27E-04
 
           ALL LISTED X-RAYS, GAMMA-RAYS AND ANNIHILATION RADIATION    6.38E-02
           ALL NEGLECTED X-RAYS, GAMMA-RAYS AND ANNIH. RADIATION**     4.07E-04
           ALL LISTED BETAS, INTERNAL CONVERSION AND AUGER ELECTRONS   3.07E-02
           ALL NEGLECTED BETAS, INT. CONVERSION AND AUGER ELECTRONS**  2.84E-05
           ALL LISTED RADIATIONS                                       9.45E-02
           ALL NEGLECTED RADIATIONS**                                  4.35E-04
 
           *  AVERAGE ENERGY (MEV)
           ** EACH NEGLECTED TRANSITION CONTRIBUTES LESS THAN  0.100%
              TO THE TOTAL MEV/TRANSFORMATION FOR THIS CATEGORY.
           TOTAL FEEDING OF GROUND STATE LEVEL IN 145-PROMETHIUM
             DAUGHTER IS 1.0000E+00 PER TRANSFORMATION OF 145-SAMARIUM.
             DECAY OF THIS 17.7 YEARS HALFLIFE LEVEL WILL CONTRIBUTE TO DOSE.
           - - - - - - - - - -
           INPUT DATA SOURCE: EVALUATED NUCLEAR STRUCTURE DATA FILE (ENSDF)
             DATE INPUT DATA WERE ENTERED INTO ENSDF: May-1993
%%%% 145 SM  62    EC           2.93760E+07 340 D      02-11-2005       OUTPEND 
%%%% 145 SM  62    EC           2.93760E+07 340 D      02-11-2005       SEEISTAR
145.  SAMARIUM     62.  3.400E+02 DAYS      89 EC                   145.SM 62.   0
 1 1  1.21500E+01  6.12200E-02  6.12200E-02  0.00000E+00            145.SM 62.   1   1
 6 1  6.76430E+01  1.60010E-02  1.60010E-02  1.00000E+00            145.SM 62.   2   1
 6 5  8.72725E+00  5.38259E-02  5.38259E-02  1.00000E+00            145.SM 62.   3   5
 6 6  8.12387E-01  5.42008E-02  5.42008E-02  1.00000E+00            145.SM 62.   4   6
 6 7  2.46414E-01  5.47681E-02  5.47681E-02  1.00000E+00            145.SM 62.   5   7
 6 3  2.09402E+00  5.98731E-02  5.98731E-02  1.00000E+00            145.SM 62.   6   3
 6 4  5.82363E-01  6.12200E-02  6.12200E-02  1.00000E+00            145.SM 62.   7   4
 1 2  5.22450E-05  4.31400E-01  4.31400E-01  0.00000E+00            145.SM 62.   8   2
 6 1  7.89604E-07  3.86181E-01  3.86181E-01  2.00000E+00            145.SM 62.   9   1
 6 5  9.20934E-08  4.24006E-01  4.24006E-01  2.00000E+00            145.SM 62.  10   5
 6 6  3.01008E-08  4.24381E-01  4.24381E-01  2.00000E+00            145.SM 62.  11   6
 6 7  1.93375E-08  4.24948E-01  4.24948E-01  2.00000E+00            145.SM 62.  12   7
 6 3  3.09859E-08  4.30053E-01  4.30053E-01  2.00000E+00            145.SM 62.  13   3
 6 4  8.40422E-09  4.31400E-01  4.31400E-01  2.00000E+00            145.SM 62.  14   4
 1 3  3.28050E-03  4.92550E-01  4.92550E-01  0.00000E+00            145.SM 62.  15   3
 6 1  5.93320E-05  4.47331E-01  4.47331E-01  3.00000E+00            145.SM 62.  16   1
 6 5  7.51913E-06  4.85156E-01  4.85156E-01  3.00000E+00            145.SM 62.  17   5
 6 6  4.17347E-07  4.85531E-01  4.85531E-01  3.00000E+00            145.SM 62.  18   6
 6 7  8.20001E-08  4.86098E-01  4.86098E-01  3.00000E+00            145.SM 62.  19   7
 6 3  1.71006E-06  4.91203E-01  4.91203E-01  3.00000E+00            145.SM 62.  20   3
 6 4  4.75242E-07  4.92550E-01  4.92550E-01  3.00000E+00            145.SM 62.  21   4
 2 1  3.99008E+01  3.81996E-02  3.81996E-02  0.00000E+00            145.SM 62.  22   1
 2 2  7.24029E+01  3.87671E-02  3.87671E-02  0.00000E+00            145.SM 62.  23   2
 2 3  7.20735E+00  4.37575E-02  4.37575E-02  0.00000E+00            145.SM 62.  24   3
 2 4  1.39475E+01  4.38721E-02  4.38721E-02  0.00000E+00            145.SM 62.  25   4
 2 5  9.75289E-02  4.41593E-02  4.41593E-02  0.00000E+00            145.SM 62.  26   5
 2 6  1.30019E-01  4.41844E-02  4.41844E-02  0.00000E+00            145.SM 62.  27   6
 2 7  1.55569E+00  4.49540E-02  4.49540E-02  0.00000E+00            145.SM 62.  28   7
 2 8  3.02159E+00  4.49791E-02  4.49791E-02  0.00000E+00            145.SM 62.  29   8
 2 9  2.12198E-02  4.50839E-02  4.50839E-02  0.00000E+00            145.SM 62.  30   9
 210  2.82305E-02  4.50884E-02  4.50884E-02  0.00000E+00            145.SM 62.  31  10
 211  3.05017E-01  4.51900E-02  4.51900E-02  0.00000E+00            145.SM 62.  32  11
 212  6.10755E-01  4.51936E-02  4.51936E-02  0.00000E+00            145.SM 62.  33  12
 221  5.29417E-04  3.74900E-04  3.74900E-04  0.00000E+00            145.SM 62.  34  21
 222  1.87585E-02  9.42200E-04  9.42200E-04  0.00000E+00            145.SM 62.  35  22
 223  5.58837E-01  5.93250E-03  5.93250E-03  0.00000E+00            145.SM 62.  36  23
 224  8.24315E-01  6.04720E-03  6.04720E-03  0.00000E+00            145.SM 62.  37  24
 225  1.07781E-02  6.33449E-03  6.33449E-03  0.00000E+00            145.SM 62.  38  25
 226  1.61151E-02  6.35949E-03  6.35949E-03  0.00000E+00            145.SM 62.  39  26
 227  1.30305E-01  7.12910E-03  7.12910E-03  0.00000E+00            145.SM 62.  40  27
 228  1.99307E-01  7.15423E-03  7.15423E-03  0.00000E+00            145.SM 62.  41  28
 229  1.44663E-03  7.25906E-03  7.25906E-03  0.00000E+00            145.SM 62.  42  29
 230  2.22138E-03  7.26351E-03  7.26351E-03  0.00000E+00            145.SM 62.  43  30
 231  1.86230E-02  7.36514E-03  7.36514E-03  0.00000E+00            145.SM 62.  44  31
 232  2.78279E-02  7.36864E-03  7.36864E-03  0.00000E+00            145.SM 62.  45  32
 241  1.56725E-05  5.67300E-04  5.67300E-04  0.00000E+00            145.SM 62.  46  41
 242  2.47883E-01  5.39411E-03  5.39411E-03  0.00000E+00            145.SM 62.  47  42
 243  4.49874E-03  5.67231E-03  5.67231E-03  0.00000E+00            145.SM 62.  48  43
 244  6.14497E+00  5.95960E-03  5.95960E-03  0.00000E+00            145.SM 62.  49  44
 245  4.45369E-02  6.69113E-03  6.69113E-03  0.00000E+00            145.SM 62.  50  45
 246  8.49460E-04  6.77932E-03  6.77932E-03  0.00000E+00            145.SM 62.  51  46
 247  1.04828E+00  6.88415E-03  6.88415E-03  0.00000E+00            145.SM 62.  52  47
 248  3.70400E-04  7.01029E-03  7.01029E-03  0.00000E+00            145.SM 62.  53  48
 249  7.18161E-03  6.97292E-03  6.97292E-03  0.00000E+00            145.SM 62.  54  49
 250  1.76129E-04  6.99377E-03  6.99377E-03  0.00000E+00            145.SM 62.  55  50
 261  8.68804E-01  4.82681E-03  4.82681E-03  0.00000E+00            145.SM 62.  56  61
 262  5.48479E-03  4.99029E-03  4.99029E-03  0.00000E+00            145.SM 62.  57  62
 263  5.02216E-03  5.10500E-03  5.10500E-03  0.00000E+00            145.SM 62.  58  63
 264  1.10738E+00  5.39230E-03  5.39230E-03  0.00000E+00            145.SM 62.  59  64
 265  9.79867E+00  5.41729E-03  5.41729E-03  0.00000E+00            145.SM 62.  60  65
 266  1.03218E-01  6.12383E-03  6.12383E-03  0.00000E+00            145.SM 62.  61  66
 267  7.43308E-04  6.18689E-03  6.18689E-03  0.00000E+00            145.SM 62.  62  67
 268  7.17615E-04  6.21203E-03  6.21203E-03  0.00000E+00            145.SM 62.  63  68
 269  1.81802E-01  6.31683E-03  6.31683E-03  0.00000E+00            145.SM 62.  64  69
 270  1.62568E+00  6.32131E-03  6.32131E-03  0.00000E+00            145.SM 62.  65  70
 271  1.05132E-04  6.44302E-03  6.44302E-03  0.00000E+00            145.SM 62.  66  71
 272  6.00593E-04  6.44356E-03  6.44356E-03  0.00000E+00            145.SM 62.  67  72
 273  1.83207E-02  6.40560E-03  6.40560E-03  0.00000E+00            145.SM 62.  68  73
 274  1.55440E-04  6.42293E-03  6.42293E-03  0.00000E+00            145.SM 62.  69  74
 275  1.34891E-04  6.42644E-03  6.42644E-03  0.00000E+00            145.SM 62.  70  75
 291  1.86507E+00  9.14590E-04  9.14590E-04  0.00000E+00            145.SM 62.  71  91
 292  4.87968E-02  1.39172E-04  1.39172E-04  0.00000E+00            145.SM 62.  72  92
 293  6.98550E-06  2.00356E-05  2.00356E-05  0.00000E+00            145.SM 62.  73  93
 294  1.82450E+03  1.48444E-05  1.48444E-05  0.00000E+00            145.SM 62.  74  94
 7 1  7.26268E+00  3.14373E-02  3.14373E-02  0.00000E+00            145.SM 62.  75   1
 7 2  3.51192E+00  3.71303E-02  3.71303E-02  0.00000E+00            145.SM 62.  76   2
 7 3  4.06919E-01  4.28266E-02  4.28266E-02  0.00000E+00            145.SM 62.  77   3
 7 4  2.36297E+01  4.76310E-04  4.76310E-04  0.00000E+00            145.SM 62.  78   4
 7 5  9.54105E+01  4.30217E-03  4.30217E-03  0.00000E+00            145.SM 62.  79   5
 7 6  3.23600E+01  5.30227E-03  5.30227E-03  0.00000E+00            145.SM 62.  80   6
 7 7  2.72634E+00  6.33606E-03  6.33606E-03  0.00000E+00            145.SM 62.  81   7
 7 8  1.17747E+02  1.59800E-04  1.59800E-04  0.00000E+00            145.SM 62.  82   8
 7 9  2.53706E+02  7.56065E-04  7.56065E-04  0.00000E+00            145.SM 62.  83   9
 710  1.68471E+01  9.22957E-04  9.22957E-04  0.00000E+00            145.SM 62.  84  10
 711  4.28124E-01  1.10779E-03  1.10779E-03  0.00000E+00            145.SM 62.  85  11
 712  7.29796E+02  1.00558E-04  1.00558E-04  0.00000E+00            145.SM 62.  86  12
 713  1.48655E+02  8.53302E-05  8.53302E-05  0.00000E+00            145.SM 62.  87  13
 714  1.59506E+02  1.43706E-05  1.43706E-05  0.00000E+00            145.SM 62.  88  14
 715  1.27772E+00  3.62100E-05  3.62100E-05  0.00000E+00            145.SM 62.  89  15
%%%% 145 SM  62    EC           2.93760E+07 340 D      02-11-2005       SEEIEND 
 


   ***************************************************** 
   *                 Radiation Summary                 * 
   ***************************************************** 
 
  Energy released by
    Gamma-ray                       (MeV) =   7.45461E-03
    X-ray                           (MeV) =   5.65181E-02
    Free-bound X-ray                (MeV) =   2.70835E-04
    Annihilation photon             (MeV) =   0.00000E+00
    Beta+ particle                  (MeV) =   0.00000E+00
    Neutrino                        (MeV) =   5.24186E-01
    Beta- particle                  (MeV) =   0.00000E+00
    Neutrino-                       (MeV) =   0.00000E+00
    Internal conv. electron         (MeV) =   1.77070E-02
    Auger and CK electron           (MeV) =   1.30180E-02
    Alpha particle                  (MeV) =   0.00000E+00
    Recoil nucleus                  (MeV) =   0.00000E+00
  E-total (except unplaced radiat.) (MeV) =   6.19155E-01
  E-unplaced radiation              (MeV) =   0.00000E+00
  Q-value from ENSDF data           (MeV) =   6.20000E-01
  Ratio of E-total/Q-value          ( % ) =   9.98637E+01
  Ratio of E-unplaced radi./Q-value ( % ) =   0.00000E+00

 
  Total yield of
    Gamma-ray                             =   1.21533E-01
    X-ray                                 =   1.64167E+00
    Free-bound X-ray                      =   1.82450E+01
    Annihilation photon                   =   0.00000E+00
    Beta+ particle                        =   0.00000E+00
    Beta- particle                        =   0.00000E+00
    Internal conv. electron               =   8.01055E-01
    Auger and CK electron                 =   1.59327E+01
    Alpha particle                        =   0.00000E+00
  Yield of unplaced radiation             =   0.00000E+00


