%%%%  87 SR  38 M  IT EC        1.01340E+04 2.815 H    02-11-2005       BALASTAR
1  87M  SR  38 2.815 H         IT EC      
1INTENSITY AND ENERGY BALANCE DATA

              87M-STRONTIUM-38
+                                    HALFLIFE = 2.815 HOURS   
+                                                                  02-11-2005


    LEVEL       INTENSITY   INTENSITY
    ENERGY      ENTERING    LEAVING     PERCENT
    (MEV)       LEVEL       LEVEL       ERROR

   0.0000E+00  9.9700E+01
   3.8853E-01  9.9700E+01  9.9700E+01  0.0000E+00                      
   0.0000E+00  3.0000E-01


 INTENSITY TO GROUND AND ISOMERIC STATE(S) OF DAUGHTER(S)=  1.000E+02
 TOTAL INTENSITY FROM PARENT=  1.000E+02
 PERCENT ERROR =  0.000E+00                      


 TOTAL INTENSITY FROM PARENT =  1.000E+02
 VALUE IS WITHIN   0.00E+00% OF 100                      


 TOTAL ENERGY AVAILABLE =  3.894E-01 MEV
 TOTAL ENERGY CONTENT OF ALL RADIATIONS =  3.894E-01 MEV
 PERCENT ERROR =  5.051E-04                      
%%%%  87 SR  38 M  IT EC        1.01340E+04 2.815 H    02-11-2005       BALAEND 
%%%%  87 SR  38 M  IT EC        1.01340E+04 2.815 H    02-11-2005       INPUSTAR
1                                      **INPUT DATA**
              87M-STRONTIUM-38
+                                    HALFLIFE = 2.815 HOURS   
+                                                                  02-11-2005

            MODES OF DECAY: ISOMERIC LEVEL, ELECTRON CAPTURE
 
                                MEAN
                                NUMBER/    TRANSITION
                TYPE OF    ID   TRANSFOR-  ENERGY
              TRANSITION   NO.  MATION     (MEV)       OTHER NUCLEAR PARAMETERS

           I.C.E. + GAMMA   1   9.97E-01   3.885E-01   M4 MULTIPOLE                             
+                                                                    AK= 0.183                  
                                                       AL1=0.0220    AL2=0.00246                
                                                       AL3=0.00279   AM= 0.00475                
           ELECT. CAPTURE   1   3.00E-03   6.718E-01   ALLOWED                                  
 
           - - - - - - - - - -
           Reference: Evaluated Nuclear Structure Data File (ENSDF)
                DATE DATA WERE ENTERED INTO ENSDF: May-2002
%%%%  87 SR  38 M  IT EC        1.01340E+04 2.815 H    02-11-2005       INPUEND 
%%%%  87 SR  38 M  IT EC        1.01340E+04 2.815 H    02-11-2005       OUTPSTAR
1                                      **OUTPUT DATA**
              87M-STRONTIUM-38
+                                    HALFLIFE = 2.815 HOURS   
+                                                                  02-11-2005

            MODES OF DECAY: ISOMERIC LEVEL, ELECTRON CAPTURE
 
                                              MEAN
                                              NUMBER/                  MEV/
                                         ID   TRANSFOR-   ENERGY       TRANSFOR-
                  TYPE OF RADIATION      NO.  MATION      (MEV)        MATION

           GAMMA-RAY                      1   8.20E-01    3.885E-01    3.19E-01
           K CONV. ELECTRON, GAMMA-RAY    1   1.50E-01    3.725E-01    5.59E-02
           L1 CONV. ELECTRON, GAMMA-RAY   1   1.80E-02    3.863E-01    6.96E-03
           L2 CONV. ELECTRON, GAMMA-RAY   1   2.02E-03    3.865E-01    7.81E-04
           L3 CONV. ELECTRON, GAMMA-RAY   1   2.29E-03    3.866E-01    8.86E-04
           M CONV. ELECTRON, GAMMA-RAY    1   3.90E-03    3.883E-01*   1.51E-03
           N+ CONV. ELECTRON, GAMMA-RAY   1   5.93E-04    3.885E-01*   2.30E-04
           K -L2 X-RAY                        3.02E-02    1.405E-02    4.25E-04
           K -L3 X-RAY                        5.80E-02    1.412E-02    8.19E-04
           AUGER KLL                          3.45E-02    1.202E-02*   4.15E-04
           AUGER KLX                          1.17E-02    1.379E-02*   1.61E-04
           AUGER LMM                          1.70E-01    1.573E-03*   2.68E-04
 
           ALL LISTED X-RAYS, GAMMA-RAYS AND ANNIHILATION RADIATION    3.20E-01
           ALL NEGLECTED X-RAYS, GAMMA-RAYS AND ANNIH. RADIATION**     2.97E-04
           ALL LISTED BETAS, INTERNAL CONVERSION AND AUGER ELECTRONS   6.71E-02
           ALL NEGLECTED BETAS, INT. CONVERSION AND AUGER ELECTRONS**  1.16E-04
           ALL LISTED RADIATIONS                                       3.87E-01
           ALL NEGLECTED RADIATIONS**                                  4.13E-04
 
           *  AVERAGE ENERGY (MEV)
           ** EACH NEGLECTED TRANSITION CONTRIBUTES LESS THAN  0.100%
              TO THE TOTAL MEV/TRANSFORMATION FOR THIS CATEGORY.
           TOTAL FEEDING OF GROUND STATE LEVEL IN 87-STRONTIUM
             DAUGHTER IS 9.9700E-01  PER TRANSFORMATION OF  87M-STRONTIUM.
             THIS DAUGHTER GROUND STATE IS STABLE.
           TOTAL FEEDING OF GROUND STATE LEVEL IN 87-RUBIDIUM
             DAUGHTER IS 3.0000E-03  PER TRANSFORMATION OF  87M-STRONTIUM.
             DECAY OF THIS 0.4923E+11 YEARS HALFLIFE LEVEL WILL CONTRIBUTE TO DOSE.
           - - - - - - - - - -
           INPUT DATA SOURCE: EVALUATED NUCLEAR STRUCTURE DATA FILE (ENSDF)
             DATE INPUT DATA WERE ENTERED INTO ENSDF: May-2002
%%%%  87 SR  38 M  IT EC        1.01340E+04 2.815 H    02-11-2005       OUTPEND 
%%%%  87 SR  38 M  IT EC        1.01340E+04 2.815 H    02-11-2005       SEEISTAR
 87.M STRONTIUM    38.  2.815E+00 HOURS     95 IT EC                 87.SR 38.   0
 1 1  8.20068E+01  3.88531E-01  3.88531E-01  0.00000E+00             87.SR 38.   1   1
 6 1  1.50114E+01  3.72464E-01  3.72464E-01  1.00000E+00             87.SR 38.   2   1
 6 5  1.80156E+00  3.86331E-01  3.86331E-01  1.00000E+00             87.SR 38.   3   5
 6 6  2.01985E-01  3.86519E-01  3.86519E-01  1.00000E+00             87.SR 38.   4   6
 6 7  2.29056E-01  3.86589E-01  3.86589E-01  1.00000E+00             87.SR 38.   5   7
 6 3  3.89900E-01  3.88261E-01  3.88261E-01  1.00000E+00             87.SR 38.   6   3
 6 4  5.92844E-02  3.88531E-01  3.88531E-01  1.00000E+00             87.SR 38.   7   4
 2 1  3.02122E+00  1.40549E-02  1.40549E-02  0.00000E+00             87.SR 38.   8   1
 2 2  5.80122E+00  1.41246E-02  1.41246E-02  0.00000E+00             87.SR 38.   9   2
 2 3  4.40920E-01  1.57867E-02  1.57867E-02  0.00000E+00             87.SR 38.  10   3
 2 4  8.59426E-01  1.57975E-02  1.57975E-02  0.00000E+00             87.SR 38.  11   4
 2 5  1.55324E-03  1.59220E-02  1.59220E-02  0.00000E+00             87.SR 38.  12   5
 2 6  2.21631E-03  1.59240E-02  1.59240E-02  0.00000E+00             87.SR 38.  13   6
 2 7  5.71250E-02  1.60385E-02  1.60385E-02  0.00000E+00             87.SR 38.  14   7
 2 8  1.09211E-01  1.60399E-02  1.60399E-02  0.00000E+00             87.SR 38.  15   8
 221  5.29809E-05  1.88000E-04  1.88000E-04  0.00000E+00             87.SR 38.  16  21
 222  3.18167E-04  2.57699E-04  2.57699E-04  0.00000E+00             87.SR 38.  17  22
 223  4.98938E-03  1.91978E-03  1.91978E-03  0.00000E+00             87.SR 38.  18  23
 224  8.78222E-03  1.93057E-03  1.93057E-03  0.00000E+00             87.SR 38.  19  24
 225  3.37619E-05  2.05517E-03  2.05517E-03  0.00000E+00             87.SR 38.  20  25
 226  5.02508E-05  2.05709E-03  2.05709E-03  0.00000E+00             87.SR 38.  21  26
 227  6.29795E-04  2.17163E-03  2.17163E-03  0.00000E+00             87.SR 38.  22  27
 228  1.11683E-03  2.17290E-03  2.17290E-03  0.00000E+00             87.SR 38.  23  28
 241  1.52803E-08  6.97000E-05  6.97000E-05  0.00000E+00             87.SR 38.  24  41
 242  1.93418E-02  1.66178E-03  1.66178E-03  0.00000E+00             87.SR 38.  25  42
 243  1.53232E-04  1.74257E-03  1.74257E-03  0.00000E+00             87.SR 38.  26  43
 244  1.35332E-01  1.86717E-03  1.86717E-03  0.00000E+00             87.SR 38.  27  44
 245  1.13319E-03  1.96571E-03  1.96571E-03  0.00000E+00             87.SR 38.  28  45
 246  3.84157E-06  1.98490E-03  1.98490E-03  0.00000E+00             87.SR 38.  29  46
 261  5.43343E-02  1.59208E-03  1.59208E-03  0.00000E+00             87.SR 38.  30  61
 262  2.01093E-04  1.66208E-03  1.66208E-03  0.00000E+00             87.SR 38.  31  62
 263  1.91187E-04  1.67287E-03  1.67287E-03  0.00000E+00             87.SR 38.  32  63
 264  2.78411E-02  1.79747E-03  1.79747E-03  0.00000E+00             87.SR 38.  33  64
 265  2.61785E-01  1.79939E-03  1.79939E-03  0.00000E+00             87.SR 38.  34  65
 266  2.25025E-03  1.89601E-03  1.89601E-03  0.00000E+00             87.SR 38.  35  66
 267  4.02369E-06  1.91393E-03  1.91393E-03  0.00000E+00             87.SR 38.  36  67
 268  3.85770E-06  1.91520E-03  1.91520E-03  0.00000E+00             87.SR 38.  37  68
 291  6.18985E-03  1.48058E-04  1.48058E-04  0.00000E+00             87.SR 38.  38  91
 292  7.98705E-05  1.88253E-05  1.88253E-05  0.00000E+00             87.SR 38.  39  92
 294  1.46417E+02  2.09360E-05  2.09360E-05  0.00000E+00             87.SR 38.  40  94
 7 1  3.45278E+00  1.20238E-02  1.20238E-02  0.00000E+00             87.SR 38.  41   1
 7 2  1.17004E+00  1.37890E-02  1.37890E-02  0.00000E+00             87.SR 38.  42   2
 7 3  9.56539E-02  1.55562E-02  1.55562E-02  0.00000E+00             87.SR 38.  43   3
 7 4  3.68552E+00  1.00307E-04  1.00307E-04  0.00000E+00             87.SR 38.  44   4
 7 5  1.70427E+01  1.57340E-03  1.57340E-03  0.00000E+00             87.SR 38.  45   5
 7 6  1.51534E+00  1.71375E-03  1.71375E-03  0.00000E+00             87.SR 38.  46   6
 7 7  5.43940E-02  1.91672E-03  1.91672E-03  0.00000E+00             87.SR 38.  47   7
 7 8  1.72698E+01  9.39893E-05  9.39893E-05  0.00000E+00             87.SR 38.  48   8
 7 9  4.07098E+01  7.49407E-05  7.49407E-05  0.00000E+00             87.SR 38.  49   9
 710  1.97266E+00  1.09903E-04  1.09903E-04  0.00000E+00             87.SR 38.  50  10
 712  4.08021E+01  1.36397E-05  1.36397E-05  0.00000E+00             87.SR 38.  51  12
 2 1  5.10641E-02  1.32919E-02  1.32919E-02  0.00000E+00             87.SR 38.  52   1
 2 2  9.82376E-02  1.33539E-02  1.33539E-02  0.00000E+00             87.SR 38.  53   2
 2 3  7.32142E-03  1.49123E-02  1.49123E-02  0.00000E+00             87.SR 38.  54   3
 2 4  1.42718E-02  1.49217E-02  1.49217E-02  0.00000E+00             87.SR 38.  55   4
 2 5  2.35196E-05  1.50398E-02  1.50398E-02  0.00000E+00             87.SR 38.  56   5
 2 6  3.36331E-05  1.50414E-02  1.50414E-02  0.00000E+00             87.SR 38.  57   6
 2 7  7.97688E-04  1.51383E-02  1.51383E-02  0.00000E+00             87.SR 38.  58   7
 2 8  1.53723E-03  1.51392E-02  1.51392E-02  0.00000E+00             87.SR 38.  59   8
 221  9.55177E-07  1.80900E-04  1.80900E-04  0.00000E+00             87.SR 38.  60  21
 222  5.61934E-06  2.42900E-04  2.42900E-04  0.00000E+00             87.SR 38.  61  22
 223  8.13819E-05  1.80131E-03  1.80131E-03  0.00000E+00             87.SR 38.  62  23
 224  1.43987E-04  1.81071E-03  1.81071E-03  0.00000E+00             87.SR 38.  63  24
 225  5.14528E-07  1.92881E-03  1.92881E-03  0.00000E+00             87.SR 38.  64  25
 226  7.65738E-07  1.93043E-03  1.93043E-03  0.00000E+00             87.SR 38.  65  26
 227  9.06963E-06  2.02727E-03  2.02727E-03  0.00000E+00             87.SR 38.  66  27
 228  1.60966E-05  2.02825E-03  2.02825E-03  0.00000E+00             87.SR 38.  67  28
 241  2.23504E-10  6.20000E-05  6.20000E-05  0.00000E+00             87.SR 38.  68  41
 242  3.44078E-04  1.55392E-03  1.55392E-03  0.00000E+00             87.SR 38.  69  42
 243  2.56855E-06  1.62981E-03  1.62981E-03  0.00000E+00             87.SR 38.  70  43
 244  2.09692E-03  1.74790E-03  1.74790E-03  0.00000E+00             87.SR 38.  71  44
 245  1.85488E-05  1.83038E-03  1.83038E-03  0.00000E+00             87.SR 38.  72  45
 246  5.19501E-08  1.84735E-03  1.84735E-03  0.00000E+00             87.SR 38.  73  46
 261  9.25200E-04  1.49192E-03  1.49192E-03  0.00000E+00             87.SR 38.  74  61
 262  3.26897E-06  1.55841E-03  1.55841E-03  0.00000E+00             87.SR 38.  75  62
 263  3.11431E-06  1.56780E-03  1.56780E-03  0.00000E+00             87.SR 38.  76  63
 264  4.25152E-04  1.68590E-03  1.68590E-03  0.00000E+00             87.SR 38.  77  64
 265  4.02222E-03  1.68753E-03  1.68753E-03  0.00000E+00             87.SR 38.  78  65
 266  3.63690E-05  1.76838E-03  1.76838E-03  0.00000E+00             87.SR 38.  79  66
 267  5.40926E-08  1.78437E-03  1.78437E-03  0.00000E+00             87.SR 38.  80  67
 268  5.16981E-08  1.78535E-03  1.78535E-03  0.00000E+00             87.SR 38.  81  68
 291  8.48354E-05  1.35985E-04  1.35985E-04  0.00000E+00             87.SR 38.  82  91
 292  9.28010E-07  1.66827E-05  1.66827E-05  0.00000E+00             87.SR 38.  83  92
 294  2.70380E+00  1.52773E-05  1.52773E-05  0.00000E+00             87.SR 38.  84  94
 7 1  6.50921E-02  1.14024E-02  1.14024E-02  0.00000E+00             87.SR 38.  85   1
 7 2  2.13622E-02  1.30522E-02  1.30522E-02  0.00000E+00             87.SR 38.  86   2
 7 3  1.71174E-03  1.47045E-02  1.47045E-02  0.00000E+00             87.SR 38.  87   3
 7 4  6.52056E-02  1.06958E-04  1.06958E-04  0.00000E+00             87.SR 38.  88   4
 7 5  2.99407E-01  1.48978E-03  1.48978E-03  0.00000E+00             87.SR 38.  89   5
 7 6  2.42605E-02  1.61161E-03  1.61161E-03  0.00000E+00             87.SR 38.  90   6
 7 7  7.87174E-04  1.79152E-03  1.79152E-03  0.00000E+00             87.SR 38.  91   7
 7 8  3.20718E-01  7.35410E-05  7.35410E-05  0.00000E+00             87.SR 38.  92   8
 7 9  7.94367E-01  6.50110E-05  6.50110E-05  0.00000E+00             87.SR 38.  93   9
 710  1.41543E-02  9.22973E-05  9.22973E-05  0.00000E+00             87.SR 38.  94  10
 712  7.92630E-01  1.26043E-05  1.26043E-05  0.00000E+00             87.SR 38.  95  12
%%%%  87 SR  38 M  IT EC        1.01340E+04 2.815 H    02-11-2005       SEEIEND 
 


   ***************************************************** 
   *                 Radiation Summary                 * 
   ***************************************************** 
 
  Energy released by
    Gamma-ray                       (MeV) =   3.18622E-01
    X-ray                           (MeV) =   1.50962E-03
    Free-bound X-ray                (MeV) =   3.10670E-05
    Annihilation photon             (MeV) =   0.00000E+00
    Beta+ particle                  (MeV) =   0.00000E+00
    Neutrino                        (MeV) =   1.97267E-03
    Beta- particle                  (MeV) =   0.00000E+00
    Neutrino-                       (MeV) =   0.00000E+00
    Internal conv. electron         (MeV) =   6.62823E-02
    Auger and CK electron           (MeV) =   9.60967E-04
    Alpha particle                  (MeV) =   0.00000E+00
    Recoil nucleus                  (MeV) =   0.00000E+00
  E-total (except unplaced radiat.) (MeV) =   3.89379E-01
  E-unplaced radiation              (MeV) =   0.00000E+00
  Q-value from ENSDF data           (MeV) =   3.89383E-01
  Ratio of E-total/Q-value          ( % ) =   9.99989E+01
  Ratio of E-unplaced radi./Q-value ( % ) =   0.00000E+00

 
  Total yield of
    Gamma-ray                             =   8.20068E-01
    X-ray                                 =   1.09992E-01
    Free-bound X-ray                      =   1.49121E+00
    Annihilation photon                   =   0.00000E+00
    Beta+ particle                        =   0.00000E+00
    Beta- particle                        =   0.00000E+00
    Internal conv. electron               =   1.76932E-01
    Auger and CK electron                 =   1.30171E+00
    Alpha particle                        =   0.00000E+00
  Yield of unplaced radiation             =   0.00000E+00


