%%%%  90 SR  38    B-           9.08543E+08 28.79 Y    02-11-2005       BALASTAR
1  90   SR  38 28.79 Y         B-         
1INTENSITY AND ENERGY BALANCE DATA

              90-STRONTIUM-38
+                                    HALFLIFE = 28.79 YEARS   
+                                                                  02-11-2005


    LEVEL       INTENSITY   INTENSITY
    ENERGY      ENTERING    LEAVING     PERCENT
    (MEV)       LEVEL       LEVEL       ERROR

   0.0000E+00  1.0000E+02


 INTENSITY TO GROUND AND ISOMERIC STATE(S) OF DAUGHTER(S)=  1.000E+02
 TOTAL INTENSITY FROM PARENT=  1.000E+02
 PERCENT ERROR =  0.000E+00                      


 TOTAL INTENSITY FROM PARENT =  1.000E+02
 VALUE IS WITHIN   0.00E+00% OF 100                      


 TOTAL ENERGY AVAILABLE =  5.460E-01 MEV
 TOTAL ENERGY CONTENT OF ALL RADIATIONS =  5.460E-01 MEV
 PERCENT ERROR =  0.000E+00                      
%%%%  90 SR  38    B-           9.08543E+08 28.79 Y    02-11-2005       BALAEND 
%%%%  90 SR  38    B-           9.08543E+08 28.79 Y    02-11-2005       INPUSTAR
1                                      **INPUT DATA**
              90-STRONTIUM-38
+                                    HALFLIFE = 28.79 YEARS   
+                                                                  02-11-2005

            MODE OF DECAY: BETA MINUS
 
                                MEAN
                                NUMBER/    TRANSITION
                TYPE OF    ID   TRANSFOR-  ENERGY
              TRANSITION   NO.  MATION     (MEV)       OTHER NUCLEAR PARAMETERS

               BETA MINUS   1   1.00E+00   5.460E-01*  UNIQUE FIRST FORBIDDEN                   
 
           * ENDPOINT ENERGY (MEV)
           - - - - - - - - - -
           Reference: Evaluated Nuclear Structure Data File (ENSDF)
                DATE DATA WERE ENTERED INTO ENSDF: Jan-1998
%%%%  90 SR  38    B-           9.08543E+08 28.79 Y    02-11-2005       INPUEND 
%%%%  90 SR  38    B-           9.08543E+08 28.79 Y    02-11-2005       OUTPSTAR
1                                      **OUTPUT DATA**
              90-STRONTIUM-38
+                                    HALFLIFE = 28.79 YEARS   
+                                                                  02-11-2005

            MODE OF DECAY: BETA MINUS
 
                                              MEAN
                                              NUMBER/                  MEV/
                                         ID   TRANSFOR-   ENERGY       TRANSFOR-
                  TYPE OF RADIATION      NO.  MATION      (MEV)        MATION

           BETA MINUS                     1   1.00E+00    1.957E-01*   1.96E-01
 
           ALL LISTED BETAS, INTERNAL CONVERSION AND AUGER ELECTRONS   1.96E-01
           ALL LISTED RADIATIONS                                       1.96E-01
 
           *  AVERAGE ENERGY (MEV)
           TOTAL FEEDING OF GROUND STATE LEVEL IN 90-YTTRIUM
             DAUGHTER IS 1.0000E+00 PER TRANSFORMATION OF  90-STRONTIUM.
             DECAY OF THIS 64.1 HOURS HALFLIFE LEVEL WILL CONTRIBUTE TO DOSE.
           - - - - - - - - - -
           INPUT DATA SOURCE: EVALUATED NUCLEAR STRUCTURE DATA FILE (ENSDF)
             DATE INPUT DATA WERE ENTERED INTO ENSDF: Jan-1998
%%%%  90 SR  38    B-           9.08543E+08 28.79 Y    02-11-2005       OUTPEND 
%%%%  90 SR  38    B-           9.08543E+08 28.79 Y    02-11-2005       BETASTAR
1
              90-STRONTIUM-38
+                                    HALFLIFE = 28.79 YEARS   
+                                                                  02-11-2005

            BETA SPECTRUM DATA FOR ALL DECAY BRANCHES

                      BETAS PER                BETAS PER                BETAS PER
            ENERGY    MEV            ENERGY    MEV            ENERGY    MEV
            (MEV)     PER DECAY      (MEV)     PER DECAY      (MEV)     PER DECAY

            0.00000   2.951E+00      0.00160   2.926E+00      0.03000   2.804E+00
            0.00010   2.949E+00      0.00180   2.923E+00      0.03200   2.800E+00
            0.00011   2.949E+00      0.00200   2.920E+00      0.03600   2.793E+00
            0.00012   2.949E+00      0.00220   2.917E+00      0.04000   2.786E+00
            0.00013   2.949E+00      0.00240   2.914E+00      0.04500   2.777E+00
            0.00014   2.948E+00      0.00260   2.911E+00      0.05000   2.770E+00
            0.00015   2.948E+00      0.00280   2.908E+00      0.05500   2.763E+00
            0.00016   2.948E+00      0.00300   2.905E+00      0.06000   2.756E+00
            0.00018   2.948E+00      0.00320   2.902E+00      0.06500   2.750E+00
            0.00020   2.947E+00      0.00360   2.896E+00      0.07000   2.743E+00
            0.00022   2.947E+00      0.00400   2.890E+00      0.07500   2.737E+00
            0.00024   2.947E+00      0.00450   2.882E+00      0.08000   2.731E+00
            0.00026   2.947E+00      0.00500   2.875E+00      0.08500   2.725E+00
            0.00028   2.946E+00      0.00550   2.867E+00      0.09000   2.719E+00
            0.00030   2.946E+00      0.00600   2.866E+00      0.10000   2.706E+00
            0.00032   2.946E+00      0.00650   2.864E+00      0.11000   2.693E+00
            0.00036   2.945E+00      0.00700   2.863E+00      0.12000   2.679E+00
            0.00040   2.944E+00      0.00750   2.861E+00      0.13000   2.663E+00
            0.00045   2.944E+00      0.00800   2.860E+00      0.14000   2.647E+00
            0.00050   2.943E+00      0.00850   2.859E+00      0.15000   2.629E+00
            0.00055   2.942E+00      0.00900   2.857E+00      0.16000   2.609E+00
            0.00060   2.941E+00      0.01000   2.855E+00      0.18000   2.563E+00
            0.00065   2.941E+00      0.01100   2.852E+00      0.20000   2.508E+00
            0.00070   2.940E+00      0.01200   2.849E+00      0.22000   2.441E+00
            0.00075   2.939E+00      0.01300   2.846E+00      0.24000   2.361E+00
            0.00080   2.938E+00      0.01400   2.843E+00      0.26000   2.267E+00
            0.00085   2.938E+00      0.01500   2.841E+00      0.28000   2.157E+00
            0.00090   2.937E+00      0.01600   2.838E+00      0.30000   2.031E+00
            0.00100   2.935E+00      0.01800   2.833E+00      0.32000   1.887E+00
            0.00110   2.934E+00      0.02000   2.827E+00      0.36000   1.549E+00
            0.00120   2.932E+00      0.02200   2.822E+00      0.40000   1.155E+00
            0.00130   2.931E+00      0.02400   2.818E+00      0.45000   6.310E-01
            0.00140   2.929E+00      0.02600   2.813E+00      0.50000   1.821E-01
            0.00150   2.928E+00      0.02800   2.809E+00      0.54600   0.000E+00

            AVERAGE BETA ENERGY =   1.957E-01

            TOTAL BETAS PER DECAY FOR ALL BRANCHES =   1.000E+00
%%%%  90 SR  38    B-           9.08543E+08 28.79 Y    02-11-2005       BETAEND 
%%%%  90 SR  38    B-           9.08543E+08 28.79 Y    02-11-2005       SEEISTAR
 90.  STRONTIUM    38.  2.879E+01 YEARS      1 B-                    90.SR 38.   0
 5 1  1.00000E+02  1.95729E-01  5.46000E-01  1.00000E+00             90.SR 38.   1   1
%%%%  90 SR  38    B-           9.08543E+08 28.79 Y    02-11-2005       SEEIEND 
 


   ***************************************************** 
   *                 Radiation Summary                 * 
   ***************************************************** 
 
  Energy released by
    Gamma-ray                       (MeV) =   0.00000E+00
    X-ray                           (MeV) =   0.00000E+00
    Free-bound X-ray                (MeV) =   0.00000E+00
    Annihilation photon             (MeV) =   0.00000E+00
    Beta+ particle                  (MeV) =   0.00000E+00
    Neutrino                        (MeV) =   0.00000E+00
    Beta- particle                  (MeV) =   1.95729E-01
    Neutrino-                       (MeV) =   3.50271E-01
    Internal conv. electron         (MeV) =   0.00000E+00
    Auger and CK electron           (MeV) =   0.00000E+00
    Alpha particle                  (MeV) =   0.00000E+00
    Recoil nucleus                  (MeV) =   0.00000E+00
  E-total (except unplaced radiat.) (MeV) =   5.46000E-01
  E-unplaced radiation              (MeV) =   0.00000E+00
  Q-value from ENSDF data           (MeV) =   5.46000E-01
  Ratio of E-total/Q-value          ( % ) =   1.00000E+02
  Ratio of E-unplaced radi./Q-value ( % ) =   0.00000E+00

 
  Total yield of
    Gamma-ray                             =   0.00000E+00
    X-ray                                 =   0.00000E+00
    Free-bound X-ray                      =   0.00000E+00
    Annihilation photon                   =   0.00000E+00
    Beta+ particle                        =   0.00000E+00
    Beta- particle                        =   1.00000E+00
    Internal conv. electron               =   0.00000E+00
    Auger and CK electron                 =   0.00000E+00
    Alpha particle                        =   0.00000E+00
  Yield of unplaced radiation             =   0.00000E+00


