%%%% 182 TA  73    B-           9.88675E+06   114.43 D 02-11-2005       BALASTAR
1 182   TA  73   114.43 D      B-         
1INTENSITY AND ENERGY BALANCE DATA

              182-TANTALUM-73
+                                    HALFLIFE = 114.43 DAYS    
+                                                                  02-11-2005


    LEVEL       INTENSITY   INTENSITY
    ENERGY      ENTERING    LEAVING     PERCENT
    (MEV)       LEVEL       LEVEL       ERROR

   0.0000E+00  9.9942E+01
   1.0011E-01  6.8802E+01  6.9803E+01  1.4449E+00                      
   3.2943E-01  4.6142E+00  4.3503E+00  5.8876E+00                      
   6.8048E-01  1.5458E-02  9.5664E-03  4.7090E+01  ********************
   1.1359E+00  7.4739E-03  7.4194E-03  7.3152E-01                      
   1.2214E+00  6.3002E+01  6.2144E+01  1.3713E+00                      
   1.2574E+00  2.7197E+00  2.7177E+00  7.3384E-02                      
   1.2892E+00  6.9862E+01  7.0119E+01  3.6759E-01                      
   1.3311E+00  1.3502E+01  1.3550E+01  3.5952E-01                      
   1.3738E+00  3.4088E+01  3.4030E+01  1.6944E-01                      
   1.4428E+00  7.0376E-01  6.9935E-01  6.2913E-01                      
   1.4875E+00  1.3647E+01  1.3578E+01  5.1122E-01                      
   1.5102E+00  1.2595E-01  1.4077E-01  1.1115E+01  ********************
   1.5532E+00  2.9523E+01  2.9404E+01  4.0119E-01                      


 INTENSITY TO GROUND AND ISOMERIC STATE(S) OF DAUGHTER(S)=  9.994E+01
 TOTAL INTENSITY FROM PARENT=  1.000E+02
 PERCENT ERROR =  5.773E-02                      


 TOTAL INTENSITY FROM PARENT =  1.000E+02
 VALUE IS WITHIN   0.00E+00% OF 100                      


 TOTAL ENERGY AVAILABLE =  1.814E+00 MEV
 TOTAL ENERGY CONTENT OF ALL RADIATIONS =  1.804E+00 MEV
 PERCENT ERROR =  5.520E-01                      
%%%% 182 TA  73    B-           9.88675E+06   114.43 D 02-11-2005       BALAEND 
%%%% 182 TA  73    B-           9.88675E+06   114.43 D 02-11-2005       INPUSTAR
1                                      **INPUT DATA**
              182-TANTALUM-73
+                                    HALFLIFE = 114.43 DAYS    
+                                                                  02-11-2005

            MODE OF DECAY: BETA MINUS
 
                                MEAN
                                NUMBER/    TRANSITION
                TYPE OF    ID   TRANSFOR-  ENERGY
              TRANSITION   NO.  MATION     (MEV)       OTHER NUCLEAR PARAMETERS

               BETA MINUS   1   2.95E-01   2.604E-01*  ALLOWED                                  
               BETA MINUS   2   1.26E-03   3.034E-01*  FIRST FORBIDDEN                          
               BETA MINUS   3   1.81E-02   3.261E-01*  ALLOWED                                  
               BETA MINUS   4   5.91E-03   3.708E-01*  FIRST FORBIDDEN                          
               BETA MINUS   5   2.07E-01   4.398E-01*  ALLOWED                                  
               BETA MINUS   6   2.22E-02   4.825E-01*  FIRST FORBIDDEN                          
               BETA MINUS   7   4.00E-01   5.244E-01*  ALLOWED                                  
               BETA MINUS   8   8.87E-03   5.562E-01*  FIRST FORBIDDEN                          
               BETA MINUS   9   4.03E-02   5.922E-01*  FIRST FORBIDDEN                          
               BETA MINUS  10   9.67E-04   1.484E+00*  FIRST FORBIDDEN                          
               BETA MINUS  11   5.84E-04   1.713E+00*  FIRST FORBIDDEN                          
           I.C.E. + GAMMA   1   1.29E-02   3.174E-02   E1 MULTIPOLE                             
+                                                                    AK= 0.0                    
                                                       AL1=0.443     AL2=0.356                  
                                                       AL3=0.479     AM= 0.299                  
                                                       AN+=0.0816                               
           I.C.E. + GAMMA   2   4.81E-03   4.272E-02   E1 MULTIPOLE                             
+                                                                    AK= 0.0                    
                                                       AL1=0.235     AL2=0.144                  
                                                       AL3=0.186     AM= 0.131                  
                                                       AN+=0.0363                               
           I.C.E. + GAMMA   3   1.18E-01   6.572E-02   M1+E2 MULTIPOLE                          
                                                       MRS=0.00865   AK= 0.0                    
                                                       AL1=2.00      AL2=0.256                  
                                                       AL3=0.0957    AM= 0.540                  
                                                       AN+=0.159                                
           I.C.E. + GAMMA   4   5.09E-01   6.775E-02   E1+M2 MULTIPOLE                          
                                                       MRS=0.000400  AK= 0.0                    
                                                       AL1=0.0981    AL2=0.0362                 
                                                       AL3=0.0458    AM= 0.0419                 
                                                       AN+=0.0119                               
           I.C.E. + GAMMA   5   2.38E-01   8.468E-02   M1+E2 MULTIPOLE                          
                                                       MRS=0.119     AK= 6.05                   
                                                       AL1=0.869     AL2=0.350                  
                                                       AL3=0.267     AM= 0.354                  
                                                       AN+=0.102                                
           I.C.E. + GAMMA   6   6.98E-01   1.001E-01   E2 MULTIPOLE                             
+                                                                    AK= 0.871                  
                                                       AL1=0.0959    AL2=1.17                   
                                                       AL3=1.05      AM= 0.591                  
                                                       AN+=0.164                                
           I.C.E. + GAMMA   7   1.12E-03   1.104E-01   E1 MULTIPOLE                             
+                                                                    AK= 0.239                  
                                                       AL1=0.0258    AL2=0.00746                
                                                       AL3=0.00812   AM= 0.00947                
                                                       AN+=0.00271                              
           I.C.E. + GAMMA   8   8.14E-02   1.137E-01   M1+E2 MULTIPOLE                          
                                                       MRS=0.128     AK= 2.61                   
                                                       AL1=0.373     AL2=0.107                  
                                                       AL3=0.0679    AM= 0.129                  
                                                       AN+=0.0375                               
           I.C.E. + GAMMA   9   5.40E-03   1.164E-01   E1 MULTIPOLE                             
+                                                                    AK= 0.209                  
                                                       AL1=0.0227    AL2=0.00631                
                                                       AL3=0.00681   AM= 0.00819                
                                                       AN+=0.00234                              
           I.C.E. + GAMMA  10   7.47E-05   1.215E-01   E2 MULTIPOLE                             
+                                                                    AK= 0.593                  
                                                       AL1=0.0634    AL2=0.484                  
                                                       AL3=0.406     AM= 0.242                  
                                                       AN+=0.0673                               
           I.C.E. + GAMMA  11   8.11E-02   1.524E-01   E1+M2 MULTIPOLE                          
                                                       MRS=0.00476   AK= 0.137                  
                                                       AL1=0.0186    AL2=0.00357                
                                                       AL3=0.00382   AM= 0.00609                
                                                       AN+=0.00177                              
           I.C.E. + GAMMA  12   2.96E-02   1.564E-01   E1 MULTIPOLE                             
+                                                                    AK= 0.0982                 
                                                       AL1=0.0110    AL2=0.00249                
                                                       AL3=0.00255   AM= 0.00367                
                                                       AN+=0.00106                              
           I.C.E. + GAMMA  13   5.29E-02   1.794E-01   M1+E2 MULTIPOLE                          
                                                       MRS=0.846     AK= 0.527                  
                                                       AL1=0.0729    AL2=0.0441                 
                                                       AL3=0.0286    AM= 0.0349                 
                                                       AN+=0.0100                               
           I.C.E. + GAMMA  14   2.01E-02   1.984E-01   E2+M3 MULTIPOLE                          
                                                       MRS=0.00449   AK= 0.216                  
                                                       AL1=0.0328    AL2=0.0566                 
                                                       AL3=0.0442    AM= 0.0336                 
                                                       AN+=0.00950                              
           I.C.E. + GAMMA  15   7.85E-02   2.221E-01   E1 MULTIPOLE                             
+                                                                    AK= 0.0401                 
                                                       AL1=0.00472   AM= 0.00145                
           I.C.E. + GAMMA  16   4.35E-02   2.293E-01   E2 MULTIPOLE                             
+                                                                    AK= 0.117                  
                                                       AL1=0.0139    AL2=0.0290                 
                                                       AL3=0.0189    AM= 0.0153                 
                                                       AN+=0.00431                              
           I.C.E. + GAMMA  17   4.06E-02   2.641E-01   E2 MULTIPOLE                             
+                                                                    AK= 0.0802                 
                                                       AL1=0.00979   AL2=0.0159                 
                                                       AL3=0.00970   AM= 0.00871                
                                                       AN+=0.00246                              
           I.C.E. + GAMMA  18   9.57E-05   3.511E-01   E2 MULTIPOLE                             
+                                                                    AK= 0.0381                 
                                                       AL1=0.00487   AL2=0.00484                
                                                       AL3=0.00260   AM= 0.00299                
           I.C.E. + GAMMA  19   1.55E-04   8.297E-01   E2 MULTIPOLE                             
+                                                                    AK= 0.00541                
           I.C.E. + GAMMA  20   5.69E-04   8.920E-01   E2 MULTIPOLE                             
+                                                                    AK= 0.00467                
           I.C.E. + GAMMA  21   6.23E-03   9.280E-01   E2 MULTIPOLE                             
+                                                                    AK= 0.00432                
           I.C.E. + GAMMA  22   3.52E-03   9.597E-01   M2+E3 MULTIPOLE                          
                                                       MRS=30.2      AK= 0.00910                
                                                       AL1=0.00133                              
           I.C.E. + GAMMA  23   2.08E-02   1.002E+00   M1+E2 MULTIPOLE                          
                                                       MRS=79.2      AK= 0.00378                
           I.C.E. + GAMMA  24   7.36E-05   1.036E+00   E2 MULTIPOLE                             
+                                                                    AK= 0.00348                
           I.C.E. + GAMMA  25   2.38E-03   1.044E+00   E1+M2 MULTIPOLE                          
                                                       MRS=0.212     AK= 0.00435                
           I.C.E. + GAMMA  26   4.47E-03   1.113E+00   M1+E2 MULTIPOLE                          
                                                       MRS=31.4      AK= 0.00314                
           I.C.E. + GAMMA  27   3.50E-01   1.121E+00   M1+E2 MULTIPOLE                          
                                                       MRS=900.      AK= 0.00300                
           I.C.E. + GAMMA  28   5.93E-07   1.136E+00   E0 MULTIPOLE                             
                                                       K/L1/M/N+ =                              
                                                       100./15.0/3.39/1.01                      
           I.C.E. + GAMMA  29   5.95E-03   1.157E+00   M1+E2 MULTIPOLE                          
                                                       MRS=81.0      AK= 0.00286                
           I.C.E. + GAMMA  30   4.02E-03   1.158E+00   E1 MULTIPOLE                             
+                                                                    AK= 0.00117                
           I.C.E. + GAMMA  31   8.58E-04   1.181E+00   M1+E2 MULTIPOLE                          
                                                       MRS=7.84      AK= 0.00272                
           I.C.E. + GAMMA  32   1.62E-01   1.189E+00   E1+M2 MULTIPOLE                          
                                                       AK= 0.00111                              
           I.C.E. + GAMMA  33   2.71E-01   1.221E+00   E2 MULTIPOLE                             
+                                                                    AK= 0.00255                
           I.C.E. + GAMMA  34   2.27E-03   1.224E+00   E1+M2 MULTIPOLE                          
                                                       MRS=0.102     AK= 0.00208                
           I.C.E. + GAMMA  35   1.15E-01   1.231E+00   M1+E2 MULTIPOLE                          
                                                       MRS=1.09E+03  AK= 0.00251                
           I.C.E. + GAMMA  36   1.49E-02   1.257E+00   E2 MULTIPOLE                             
+                                                                    AK= 0.00241                
           I.C.E. + GAMMA  37   6.51E-03   1.274E+00   E1+M2 MULTIPOLE                          
           I.C.E. + GAMMA  38   1.37E-02   1.289E+00   M2 MULTIPOLE                             
+                                                                    AK= 0.0106                 
                                                       AL1=0.00154                              
           I.C.E. + GAMMA  39   2.52E-03   1.343E+00   E2+M3 MULTIPOLE                          
                                                       MRS=0.0121    AK= 0.00231                
           I.C.E. + GAMMA  40   2.20E-03   1.374E+00   E3 MULTIPOLE                             
+                                                                    AK= 0.00403                
           I.C.E. + GAMMA  41   7.12E-04   1.387E+00   M2+E3 MULTIPOLE                          
                                                       MRS=6.76      AK= 0.00457                
           I.C.E. + GAMMA  42   3.95E-04   1.410E+00   E2 MULTIPOLE                             
+                                                                    AK= 0.00195                
           I.C.E. + GAMMA  43   2.86E-04   1.453E+00   M2+E3 MULTIPOLE                          
                                                       AK= 0.00573                              
 
           * ENDPOINT ENERGY (MEV)
           - - - - - - - - - -
           Reference: Evaluated Nuclear Structure Data File (ENSDF)
                DATE DATA WERE ENTERED INTO ENSDF: Aug-1988
%%%% 182 TA  73    B-           9.88675E+06   114.43 D 02-11-2005       INPUEND 
%%%% 182 TA  73    B-           9.88675E+06   114.43 D 02-11-2005       OUTPSTAR
1                                      **OUTPUT DATA**
              182-TANTALUM-73
+                                    HALFLIFE = 114.43 DAYS    
+                                                                  02-11-2005

            MODE OF DECAY: BETA MINUS
 
                                              MEAN
                                              NUMBER/                  MEV/
                                         ID   TRANSFOR-   ENERGY       TRANSFOR-
                  TYPE OF RADIATION      NO.  MATION      (MEV)        MATION

           BETA MINUS                     1   2.95E-01    7.227E-02*   2.13E-02
           BETA MINUS                     3   1.81E-02    9.256E-02*   1.68E-03
           BETA MINUS                     4   5.91E-03    1.068E-01*   6.31E-04
           BETA MINUS                     5   2.07E-01    1.293E-01*   2.67E-02
           BETA MINUS                     6   2.22E-02    1.436E-01*   3.18E-03
           BETA MINUS                     7   4.00E-01    1.579E-01*   6.32E-02
           BETA MINUS                     8   8.87E-03    1.689E-01*   1.50E-03
           BETA MINUS                     9   4.03E-02    1.815E-01*   7.31E-03
           BETA MINUS                    10   9.67E-04    5.286E-01*   5.11E-04
           BETA MINUS                    11   5.84E-04    6.248E-01*   3.65E-04
           GAMMA-RAY                      3   2.92E-02    6.572E-02    1.92E-03
           L1 CONV. ELECTRON, GAMMA-RAY   3   5.84E-02    5.365E-02    3.13E-03
           L2 CONV. ELECTRON, GAMMA-RAY   3   7.50E-03    5.415E-02    4.06E-04
           M CONV. ELECTRON, GAMMA-RAY    3   1.58E-02    6.345E-02*   1.00E-03
           N+ CONV. ELECTRON, GAMMA-RAY   3   4.65E-03    6.572E-02*   3.05E-04
           GAMMA-RAY                      4   4.12E-01    6.775E-02    2.79E-02
           L1 CONV. ELECTRON, GAMMA-RAY   4   4.04E-02    5.567E-02    2.25E-03
           L2 CONV. ELECTRON, GAMMA-RAY   4   1.49E-02    5.618E-02    8.39E-04
           L3 CONV. ELECTRON, GAMMA-RAY   4   1.89E-02    5.754E-02    1.09E-03
           M CONV. ELECTRON, GAMMA-RAY    4   1.73E-02    6.548E-02*   1.13E-03
           N+ CONV. ELECTRON, GAMMA-RAY   4   4.90E-03    6.775E-02*   3.32E-04
           GAMMA-RAY                      5   2.65E-02    8.468E-02    2.24E-03
           K CONV. ELECTRON, GAMMA-RAY    5   1.60E-01    1.499E-02    2.40E-03
           L1 CONV. ELECTRON, GAMMA-RAY   5   2.30E-02    7.260E-02    1.67E-03
           L2 CONV. ELECTRON, GAMMA-RAY   5   9.27E-03    7.311E-02    6.78E-04
           L3 CONV. ELECTRON, GAMMA-RAY   5   7.05E-03    7.447E-02    5.25E-04
           M CONV. ELECTRON, GAMMA-RAY    5   9.37E-03    8.241E-02*   7.72E-04
           N+ CONV. ELECTRON, GAMMA-RAY   5   2.71E-03    8.468E-02*   2.29E-04
           GAMMA-RAY                      6   1.41E-01    1.001E-01    1.41E-02
           K CONV. ELECTRON, GAMMA-RAY    6   1.23E-01    3.042E-02    3.74E-03
           L1 CONV. ELECTRON, GAMMA-RAY   6   1.35E-02    8.803E-02    1.19E-03
           L2 CONV. ELECTRON, GAMMA-RAY   6   1.66E-01    8.853E-02    1.47E-02
           L3 CONV. ELECTRON, GAMMA-RAY   6   1.49E-01    8.990E-02    1.34E-02
           M CONV. ELECTRON, GAMMA-RAY    6   8.33E-02    9.784E-02*   8.15E-03
           N+ CONV. ELECTRON, GAMMA-RAY   6   2.31E-02    1.001E-01*   2.32E-03
           GAMMA-RAY                      8   1.88E-02    1.137E-01    2.14E-03
           K CONV. ELECTRON, GAMMA-RAY    8   4.91E-02    4.398E-02    2.16E-03
           L1 CONV. ELECTRON, GAMMA-RAY   8   7.03E-03    1.016E-01    7.14E-04
           M CONV. ELECTRON, GAMMA-RAY    8   2.43E-03    1.114E-01*   2.70E-04
           GAMMA-RAY                     11   6.93E-02    1.524E-01    1.06E-02
           K CONV. ELECTRON, GAMMA-RAY   11   9.48E-03    8.274E-02    7.85E-04
           GAMMA-RAY                     12   2.64E-02    1.564E-01    4.13E-03
           K CONV. ELECTRON, GAMMA-RAY   12   2.59E-03    8.670E-02    2.25E-04
           GAMMA-RAY                     13   3.08E-02    1.794E-01    5.53E-03
           K CONV. ELECTRON, GAMMA-RAY   13   1.62E-02    1.097E-01    1.78E-03
           L1 CONV. ELECTRON, GAMMA-RAY  13   2.25E-03    1.673E-01    3.76E-04
           L2 CONV. ELECTRON, GAMMA-RAY  13   1.36E-03    1.678E-01    2.28E-04
           GAMMA-RAY                     14   1.44E-02    1.984E-01    2.86E-03
           K CONV. ELECTRON, GAMMA-RAY   14   3.12E-03    1.287E-01    4.01E-04
           GAMMA-RAY                     15   7.49E-02    2.221E-01    1.66E-02
           K CONV. ELECTRON, GAMMA-RAY   15   3.00E-03    1.524E-01    4.58E-04
           GAMMA-RAY                     16   3.63E-02    2.293E-01    8.32E-03
           K CONV. ELECTRON, GAMMA-RAY   16   4.25E-03    1.596E-01    6.79E-04
           L2 CONV. ELECTRON, GAMMA-RAY  16   1.05E-03    2.177E-01    2.29E-04
           GAMMA-RAY                     17   3.61E-02    2.641E-01    9.52E-03
           K CONV. ELECTRON, GAMMA-RAY   17   2.89E-03    1.944E-01    5.62E-04
           GAMMA-RAY                     21   6.19E-03    9.280E-01    5.75E-03
           GAMMA-RAY                     22   3.48E-03    9.597E-01    3.34E-03
           GAMMA-RAY                     23   2.07E-02    1.002E+00    2.07E-02
           GAMMA-RAY                     25   2.37E-03    1.044E+00    2.47E-03
           GAMMA-RAY                     26   4.46E-03    1.113E+00    4.96E-03
           GAMMA-RAY                     27   3.49E-01    1.121E+00    3.91E-01
           K CONV. ELECTRON, GAMMA-RAY   27   1.05E-03    1.052E+00    1.10E-03
           GAMMA-RAY                     29   5.93E-03    1.157E+00    6.87E-03
           GAMMA-RAY                     30   4.01E-03    1.158E+00    4.65E-03
           GAMMA-RAY                     32   1.62E-01    1.189E+00    1.93E-01
           GAMMA-RAY                     33   2.70E-01    1.221E+00    3.30E-01
           K CONV. ELECTRON, GAMMA-RAY   33   6.87E-04    1.152E+00    7.91E-04
           GAMMA-RAY                     34   2.27E-03    1.224E+00    2.78E-03
           GAMMA-RAY                     35   1.14E-01    1.231E+00    1.41E-01
           K CONV. ELECTRON, GAMMA-RAY   35   2.87E-04    1.161E+00    3.34E-04
           GAMMA-RAY                     36   1.49E-02    1.257E+00    1.87E-02
           GAMMA-RAY                     37   6.51E-03    1.274E+00    8.29E-03
           GAMMA-RAY                     38   1.35E-02    1.289E+00    1.74E-02
           GAMMA-RAY                     39   2.51E-03    1.343E+00    3.37E-03
           GAMMA-RAY                     40   2.18E-03    1.374E+00    3.00E-03
           K -L2 X-RAY                        1.04E-01    5.812E-02    6.06E-03
           K -L3 X-RAY                        1.81E-01    5.948E-02    1.08E-02
           K -M2 X-RAY                        1.95E-02    6.712E-02    1.31E-03
           K -M3 X-RAY                        3.76E-02    6.742E-02    2.54E-03
           AUGER KLL                          1.09E-02    4.719E-02*   5.17E-04
           AUGER KLX                          5.74E-03    5.637E-02*   3.23E-04
           AUGER LMM                          4.27E-01    6.560E-03*   2.80E-03
           AUGER LMX                          1.64E-01    8.319E-03*   1.36E-03
           AUGER MNN                          1.38E+00    1.473E-03*   2.03E-03
           CK NNX                             2.98E+00    1.615E-04*   4.82E-04
 
           ALL LISTED X-RAYS, GAMMA-RAYS AND ANNIHILATION RADIATION    1.28E+00
           ALL NEGLECTED X-RAYS, GAMMA-RAYS AND ANNIH. RADIATION**     8.38E-03
           ALL LISTED BETAS, INTERNAL CONVERSION AND AUGER ELECTRONS   2.05E-01
           ALL NEGLECTED BETAS, INT. CONVERSION AND AUGER ELECTRONS**  5.28E-03
           ALL LISTED RADIATIONS                                       1.49E+00
           ALL NEGLECTED RADIATIONS**                                  1.37E-02
 
           *  AVERAGE ENERGY (MEV)
           ** EACH NEGLECTED TRANSITION CONTRIBUTES LESS THAN  0.100%
              TO THE TOTAL MEV/TRANSFORMATION FOR THIS CATEGORY.
           TOTAL FEEDING OF GROUND STATE LEVEL IN 182-TUNGSTEN
             DAUGHTER IS 1.0000E+00 PER TRANSFORMATION OF 182-TANTALUM.
             THIS DAUGHTER GROUND STATE IS STABLE.
           - - - - - - - - - -
           INPUT DATA SOURCE: EVALUATED NUCLEAR STRUCTURE DATA FILE (ENSDF)
             DATE INPUT DATA WERE ENTERED INTO ENSDF: Aug-1988
%%%% 182 TA  73    B-           9.88675E+06   114.43 D 02-11-2005       OUTPEND 
%%%% 182 TA  73    B-           9.88675E+06   114.43 D 02-11-2005       BETASTAR
1
              182-TANTALUM-73
+                                    HALFLIFE = 114.43 DAYS    
+                                                                  02-11-2005

            BETA SPECTRUM DATA FOR ALL DECAY BRANCHES

                      BETAS PER                BETAS PER                BETAS PER
            ENERGY    MEV            ENERGY    MEV            ENERGY    MEV
            (MEV)     PER DECAY      (MEV)     PER DECAY      (MEV)     PER DECAY

            0.00000   5.901E+00      0.00260   5.842E+00      0.07500   4.441E+00
            0.00010   5.899E+00      0.00280   5.837E+00      0.08000   4.340E+00
            0.00011   5.899E+00      0.00300   5.833E+00      0.08500   4.239E+00
            0.00012   5.898E+00      0.00320   5.828E+00      0.09000   4.137E+00
            0.00013   5.898E+00      0.00360   5.819E+00      0.10000   3.933E+00
            0.00014   5.898E+00      0.00400   5.810E+00      0.11000   3.728E+00
            0.00015   5.898E+00      0.00450   5.799E+00      0.12000   3.524E+00
            0.00016   5.898E+00      0.00500   5.787E+00      0.13000   3.321E+00
            0.00018   5.897E+00      0.00550   5.776E+00      0.14000   3.121E+00
            0.00020   5.897E+00      0.00600   5.764E+00      0.15000   2.923E+00
            0.00022   5.896E+00      0.00650   5.753E+00      0.16000   2.730E+00
            0.00024   5.896E+00      0.00700   5.741E+00      0.18000   2.360E+00
            0.00026   5.895E+00      0.00750   5.730E+00      0.20000   2.019E+00
            0.00028   5.895E+00      0.00800   5.718E+00      0.22000   1.716E+00
            0.00030   5.894E+00      0.00850   5.707E+00      0.24000   1.461E+00
            0.00032   5.894E+00      0.00900   5.695E+00      0.26000   1.263E+00
            0.00036   5.893E+00      0.01000   5.672E+00      0.28000   1.100E+00
            0.00040   5.892E+00      0.01100   5.649E+00      0.30000   9.418E-01
            0.00045   5.891E+00      0.01200   5.626E+00      0.32000   7.916E-01
            0.00050   5.890E+00      0.01300   5.603E+00      0.36000   5.203E-01
            0.00055   5.889E+00      0.01400   5.580E+00      0.40000   2.983E-01
            0.00060   5.888E+00      0.01500   5.568E+00      0.45000   1.158E-01
            0.00065   5.886E+00      0.01600   5.551E+00      0.50000   2.273E-02
            0.00070   5.885E+00      0.01800   5.517E+00      0.55000   3.781E-03
            0.00075   5.884E+00      0.02000   5.482E+00      0.60000   1.497E-03
            0.00080   5.883E+00      0.02200   5.447E+00      0.65000   1.445E-03
            0.00085   5.882E+00      0.02400   5.412E+00      0.70000   1.383E-03
            0.00090   5.881E+00      0.02600   5.377E+00      0.75000   1.311E-03
            0.00100   5.878E+00      0.02800   5.341E+00      0.80000   1.230E-03
            0.00110   5.876E+00      0.03000   5.305E+00      0.85000   1.141E-03
            0.00120   5.874E+00      0.03200   5.269E+00      0.90000   1.046E-03
            0.00130   5.872E+00      0.03600   5.196E+00      1.00000   8.426E-04
            0.00140   5.869E+00      0.04000   5.122E+00      1.10000   6.335E-04
            0.00150   5.867E+00      0.04500   5.028E+00      1.20000   4.330E-04
            0.00160   5.865E+00      0.05000   4.932E+00      1.30000   2.574E-04
            0.00180   5.860E+00      0.05500   4.836E+00      1.40000   1.243E-04
            0.00200   5.856E+00      0.06000   4.738E+00      1.50000   5.193E-05
            0.00220   5.851E+00      0.06500   4.640E+00      1.60000   1.587E-05
            0.00240   5.847E+00      0.07000   4.541E+00      1.71349   0.000E+00

            AVERAGE BETA ENERGY =   1.265E-01

            TOTAL BETAS PER DECAY FOR ALL BRANCHES =   1.000E+00
%%%% 182 TA  73    B-           9.88675E+06   114.43 D 02-11-2005       BETAEND 
%%%% 182 TA  73    B-           9.88675E+06   114.43 D 02-11-2005       SEEISTAR
182.  TANTALUM     73.  1.144E+02 DAYS     381 B-                   182.TA 73.   0
 5 1  2.95226E+01  7.22744E-02  2.60364E-01  0.00000E+00            182.TA 73.   1   1
 5 2  1.25950E-01  8.54738E-02  3.03390E-01  0.00000E+00            182.TA 73.   2   2
 5 3  1.81368E+00  9.25638E-02  3.26086E-01  0.00000E+00            182.TA 73.   3   3
 5 4  5.91460E-01  1.06769E-01  3.70770E-01  0.00000E+00            182.TA 73.   4   4
 5 5  2.06557E+01  1.29308E-01  4.39758E-01  0.00000E+00            182.TA 73.   5   5
 5 6  2.21671E+00  1.43610E-01  4.82473E-01  0.00000E+00            182.TA 73.   6   6
 5 7  4.00016E+01  1.57903E-01  5.24439E-01  0.00000E+00            182.TA 73.   7   7
 5 8  8.86686E-01  1.68865E-01  5.56177E-01  0.00000E+00            182.TA 73.   8   8
 5 9  4.03039E+00  1.81453E-01  5.92189E-01  0.00000E+00            182.TA 73.   9   9
 510  9.67293E-02  5.28601E-01  1.48417E+00  0.00000E+00            182.TA 73.  10  10
 511  5.84406E-02  6.24758E-01  1.71349E+00  0.00000E+00            182.TA 73.  11  11
 1 1  4.86157E-01  3.17378E-02  3.17378E-02  0.00000E+00            182.TA 73.  12   1
 6 5  2.15602E-01  1.96608E-02  1.96608E-02  1.00000E+00            182.TA 73.  13   5
 6 6  1.72908E-01  2.01648E-02  2.01648E-02  1.00000E+00            182.TA 73.  14   6
 6 7  2.33016E-01  2.15318E-02  2.15318E-02  1.00000E+00            182.TA 73.  15   7
 6 3  1.45186E-01  2.94666E-02  2.94666E-02  1.00000E+00            182.TA 73.  16   3
 6 4  3.96702E-02  3.17378E-02  3.17378E-02  1.00000E+00            182.TA 73.  17   4
 1 2  2.77455E-01  4.27151E-02  4.27151E-02  0.00000E+00            182.TA 73.  18   2
 6 5  6.53043E-02  3.06381E-02  3.06381E-02  2.00000E+00            182.TA 73.  19   5
 6 6  4.00655E-02  3.11421E-02  3.11421E-02  2.00000E+00            182.TA 73.  20   6
 6 7  5.14751E-02  3.25091E-02  3.25091E-02  2.00000E+00            182.TA 73.  21   7
 6 3  3.63690E-02  4.04439E-02  4.04439E-02  2.00000E+00            182.TA 73.  22   3
 6 4  1.00768E-02  4.27151E-02  4.27151E-02  2.00000E+00            182.TA 73.  23   4
 1 3  2.92462E+00  6.57220E-02  6.57220E-02  0.00000E+00            182.TA 73.  24   3
 6 5  5.83529E+00  5.36450E-02  5.36450E-02  3.00000E+00            182.TA 73.  25   5
 6 6  7.49672E-01  5.41490E-02  5.41490E-02  3.00000E+00            182.TA 73.  26   6
 6 7  2.79840E-01  5.55160E-02  5.55160E-02  3.00000E+00            182.TA 73.  27   7
 6 3  1.57979E+00  6.34508E-02  6.34508E-02  3.00000E+00            182.TA 73.  28   3
 6 4  4.64512E-01  6.57220E-02  6.57220E-02  3.00000E+00            182.TA 73.  29   4
 1 4  4.12169E+01  6.77500E-02  6.77500E-02  0.00000E+00            182.TA 73.  30   4
 6 5  4.04417E+00  5.56730E-02  5.56730E-02  4.00000E+00            182.TA 73.  31   5
 6 6  1.49335E+00  5.61770E-02  5.61770E-02  4.00000E+00            182.TA 73.  32   6
 6 7  1.88899E+00  5.75440E-02  5.75440E-02  4.00000E+00            182.TA 73.  33   7
 6 3  1.72796E+00  6.54788E-02  6.54788E-02  4.00000E+00            182.TA 73.  34   3
 6 4  4.89885E-01  6.77500E-02  6.77500E-02  4.00000E+00            182.TA 73.  35   4
 1 5  2.64542E+00  8.46808E-02  8.46808E-02  0.00000E+00            182.TA 73.  36   5
 6 1  1.60048E+01  1.49918E-02  1.49918E-02  5.00000E+00            182.TA 73.  37   1
 6 5  2.29952E+00  7.26038E-02  7.26038E-02  5.00000E+00            182.TA 73.  38   5
 6 6  9.26977E-01  7.31078E-02  7.31078E-02  5.00000E+00            182.TA 73.  39   6
 6 7  7.05155E-01  7.44748E-02  7.44748E-02  5.00000E+00            182.TA 73.  40   7
 6 3  9.37306E-01  8.24096E-02  8.24096E-02  5.00000E+00            182.TA 73.  41   3
 6 4  2.70691E-01  8.46808E-02  8.46808E-02  5.00000E+00            182.TA 73.  42   4
 1 6  1.40996E+01  1.00107E-01  1.00107E-01  0.00000E+00            182.TA 73.  43   6
 6 1  1.22872E+01  3.04175E-02  3.04175E-02  6.00000E+00            182.TA 73.  44   1
 6 5  1.35205E+00  8.80295E-02  8.80295E-02  6.00000E+00            182.TA 73.  45   5
 6 6  1.65559E+01  8.85335E-02  8.85335E-02  6.00000E+00            182.TA 73.  46   6
 6 7  1.48671E+01  8.99005E-02  8.99005E-02  6.00000E+00            182.TA 73.  47   7
 6 3  8.32698E+00  9.78353E-02  9.78353E-02  6.00000E+00            182.TA 73.  48   3
 6 4  2.31459E+00  1.00107E-01  1.00107E-01  6.00000E+00            182.TA 73.  49   4
 1 7  8.69010E-02  1.10410E-01  1.10410E-01  0.00000E+00            182.TA 73.  50   7
 6 1  2.07452E-02  4.07210E-02  4.07210E-02  7.00000E+00            182.TA 73.  51   1
 6 5  2.24433E-03  9.83330E-02  9.83330E-02  7.00000E+00            182.TA 73.  52   5
 6 6  6.48290E-04  9.88370E-02  9.88370E-02  7.00000E+00            182.TA 73.  53   6
 6 7  7.05689E-04  1.00204E-01  1.00204E-01  7.00000E+00            182.TA 73.  54   7
 6 3  8.22633E-04  1.08139E-01  1.08139E-01  7.00000E+00            182.TA 73.  55   3
 6 4  2.35172E-04  1.10410E-01  1.10410E-01  7.00000E+00            182.TA 73.  56   4
 1 8  1.88460E+00  1.13673E-01  1.13673E-01  0.00000E+00            182.TA 73.  57   8
 6 1  4.90947E+00  4.39835E-02  4.39835E-02  8.00000E+00            182.TA 73.  58   1
 6 5  7.02555E-01  1.01596E-01  1.01596E-01  8.00000E+00            182.TA 73.  59   5
 6 6  2.02413E-01  1.02100E-01  1.02100E-01  8.00000E+00            182.TA 73.  60   6
 6 7  1.27974E-01  1.03467E-01  1.03467E-01  8.00000E+00            182.TA 73.  61   7
 6 3  2.42725E-01  1.11401E-01  1.11401E-01  8.00000E+00            182.TA 73.  62   3
 6 4  7.06793E-02  1.13673E-01  1.13673E-01  8.00000E+00            182.TA 73.  63   4
 1 9  4.30666E-01  1.16419E-01  1.16419E-01  0.00000E+00            182.TA 73.  64   9
 6 1  8.98278E-02  4.67296E-02  4.67296E-02  9.00000E+00            182.TA 73.  65   1
 6 5  9.78160E-03  1.04342E-01  1.04342E-01  9.00000E+00            182.TA 73.  66   5
 6 6  2.71768E-03  1.04846E-01  1.04846E-01  9.00000E+00            182.TA 73.  67   6
 6 7  2.93074E-03  1.06213E-01  1.06213E-01  9.00000E+00            182.TA 73.  68   7
 6 3  3.52521E-03  1.14147E-01  1.14147E-01  9.00000E+00            182.TA 73.  69   3
 6 4  1.00949E-03  1.16419E-01  1.16419E-01  9.00000E+00            182.TA 73.  70   4
 110  2.61750E-03  1.21500E-01  1.21500E-01  0.00000E+00            182.TA 73.  71  10
 6 1  1.55346E-03  5.18110E-02  5.18110E-02  1.00000E+01            182.TA 73.  72   1
 6 5  1.66031E-04  1.09423E-01  1.09423E-01  1.00000E+01            182.TA 73.  73   5
 6 6  1.26586E-03  1.09927E-01  1.09927E-01  1.00000E+01            182.TA 73.  74   6
 6 7  1.06244E-03  1.11294E-01  1.11294E-01  1.00000E+01            182.TA 73.  75   7
 6 3  6.32337E-04  1.19229E-01  1.19229E-01  1.00000E+01            182.TA 73.  76   3
 6 4  1.76235E-04  1.21500E-01  1.21500E-01  1.00000E+01            182.TA 73.  77   4
 111  6.92765E+00  1.52431E-01  1.52431E-01  0.00000E+00            182.TA 73.  78  11
 6 1  9.48322E-01  8.27418E-02  8.27418E-02  1.10000E+01            182.TA 73.  79   1
 6 5  1.29053E-01  1.40354E-01  1.40354E-01  1.10000E+01            182.TA 73.  80   5
 6 6  2.47139E-02  1.40858E-01  1.40858E-01  1.10000E+01            182.TA 73.  81   6
 6 7  2.64414E-02  1.42225E-01  1.42225E-01  1.10000E+01            182.TA 73.  82   7
 6 3  4.21557E-02  1.50160E-01  1.50160E-01  1.10000E+01            182.TA 73.  83   3
 6 4  1.22678E-02  1.52431E-01  1.52431E-01  1.10000E+01            182.TA 73.  84   4
 112  2.64193E+00  1.56388E-01  1.56388E-01  0.00000E+00            182.TA 73.  85  12
 6 1  2.59362E-01  8.66986E-02  8.66986E-02  1.20000E+01            182.TA 73.  86   1
 6 5  2.91217E-02  1.44311E-01  1.44311E-01  1.20000E+01            182.TA 73.  87   5
 6 6  6.58447E-03  1.44815E-01  1.44815E-01  1.20000E+01            182.TA 73.  88   6
 6 7  6.74363E-03  1.46182E-01  1.46182E-01  1.20000E+01            182.TA 73.  89   7
 6 3  9.70005E-03  1.54116E-01  1.54116E-01  1.20000E+01            182.TA 73.  90   3
 6 4  2.79284E-03  1.56388E-01  1.56388E-01  1.20000E+01            182.TA 73.  91   4
 113  3.08167E+00  1.79395E-01  1.79395E-01  0.00000E+00            182.TA 73.  92  13
 6 1  1.62327E+00  1.09706E-01  1.09706E-01  1.30000E+01            182.TA 73.  93   1
 6 5  2.24582E-01  1.67318E-01  1.67318E-01  1.30000E+01            182.TA 73.  94   5
 6 6  1.35868E-01  1.67822E-01  1.67822E-01  1.30000E+01            182.TA 73.  95   6
 6 7  8.80981E-02  1.69189E-01  1.69189E-01  1.30000E+01            182.TA 73.  96   7
 6 3  1.07563E-01  1.77123E-01  1.77123E-01  1.30000E+01            182.TA 73.  97   3
 6 4  3.09022E-02  1.79395E-01  1.79395E-01  1.30000E+01            182.TA 73.  98   4
 114  1.44137E+00  1.98353E-01  1.98353E-01  0.00000E+00            182.TA 73.  99  14
 6 1  3.12000E-01  1.28664E-01  1.28664E-01  1.40000E+01            182.TA 73. 100   1
 6 5  4.73241E-02  1.86276E-01  1.86276E-01  1.40000E+01            182.TA 73. 101   5
 6 6  8.15909E-02  1.86780E-01  1.86780E-01  1.40000E+01            182.TA 73. 102   6
 6 7  6.36455E-02  1.88147E-01  1.88147E-01  1.40000E+01            182.TA 73. 103   7
 6 3  4.84224E-02  1.96082E-01  1.96082E-01  1.40000E+01            182.TA 73. 104   3
 6 4  1.36991E-02  1.98353E-01  1.98353E-01  1.40000E+01            182.TA 73. 105   4
 115  7.48605E+00  2.22110E-01  2.22110E-01  0.00000E+00            182.TA 73. 106  15
 6 1  3.00439E-01  1.52421E-01  1.52421E-01  1.50000E+01            182.TA 73. 107   1
 6 5  3.53400E-02  2.10033E-01  2.10033E-01  1.50000E+01            182.TA 73. 108   5
 6 6  6.28079E-03  2.10537E-01  2.10537E-01  1.50000E+01            182.TA 73. 109   6
 6 7  6.06060E-03  2.11904E-01  2.11904E-01  1.50000E+01            182.TA 73. 110   7
 6 3  1.08373E-02  2.19838E-01  2.19838E-01  1.50000E+01            182.TA 73. 111   3
 6 4  3.14365E-03  2.22110E-01  2.22110E-01  1.50000E+01            182.TA 73. 112   4
 116  3.62960E+00  2.29322E-01  2.29322E-01  0.00000E+00            182.TA 73. 113  16
 6 1  4.25169E-01  1.59633E-01  1.59633E-01  1.60000E+01            182.TA 73. 114   1
 6 5  5.04465E-02  2.17245E-01  2.17245E-01  1.60000E+01            182.TA 73. 115   5
 6 6  1.05290E-01  2.17749E-01  2.17749E-01  1.60000E+01            182.TA 73. 116   6
 6 7  6.85317E-02  2.19116E-01  2.19116E-01  1.60000E+01            182.TA 73. 117   7
 6 3  5.56223E-02  2.27051E-01  2.27051E-01  1.60000E+01            182.TA 73. 118   3
 6 4  1.56553E-02  2.29322E-01  2.29322E-01  1.60000E+01            182.TA 73. 119   4
 117  3.60517E+00  2.64075E-01  2.64075E-01  0.00000E+00            182.TA 73. 120  17
 6 1  2.89305E-01  1.94386E-01  1.94386E-01  1.70000E+01            182.TA 73. 121   1
 6 5  3.52786E-02  2.51998E-01  2.51998E-01  1.70000E+01            182.TA 73. 122   5
 6 6  5.72033E-02  2.52502E-01  2.52502E-01  1.70000E+01            182.TA 73. 123   6
 6 7  3.49617E-02  2.53869E-01  2.53869E-01  1.70000E+01            182.TA 73. 124   7
 6 3  3.14107E-02  2.61804E-01  2.61804E-01  1.70000E+01            182.TA 73. 125   3
 6 4  8.87661E-03  2.64075E-01  2.64075E-01  1.70000E+01            182.TA 73. 126   4
 118  9.07400E-03  3.51050E-01  3.51050E-01  0.00000E+00            182.TA 73. 127  18
 6 1  3.45770E-04  2.81361E-01  2.81361E-01  1.80000E+01            182.TA 73. 128   1
 6 5  4.41896E-05  3.38973E-01  3.38973E-01  1.80000E+01            182.TA 73. 129   5
 6 6  4.39594E-05  3.39477E-01  3.39477E-01  1.80000E+01            182.TA 73. 130   6
 6 7  2.35827E-05  3.40844E-01  3.40844E-01  1.80000E+01            182.TA 73. 131   7
 6 3  2.71159E-05  3.48779E-01  3.48779E-01  1.80000E+01            182.TA 73. 132   3
 6 4  7.73581E-06  3.51050E-01  3.51050E-01  1.80000E+01            182.TA 73. 133   4
 119  1.53560E-02  8.29700E-01  8.29700E-01  0.00000E+00            182.TA 73. 134  19
 6 1  8.30099E-05  7.60011E-01  7.60011E-01  1.90000E+01            182.TA 73. 135   1
 6 5  1.11243E-05  8.17623E-01  8.17623E-01  1.90000E+01            182.TA 73. 136   5
 6 6  2.77976E-06  8.18127E-01  8.18127E-01  1.90000E+01            182.TA 73. 137   6
 6 7  1.05331E-06  8.19494E-01  8.19494E-01  1.90000E+01            182.TA 73. 138   7
 6 3  3.46983E-06  8.27429E-01  8.27429E-01  1.90000E+01            182.TA 73. 139   3
 6 4  1.01425E-06  8.29700E-01  8.29700E-01  1.90000E+01            182.TA 73. 140   4
 120  5.65380E-02  8.91980E-01  8.91980E-01  0.00000E+00            182.TA 73. 141  20
 6 1  2.64213E-04  8.22291E-01  8.22291E-01  2.00000E+01            182.TA 73. 142   1
 6 5  3.54474E-05  8.79903E-01  8.79903E-01  2.00000E+01            182.TA 73. 143   5
 6 6  7.93559E-06  8.80407E-01  8.80407E-01  2.00000E+01            182.TA 73. 144   6
 6 7  2.94753E-06  8.81774E-01  8.81774E-01  2.00000E+01            182.TA 73. 145   7
 6 3  1.07082E-05  8.89709E-01  8.89709E-01  2.00000E+01            182.TA 73. 146   3
 6 4  3.13455E-06  8.91980E-01  8.91980E-01  2.00000E+01            182.TA 73. 147   4
 121  6.19475E-01  9.27992E-01  9.27992E-01  0.00000E+00            182.TA 73. 148  21
 6 1  2.67593E-03  8.58303E-01  8.58303E-01  2.10000E+01            182.TA 73. 149   1
 6 5  3.59183E-04  9.15915E-01  9.15915E-01  2.10000E+01            182.TA 73. 150   5
 6 6  7.57699E-05  9.16419E-01  9.16419E-01  2.10000E+01            182.TA 73. 151   6
 6 7  2.78631E-05  9.17786E-01  9.17786E-01  2.10000E+01            182.TA 73. 152   7
 6 3  1.06759E-04  9.25721E-01  9.25721E-01  2.10000E+01            182.TA 73. 153   3
 6 4  3.12742E-05  9.27992E-01  9.27992E-01  2.10000E+01            182.TA 73. 154   4
 122  3.48302E-01  9.59730E-01  9.59730E-01  0.00000E+00            182.TA 73. 155  22
 6 1  3.16956E-03  8.90041E-01  8.90041E-01  2.20000E+01            182.TA 73. 156   1
 6 5  4.64006E-04  9.47653E-01  9.47653E-01  2.20000E+01            182.TA 73. 157   5
 6 6  1.90516E-04  9.48157E-01  9.48157E-01  2.20000E+01            182.TA 73. 158   6
 6 7  4.14234E-05  9.49524E-01  9.49524E-01  2.20000E+01            182.TA 73. 159   7
 6 3  1.64621E-04  9.57458E-01  9.57458E-01  2.20000E+01            182.TA 73. 160   3
 6 4  4.80978E-05  9.59730E-01  9.59730E-01  2.20000E+01            182.TA 73. 161   4
 123  2.06608E+00  1.00170E+00  1.00170E+00  0.00000E+00            182.TA 73. 162  23
 6 1  7.80310E-03  9.32006E-01  9.32006E-01  2.30000E+01            182.TA 73. 163   1
 6 5  1.04937E-03  9.89618E-01  9.89618E-01  2.30000E+01            182.TA 73. 164   5
 6 6  1.93807E-04  9.90122E-01  9.90122E-01  2.30000E+01            182.TA 73. 165   6
 6 7  6.95965E-05  9.91489E-01  9.91489E-01  2.30000E+01            182.TA 73. 166   7
 6 3  3.01632E-04  9.99424E-01  9.99424E-01  2.30000E+01            182.TA 73. 167   3
 6 4  8.85011E-05  1.00170E+00  1.00170E+00  2.30000E+01            182.TA 73. 168   4
 124  7.32900E-03  1.03580E+00  1.03580E+00  0.00000E+00            182.TA 73. 169  24
 6 1  2.55318E-05  9.66111E-01  9.66111E-01  2.40000E+01            182.TA 73. 170   1
 6 5  3.43000E-06  1.02372E+00  1.02372E+00  2.40000E+01            182.TA 73. 171   5
 6 6  6.15167E-07  1.02423E+00  1.02423E+00  2.40000E+01            182.TA 73. 172   6
 6 7  2.20815E-07  1.02559E+00  1.02559E+00  2.40000E+01            182.TA 73. 173   7
 6 3  9.79013E-07  1.03353E+00  1.03353E+00  2.40000E+01            182.TA 73. 174   3
 6 4  2.87338E-07  1.03580E+00  1.03580E+00  2.40000E+01            182.TA 73. 175   4
 125  2.36622E-01  1.04441E+00  1.04441E+00  0.00000E+00            182.TA 73. 176  25
 6 1  1.02922E-03  9.74721E-01  9.74721E-01  2.50000E+01            182.TA 73. 177   1
 6 5  1.47471E-04  1.03233E+00  1.03233E+00  2.50000E+01            182.TA 73. 178   5
 6 6  1.22353E-05  1.03284E+00  1.03284E+00  2.50000E+01            182.TA 73. 179   6
 6 7  3.17941E-06  1.03420E+00  1.03420E+00  2.50000E+01            182.TA 73. 180   7
 6 3  3.72514E-05  1.04214E+00  1.04214E+00  2.50000E+01            182.TA 73. 181   3
 6 4  1.10199E-05  1.04441E+00  1.04441E+00  2.50000E+01            182.TA 73. 182   4
 126  4.45673E-01  1.11340E+00  1.11340E+00  0.00000E+00            182.TA 73. 183  26
 6 1  1.39980E-03  1.04371E+00  1.04371E+00  2.60000E+01            182.TA 73. 184   1
 6 5  1.88497E-04  1.10132E+00  1.10132E+00  2.60000E+01            182.TA 73. 185   5
 6 6  2.91874E-05  1.10183E+00  1.10183E+00  2.60000E+01            182.TA 73. 186   6
 6 7  1.01767E-05  1.10319E+00  1.10319E+00  2.60000E+01            182.TA 73. 187   7
 6 3  5.21102E-05  1.11113E+00  1.11113E+00  2.60000E+01            182.TA 73. 188   3
 6 4  1.53187E-05  1.11340E+00  1.11340E+00  2.60000E+01            182.TA 73. 189   4
 127  3.49000E+01  1.12130E+00  1.12130E+00  0.00000E+00            182.TA 73. 190  27
 6 1  1.04585E-01  1.05161E+00  1.05161E+00  2.70000E+01            182.TA 73. 191   1
 6 5  1.40457E-02  1.10922E+00  1.10922E+00  2.70000E+01            182.TA 73. 192   5
 6 6  2.24347E-03  1.10973E+00  1.10973E+00  2.70000E+01            182.TA 73. 193   6
 6 7  7.93715E-04  1.11110E+00  1.11110E+00  2.70000E+01            182.TA 73. 194   7
 6 3  3.90748E-03  1.11903E+00  1.11903E+00  2.70000E+01            182.TA 73. 195   3
 6 4  1.14826E-03  1.12130E+00  1.12130E+00  2.70000E+01            182.TA 73. 196   4
 128  0.00000E+00  1.13590E+00  1.13590E+00  0.00000E+00            182.TA 73. 197  28
 6 1  4.97104E-05  1.06621E+00  1.06621E+00  2.80000E+01            182.TA 73. 198   1
 6 5  7.43324E-06  1.12382E+00  1.12382E+00  2.80000E+01            182.TA 73. 199   5
 6 3  1.68667E-06  1.13363E+00  1.13363E+00  2.80000E+01            182.TA 73. 200   3
 6 4  4.99699E-07  1.13590E+00  1.13590E+00  2.80000E+01            182.TA 73. 201   4
 129  5.93300E-01  1.15731E+00  1.15731E+00  0.00000E+00            182.TA 73. 202  29
 6 1  1.69470E-03  1.08762E+00  1.08762E+00  2.90000E+01            182.TA 73. 203   1
 6 5  2.27781E-04  1.14524E+00  1.14524E+00  2.90000E+01            182.TA 73. 204   5
 6 6  3.42795E-05  1.14574E+00  1.14574E+00  2.90000E+01            182.TA 73. 205   6
 6 7  1.20012E-05  1.14711E+00  1.14711E+00  2.90000E+01            182.TA 73. 206   7
 6 3  6.26043E-05  1.15504E+00  1.15504E+00  2.90000E+01            182.TA 73. 207   3
 6 4  1.84084E-05  1.15731E+00  1.15731E+00  2.90000E+01            182.TA 73. 208   4
 130  4.01350E-01  1.15808E+00  1.15808E+00  0.00000E+00            182.TA 73. 209  30
 6 1  4.68724E-04  1.08839E+00  1.08839E+00  3.00000E+01            182.TA 73. 210   1
 6 5  6.02931E-05  1.14601E+00  1.14601E+00  3.00000E+01            182.TA 73. 211   5
 6 6  3.16663E-06  1.14651E+00  1.14651E+00  3.00000E+01            182.TA 73. 212   6
 6 7  2.75564E-06  1.14788E+00  1.14788E+00  3.00000E+01            182.TA 73. 213   7
 6 3  1.48659E-05  1.15581E+00  1.15581E+00  3.00000E+01            182.TA 73. 214   3
 6 4  4.38475E-06  1.15808E+00  1.15808E+00  3.00000E+01            182.TA 73. 215   4
 131  8.55050E-02  1.18078E+00  1.18078E+00  0.00000E+00            182.TA 73. 216  31
 6 1  2.32628E-04  1.11109E+00  1.11109E+00  3.10000E+01            182.TA 73. 217   1
 6 5  3.15091E-05  1.16870E+00  1.16870E+00  3.10000E+01            182.TA 73. 218   5
 6 6  4.07341E-06  1.16921E+00  1.16921E+00  3.10000E+01            182.TA 73. 219   6
 6 7  1.34530E-06  1.17057E+00  1.17057E+00  3.10000E+01            182.TA 73. 220   7
 6 3  8.42030E-06  1.17851E+00  1.17851E+00  3.10000E+01            182.TA 73. 221   3
 6 4  2.47983E-06  1.18078E+00  1.18078E+00  3.10000E+01            182.TA 73. 222   4
 132  1.62250E+01  1.18905E+00  1.18905E+00  0.00000E+00            182.TA 73. 223  32
 6 1  1.80877E-02  1.11936E+00  1.11936E+00  3.20000E+01            182.TA 73. 224   1
 6 5  2.32739E-03  1.17697E+00  1.17697E+00  3.20000E+01            182.TA 73. 225   5
 6 6  1.19729E-04  1.17748E+00  1.17748E+00  3.20000E+01            182.TA 73. 226   6
 6 7  1.04584E-04  1.17884E+00  1.17884E+00  3.20000E+01            182.TA 73. 227   7
 6 3  5.72826E-04  1.18678E+00  1.18678E+00  3.20000E+01            182.TA 73. 228   3
 6 4  1.68971E-04  1.18905E+00  1.18905E+00  3.20000E+01            182.TA 73. 229   4
 133  2.69777E+01  1.22141E+00  1.22141E+00  0.00000E+00            182.TA 73. 230  33
 6 1  6.86924E-02  1.15172E+00  1.15172E+00  3.30000E+01            182.TA 73. 231   1
 6 5  9.21913E-03  1.20933E+00  1.20933E+00  3.30000E+01            182.TA 73. 232   5
 6 6  1.30759E-03  1.20983E+00  1.20983E+00  3.30000E+01            182.TA 73. 233   6
 6 7  4.57620E-04  1.21120E+00  1.21120E+00  3.30000E+01            182.TA 73. 234   7
 6 3  2.50497E-03  1.21914E+00  1.21914E+00  3.30000E+01            182.TA 73. 235   3
 6 4  7.36974E-04  1.22141E+00  1.22141E+00  3.30000E+01            182.TA 73. 236   4
 134  2.26850E-01  1.22380E+00  1.22380E+00  0.00000E+00            182.TA 73. 237  34
 6 1  4.72645E-04  1.15411E+00  1.15411E+00  3.40000E+01            182.TA 73. 238   1
 6 5  6.54012E-05  1.21173E+00  1.21173E+00  3.40000E+01            182.TA 73. 239   5
 6 6  4.58812E-06  1.21223E+00  1.21223E+00  3.40000E+01            182.TA 73. 240   6
 6 7  1.64599E-06  1.21360E+00  1.21360E+00  3.40000E+01            182.TA 73. 241   7
 6 3  1.62872E-05  1.22153E+00  1.22153E+00  3.40000E+01            182.TA 73. 242   3
 6 4  4.81613E-06  1.22380E+00  1.22380E+00  3.40000E+01            182.TA 73. 243   4
 135  1.14402E+01  1.23102E+00  1.23102E+00  0.00000E+00            182.TA 73. 244  35
 6 1  2.87316E-02  1.16133E+00  1.16133E+00  3.50000E+01            182.TA 73. 245   1
 6 5  3.85609E-03  1.21894E+00  1.21894E+00  3.50000E+01            182.TA 73. 246   5
 6 6  5.40399E-04  1.21944E+00  1.21944E+00  3.50000E+01            182.TA 73. 247   6
 6 7  1.88873E-04  1.22081E+00  1.22081E+00  3.50000E+01            182.TA 73. 248   7
 6 3  1.04542E-03  1.22874E+00  1.22874E+00  3.50000E+01            182.TA 73. 249   3
 6 4  3.07603E-04  1.23102E+00  1.23102E+00  3.50000E+01            182.TA 73. 250   4
 136  1.48779E+00  1.25742E+00  1.25742E+00  0.00000E+00            182.TA 73. 251  36
 6 1  3.58758E-03  1.18773E+00  1.18773E+00  3.60000E+01            182.TA 73. 252   1
 6 5  4.81361E-04  1.24534E+00  1.24534E+00  3.60000E+01            182.TA 73. 253   5
 6 6  6.55862E-05  1.24585E+00  1.24585E+00  3.60000E+01            182.TA 73. 254   6
 6 7  2.28848E-05  1.24721E+00  1.24721E+00  3.60000E+01            182.TA 73. 255   7
 6 3  1.29835E-04  1.25515E+00  1.25515E+00  3.60000E+01            182.TA 73. 256   3
 6 4  3.82123E-05  1.25742E+00  1.25742E+00  3.60000E+01            182.TA 73. 257   4
 137  6.50536E-01  1.27373E+00  1.27373E+00  0.00000E+00            182.TA 73. 258  37
 6 1  6.43183E-04  1.20404E+00  1.20404E+00  3.70000E+01            182.TA 73. 259   1
 6 5  8.28073E-05  1.26165E+00  1.26165E+00  3.70000E+01            182.TA 73. 260   5
 6 6  4.03690E-06  1.26216E+00  1.26216E+00  3.70000E+01            182.TA 73. 261   6
 6 7  3.56622E-06  1.26352E+00  1.26352E+00  3.70000E+01            182.TA 73. 262   7
 6 3  2.02948E-05  1.27146E+00  1.27146E+00  3.70000E+01            182.TA 73. 263   3
 6 4  5.98659E-06  1.27373E+00  1.27373E+00  3.70000E+01            182.TA 73. 264   4
 138  1.34923E+00  1.28916E+00  1.28916E+00  0.00000E+00            182.TA 73. 265  38
 6 1  1.42585E-02  1.21947E+00  1.21947E+00  3.80000E+01            182.TA 73. 266   1
 6 5  2.08244E-03  1.27708E+00  1.27708E+00  3.80000E+01            182.TA 73. 267   5
 6 6  1.73185E-04  1.27758E+00  1.27758E+00  3.80000E+01            182.TA 73. 268   6
 6 7  2.15874E-05  1.27895E+00  1.27895E+00  3.80000E+01            182.TA 73. 269   7
 6 3  5.22395E-04  1.28688E+00  1.28688E+00  3.80000E+01            182.TA 73. 270   3
 6 4  1.54788E-04  1.28916E+00  1.28916E+00  3.80000E+01            182.TA 73. 271   4
 139  2.51280E-01  1.34272E+00  1.34272E+00  0.00000E+00            182.TA 73. 272  39
 6 1  5.81059E-04  1.27303E+00  1.27303E+00  3.90000E+01            182.TA 73. 273   1
 6 5  7.89585E-05  1.33064E+00  1.33064E+00  3.90000E+01            182.TA 73. 274   5
 6 6  9.73788E-06  1.33115E+00  1.33115E+00  3.90000E+01            182.TA 73. 275   6
 6 7  3.25666E-06  1.33251E+00  1.33251E+00  3.90000E+01            182.TA 73. 276   7
 6 3  2.09506E-05  1.34045E+00  1.34045E+00  3.90000E+01            182.TA 73. 277   3
 6 4  6.17461E-06  1.34272E+00  1.34272E+00  3.90000E+01            182.TA 73. 278   4
 140  2.18474E-01  1.37384E+00  1.37384E+00  0.00000E+00            182.TA 73. 279  40
 6 1  8.81169E-04  1.30415E+00  1.30415E+00  4.00000E+01            182.TA 73. 280   1
 6 5  1.25110E-04  1.36176E+00  1.36176E+00  4.00000E+01            182.TA 73. 281   5
 6 6  3.03437E-05  1.36226E+00  1.36226E+00  4.00000E+01            182.TA 73. 282   6
 6 7  5.87338E-06  1.36363E+00  1.36363E+00  4.00000E+01            182.TA 73. 283   7
 6 3  3.74067E-05  1.37156E+00  1.37156E+00  4.00000E+01            182.TA 73. 284   3
 6 4  1.09988E-05  1.37384E+00  1.37384E+00  4.00000E+01            182.TA 73. 285   4
 141  7.08121E-02  1.38740E+00  1.38740E+00  0.00000E+00            182.TA 73. 286  41
 6 1  3.23804E-04  1.31771E+00  1.31771E+00  4.10000E+01            182.TA 73. 287   1
 6 5  4.62132E-05  1.37533E+00  1.37533E+00  4.10000E+01            182.TA 73. 288   5
 6 6  9.19962E-06  1.37583E+00  1.37583E+00  4.10000E+01            182.TA 73. 289   6
 6 7  1.70871E-06  1.37720E+00  1.37720E+00  4.10000E+01            182.TA 73. 290   7
 6 3  1.32053E-05  1.38513E+00  1.38513E+00  4.10000E+01            182.TA 73. 291   3
 6 4  3.89019E-06  1.38740E+00  1.38740E+00  4.10000E+01            182.TA 73. 292   4
 142  3.94370E-02  1.41010E+00  1.41010E+00  0.00000E+00            182.TA 73. 293  42
 6 1  7.68754E-05  1.34041E+00  1.34041E+00  4.20000E+01            182.TA 73. 294   1
 6 5  1.03020E-05  1.39802E+00  1.39802E+00  4.20000E+01            182.TA 73. 295   5
 6 6  1.20281E-06  1.39853E+00  1.39853E+00  4.20000E+01            182.TA 73. 296   6
 6 7  4.16698E-07  1.39989E+00  1.39989E+00  4.20000E+01            182.TA 73. 297   7
 6 3  2.70918E-06  1.40783E+00  1.40783E+00  4.20000E+01            182.TA 73. 298   3
 6 4  7.98391E-07  1.41010E+00  1.41010E+00  4.20000E+01            182.TA 73. 299   4
 143  2.84435E-02  1.45312E+00  1.45312E+00  0.00000E+00            182.TA 73. 300  43
 6 1  1.62962E-04  1.38344E+00  1.38344E+00  4.30000E+01            182.TA 73. 301   1
 6 5  2.35907E-05  1.44105E+00  1.44105E+00  4.30000E+01            182.TA 73. 302   5
 6 6  1.86095E-06  1.44155E+00  1.44155E+00  4.30000E+01            182.TA 73. 303   6
 6 7  2.20197E-07  1.44292E+00  1.44292E+00  4.30000E+01            182.TA 73. 304   7
 6 3  5.88155E-06  1.45085E+00  1.45085E+00  4.30000E+01            182.TA 73. 305   3
 6 4  1.74477E-06  1.45312E+00  1.45312E+00  4.30000E+01            182.TA 73. 306   4
 2 1  1.04346E+01  5.81161E-02  5.81161E-02  0.00000E+00            182.TA 73. 307   1
 2 2  1.81153E+01  5.94830E-02  5.94830E-02  0.00000E+00            182.TA 73. 308   2
 2 3  1.94789E+00  6.71212E-02  6.71212E-02  0.00000E+00            182.TA 73. 309   3
 2 4  3.76429E+00  6.74178E-02  6.74178E-02  0.00000E+00            182.TA 73. 310   4
 2 5  4.21121E-02  6.78079E-02  6.78079E-02  0.00000E+00            182.TA 73. 311   5
 2 6  5.31071E-02  6.78728E-02  6.78728E-02  0.00000E+00            182.TA 73. 312   6
 2 7  4.43194E-01  6.92004E-02  6.92004E-02  0.00000E+00            182.TA 73. 313   7
 2 8  8.59639E-01  6.92695E-02  6.92695E-02  0.00000E+00            182.TA 73. 314   8
 2 9  1.01686E-02  6.94291E-02  6.94291E-02  0.00000E+00            182.TA 73. 315   9
 210  1.27650E-02  6.94418E-02  6.94418E-02  0.00000E+00            182.TA 73. 316  10
 211  1.00732E-01  6.96331E-02  6.96331E-02  0.00000E+00            182.TA 73. 317  11
 212  2.06377E-01  6.96433E-02  6.96433E-02  0.00000E+00            182.TA 73. 318  12
 213  2.89695E-04  6.96807E-02  6.96807E-02  0.00000E+00            182.TA 73. 319  13
 214  3.48470E-04  6.96816E-02  6.96816E-02  0.00000E+00            182.TA 73. 320  14
 221  1.81201E-04  5.04000E-04  5.04000E-04  0.00000E+00            182.TA 73. 321  21
 222  2.18780E-02  1.87100E-03  1.87100E-03  0.00000E+00            182.TA 73. 322  22
 223  3.65124E-01  9.50920E-03  9.50920E-03  0.00000E+00            182.TA 73. 323  23
 224  4.57061E-01  9.80579E-03  9.80579E-03  0.00000E+00            182.TA 73. 324  24
 225  1.05964E-02  1.01959E-02  1.01959E-02  0.00000E+00            182.TA 73. 325  25
 226  1.58573E-02  1.02608E-02  1.02608E-02  0.00000E+00            182.TA 73. 326  26
 227  8.96328E-02  1.15884E-02  1.15884E-02  0.00000E+00            182.TA 73. 327  27
 228  1.18916E-01  1.16574E-02  1.16574E-02  0.00000E+00            182.TA 73. 328  28
 229  1.49831E-03  1.18169E-02  1.18169E-02  0.00000E+00            182.TA 73. 329  29
 230  2.33899E-03  1.18296E-02  1.18296E-02  0.00000E+00            182.TA 73. 330  30
 231  1.38794E-02  1.20209E-02  1.20209E-02  0.00000E+00            182.TA 73. 331  31
 232  1.78367E-02  1.20313E-02  1.20313E-02  0.00000E+00            182.TA 73. 332  32
 233  3.96891E-05  1.20687E-02  1.20687E-02  0.00000E+00            182.TA 73. 333  33
 234  5.98250E-05  1.20696E-02  1.20696E-02  0.00000E+00            182.TA 73. 334  34
 241  1.06375E-04  1.36700E-03  1.36700E-03  0.00000E+00            182.TA 73. 335  41
 242  2.24850E-01  8.77650E-03  8.77650E-03  0.00000E+00            182.TA 73. 336  42
 243  7.04747E-03  9.30179E-03  9.30179E-03  0.00000E+00            182.TA 73. 337  43
 244  7.95912E+00  9.69189E-03  9.69189E-03  0.00000E+00            182.TA 73. 338  44
 245  5.35484E-02  1.09883E-02  1.09883E-02  0.00000E+00            182.TA 73. 339  45
 246  1.82476E-03  1.11534E-02  1.11534E-02  0.00000E+00            182.TA 73. 340  46
 247  1.48127E+00  1.13129E-02  1.13129E-02  0.00000E+00            182.TA 73. 341  47
 248  3.90558E-03  1.15274E-02  1.15274E-02  0.00000E+00            182.TA 73. 342  48
 249  1.02685E-02  1.14878E-02  1.14878E-02  0.00000E+00            182.TA 73. 343  49
 250  3.79853E-04  1.15273E-02  1.15273E-02  0.00000E+00            182.TA 73. 344  50
 251  4.05785E-02  1.15647E-02  1.15647E-02  0.00000E+00            182.TA 73. 345  51
 261  6.65777E-01  7.40950E-03  7.40950E-03  0.00000E+00            182.TA 73. 346  61
 262  5.69846E-03  7.63820E-03  7.63820E-03  0.00000E+00            182.TA 73. 347  62
 263  5.16209E-03  7.93480E-03  7.93480E-03  0.00000E+00            182.TA 73. 348  63
 264  1.13060E+00  8.32492E-03  8.32492E-03  0.00000E+00            182.TA 73. 349  64
 265  9.97575E+00  8.38982E-03  8.38982E-03  0.00000E+00            182.TA 73. 350  65
 266  1.24253E-01  9.62129E-03  9.62129E-03  0.00000E+00            182.TA 73. 351  66
 267  1.20235E-03  9.71739E-03  9.71739E-03  0.00000E+00            182.TA 73. 352  67
 268  1.18551E-03  9.78637E-03  9.78637E-03  0.00000E+00            182.TA 73. 353  68
 269  1.97245E-01  9.94595E-03  9.94595E-03  0.00000E+00            182.TA 73. 354  69
 270  1.76900E+00  9.95867E-03  9.95867E-03  0.00000E+00            182.TA 73. 355  70
 271  9.19980E-04  1.01604E-02  1.01604E-02  0.00000E+00            182.TA 73. 356  71
 272  5.16586E-03  1.01628E-02  1.01628E-02  0.00000E+00            182.TA 73. 357  72
 273  2.51429E-02  1.01209E-02  1.01209E-02  0.00000E+00            182.TA 73. 358  73
 274  2.57137E-04  1.01500E-02  1.01500E-02  0.00000E+00            182.TA 73. 359  74
 275  2.42362E-04  1.01603E-02  1.01603E-02  0.00000E+00            182.TA 73. 360  75
 276  5.40296E-03  1.01977E-02  1.01977E-02  0.00000E+00            182.TA 73. 361  76
 277  4.61866E-02  1.01986E-02  1.01986E-02  0.00000E+00            182.TA 73. 362  77
 291  3.23197E+00  1.77758E-03  1.77758E-03  0.00000E+00            182.TA 73. 363  91
 292  7.14538E-02  2.40470E-04  2.40470E-04  0.00000E+00            182.TA 73. 364  92
 293  1.02182E-04  3.84724E-05  3.84724E-05  0.00000E+00            182.TA 73. 365  93
 294  8.77457E+02  3.12503E-05  3.12503E-05  0.00000E+00            182.TA 73. 366  94
 7 1  1.09480E+00  4.71853E-02  4.71853E-02  0.00000E+00            182.TA 73. 367   1
 7 2  5.73821E-01  5.63739E-02  5.63739E-02  0.00000E+00            182.TA 73. 368   2
 7 3  7.22945E-02  6.55717E-02  6.55717E-02  0.00000E+00            182.TA 73. 369   3
 7 4  1.43352E+01  6.93622E-04  6.93622E-04  0.00000E+00            182.TA 73. 370   4
 7 5  4.26612E+01  6.55970E-03  6.55970E-03  0.00000E+00            182.TA 73. 371   5
 7 6  1.63848E+01  8.31855E-03  8.31855E-03  0.00000E+00            182.TA 73. 372   6
 7 7  1.56860E+00  1.01078E-02  1.01078E-02  0.00000E+00            182.TA 73. 373   7
 7 8  5.86017E+01  3.20006E-04  3.20006E-04  0.00000E+00            182.TA 73. 374   8
 7 9  1.37807E+02  1.47322E-03  1.47322E-03  0.00000E+00            182.TA 73. 375   9
 710  8.86696E+00  1.65953E-03  1.65953E-03  0.00000E+00            182.TA 73. 376  10
 711  4.99870E-01  1.91580E-03  1.91580E-03  0.00000E+00            182.TA 73. 377  11
 712  2.98291E+02  1.61476E-04  1.61476E-04  0.00000E+00            182.TA 73. 378  12
 713  1.04152E+01  3.15516E-04  3.15516E-04  0.00000E+00            182.TA 73. 379  13
 714  1.74134E+02  2.53545E-05  2.53545E-05  0.00000E+00            182.TA 73. 380  14
 715  5.04321E-01  4.80784E-05  4.80784E-05  0.00000E+00            182.TA 73. 381  15
%%%% 182 TA  73    B-           9.88675E+06   114.43 D 02-11-2005       SEEIEND 
 


   ***************************************************** 
   *                 Radiation Summary                 * 
   ***************************************************** 
 
  Energy released by
    Gamma-ray                       (MeV) =   1.26734E+00
    X-ray                           (MeV) =   2.42203E-02
    Free-bound X-ray                (MeV) =   2.74208E-04
    Annihilation photon             (MeV) =   0.00000E+00
    Beta+ particle                  (MeV) =   0.00000E+00
    Neutrino                        (MeV) =   0.00000E+00
    Beta- particle                  (MeV) =   1.26499E-01
    Neutrino-                       (MeV) =   3.01407E-01
    Internal conv. electron         (MeV) =   7.57131E-02
    Auger and CK electron           (MeV) =   8.24028E-03
    Alpha particle                  (MeV) =   0.00000E+00
    Recoil nucleus                  (MeV) =   0.00000E+00
  E-total (except unplaced radiat.) (MeV) =   1.80369E+00
  E-unplaced radiation              (MeV) =   0.00000E+00
  Q-value from ENSDF data           (MeV) =   1.81360E+00
  Ratio of E-total/Q-value          ( % ) =   9.94537E+01
  Ratio of E-unplaced radi./Q-value ( % ) =   0.00000E+00

 
  Total yield of
    Gamma-ray                             =   1.91619E+00
    X-ray                                 =   6.41514E-01
    Free-bound X-ray                      =   8.77457E+00
    Annihilation photon                   =   0.00000E+00
    Beta+ particle                        =   0.00000E+00
    Beta- particle                        =   1.00000E+00
    Internal conv. electron               =   1.08936E+00
    Auger and CK electron                 =   7.65811E+00
    Alpha particle                        =   0.00000E+00
  Yield of unplaced radiation             =   0.00000E+00


%%%% 182 TA  73 M  IT           9.50400E+02 15.84 M    02-11-2005       BALASTAR
1 182M  TA  73 15.84 M         IT         
1INTENSITY AND ENERGY BALANCE DATA

              182M-TANTALUM-73
+                                    HALFLIFE = 15.84 MINUTES 
+                                                                  02-11-2005


    LEVEL       INTENSITY   INTENSITY
    ENERGY      ENTERING    LEAVING     PERCENT
    (MEV)       LEVEL       LEVEL       ERROR

   0.0000E+00  9.8400E+01
   1.6263E-02  9.9164E+01  9.8400E+01  7.7330E-01                      
   1.6305E-01  9.6742E+01  9.1978E+01  5.0484E+00                      
   3.3464E-01  1.0230E+02  1.0223E+02  7.1539E-02                      
   5.1959E-01  1.0400E+02  1.0400E+02  0.0000E+00                      


 INTENSITY TO GROUND AND ISOMERIC STATE(S) OF DAUGHTER(S)=  9.840E+01
 TOTAL INTENSITY FROM PARENT=  1.040E+02
 PERCENT ERROR =  5.692E+00                      


 TOTAL INTENSITY FROM PARENT =  1.040E+02
 VALUE IS WITHIN   4.00E+00% OF 100                      


 TOTAL ENERGY AVAILABLE =  5.404E-01 MEV
 TOTAL ENERGY CONTENT OF ALL RADIATIONS =  5.322E-01 MEV
 PERCENT ERROR =  1.529E+00                      
%%%% 182 TA  73 M  IT           9.50400E+02 15.84 M    02-11-2005       BALAEND 
%%%% 182 TA  73 M  IT           9.50400E+02 15.84 M    02-11-2005       INPUSTAR
1                                      **INPUT DATA**
              182M-TANTALUM-73
+                                    HALFLIFE = 15.84 MINUTES 
+                                                                  02-11-2005

            MODE OF DECAY: ISOMERIC LEVEL
 
                                MEAN
                                NUMBER/    TRANSITION
                TYPE OF    ID   TRANSFOR-  ENERGY
              TRANSITION   NO.  MATION     (MEV)       OTHER NUCLEAR PARAMETERS

           I.C.E. + GAMMA   1   9.84E-01   1.626E-02   M2 MULTIPOLE                             
+                                                                    AK= 0.0                    
                                                       AL1=2.03E+04  AL2=851.                   
                                                       AL3=1.28E+04  AM= 9.02E+03               
                                                       AN+=2.64E+03                             
           I.C.E. + GAMMA   2   9.20E-01   1.468E-01   M1 MULTIPOLE                             
+                                                                    AK= 1.26                   
                                                       AL1=0.181     AL2=0.0159                 
                                                       AL3=0.00193   AM= 0.0451                 
                                                       AN+=0.0132                               
           I.C.E. + GAMMA   3   9.50E-01   1.716E-01   M1 MULTIPOLE                             
+                                                                    AK= 0.815                  
                                                       AL1=0.117     AL2=0.0101                 
                                                       AL3=0.00121   AM= 0.0290                 
                                                       AN+=0.00850                              
           I.C.E. + GAMMA   4   1.02E+00   1.850E-01   E3 MULTIPOLE                             
+                                                                    AK= 0.632                  
                                                       AL1=0.101     AL2=1.17                   
                                                       AL3=0.701     AM= 0.515                  
                                                       AN+=0.143                                
           I.C.E. + GAMMA   5   7.19E-02   3.184E-01   M1+E2 MULTIPOLE                          
                                                       AK= 0.0577    AL1=0.00821                
                                                       AM= 0.00203                              
           I.C.E. + GAMMA   6   1.70E-02   3.565E-01   M4 MULTIPOLE                             
+                                                                    AK= 3.06                   
                                                       AL1=0.795     AL2=0.194                  
                                                       AL3=0.394     AM= 0.357                  
                                                       AN+=0.104                                
 
           - - - - - - - - - -
           Reference: Evaluated Nuclear Structure Data File (ENSDF)
                DATE DATA WERE ENTERED INTO ENSDF: Aug-1988
%%%% 182 TA  73 M  IT           9.50400E+02 15.84 M    02-11-2005       INPUEND 
%%%% 182 TA  73 M  IT           9.50400E+02 15.84 M    02-11-2005       OUTPSTAR
1                                      **OUTPUT DATA**
              182M-TANTALUM-73
+                                    HALFLIFE = 15.84 MINUTES 
+                                                                  02-11-2005

            MODE OF DECAY: ISOMERIC LEVEL
 
                                              MEAN
                                              NUMBER/                  MEV/
                                         ID   TRANSFOR-   ENERGY       TRANSFOR-
                  TYPE OF RADIATION      NO.  MATION      (MEV)        MATION

           L1 CONV. ELECTRON, GAMMA-RAY   1   4.38E-01    4.607E-03    2.02E-03
           L3 CONV. ELECTRON, GAMMA-RAY   1   2.76E-01    6.384E-03    1.76E-03
           M CONV. ELECTRON, GAMMA-RAY    1   1.95E-01    1.408E-02*   2.74E-03
           N+ CONV. ELECTRON, GAMMA-RAY   1   5.70E-02    1.626E-02*   9.27E-04
           GAMMA-RAY                      2   3.65E-01    1.468E-01    5.35E-02
           K CONV. ELECTRON, GAMMA-RAY    2   4.61E-01    7.922E-02    3.65E-02
           L1 CONV. ELECTRON, GAMMA-RAY   2   6.59E-02    1.351E-01    8.91E-03
           L2 CONV. ELECTRON, GAMMA-RAY   2   5.79E-03    1.356E-01    7.85E-04
           M CONV. ELECTRON, GAMMA-RAY    2   1.64E-02    1.446E-01*   2.38E-03
           N+ CONV. ELECTRON, GAMMA-RAY   2   4.82E-03    1.468E-01*   7.08E-04
           GAMMA-RAY                      3   4.80E-01    1.716E-01    8.24E-02
           K CONV. ELECTRON, GAMMA-RAY    3   3.91E-01    1.040E-01    4.07E-02
           L1 CONV. ELECTRON, GAMMA-RAY   3   5.60E-02    1.599E-01    8.95E-03
           L2 CONV. ELECTRON, GAMMA-RAY   3   4.85E-03    1.604E-01    7.77E-04
           M CONV. ELECTRON, GAMMA-RAY    3   1.39E-02    1.694E-01*   2.36E-03
           N+ CONV. ELECTRON, GAMMA-RAY   3   4.08E-03    1.716E-01*   7.00E-04
           GAMMA-RAY                      4   2.40E-01    1.850E-01    4.44E-02
           K CONV. ELECTRON, GAMMA-RAY    4   1.52E-01    1.174E-01    1.78E-02
           L1 CONV. ELECTRON, GAMMA-RAY   4   2.43E-02    1.733E-01    4.21E-03
           L2 CONV. ELECTRON, GAMMA-RAY   4   2.81E-01    1.738E-01    4.88E-02
           L3 CONV. ELECTRON, GAMMA-RAY   4   1.68E-01    1.751E-01    2.94E-02
           M CONV. ELECTRON, GAMMA-RAY    4   1.23E-01    1.828E-01*   2.26E-02
           N+ CONV. ELECTRON, GAMMA-RAY   4   3.43E-02    1.850E-01*   6.34E-03
           GAMMA-RAY                      5   6.72E-02    3.184E-01    2.14E-02
           K CONV. ELECTRON, GAMMA-RAY    5   3.88E-03    2.508E-01    9.73E-04
           GAMMA-RAY                      6   2.88E-03    3.565E-01    1.03E-03
           K CONV. ELECTRON, GAMMA-RAY    6   8.81E-03    2.889E-01    2.55E-03
           L1 CONV. ELECTRON, GAMMA-RAY   6   2.29E-03    3.448E-01    7.89E-04
           L3 CONV. ELECTRON, GAMMA-RAY   6   1.13E-03    3.466E-01    3.93E-04
           M CONV. ELECTRON, GAMMA-RAY    6   1.03E-03    3.543E-01*   3.65E-04
           K -L2 X-RAY                        2.81E-01    5.640E-02    1.58E-02
           K -L3 X-RAY                        4.89E-01    5.769E-02    2.82E-02
           K -M2 X-RAY                        5.23E-02    6.510E-02    3.41E-03
           K -M3 X-RAY                        1.01E-01    6.538E-02    6.61E-03
           K -N2 X-RAY                        1.18E-02    6.710E-02    7.94E-04
           K -N3 X-RAY                        2.29E-02    6.717E-02    1.54E-03
           K -O3 X-RAY                        5.53E-03    6.752E-02    3.74E-04
           L2-M4 X-RAY                        1.55E-01    9.361E-03    1.45E-03
           L2-N4 X-RAY                        2.85E-02    1.092E-02    3.11E-04
           L3-M5 X-RAY                        2.63E-01    8.138E-03    2.14E-03
           L3-N5 X-RAY                        4.61E-02    9.648E-03    4.45E-04
           Free-Bound X-RAY                   2.40E+01    2.496E-05*   6.00E-04
           AUGER KLL                          2.99E-02    4.585E-02*   1.37E-03
           AUGER KLX                          1.56E-02    5.472E-02*   8.52E-04
           CK LLX                             5.00E-01    5.921E-04*   2.96E-04
           AUGER LMM                          1.13E+00    6.339E-03*   7.13E-03
           AUGER LMX                          4.24E-01    8.028E-03*   3.41E-03
           AUGER LXY                          4.02E-02    9.749E-03*   3.92E-04
           CK MMX                             1.56E+00    3.127E-04*   4.87E-04
           AUGER MNN                          3.67E+00    1.418E-03*   5.21E-03
           AUGER MNX                          2.13E-01    1.600E-03*   3.41E-04
           CK NNX                             8.17E+00    1.604E-04*   1.31E-03
 
           ALL LISTED X-RAYS, GAMMA-RAYS AND ANNIHILATION RADIATION    2.64E-01
           ALL NEGLECTED X-RAYS, GAMMA-RAYS AND ANNIH. RADIATION**     1.47E-03
           ALL LISTED BETAS, INTERNAL CONVERSION AND AUGER ELECTRONS   2.65E-01
           ALL NEGLECTED BETAS, INT. CONVERSION AND AUGER ELECTRONS**  1.16E-03
           ALL LISTED RADIATIONS                                       5.30E-01
           ALL NEGLECTED RADIATIONS**                                  2.63E-03
 
           *  AVERAGE ENERGY (MEV)
           ** EACH NEGLECTED TRANSITION CONTRIBUTES LESS THAN  0.100%
              TO THE TOTAL MEV/TRANSFORMATION FOR THIS CATEGORY.
           TOTAL FEEDING OF GROUND STATE LEVEL IN 182-TANTALUM
             DAUGHTER IS 1.0000E+00  PER TRANSFORMATION OF 182M-TANTALUM.
             DECAY OF THIS 114.43 DAYS HALFLIFE LEVEL WILL CONTRIBUTE TO DOSE.
           - - - - - - - - - -
           INPUT DATA SOURCE: EVALUATED NUCLEAR STRUCTURE DATA FILE (ENSDF)
             DATE INPUT DATA WERE ENTERED INTO ENSDF: Aug-1988
%%%% 182 TA  73 M  IT           9.50400E+02 15.84 M    02-11-2005       OUTPEND 
%%%% 182 TA  73 M  IT           9.50400E+02 15.84 M    02-11-2005       SEEISTAR
182.M TANTALUM     73.  1.584E+01 MINUTES  116 IT                   182.TA 73.   0
 1 1  2.15646E-03  1.62630E-02  1.62630E-02  0.00000E+00            182.TA 73.   1   1
 6 5  4.37699E+01  4.60700E-03  4.60700E-03  1.00000E+00            182.TA 73.   2   5
 6 6  1.83528E+00  5.10000E-03  5.10000E-03  1.00000E+00            182.TA 73.   3   6
 6 7  2.76427E+01  6.38380E-03  6.38380E-03  1.00000E+00            182.TA 73.   4   7
 6 3  1.94507E+01  1.40789E-02  1.40789E-02  1.00000E+00            182.TA 73.   5   3
 6 4  5.69926E+00  1.62630E-02  1.62630E-02  1.00000E+00            182.TA 73.   6   4
 1 2  3.64800E+01  1.46785E-01  1.46785E-01  0.00000E+00            182.TA 73.   7   2
 6 1  4.61284E+01  7.92200E-02  7.92200E-02  2.00000E+00            182.TA 73.   8   1
 6 5  6.59389E+00  1.35129E-01  1.35129E-01  2.00000E+00            182.TA 73.   9   5
 6 6  5.78867E-01  1.35622E-01  1.35622E-01  2.00000E+00            182.TA 73.  10   6
 6 7  7.04260E-02  1.36906E-01  1.36906E-01  2.00000E+00            182.TA 73.  11   7
 6 3  1.64451E+00  1.44601E-01  1.44601E-01  2.00000E+00            182.TA 73.  12   3
 6 4  4.82076E-01  1.46785E-01  1.46785E-01  2.00000E+00            182.TA 73.  13   4
 1 3  4.80000E+01  1.71586E-01  1.71586E-01  0.00000E+00            182.TA 73.  14   3
 6 1  3.90999E+01  1.04021E-01  1.04021E-01  3.00000E+00            182.TA 73.  15   1
 6 5  5.59769E+00  1.59930E-01  1.59930E-01  3.00000E+00            182.TA 73.  16   5
 6 6  4.84560E-01  1.60423E-01  1.60423E-01  3.00000E+00            182.TA 73.  17   6
 6 7  5.82783E-02  1.61707E-01  1.61707E-01  3.00000E+00            182.TA 73.  18   7
 6 3  1.39270E+00  1.69402E-01  1.69402E-01  3.00000E+00            182.TA 73.  19   3
 6 4  4.08233E-01  1.71586E-01  1.71586E-01  3.00000E+00            182.TA 73.  20   4
 1 4  2.40000E+01  1.84951E-01  1.84951E-01  0.00000E+00            182.TA 73.  21   4
 6 1  1.51704E+01  1.17386E-01  1.17386E-01  4.00000E+00            182.TA 73.  22   1
 6 5  2.43158E+00  1.73295E-01  1.73295E-01  4.00000E+00            182.TA 73.  23   5
 6 6  2.81041E+01  1.73788E-01  1.73788E-01  4.00000E+00            182.TA 73.  24   6
 6 7  1.68151E+01  1.75072E-01  1.75072E-01  4.00000E+00            182.TA 73.  25   7
 6 3  1.23490E+01  1.82767E-01  1.82767E-01  4.00000E+00            182.TA 73.  26   3
 6 4  3.43006E+00  1.84951E-01  1.84951E-01  4.00000E+00            182.TA 73.  27   4
 1 5  6.72000E+00  3.18400E-01  3.18400E-01  0.00000E+00            182.TA 73.  28   5
 6 1  3.87961E-01  2.50835E-01  2.50835E-01  5.00000E+00            182.TA 73.  29   1
 6 5  5.51587E-02  3.06744E-01  3.06744E-01  5.00000E+00            182.TA 73.  30   5
 6 6  4.43779E-03  3.07237E-01  3.07237E-01  5.00000E+00            182.TA 73.  31   6
 6 7  5.17778E-04  3.08521E-01  3.08521E-01  5.00000E+00            182.TA 73.  32   7
 6 3  1.36244E-02  3.16216E-01  3.16216E-01  5.00000E+00            182.TA 73.  33   3
 6 4  3.99591E-03  3.18400E-01  3.18400E-01  5.00000E+00            182.TA 73.  34   4
 1 6  2.88000E-01  3.56470E-01  3.56470E-01  0.00000E+00            182.TA 73.  35   6
 6 1  8.81482E-01  2.88905E-01  2.88905E-01  6.00000E+00            182.TA 73.  36   1
 6 5  2.28866E-01  3.44814E-01  3.44814E-01  6.00000E+00            182.TA 73.  37   5
 6 6  5.57346E-02  3.45307E-01  3.45307E-01  6.00000E+00            182.TA 73.  38   6
 6 7  1.13487E-01  3.46591E-01  3.46591E-01  6.00000E+00            182.TA 73.  39   7
 6 3  1.02942E-01  3.54286E-01  3.54286E-01  6.00000E+00            182.TA 73.  40   3
 6 4  2.99633E-02  3.56470E-01  3.56470E-01  6.00000E+00            182.TA 73.  41   4
 2 1  2.80636E+01  5.64020E-02  5.64020E-02  0.00000E+00            182.TA 73.  42   1
 2 2  4.89086E+01  5.76858E-02  5.76858E-02  0.00000E+00            182.TA 73.  43   2
 2 3  5.23451E+00  6.51037E-02  6.51037E-02  0.00000E+00            182.TA 73.  44   3
 2 4  1.01144E+01  6.53809E-02  6.53809E-02  0.00000E+00            182.TA 73.  45   4
 2 5  1.09639E-01  6.57627E-02  6.57627E-02  0.00000E+00            182.TA 73.  46   5
 2 6  1.38930E-01  6.58234E-02  6.58234E-02  0.00000E+00            182.TA 73.  47   6
 2 7  1.18372E+00  6.71036E-02  6.71036E-02  0.00000E+00            182.TA 73.  48   7
 2 8  2.29324E+00  6.71676E-02  6.71676E-02  0.00000E+00            182.TA 73.  49   8
 2 9  2.61553E-02  6.73227E-02  6.73227E-02  0.00000E+00            182.TA 73.  50   9
 210  3.29782E-02  6.73343E-02  6.73343E-02  0.00000E+00            182.TA 73.  51  10
 211  2.68131E-01  6.75139E-02  6.75139E-02  0.00000E+00            182.TA 73.  52  11
 212  5.53423E-01  6.75232E-02  6.75232E-02  0.00000E+00            182.TA 73.  53  12
 213  5.01856E-04  6.75581E-02  6.75581E-02  0.00000E+00            182.TA 73.  54  13
 214  6.03199E-04  6.75587E-02  6.75587E-02  0.00000E+00            182.TA 73.  55  14
 221  7.45859E-04  4.93000E-04  4.93000E-04  0.00000E+00            182.TA 73.  56  21
 222  8.19586E-02  1.77680E-03  1.77680E-03  0.00000E+00            182.TA 73.  57  22
 223  1.43774E+00  9.19462E-03  9.19462E-03  0.00000E+00            182.TA 73.  58  23
 224  1.82710E+00  9.47190E-03  9.47190E-03  0.00000E+00            182.TA 73.  59  24
 225  4.05155E-02  9.85371E-03  9.85371E-03  0.00000E+00            182.TA 73.  60  25
 226  6.06990E-02  9.91440E-03  9.91440E-03  0.00000E+00            182.TA 73.  61  26
 227  3.50896E-01  1.11946E-02  1.11946E-02  0.00000E+00            182.TA 73.  62  27
 228  4.71148E-01  1.12586E-02  1.12586E-02  0.00000E+00            182.TA 73.  63  28
 229  5.67575E-03  1.14136E-02  1.14136E-02  0.00000E+00            182.TA 73.  64  29
 230  8.84787E-03  1.14253E-02  1.14253E-02  0.00000E+00            182.TA 73.  65  30
 231  5.22818E-02  1.16049E-02  1.16049E-02  0.00000E+00            182.TA 73.  66  31
 232  6.78756E-02  1.16141E-02  1.16141E-02  0.00000E+00            182.TA 73.  67  32
 233  1.00366E-04  1.16490E-02  1.16490E-02  0.00000E+00            182.TA 73.  68  33
 234  1.50405E-04  1.16497E-02  1.16497E-02  0.00000E+00            182.TA 73.  69  34
 241  1.83548E-04  1.28380E-03  1.28380E-03  0.00000E+00            182.TA 73.  70  41
 242  4.43062E-01  8.47829E-03  8.47829E-03  0.00000E+00            182.TA 73.  71  42
 243  1.32997E-02  8.97890E-03  8.97890E-03  0.00000E+00            182.TA 73.  72  43
 244  1.54823E+01  9.36070E-03  9.36070E-03  0.00000E+00            182.TA 73.  73  44
 245  1.03955E-01  1.06083E-02  1.06083E-02  0.00000E+00            182.TA 73.  74  45
 246  3.41548E-03  1.07657E-02  1.07657E-02  0.00000E+00            182.TA 73.  75  46
 247  2.84866E+00  1.09205E-02  1.09205E-02  0.00000E+00            182.TA 73.  76  47
 248  6.95840E-03  1.11269E-02  1.11269E-02  0.00000E+00            182.TA 73.  77  48
 249  1.97341E-02  1.10842E-02  1.10842E-02  0.00000E+00            182.TA 73.  78  49
 250  7.18705E-04  1.11211E-02  1.11211E-02  0.00000E+00            182.TA 73.  79  50
 251  5.27092E-02  1.11560E-02  1.11560E-02  0.00000E+00            182.TA 73.  80  51
 261  1.76982E+00  7.19450E-03  7.19450E-03  0.00000E+00            182.TA 73.  81  61
 262  1.48009E-02  7.41780E-03  7.41780E-03  0.00000E+00            182.TA 73.  82  62
 263  1.34594E-02  7.69510E-03  7.69510E-03  0.00000E+00            182.TA 73.  83  63
 264  2.97443E+00  8.07690E-03  8.07690E-03  0.00000E+00            182.TA 73.  84  64
 265  2.62590E+01  8.13761E-03  8.13761E-03  0.00000E+00            182.TA 73.  85  65
 266  3.21220E-01  9.32457E-03  9.32457E-03  0.00000E+00            182.TA 73.  86  66
 267  3.06057E-03  9.41778E-03  9.41778E-03  0.00000E+00            182.TA 73.  87  67
 268  3.00499E-03  9.48182E-03  9.48182E-03  0.00000E+00            182.TA 73.  88  68
 269  5.14093E-01  9.63673E-03  9.63673E-03  0.00000E+00            182.TA 73.  89  69
 270  4.60833E+00  9.64848E-03  9.64848E-03  0.00000E+00            182.TA 73.  90  70
 271  2.20565E-03  9.84306E-03  9.84306E-03  0.00000E+00            182.TA 73.  91  71
 272  1.23916E-02  9.84515E-03  9.84515E-03  0.00000E+00            182.TA 73.  92  72
 273  6.45046E-02  9.80039E-03  9.80039E-03  0.00000E+00            182.TA 73.  93  73
 274  6.59510E-04  9.82805E-03  9.82805E-03  0.00000E+00            182.TA 73.  94  74
 275  6.13919E-04  9.83730E-03  9.83730E-03  0.00000E+00            182.TA 73.  95  75
 276  9.42940E-03  9.87220E-03  9.87220E-03  0.00000E+00            182.TA 73.  96  76
 277  8.08698E-02  9.87291E-03  9.87291E-03  0.00000E+00            182.TA 73.  97  77
 291  7.94524E+00  1.70698E-03  1.70698E-03  0.00000E+00            182.TA 73.  98  91
 292  1.77236E-01  2.29909E-04  2.29909E-04  0.00000E+00            182.TA 73.  99  92
 293  2.18840E-04  3.56696E-05  3.56696E-05  0.00000E+00            182.TA 73. 100  93
 294  2.40182E+03  2.49606E-05  2.49606E-05  0.00000E+00            182.TA 73. 101  94
 7 1  2.98812E+00  4.58458E-02  4.58458E-02  0.00000E+00            182.TA 73. 102   1
 7 2  1.55658E+00  5.47234E-02  5.47234E-02  0.00000E+00            182.TA 73. 103   2
 7 3  1.95083E-01  6.36130E-02  6.36130E-02  0.00000E+00            182.TA 73. 104   3
 7 4  4.99549E+01  5.92102E-04  5.92102E-04  0.00000E+00            182.TA 73. 105   4
 7 5  1.12530E+02  6.33859E-03  6.33859E-03  0.00000E+00            182.TA 73. 106   5
 7 6  4.24476E+01  8.02791E-03  8.02791E-03  0.00000E+00            182.TA 73. 107   6
 7 7  4.01793E+00  9.74854E-03  9.74854E-03  0.00000E+00            182.TA 73. 108   7
 7 8  1.55762E+02  3.12727E-04  3.12727E-04  0.00000E+00            182.TA 73. 109   8
 7 9  3.67347E+02  1.41792E-03  1.41792E-03  0.00000E+00            182.TA 73. 110   9
 710  2.13404E+01  1.59968E-03  1.59968E-03  0.00000E+00            182.TA 73. 111  10
 711  1.26304E+00  1.83994E-03  1.83994E-03  0.00000E+00            182.TA 73. 112  11
 712  8.17022E+02  1.60429E-04  1.60429E-04  0.00000E+00            182.TA 73. 113  12
 713  2.69569E+01  3.01148E-04  3.01148E-04  0.00000E+00            182.TA 73. 114  13
 714  2.10178E+02  1.19801E-05  1.19801E-05  0.00000E+00            182.TA 73. 115  14
 715  2.97701E+02  2.73581E-05  2.73581E-05  0.00000E+00            182.TA 73. 116  15
%%%% 182 TA  73 M  IT           9.50400E+02 15.84 M    02-11-2005       SEEIEND 
 


   ***************************************************** 
   *                 Radiation Summary                 * 
   ***************************************************** 
 
  Energy released by
    Gamma-ray                       (MeV) =   2.02720E-01
    X-ray                           (MeV) =   6.25841E-02
    Free-bound X-ray                (MeV) =   5.99509E-04
    Annihilation photon             (MeV) =   0.00000E+00
    Beta+ particle                  (MeV) =   0.00000E+00
    Neutrino                        (MeV) =   0.00000E+00
    Beta- particle                  (MeV) =   0.00000E+00
    Neutrino-                       (MeV) =   0.00000E+00
    Internal conv. electron         (MeV) =   2.45338E-01
    Auger and CK electron           (MeV) =   2.11327E-02
    Alpha particle                  (MeV) =   0.00000E+00
    Recoil nucleus                  (MeV) =   0.00000E+00
  E-total (except unplaced radiat.) (MeV) =   5.32375E-01
  E-unplaced radiation              (MeV) =   0.00000E+00
  Q-value from ENSDF data           (MeV) =   5.19587E-01
  Ratio of E-total/Q-value          ( % ) =   1.02461E+02
  Ratio of E-unplaced radi./Q-value ( % ) =   0.00000E+00

 
  Total yield of
    Gamma-ray                             =   1.15490E+00
    X-ray                                 =   1.65084E+00
    Free-bound X-ray                      =   2.40182E+01
    Annihilation photon                   =   0.00000E+00
    Beta+ particle                        =   0.00000E+00
    Beta- particle                        =   0.00000E+00
    Internal conv. electron               =   2.81116E+00
    Auger and CK electron                 =   2.11126E+01
    Alpha particle                        =   0.00000E+00
  Yield of unplaced radiation             =   0.00000E+00


