%%%%  92 TC  43    EC B+        2.55000E+02 4.25 M     02-11-2005       BALASTAR
1  92   TC  43 4.25 M          EC B+      
1INTENSITY AND ENERGY BALANCE DATA

              92-TECHNETIUM-43
+                                    HALFLIFE = 4.25 MINUTES 
+                                                                  02-11-2005


    LEVEL       INTENSITY   INTENSITY
    ENERGY      ENTERING    LEAVING     PERCENT
    (MEV)       LEVEL       LEVEL       ERROR

   0.0000E+00  1.0103E+02
   1.5096E+00  1.0016E+02  1.0103E+02  8.7208E-01                      
   2.2826E+00  9.4750E+01  1.0016E+02  5.5471E+00                      
   2.5266E+00  1.4557E+01  1.3431E+01  8.0491E+00                      
   2.6118E+00  9.3122E+01  9.5876E+01  2.9142E+00                      
   2.7600E+00  9.8467E+01  9.1802E+01  7.0058E+00                      
   4.9174E+00  2.2745E+00  2.1203E+00  7.0131E+00                      
   5.4623E+00  8.9895E-01  8.4009E-01  6.7692E+00                      


 INTENSITY TO GROUND AND ISOMERIC STATE(S) OF DAUGHTER(S)=  1.010E+02
 TOTAL INTENSITY FROM PARENT=  1.000E+02
 PERCENT ERROR =  1.022E+00                      


 TOTAL INTENSITY FROM PARENT =  1.000E+02
 VALUE IS WITHIN   0.00E+00% OF 100                      


 TOTAL ENERGY AVAILABLE =  7.870E+00 MEV
 TOTAL ENERGY CONTENT OF ALL RADIATIONS =  7.855E+00 MEV
 PERCENT ERROR =  1.886E-01                      
%%%%  92 TC  43    EC B+        2.55000E+02 4.25 M     02-11-2005       BALAEND 
%%%%  92 TC  43    EC B+        2.55000E+02 4.25 M     02-11-2005       INPUSTAR
1                                      **INPUT DATA**
              92-TECHNETIUM-43
+                                    HALFLIFE = 4.25 MINUTES 
+                                                                  02-11-2005

            MODES OF DECAY: ELECTRON CAPTURE, BETA PLUS
 
                                MEAN
                                NUMBER/    TRANSITION
                TYPE OF    ID   TRANSFOR-  ENERGY
              TRANSITION   NO.  MATION     (MEV)       OTHER NUCLEAR PARAMETERS

           ELECT. CAPTURE   1   4.77E-03   2.408E+00   ALLOWED                                  
           ELECT. CAPTURE   2   6.39E-03   2.953E+00   ALLOWED                                  
           ELECT. CAPTURE   3   3.68E-02   5.110E+00   ALLOWED                                  
                BETA PLUS   1   4.22E-03   1.386E+00*  ALLOWED                                  
                BETA PLUS   2   1.64E-02   1.931E+00*  ALLOWED                                  
                BETA PLUS   3   9.31E-01   4.088E+00*  ALLOWED                                  
           I.C.E. + GAMMA   1   1.46E-01   8.500E-02   E1 MULTIPOLE                             
+                                                                    AK= 0.178                  
                                                       AL1=0.0171    AL2=0.00149                
                                                       AL3=0.00233   AM= 0.00375                
           I.C.E. + GAMMA   2   9.18E-01   1.480E-01   E2 MULTIPOLE                             
+                                                                    AK= 0.245                  
                                                       AL1=0.0237    AL2=0.00712                
                                                       AL3=0.00844   AM= 0.00716                
                                                       AN+=0.00121                              
           I.C.E. + GAMMA   3   1.34E-01   2.437E-01   E1 MULTIPOLE                             
+                                                                    AK= 0.00863                
           I.C.E. + GAMMA   4   8.13E-01   3.293E-01   E2 MULTIPOLE                             
+                                                                    AK= 0.0154                 
                                                       AL1=0.00159                              
           I.C.E. + GAMMA   5   1.00E+00   7.730E-01   E2+M3 MULTIPOLE                          
                                                       MRS=0.0144    AK= 0.00136                
           I.C.E. + GAMMA   6   1.01E+00   1.510E+00   E2 MULTIPOLE                             
           I.C.E. + GAMMA   7   2.00E-03   1.568E+00   UNPLACED GAMMA                           
           I.C.E. + GAMMA   8   2.40E-03   1.591E+00   UNPLACED GAMMA                           
           I.C.E. + GAMMA   9   1.90E-03   1.702E+00   UNPLACED GAMMA                           
           I.C.E. + GAMMA  10   1.20E-02   2.157E+00   M1 MULTIPOLE                             
           I.C.E. + GAMMA  11   9.20E-03   2.306E+00   M1 MULTIPOLE                             
           I.C.E. + GAMMA  12   1.00E-03   2.517E+00   UNPLACED GAMMA                           
           I.C.E. + GAMMA  13   3.00E-03   2.645E+00   UNPLACED GAMMA                           
           I.C.E. + GAMMA  14   4.40E-03   2.702E+00   M1 MULTIPOLE                             
           I.C.E. + GAMMA  15   4.00E-03   2.850E+00   M1 MULTIPOLE                             
           I.C.E. + GAMMA  16   7.00E-04   2.881E+00   UNPLACED GAMMA                           
           I.C.E. + GAMMA  17   1.60E-03   2.900E+00   UNPLACED GAMMA                           
           I.C.E. + GAMMA  18   5.40E-03   3.023E+00   UNPLACED GAMMA                           
           I.C.E. + GAMMA  19   4.80E-03   3.129E+00   UNPLACED GAMMA                           
           I.C.E. + GAMMA  20   1.20E-03   3.218E+00   UNPLACED GAMMA                           
           I.C.E. + GAMMA  21   1.70E-03   4.028E+00   UNPLACED GAMMA                           
           I.C.E. + GAMMA  22   7.00E-04   4.370E+00   UNPLACED GAMMA                           
 
           * ENDPOINT ENERGY (MEV)
           - - - - - - - - - -
           Reference: Evaluated Nuclear Structure Data File (ENSDF)
                DATE DATA WERE ENTERED INTO ENSDF: Jan-2001
%%%%  92 TC  43    EC B+        2.55000E+02 4.25 M     02-11-2005       INPUEND 
%%%%  92 TC  43    EC B+        2.55000E+02 4.25 M     02-11-2005       OUTPSTAR
1                                      **OUTPUT DATA**
              92-TECHNETIUM-43
+                                    HALFLIFE = 4.25 MINUTES 
+                                                                  02-11-2005

            MODES OF DECAY: ELECTRON CAPTURE, BETA PLUS
 
                                              MEAN
                                              NUMBER/                  MEV/
                                         ID   TRANSFOR-   ENERGY       TRANSFOR-
                  TYPE OF RADIATION      NO.  MATION      (MEV)        MATION

           BETA PLUS                      1   4.22E-03    6.126E-01*   2.59E-03
           BETA PLUS                      2   1.64E-02    8.596E-01*   1.41E-02
           BETA PLUS                      3   9.31E-01    1.873E+00*   1.74E+00
           ANNIHILATION RADIATION             1.90E+00    5.110E-01    9.73E-01
           GAMMA-RAY                      1   1.21E-01    8.500E-02    1.03E-02
           GAMMA-RAY                      2   7.10E-01    1.480E-01    1.05E-01
           K CONV. ELECTRON, GAMMA-RAY    2   1.74E-01    1.280E-01    2.23E-02
           L1 CONV. ELECTRON, GAMMA-RAY   2   1.68E-02    1.452E-01    2.44E-03
           GAMMA-RAY                      3   1.33E-01    2.437E-01    3.24E-02
           GAMMA-RAY                      4   7.99E-01    3.293E-01    2.63E-01
           K CONV. ELECTRON, GAMMA-RAY    4   1.23E-02    3.093E-01    3.80E-03
           GAMMA-RAY                      5   1.00E+00    7.730E-01    7.73E-01
           GAMMA-RAY                      6   1.01E+00    1.510E+00    1.52E+00
           GAMMA-RAY                     10   1.20E-02    2.157E+00    2.59E-02
           GAMMA-RAY                     11   9.20E-03    2.306E+00    2.12E-02
           GAMMA-RAY                     13   3.00E-03    2.645E+00    7.94E-03
           GAMMA-RAY                     14   4.40E-03    2.702E+00    1.19E-02
           GAMMA-RAY                     15   4.00E-03    2.850E+00    1.14E-02
           GAMMA-RAY                     17   1.60E-03    2.900E+00    4.64E-03
           GAMMA-RAY                     18   5.40E-03    3.023E+00    1.63E-02
           GAMMA-RAY                     19   4.80E-03    3.129E+00    1.50E-02
           GAMMA-RAY                     20   1.20E-03    3.218E+00    3.86E-03
           GAMMA-RAY                     21   1.70E-03    4.028E+00    6.85E-03
 
           ALL LISTED X-RAYS, GAMMA-RAYS AND ANNIHILATION RADIATION    3.81E+00
           ALL NEGLECTED X-RAYS, GAMMA-RAYS AND ANNIH. RADIATION**     2.13E-02
           ALL LISTED BETAS, INTERNAL CONVERSION AND AUGER ELECTRONS   1.79E+00
           ALL NEGLECTED BETAS, INT. CONVERSION AND AUGER ELECTRONS**  8.41E-03
           ALL LISTED RADIATIONS                                       5.60E+00
           ALL NEGLECTED RADIATIONS**                                  2.97E-02
 
           *  AVERAGE ENERGY (MEV)
           ** EACH NEGLECTED TRANSITION CONTRIBUTES LESS THAN  0.100%
              TO THE TOTAL MEV/TRANSFORMATION FOR THIS CATEGORY.
           TOTAL FEEDING OF GROUND STATE LEVEL IN 92-MOLYBDENUM
             DAUGHTER IS 1.0000E+00 PER TRANSFORMATION OF  92-TECHNETIUM.
             THIS DAUGHTER GROUND STATE IS STABLE.
           - - - - - - - - - -
           INPUT DATA SOURCE: EVALUATED NUCLEAR STRUCTURE DATA FILE (ENSDF)
             DATE INPUT DATA WERE ENTERED INTO ENSDF: Jan-2001
%%%%  92 TC  43    EC B+        2.55000E+02 4.25 M     02-11-2005       OUTPEND 
%%%%  92 TC  43    EC B+        2.55000E+02 4.25 M     02-11-2005       BETASTAR
1
              92-TECHNETIUM-43
+                                    HALFLIFE = 4.25 MINUTES 
+                                                                  02-11-2005

            BETA SPECTRUM DATA FOR ALL DECAY BRANCHES

                      BETAS PER                BETAS PER                BETAS PER
            ENERGY    MEV            ENERGY    MEV            ENERGY    MEV
            (MEV)     PER DECAY      (MEV)     PER DECAY      (MEV)     PER DECAY

            0.00000   0.000E+00      0.00360   3.178E-06      0.14000   3.863E-02
            0.00010   0.000E+00      0.00400   5.316E-06      0.15000   4.237E-02
            0.00011   0.000E+00      0.00450   9.053E-06      0.16000   4.613E-02
            0.00012   0.000E+00      0.00500   1.411E-05      0.18000   5.368E-02
            0.00013   0.000E+00      0.00550   2.061E-05      0.20000   6.124E-02
            0.00014   0.000E+00      0.00600   2.865E-05      0.22000   6.881E-02
            0.00015   0.000E+00      0.00650   3.832E-05      0.24000   7.636E-02
            0.00016   0.000E+00      0.00700   4.971E-05      0.26000   8.390E-02
            0.00018   0.000E+00      0.00750   6.286E-05      0.28000   9.141E-02
            0.00020   0.000E+00      0.00800   7.785E-05      0.30000   9.888E-02
            0.00022   0.000E+00      0.00850   9.473E-05      0.32000   1.063E-01
            0.00024   2.880E-28      0.00900   1.135E-04      0.36000   1.211E-01
            0.00026   3.501E-27      0.01000   1.570E-04      0.40000   1.356E-01
            0.00028   3.308E-26      0.01100   2.086E-04      0.45000   1.535E-01
            0.00030   2.551E-25      0.01200   2.683E-04      0.50000   1.709E-01
            0.00032   1.667E-24      0.01300   3.364E-04      0.55000   1.879E-01
            0.00036   4.829E-23      0.01400   4.128E-04      0.60000   2.044E-01
            0.00040   9.439E-22      0.01500   4.974E-04      0.65000   2.204E-01
            0.00045   2.564E-20      0.01600   5.904E-04      0.70000   2.358E-01
            0.00050   4.815E-19      0.01800   8.005E-04      0.75000   2.507E-01
            0.00055   6.609E-18      0.02000   1.042E-03      0.80000   2.649E-01
            0.00060   6.867E-17      0.02200   1.315E-03      0.85000   2.784E-01
            0.00065   5.555E-16      0.02400   1.616E-03      0.90000   2.913E-01
            0.00070   3.589E-15      0.02600   1.945E-03      1.00000   3.149E-01
            0.00075   1.897E-14      0.02800   2.300E-03      1.10000   3.357E-01
            0.00080   8.398E-14      0.03000   2.679E-03      1.20000   3.537E-01
            0.00085   3.179E-13      0.03200   3.082E-03      1.30000   3.689E-01
            0.00090   1.049E-12      0.03600   3.951E-03      1.40000   3.813E-01
            0.00100   8.083E-12      0.04000   4.896E-03      1.50000   3.909E-01
            0.00110   4.302E-11      0.04500   6.171E-03      1.60000   3.973E-01
            0.00120   1.721E-10      0.05000   7.535E-03      1.80000   4.016E-01
            0.00130   5.515E-10      0.05500   8.975E-03      2.00000   3.952E-01
            0.00140   1.484E-09      0.06000   1.048E-02      2.20000   3.771E-01
            0.00150   3.476E-09      0.06500   1.204E-02      2.40000   3.478E-01
            0.00160   7.279E-09      0.07000   1.365E-02      2.60000   3.087E-01
            0.00180   2.466E-08      0.07500   1.529E-02      2.80000   2.619E-01
            0.00200   6.488E-08      0.08000   1.697E-02      3.00000   2.100E-01
            0.00220   1.426E-07      0.08500   1.868E-02      3.20000   1.561E-01
            0.00240   2.747E-07      0.09000   2.042E-02      3.60000   5.777E-02
            0.00260   4.789E-07      0.10000   2.396E-02      4.00000   2.258E-03
            0.00280   7.730E-07      0.11000   2.756E-02      4.08800   0.000E+00
            0.00300   1.174E-06      0.12000   3.122E-02
            0.00320   1.699E-06      0.13000   3.491E-02

            AVERAGE BETA ENERGY =   1.850E+00

            TOTAL BETAS PER DECAY FOR ALL BRANCHES =   9.520E-01
%%%%  92 TC  43    EC B+        2.55000E+02 4.25 M     02-11-2005       BETAEND 
%%%%  92 TC  43    EC B+        2.55000E+02 4.25 M     02-11-2005       SEEISTAR
 92.  TECHNETIUM   43.  4.250E+00 MINUTES  137 EC B+                 92.TC 43.   0
 4 1  4.22398E-01  6.12568E-01  1.38570E+00  0.00000E+00             92.TC 43.   1   1
 4 2  1.63544E+00  8.59606E-01  1.93060E+00  0.00000E+00             92.TC 43.   2   2
 4 3  9.31442E+01  1.87328E+00  4.08800E+00  0.00000E+00             92.TC 43.   3   3
 3 3  1.90404E+02  5.11000E-01  5.11000E-01  0.00000E+00             92.TC 43.   4   3
 1 1  1.21000E+01  8.50000E-02  8.50000E-02  0.00000E+00             92.TC 43.   5   1
 6 1  2.15045E+00  6.50350E-02  6.50350E-02  1.00000E+00             92.TC 43.   6   1
 6 5  2.06778E-01  8.21535E-02  8.21535E-02  1.00000E+00             92.TC 43.   7   5
 6 6  1.80820E-02  8.23705E-02  8.23705E-02  1.00000E+00             92.TC 43.   8   6
 6 7  2.82468E-02  8.24790E-02  8.24790E-02  1.00000E+00             92.TC 43.   9   7
 6 3  4.53291E-02  8.46084E-02  8.46084E-02  1.00000E+00             92.TC 43.  10   3
 6 4  8.02658E-03  8.50000E-02  8.50000E-02  1.00000E+00             92.TC 43.  11   4
 1 2  7.10000E+01  1.48000E-01  1.48000E-01  0.00000E+00             92.TC 43.  12   2
 6 1  1.74221E+01  1.28035E-01  1.28035E-01  2.00000E+00             92.TC 43.  13   1
 6 5  1.68023E+00  1.45154E-01  1.45154E-01  2.00000E+00             92.TC 43.  14   5
 6 6  5.05715E-01  1.45370E-01  1.45370E-01  2.00000E+00             92.TC 43.  15   6
 6 7  5.99164E-01  1.45479E-01  1.45479E-01  2.00000E+00             92.TC 43.  16   7
 6 3  5.08581E-01  1.47608E-01  1.47608E-01  2.00000E+00             92.TC 43.  17   3
 6 4  8.62096E-02  1.48000E-01  1.48000E-01  2.00000E+00             92.TC 43.  18   4
 1 3  1.33000E+01  2.43700E-01  2.43700E-01  0.00000E+00             92.TC 43.  19   3
 6 1  1.14750E-01  2.23735E-01  2.23735E-01  3.00000E+00             92.TC 43.  20   1
 6 5  1.18395E-02  2.40854E-01  2.40854E-01  3.00000E+00             92.TC 43.  21   5
 6 6  4.76297E-04  2.41071E-01  2.41071E-01  3.00000E+00             92.TC 43.  22   6
 6 7  7.15692E-04  2.41179E-01  2.41179E-01  3.00000E+00             92.TC 43.  23   7
 6 3  2.33612E-03  2.43308E-01  2.43308E-01  3.00000E+00             92.TC 43.  24   3
 6 4  4.23486E-04  2.43700E-01  2.43700E-01  3.00000E+00             92.TC 43.  25   4
 1 4  7.99000E+01  3.29300E-01  3.29300E-01  0.00000E+00             92.TC 43.  26   4
 6 1  1.22848E+00  3.09335E-01  3.09335E-01  4.00000E+00             92.TC 43.  27   1
 6 5  1.26737E-01  3.26454E-01  3.26454E-01  4.00000E+00             92.TC 43.  28   5
 6 6  1.54579E-02  3.26671E-01  3.26671E-01  4.00000E+00             92.TC 43.  29   6
 6 7  1.48567E-02  3.26779E-01  3.26779E-01  4.00000E+00             92.TC 43.  30   7
 6 3  2.85154E-02  3.28908E-01  3.28908E-01  4.00000E+00             92.TC 43.  31   3
 6 4  5.05534E-03  3.29300E-01  3.29300E-01  4.00000E+00             92.TC 43.  32   4
 1 5  1.00000E+02  7.73000E-01  7.73000E-01  0.00000E+00             92.TC 43.  33   5
 6 1  1.36244E-01  7.53035E-01  7.53035E-01  5.00000E+00             92.TC 43.  34   1
 6 5  1.46078E-02  7.70154E-01  7.70154E-01  5.00000E+00             92.TC 43.  35   5
 6 6  6.77807E-04  7.70371E-01  7.70371E-01  5.00000E+00             92.TC 43.  36   6
 6 7  5.40964E-04  7.70479E-01  7.70479E-01  5.00000E+00             92.TC 43.  37   7
 6 3  2.86465E-03  7.72608E-01  7.72608E-01  5.00000E+00             92.TC 43.  38   3
 6 4  5.20710E-04  7.73000E-01  7.73000E-01  5.00000E+00             92.TC 43.  39   4
 1 6  1.01000E+02  1.50960E+00  1.50960E+00  0.00000E+00             92.TC 43.  40   6
 6 1  2.88230E-02  1.48963E+00  1.48963E+00  6.00000E+00             92.TC 43.  41   1
 6 5  3.09206E-03  1.50675E+00  1.50675E+00  6.00000E+00             92.TC 43.  42   5
 6 6  6.18578E-05  1.50697E+00  1.50697E+00  6.00000E+00             92.TC 43.  43   6
 6 7  5.67406E-05  1.50708E+00  1.50708E+00  6.00000E+00             92.TC 43.  44   7
 6 3  5.78090E-04  1.50921E+00  1.50921E+00  6.00000E+00             92.TC 43.  45   3
 6 4  1.03554E-04  1.50960E+00  1.50960E+00  6.00000E+00             92.TC 43.  46   4
 1 7  2.00000E-01  1.56790E+00  1.56790E+00  0.00000E+00             92.TC 43.  47   7
 1 8  2.40000E-01  1.59090E+00  1.59090E+00  0.00000E+00             92.TC 43.  48   8
 1 9  1.90000E-01  1.70220E+00  1.70220E+00  0.00000E+00             92.TC 43.  49   9
 110  1.20000E+00  2.15700E+00  2.15700E+00  0.00000E+00             92.TC 43.  50  10
 6 1  1.81641E-04  2.13704E+00  2.13704E+00  1.00000E+01             92.TC 43.  51   1
 6 5  1.93897E-05  2.15415E+00  2.15415E+00  1.00000E+01             92.TC 43.  52   5
 6 6  2.05817E-07  2.15437E+00  2.15437E+00  1.00000E+01             92.TC 43.  53   6
 6 7  1.62685E-07  2.15448E+00  2.15448E+00  1.00000E+01             92.TC 43.  54   7
 6 3  3.67849E-06  2.15661E+00  2.15661E+00  1.00000E+01             92.TC 43.  55   3
 6 4  6.56895E-07  2.15700E+00  2.15700E+00  1.00000E+01             92.TC 43.  56   4
 111  9.20000E-01  2.30580E+00  2.30580E+00  0.00000E+00             92.TC 43.  57  11
 6 1  1.22868E-04  2.28584E+00  2.28584E+00  1.10000E+01             92.TC 43.  58   1
 6 5  1.24068E-05  2.30295E+00  2.30295E+00  1.10000E+01             92.TC 43.  59   5
 6 6  1.27883E-07  2.30317E+00  2.30317E+00  1.10000E+01             92.TC 43.  60   6
 6 7  1.08197E-07  2.30328E+00  2.30328E+00  1.10000E+01             92.TC 43.  61   7
 6 3  2.29265E-06  2.30541E+00  2.30541E+00  1.10000E+01             92.TC 43.  62   3
 6 4  4.14123E-07  2.30580E+00  2.30580E+00  1.10000E+01             92.TC 43.  63   4
 112  1.00000E-01  2.51680E+00  2.51680E+00  0.00000E+00             92.TC 43.  64  12
 113  3.00000E-01  2.64520E+00  2.64520E+00  0.00000E+00             92.TC 43.  65  13
 114  4.40000E-01  2.70240E+00  2.70240E+00  0.00000E+00             92.TC 43.  66  14
 6 1  4.39167E-05  2.68244E+00  2.68244E+00  1.40000E+01             92.TC 43.  67   1
 6 5  4.25023E-06  2.69955E+00  2.69955E+00  1.40000E+01             92.TC 43.  68   5
 6 6  3.92273E-08  2.69977E+00  2.69977E+00  1.40000E+01             92.TC 43.  69   6
 6 7  3.68974E-08  2.69988E+00  2.69988E+00  1.40000E+01             92.TC 43.  70   7
 6 3  7.86042E-07  2.70201E+00  2.70201E+00  1.40000E+01             92.TC 43.  71   3
 6 4  1.41554E-07  2.70240E+00  2.70240E+00  1.40000E+01             92.TC 43.  72   4
 115  4.00000E-01  2.85030E+00  2.85030E+00  0.00000E+00             92.TC 43.  73  15
 6 1  3.62832E-05  2.83034E+00  2.83034E+00  1.50000E+01             92.TC 43.  74   1
 6 5  3.45437E-06  2.84745E+00  2.84745E+00  1.50000E+01             92.TC 43.  75   5
 6 6  3.07211E-08  2.84767E+00  2.84767E+00  1.50000E+01             92.TC 43.  76   6
 6 7  2.99427E-08  2.84778E+00  2.84778E+00  1.50000E+01             92.TC 43.  77   7
 6 3  6.39047E-07  2.84991E+00  2.84991E+00  1.50000E+01             92.TC 43.  78   3
 6 4  1.14967E-07  2.85030E+00  2.85030E+00  1.50000E+01             92.TC 43.  79   4
 116  7.00000E-02  2.88100E+00  2.88100E+00  0.00000E+00             92.TC 43.  80  16
 117  1.60000E-01  2.89950E+00  2.89950E+00  0.00000E+00             92.TC 43.  81  17
 118  5.40000E-01  3.02340E+00  3.02340E+00  0.00000E+00             92.TC 43.  82  18
 119  4.80000E-01  3.12850E+00  3.12850E+00  0.00000E+00             92.TC 43.  83  19
 120  1.20000E-01  3.21800E+00  3.21800E+00  0.00000E+00             92.TC 43.  84  20
 121  1.70000E-01  4.02800E+00  4.02800E+00  0.00000E+00             92.TC 43.  85  21
 122  7.00000E-02  4.37010E+00  4.37010E+00  0.00000E+00             92.TC 43.  86  22
 2 1  5.58907E+00  1.73355E-02  1.73355E-02  0.00000E+00             92.TC 43.  87   1
 2 2  1.06503E+01  1.74440E-02  1.74440E-02  0.00000E+00             92.TC 43.  88   2
 2 3  8.67719E-01  1.95554E-02  1.95554E-02  0.00000E+00             92.TC 43.  89   3
 2 4  1.68922E+00  1.95734E-02  1.95734E-02  0.00000E+00             92.TC 43.  90   4
 2 5  4.21547E-03  1.97245E-02  1.97245E-02  0.00000E+00             92.TC 43.  91   5
 2 6  5.96107E-03  1.97280E-02  1.97280E-02  0.00000E+00             92.TC 43.  92   6
 2 7  1.60149E-01  1.99200E-02  1.99200E-02  0.00000E+00             92.TC 43.  93   7
 2 8  3.08760E-01  1.99225E-02  1.99225E-02  0.00000E+00             92.TC 43.  94   8
 2 9  1.69415E-04  1.99581E-02  1.99581E-02  0.00000E+00             92.TC 43.  95   9
 210  2.37026E-04  1.99582E-02  1.99582E-02  0.00000E+00             92.TC 43.  96  10
 221  7.35916E-05  2.17000E-04  2.17000E-04  0.00000E+00             92.TC 43.  97  21
 222  4.73809E-04  3.25500E-04  3.25500E-04  0.00000E+00             92.TC 43.  98  22
 223  1.03765E-02  2.43686E-03  2.43686E-03  0.00000E+00             92.TC 43.  99  23
 224  1.78462E-02  2.45487E-03  2.45487E-03  0.00000E+00             92.TC 43. 100  24
 225  8.92032E-05  2.60605E-03  2.60605E-03  0.00000E+00             92.TC 43. 101  25
 226  1.32908E-04  2.60950E-03  2.60950E-03  0.00000E+00             92.TC 43. 102  26
 227  1.61670E-03  2.80143E-03  2.80143E-03  0.00000E+00             92.TC 43. 103  27
 228  2.80488E-03  2.80404E-03  2.80404E-03  0.00000E+00             92.TC 43. 104  28
 229  2.71744E-06  2.83950E-03  2.83950E-03  0.00000E+00             92.TC 43. 105  29
 230  4.03959E-06  2.83973E-03  2.83973E-03  0.00000E+00             92.TC 43. 106  30
 241  4.94961E-08  1.08500E-04  1.08500E-04  0.00000E+00             92.TC 43. 107  41
 242  2.86654E-02  2.13542E-03  2.13542E-03  0.00000E+00             92.TC 43. 108  42
 243  2.81120E-04  2.23787E-03  2.23787E-03  0.00000E+00             92.TC 43. 109  43
 244  2.96186E-01  2.38905E-03  2.38905E-03  0.00000E+00             92.TC 43. 110  44
 245  2.26825E-03  2.55987E-03  2.55987E-03  0.00000E+00             92.TC 43. 111  45
 246  1.16817E-05  2.58704E-03  2.58704E-03  0.00000E+00             92.TC 43. 112  46
 247  1.01853E-02  2.62250E-03  2.62250E-03  0.00000E+00             92.TC 43. 113  47
 261  1.02197E-01  2.02691E-03  2.02691E-03  0.00000E+00             92.TC 43. 114  61
 262  4.34075E-04  2.11136E-03  2.11136E-03  0.00000E+00             92.TC 43. 115  62
 263  4.10647E-04  2.12937E-03  2.12937E-03  0.00000E+00             92.TC 43. 116  63
 264  6.91517E-02  2.28055E-03  2.28055E-03  0.00000E+00             92.TC 43. 117  64
 265  6.14214E-01  2.28400E-03  2.28400E-03  0.00000E+00             92.TC 43. 118  65
 266  5.18585E-03  2.45137E-03  2.45137E-03  0.00000E+00             92.TC 43. 119  66
 267  1.38125E-05  2.47592E-03  2.47592E-03  0.00000E+00             92.TC 43. 120  67
 268  1.32049E-05  2.47854E-03  2.47854E-03  0.00000E+00             92.TC 43. 121  68
 269  2.35352E-03  2.51400E-03  2.51400E-03  0.00000E+00             92.TC 43. 122  69
 270  2.07606E-02  2.51423E-03  2.51423E-03  0.00000E+00             92.TC 43. 123  70
 291  2.31263E-02  2.24917E-04  2.24917E-04  0.00000E+00             92.TC 43. 124  91
 292  3.76285E-04  2.94452E-05  2.94452E-05  0.00000E+00             92.TC 43. 125  92
 294  2.97183E+02  6.84807E-06  6.84807E-06  0.00000E+00             92.TC 43. 126  94
 7 1  4.25977E+00  1.47064E-02  1.47064E-02  0.00000E+00             92.TC 43. 127   1
 7 2  1.57794E+00  1.69714E-02  1.69714E-02  0.00000E+00             92.TC 43. 128   2
 7 3  1.41065E-01  1.92385E-02  1.92385E-02  0.00000E+00             92.TC 43. 129   3
 7 4  5.37574E+00  1.05667E-04  1.05667E-04  0.00000E+00             92.TC 43. 130   4
 7 5  2.51700E+01  1.95188E-03  1.95188E-03  0.00000E+00             92.TC 43. 131   5
 7 6  3.56342E+00  2.20093E-03  2.20093E-03  0.00000E+00             92.TC 43. 132   6
 7 7  1.52031E-01  2.48485E-03  2.48485E-03  0.00000E+00             92.TC 43. 133   7
 7 8  2.62221E+01  1.06940E-04  1.06940E-04  0.00000E+00             92.TC 43. 134   8
 7 9  6.27426E+01  1.76189E-04  1.76189E-04  0.00000E+00             92.TC 43. 135   9
 710  6.00633E-01  2.17924E-04  2.17924E-04  0.00000E+00             92.TC 43. 136  10
 712  1.37588E+02  2.73659E-05  2.73659E-05  0.00000E+00             92.TC 43. 137  12
%%%%  92 TC  43    EC B+        2.55000E+02 4.25 M     02-11-2005       SEEIEND 
 


   ***************************************************** 
   *                 Radiation Summary                 * 
   ***************************************************** 
 
  Energy released by
    Gamma-ray                       (MeV) =   2.77897E+00
    X-ray                           (MeV) =   3.44986E-03
    Free-bound X-ray                (MeV) =   2.03513E-05
    Annihilation photon             (MeV) =   9.72964E-01
    Beta+ particle                  (MeV) =   1.76150E+00
    Neutrino                        (MeV) =   2.30117E+00
    Beta- particle                  (MeV) =   0.00000E+00
    Neutrino-                       (MeV) =   0.00000E+00
    Internal conv. electron         (MeV) =   3.52724E-02
    Auger and CK electron           (MeV) =   1.67812E-03
    Alpha particle                  (MeV) =   0.00000E+00
    Recoil nucleus                  (MeV) =   0.00000E+00
  E-total (except unplaced radiat.) (MeV) =   7.85503E+00
  E-unplaced radiation              (MeV) =   7.24079E-02
  Q-value from ENSDF data           (MeV) =   7.87000E+00
  Ratio of E-total/Q-value          ( % ) =   9.98098E+01
  Ratio of E-unplaced radi./Q-value ( % ) =   9.20049E-01

 
  Total yield of
    Gamma-ray                             =   3.80260E+00
    X-ray                                 =   2.04851E-01
    Free-bound X-ray                      =   2.97183E+00
    Annihilation photon                   =   1.90404E+00
    Beta+ particle                        =   9.52020E-01
    Beta- particle                        =   0.00000E+00
    Internal conv. electron               =   2.49971E-01
    Auger and CK electron                 =   2.67393E+00
    Alpha particle                        =   0.00000E+00
  Yield of unplaced radiation             =   2.64000E-02


