%%%% 209 TL  81    B-           1.29660E+02 2.161 M    02-11-2005       BALASTAR
1 209   TL  81 2.161 M         B-         
1INTENSITY AND ENERGY BALANCE DATA

              209-THALLIUM-81
+                                    HALFLIFE = 2.161 MINUTES 
+                                                                  02-11-2005


    LEVEL       INTENSITY   INTENSITY
    ENERGY      ENTERING    LEAVING     PERCENT
    (MEV)       LEVEL       LEVEL       ERROR

   0.0000E+00  1.0010E+02
   1.5671E+00  1.0033E+02  1.0010E+02  2.3834E-01                      
   2.0322E+00  1.0938E+02  1.0033E+02  8.6250E+00                      
   2.1494E+00  9.9912E+01  1.0928E+02  8.9549E+00                      
   3.0696E+00  6.1018E-01  6.2479E-01  2.3650E+00                      
   3.3886E+00  4.6014E-01  4.5747E-01  5.8206E-01                      


 INTENSITY TO GROUND AND ISOMERIC STATE(S) OF DAUGHTER(S)=  1.001E+02
 TOTAL INTENSITY FROM PARENT=  1.000E+02
 PERCENT ERROR =  9.554E-02                      


 TOTAL INTENSITY FROM PARENT =  1.000E+02
 VALUE IS WITHIN   0.00E+00% OF 100                      


 TOTAL ENERGY AVAILABLE =  3.976E+00 MEV
 TOTAL ENERGY CONTENT OF ALL RADIATIONS =  3.990E+00 MEV
 PERCENT ERROR =  3.546E-01                      
%%%% 209 TL  81    B-           1.29660E+02 2.161 M    02-11-2005       BALAEND 
%%%% 209 TL  81    B-           1.29660E+02 2.161 M    02-11-2005       INPUSTAR
1                                      **INPUT DATA**
              209-THALLIUM-81
+                                    HALFLIFE = 2.161 MINUTES 
+                                                                  02-11-2005

            MODE OF DECAY: BETA MINUS
 
                                MEAN
                                NUMBER/    TRANSITION
                TYPE OF    ID   TRANSFOR-  ENERGY
              TRANSITION   NO.  MATION     (MEV)       OTHER NUCLEAR PARAMETERS

               BETA MINUS   1   4.60E-03   5.874E-01*  ALLOWED                                  
+                                                              ASSUMED                          
               BETA MINUS   2   6.10E-03   9.064E-01*  FIRST FORBIDDEN                          
               BETA MINUS   3   9.88E-01   1.827E+00*  FIRST FORBIDDEN                          
               BETA MINUS   4   1.00E-03   1.944E+00*  ALLOWED                                  
           I.C.E. + GAMMA   1   1.09E+00   1.172E-01   E1 MULTIPOLE                             
+                                                                    AK= 0.236                  
                                                       AL1=0.0267    AL2=0.00987                
                                                       AL3=0.00953   AM= 0.0109                 
                                                       AN+=0.00340                              
           I.C.E. + GAMMA   2   1.00E+00   4.651E-01   E2 MULTIPOLE                             
+                                                                    AK= 0.0244                 
                                                       AL1=0.00359   AL2=0.00339                
                                                       AL3=0.00131   AM= 0.00208                
           I.C.E. + GAMMA   3   6.25E-03   9.201E-01   M1 MULTIPOLE                             
+                                                                    AK= 0.0193                 
                                                       AL1=0.00293                              
           I.C.E. + GAMMA   4   4.57E-03   1.239E+00   E2 MULTIPOLE ASSUMED                     
                                                       AK= 0.00362                              
           I.C.E. + GAMMA   5   1.00E+00   1.567E+00   E2 MULTIPOLE                             
+                                                                    AK= 0.00237                
 
           * ENDPOINT ENERGY (MEV)
           - - - - - - - - - -
           Reference: Evaluated Nuclear Structure Data File (ENSDF)
                DATE DATA WERE ENTERED INTO ENSDF: Nov-1991
%%%% 209 TL  81    B-           1.29660E+02 2.161 M    02-11-2005       INPUEND 
%%%% 209 TL  81    B-           1.29660E+02 2.161 M    02-11-2005       OUTPSTAR
1                                      **OUTPUT DATA**
              209-THALLIUM-81
+                                    HALFLIFE = 2.161 MINUTES 
+                                                                  02-11-2005

            MODE OF DECAY: BETA MINUS
 
                                              MEAN
                                              NUMBER/                  MEV/
                                         ID   TRANSFOR-   ENERGY       TRANSFOR-
                  TYPE OF RADIATION      NO.  MATION      (MEV)        MATION

           BETA MINUS                     1   4.60E-03    1.779E-01*   8.19E-04
           BETA MINUS                     2   6.10E-03    2.929E-01*   1.79E-03
           BETA MINUS                     3   9.88E-01    6.598E-01*   6.52E-01
           BETA MINUS                     4   1.00E-03    7.087E-01*   7.09E-04
           GAMMA-RAY                      1   8.43E-01    1.172E-01    9.88E-02
           K CONV. ELECTRON, GAMMA-RAY    1   1.99E-01    2.892E-02    5.75E-03
           L1 CONV. ELECTRON, GAMMA-RAY   1   2.25E-02    1.014E-01    2.28E-03
           L2 CONV. ELECTRON, GAMMA-RAY   1   8.32E-03    1.020E-01    8.48E-04
           L3 CONV. ELECTRON, GAMMA-RAY   1   8.03E-03    1.042E-01    8.37E-04
           M CONV. ELECTRON, GAMMA-RAY    1   9.21E-03    1.142E-01*   1.05E-03
           GAMMA-RAY                      2   9.69E-01    4.651E-01    4.51E-01
           K CONV. ELECTRON, GAMMA-RAY    2   2.37E-02    3.768E-01    8.91E-03
           L1 CONV. ELECTRON, GAMMA-RAY   2   3.48E-03    4.493E-01    1.56E-03
           L2 CONV. ELECTRON, GAMMA-RAY   2   3.29E-03    4.499E-01    1.48E-03
           M CONV. ELECTRON, GAMMA-RAY    2   2.01E-03    4.621E-01*   9.31E-04
           GAMMA-RAY                      3   6.10E-03    9.201E-01    5.62E-03
           GAMMA-RAY                      4   4.55E-03    1.239E+00    5.64E-03
           GAMMA-RAY                      5   9.98E-01    1.567E+00    1.56E+00
           K CONV. ELECTRON, GAMMA-RAY    5   2.36E-03    1.479E+00    3.49E-03
           K -L2 X-RAY                        6.35E-02    7.304E-02    4.64E-03
           K -L3 X-RAY                        1.07E-01    7.525E-02    8.02E-03
           AUGER LMM                          9.52E-02    8.047E-03*   7.66E-04
 
           ALL LISTED X-RAYS, GAMMA-RAYS AND ANNIHILATION RADIATION    2.14E+00
           ALL NEGLECTED X-RAYS, GAMMA-RAYS AND ANNIH. RADIATION**     5.13E-03
           ALL LISTED BETAS, INTERNAL CONVERSION AND AUGER ELECTRONS   6.83E-01
           ALL NEGLECTED BETAS, INT. CONVERSION AND AUGER ELECTRONS**  4.24E-03
           ALL LISTED RADIATIONS                                       2.82E+00
           ALL NEGLECTED RADIATIONS**                                  9.36E-03
 
           *  AVERAGE ENERGY (MEV)
           ** EACH NEGLECTED TRANSITION CONTRIBUTES LESS THAN  0.100%
              TO THE TOTAL MEV/TRANSFORMATION FOR THIS CATEGORY.
           TOTAL FEEDING OF GROUND STATE LEVEL IN 209-LEAD
             DAUGHTER IS 1.0000E+00 PER TRANSFORMATION OF 209-THALLIUM.
             DECAY OF THIS 3.253 HOURS HALFLIFE LEVEL WILL CONTRIBUTE TO DOSE.
           - - - - - - - - - -
           INPUT DATA SOURCE: EVALUATED NUCLEAR STRUCTURE DATA FILE (ENSDF)
             DATE INPUT DATA WERE ENTERED INTO ENSDF: Nov-1991
%%%% 209 TL  81    B-           1.29660E+02 2.161 M    02-11-2005       OUTPEND 
%%%% 209 TL  81    B-           1.29660E+02 2.161 M    02-11-2005       BETASTAR
1
              209-THALLIUM-81
+                                    HALFLIFE = 2.161 MINUTES 
+                                                                  02-11-2005

            BETA SPECTRUM DATA FOR ALL DECAY BRANCHES

                      BETAS PER                BETAS PER                BETAS PER
            ENERGY    MEV            ENERGY    MEV            ENERGY    MEV
            (MEV)     PER DECAY      (MEV)     PER DECAY      (MEV)     PER DECAY

            0.00000   6.097E-01      0.00280   6.111E-01      0.08500   6.867E-01
            0.00010   6.097E-01      0.00300   6.112E-01      0.09000   6.912E-01
            0.00011   6.097E-01      0.00320   6.113E-01      0.10000   7.002E-01
            0.00012   6.097E-01      0.00360   6.115E-01      0.11000   7.090E-01
            0.00013   6.098E-01      0.00400   6.117E-01      0.12000   7.176E-01
            0.00014   6.098E-01      0.00450   6.119E-01      0.13000   7.260E-01
            0.00015   6.098E-01      0.00500   6.122E-01      0.14000   7.341E-01
            0.00016   6.098E-01      0.00550   6.124E-01      0.15000   7.421E-01
            0.00018   6.098E-01      0.00600   6.127E-01      0.16000   7.498E-01
            0.00020   6.098E-01      0.00650   6.129E-01      0.18000   7.647E-01
            0.00022   6.098E-01      0.00700   6.132E-01      0.20000   7.786E-01
            0.00024   6.098E-01      0.00750   6.134E-01      0.22000   7.917E-01
            0.00026   6.098E-01      0.00800   6.137E-01      0.24000   8.038E-01
            0.00028   6.098E-01      0.00850   6.139E-01      0.26000   8.151E-01
            0.00030   6.098E-01      0.00900   6.142E-01      0.28000   8.254E-01
            0.00032   6.098E-01      0.01000   6.146E-01      0.30000   8.347E-01
            0.00036   6.099E-01      0.01100   6.151E-01      0.32000   8.432E-01
            0.00040   6.099E-01      0.01200   6.156E-01      0.36000   8.572E-01
            0.00045   6.099E-01      0.01300   6.161E-01      0.40000   8.675E-01
            0.00050   6.099E-01      0.01400   6.166E-01      0.45000   8.751E-01
            0.00055   6.100E-01      0.01500   6.170E-01      0.50000   8.771E-01
            0.00060   6.100E-01      0.01600   6.175E-01      0.55000   8.738E-01
            0.00065   6.100E-01      0.01800   6.202E-01      0.60000   8.653E-01
            0.00070   6.100E-01      0.02000   6.223E-01      0.65000   8.516E-01
            0.00075   6.101E-01      0.02200   6.244E-01      0.70000   8.326E-01
            0.00080   6.101E-01      0.02400   6.265E-01      0.75000   8.088E-01
            0.00085   6.101E-01      0.02600   6.286E-01      0.80000   7.804E-01
            0.00090   6.101E-01      0.02800   6.307E-01      0.85000   7.479E-01
            0.00100   6.102E-01      0.03000   6.328E-01      0.90000   7.116E-01
            0.00110   6.102E-01      0.03200   6.349E-01      1.00000   6.293E-01
            0.00120   6.103E-01      0.03600   6.390E-01      1.10000   5.365E-01
            0.00130   6.103E-01      0.04000   6.431E-01      1.20000   4.375E-01
            0.00140   6.104E-01      0.04500   6.482E-01      1.30000   3.370E-01
            0.00150   6.104E-01      0.05000   6.532E-01      1.40000   2.400E-01
            0.00160   6.105E-01      0.05500   6.581E-01      1.50000   1.520E-01
            0.00180   6.106E-01      0.06000   6.630E-01      1.60000   7.874E-02
            0.00200   6.107E-01      0.06500   6.678E-01      1.80000   1.267E-03
            0.00220   6.108E-01      0.07000   6.726E-01      1.94378   0.000E+00
            0.00240   6.109E-01      0.07500   6.774E-01
            0.00260   6.110E-01      0.08000   6.820E-01

            AVERAGE BETA ENERGY =   6.554E-01

            TOTAL BETAS PER DECAY FOR ALL BRANCHES =   1.000E+00
%%%% 209 TL  81    B-           1.29660E+02 2.161 M    02-11-2005       BETAEND 
%%%% 209 TL  81    B-           1.29660E+02 2.161 M    02-11-2005       SEEISTAR
209.  THALLIUM     81.  2.161E+00 MINUTES  123 B-                   209.TL 81.   0
 5 1  4.60138E-01  1.77893E-01  5.87410E-01  0.00000E+00            209.TL 81.   1   1
 5 2  6.10183E-01  2.92924E-01  9.06440E-01  0.00000E+00            209.TL 81.   2   2
 5 3  9.88297E+01  6.59806E-01  1.82657E+00  0.00000E+00            209.TL 81.   3   3
 5 4  1.00030E-01  7.08715E-01  1.94378E+00  0.00000E+00            209.TL 81.   4   4
 1 1  8.43030E+01  1.17211E-01  1.17211E-01  0.00000E+00            209.TL 81.   5   1
 6 1  1.98808E+01  2.89210E-02  2.89210E-02  1.00000E+00            209.TL 81.   6   1
 6 5  2.25250E+00  1.01364E-01  1.01364E-01  1.00000E+00            209.TL 81.   7   5
 6 6  8.32040E-01  1.01960E-01  1.01960E-01  1.00000E+00            209.TL 81.   8   6
 6 7  8.03159E-01  1.04171E-01  1.04171E-01  1.00000E+00            209.TL 81.   9   7
 6 3  9.20544E-01  1.14156E-01  1.14156E-01  1.00000E+00            209.TL 81.  10   3
 6 4  2.86271E-01  1.17211E-01  1.17211E-01  1.00000E+00            209.TL 81.  11   4
 1 2  9.69000E+01  4.65130E-01  4.65130E-01  0.00000E+00            209.TL 81.  12   2
 6 1  2.36538E+00  3.76840E-01  3.76840E-01  2.00000E+00            209.TL 81.  13   1
 6 5  3.48275E-01  4.49283E-01  4.49283E-01  2.00000E+00            209.TL 81.  14   5
 6 6  3.28608E-01  4.49879E-01  4.49879E-01  2.00000E+00            209.TL 81.  15   6
 6 7  1.27355E-01  4.52090E-01  4.52090E-01  2.00000E+00            209.TL 81.  16   7
 6 3  2.01412E-01  4.62075E-01  4.62075E-01  2.00000E+00            209.TL 81.  17   3
 6 4  6.34520E-02  4.65130E-01  4.65130E-01  2.00000E+00            209.TL 81.  18   4
 1 3  6.10470E-01  9.20130E-01  9.20130E-01  0.00000E+00            209.TL 81.  19   3
 6 1  1.17765E-02  8.31840E-01  8.31840E-01  3.00000E+00            209.TL 81.  20   1
 6 5  1.78992E-03  9.04283E-01  9.04283E-01  3.00000E+00            209.TL 81.  21   5
 6 6  1.39713E-04  9.04879E-01  9.04879E-01  3.00000E+00            209.TL 81.  22   6
 6 7  1.13034E-05  9.07090E-01  9.07090E-01  3.00000E+00            209.TL 81.  23   7
 6 3  4.53315E-04  9.17075E-01  9.17075E-01  3.00000E+00            209.TL 81.  24   3
 6 4  1.45936E-04  9.20130E-01  9.20130E-01  3.00000E+00            209.TL 81.  25   4
 1 4  4.55430E-01  1.23916E+00  1.23916E+00  0.00000E+00            209.TL 81.  26   4
 6 1  1.64838E-03  1.15087E+00  1.15087E+00  4.00000E+00            209.TL 81.  27   1
 6 5  2.37223E-04  1.22331E+00  1.22331E+00  4.00000E+00            209.TL 81.  28   5
 6 6  4.70519E-05  1.22391E+00  1.22391E+00  4.00000E+00            209.TL 81.  29   6
 6 7  1.23226E-05  1.22612E+00  1.22612E+00  4.00000E+00            209.TL 81.  30   7
 6 3  7.01270E-05  1.23611E+00  1.23611E+00  4.00000E+00            209.TL 81.  31   3
 6 4  2.24504E-05  1.23916E+00  1.23916E+00  4.00000E+00            209.TL 81.  32   4
 1 5  9.98070E+01  1.56709E+00  1.56709E+00  0.00000E+00            209.TL 81.  33   5
 6 1  2.36124E-01  1.47880E+00  1.47880E+00  5.00000E+00            209.TL 81.  34   1
 6 5  3.39641E-02  1.55124E+00  1.55124E+00  5.00000E+00            209.TL 81.  35   5
 6 6  4.91793E-03  1.55184E+00  1.55184E+00  5.00000E+00            209.TL 81.  36   6
 6 7  1.24093E-03  1.55405E+00  1.55405E+00  5.00000E+00            209.TL 81.  37   7
 6 3  9.40494E-03  1.56404E+00  1.56404E+00  5.00000E+00            209.TL 81.  38   3
 6 4  2.97900E-03  1.56709E+00  1.56709E+00  5.00000E+00            209.TL 81.  39   4
 2 1  6.34737E+00  7.30390E-02  7.30390E-02  0.00000E+00            209.TL 81.  40   1
 2 2  1.06604E+01  7.52501E-02  7.52501E-02  0.00000E+00            209.TL 81.  41   2
 2 3  1.18752E+00  8.47407E-02  8.47407E-02  0.00000E+00            209.TL 81.  42   3
 2 4  2.30019E+00  8.52354E-02  8.52354E-02  0.00000E+00            209.TL 81.  43   4
 2 5  3.23711E-02  8.56955E-02  8.56955E-02  0.00000E+00            209.TL 81.  44   5
 2 6  3.91783E-02  8.58009E-02  8.58009E-02  0.00000E+00            209.TL 81.  45   6
 2 7  2.83196E-01  8.75343E-02  8.75343E-02  0.00000E+00            209.TL 81.  46   7
 2 8  5.56497E-01  8.76558E-02  8.76558E-02  0.00000E+00            209.TL 81.  47   8
 2 9  8.60591E-03  8.78547E-02  8.78547E-02  0.00000E+00            209.TL 81.  48   9
 210  1.03997E-02  8.78775E-02  8.78775E-02  0.00000E+00            209.TL 81.  49  10
 211  6.58492E-02  8.81791E-02  8.81791E-02  0.00000E+00            209.TL 81.  50  11
 212  1.27586E-01  8.82024E-02  8.82024E-02  0.00000E+00            209.TL 81.  51  12
 213  1.11497E-03  8.82612E-02  8.82612E-02  0.00000E+00            209.TL 81.  52  13
 214  1.30283E-03  8.82640E-02  8.82640E-02  0.00000E+00            209.TL 81.  53  14
 215  1.47900E-03  8.82829E-02  8.82829E-02  0.00000E+00            209.TL 81.  54  15
 216  2.26824E-03  8.82846E-02  8.82846E-02  0.00000E+00            209.TL 81.  55  16
 221  3.73380E-05  5.96000E-04  5.96000E-04  0.00000E+00            209.TL 81.  56  21
 222  9.56575E-03  2.80700E-03  2.80700E-03  0.00000E+00            209.TL 81.  57  22
 223  1.05100E-01  1.22977E-02  1.22977E-02  0.00000E+00            209.TL 81.  58  23
 224  1.14771E-01  1.27924E-02  1.27924E-02  0.00000E+00            209.TL 81.  59  24
 225  3.79446E-03  1.32523E-02  1.32523E-02  0.00000E+00            209.TL 81.  60  25
 226  5.67820E-03  1.33580E-02  1.33580E-02  0.00000E+00            209.TL 81.  61  26
 227  2.70476E-02  1.50910E-02  1.50910E-02  0.00000E+00            209.TL 81.  62  27
 228  3.21991E-02  1.52127E-02  1.52127E-02  0.00000E+00            209.TL 81.  63  28
 229  5.83065E-04  1.54118E-02  1.54118E-02  0.00000E+00            209.TL 81.  64  29
 230  9.22559E-04  1.54345E-02  1.54345E-02  0.00000E+00            209.TL 81.  65  30
 231  5.29834E-03  1.57361E-02  1.57361E-02  0.00000E+00            209.TL 81.  66  31
 232  6.19685E-03  1.57594E-02  1.57594E-02  0.00000E+00            209.TL 81.  67  32
 233  6.80031E-05  1.58182E-02  1.58182E-02  0.00000E+00            209.TL 81.  68  33
 234  1.06240E-04  1.58210E-02  1.58210E-02  0.00000E+00            209.TL 81.  69  34
 235  1.43534E-04  1.58400E-02  1.58400E-02  0.00000E+00            209.TL 81.  70  35
 236  1.35279E-04  1.58417E-02  1.58417E-02  0.00000E+00            209.TL 81.  71  36
 241  8.69683E-05  2.21100E-03  2.21100E-03  0.00000E+00            209.TL 81.  72  41
 242  7.00019E-02  1.14267E-02  1.14267E-02  0.00000E+00            209.TL 81.  73  42
 243  2.87253E-03  1.21964E-02  1.21964E-02  0.00000E+00            209.TL 81.  74  43
 244  2.57285E+00  1.26563E-02  1.26563E-02  0.00000E+00            209.TL 81.  75  44
 245  1.80700E-02  1.43743E-02  1.43743E-02  0.00000E+00            209.TL 81.  76  45
 246  7.97589E-04  1.46167E-02  1.46167E-02  0.00000E+00            209.TL 81.  77  46
 247  5.25379E-01  1.48158E-02  1.48158E-02  0.00000E+00            209.TL 81.  78  47
 248  2.21505E-03  1.50980E-02  1.50980E-02  0.00000E+00            209.TL 81.  79  48
 249  3.85438E-03  1.50981E-02  1.50981E-02  0.00000E+00            209.TL 81.  80  49
 250  1.60741E-04  1.51634E-02  1.51634E-02  0.00000E+00            209.TL 81.  81  50
 251  6.50172E-02  1.52222E-02  1.52222E-02  0.00000E+00            209.TL 81.  82  51
 253  5.00203E-04  1.52359E-02  1.52359E-02  0.00000E+00            209.TL 81.  83  53
 254  3.34305E-06  1.52457E-02  1.52457E-02  0.00000E+00            209.TL 81.  84  54
 261  2.42326E-01  9.21569E-03  9.21569E-03  0.00000E+00            209.TL 81.  85  61
 262  2.54594E-03  9.49070E-03  9.49070E-03  0.00000E+00            209.TL 81.  86  62
 263  2.30150E-03  9.98539E-03  9.98539E-03  0.00000E+00            209.TL 81.  87  63
 264  4.23907E-01  1.04453E-02  1.04453E-02  0.00000E+00            209.TL 81.  88  64
 265  3.73173E+00  1.05510E-02  1.05510E-02  0.00000E+00            209.TL 81.  89  65
 266  5.41313E-02  1.21633E-02  1.21633E-02  0.00000E+00            209.TL 81.  90  66
 267  5.75679E-04  1.22840E-02  1.22840E-02  0.00000E+00            209.TL 81.  91  67
 268  5.89990E-04  1.24057E-02  1.24057E-02  0.00000E+00            209.TL 81.  92  68
 269  7.94018E-02  1.26048E-02  1.26048E-02  0.00000E+00            209.TL 81.  93  69
 270  7.18169E-01  1.26275E-02  1.26275E-02  0.00000E+00            209.TL 81.  94  70
 271  6.28958E-04  1.28869E-02  1.28869E-02  0.00000E+00            209.TL 81.  95  71
 272  3.51124E-03  1.28921E-02  1.28921E-02  0.00000E+00            209.TL 81.  96  72
 273  1.17567E-02  1.28872E-02  1.28872E-02  0.00000E+00            209.TL 81.  97  73
 274  1.20474E-04  1.29291E-02  1.29291E-02  0.00000E+00            209.TL 81.  98  74
 275  1.24714E-04  1.29524E-02  1.29524E-02  0.00000E+00            209.TL 81.  99  75
 276  9.68482E-03  1.30112E-02  1.30112E-02  0.00000E+00            209.TL 81. 100  76
 277  8.58100E-02  1.30140E-02  1.30140E-02  0.00000E+00            209.TL 81. 101  77
 280  1.48483E-03  1.30249E-02  1.30249E-02  0.00000E+00            209.TL 81. 102  80
 281  2.96106E-06  1.30330E-02  1.30330E-02  0.00000E+00            209.TL 81. 103  81
 282  2.42966E-06  1.30347E-02  1.30347E-02  0.00000E+00            209.TL 81. 104  82
 291  1.31324E+00  2.37981E-03  2.37981E-03  0.00000E+00            209.TL 81. 105  91
 292  2.79237E-02  3.40536E-04  3.40536E-04  0.00000E+00            209.TL 81. 106  92
 293  2.68579E-04  7.36269E-05  7.36269E-05  0.00000E+00            209.TL 81. 107  93
 294  3.47825E+02  2.66218E-05  2.66218E-05  0.00000E+00            209.TL 81. 108  94
 7 1  5.37584E-01  5.87487E-02  5.87487E-02  0.00000E+00            209.TL 81. 109   1
 7 2  2.93999E-01  7.07077E-02  7.07077E-02  0.00000E+00            209.TL 81. 110   2
 7 3  3.87660E-02  8.26805E-02  8.26805E-02  0.00000E+00            209.TL 81. 111   3
 7 4  3.37507E+00  1.03152E-03  1.03152E-03  0.00000E+00            209.TL 81. 112   4
 7 5  9.52124E+00  8.04677E-03  8.04677E-03  0.00000E+00            209.TL 81. 113   5
 7 6  4.21132E+00  1.04212E-02  1.04212E-02  0.00000E+00            209.TL 81. 114   6
 7 7  4.46126E-01  1.28219E-02  1.28219E-02  0.00000E+00            209.TL 81. 115   7
 7 8  1.30605E+01  4.20901E-04  4.20901E-04  0.00000E+00            209.TL 81. 116   8
 7 9  3.17331E+01  1.91093E-03  1.91093E-03  0.00000E+00            209.TL 81. 117   9
 710  3.95657E+00  2.17132E-03  2.17132E-03  0.00000E+00            209.TL 81. 118  10
 711  2.00502E-01  2.56112E-03  2.56112E-03  0.00000E+00            209.TL 81. 119  11
 712  5.94334E+01  1.73791E-04  1.73791E-04  0.00000E+00            209.TL 81. 120  12
 713  1.12648E+02  8.21772E-05  8.21772E-05  0.00000E+00            209.TL 81. 121  13
 714  7.80763E+01  4.21815E-05  4.21815E-05  0.00000E+00            209.TL 81. 122  14
 715  1.10146E-01  1.08815E-04  1.08815E-04  0.00000E+00            209.TL 81. 123  15
%%%% 209 TL  81    B-           1.29660E+02 2.161 M    02-11-2005       SEEIEND 
 


   ***************************************************** 
   *                 Radiation Summary                 * 
   ***************************************************** 
 
  Energy released by
    Gamma-ray                       (MeV) =   2.12485E+00
    X-ray                           (MeV) =   1.76947E-02
    Free-bound X-ray                (MeV) =   9.25972E-05
    Annihilation photon             (MeV) =   0.00000E+00
    Beta+ particle                  (MeV) =   0.00000E+00
    Neutrino                        (MeV) =   0.00000E+00
    Beta- particle                  (MeV) =   6.55399E-01
    Neutrino-                       (MeV) =   1.15997E+00
    Internal conv. electron         (MeV) =   2.93155E-02
    Auger and CK electron           (MeV) =   2.83412E-03
    Alpha particle                  (MeV) =   0.00000E+00
    Recoil nucleus                  (MeV) =   0.00000E+00
  E-total (except unplaced radiat.) (MeV) =   3.99016E+00
  E-unplaced radiation              (MeV) =   0.00000E+00
  Q-value from ENSDF data           (MeV) =   3.97600E+00
  Ratio of E-total/Q-value          ( % ) =   1.00356E+02
  Ratio of E-unplaced radi./Q-value ( % ) =   0.00000E+00

 
  Total yield of
    Gamma-ray                             =   2.82076E+00
    X-ray                                 =   3.19091E-01
    Free-bound X-ray                      =   3.47825E+00
    Annihilation photon                   =   0.00000E+00
    Beta+ particle                        =   0.00000E+00
    Beta- particle                        =   1.00000E+00
    Internal conv. electron               =   2.87148E-01
    Auger and CK electron                 =   3.17642E+00
    Alpha particle                        =   0.00000E+00
  Yield of unplaced radiation             =   0.00000E+00


