%%%% 208 TL  81    B-           1.83180E+02 3.053 M    02-11-2005       BALASTAR
1 208   TL  81 3.053 M         B-         
           WARNING:                                                                             
 208 PB 82  GAMMA-RAY ENERGY =   0.27772 MEV                                                    
           HALF-LIFE OF INITIAL LEVEL ASSOCIATED WITH GAMMA-RAY TOO SHORT TO BE                 
           CONSIDERED ISOMERIC, AND INTENSITY = 0.0                                             
           TRANSITION IGNORED                                                                   
1INTENSITY AND ENERGY BALANCE DATA

              208-THALLIUM-81
+                                    HALFLIFE = 3.053 MINUTES 
+                                                                  02-11-2005


    LEVEL       INTENSITY   INTENSITY
    ENERGY      ENTERING    LEAVING     PERCENT
    (MEV)       LEVEL       LEVEL       ERROR

   0.0000E+00  1.0000E+02
   2.6146E+00  9.9417E+01  1.0000E+02  5.8720E-01                      
   3.1977E+00  8.6456E+01  8.6239E+01  2.5121E-01                      
   3.4751E+00  2.2714E+01  2.2604E+01  4.8581E-01                      
   3.7084E+00  2.6287E+01  2.6032E+01  9.7306E-01                      
   3.9198E+00  6.3407E-01  5.9953E-01  5.5998E+00                      
   3.9464E+00  4.3278E-02  4.4338E-02  2.4195E+00                      
   3.9610E+00  3.1100E+00  3.1352E+00  8.0725E-01                      
   3.9957E+00  7.0452E-03  6.9666E-03  1.1230E+00                      
   4.1253E+00  1.6909E-01  1.7165E-01  1.5035E+00                      
   4.1804E+00  2.2847E-01  2.3014E-01  7.2851E-01                      
   4.2963E+00  8.0517E-02  8.3540E-02  3.6858E+00                      
   4.3585E+00  4.4284E-02  4.4581E-02  6.6881E-01                      
   4.3829E+00  1.7110E-02  1.7065E-02  2.6488E-01                      
   4.4805E+00  5.2336E-02  5.2082E-02  4.8614E-01                      


 INTENSITY TO GROUND AND ISOMERIC STATE(S) OF DAUGHTER(S)=  1.000E+02
 TOTAL INTENSITY FROM PARENT=  1.000E+02
 PERCENT ERROR =  2.846E-03                      


 TOTAL INTENSITY FROM PARENT =  1.000E+02
 VALUE IS WITHIN   7.63E-06% OF 100                      


 TOTAL ENERGY AVAILABLE =  4.994E+00 MEV
 TOTAL ENERGY CONTENT OF ALL RADIATIONS =  4.989E+00 MEV
 PERCENT ERROR =  9.836E-02                      
%%%% 208 TL  81    B-           1.83180E+02 3.053 M    02-11-2005       BALAEND 
%%%% 208 TL  81    B-           1.83180E+02 3.053 M    02-11-2005       INPUSTAR
1                                      **INPUT DATA**
              208-THALLIUM-81
+                                    HALFLIFE = 3.053 MINUTES 
+                                                                  02-11-2005

            MODE OF DECAY: BETA MINUS
 
                                MEAN
                                NUMBER/    TRANSITION
                TYPE OF    ID   TRANSFOR-  ENERGY
              TRANSITION   NO.  MATION     (MEV)       OTHER NUCLEAR PARAMETERS

               BETA MINUS   1   5.23E-04   5.135E-01*  FIRST FORBIDDEN                          
               BETA MINUS   2   1.71E-04   6.111E-01*  FIRST FORBIDDEN                          
               BETA MINUS   3   4.43E-04   6.355E-01*  FIRST FORBIDDEN                          
               BETA MINUS   4   8.05E-04   6.977E-01*  FIRST FORBIDDEN                          
               BETA MINUS   5   2.28E-03   8.136E-01*  FIRST FORBIDDEN                          
               BETA MINUS   6   1.69E-03   8.687E-01*  FIRST FORBIDDEN                          
               BETA MINUS   7   7.05E-05   9.983E-01*  FIRST FORBIDDEN                          
               BETA MINUS   8   3.11E-02   1.033E+00*  FIRST FORBIDDEN                          
               BETA MINUS   9   4.33E-04   1.048E+00*  FIRST FORBIDDEN                          
               BETA MINUS  10   6.34E-03   1.074E+00*  FIRST FORBIDDEN                          
               BETA MINUS  11   2.47E-01   1.286E+00*  FIRST FORBIDDEN                          
               BETA MINUS  12   2.19E-01   1.519E+00*  FIRST FORBIDDEN                          
               BETA MINUS  13   4.90E-01   1.796E+00*  FIRST FORBIDDEN                          
           I.C.E. + GAMMA   1   3.90E-03   2.114E-01   M1 MULTIPOLE                             
+                                                                    AK= 0.968                  
                                                       AL1=0.150     AL2=0.0145                 
                                                       AL3=0.00114   AM= 0.0389                 
                                                       AN+=0.0126                               
           I.C.E. + GAMMA   2   5.84E-03   2.334E-01   M1 MULTIPOLE                             
+                                                                    AK= 0.735                  
                                                       AL1=0.114     AL2=0.0109                 
                                                       AM= 0.0295    AN+=0.00953                
           I.C.E. + GAMMA   3   1.20E-02   2.526E-01   M1 MULTIPOLE                             
+                                                                    AK= 0.591                  
                                                       AL1=0.0913    AL2=0.00872                
                                                       AM= 0.0237    AN+=0.00764                
           I.C.E. + GAMMA   4   9.83E-02   2.774E-01   M1+E2 MULTIPOLE                          
                                                       MRS=6.40E-05  AK= 0.457                  
                                                       AL1=0.0705    AL2=0.00669                
                                                       AM= 0.0183    AN+=0.00589                
           I.C.E. + GAMMA   6   5.57E-04   4.860E-01   M1 MULTIPOLE                             
+                                                                    AK= 0.101                  
                                                       AL1=0.0155    AL2=0.00138                
                                                       AM= 0.00398   AN+=0.00128                
           I.C.E. + GAMMA   7   2.50E-01   5.108E-01   M1+E2 MULTIPOLE                          
                                                       MRS=0.00260   AK= 0.0886                 
                                                       AL1=0.0135    AL2=0.00120                
                                                       AM= 0.00348   AN+=0.00112                
           I.C.E. + GAMMA   8   8.62E-01   5.832E-01   E2 MULTIPOLE                             
+                                                                    AK= 0.0152                 
                                                       AL1=0.00225   AL2=0.00143                
                                                       AM= 0.00103                              
           I.C.E. + GAMMA   9   4.26E-04   5.877E-01   M1 MULTIPOLE                             
+                                                                    AK= 0.0614                 
                                                       AL1=0.00936   AM= 0.00240                
           I.C.E. + GAMMA  10   3.77E-04   6.501E-01   M1 MULTIPOLE                             
+                                                                    AK= 0.0472                 
                                                       AL1=0.00718   AM= 0.00183                
           I.C.E. + GAMMA  11   2.28E-04   7.052E-01   M1 MULTIPOLE                             
+                                                                    AK= 0.0382                 
                                                       AL1=0.00581   AM= 0.00148                
           I.C.E. + GAMMA  12   2.10E-03   7.220E-01   M1+E2 MULTIPOLE                          
                                                       MRS=0.0961    AK= 0.0337                 
                                                       AL1=0.00512   AM= 0.00132                
           I.C.E. + GAMMA  13   4.43E-04   7.487E-01   M1 MULTIPOLE                             
+                                                                    AK= 0.0327                 
                                                       AL1=0.00498   AM= 0.00127                
           I.C.E. + GAMMA  14   1.88E-02   7.631E-01   M1+E2 MULTIPOLE                          
                                                       MRS=0.000100  AK= 0.0312                 
                                                       AL1=0.00474   AM= 0.00121                
           I.C.E. + GAMMA  15   4.09E-04   8.212E-01   M1 MULTIPOLE                             
+                                                                    AK= 0.0258                 
                                                       AL1=0.00393                              
           I.C.E. + GAMMA  16   1.28E-01   8.606E-01   M1+E2 MULTIPOLE                          
                                                       MRS=0.000196  AK= 0.0229                 
                                                       AL1=0.00348                              
           I.C.E. + GAMMA  17   3.15E-04   8.833E-01   M1 MULTIPOLE                             
+                                                                    AK= 0.0214                 
                                                       AL1=0.00326                              
           I.C.E. + GAMMA  18   1.34E-03   9.276E-01   M1 MULTIPOLE                             
+                                                                    AK= 0.0189                 
                                                       AL1=0.00287                              
           I.C.E. + GAMMA  19   2.07E-03   9.827E-01   M1 MULTIPOLE                             
+                                                                    AK= 0.0163                 
                                                       AL1=0.00248                              
           I.C.E. + GAMMA  20   4.96E-05   1.004E+00   UNPLACED GAMMA                           
           I.C.E. + GAMMA  21   3.99E-03   1.094E+00   E2 MULTIPOLE                             
+                                                                    AK= 0.00455                
           I.C.E. + GAMMA  22   4.96E-05   1.126E+00   UNPLACED GAMMA                           
           I.C.E. + GAMMA  23   1.10E-04   1.161E+00   M1 MULTIPOLE                             
+                                                                    AK= 0.0107                 
                                                       AL1=0.00162                              
           I.C.E. + GAMMA  24   1.71E-04   1.185E+00   M1 MULTIPOLE                             
+                                                                    AK= 0.0101                 
                                                       AL1=0.00154                              
           I.C.E. + GAMMA  25   5.21E-04   1.283E+00   M1 MULTIPOLE                             
+                                                                    AK= 0.00829                
                                                       AL1=0.00126                              
           I.C.E. + GAMMA  26   6.97E-05   1.381E+00   E2 MULTIPOLE                             
+                                                                    AK= 0.00297                
           I.C.E. + GAMMA  27   1.98E-05   1.648E+00   UNPLACED GAMMA                           
           I.C.E. + GAMMA  28   1.99E-05   1.744E+00   M1 MULTIPOLE                             
+                                                                    AK= 0.00383                
           I.C.E. + GAMMA  29   1.00E+00   2.615E+00   E3 MULTIPOLE                             
+                                                                    AK= 0.00706                
 
           * ENDPOINT ENERGY (MEV)
           - - - - - - - - - -
           Reference: Evaluated Nuclear Structure Data File (ENSDF)
                DATE DATA WERE ENTERED INTO ENSDF: May-1986
%%%% 208 TL  81    B-           1.83180E+02 3.053 M    02-11-2005       INPUEND 
%%%% 208 TL  81    B-           1.83180E+02 3.053 M    02-11-2005       OUTPSTAR
1                                      **OUTPUT DATA**
              208-THALLIUM-81
+                                    HALFLIFE = 3.053 MINUTES 
+                                                                  02-11-2005

            MODE OF DECAY: BETA MINUS
 
                                              MEAN
                                              NUMBER/                  MEV/
                                         ID   TRANSFOR-   ENERGY       TRANSFOR-
                  TYPE OF RADIATION      NO.  MATION      (MEV)        MATION

           BETA MINUS                     8   3.11E-02    3.409E-01*   1.06E-02
           BETA MINUS                    10   6.34E-03    3.567E-01*   2.26E-03
           BETA MINUS                    11   2.47E-01    4.394E-01*   1.08E-01
           BETA MINUS                    12   2.19E-01    5.332E-01*   1.17E-01
           BETA MINUS                    13   4.90E-01    6.472E-01*   3.17E-01
           K CONV. ELECTRON, GAMMA-RAY    3   4.10E-03    1.643E-01    6.74E-04
           GAMMA-RAY                      4   6.31E-02    2.774E-01    1.75E-02
           K CONV. ELECTRON, GAMMA-RAY    4   2.88E-02    1.891E-01    5.45E-03
           L1 CONV. ELECTRON, GAMMA-RAY   4   4.45E-03    2.615E-01    1.16E-03
           GAMMA-RAY                      7   2.26E-01    5.108E-01    1.15E-01
           K CONV. ELECTRON, GAMMA-RAY    7   2.00E-02    4.225E-01    8.46E-03
           L1 CONV. ELECTRON, GAMMA-RAY   7   3.06E-03    4.949E-01    1.51E-03
           GAMMA-RAY                      8   8.45E-01    5.832E-01    4.93E-01
           K CONV. ELECTRON, GAMMA-RAY    8   1.29E-02    4.949E-01    6.37E-03
           L1 CONV. ELECTRON, GAMMA-RAY   8   1.90E-03    5.673E-01    1.08E-03
           L2 CONV. ELECTRON, GAMMA-RAY   8   1.21E-03    5.679E-01    6.88E-04
           GAMMA-RAY                     14   1.81E-02    7.631E-01    1.38E-02
           GAMMA-RAY                     16   1.24E-01    8.606E-01    1.07E-01
           K CONV. ELECTRON, GAMMA-RAY   16   2.84E-03    7.723E-01    2.20E-03
           GAMMA-RAY                     21   3.97E-03    1.094E+00    4.34E-03
           GAMMA-RAY                     29   9.92E-01    2.615E+00    2.59E+00
           K CONV. ELECTRON, GAMMA-RAY   29   7.00E-03    2.526E+00    1.77E-02
           L1 CONV. ELECTRON, GAMMA-RAY  29   9.65E-04    2.599E+00    2.51E-03
           M CONV. ELECTRON, GAMMA-RAY   29   2.54E-04    2.611E+00*   6.63E-04
 
           ALL LISTED X-RAYS, GAMMA-RAYS AND ANNIHILATION RADIATION    3.34E+00
           ALL NEGLECTED X-RAYS, GAMMA-RAYS AND ANNIH. RADIATION**     1.69E-02
           ALL LISTED BETAS, INTERNAL CONVERSION AND AUGER ELECTRONS   6.04E-01
           ALL NEGLECTED BETAS, INT. CONVERSION AND AUGER ELECTRONS**  7.44E-03
           ALL LISTED RADIATIONS                                       3.95E+00
           ALL NEGLECTED RADIATIONS**                                  2.43E-02
 
           *  AVERAGE ENERGY (MEV)
           ** EACH NEGLECTED TRANSITION CONTRIBUTES LESS THAN  0.100%
              TO THE TOTAL MEV/TRANSFORMATION FOR THIS CATEGORY.
           TOTAL FEEDING OF GROUND STATE LEVEL IN 208-LEAD
             DAUGHTER IS 1.0000E+00 PER TRANSFORMATION OF 208-THALLIUM.
             THIS DAUGHTER GROUND STATE IS STABLE.
           - - - - - - - - - -
           INPUT DATA SOURCE: EVALUATED NUCLEAR STRUCTURE DATA FILE (ENSDF)
             DATE INPUT DATA WERE ENTERED INTO ENSDF: May-1986
%%%% 208 TL  81    B-           1.83180E+02 3.053 M    02-11-2005       OUTPEND 
%%%% 208 TL  81    B-           1.83180E+02 3.053 M    02-11-2005       BETASTAR
1
              208-THALLIUM-81
+                                    HALFLIFE = 3.053 MINUTES 
+                                                                  02-11-2005

            BETA SPECTRUM DATA FOR ALL DECAY BRANCHES

                      BETAS PER                BETAS PER                BETAS PER
            ENERGY    MEV            ENERGY    MEV            ENERGY    MEV
            (MEV)     PER DECAY      (MEV)     PER DECAY      (MEV)     PER DECAY

            0.00000   8.123E-01      0.00260   8.136E-01      0.07500   8.873E-01
            0.00010   8.124E-01      0.00280   8.137E-01      0.08000   8.924E-01
            0.00011   8.124E-01      0.00300   8.138E-01      0.08500   8.974E-01
            0.00012   8.124E-01      0.00320   8.139E-01      0.09000   9.023E-01
            0.00013   8.124E-01      0.00360   8.141E-01      0.10000   9.118E-01
            0.00014   8.124E-01      0.00400   8.143E-01      0.11000   9.209E-01
            0.00015   8.124E-01      0.00450   8.145E-01      0.12000   9.297E-01
            0.00016   8.124E-01      0.00500   8.148E-01      0.13000   9.381E-01
            0.00018   8.124E-01      0.00550   8.150E-01      0.14000   9.462E-01
            0.00020   8.124E-01      0.00600   8.153E-01      0.15000   9.539E-01
            0.00022   8.124E-01      0.00650   8.155E-01      0.16000   9.613E-01
            0.00024   8.124E-01      0.00700   8.157E-01      0.18000   9.749E-01
            0.00026   8.124E-01      0.00750   8.160E-01      0.20000   9.871E-01
            0.00028   8.125E-01      0.00800   8.162E-01      0.22000   9.978E-01
            0.00030   8.125E-01      0.00850   8.165E-01      0.24000   1.007E+00
            0.00032   8.125E-01      0.00900   8.167E-01      0.26000   1.015E+00
            0.00036   8.125E-01      0.01000   8.172E-01      0.28000   1.021E+00
            0.00040   8.125E-01      0.01100   8.176E-01      0.30000   1.026E+00
            0.00045   8.125E-01      0.01200   8.181E-01      0.32000   1.029E+00
            0.00050   8.126E-01      0.01300   8.185E-01      0.36000   1.031E+00
            0.00055   8.126E-01      0.01400   8.190E-01      0.40000   1.027E+00
            0.00060   8.126E-01      0.01500   8.194E-01      0.45000   1.015E+00
            0.00065   8.126E-01      0.01600   8.199E-01      0.50000   9.936E-01
            0.00070   8.127E-01      0.01800   8.231E-01      0.55000   9.649E-01
            0.00075   8.127E-01      0.02000   8.256E-01      0.60000   9.291E-01
            0.00080   8.127E-01      0.02200   8.280E-01      0.65000   8.868E-01
            0.00085   8.127E-01      0.02400   8.304E-01      0.70000   8.390E-01
            0.00090   8.128E-01      0.02600   8.328E-01      0.75000   7.864E-01
            0.00100   8.128E-01      0.02800   8.352E-01      0.80000   7.300E-01
            0.00110   8.129E-01      0.03000   8.376E-01      0.85000   6.709E-01
            0.00120   8.129E-01      0.03200   8.400E-01      0.90000   6.100E-01
            0.00130   8.130E-01      0.03600   8.447E-01      1.00000   4.875E-01
            0.00140   8.130E-01      0.04000   8.493E-01      1.10000   3.711E-01
            0.00150   8.131E-01      0.04500   8.550E-01      1.20000   2.668E-01
            0.00160   8.131E-01      0.05000   8.607E-01      1.30000   1.837E-01
            0.00180   8.132E-01      0.05500   8.662E-01      1.40000   1.175E-01
            0.00200   8.133E-01      0.06000   8.716E-01      1.50000   6.621E-02
            0.00220   8.134E-01      0.06500   8.769E-01      1.60000   3.116E-02
            0.00240   8.135E-01      0.07000   8.822E-01      1.79626   0.000E+00

            AVERAGE BETA ENERGY =   5.571E-01

            TOTAL BETAS PER DECAY FOR ALL BRANCHES =   1.000E+00
%%%% 208 TL  81    B-           1.83180E+02 3.053 M    02-11-2005       BETAEND 
%%%% 208 TL  81    B-           1.83180E+02 3.053 M    02-11-2005       SEEISTAR
208.  THALLIUM     81.  3.053E+00 MINUTES  275 B-                   208.TL 81.   0
 5 1  5.23360E-02  1.52711E-01  5.13500E-01  0.00000E+00            208.TL 81.   1   1
 5 2  1.71098E-02  1.86097E-01  6.11100E-01  0.00000E+00            208.TL 81.   2   2
 5 3  4.42843E-02  1.94624E-01  6.35540E-01  0.00000E+00            208.TL 81.   3   3
 5 4  8.05169E-02  2.16580E-01  6.97680E-01  0.00000E+00            208.TL 81.   4   4
 5 5  2.28467E-01  2.58514E-01  8.13590E-01  0.00000E+00            208.TL 81.   5   5
 5 6  1.69086E-01  2.78854E-01  8.68690E-01  0.00000E+00            208.TL 81.   6   6
 5 7  7.04523E-03  3.27607E-01  9.98300E-01  0.00000E+00            208.TL 81.   7   7
 5 8  3.10997E+00  3.40873E-01  1.03304E+00  0.00000E+00            208.TL 81.   8   8
 5 9  4.32778E-02  3.46440E-01  1.04756E+00  0.00000E+00            208.TL 81.   9   9
 510  6.34071E-01  3.56690E-01  1.07420E+00  0.00000E+00            208.TL 81.  10  10
 511  2.46583E+01  4.39430E-01  1.28556E+00  0.00000E+00            208.TL 81.  11  11
 512  2.19409E+01  5.33213E-01  1.51889E+00  0.00000E+00            208.TL 81.  12  12
 513  4.90147E+01  6.47222E-01  1.79626E+00  0.00000E+00            208.TL 81.  13  13
 1 1  1.78488E-01  2.11400E-01  2.11400E-01  0.00000E+00            208.TL 81.  14   1
 6 1  1.72760E-01  1.23110E-01  1.23110E-01  1.00000E+00            208.TL 81.  15   1
 6 5  2.67467E-02  1.95553E-01  1.95553E-01  1.00000E+00            208.TL 81.  16   5
 6 6  2.57956E-03  1.96149E-01  1.96149E-01  1.00000E+00            208.TL 81.  17   6
 6 7  2.02738E-04  1.98360E-01  1.98360E-01  1.00000E+00            208.TL 81.  18   7
 6 3  6.95040E-03  2.08345E-01  2.08345E-01  1.00000E+00            208.TL 81.  19   3
 6 4  2.24300E-03  2.11400E-01  2.11400E-01  1.00000E+00            208.TL 81.  20   4
 1 2  3.07396E-01  2.33360E-01  2.33360E-01  0.00000E+00            208.TL 81.  21   2
 6 1  2.26089E-01  1.45070E-01  1.45070E-01  2.00000E+00            208.TL 81.  22   1
 6 5  3.49350E-02  2.17513E-01  2.17513E-01  2.00000E+00            208.TL 81.  23   5
 6 6  3.35420E-03  2.18109E-01  2.18109E-01  2.00000E+00            208.TL 81.  24   6
 6 7  2.61088E-04  2.20320E-01  2.20320E-01  2.00000E+00            208.TL 81.  25   7
 6 3  9.08003E-03  2.30305E-01  2.30305E-01  2.00000E+00            208.TL 81.  26   3
 6 4  2.92852E-03  2.33360E-01  2.33360E-01  2.00000E+00            208.TL 81.  27   4
 1 3  6.94120E-01  2.52610E-01  2.52610E-01  0.00000E+00            208.TL 81.  28   3
 6 1  4.10270E-01  1.64320E-01  1.64320E-01  3.00000E+00            208.TL 81.  29   1
 6 5  6.33628E-02  2.36763E-01  2.36763E-01  3.00000E+00            208.TL 81.  30   5
 6 6  6.05018E-03  2.37359E-01  2.37359E-01  3.00000E+00            208.TL 81.  31   6
 6 7  4.67421E-04  2.39570E-01  2.39570E-01  3.00000E+00            208.TL 81.  32   7
 6 3  1.64498E-02  2.49555E-01  2.49555E-01  3.00000E+00            208.TL 81.  33   3
 6 4  5.30224E-03  2.52610E-01  2.52610E-01  3.00000E+00            208.TL 81.  34   4
 1 4  6.30658E+00  2.77358E-01  2.77358E-01  0.00000E+00            208.TL 81.  35   4
 6 1  2.88340E+00  1.89068E-01  1.89068E-01  4.00000E+00            208.TL 81.  36   1
 6 5  4.44922E-01  2.61511E-01  2.61511E-01  4.00000E+00            208.TL 81.  37   5
 6 6  4.22107E-02  2.62107E-01  2.62107E-01  4.00000E+00            208.TL 81.  38   6
 6 7  3.23939E-03  2.64318E-01  2.64318E-01  4.00000E+00            208.TL 81.  39   7
 6 3  1.15415E-01  2.74303E-01  2.74303E-01  4.00000E+00            208.TL 81.  40   3
 6 4  3.71749E-02  2.77358E-01  2.77358E-01  4.00000E+00            208.TL 81.  41   4
 1 6  4.95800E-02  4.85950E-01  4.85950E-01  0.00000E+00            208.TL 81.  42   6
 6 1  5.01861E-03  3.97660E-01  3.97660E-01  6.00000E+00            208.TL 81.  43   1
 6 5  7.66777E-04  4.70103E-01  4.70103E-01  6.00000E+00            208.TL 81.  44   5
 6 6  6.83838E-05  4.70699E-01  4.70699E-01  6.00000E+00            208.TL 81.  45   6
 6 7  5.14067E-06  4.72910E-01  4.72910E-01  6.00000E+00            208.TL 81.  46   7
 6 3  1.97240E-04  4.82895E-01  4.82895E-01  6.00000E+00            208.TL 81.  47   3
 6 4  6.35179E-05  4.85950E-01  4.85950E-01  6.00000E+00            208.TL 81.  48   4
 1 7  2.26085E+01  5.10770E-01  5.10770E-01  0.00000E+00            208.TL 81.  49   7
 6 1  2.00209E+00  4.22480E-01  4.22480E-01  7.00000E+00            208.TL 81.  50   1
 6 5  3.05715E-01  4.94923E-01  4.94923E-01  7.00000E+00            208.TL 81.  51   5
 6 6  2.71660E-02  4.95519E-01  4.95519E-01  7.00000E+00            208.TL 81.  52   6
 6 7  2.08458E-03  4.97730E-01  4.97730E-01  7.00000E+00            208.TL 81.  53   7
 6 3  7.85962E-02  5.07715E-01  5.07715E-01  7.00000E+00            208.TL 81.  54   3
 6 4  2.53184E-02  5.10770E-01  5.10770E-01  7.00000E+00            208.TL 81.  55   4
 1 8  8.44843E+01  5.83191E-01  5.83191E-01  0.00000E+00            208.TL 81.  56   8
 6 1  1.28723E+00  4.94901E-01  4.94901E-01  8.00000E+00            208.TL 81.  57   1
 6 5  1.89972E-01  5.67344E-01  5.67344E-01  8.00000E+00            208.TL 81.  58   5
 6 6  1.21072E-01  5.67940E-01  5.67940E-01  8.00000E+00            208.TL 81.  59   6
 6 7  4.17935E-02  5.70151E-01  5.70151E-01  8.00000E+00            208.TL 81.  60   7
 6 3  8.70040E-02  5.80136E-01  5.80136E-01  8.00000E+00            208.TL 81.  61   3
 6 4  2.75220E-02  5.83191E-01  5.83191E-01  8.00000E+00            208.TL 81.  62   4
 1 9  3.96640E-02  5.87700E-01  5.87700E-01  0.00000E+00            208.TL 81.  63   9
 6 1  2.43561E-03  4.99410E-01  4.99410E-01  9.00000E+00            208.TL 81.  64   1
 6 5  3.71149E-04  5.71853E-01  5.71853E-01  9.00000E+00            208.TL 81.  65   5
 6 6  3.20094E-05  5.72449E-01  5.72449E-01  9.00000E+00            208.TL 81.  66   6
 6 7  2.42212E-06  5.74660E-01  5.74660E-01  9.00000E+00            208.TL 81.  67   7
 6 3  9.50374E-05  5.84645E-01  5.84645E-01  9.00000E+00            208.TL 81.  68   3
 6 4  3.06430E-05  5.87700E-01  5.87700E-01  9.00000E+00            208.TL 81.  69   4
 110  3.56976E-02  6.50100E-01  6.50100E-01  0.00000E+00            208.TL 81.  70  10
 6 1  1.68501E-03  5.61810E-01  5.61810E-01  1.00000E+01            208.TL 81.  71   1
 6 5  2.56472E-04  6.34253E-01  6.34253E-01  1.00000E+01            208.TL 81.  72   5
 6 6  2.16775E-05  6.34849E-01  6.34849E-01  1.00000E+01            208.TL 81.  73   6
 6 7  1.65342E-06  6.37060E-01  6.37060E-01  1.00000E+01            208.TL 81.  74   7
 6 3  6.55041E-05  6.47045E-01  6.47045E-01  1.00000E+01            208.TL 81.  75   3
 6 4  2.11307E-05  6.50100E-01  6.50100E-01  1.00000E+01            208.TL 81.  76   4
 111  2.18152E-02  7.05200E-01  7.05200E-01  0.00000E+00            208.TL 81.  77  11
 6 1  8.33855E-04  6.16910E-01  6.16910E-01  1.10000E+01            208.TL 81.  78   1
 6 5  1.26845E-04  6.89353E-01  6.89353E-01  1.10000E+01            208.TL 81.  79   5
 6 6  1.05384E-05  6.89949E-01  6.89949E-01  1.10000E+01            208.TL 81.  80   6
 6 7  8.11013E-07  6.92160E-01  6.92160E-01  1.10000E+01            208.TL 81.  81   7
 6 3  3.23304E-05  7.02145E-01  7.02145E-01  1.10000E+01            208.TL 81.  82   3
 6 4  1.04287E-05  7.05200E-01  7.05200E-01  1.10000E+01            208.TL 81.  83   4
 112  2.01295E-01  7.22040E-01  7.22040E-01  0.00000E+00            208.TL 81.  84  12
 6 1  6.77995E-03  6.33750E-01  6.33750E-01  1.20000E+01            208.TL 81.  85   1
 6 5  1.03037E-03  7.06193E-01  7.06193E-01  1.20000E+01            208.TL 81.  86   5
 6 6  9.45814E-05  7.06789E-01  7.06789E-01  1.20000E+01            208.TL 81.  87   6
 6 7  1.00211E-05  7.09000E-01  7.09000E-01  1.20000E+01            208.TL 81.  88   7
 6 3  2.65856E-04  7.18985E-01  7.18985E-01  1.20000E+01            208.TL 81.  89   3
 6 4  8.56944E-05  7.22040E-01  7.22040E-01  1.20000E+01            208.TL 81.  90   4
 113  4.26388E-02  7.48700E-01  7.48700E-01  0.00000E+00            208.TL 81.  91  13
 6 1  1.39635E-03  6.60410E-01  6.60410E-01  1.30000E+01            208.TL 81.  92   1
 6 5  2.12366E-04  7.32853E-01  7.32853E-01  1.30000E+01            208.TL 81.  93   5
 6 6  1.74139E-05  7.33449E-01  7.33449E-01  1.30000E+01            208.TL 81.  94   6
 6 7  1.35108E-06  7.35660E-01  7.35660E-01  1.30000E+01            208.TL 81.  95   7
 6 3  5.40491E-05  7.45645E-01  7.45645E-01  1.30000E+01            208.TL 81.  96   3
 6 4  1.74276E-05  7.48700E-01  7.48700E-01  1.30000E+01            208.TL 81.  97   4
 114  1.81463E+00  7.63130E-01  7.63130E-01  0.00000E+00            208.TL 81.  98  14
 6 1  5.65684E-02  6.74840E-01  6.74840E-01  1.40000E+01            208.TL 81.  99   1
 6 5  8.60278E-03  7.47283E-01  7.47283E-01  1.40000E+01            208.TL 81. 100   5
 6 6  7.02483E-04  7.47879E-01  7.47879E-01  1.40000E+01            208.TL 81. 101   6
 6 7  5.46859E-05  7.50090E-01  7.50090E-01  1.40000E+01            208.TL 81. 102   7
 6 3  2.18851E-03  7.60075E-01  7.60075E-01  1.40000E+01            208.TL 81. 103   3
 6 4  7.05564E-04  7.63130E-01  7.63130E-01  1.40000E+01            208.TL 81. 104   4
 115  3.96640E-02  8.21200E-01  8.21200E-01  0.00000E+00            208.TL 81. 105  15
 6 1  1.02397E-03  7.32910E-01  7.32910E-01  1.50000E+01            208.TL 81. 106   1
 6 5  1.55692E-04  8.05353E-01  8.05353E-01  1.50000E+01            208.TL 81. 107   5
 6 6  1.24978E-05  8.05949E-01  8.05949E-01  1.50000E+01            208.TL 81. 108   6
 6 7  9.85222E-07  8.08160E-01  8.08160E-01  1.50000E+01            208.TL 81. 109   7
 6 3  3.95368E-05  8.18145E-01  8.18145E-01  1.50000E+01            208.TL 81. 110   3
 6 4  1.27392E-05  8.21200E-01  8.21200E-01  1.50000E+01            208.TL 81. 111   4
 116  1.24247E+01  8.60564E-01  8.60564E-01  0.00000E+00            208.TL 81. 112  16
 6 1  2.84420E-01  7.72274E-01  7.72274E-01  1.60000E+01            208.TL 81. 113   1
 6 5  4.32393E-02  8.44717E-01  8.44717E-01  1.60000E+01            208.TL 81. 114   5
 6 6  3.43266E-03  8.45313E-01  8.45313E-01  1.60000E+01            208.TL 81. 115   6
 6 7  2.73442E-04  8.47524E-01  8.47524E-01  1.60000E+01            208.TL 81. 116   7
 6 3  1.09683E-02  8.57509E-01  8.57509E-01  1.60000E+01            208.TL 81. 117   3
 6 4  3.53279E-03  8.60564E-01  8.60564E-01  1.60000E+01            208.TL 81. 118   4
 117  3.07396E-02  8.83300E-01  8.83300E-01  0.00000E+00            208.TL 81. 119  17
 6 1  6.58302E-04  7.95010E-01  7.95010E-01  1.70000E+01            208.TL 81. 120   1
 6 5  1.00071E-04  8.67453E-01  8.67453E-01  1.70000E+01            208.TL 81. 121   5
 6 6  7.89193E-06  8.68049E-01  8.68049E-01  1.70000E+01            208.TL 81. 122   6
 6 7  6.32017E-07  8.70260E-01  8.70260E-01  1.70000E+01            208.TL 81. 123   7
 6 3  2.53682E-05  8.80245E-01  8.80245E-01  1.70000E+01            208.TL 81. 124   3
 6 4  8.16926E-06  8.83300E-01  8.83300E-01  1.70000E+01            208.TL 81. 125   4
 118  1.30891E-01  9.27600E-01  9.27600E-01  0.00000E+00            208.TL 81. 126  18
 6 1  2.47339E-03  8.39310E-01  8.39310E-01  1.80000E+01            208.TL 81. 127   1
 6 5  3.75917E-04  9.11753E-01  9.11753E-01  1.80000E+01            208.TL 81. 128   5
 6 6  2.92818E-05  9.12349E-01  9.12349E-01  1.80000E+01            208.TL 81. 129   6
 6 7  2.37410E-06  9.14560E-01  9.14560E-01  1.80000E+01            208.TL 81. 130   7
 6 3  9.51870E-05  9.24545E-01  9.24545E-01  1.80000E+01            208.TL 81. 131   3
 6 4  3.06418E-05  9.27600E-01  9.27600E-01  1.80000E+01            208.TL 81. 132   4
 119  2.03278E-01  9.82700E-01  9.82700E-01  0.00000E+00            208.TL 81. 133  19
 6 1  3.31533E-03  8.94410E-01  8.94410E-01  1.90000E+01            208.TL 81. 134   1
 6 5  5.03730E-04  9.66853E-01  9.66853E-01  1.90000E+01            208.TL 81. 135   5
 6 6  3.86505E-05  9.67449E-01  9.67449E-01  1.90000E+01            208.TL 81. 136   6
 6 7  3.18577E-06  9.69660E-01  9.69660E-01  1.90000E+01            208.TL 81. 137   7
 6 3  1.27381E-04  9.79645E-01  9.79645E-01  1.90000E+01            208.TL 81. 138   3
 6 4  4.09909E-05  9.82700E-01  9.82700E-01  1.90000E+01            208.TL 81. 139   4
 120  4.95800E-03  1.00400E+00  1.00400E+00  0.00000E+00            208.TL 81. 140  20
 121  3.96640E-01  1.09390E+00  1.09390E+00  0.00000E+00            208.TL 81. 141  21
 6 1  1.80405E-03  1.00561E+00  1.00561E+00  2.10000E+01            208.TL 81. 142   1
 6 5  2.60506E-04  1.07805E+00  1.07805E+00  2.10000E+01            208.TL 81. 143   5
 6 6  6.16625E-05  1.07865E+00  1.07865E+00  2.10000E+01            208.TL 81. 144   6
 6 7  1.66487E-05  1.08086E+00  1.08086E+00  2.10000E+01            208.TL 81. 145   7
 6 3  8.05350E-05  1.09085E+00  1.09085E+00  2.10000E+01            208.TL 81. 146   3
 6 4  2.57544E-05  1.09390E+00  1.09390E+00  2.10000E+01            208.TL 81. 147   4
 122  4.95800E-03  1.12570E+00  1.12570E+00  0.00000E+00            208.TL 81. 148  22
 123  1.09076E-02  1.16080E+00  1.16080E+00  0.00000E+00            208.TL 81. 149  23
 6 1  1.16503E-04  1.07251E+00  1.07251E+00  2.30000E+01            208.TL 81. 150   1
 6 5  1.76733E-05  1.14495E+00  1.14495E+00  2.30000E+01            208.TL 81. 151   5
 6 6  1.29422E-06  1.14555E+00  1.14555E+00  2.30000E+01            208.TL 81. 152   6
 6 7  1.13348E-07  1.14776E+00  1.14776E+00  2.30000E+01            208.TL 81. 153   7
 6 3  4.45285E-06  1.15775E+00  1.15775E+00  2.30000E+01            208.TL 81. 154   3
 6 4  1.43235E-06  1.16080E+00  1.16080E+00  2.30000E+01            208.TL 81. 155   4
 124  1.68572E-02  1.18520E+00  1.18520E+00  0.00000E+00            208.TL 81. 156  24
 6 1  1.70807E-04  1.09691E+00  1.09691E+00  2.40000E+01            208.TL 81. 157   1
 6 5  2.59034E-05  1.16935E+00  1.16935E+00  2.40000E+01            208.TL 81. 158   5
 6 6  1.88525E-06  1.16995E+00  1.16995E+00  2.40000E+01            208.TL 81. 159   6
 6 7  1.66612E-07  1.17216E+00  1.17216E+00  2.40000E+01            208.TL 81. 160   7
 6 3  6.52360E-06  1.18215E+00  1.18215E+00  2.40000E+01            208.TL 81. 161   3
 6 4  2.09854E-06  1.18520E+00  1.18520E+00  2.40000E+01            208.TL 81. 162   4
 125  5.15632E-02  1.28280E+00  1.28280E+00  0.00000E+00            208.TL 81. 163  25
 6 1  4.27675E-04  1.19451E+00  1.19451E+00  2.50000E+01            208.TL 81. 164   1
 6 5  6.47677E-05  1.26695E+00  1.26695E+00  2.50000E+01            208.TL 81. 165   5
 6 6  4.60122E-06  1.26755E+00  1.26755E+00  2.50000E+01            208.TL 81. 166   6
 6 7  4.22284E-07  1.26976E+00  1.26976E+00  2.50000E+01            208.TL 81. 167   7
 6 3  1.62852E-05  1.27975E+00  1.27975E+00  2.50000E+01            208.TL 81. 168   3
 6 4  5.24090E-06  1.28280E+00  1.28280E+00  2.50000E+01            208.TL 81. 169   4
 126  6.94120E-03  1.38110E+00  1.38110E+00  0.00000E+00            208.TL 81. 170  26
 6 1  2.06301E-05  1.29281E+00  1.29281E+00  2.60000E+01            208.TL 81. 171   1
 6 5  2.96492E-06  1.36525E+00  1.36525E+00  2.60000E+01            208.TL 81. 172   5
 6 6  5.07001E-07  1.36585E+00  1.36585E+00  2.60000E+01            208.TL 81. 173   6
 6 7  1.30072E-07  1.36806E+00  1.36806E+00  2.60000E+01            208.TL 81. 174   7
 6 3  8.48103E-07  1.37805E+00  1.37805E+00  2.60000E+01            208.TL 81. 175   3
 6 4  2.71617E-07  1.38110E+00  1.38110E+00  2.60000E+01            208.TL 81. 176   4
 127  1.98320E-03  1.64750E+00  1.64750E+00  0.00000E+00            208.TL 81. 177  27
 128  1.98320E-03  1.74400E+00  1.74400E+00  0.00000E+00            208.TL 81. 178  28
 6 1  7.58835E-06  1.65571E+00  1.65571E+00  2.80000E+01            208.TL 81. 179   1
 6 5  1.13712E-06  1.72815E+00  1.72815E+00  2.80000E+01            208.TL 81. 180   5
 6 6  7.27319E-08  1.72875E+00  1.72875E+00  2.80000E+01            208.TL 81. 181   6
 6 7  8.16722E-09  1.73096E+00  1.73096E+00  2.80000E+01            208.TL 81. 182   7
 6 3  2.84415E-07  1.74095E+00  1.74095E+00  2.80000E+01            208.TL 81. 183   3
 6 4  9.16502E-08  1.74400E+00  1.74400E+00  2.80000E+01            208.TL 81. 184   4
 129  9.91600E+01  2.61453E+00  2.61453E+00  0.00000E+00            208.TL 81. 185  29
 6 1  7.00271E-01  2.52624E+00  2.52624E+00  2.90000E+01            208.TL 81. 186   1
 6 5  9.64722E-02  2.59869E+00  2.59869E+00  2.90000E+01            208.TL 81. 187   5
 6 6  1.15059E-02  2.59928E+00  2.59928E+00  2.90000E+01            208.TL 81. 188   6
 6 7  1.32323E-03  2.60149E+00  2.60149E+00  2.90000E+01            208.TL 81. 189   7
 6 3  2.53737E-02  2.61148E+00  2.61148E+00  2.90000E+01            208.TL 81. 190   3
 6 4  7.91428E-03  2.61453E+00  2.61453E+00  2.90000E+01            208.TL 81. 191   4
 2 1  2.27174E+00  7.30390E-02  7.30390E-02  0.00000E+00            208.TL 81. 192   1
 2 2  3.81540E+00  7.52501E-02  7.52501E-02  0.00000E+00            208.TL 81. 193   2
 2 3  4.25017E-01  8.47407E-02  8.47407E-02  0.00000E+00            208.TL 81. 194   3
 2 4  8.23242E-01  8.52354E-02  8.52354E-02  0.00000E+00            208.TL 81. 195   4
 2 5  1.15857E-02  8.56955E-02  8.56955E-02  0.00000E+00            208.TL 81. 196   5
 2 6  1.40220E-02  8.58009E-02  8.58009E-02  0.00000E+00            208.TL 81. 197   6
 2 7  1.01357E-01  8.75343E-02  8.75343E-02  0.00000E+00            208.TL 81. 198   7
 2 8  1.99171E-01  8.76558E-02  8.76558E-02  0.00000E+00            208.TL 81. 199   8
 2 9  3.08008E-03  8.78547E-02  8.78547E-02  0.00000E+00            208.TL 81. 200   9
 210  3.72208E-03  8.78775E-02  8.78775E-02  0.00000E+00            208.TL 81. 201  10
 211  2.35676E-02  8.81791E-02  8.81791E-02  0.00000E+00            208.TL 81. 202  11
 212  4.56634E-02  8.82024E-02  8.82024E-02  0.00000E+00            208.TL 81. 203  12
 213  3.99051E-04  8.82612E-02  8.82612E-02  0.00000E+00            208.TL 81. 204  13
 214  4.66287E-04  8.82640E-02  8.82640E-02  0.00000E+00            208.TL 81. 205  14
 215  5.29336E-04  8.82829E-02  8.82829E-02  0.00000E+00            208.TL 81. 206  15
 216  8.11809E-04  8.82846E-02  8.82846E-02  0.00000E+00            208.TL 81. 207  16
 221  1.65908E-05  5.96000E-04  5.96000E-04  0.00000E+00            208.TL 81. 208  21
 222  4.25045E-03  2.80700E-03  2.80700E-03  0.00000E+00            208.TL 81. 209  22
 223  4.67002E-02  1.22977E-02  1.22977E-02  0.00000E+00            208.TL 81. 210  23
 224  5.09974E-02  1.27924E-02  1.27924E-02  0.00000E+00            208.TL 81. 211  24
 225  1.68603E-03  1.32523E-02  1.32523E-02  0.00000E+00            208.TL 81. 212  25
 226  2.52305E-03  1.33580E-02  1.33580E-02  0.00000E+00            208.TL 81. 213  26
 227  1.20183E-02  1.50910E-02  1.50910E-02  0.00000E+00            208.TL 81. 214  27
 228  1.43074E-02  1.52127E-02  1.52127E-02  0.00000E+00            208.TL 81. 215  28
 229  2.59079E-04  1.54118E-02  1.54118E-02  0.00000E+00            208.TL 81. 216  29
 230  4.09930E-04  1.54345E-02  1.54345E-02  0.00000E+00            208.TL 81. 217  30
 231  2.35426E-03  1.57361E-02  1.57361E-02  0.00000E+00            208.TL 81. 218  31
 232  2.75351E-03  1.57594E-02  1.57594E-02  0.00000E+00            208.TL 81. 219  32
 233  3.02165E-05  1.58182E-02  1.58182E-02  0.00000E+00            208.TL 81. 220  33
 234  4.72068E-05  1.58210E-02  1.58210E-02  0.00000E+00            208.TL 81. 221  34
 235  6.37778E-05  1.58400E-02  1.58400E-02  0.00000E+00            208.TL 81. 222  35
 236  6.01099E-05  1.58417E-02  1.58417E-02  0.00000E+00            208.TL 81. 223  36
 241  2.91512E-05  2.21100E-03  2.21100E-03  0.00000E+00            208.TL 81. 224  41
 242  2.34642E-02  1.14267E-02  1.14267E-02  0.00000E+00            208.TL 81. 225  42
 243  9.62855E-04  1.21964E-02  1.21964E-02  0.00000E+00            208.TL 81. 226  43
 244  8.62402E-01  1.26563E-02  1.26563E-02  0.00000E+00            208.TL 81. 227  44
 245  6.05694E-03  1.43743E-02  1.43743E-02  0.00000E+00            208.TL 81. 228  45
 246  2.67347E-04  1.46167E-02  1.46167E-02  0.00000E+00            208.TL 81. 229  46
 247  1.76104E-01  1.48158E-02  1.48158E-02  0.00000E+00            208.TL 81. 230  47
 248  7.42470E-04  1.50980E-02  1.50980E-02  0.00000E+00            208.TL 81. 231  48
 249  1.29197E-03  1.50981E-02  1.50981E-02  0.00000E+00            208.TL 81. 232  49
 250  5.38794E-05  1.51634E-02  1.51634E-02  0.00000E+00            208.TL 81. 233  50
 251  2.17934E-02  1.52222E-02  1.52222E-02  0.00000E+00            208.TL 81. 234  51
 253  1.67665E-04  1.52359E-02  1.52359E-02  0.00000E+00            208.TL 81. 235  53
 254  1.12057E-06  1.52457E-02  1.52457E-02  0.00000E+00            208.TL 81. 236  54
 261  8.49222E-02  9.21569E-03  9.21569E-03  0.00000E+00            208.TL 81. 237  61
 262  8.92214E-04  9.49069E-03  9.49069E-03  0.00000E+00            208.TL 81. 238  62
 263  8.06550E-04  9.98540E-03  9.98540E-03  0.00000E+00            208.TL 81. 239  63
 264  1.48557E-01  1.04453E-02  1.04453E-02  0.00000E+00            208.TL 81. 240  64
 265  1.30777E+00  1.05510E-02  1.05510E-02  0.00000E+00            208.TL 81. 241  65
 266  1.89701E-02  1.21633E-02  1.21633E-02  0.00000E+00            208.TL 81. 242  66
 267  2.01744E-04  1.22840E-02  1.22840E-02  0.00000E+00            208.TL 81. 243  67
 268  2.06760E-04  1.24057E-02  1.24057E-02  0.00000E+00            208.TL 81. 244  68
 269  2.78260E-02  1.26048E-02  1.26048E-02  0.00000E+00            208.TL 81. 245  69
 270  2.51679E-01  1.26275E-02  1.26275E-02  0.00000E+00            208.TL 81. 246  70
 271  2.20416E-04  1.28869E-02  1.28869E-02  0.00000E+00            208.TL 81. 247  71
 272  1.23050E-03  1.28921E-02  1.28921E-02  0.00000E+00            208.TL 81. 248  72
 273  4.12008E-03  1.28872E-02  1.28872E-02  0.00000E+00            208.TL 81. 249  73
 274  4.22197E-05  1.29291E-02  1.29291E-02  0.00000E+00            208.TL 81. 250  74
 275  4.37055E-05  1.29524E-02  1.29524E-02  0.00000E+00            208.TL 81. 251  75
 276  3.39401E-03  1.30112E-02  1.30112E-02  0.00000E+00            208.TL 81. 252  76
 277  3.00718E-02  1.30140E-02  1.30140E-02  0.00000E+00            208.TL 81. 253  77
 280  5.20354E-04  1.30249E-02  1.30249E-02  0.00000E+00            208.TL 81. 254  80
 281  1.03769E-06  1.30330E-02  1.30330E-02  0.00000E+00            208.TL 81. 255  81
 282  8.51465E-07  1.30347E-02  1.30347E-02  0.00000E+00            208.TL 81. 256  82
 291  4.63921E-01  2.37965E-03  2.37965E-03  0.00000E+00            208.TL 81. 257  91
 292  9.86039E-03  3.40742E-04  3.40742E-04  0.00000E+00            208.TL 81. 258  92
 293  9.50553E-05  7.36093E-05  7.36093E-05  0.00000E+00            208.TL 81. 259  93
 294  1.22967E+02  2.66211E-05  2.66211E-05  0.00000E+00            208.TL 81. 260  94
 7 1  1.92403E-01  5.87487E-02  5.87487E-02  0.00000E+00            208.TL 81. 261   1
 7 2  1.05223E-01  7.07077E-02  7.07077E-02  0.00000E+00            208.TL 81. 262   2
 7 3  1.38744E-02  8.26805E-02  8.26805E-02  0.00000E+00            208.TL 81. 263   3
 7 4  1.39248E+00  9.80189E-04  9.80189E-04  0.00000E+00            208.TL 81. 264   4
 7 5  3.32709E+00  8.04568E-03  8.04568E-03  0.00000E+00            208.TL 81. 265   5
 7 6  1.47161E+00  1.04208E-02  1.04208E-02  0.00000E+00            208.TL 81. 266   6
 7 7  1.55924E-01  1.28230E-02  1.28230E-02  0.00000E+00            208.TL 81. 267   7
 7 8  4.64396E+00  4.21687E-04  4.21687E-04  0.00000E+00            208.TL 81. 268   8
 7 9  1.12073E+01  1.91050E-03  1.91050E-03  0.00000E+00            208.TL 81. 269   9
 710  1.39681E+00  2.17077E-03  2.17077E-03  0.00000E+00            208.TL 81. 270  10
 711  7.07601E-02  2.56055E-03  2.56055E-03  0.00000E+00            208.TL 81. 271  11
 712  2.09937E+01  1.73800E-04  1.73800E-04  0.00000E+00            208.TL 81. 272  12
 713  3.98173E+01  8.22380E-05  8.22380E-05  0.00000E+00            208.TL 81. 273  13
 714  2.76174E+01  4.21774E-05  4.21774E-05  0.00000E+00            208.TL 81. 274  14
 715  3.90508E-02  1.08877E-04  1.08877E-04  0.00000E+00            208.TL 81. 275  15
%%%% 208 TL  81    B-           1.83180E+02 3.053 M    02-11-2005       SEEIEND 
 


   ***************************************************** 
   *                 Radiation Summary                 * 
   ***************************************************** 
 
  Energy released by
    Gamma-ray                       (MeV) =   3.35376E+00
    X-ray                           (MeV) =   6.32229E-03
    Free-bound X-ray                (MeV) =   3.27351E-05
    Annihilation photon             (MeV) =   0.00000E+00
    Beta+ particle                  (MeV) =   0.00000E+00
    Neutrino                        (MeV) =   0.00000E+00
    Beta- particle                  (MeV) =   5.57051E-01
    Neutrino-                       (MeV) =   1.01764E+00
    Internal conv. electron         (MeV) =   5.32886E-02
    Auger and CK electron           (MeV) =   1.00034E-03
    Alpha particle                  (MeV) =   0.00000E+00
    Recoil nucleus                  (MeV) =   0.00000E+00
  E-total (except unplaced radiat.) (MeV) =   4.98910E+00
  E-unplaced radiation              (MeV) =   1.38264E-04
  Q-value from ENSDF data           (MeV) =   4.99400E+00
  Ratio of E-total/Q-value          ( % ) =   9.99018E+01
  Ratio of E-unplaced radi./Q-value ( % ) =   2.76860E-03

 
  Total yield of
    Gamma-ray                             =   2.29259E+00
    X-ray                                 =   1.13269E-01
    Free-bound X-ray                      =   1.22967E+00
    Annihilation photon                   =   0.00000E+00
    Beta+ particle                        =   0.00000E+00
    Beta- particle                        =   1.00000E+00
    Internal conv. electron               =   1.00039E-01
    Auger and CK electron                 =   1.12445E+00
    Alpha particle                        =   0.00000E+00
  Yield of unplaced radiation             =   1.18992E-04


