%%%% 207 TL  81    B-           2.86200E+02 4.77 M     02-11-2005       BALASTAR
1 207   TL  81 4.77 M          B-         
1INTENSITY AND ENERGY BALANCE DATA

              207-THALLIUM-81
+                                    HALFLIFE = 4.77 MINUTES 
+                                                                  02-11-2005


    LEVEL       INTENSITY   INTENSITY
    ENERGY      ENTERING    LEAVING     PERCENT
    (MEV)       LEVEL       LEVEL       ERROR

   0.0000E+00  1.0000E+02
   5.6964E-01  1.9741E-03  1.6248E-03  1.9411E+01  ********************
   8.9776E-01  2.6800E-01  2.6835E-01  1.3127E-01                      


 INTENSITY TO GROUND AND ISOMERIC STATE(S) OF DAUGHTER(S)=  1.000E+02
 TOTAL INTENSITY FROM PARENT=  1.000E+02
 PERCENT ERROR =  7.629E-06                      


 TOTAL INTENSITY FROM PARENT =  1.000E+02
 VALUE IS WITHIN   7.63E-06% OF 100                      


 TOTAL ENERGY AVAILABLE =  1.427E+00 MEV
 TOTAL ENERGY CONTENT OF ALL RADIATIONS =  1.427E+00 MEV
 PERCENT ERROR =  9.189E-05                      
%%%% 207 TL  81    B-           2.86200E+02 4.77 M     02-11-2005       BALAEND 
%%%% 207 TL  81    B-           2.86200E+02 4.77 M     02-11-2005       INPUSTAR
1                                      **INPUT DATA**
              207-THALLIUM-81
+                                    HALFLIFE = 4.77 MINUTES 
+                                                                  02-11-2005

            MODE OF DECAY: BETA MINUS
 
                                MEAN
                                NUMBER/    TRANSITION
                TYPE OF    ID   TRANSFOR-  ENERGY
              TRANSITION   NO.  MATION     (MEV)       OTHER NUCLEAR PARAMETERS

               BETA MINUS   1   2.68E-03   5.292E-01*  FIRST FORBIDDEN                          
               BETA MINUS   2   8.00E-07   8.574E-01*  UNIQUE FIRST FORBIDDEN                   
               BETA MINUS   3   9.97E-01   1.427E+00*  FIRST FORBIDDEN                          
           I.C.E. + GAMMA   1   1.89E-05   3.281E-01   M1 MULTIPOLE                             
+                                                                    AK= 0.289                  
                                                       AL1=0.0446    AL2=0.00417                
                                                       AM= 0.0115    AN+=0.00371                
           I.C.E. + GAMMA   2   1.62E-05   5.696E-01   E2 MULTIPOLE                             
+                                                                    AK= 0.0160                 
                                                       AL1=0.00236   AL2=0.00157                
                                                       AM= 0.00110                              
           I.C.E. + GAMMA   3   2.66E-03   8.978E-01   M1+E2 MULTIPOLE                          
                                                       MRS=0.00846   AK= 0.0204                 
                                                       AL1=0.00310                              
 
           * ENDPOINT ENERGY (MEV)
           - - - - - - - - - -
           Reference: Evaluated Nuclear Structure Data File (ENSDF)
                DATE DATA WERE ENTERED INTO ENSDF: Feb-1994
%%%% 207 TL  81    B-           2.86200E+02 4.77 M     02-11-2005       INPUEND 
%%%% 207 TL  81    B-           2.86200E+02 4.77 M     02-11-2005       OUTPSTAR
1                                      **OUTPUT DATA**
              207-THALLIUM-81
+                                    HALFLIFE = 4.77 MINUTES 
+                                                                  02-11-2005

            MODE OF DECAY: BETA MINUS
 
                                              MEAN
                                              NUMBER/                  MEV/
                                         ID   TRANSFOR-   ENERGY       TRANSFOR-
                  TYPE OF RADIATION      NO.  MATION      (MEV)        MATION

           BETA MINUS                     3   9.97E-01    4.960E-01*   4.95E-01
           GAMMA-RAY                      1   1.40E-05    3.281E-01    4.59E-06
           GAMMA-RAY                      2   1.59E-05    5.696E-01    9.06E-06
           GAMMA-RAY                      3   2.60E-03    8.978E-01    2.33E-03
 
           ALL LISTED X-RAYS, GAMMA-RAYS AND ANNIHILATION RADIATION    2.35E-03
           ALL NEGLECTED X-RAYS, GAMMA-RAYS AND ANNIH. RADIATION**     4.52E-06
           ALL LISTED BETAS, INTERNAL CONVERSION AND AUGER ELECTRONS   4.95E-01
           ALL NEGLECTED BETAS, INT. CONVERSION AND AUGER ELECTRONS**  4.79E-04
           ALL LISTED RADIATIONS                                       4.97E-01
           ALL NEGLECTED RADIATIONS**                                  4.84E-04
 
           *  AVERAGE ENERGY (MEV)
           ** EACH NEGLECTED TRANSITION CONTRIBUTES LESS THAN  0.100%
              TO THE TOTAL MEV/TRANSFORMATION FOR THIS CATEGORY.
           TOTAL FEEDING OF GROUND STATE LEVEL IN 207-LEAD
             DAUGHTER IS 1.0000E+00 PER TRANSFORMATION OF 207-THALLIUM.
             THIS DAUGHTER GROUND STATE IS STABLE.
           - - - - - - - - - -
           INPUT DATA SOURCE: EVALUATED NUCLEAR STRUCTURE DATA FILE (ENSDF)
             DATE INPUT DATA WERE ENTERED INTO ENSDF: Feb-1994
%%%% 207 TL  81    B-           2.86200E+02 4.77 M     02-11-2005       OUTPEND 
%%%% 207 TL  81    B-           2.86200E+02 4.77 M     02-11-2005       BETASTAR
1
              207-THALLIUM-81
+                                    HALFLIFE = 4.77 MINUTES 
+                                                                  02-11-2005

            BETA SPECTRUM DATA FOR ALL DECAY BRANCHES

                      BETAS PER                BETAS PER                BETAS PER
            ENERGY    MEV            ENERGY    MEV            ENERGY    MEV
            (MEV)     PER DECAY      (MEV)     PER DECAY      (MEV)     PER DECAY

            0.00000   9.113E-01      0.00260   9.127E-01      0.07500   9.923E-01
            0.00010   9.114E-01      0.00280   9.128E-01      0.08000   9.977E-01
            0.00011   9.114E-01      0.00300   9.129E-01      0.08500   1.003E+00
            0.00012   9.114E-01      0.00320   9.130E-01      0.09000   1.008E+00
            0.00013   9.114E-01      0.00360   9.132E-01      0.10000   1.018E+00
            0.00014   9.114E-01      0.00400   9.134E-01      0.11000   1.028E+00
            0.00015   9.114E-01      0.00450   9.137E-01      0.12000   1.037E+00
            0.00016   9.114E-01      0.00500   9.139E-01      0.13000   1.046E+00
            0.00018   9.114E-01      0.00550   9.142E-01      0.14000   1.055E+00
            0.00020   9.114E-01      0.00600   9.144E-01      0.15000   1.063E+00
            0.00022   9.114E-01      0.00650   9.147E-01      0.16000   1.070E+00
            0.00024   9.115E-01      0.00700   9.149E-01      0.18000   1.084E+00
            0.00026   9.115E-01      0.00750   9.152E-01      0.20000   1.097E+00
            0.00028   9.115E-01      0.00800   9.154E-01      0.22000   1.107E+00
            0.00030   9.115E-01      0.00850   9.157E-01      0.24000   1.116E+00
            0.00032   9.115E-01      0.00900   9.159E-01      0.26000   1.123E+00
            0.00036   9.115E-01      0.01000   9.164E-01      0.28000   1.129E+00
            0.00040   9.115E-01      0.01100   9.169E-01      0.30000   1.132E+00
            0.00045   9.116E-01      0.01200   9.173E-01      0.32000   1.134E+00
            0.00050   9.116E-01      0.01300   9.178E-01      0.36000   1.133E+00
            0.00055   9.116E-01      0.01400   9.183E-01      0.40000   1.124E+00
            0.00060   9.116E-01      0.01500   9.188E-01      0.45000   1.105E+00
            0.00065   9.117E-01      0.01600   9.192E-01      0.50000   1.076E+00
            0.00070   9.117E-01      0.01800   9.227E-01      0.55000   1.038E+00
            0.00075   9.117E-01      0.02000   9.254E-01      0.60000   9.918E-01
            0.00080   9.117E-01      0.02200   9.281E-01      0.65000   9.375E-01
            0.00085   9.118E-01      0.02400   9.307E-01      0.70000   8.763E-01
            0.00090   9.118E-01      0.02600   9.334E-01      0.75000   8.091E-01
            0.00100   9.118E-01      0.02800   9.360E-01      0.80000   7.370E-01
            0.00110   9.119E-01      0.03000   9.386E-01      0.85000   6.614E-01
            0.00120   9.120E-01      0.03200   9.411E-01      0.90000   5.833E-01
            0.00130   9.120E-01      0.03600   9.463E-01      1.00000   4.255E-01
            0.00140   9.121E-01      0.04000   9.513E-01      1.10000   2.754E-01
            0.00150   9.121E-01      0.04500   9.575E-01      1.20000   1.455E-01
            0.00160   9.122E-01      0.05000   9.636E-01      1.30000   4.966E-02
            0.00180   9.123E-01      0.05500   9.695E-01      1.40000   2.436E-03
            0.00200   9.124E-01      0.06000   9.754E-01      1.42700   0.000E+00
            0.00220   9.125E-01      0.06500   9.811E-01
            0.00240   9.126E-01      0.07000   9.868E-01

            AVERAGE BETA ENERGY =   4.951E-01

            TOTAL BETAS PER DECAY FOR ALL BRANCHES =   1.000E+00
%%%% 207 TL  81    B-           2.86200E+02 4.77 M     02-11-2005       BETAEND 
%%%% 207 TL  81    B-           2.86200E+02 4.77 M     02-11-2005       SEEISTAR
207.  THALLIUM     81.  4.770E+00 MINUTES  108 B-                   207.TL 81.   0
 5 1  2.68000E-01  1.58021E-01  5.29240E-01  0.00000E+00            207.TL 81.   1   1
 5 2  7.99999E-05  2.76297E-01  8.57360E-01  1.00000E+00            207.TL 81.   2   2
 5 3  9.97319E+01  4.96021E-01  1.42700E+00  0.00000E+00            207.TL 81.   3   3
 1 1  1.40000E-03  3.28100E-01  3.28100E-01  0.00000E+00            207.TL 81.   4   1
 6 1  4.04147E-04  2.39810E-01  2.39810E-01  1.00000E+00            207.TL 81.   5   1
 6 5  6.23783E-05  3.12253E-01  3.12253E-01  1.00000E+00            207.TL 81.   6   5
 6 6  5.83242E-06  3.12849E-01  3.12849E-01  1.00000E+00            207.TL 81.   7   6
 6 7  4.41721E-07  3.15060E-01  3.15060E-01  1.00000E+00            207.TL 81.   8   7
 6 3  1.61498E-05  3.25045E-01  3.25045E-01  1.00000E+00            207.TL 81.   9   3
 6 4  5.19680E-06  3.28100E-01  3.28100E-01  1.00000E+00            207.TL 81.  10   4
 1 2  1.59000E-03  5.69620E-01  5.69620E-01  0.00000E+00            207.TL 81.  11   2
 6 1  2.54177E-05  4.81330E-01  4.81330E-01  2.00000E+00            207.TL 81.  12   1
 6 5  3.75132E-06  5.53773E-01  5.53773E-01  2.00000E+00            207.TL 81.  13   5
 6 6  2.48873E-06  5.54369E-01  5.54369E-01  2.00000E+00            207.TL 81.  14   6
 6 7  8.69145E-07  5.56580E-01  5.56580E-01  2.00000E+00            207.TL 81.  15   7
 6 3  1.75583E-06  5.66565E-01  5.66565E-01  2.00000E+00            207.TL 81.  16   3
 6 4  5.55192E-07  5.69620E-01  5.69620E-01  2.00000E+00            207.TL 81.  17   4
 1 3  2.60000E-01  8.97770E-01  8.97770E-01  0.00000E+00            207.TL 81.  18   3
 6 1  5.31075E-03  8.09480E-01  8.09480E-01  3.00000E+00            207.TL 81.  19   1
 6 5  8.07168E-04  8.81923E-01  8.81923E-01  3.00000E+00            207.TL 81.  20   5
 6 6  6.38965E-05  8.82519E-01  8.82519E-01  3.00000E+00            207.TL 81.  21   6
 6 7  5.27425E-06  8.84730E-01  8.84730E-01  3.00000E+00            207.TL 81.  22   7
 6 3  2.04718E-04  8.94715E-01  8.94715E-01  3.00000E+00            207.TL 81.  23   3
 6 4  6.59144E-05  8.97770E-01  8.97770E-01  3.00000E+00            207.TL 81.  24   4
 2 1  1.61968E-03  7.30390E-02  7.30390E-02  0.00000E+00            207.TL 81.  25   1
 2 2  2.72027E-03  7.52501E-02  7.52501E-02  0.00000E+00            207.TL 81.  26   2
 2 3  3.03024E-04  8.47407E-02  8.47407E-02  0.00000E+00            207.TL 81.  27   3
 2 4  5.86947E-04  8.52354E-02  8.52354E-02  0.00000E+00            207.TL 81.  28   4
 2 5  8.26026E-06  8.56955E-02  8.56955E-02  0.00000E+00            207.TL 81.  29   5
 2 6  9.99728E-06  8.58009E-02  8.58009E-02  0.00000E+00            207.TL 81.  30   6
 2 7  7.22643E-05  8.75342E-02  8.75342E-02  0.00000E+00            207.TL 81.  31   7
 2 8  1.42003E-04  8.76558E-02  8.76558E-02  0.00000E+00            207.TL 81.  32   8
 2 9  2.19600E-06  8.78546E-02  8.78546E-02  0.00000E+00            207.TL 81.  33   9
 210  2.65374E-06  8.78775E-02  8.78775E-02  0.00000E+00            207.TL 81.  34  10
 211  1.68030E-05  8.81791E-02  8.81791E-02  0.00000E+00            207.TL 81.  35  11
 212  3.25567E-05  8.82024E-02  8.82024E-02  0.00000E+00            207.TL 81.  36  12
 213  2.84512E-07  8.82612E-02  8.82612E-02  0.00000E+00            207.TL 81.  37  13
 214  3.32449E-07  8.82640E-02  8.82640E-02  0.00000E+00            207.TL 81.  38  14
 215  3.77401E-07  8.82829E-02  8.82829E-02  0.00000E+00            207.TL 81.  39  15
 216  5.78796E-07  8.82846E-02  8.82846E-02  0.00000E+00            207.TL 81.  40  16
 221  1.18843E-08  5.96000E-04  5.96000E-04  0.00000E+00            207.TL 81.  41  21
 222  3.04468E-06  2.80700E-03  2.80700E-03  0.00000E+00            207.TL 81.  42  22
 223  3.34523E-05  1.22977E-02  1.22977E-02  0.00000E+00            207.TL 81.  43  23
 224  3.65305E-05  1.27924E-02  1.27924E-02  0.00000E+00            207.TL 81.  44  24
 225  1.20774E-06  1.32523E-02  1.32523E-02  0.00000E+00            207.TL 81.  45  25
 226  1.80731E-06  1.33580E-02  1.33580E-02  0.00000E+00            207.TL 81.  46  26
 227  8.60898E-06  1.50910E-02  1.50910E-02  0.00000E+00            207.TL 81.  47  27
 228  1.02487E-05  1.52127E-02  1.52127E-02  0.00000E+00            207.TL 81.  48  28
 229  1.85584E-07  1.54118E-02  1.54118E-02  0.00000E+00            207.TL 81.  49  29
 230  2.93642E-07  1.54345E-02  1.54345E-02  0.00000E+00            207.TL 81.  50  30
 231  1.68641E-06  1.57361E-02  1.57361E-02  0.00000E+00            207.TL 81.  51  31
 232  1.97240E-06  1.57594E-02  1.57594E-02  0.00000E+00            207.TL 81.  52  32
 233  2.16447E-08  1.58182E-02  1.58182E-02  0.00000E+00            207.TL 81.  53  33
 234  3.38152E-08  1.58210E-02  1.58210E-02  0.00000E+00            207.TL 81.  54  34
 235  4.56854E-08  1.58400E-02  1.58400E-02  0.00000E+00            207.TL 81.  55  35
 236  4.30580E-08  1.58417E-02  1.58417E-02  0.00000E+00            207.TL 81.  56  36
 241  1.98876E-08  2.21100E-03  2.21100E-03  0.00000E+00            207.TL 81.  57  41
 242  1.60078E-05  1.14267E-02  1.14267E-02  0.00000E+00            207.TL 81.  58  42
 243  6.56879E-07  1.21964E-02  1.21964E-02  0.00000E+00            207.TL 81.  59  43
 244  5.88348E-04  1.26563E-02  1.26563E-02  0.00000E+00            207.TL 81.  60  44
 245  4.13217E-06  1.43743E-02  1.43743E-02  0.00000E+00            207.TL 81.  61  45
 246  1.82390E-07  1.46167E-02  1.46167E-02  0.00000E+00            207.TL 81.  62  46
 247  1.20142E-04  1.48158E-02  1.48158E-02  0.00000E+00            207.TL 81.  63  47
 248  5.06528E-07  1.50980E-02  1.50980E-02  0.00000E+00            207.TL 81.  64  48
 249  8.81405E-07  1.50981E-02  1.50981E-02  0.00000E+00            207.TL 81.  65  49
 250  3.67577E-08  1.51634E-02  1.51634E-02  0.00000E+00            207.TL 81.  66  50
 251  1.48679E-05  1.52222E-02  1.52222E-02  0.00000E+00            207.TL 81.  67  51
 253  1.14384E-07  1.52359E-02  1.52359E-02  0.00000E+00            207.TL 81.  68  53
 254  7.64475E-10  1.52457E-02  1.52457E-02  0.00000E+00            207.TL 81.  69  54
 261  5.99795E-05  9.21569E-03  9.21569E-03  0.00000E+00            207.TL 81.  70  61
 262  6.30160E-07  9.49069E-03  9.49069E-03  0.00000E+00            207.TL 81.  71  62
 263  5.69656E-07  9.98540E-03  9.98540E-03  0.00000E+00            207.TL 81.  72  63
 264  1.04924E-04  1.04453E-02  1.04453E-02  0.00000E+00            207.TL 81.  73  64
 265  9.23662E-04  1.05510E-02  1.05510E-02  0.00000E+00            207.TL 81.  74  65
 266  1.33984E-05  1.21633E-02  1.21633E-02  0.00000E+00            207.TL 81.  75  66
 267  1.42490E-07  1.22840E-02  1.22840E-02  0.00000E+00            207.TL 81.  76  67
 268  1.46032E-07  1.24057E-02  1.24057E-02  0.00000E+00            207.TL 81.  77  68
 269  1.96532E-05  1.26048E-02  1.26048E-02  0.00000E+00            207.TL 81.  78  69
 270  1.77758E-04  1.26275E-02  1.26275E-02  0.00000E+00            207.TL 81.  79  70
 271  1.55677E-07  1.28869E-02  1.28869E-02  0.00000E+00            207.TL 81.  80  71
 272  8.69087E-07  1.28921E-02  1.28921E-02  0.00000E+00            207.TL 81.  81  72
 273  2.90996E-06  1.28872E-02  1.28872E-02  0.00000E+00            207.TL 81.  82  73
 274  2.98193E-08  1.29291E-02  1.29291E-02  0.00000E+00            207.TL 81.  83  74
 275  3.08687E-08  1.29524E-02  1.29524E-02  0.00000E+00            207.TL 81.  84  75
 276  2.39714E-06  1.30112E-02  1.30112E-02  0.00000E+00            207.TL 81.  85  76
 277  2.12393E-05  1.30140E-02  1.30140E-02  0.00000E+00            207.TL 81.  86  77
 280  3.67519E-07  1.30249E-02  1.30249E-02  0.00000E+00            207.TL 81.  87  80
 281  7.32909E-10  1.30330E-02  1.30330E-02  0.00000E+00            207.TL 81.  88  81
 282  6.01379E-10  1.30347E-02  1.30347E-02  0.00000E+00            207.TL 81.  89  82
 291  3.24880E-04  2.37933E-03  2.37933E-03  0.00000E+00            207.TL 81.  90  91
 292  6.89012E-06  3.40669E-04  3.40669E-04  0.00000E+00            207.TL 81.  91  92
 293  6.65196E-08  7.36036E-05  7.36036E-05  0.00000E+00            207.TL 81.  92  93
 294  8.60653E-02  2.66205E-05  2.66205E-05  0.00000E+00            207.TL 81.  93  94
 7 1  1.37177E-04  5.87487E-02  5.87487E-02  0.00000E+00            207.TL 81.  94   1
 7 2  7.50208E-05  7.07077E-02  7.07077E-02  0.00000E+00            207.TL 81.  95   2
 7 3  9.89206E-06  8.26805E-02  8.26805E-02  0.00000E+00            207.TL 81.  96   3
 7 4  9.86236E-04  9.72016E-04  9.72016E-04  0.00000E+00            207.TL 81.  97   4
 7 5  2.33066E-03  8.03522E-03  8.03522E-03  0.00000E+00            207.TL 81.  98   5
 7 6  1.03070E-03  1.04098E-02  1.04098E-02  0.00000E+00            207.TL 81.  99   6
 7 7  1.09184E-04  1.28111E-02  1.28111E-02  0.00000E+00            207.TL 81. 100   7
 7 8  3.24674E-03  4.21041E-04  4.21041E-04  0.00000E+00            207.TL 81. 101   8
 7 9  7.84967E-03  1.91005E-03  1.91005E-03  0.00000E+00            207.TL 81. 102   9
 710  9.78126E-04  2.17014E-03  2.17014E-03  0.00000E+00            207.TL 81. 103  10
 711  4.95439E-05  2.55979E-03  2.55979E-03  0.00000E+00            207.TL 81. 104  11
 712  1.46880E-02  1.73758E-04  1.73758E-04  0.00000E+00            207.TL 81. 105  12
 713  2.78684E-02  8.22191E-05  8.22191E-05  0.00000E+00            207.TL 81. 106  13
 714  1.93294E-02  4.21733E-05  4.21733E-05  0.00000E+00            207.TL 81. 107  14
 715  2.73409E-05  1.08883E-04  1.08883E-04  0.00000E+00            207.TL 81. 108  15
%%%% 207 TL  81    B-           2.86200E+02 4.77 M     02-11-2005       SEEIEND 
 


   ***************************************************** 
   *                 Radiation Summary                 * 
   ***************************************************** 
 
  Energy released by
    Gamma-ray                       (MeV) =   2.34785E-03
    X-ray                           (MeV) =   4.50178E-06
    Free-bound X-ray                (MeV) =   2.29110E-08
    Annihilation photon             (MeV) =   0.00000E+00
    Beta+ particle                  (MeV) =   0.00000E+00
    Neutrino                        (MeV) =   0.00000E+00
    Beta- particle                  (MeV) =   4.95115E-01
    Neutrino-                       (MeV) =   9.29479E-01
    Internal conv. electron         (MeV) =   5.45701E-05
    Auger and CK electron           (MeV) =   7.02669E-07
    Alpha particle                  (MeV) =   0.00000E+00
    Recoil nucleus                  (MeV) =   0.00000E+00
  E-total (except unplaced radiat.) (MeV) =   1.42700E+00
  E-unplaced radiation              (MeV) =   0.00000E+00
  Q-value from ENSDF data           (MeV) =   1.42700E+00
  Ratio of E-total/Q-value          ( % ) =   1.00000E+02
  Ratio of E-unplaced radi./Q-value ( % ) =   0.00000E+00

 
  Total yield of
    Gamma-ray                             =   2.62990E-03
    X-ray                                 =   8.02402E-05
    Free-bound X-ray                      =   8.60653E-04
    Annihilation photon                   =   0.00000E+00
    Beta+ particle                        =   0.00000E+00
    Beta- particle                        =   1.00000E+00
    Internal conv. electron               =   6.98671E-05
    Auger and CK electron                 =   7.87161E-04
    Alpha particle                        =   0.00000E+00
  Yield of unplaced radiation             =   0.00000E+00


