%%%% 178 W   74    EC           1.86624E+06 21.6 D     02-11-2005       BALASTAR
1 178   W   74 21.6 D          EC         
1INTENSITY AND ENERGY BALANCE DATA

              178-TUNGSTEN-74
+                                    HALFLIFE = 21.6 DAYS    
+                                                                  02-11-2005


    LEVEL       INTENSITY   INTENSITY
    ENERGY      ENTERING    LEAVING     PERCENT
    (MEV)       LEVEL       LEVEL       ERROR

   0.0000E+00  1.0000E+02


 INTENSITY TO GROUND AND ISOMERIC STATE(S) OF DAUGHTER(S)=  1.000E+02
 TOTAL INTENSITY FROM PARENT=  1.000E+02
 PERCENT ERROR =  0.000E+00                      


 TOTAL INTENSITY FROM PARENT =  1.000E+02
 VALUE IS WITHIN   0.00E+00% OF 100                      


 TOTAL ENERGY AVAILABLE =  9.130E-02 MEV
 TOTAL ENERGY CONTENT OF ALL RADIATIONS =  9.130E-02 MEV
 PERCENT ERROR =  0.000E+00                      
%%%% 178 W   74    EC           1.86624E+06 21.6 D     02-11-2005       BALAEND 
%%%% 178 W   74    EC           1.86624E+06 21.6 D     02-11-2005       INPUSTAR
1                                      **INPUT DATA**
              178-TUNGSTEN-74
+                                    HALFLIFE = 21.6 DAYS    
+                                                                  02-11-2005

            MODE OF DECAY: ELECTRON CAPTURE
 
                                MEAN
                                NUMBER/    TRANSITION
                TYPE OF    ID   TRANSFOR-  ENERGY
              TRANSITION   NO.  MATION     (MEV)       OTHER NUCLEAR PARAMETERS

           ELECT. CAPTURE   1   1.00E+00   9.130E-02   ALLOWED                                  
 
           - - - - - - - - - -
           Reference: Evaluated Nuclear Structure Data File (ENSDF)
                DATE DATA WERE ENTERED INTO ENSDF: Aug-1994
%%%% 178 W   74    EC           1.86624E+06 21.6 D     02-11-2005       INPUEND 
%%%% 178 W   74    EC           1.86624E+06 21.6 D     02-11-2005       OUTPSTAR
1                                      **OUTPUT DATA**
              178-TUNGSTEN-74
+                                    HALFLIFE = 21.6 DAYS    
+                                                                  02-11-2005

            MODE OF DECAY: ELECTRON CAPTURE
 
                                              MEAN
                                              NUMBER/                  MEV/
                                         ID   TRANSFOR-   ENERGY       TRANSFOR-
                  TYPE OF RADIATION      NO.  MATION      (MEV)        MATION

           K -L2 X-RAY                        7.02E-02    5.640E-02    3.96E-03
           K -L3 X-RAY                        1.22E-01    5.769E-02    7.06E-03
           K -M2 X-RAY                        1.31E-02    6.510E-02    8.52E-04
           K -M3 X-RAY                        2.53E-02    6.538E-02    1.65E-03
           K -M4 X-RAY                        2.74E-04    6.576E-02    1.80E-05
           K -M5 X-RAY                        3.47E-04    6.582E-02    2.29E-05
           K -N2 X-RAY                        2.96E-03    6.710E-02    1.99E-04
           K -N3 X-RAY                        5.74E-03    6.717E-02    3.85E-04
           K -O2 X-RAY                        6.71E-04    6.751E-02    4.53E-05
           K -O3 X-RAY                        1.38E-03    6.752E-02    9.35E-05
           L1-M2 X-RAY                        1.20E-02    9.195E-03    1.11E-04
           L1-M3 X-RAY                        1.53E-02    9.472E-03    1.45E-04
           L1-N2 X-RAY                        2.94E-03    1.119E-02    3.29E-05
           L1-N3 X-RAY                        3.95E-03    1.126E-02    4.44E-05
           L2-M4 X-RAY                        3.61E-02    9.361E-03    3.38E-04
           L2-N4 X-RAY                        6.64E-03    1.092E-02    7.25E-05
           L3-M1 X-RAY                        5.88E-03    7.195E-03    4.23E-05
           L3-M4 X-RAY                        9.88E-03    8.077E-03    7.98E-05
           L3-M5 X-RAY                        8.72E-02    8.138E-03    7.10E-04
           L3-N4 X-RAY                        1.71E-03    9.637E-03    1.65E-05
           L3-N5 X-RAY                        1.53E-02    9.648E-03    1.48E-04
           M X-RAY                            3.04E-02    1.708E-03*   5.20E-05
           Free-Bound X-RAY                   9.51E+00    2.473E-05*   2.35E-04
           AUGER KLL                          7.47E-03    4.585E-02*   3.43E-04
           AUGER KLX                          3.89E-03    5.472E-02*   2.13E-04
           AUGER KXY                          4.88E-04    6.361E-02*   3.10E-05
           CK LLX                             3.61E-01    5.322E-04*   1.92E-04
           AUGER LMM                          3.86E-01    6.389E-03*   2.47E-03
           AUGER LMX                          1.46E-01    8.089E-03*   1.18E-03
           AUGER LXY                          1.39E-02    9.827E-03*   1.36E-04
           CK MMX                             6.52E-01    3.206E-04*   2.09E-04
           AUGER MNN                          1.41E+00    1.418E-03*   1.99E-03
           AUGER MNX                          8.16E-02    1.602E-03*   1.31E-04
           AUGER MXY                          4.80E-03    1.843E-03*   8.85E-06
           CK NNX                             3.22E+00    1.603E-04*   5.16E-04
           AUGER NXY                          1.12E-01    3.099E-04*   3.46E-05
           CK OOX                             8.53E-01    1.216E-05*   1.04E-05
           AUGER OXY                          1.20E+00    2.736E-05*   3.27E-05
 
           ALL LISTED X-RAYS, GAMMA-RAYS AND ANNIHILATION RADIATION    1.63E-02
           ALL NEGLECTED X-RAYS, GAMMA-RAYS AND ANNIH. RADIATION**     6.32E-05
           ALL LISTED BETAS, INTERNAL CONVERSION AND AUGER ELECTRONS   7.50E-03
           ALL LISTED RADIATIONS                                       2.38E-02
           ALL NEGLECTED RADIATIONS**                                  6.32E-05
 
           *  AVERAGE ENERGY (MEV)
           ** EACH NEGLECTED TRANSITION CONTRIBUTES LESS THAN  0.100%
              TO THE TOTAL MEV/TRANSFORMATION FOR THIS CATEGORY.
           TOTAL FEEDING OF GROUND STATE LEVEL IN 178-TANTALUM
             DAUGHTER IS 1.0000E+00 PER TRANSFORMATION OF 178-TUNGSTEN.
             DECAY OF THIS 9.31 MINUTES HALFLIFE LEVEL WILL CONTRIBUTE TO DOSE.
           - - - - - - - - - -
           INPUT DATA SOURCE: EVALUATED NUCLEAR STRUCTURE DATA FILE (ENSDF)
             DATE INPUT DATA WERE ENTERED INTO ENSDF: Aug-1994
%%%% 178 W   74    EC           1.86624E+06 21.6 D     02-11-2005       OUTPEND 
%%%% 178 W   74    EC           1.86624E+06 21.6 D     02-11-2005       SEEISTAR
178.  TUNGSTEN     74.  2.160E+01 DAYS      75 EC                   178.W  74.   0
 2 1  7.01921E+00  5.64020E-02  5.64020E-02  0.00000E+00            178.W  74.   1   1
 2 2  1.22329E+01  5.76858E-02  5.76858E-02  0.00000E+00            178.W  74.   2   2
 2 3  1.30925E+00  6.51037E-02  6.51037E-02  0.00000E+00            178.W  74.   3   3
 2 4  2.52979E+00  6.53809E-02  6.53809E-02  0.00000E+00            178.W  74.   4   4
 2 5  2.74227E-02  6.57627E-02  6.57627E-02  0.00000E+00            178.W  74.   5   5
 2 6  3.47488E-02  6.58234E-02  6.58234E-02  0.00000E+00            178.W  74.   6   6
 2 7  2.96071E-01  6.71036E-02  6.71036E-02  0.00000E+00            178.W  74.   7   7
 2 8  5.73580E-01  6.71676E-02  6.71676E-02  0.00000E+00            178.W  74.   8   8
 2 9  6.54191E-03  6.73227E-02  6.73227E-02  0.00000E+00            178.W  74.   9   9
 210  8.24845E-03  6.73343E-02  6.73343E-02  0.00000E+00            178.W  74.  10  10
 211  6.70643E-02  6.75139E-02  6.75139E-02  0.00000E+00            178.W  74.  11  11
 212  1.38421E-01  6.75232E-02  6.75232E-02  0.00000E+00            178.W  74.  12  12
 213  1.25523E-04  6.75581E-02  6.75581E-02  0.00000E+00            178.W  74.  13  13
 214  1.50871E-04  6.75587E-02  6.75587E-02  0.00000E+00            178.W  74.  14  14
 221  6.25001E-04  4.93000E-04  4.93000E-04  0.00000E+00            178.W  74.  15  21
 222  6.86781E-02  1.77680E-03  1.77680E-03  0.00000E+00            178.W  74.  16  22
 223  1.20477E+00  9.19462E-03  9.19462E-03  0.00000E+00            178.W  74.  17  23
 224  1.53104E+00  9.47190E-03  9.47190E-03  0.00000E+00            178.W  74.  18  24
 225  3.39504E-02  9.85371E-03  9.85371E-03  0.00000E+00            178.W  74.  19  25
 226  5.08634E-02  9.91440E-03  9.91440E-03  0.00000E+00            178.W  74.  20  26
 227  2.94038E-01  1.11946E-02  1.11946E-02  0.00000E+00            178.W  74.  21  27
 228  3.94804E-01  1.12586E-02  1.12586E-02  0.00000E+00            178.W  74.  22  28
 229  4.75606E-03  1.14136E-02  1.14136E-02  0.00000E+00            178.W  74.  23  29
 230  7.41417E-03  1.14253E-02  1.14253E-02  0.00000E+00            178.W  74.  24  30
 231  4.38101E-02  1.16049E-02  1.16049E-02  0.00000E+00            178.W  74.  25  31
 232  5.68771E-02  1.16141E-02  1.16141E-02  0.00000E+00            178.W  74.  26  32
 233  8.41027E-05  1.16490E-02  1.16490E-02  0.00000E+00            178.W  74.  27  33
 234  1.26033E-04  1.16497E-02  1.16497E-02  0.00000E+00            178.W  74.  28  34
 241  4.27976E-05  1.28380E-03  1.28380E-03  0.00000E+00            178.W  74.  29  41
 242  1.03308E-01  8.47829E-03  8.47829E-03  0.00000E+00            178.W  74.  30  42
 243  3.10108E-03  8.97890E-03  8.97890E-03  0.00000E+00            178.W  74.  31  43
 244  3.60999E+00  9.36071E-03  9.36071E-03  0.00000E+00            178.W  74.  32  44
 245  2.42390E-02  1.06084E-02  1.06084E-02  0.00000E+00            178.W  74.  33  45
 246  7.96382E-04  1.07657E-02  1.07657E-02  0.00000E+00            178.W  74.  34  46
 247  6.64217E-01  1.09205E-02  1.09205E-02  0.00000E+00            178.W  74.  35  47
 248  1.62248E-03  1.11269E-02  1.11269E-02  0.00000E+00            178.W  74.  36  48
 249  4.60137E-03  1.10842E-02  1.10842E-02  0.00000E+00            178.W  74.  37  49
 250  1.67579E-04  1.11211E-02  1.11211E-02  0.00000E+00            178.W  74.  38  50
 251  1.22901E-02  1.11560E-02  1.11560E-02  0.00000E+00            178.W  74.  39  51
 261  5.87875E-01  7.19450E-03  7.19450E-03  0.00000E+00            178.W  74.  40  61
 262  4.91636E-03  7.41780E-03  7.41780E-03  0.00000E+00            178.W  74.  41  62
 263  4.47077E-03  7.69510E-03  7.69510E-03  0.00000E+00            178.W  74.  42  63
 264  9.88006E-01  8.07689E-03  8.07689E-03  0.00000E+00            178.W  74.  43  64
 265  8.72238E+00  8.13761E-03  8.13761E-03  0.00000E+00            178.W  74.  44  65
 266  1.06698E-01  9.32460E-03  9.32460E-03  0.00000E+00            178.W  74.  45  66
 267  1.01662E-03  9.41779E-03  9.41779E-03  0.00000E+00            178.W  74.  46  67
 268  9.98157E-04  9.48180E-03  9.48180E-03  0.00000E+00            178.W  74.  47  68
 269  1.70764E-01  9.63674E-03  9.63674E-03  0.00000E+00            178.W  74.  48  69
 270  1.53073E+00  9.64849E-03  9.64849E-03  0.00000E+00            178.W  74.  49  70
 271  7.32641E-04  9.84308E-03  9.84308E-03  0.00000E+00            178.W  74.  50  71
 272  4.11608E-03  9.84515E-03  9.84515E-03  0.00000E+00            178.W  74.  51  72
 273  2.14262E-02  9.80039E-03  9.80039E-03  0.00000E+00            178.W  74.  52  73
 274  2.19067E-04  9.82806E-03  9.82806E-03  0.00000E+00            178.W  74.  53  74
 275  2.03923E-04  9.83731E-03  9.83731E-03  0.00000E+00            178.W  74.  54  75
 276  3.13213E-03  9.87220E-03  9.87220E-03  0.00000E+00            178.W  74.  55  76
 277  2.68622E-02  9.87291E-03  9.87291E-03  0.00000E+00            178.W  74.  56  77
 291  3.04185E+00  1.70816E-03  1.70816E-03  0.00000E+00            178.W  74.  57  91
 292  7.06213E-02  2.31582E-04  2.31582E-04  0.00000E+00            178.W  74.  58  92
 293  9.02188E-05  3.56603E-05  3.56603E-05  0.00000E+00            178.W  74.  59  93
 294  9.50542E+02  2.47285E-05  2.47285E-05  0.00000E+00            178.W  74.  60  94
 7 1  7.47383E-01  4.58458E-02  4.58458E-02  0.00000E+00            178.W  74.  61   1
 7 2  3.89329E-01  5.47234E-02  5.47234E-02  0.00000E+00            178.W  74.  62   2
 7 3  4.87938E-02  6.36130E-02  6.36130E-02  0.00000E+00            178.W  74.  63   3
 7 4  3.60974E+01  5.32250E-04  5.32250E-04  0.00000E+00            178.W  74.  64   4
 7 5  3.86201E+01  6.38901E-03  6.38901E-03  0.00000E+00            178.W  74.  65   5
 7 6  1.46070E+01  8.08924E-03  8.08924E-03  0.00000E+00            178.W  74.  66   6
 7 7  1.38836E+00  9.82666E-03  9.82666E-03  0.00000E+00            178.W  74.  67   7
 7 8  6.51982E+01  3.20583E-04  3.20583E-04  0.00000E+00            178.W  74.  68   8
 7 9  1.40576E+02  1.41753E-03  1.41753E-03  0.00000E+00            178.W  74.  69   9
 710  8.15934E+00  1.60201E-03  1.60201E-03  0.00000E+00            178.W  74.  70  10
 711  4.80261E-01  1.84340E-03  1.84340E-03  0.00000E+00            178.W  74.  71  11
 712  3.21908E+02  1.60259E-04  1.60259E-04  0.00000E+00            178.W  74.  72  12
 713  1.11693E+01  3.09868E-04  3.09868E-04  0.00000E+00            178.W  74.  73  13
 714  8.53021E+01  1.21569E-05  1.21569E-05  0.00000E+00            178.W  74.  74  14
 715  1.19557E+02  2.73603E-05  2.73603E-05  0.00000E+00            178.W  74.  75  15
%%%% 178 W   74    EC           1.86624E+06 21.6 D     02-11-2005       SEEIEND 
 


   ***************************************************** 
   *                 Radiation Summary                 * 
   ***************************************************** 
 
  Energy released by
    Gamma-ray                       (MeV) =   0.00000E+00
    X-ray                           (MeV) =   1.61404E-02
    Free-bound X-ray                (MeV) =   2.35055E-04
    Annihilation photon             (MeV) =   0.00000E+00
    Beta+ particle                  (MeV) =   0.00000E+00
    Neutrino                        (MeV) =   6.66404E-02
    Beta- particle                  (MeV) =   0.00000E+00
    Neutrino-                       (MeV) =   0.00000E+00
    Internal conv. electron         (MeV) =   0.00000E+00
    Auger and CK electron           (MeV) =   7.49919E-03
    Alpha particle                  (MeV) =   0.00000E+00
    Recoil nucleus                  (MeV) =   0.00000E+00
  E-total (except unplaced radiat.) (MeV) =   9.05151E-02
  E-unplaced radiation              (MeV) =   0.00000E+00
  Q-value from ENSDF data           (MeV) =   9.13000E-02
  Ratio of E-total/Q-value          ( % ) =   9.91403E+01
  Ratio of E-unplaced radi./Q-value ( % ) =   0.00000E+00

 
  Total yield of
    Gamma-ray                             =   0.00000E+00
    X-ray                                 =   4.76469E-01
    Free-bound X-ray                      =   9.50542E+00
    Annihilation photon                   =   0.00000E+00
    Beta+ particle                        =   0.00000E+00
    Beta- particle                        =   0.00000E+00
    Internal conv. electron               =   0.00000E+00
    Auger and CK electron                 =   8.44248E+00
    Alpha particle                        =   0.00000E+00
  Yield of unplaced radiation             =   0.00000E+00


