%%%% 181 W   74    EC           1.04717E+07  121.2 D   02-11-2005       BALASTAR
1 181   W   74  121.2 D        EC         
1INTENSITY AND ENERGY BALANCE DATA

              181-TUNGSTEN-74
+                                    HALFLIFE = 121.2 DAYS    
+                                                                  02-11-2005


    LEVEL       INTENSITY   INTENSITY
    ENERGY      ENTERING    LEAVING     PERCENT
    (MEV)       LEVEL       LEVEL       ERROR

   0.0000E+00  9.9704E+01
   6.2400E-03  7.3941E+01  7.3645E+01  4.0172E-01                      
   1.3628E-01  8.5910E-02  8.6200E-02  3.3709E-01                      
   1.5856E-01  1.8481E-02  1.8688E-02  1.1156E+00                      


 INTENSITY TO GROUND AND ISOMERIC STATE(S) OF DAUGHTER(S)=  9.970E+01
 TOTAL INTENSITY FROM PARENT=  1.000E+02
 PERCENT ERROR =  2.968E-01                      


 TOTAL INTENSITY FROM PARENT =  1.000E+02
 VALUE IS WITHIN   0.00E+00% OF 100                      


 TOTAL ENERGY AVAILABLE =  1.880E-01 MEV
 TOTAL ENERGY CONTENT OF ALL RADIATIONS =  1.880E-01 MEV
 PERCENT ERROR =  9.457E-03                      
%%%% 181 W   74    EC           1.04717E+07  121.2 D   02-11-2005       BALAEND 
%%%% 181 W   74    EC           1.04717E+07  121.2 D   02-11-2005       INPUSTAR
1                                      **INPUT DATA**
              181-TUNGSTEN-74
+                                    HALFLIFE = 121.2 DAYS    
+                                                                  02-11-2005

            MODE OF DECAY: ELECTRON CAPTURE
 
                                MEAN
                                NUMBER/    TRANSITION
                TYPE OF    ID   TRANSFOR-  ENERGY
              TRANSITION   NO.  MATION     (MEV)       OTHER NUCLEAR PARAMETERS

           ELECT. CAPTURE   1   1.85E-04   2.944E-02   FIRST FORBIDDEN                          
           ELECT. CAPTURE   2   8.59E-04   5.172E-02   ALLOWED                                  
           ELECT. CAPTURE   3   7.39E-01   1.818E-01   FIRST FORBIDDEN                          
           ELECT. CAPTURE   4   2.60E-01   1.880E-01   ALLOWED                                  
           I.C.E. + GAMMA   1   7.36E-01   6.240E-03   E1 MULTIPOLE                             
+                                                                    AK= 0.0                    
                                                       AL1=0.0       AL2=0.0                    
                                                       AL3=0.0       AM= 56.6                   
                                                       AN+=13.9                                 
           I.C.E. + GAMMA   2   8.62E-04   1.363E-01   M1+E2 MULTIPOLE                          
                                                       MRS=0.168     AK= 1.40                   
                                                       AL1=0.198     AL2=0.0547                 
                                                       AL3=0.0331    AM= 0.0667                 
                                                       AN+=0.0192                               
           I.C.E. + GAMMA   3   1.87E-04   1.523E-01   M1+E2 MULTIPOLE                          
                                                       MRS=0.250     AK= 0.982                  
                                                       AL1=0.138     AL2=0.0433                 
                                                       AL3=0.0264    AM= 0.0486                 
                                                       AN+=0.0140                               
 
           - - - - - - - - - -
           Reference: Evaluated Nuclear Structure Data File (ENSDF)
                DATE DATA WERE ENTERED INTO ENSDF: Feb-1991
%%%% 181 W   74    EC           1.04717E+07  121.2 D   02-11-2005       INPUEND 
%%%% 181 W   74    EC           1.04717E+07  121.2 D   02-11-2005       OUTPSTAR
1                                      **OUTPUT DATA**
              181-TUNGSTEN-74
+                                    HALFLIFE = 121.2 DAYS    
+                                                                  02-11-2005

            MODE OF DECAY: ELECTRON CAPTURE
 
                                              MEAN
                                              NUMBER/                  MEV/
                                         ID   TRANSFOR-   ENERGY       TRANSFOR-
                  TYPE OF RADIATION      NO.  MATION      (MEV)        MATION

           GAMMA-RAY                      1   1.03E-02    6.240E-03    6.43E-05
           M CONV. ELECTRON, GAMMA-RAY    1   5.83E-01    4.056E-03*   2.37E-03
           N+ CONV. ELECTRON, GAMMA-RAY   1   1.43E-01    6.240E-03*   8.92E-04
           GAMMA-RAY                      2   3.11E-04    1.363E-01    4.24E-05
           K CONV. ELECTRON, GAMMA-RAY    2   4.35E-04    6.871E-02    2.99E-05
           K -L2 X-RAY                        1.87E-01    5.640E-02    1.05E-02
           K -L3 X-RAY                        3.25E-01    5.769E-02    1.88E-02
           K -M2 X-RAY                        3.48E-02    6.510E-02    2.26E-03
           K -M3 X-RAY                        6.72E-02    6.538E-02    4.40E-03
           K -M4 X-RAY                        7.29E-04    6.576E-02    4.79E-05
           K -M5 X-RAY                        9.23E-04    6.582E-02    6.08E-05
           K -N2 X-RAY                        7.87E-03    6.710E-02    5.28E-04
           K -N3 X-RAY                        1.52E-02    6.717E-02    1.02E-03
           K -O2 X-RAY                        1.78E-03    6.751E-02    1.20E-04
           K -O3 X-RAY                        3.68E-03    6.752E-02    2.48E-04
           L1-M2 X-RAY                        5.77E-03    9.195E-03    5.30E-05
           L1-M3 X-RAY                        7.33E-03    9.472E-03    6.94E-05
           L2-M4 X-RAY                        5.48E-02    9.361E-03    5.13E-04
           L2-N4 X-RAY                        1.01E-02    1.092E-02    1.10E-04
           L3-M1 X-RAY                        6.52E-03    7.195E-03    4.69E-05
           L3-M4 X-RAY                        1.10E-02    8.077E-03    8.85E-05
           L3-M5 X-RAY                        9.67E-02    8.138E-03    7.87E-04
           L3-N5 X-RAY                        1.70E-02    9.648E-03    1.64E-04
           M X-RAY                            4.07E-02    1.708E-03*   6.96E-05
           Free-Bound X-RAY                   1.24E+01    2.494E-05*   3.09E-04
           AUGER KLL                          1.99E-02    4.585E-02*   9.10E-04
           AUGER KLX                          1.03E-02    5.472E-02*   5.66E-04
           AUGER KXY                          1.30E-03    6.361E-02*   8.25E-05
           CK LLX                             1.96E-01    5.835E-04*   1.14E-04
           AUGER LMM                          4.13E-01    6.338E-03*   2.62E-03
           AUGER LMX                          1.56E-01    8.027E-03*   1.25E-03
           AUGER LXY                          1.48E-02    9.749E-03*   1.44E-04
           CK MMX                             8.26E-01    3.141E-04*   2.59E-04
           AUGER MNN                          1.88E+00    1.419E-03*   2.67E-03
           AUGER MNX                          1.10E-01    1.603E-03*   1.76E-04
           CK NNX                             4.22E+00    1.604E-04*   6.76E-04
           AUGER NXY                          1.40E-01    3.021E-04*   4.23E-05
           CK OOX                             1.09E+00    1.199E-05*   1.30E-05
           AUGER OXY                          1.54E+00    2.736E-05*   4.22E-05
 
           ALL LISTED X-RAYS, GAMMA-RAYS AND ANNIHILATION RADIATION    4.03E-02
           ALL NEGLECTED X-RAYS, GAMMA-RAYS AND ANNIH. RADIATION**     1.45E-04
           ALL LISTED BETAS, INTERNAL CONVERSION AND AUGER ELECTRONS   1.29E-02
           ALL NEGLECTED BETAS, INT. CONVERSION AND AUGER ELECTRONS**  3.68E-05
           ALL LISTED RADIATIONS                                       5.31E-02
           ALL NEGLECTED RADIATIONS**                                  1.82E-04
 
           *  AVERAGE ENERGY (MEV)
           ** EACH NEGLECTED TRANSITION CONTRIBUTES LESS THAN  0.100%
              TO THE TOTAL MEV/TRANSFORMATION FOR THIS CATEGORY.
           TOTAL FEEDING OF GROUND STATE LEVEL IN 181-TANTALUM
             DAUGHTER IS 1.0000E+00 PER TRANSFORMATION OF 181-TUNGSTEN.
             THIS DAUGHTER GROUND STATE IS STABLE.
           - - - - - - - - - -
           INPUT DATA SOURCE: EVALUATED NUCLEAR STRUCTURE DATA FILE (ENSDF)
             DATE INPUT DATA WERE ENTERED INTO ENSDF: Feb-1991
%%%% 181 W   74    EC           1.04717E+07  121.2 D   02-11-2005       OUTPEND 
%%%% 181 W   74    EC           1.04717E+07  121.2 D   02-11-2005       SEEISTAR
181.  TUNGSTEN     74.  1.212E+02 DAYS      92 EC                   181.W  74.   0
 1 1  1.03000E+00  6.24000E-03  6.24000E-03  0.00000E+00            181.W  74.   1   1
 6 3  5.83145E+01  4.05590E-03  4.05590E-03  1.00000E+00            181.W  74.   2   3
 6 4  1.43005E+01  6.24000E-03  6.24000E-03  1.00000E+00            181.W  74.   3   4
 1 2  3.11000E-02  1.36280E-01  1.36280E-01  0.00000E+00            181.W  74.   4   2
 6 1  4.35364E-02  6.87150E-02  6.87150E-02  2.00000E+00            181.W  74.   5   1
 6 5  6.16030E-03  1.24624E-01  1.24624E-01  2.00000E+00            181.W  74.   6   5
 6 6  1.70197E-03  1.25117E-01  1.25117E-01  2.00000E+00            181.W  74.   7   6
 6 7  1.02912E-03  1.26401E-01  1.26401E-01  2.00000E+00            181.W  74.   8   7
 6 3  2.07505E-03  1.34096E-01  1.34096E-01  2.00000E+00            181.W  74.   9   3
 6 4  5.97520E-04  1.36280E-01  1.36280E-01  2.00000E+00            181.W  74.  10   4
 1 3  8.30000E-03  1.52320E-01  1.52320E-01  0.00000E+00            181.W  74.  11   3
 6 1  8.14669E-03  8.47550E-02  8.47550E-02  3.00000E+00            181.W  74.  12   1
 6 5  1.14304E-03  1.40664E-01  1.40664E-01  3.00000E+00            181.W  74.  13   5
 6 6  3.59630E-04  1.41157E-01  1.41157E-01  3.00000E+00            181.W  74.  14   6
 6 7  2.19441E-04  1.42441E-01  1.42441E-01  3.00000E+00            181.W  74.  15   7
 6 3  4.03266E-04  1.50136E-01  1.50136E-01  3.00000E+00            181.W  74.  16   3
 6 4  1.15954E-04  1.52320E-01  1.52320E-01  3.00000E+00            181.W  74.  17   4
 2 1  1.86519E+01  5.64020E-02  5.64020E-02  0.00000E+00            181.W  74.  18   1
 2 2  3.25062E+01  5.76858E-02  5.76858E-02  0.00000E+00            181.W  74.  19   2
 2 3  3.47902E+00  6.51037E-02  6.51037E-02  0.00000E+00            181.W  74.  20   3
 2 4  6.72234E+00  6.53809E-02  6.53809E-02  0.00000E+00            181.W  74.  21   4
 2 5  7.28695E-02  6.57627E-02  6.57627E-02  0.00000E+00            181.W  74.  22   5
 2 6  9.23369E-02  6.58234E-02  6.58234E-02  0.00000E+00            181.W  74.  23   6
 2 7  7.86739E-01  6.71036E-02  6.71036E-02  0.00000E+00            181.W  74.  24   7
 2 8  1.52416E+00  6.71676E-02  6.71676E-02  0.00000E+00            181.W  74.  25   8
 2 9  1.73836E-02  6.73227E-02  6.73227E-02  0.00000E+00            181.W  74.  26   9
 210  2.19183E-02  6.73343E-02  6.73343E-02  0.00000E+00            181.W  74.  27  10
 211  1.78208E-01  6.75139E-02  6.75139E-02  0.00000E+00            181.W  74.  28  11
 212  3.67822E-01  6.75232E-02  6.75232E-02  0.00000E+00            181.W  74.  29  12
 213  3.33549E-04  6.75581E-02  6.75581E-02  0.00000E+00            181.W  74.  30  13
 214  4.00905E-04  6.75587E-02  6.75587E-02  0.00000E+00            181.W  74.  31  14
 221  2.99197E-04  4.93000E-04  4.93000E-04  0.00000E+00            181.W  74.  32  21
 222  3.28772E-02  1.77680E-03  1.77680E-03  0.00000E+00            181.W  74.  33  22
 223  5.76741E-01  9.19462E-03  9.19462E-03  0.00000E+00            181.W  74.  34  23
 224  7.32931E-01  9.47190E-03  9.47190E-03  0.00000E+00            181.W  74.  35  24
 225  1.62526E-02  9.85371E-03  9.85371E-03  0.00000E+00            181.W  74.  36  25
 226  2.43490E-02  9.91440E-03  9.91440E-03  0.00000E+00            181.W  74.  37  26
 227  1.40760E-01  1.11946E-02  1.11946E-02  0.00000E+00            181.W  74.  38  27
 228  1.88998E-01  1.12586E-02  1.12586E-02  0.00000E+00            181.W  74.  39  28
 229  2.27679E-03  1.14136E-02  1.14136E-02  0.00000E+00            181.W  74.  40  29
 230  3.54927E-03  1.14253E-02  1.14253E-02  0.00000E+00            181.W  74.  41  30
 231  2.09725E-02  1.16049E-02  1.16049E-02  0.00000E+00            181.W  74.  42  31
 232  2.72279E-02  1.16141E-02  1.16141E-02  0.00000E+00            181.W  74.  43  32
 233  4.02611E-05  1.16490E-02  1.16490E-02  0.00000E+00            181.W  74.  44  33
 234  6.03339E-05  1.16497E-02  1.16497E-02  0.00000E+00            181.W  74.  45  34
 241  6.49609E-05  1.28380E-03  1.28380E-03  0.00000E+00            181.W  74.  46  41
 242  1.56807E-01  8.47827E-03  8.47827E-03  0.00000E+00            181.W  74.  47  42
 243  4.70702E-03  8.97890E-03  8.97890E-03  0.00000E+00            181.W  74.  48  43
 244  5.47946E+00  9.36070E-03  9.36070E-03  0.00000E+00            181.W  74.  49  44
 245  3.67915E-02  1.06083E-02  1.06083E-02  0.00000E+00            181.W  74.  50  45
 246  1.20880E-03  1.07657E-02  1.07657E-02  0.00000E+00            181.W  74.  51  46
 247  1.00819E+00  1.09205E-02  1.09205E-02  0.00000E+00            181.W  74.  52  47
 248  2.46270E-03  1.11269E-02  1.11269E-02  0.00000E+00            181.W  74.  53  48
 249  6.98424E-03  1.10842E-02  1.10842E-02  0.00000E+00            181.W  74.  54  49
 250  2.54362E-04  1.11211E-02  1.11211E-02  0.00000E+00            181.W  74.  55  50
 251  1.86547E-02  1.11560E-02  1.11560E-02  0.00000E+00            181.W  74.  56  51
 261  6.52038E-01  7.19450E-03  7.19450E-03  0.00000E+00            181.W  74.  57  61
 262  5.45295E-03  7.41780E-03  7.41780E-03  0.00000E+00            181.W  74.  58  62
 263  4.95873E-03  7.69510E-03  7.69510E-03  0.00000E+00            181.W  74.  59  63
 264  1.09584E+00  8.07690E-03  8.07690E-03  0.00000E+00            181.W  74.  60  64
 265  9.67436E+00  8.13762E-03  8.13762E-03  0.00000E+00            181.W  74.  61  65
 266  1.18344E-01  9.32457E-03  9.32457E-03  0.00000E+00            181.W  74.  62  66
 267  1.12758E-03  9.41777E-03  9.41777E-03  0.00000E+00            181.W  74.  63  67
 268  1.10710E-03  9.48181E-03  9.48181E-03  0.00000E+00            181.W  74.  64  68
 269  1.89402E-01  9.63673E-03  9.63673E-03  0.00000E+00            181.W  74.  65  69
 270  1.69780E+00  9.64848E-03  9.64848E-03  0.00000E+00            181.W  74.  66  70
 271  8.12606E-04  9.84307E-03  9.84307E-03  0.00000E+00            181.W  74.  67  71
 272  4.56533E-03  9.84515E-03  9.84515E-03  0.00000E+00            181.W  74.  68  72
 273  2.37648E-02  9.80038E-03  9.80038E-03  0.00000E+00            181.W  74.  69  73
 274  2.42977E-04  9.82805E-03  9.82805E-03  0.00000E+00            181.W  74.  70  74
 275  2.26181E-04  9.83729E-03  9.83729E-03  0.00000E+00            181.W  74.  71  75
 276  3.47399E-03  9.87220E-03  9.87220E-03  0.00000E+00            181.W  74.  72  76
 277  2.97941E-02  9.87292E-03  9.87292E-03  0.00000E+00            181.W  74.  73  77
 291  4.07425E+00  1.70807E-03  1.70807E-03  0.00000E+00            181.W  74.  74  91
 292  9.17548E-02  2.30069E-04  2.30069E-04  0.00000E+00            181.W  74.  75  92
 293  1.13284E-04  3.56693E-05  3.56693E-05  0.00000E+00            181.W  74.  76  93
 294  1.23845E+03  2.49369E-05  2.49369E-05  0.00000E+00            181.W  74.  77  94
 7 1  1.98600E+00  4.58458E-02  4.58458E-02  0.00000E+00            181.W  74.  78   1
 7 2  1.03455E+00  5.47234E-02  5.47234E-02  0.00000E+00            181.W  74.  79   2
 7 3  1.29658E-01  6.36130E-02  6.36130E-02  0.00000E+00            181.W  74.  80   3
 7 4  1.95891E+01  5.83490E-04  5.83490E-04  0.00000E+00            181.W  74.  81   4
 7 5  4.13172E+01  6.33769E-03  6.33769E-03  0.00000E+00            181.W  74.  82   5
 7 6  1.55858E+01  8.02749E-03  8.02749E-03  0.00000E+00            181.W  74.  83   6
 7 7  1.47556E+00  9.74887E-03  9.74887E-03  0.00000E+00            181.W  74.  84   7
 7 8  8.25958E+01  3.14052E-04  3.14052E-04  0.00000E+00            181.W  74.  85   8
 7 9  1.88245E+02  1.41944E-03  1.41944E-03  0.00000E+00            181.W  74.  86   9
 710  1.09800E+01  1.60306E-03  1.60306E-03  0.00000E+00            181.W  74.  87  10
 711  6.51432E-01  1.84393E-03  1.84393E-03  0.00000E+00            181.W  74.  88  11
 712  4.21676E+02  1.60406E-04  1.60406E-04  0.00000E+00            181.W  74.  89  12
 713  1.39866E+01  3.02094E-04  3.02094E-04  0.00000E+00            181.W  74.  90  13
 714  1.08744E+02  1.19854E-05  1.19854E-05  0.00000E+00            181.W  74.  91  14
 715  1.54195E+02  2.73581E-05  2.73581E-05  0.00000E+00            181.W  74.  92  15
%%%% 181 W   74    EC           1.04717E+07  121.2 D   02-11-2005       SEEIEND 
 


   ***************************************************** 
   *                 Radiation Summary                 * 
   ***************************************************** 
 
  Energy released by
    Gamma-ray                       (MeV) =   1.19298E-04
    X-ray                           (MeV) =   3.99947E-02
    Free-bound X-ray                (MeV) =   3.08830E-04
    Annihilation photon             (MeV) =   0.00000E+00
    Beta+ particle                  (MeV) =   0.00000E+00
    Neutrino                        (MeV) =   1.33128E-01
    Beta- particle                  (MeV) =   0.00000E+00
    Neutrino-                       (MeV) =   0.00000E+00
    Internal conv. electron         (MeV) =   3.31226E-03
    Auger and CK electron           (MeV) =   9.58028E-03
    Alpha particle                  (MeV) =   0.00000E+00
    Recoil nucleus                  (MeV) =   0.00000E+00
  E-total (except unplaced radiat.) (MeV) =   1.86443E-01
  E-unplaced radiation              (MeV) =   0.00000E+00
  Q-value from ENSDF data           (MeV) =   1.88000E-01
  Ratio of E-total/Q-value          ( % ) =   9.91719E+01
  Ratio of E-unplaced radi./Q-value ( % ) =   0.00000E+00

 
  Total yield of
    Gamma-ray                             =   1.06940E-02
    X-ray                                 =   9.05740E-01
    Free-bound X-ray                      =   1.23845E+01
    Annihilation photon                   =   0.00000E+00
    Beta+ particle                        =   0.00000E+00
    Beta- particle                        =   0.00000E+00
    Internal conv. electron               =   7.26805E-01
    Auger and CK electron                 =   1.06219E+01
    Alpha particle                        =   0.00000E+00
  Yield of unplaced radiation             =   0.00000E+00


