%%%% 131 XE  54 M  IT           1.02298E+06 11.84 D    02-11-2005       BALASTAR
1 131M  XE  54 11.84 D         IT         
1INTENSITY AND ENERGY BALANCE DATA

              131M-XENON-54
+                                    HALFLIFE = 11.84 DAYS    
+                                                                  02-11-2005


    LEVEL       INTENSITY   INTENSITY
    ENERGY      ENTERING    LEAVING     PERCENT
    (MEV)       LEVEL       LEVEL       ERROR

   0.0000E+00  1.0225E+02
   1.6393E-01  1.0225E+02  1.0225E+02  0.0000E+00                      


 INTENSITY TO GROUND AND ISOMERIC STATE(S) OF DAUGHTER(S)=  1.022E+02
 TOTAL INTENSITY FROM PARENT=  1.022E+02
 PERCENT ERROR =  0.000E+00                      


 TOTAL INTENSITY FROM PARENT =  1.022E+02
 VALUE IS WITHIN   2.25E+00% OF 100                      


 TOTAL ENERGY AVAILABLE =  1.676E-01 MEV
 TOTAL ENERGY CONTENT OF ALL RADIATIONS =  1.676E-01 MEV
 PERCENT ERROR =  0.000E+00                      
%%%% 131 XE  54 M  IT           1.02298E+06 11.84 D    02-11-2005       BALAEND 
%%%% 131 XE  54 M  IT           1.02298E+06 11.84 D    02-11-2005       INPUSTAR
1                                      **INPUT DATA**
              131M-XENON-54
+                                    HALFLIFE = 11.84 DAYS    
+                                                                  02-11-2005

            MODE OF DECAY: ISOMERIC LEVEL
 
                                MEAN
                                NUMBER/    TRANSITION
                TYPE OF    ID   TRANSFOR-  ENERGY
              TRANSITION   NO.  MATION     (MEV)       OTHER NUCLEAR PARAMETERS

           I.C.E. + GAMMA   1   1.02E+00   1.639E-01   M4 MULTIPOLE                             
+                                                                    AK= 31.8                   
                                                       AL1=7.36      AL2=1.69                   
                                                       AL3=6.19      AM= 3.53                   
                                                       AN+=0.862                                
 
           - - - - - - - - - -
           Reference: Evaluated Nuclear Structure Data File (ENSDF)
                DATE DATA WERE ENTERED INTO ENSDF: Dec-1994
%%%% 131 XE  54 M  IT           1.02298E+06 11.84 D    02-11-2005       INPUEND 
%%%% 131 XE  54 M  IT           1.02298E+06 11.84 D    02-11-2005       OUTPSTAR
1                                      **OUTPUT DATA**
              131M-XENON-54
+                                    HALFLIFE = 11.84 DAYS    
+                                                                  02-11-2005

            MODE OF DECAY: ISOMERIC LEVEL
 
                                              MEAN
                                              NUMBER/                  MEV/
                                         ID   TRANSFOR-   ENERGY       TRANSFOR-
                  TYPE OF RADIATION      NO.  MATION      (MEV)        MATION

           GAMMA-RAY                      1   1.95E-02    1.639E-01    3.20E-03
           K CONV. ELECTRON, GAMMA-RAY    1   6.20E-01    1.294E-01    8.02E-02
           L1 CONV. ELECTRON, GAMMA-RAY   1   1.44E-01    1.585E-01    2.28E-02
           L2 CONV. ELECTRON, GAMMA-RAY   1   3.30E-02    1.588E-01    5.24E-03
           L3 CONV. ELECTRON, GAMMA-RAY   1   1.21E-01    1.592E-01    1.92E-02
           M CONV. ELECTRON, GAMMA-RAY    1   6.88E-02    1.630E-01*   1.12E-02
           N+ CONV. ELECTRON, GAMMA-RAY   1   1.68E-02    1.639E-01*   2.76E-03
           K -L2 X-RAY                        1.59E-01    2.945E-02    4.67E-03
           K -L3 X-RAY                        2.94E-01    2.978E-02    8.75E-03
           K -M2 X-RAY                        2.76E-02    3.357E-02    9.26E-04
           K -M3 X-RAY                        5.35E-02    3.363E-02    1.80E-03
           K -N2 X-RAY                        5.79E-03    3.440E-02    1.99E-04
           K -N3 X-RAY                        1.13E-02    3.441E-02    3.88E-04
           K -O3 X-RAY                        1.12E-03    3.455E-02    3.87E-05
           L2-M4 X-RAY                        1.92E-02    4.413E-03    8.47E-05
           L3-M5 X-RAY                        3.73E-02    4.097E-03    1.53E-04
           L3-N5 X-RAY                        5.46E-03    4.707E-03    2.57E-05
           Free-Bound X-RAY                   1.16E+01    1.662E-05*   1.93E-04
           AUGER KLL                          4.46E-02    2.447E-02*   1.09E-03
           AUGER KLX                          2.00E-02    2.869E-02*   5.73E-04
           AUGER LMM                          5.88E-01    3.325E-03*   1.96E-03
           AUGER LMX                          1.74E-01    4.002E-03*   6.98E-04
           AUGER MNN                          1.50E+00    5.055E-04*   7.59E-04
           AUGER NXY                          5.52E+00    3.625E-05*   2.00E-04
 
           ALL LISTED X-RAYS, GAMMA-RAYS AND ANNIHILATION RADIATION    2.04E-02
           ALL NEGLECTED X-RAYS, GAMMA-RAYS AND ANNIH. RADIATION**     1.42E-04
           ALL LISTED BETAS, INTERNAL CONVERSION AND AUGER ELECTRONS   1.47E-01
           ALL NEGLECTED BETAS, INT. CONVERSION AND AUGER ELECTRONS**  3.65E-04
           ALL LISTED RADIATIONS                                       1.67E-01
           ALL NEGLECTED RADIATIONS**                                  5.08E-04
 
           *  AVERAGE ENERGY (MEV)
           ** EACH NEGLECTED TRANSITION CONTRIBUTES LESS THAN  0.100%
              TO THE TOTAL MEV/TRANSFORMATION FOR THIS CATEGORY.
           TOTAL FEEDING OF GROUND STATE LEVEL IN 131-XENON
             DAUGHTER IS 1.0000E+00  PER TRANSFORMATION OF 131M-XENON.
             THIS DAUGHTER GROUND STATE IS STABLE.
           - - - - - - - - - -
           INPUT DATA SOURCE: EVALUATED NUCLEAR STRUCTURE DATA FILE (ENSDF)
             DATE INPUT DATA WERE ENTERED INTO ENSDF: Dec-1994
%%%% 131 XE  54 M  IT           1.02298E+06 11.84 D    02-11-2005       OUTPEND 
%%%% 131 XE  54 M  IT           1.02298E+06 11.84 D    02-11-2005       SEEISTAR
131.M XENON        54.  1.184E+01 DAYS      69 IT                   131.XE 54.   0
 1 1  1.95000E+00  1.63930E-01  1.63930E-01  0.00000E+00            131.XE 54.   1   1
 6 1  6.20068E+01  1.29374E-01  1.29374E-01  1.00000E+00            131.XE 54.   2   1
 6 5  1.43590E+01  1.58513E-01  1.58513E-01  1.00000E+00            131.XE 54.   3   5
 6 6  3.29744E+00  1.58826E-01  1.58826E-01  1.00000E+00            131.XE 54.   4   6
 6 7  1.20753E+01  1.59155E-01  1.59155E-01  1.00000E+00            131.XE 54.   5   7
 6 3  6.87585E+00  1.63003E-01  1.63003E-01  1.00000E+00            131.XE 54.   6   3
 6 4  1.68101E+00  1.63930E-01  1.63930E-01  1.00000E+00            131.XE 54.   7   4
 2 1  1.58730E+01  2.94521E-02  2.94521E-02  0.00000E+00            131.XE 54.   8   1
 2 2  2.93960E+01  2.97812E-02  2.97812E-02  0.00000E+00            131.XE 54.   9   2
 2 3  2.75947E+00  3.35665E-02  3.35665E-02  0.00000E+00            131.XE 54.  10   3
 2 4  5.34979E+00  3.36295E-02  3.36295E-02  0.00000E+00            131.XE 54.  11   4
 2 5  2.72195E-02  3.38651E-02  3.38651E-02  0.00000E+00            131.XE 54.  12   5
 2 6  3.71728E-02  3.38785E-02  3.38785E-02  0.00000E+00            131.XE 54.  13   6
 2 7  5.78563E-01  3.43952E-02  3.43952E-02  0.00000E+00            131.XE 54.  14   7
 2 8  1.12839E+00  3.44080E-02  3.44080E-02  0.00000E+00            131.XE 54.  15   8
 2 9  5.07405E-03  3.44862E-02  3.44862E-02  0.00000E+00            131.XE 54.  16   9
 210  6.91617E-03  3.44882E-02  3.44882E-02  0.00000E+00            131.XE 54.  17  10
 211  5.92942E-02  3.45436E-02  3.45436E-02  0.00000E+00            131.XE 54.  18  11
 212  1.12120E-01  3.45450E-02  3.45450E-02  0.00000E+00            131.XE 54.  19  12
 221  3.45739E-04  3.13000E-04  3.13000E-04  0.00000E+00            131.XE 54.  20  21
 222  6.50580E-03  6.42201E-04  6.42201E-04  0.00000E+00            131.XE 54.  21  22
 223  2.41931E-01  4.42743E-03  4.42743E-03  0.00000E+00            131.XE 54.  22  23
 224  3.81220E-01  4.49034E-03  4.49034E-03  0.00000E+00            131.XE 54.  23  24
 225  3.60447E-03  4.72599E-03  4.72599E-03  0.00000E+00            131.XE 54.  24  25
 226  5.38092E-03  4.73937E-03  4.73937E-03  0.00000E+00            131.XE 54.  25  26
 227  5.21503E-02  5.25620E-03  5.25620E-03  0.00000E+00            131.XE 54.  26  27
 228  8.43246E-02  5.26892E-03  5.26892E-03  0.00000E+00            131.XE 54.  27  28
 229  4.38413E-04  5.34705E-03  5.34705E-03  0.00000E+00            131.XE 54.  28  29
 230  6.65933E-04  5.34913E-03  5.34913E-03  0.00000E+00            131.XE 54.  29  30
 231  5.92759E-03  5.40454E-03  5.40454E-03  0.00000E+00            131.XE 54.  30  31
 232  9.20585E-03  5.40593E-03  5.40593E-03  0.00000E+00            131.XE 54.  31  32
 241  1.80414E-06  3.29200E-04  3.29200E-04  0.00000E+00            131.XE 54.  32  41
 242  1.03218E-01  3.98191E-03  3.98191E-03  0.00000E+00            131.XE 54.  33  42
 243  1.49204E-03  4.17734E-03  4.17734E-03  0.00000E+00            131.XE 54.  34  43
 244  1.91892E+00  4.41300E-03  4.41300E-03  0.00000E+00            131.XE 54.  35  44
 245  1.47262E-02  4.89553E-03  4.89553E-03  0.00000E+00            131.XE 54.  36  45
 246  1.84515E-04  4.95593E-03  4.95593E-03  0.00000E+00            131.XE 54.  37  46
 247  2.86462E-01  5.03405E-03  5.03405E-03  0.00000E+00            131.XE 54.  38  47
 249  1.76749E-03  5.08030E-03  5.08030E-03  0.00000E+00            131.XE 54.  39  49
 250  2.01565E-05  5.09294E-03  5.09294E-03  0.00000E+00            131.XE 54.  40  50
 261  4.12364E-01  3.65269E-03  3.65269E-03  0.00000E+00            131.XE 54.  41  61
 262  2.27658E-03  3.78523E-03  3.78523E-03  0.00000E+00            131.XE 54.  42  62
 263  2.11954E-03  3.84813E-03  3.84813E-03  0.00000E+00            131.XE 54.  43  63
 264  4.21256E-01  4.08379E-03  4.08379E-03  0.00000E+00            131.XE 54.  44  64
 265  3.73351E+00  4.09719E-03  4.09719E-03  0.00000E+00            131.XE 54.  45  65
 266  3.63297E-02  4.56632E-03  4.56632E-03  0.00000E+00            131.XE 54.  46  66
 267  2.00359E-04  4.61402E-03  4.61402E-03  0.00000E+00            131.XE 54.  47  67
 268  1.92249E-04  4.62672E-03  4.62672E-03  0.00000E+00            131.XE 54.  48  68
 269  6.12626E-02  4.70486E-03  4.70486E-03  0.00000E+00            131.XE 54.  49  69
 270  5.46319E-01  4.70692E-03  4.70692E-03  0.00000E+00            131.XE 54.  50  70
 273  5.11500E-03  4.75109E-03  4.75109E-03  0.00000E+00            131.XE 54.  51  73
 274  2.26604E-05  4.76234E-03  4.76234E-03  0.00000E+00            131.XE 54.  52  74
 275  2.09228E-05  4.76373E-03  4.76373E-03  0.00000E+00            131.XE 54.  53  75
 291  4.67069E-01  6.09295E-04  6.09295E-04  0.00000E+00            131.XE 54.  54  91
 292  1.15788E-02  9.22286E-05  9.22286E-05  0.00000E+00            131.XE 54.  55  92
 294  1.16069E+03  1.66194E-05  1.66194E-05  0.00000E+00            131.XE 54.  56  94
 7 1  4.46266E+00  2.44715E-02  2.44715E-02  0.00000E+00            131.XE 54.  57   1
 7 2  1.99649E+00  2.86854E-02  2.86854E-02  0.00000E+00            131.XE 54.  58   2
 7 3  2.14604E-01  3.29032E-02  3.29032E-02  0.00000E+00            131.XE 54.  59   3
 7 4  1.37851E+01  3.32250E-04  3.32250E-04  0.00000E+00            131.XE 54.  60   4
 7 5  5.88153E+01  3.32467E-03  3.32467E-03  0.00000E+00            131.XE 54.  61   5
 7 6  1.74488E+01  4.00246E-03  4.00246E-03  0.00000E+00            131.XE 54.  62   6
 7 7  1.32590E+00  4.70763E-03  4.70763E-03  0.00000E+00            131.XE 54.  63   7
 7 8  6.89727E+01  1.23213E-04  1.23213E-04  0.00000E+00            131.XE 54.  64   8
 7 9  1.50228E+02  5.05475E-04  5.05475E-04  0.00000E+00            131.XE 54.  65   9
 710  8.61495E+00  6.18291E-04  6.18291E-04  0.00000E+00            131.XE 54.  66  10
 711  5.86343E-02  7.70575E-04  7.70575E-04  0.00000E+00            131.XE 54.  67  11
 712  1.81872E+02  2.62208E-05  2.62208E-05  0.00000E+00            131.XE 54.  68  12
 713  5.51813E+02  3.62500E-05  3.62500E-05  0.00000E+00            131.XE 54.  69  13
%%%% 131 XE  54 M  IT           1.02298E+06 11.84 D    02-11-2005       SEEIEND 
 


   ***************************************************** 
   *                 Radiation Summary                 * 
   ***************************************************** 
 
  Energy released by
    Gamma-ray                       (MeV) =   3.19663E-03
    X-ray                           (MeV) =   1.71864E-02
    Free-bound X-ray                (MeV) =   1.92899E-04
    Annihilation photon             (MeV) =   0.00000E+00
    Beta+ particle                  (MeV) =   0.00000E+00
    Neutrino                        (MeV) =   0.00000E+00
    Beta- particle                  (MeV) =   0.00000E+00
    Neutrino-                       (MeV) =   0.00000E+00
    Internal conv. electron         (MeV) =   1.41401E-01
    Auger and CK electron           (MeV) =   5.64319E-03
    Alpha particle                  (MeV) =   0.00000E+00
    Recoil nucleus                  (MeV) =   0.00000E+00
  E-total (except unplaced radiat.) (MeV) =   1.67620E-01
  E-unplaced radiation              (MeV) =   0.00000E+00
  Q-value from ENSDF data           (MeV) =   1.63930E-01
  Ratio of E-total/Q-value          ( % ) =   1.02251E+02
  Ratio of E-unplaced radi./Q-value ( % ) =   0.00000E+00

 
  Total yield of
    Gamma-ray                             =   1.95000E-02
    X-ray                                 =   6.41511E-01
    Free-bound X-ray                      =   1.16069E+01
    Annihilation photon                   =   0.00000E+00
    Beta+ particle                        =   0.00000E+00
    Beta- particle                        =   0.00000E+00
    Internal conv. electron               =   1.00295E+00
    Auger and CK electron                 =   1.05961E+01
    Alpha particle                        =   0.00000E+00
  Yield of unplaced radiation             =   0.00000E+00


