%%%% 135 XE  54    B-           3.29040E+04 9.14 H     02-11-2005       BALASTAR
1 135   XE  54 9.14 H          B-         
1INTENSITY AND ENERGY BALANCE DATA

              135-XENON-54
+                                    HALFLIFE = 9.14 HOURS   
+                                                                  02-11-2005


    LEVEL       INTENSITY   INTENSITY
    ENERGY      ENTERING    LEAVING     PERCENT
    (MEV)       LEVEL       LEVEL       ERROR

   0.0000E+00  1.0017E+02
   2.4979E-01  9.6848E+01  9.6881E+01  3.4136E-02                      
   4.0799E-01  6.5427E-01  7.6143E-01  1.5140E+01  ********************
   6.0819E-01  3.1325E+00  3.1595E+00  8.5881E-01                      
   9.8132E-01  7.5077E-02  7.5534E-02  6.0700E-01                      
   1.0624E+00  1.2313E-01  1.2330E-01  1.4416E-01                      


 INTENSITY TO GROUND AND ISOMERIC STATE(S) OF DAUGHTER(S)=  1.002E+02
 TOTAL INTENSITY FROM PARENT=  1.000E+02
 PERCENT ERROR =  1.676E-01                      


 TOTAL INTENSITY FROM PARENT =  1.000E+02
 VALUE IS WITHIN   7.63E-06% OF 100                      


 TOTAL ENERGY AVAILABLE =  1.165E+00 MEV
 TOTAL ENERGY CONTENT OF ALL RADIATIONS =  1.166E+00 MEV
 PERCENT ERROR =  5.932E-02                      
%%%% 135 XE  54    B-           3.29040E+04 9.14 H     02-11-2005       BALAEND 
%%%% 135 XE  54    B-           3.29040E+04 9.14 H     02-11-2005       INPUSTAR
1                                      **INPUT DATA**
              135-XENON-54
+                                    HALFLIFE = 9.14 HOURS   
+                                                                  02-11-2005

            MODE OF DECAY: BETA MINUS
 
                                MEAN
                                NUMBER/    TRANSITION
                TYPE OF    ID   TRANSFOR-  ENERGY
              TRANSITION   NO.  MATION     (MEV)       OTHER NUCLEAR PARAMETERS

               BETA MINUS   1   1.23E-03   1.026E-01*  ALLOWED                                  
+                                                              ASSUMED                          
               BETA MINUS   2   7.51E-04   1.837E-01*  ALLOWED                                  
+                                                              ASSUMED                          
               BETA MINUS   3   3.11E-02   5.568E-01*  ALLOWED                                  
               BETA MINUS   4   5.91E-03   7.570E-01*  ALLOWED                                  
+                                                              ASSUMED                          
               BETA MINUS   5   9.61E-01   9.152E-01*  ALLOWED                                  
           I.C.E. + GAMMA   1   3.97E-03   1.582E-01   E2 MULTIPOLE ASSUMED                     
                                                       AK= 0.280     AL1=0.0277                 
                                                       AL2=0.0236    AL3=0.0235                 
                                                       AM= 0.0160    AN+=0.00396                
           I.C.E. + GAMMA   2   1.37E-04   2.002E-01   E2 MULTIPOLE ASSUMED                     
                                                       AK= 0.130     AL1=0.0134                 
                                                       AL2=0.00813   AL3=0.00754                
                                                       AM= 0.00615   AN+=0.00154                
           I.C.E. + GAMMA   3   9.69E-01   2.498E-01   M1+E2 MULTIPOLE                          
                                                       MRS=1.00      AK= 0.0634                 
                                                       AL1=0.00722   AL2=0.00175                
                                                       AL3=0.00137   AM= 0.00216                
           I.C.E. + GAMMA   4   2.27E-03   3.584E-01   M1 MULTIPOLE                             
+                                                                    AK= 0.0246                 
                                                       AL1=0.00300                              
           I.C.E. + GAMMA   5   1.56E-04   3.731E-01   E2 MULTIPOLE ASSUMED                     
                                                       AK= 0.0183    AL1=0.00203                
           I.C.E. + GAMMA   6   3.64E-03   4.080E-01   E2 MULTIPOLE ASSUMED                     
                                                       AK= 0.0141    AL1=0.00158                
           I.C.E. + GAMMA   7   3.64E-05   4.542E-01   E2 MULTIPOLE ASSUMED                     
                                                       AK= 0.0104    AL1=0.00117                
           I.C.E. + GAMMA   8   4.80E-05   5.733E-01   E2 MULTIPOLE ASSUMED                     
                                                       AK= 0.00553                              
           I.C.E. + GAMMA   9   2.92E-02   6.082E-01   M1+E2 MULTIPOLE                          
                                                       MRS=0.250     AK= 0.00623                
           I.C.E. + GAMMA  10   4.52E-04   6.544E-01   E2 MULTIPOLE ASSUMED                     
                                                       AK= 0.00396                              
           I.C.E. + GAMMA  11   5.51E-04   7.315E-01   E2 MULTIPOLE ASSUMED                     
                                                       AK= 0.00302                              
           I.C.E. + GAMMA  12   7.04E-04   8.126E-01   E2 MULTIPOLE ASSUMED                     
                                                       AK= 0.00235                              
           I.C.E. + GAMMA  13   4.06E-05   1.062E+00   E2 MULTIPOLE ASSUMED                     
                                                       AK= 0.00130                              
 
           * ENDPOINT ENERGY (MEV)
           - - - - - - - - - -
           Reference: Evaluated Nuclear Structure Data File (ENSDF)
                DATE DATA WERE ENTERED INTO ENSDF: Jun-1998
%%%% 135 XE  54    B-           3.29040E+04 9.14 H     02-11-2005       INPUEND 
%%%% 135 XE  54    B-           3.29040E+04 9.14 H     02-11-2005       OUTPSTAR
1                                      **OUTPUT DATA**
              135-XENON-54
+                                    HALFLIFE = 9.14 HOURS   
+                                                                  02-11-2005

            MODE OF DECAY: BETA MINUS
 
                                              MEAN
                                              NUMBER/                  MEV/
                                         ID   TRANSFOR-   ENERGY       TRANSFOR-
                  TYPE OF RADIATION      NO.  MATION      (MEV)        MATION

           BETA MINUS                     3   3.11E-02    1.732E-01*   5.39E-03
           BETA MINUS                     4   5.91E-03    2.480E-01*   1.46E-03
           BETA MINUS                     5   9.61E-01    3.102E-01*   2.98E-01
           GAMMA-RAY                      1   2.89E-03    1.582E-01    4.57E-04
           GAMMA-RAY                      3   9.00E-01    2.498E-01    2.25E-01
           K CONV. ELECTRON, GAMMA-RAY    3   5.71E-02    2.138E-01    1.22E-02
           L1 CONV. ELECTRON, GAMMA-RAY   3   6.50E-03    2.441E-01    1.59E-03
           L2 CONV. ELECTRON, GAMMA-RAY   3   1.58E-03    2.444E-01    3.86E-04
           M CONV. ELECTRON, GAMMA-RAY    3   1.94E-03    2.488E-01*   4.83E-04
           GAMMA-RAY                      4   2.20E-03    3.584E-01    7.90E-04
           GAMMA-RAY                      6   3.58E-03    4.080E-01    1.46E-03
           GAMMA-RAY                      9   2.90E-02    6.082E-01    1.76E-02
           GAMMA-RAY                     10   4.50E-04    6.544E-01    2.94E-04
           GAMMA-RAY                     11   5.49E-04    7.315E-01    4.02E-04
           GAMMA-RAY                     12   7.02E-04    8.126E-01    5.70E-04
           K -L2 X-RAY                        1.50E-02    3.062E-02    4.59E-04
           K -L3 X-RAY                        2.77E-02    3.098E-02    8.57E-04
 
           ALL LISTED X-RAYS, GAMMA-RAYS AND ANNIHILATION RADIATION    2.48E-01
           ALL NEGLECTED X-RAYS, GAMMA-RAYS AND ANNIH. RADIATION**     5.51E-04
           ALL LISTED BETAS, INTERNAL CONVERSION AND AUGER ELECTRONS   3.20E-01
           ALL NEGLECTED BETAS, INT. CONVERSION AND AUGER ELECTRONS**  1.26E-03
           ALL LISTED RADIATIONS                                       5.67E-01
           ALL NEGLECTED RADIATIONS**                                  1.81E-03
 
           *  AVERAGE ENERGY (MEV)
           ** EACH NEGLECTED TRANSITION CONTRIBUTES LESS THAN  0.100%
              TO THE TOTAL MEV/TRANSFORMATION FOR THIS CATEGORY.
           TOTAL FEEDING OF GROUND STATE LEVEL IN 135-CESIUM
             DAUGHTER IS 1.0000E+00 PER TRANSFORMATION OF 135-XENON.
             DECAY OF THIS 0.23E+07 YEARS HALFLIFE LEVEL WILL CONTRIBUTE TO DOSE.
           - - - - - - - - - -
           INPUT DATA SOURCE: EVALUATED NUCLEAR STRUCTURE DATA FILE (ENSDF)
             DATE INPUT DATA WERE ENTERED INTO ENSDF: Jun-1998
%%%% 135 XE  54    B-           3.29040E+04 9.14 H     02-11-2005       OUTPEND 
%%%% 135 XE  54    B-           3.29040E+04 9.14 H     02-11-2005       BETASTAR
1
              135-XENON-54
+                                    HALFLIFE = 9.14 HOURS   
+                                                                  02-11-2005

            BETA SPECTRUM DATA FOR ALL DECAY BRANCHES

                      BETAS PER                BETAS PER                BETAS PER
            ENERGY    MEV            ENERGY    MEV            ENERGY    MEV
            (MEV)     PER DECAY      (MEV)     PER DECAY      (MEV)     PER DECAY

            0.00000   1.726E+00      0.00220   1.724E+00      0.05500   1.757E+00
            0.00010   1.726E+00      0.00240   1.723E+00      0.06000   1.761E+00
            0.00011   1.726E+00      0.00260   1.723E+00      0.06500   1.764E+00
            0.00012   1.726E+00      0.00280   1.723E+00      0.07000   1.768E+00
            0.00013   1.726E+00      0.00300   1.723E+00      0.07500   1.772E+00
            0.00014   1.726E+00      0.00320   1.722E+00      0.08000   1.775E+00
            0.00015   1.726E+00      0.00360   1.722E+00      0.08500   1.779E+00
            0.00016   1.726E+00      0.00400   1.722E+00      0.09000   1.782E+00
            0.00018   1.726E+00      0.00450   1.721E+00      0.10000   1.789E+00
            0.00020   1.726E+00      0.00500   1.720E+00      0.11000   1.795E+00
            0.00022   1.726E+00      0.00550   1.720E+00      0.12000   1.800E+00
            0.00024   1.726E+00      0.00600   1.719E+00      0.13000   1.804E+00
            0.00026   1.726E+00      0.00650   1.719E+00      0.14000   1.807E+00
            0.00028   1.726E+00      0.00700   1.718E+00      0.15000   1.809E+00
            0.00030   1.726E+00      0.00750   1.717E+00      0.16000   1.809E+00
            0.00032   1.726E+00      0.00800   1.717E+00      0.18000   1.806E+00
            0.00036   1.726E+00      0.00850   1.716E+00      0.20000   1.797E+00
            0.00040   1.726E+00      0.00900   1.715E+00      0.22000   1.784E+00
            0.00045   1.726E+00      0.01000   1.717E+00      0.24000   1.765E+00
            0.00050   1.726E+00      0.01100   1.718E+00      0.26000   1.740E+00
            0.00055   1.726E+00      0.01200   1.719E+00      0.28000   1.711E+00
            0.00060   1.726E+00      0.01300   1.720E+00      0.30000   1.676E+00
            0.00065   1.725E+00      0.01400   1.721E+00      0.32000   1.637E+00
            0.00070   1.725E+00      0.01500   1.722E+00      0.36000   1.545E+00
            0.00075   1.725E+00      0.01600   1.723E+00      0.40000   1.437E+00
            0.00080   1.725E+00      0.01800   1.725E+00      0.45000   1.284E+00
            0.00085   1.725E+00      0.02000   1.727E+00      0.50000   1.116E+00
            0.00090   1.725E+00      0.02200   1.729E+00      0.55000   9.398E-01
            0.00100   1.725E+00      0.02400   1.731E+00      0.60000   7.615E-01
            0.00110   1.725E+00      0.02600   1.733E+00      0.65000   5.840E-01
            0.00120   1.725E+00      0.02800   1.735E+00      0.70000   4.151E-01
            0.00130   1.725E+00      0.03000   1.736E+00      0.75000   2.633E-01
            0.00140   1.725E+00      0.03200   1.738E+00      0.80000   1.375E-01
            0.00150   1.724E+00      0.03600   1.741E+00      0.85000   4.717E-02
            0.00160   1.724E+00      0.04000   1.745E+00      0.90000   2.741E-03
            0.00180   1.724E+00      0.04500   1.749E+00      0.91521   0.000E+00
            0.00200   1.724E+00      0.05000   1.753E+00

            AVERAGE BETA ENERGY =   3.050E-01

            TOTAL BETAS PER DECAY FOR ALL BRANCHES =   1.000E+00
%%%% 135 XE  54    B-           3.29040E+04 9.14 H     02-11-2005       BETAEND 
%%%% 135 XE  54    B-           3.29040E+04 9.14 H     02-11-2005       SEEISTAR
135.  XENON        54.  9.140E+00 HOURS    158 B-                   135.XE 54.   0
 5 1  1.23126E-01  2.69000E-02  1.02580E-01  0.00000E+00            135.XE 54.   1   1
 5 2  7.50766E-02  4.99772E-02  1.83685E-01  0.00000E+00            135.XE 54.   2   2
 5 3  3.11318E+00  1.73206E-01  5.56814E-01  0.00000E+00            135.XE 54.   3   3
 5 4  5.90602E-01  2.48024E-01  7.57011E-01  0.00000E+00            135.XE 54.   4   4
 5 5  9.60980E+01  3.10175E-01  9.15207E-01  0.00000E+00            135.XE 54.   5   5
 1 1  2.88900E-01  1.58197E-01  1.58197E-01  0.00000E+00            135.XE 54.   6   1
 6 1  8.09024E-02  1.22212E-01  1.22212E-01  1.00000E+00            135.XE 54.   7   1
 6 5  7.99257E-03  1.52512E-01  1.52512E-01  1.00000E+00            135.XE 54.   8   5
 6 6  6.81590E-03  1.52834E-01  1.52834E-01  1.00000E+00            135.XE 54.   9   6
 6 7  6.79811E-03  1.53191E-01  1.53191E-01  1.00000E+00            135.XE 54.  10   7
 6 3  4.62022E-03  1.57206E-01  1.57206E-01  1.00000E+00            135.XE 54.  11   3
 6 4  1.14545E-03  1.58197E-01  1.58197E-01  1.00000E+00            135.XE 54.  12   4
 1 2  1.17000E-02  2.00190E-01  2.00190E-01  0.00000E+00            135.XE 54.  13   2
 6 1  1.52254E-03  1.64205E-01  1.64205E-01  2.00000E+00            135.XE 54.  14   1
 6 5  1.56218E-04  1.94505E-01  1.94505E-01  2.00000E+00            135.XE 54.  15   5
 6 6  9.51365E-05  1.94827E-01  1.94827E-01  2.00000E+00            135.XE 54.  16   6
 6 7  8.81853E-05  1.95184E-01  1.95184E-01  2.00000E+00            135.XE 54.  17   7
 6 3  7.19986E-05  1.99199E-01  1.99199E-01  2.00000E+00            135.XE 54.  18   3
 6 4  1.80249E-05  2.00190E-01  2.00190E-01  2.00000E+00            135.XE 54.  19   4
 1 3  9.00000E+01  2.49794E-01  2.49794E-01  0.00000E+00            135.XE 54.  20   3
 6 1  5.70609E+00  2.13809E-01  2.13809E-01  3.00000E+00            135.XE 54.  21   1
 6 5  6.49732E-01  2.44109E-01  2.44109E-01  3.00000E+00            135.XE 54.  22   5
 6 6  1.57891E-01  2.44431E-01  2.44431E-01  3.00000E+00            135.XE 54.  23   6
 6 7  1.22979E-01  2.44788E-01  2.44788E-01  3.00000E+00            135.XE 54.  24   7
 6 3  1.94151E-01  2.48803E-01  2.48803E-01  3.00000E+00            135.XE 54.  25   3
 6 4  4.97292E-02  2.49794E-01  2.49794E-01  3.00000E+00            135.XE 54.  26   4
 1 4  2.20500E-01  3.58390E-01  3.58390E-01  0.00000E+00            135.XE 54.  27   4
 6 1  5.43310E-03  3.22405E-01  3.22405E-01  4.00000E+00            135.XE 54.  28   1
 6 5  6.61331E-04  3.52705E-01  3.52705E-01  4.00000E+00            135.XE 54.  29   5
 6 6  3.46420E-05  3.53027E-01  3.53027E-01  4.00000E+00            135.XE 54.  30   6
 6 7  8.23995E-06  3.53384E-01  3.53384E-01  4.00000E+00            135.XE 54.  31   7
 6 3  1.44108E-04  3.57399E-01  3.57399E-01  4.00000E+00            135.XE 54.  32   3
 6 4  3.77910E-05  3.58390E-01  3.58390E-01  4.00000E+00            135.XE 54.  33   4
 1 5  1.53000E-02  3.73130E-01  3.73130E-01  0.00000E+00            135.XE 54.  34   5
 6 1  2.80516E-04  3.37145E-01  3.37145E-01  5.00000E+00            135.XE 54.  35   1
 6 5  3.11353E-05  3.67445E-01  3.67445E-01  5.00000E+00            135.XE 54.  36   5
 6 6  8.41598E-06  3.67767E-01  3.67767E-01  5.00000E+00            135.XE 54.  37   6
 6 7  6.33644E-06  3.68124E-01  3.68124E-01  5.00000E+00            135.XE 54.  38   7
 6 3  9.57993E-06  3.72139E-01  3.72139E-01  5.00000E+00            135.XE 54.  39   3
 6 4  2.44743E-06  3.73130E-01  3.73130E-01  5.00000E+00            135.XE 54.  40   4
 1 6  3.58200E-01  4.07990E-01  4.07990E-01  0.00000E+00            135.XE 54.  41   6
 6 1  5.04871E-03  3.72005E-01  3.72005E-01  6.00000E+00            135.XE 54.  42   1
 6 5  5.64965E-04  4.02305E-01  4.02305E-01  6.00000E+00            135.XE 54.  43   5
 6 6  1.36125E-04  4.02627E-01  4.02627E-01  6.00000E+00            135.XE 54.  44   6
 6 7  9.97664E-05  4.02984E-01  4.02984E-01  6.00000E+00            135.XE 54.  45   7
 6 3  1.66924E-04  4.06999E-01  4.06999E-01  6.00000E+00            135.XE 54.  46   3
 6 4  4.27417E-05  4.07990E-01  4.07990E-01  6.00000E+00            135.XE 54.  47   4
 1 7  3.60000E-03  4.54200E-01  4.54200E-01  0.00000E+00            135.XE 54.  48   7
 6 1  3.73089E-05  4.18215E-01  4.18215E-01  7.00000E+00            135.XE 54.  49   1
 6 5  4.21183E-06  4.48515E-01  4.48515E-01  7.00000E+00            135.XE 54.  50   5
 6 6  8.82962E-07  4.48837E-01  4.48837E-01  7.00000E+00            135.XE 54.  51   6
 6 7  6.27483E-07  4.49194E-01  4.49194E-01  7.00000E+00            135.XE 54.  52   7
 6 3  1.19038E-06  4.53209E-01  4.53209E-01  7.00000E+00            135.XE 54.  53   3
 6 4  3.05610E-07  4.54200E-01  4.54200E-01  7.00000E+00            135.XE 54.  54   4
 1 8  4.77000E-03  5.73320E-01  5.73320E-01  0.00000E+00            135.XE 54.  55   8
 6 1  2.64015E-05  5.37335E-01  5.37335E-01  8.00000E+00            135.XE 54.  56   1
 6 5  3.02701E-06  5.67635E-01  5.67635E-01  8.00000E+00            135.XE 54.  57   5
 6 6  4.64128E-07  5.67957E-01  5.67957E-01  8.00000E+00            135.XE 54.  58   6
 6 7  3.09989E-07  5.68314E-01  5.68314E-01  8.00000E+00            135.XE 54.  59   7
 6 3  7.85906E-07  5.72329E-01  5.72329E-01  8.00000E+00            135.XE 54.  60   3
 6 4  2.03075E-07  5.73320E-01  5.73320E-01  8.00000E+00            135.XE 54.  61   4
 1 9  2.89800E+00  6.08185E-01  6.08185E-01  0.00000E+00            135.XE 54.  62   9
 6 1  1.80630E-02  5.72200E-01  5.72200E-01  9.00000E+00            135.XE 54.  63   1
 6 5  2.16440E-03  6.02500E-01  6.02500E-01  9.00000E+00            135.XE 54.  64   5
 6 6  1.23210E-04  6.02822E-01  6.02822E-01  9.00000E+00            135.XE 54.  65   6
 6 7  4.98453E-05  6.03179E-01  6.03179E-01  9.00000E+00            135.XE 54.  66   7
 6 3  4.79139E-04  6.07194E-01  6.07194E-01  9.00000E+00            135.XE 54.  67   3
 6 4  1.25292E-04  6.08185E-01  6.08185E-01  9.00000E+00            135.XE 54.  68   4
 110  4.50000E-02  6.54432E-01  6.54432E-01  0.00000E+00            135.XE 54.  69  10
 6 1  1.78062E-04  6.18447E-01  6.18447E-01  1.00000E+01            135.XE 54.  70   1
 6 5  2.05455E-05  6.48747E-01  6.48747E-01  1.00000E+01            135.XE 54.  71   5
 6 6  2.63243E-06  6.49069E-01  6.49069E-01  1.00000E+01            135.XE 54.  72   6
 6 7  1.70742E-06  6.49426E-01  6.49426E-01  1.00000E+01            135.XE 54.  73   7
 6 3  5.12771E-06  6.53441E-01  6.53441E-01  1.00000E+01            135.XE 54.  74   3
 6 4  1.32934E-06  6.54432E-01  6.54432E-01  1.00000E+01            135.XE 54.  75   4
 111  5.49000E-02  7.31520E-01  7.31520E-01  0.00000E+00            135.XE 54.  76  11
 6 1  1.65570E-04  6.95535E-01  6.95535E-01  1.10000E+01            135.XE 54.  77   1
 6 5  1.91686E-05  7.25835E-01  7.25835E-01  1.10000E+01            135.XE 54.  78   5
 6 6  2.11358E-06  7.26157E-01  7.26157E-01  1.10000E+01            135.XE 54.  79   6
 6 7  1.34639E-06  7.26514E-01  7.26514E-01  1.10000E+01            135.XE 54.  80   7
 6 3  4.65425E-06  7.30529E-01  7.30529E-01  1.10000E+01            135.XE 54.  81   3
 6 4  1.20901E-06  7.31520E-01  7.31520E-01  1.10000E+01            135.XE 54.  82   4
 112  7.02000E-02  8.12630E-01  8.12630E-01  0.00000E+00            135.XE 54.  83  12
 6 1  1.65273E-04  7.76645E-01  7.76645E-01  1.20000E+01            135.XE 54.  84   1
 6 5  1.91705E-05  8.06945E-01  8.06945E-01  1.20000E+01            135.XE 54.  85   5
 6 6  1.83602E-06  8.07267E-01  8.07267E-01  1.20000E+01            135.XE 54.  86   6
 6 7  1.15506E-06  8.07624E-01  8.07624E-01  1.20000E+01            135.XE 54.  87   7
 6 3  4.55347E-06  8.11639E-01  8.11639E-01  1.20000E+01            135.XE 54.  88   3
 6 4  1.18456E-06  8.12630E-01  8.12630E-01  1.20000E+01            135.XE 54.  89   4
 113  4.05000E-03  1.06241E+00  1.06241E+00  0.00000E+00            135.XE 54.  90  13
 6 1  5.26565E-06  1.02643E+00  1.02643E+00  1.30000E+01            135.XE 54.  91   1
 6 5  6.12176E-07  1.05673E+00  1.05673E+00  1.30000E+01            135.XE 54.  92   5
 6 6  4.10721E-08  1.05705E+00  1.05705E+00  1.30000E+01            135.XE 54.  93   6
 6 7  2.55803E-08  1.05740E+00  1.05740E+00  1.30000E+01            135.XE 54.  94   7
 6 3  1.39161E-07  1.06142E+00  1.06142E+00  1.30000E+01            135.XE 54.  95   3
 6 4  3.63244E-08  1.06241E+00  1.06241E+00  1.30000E+01            135.XE 54.  96   4
 2 1  1.49864E+00  3.06218E-02  3.06218E-02  0.00000E+00            135.XE 54.  97   1
 2 2  2.76765E+00  3.09789E-02  3.09789E-02  0.00000E+00            135.XE 54.  98   2
 2 3  2.62203E-01  3.49256E-02  3.49256E-02  0.00000E+00            135.XE 54.  99   3
 2 4  5.08231E-01  3.49944E-02  3.49944E-02  0.00000E+00            135.XE 54. 100   4
 2 5  2.71343E-03  3.52374E-02  3.52374E-02  0.00000E+00            135.XE 54. 101   5
 2 6  3.69526E-03  3.52521E-02  3.52521E-02  0.00000E+00            135.XE 54. 102   6
 2 7  5.51691E-02  3.58031E-02  3.58031E-02  0.00000E+00            135.XE 54. 103   7
 2 8  1.07533E-01  3.58172E-02  3.58172E-02  0.00000E+00            135.XE 54. 104   8
 2 9  5.29048E-04  3.58994E-02  3.58994E-02  0.00000E+00            135.XE 54. 105   9
 210  7.19153E-04  3.59018E-02  3.59018E-02  0.00000E+00            135.XE 54. 106  10
 211  6.80638E-03  3.59668E-02  3.59668E-02  0.00000E+00            135.XE 54. 107  11
 212  1.28692E-02  3.59686E-02  3.59686E-02  0.00000E+00            135.XE 54. 108  12
 221  1.84936E-05  3.21700E-04  3.21700E-04  0.00000E+00            135.XE 54. 109  21
 222  3.79917E-04  6.78800E-04  6.78800E-04  0.00000E+00            135.XE 54. 110  22
 223  1.37508E-02  4.62540E-03  4.62540E-03  0.00000E+00            135.XE 54. 111  23
 224  2.14772E-02  4.69421E-03  4.69421E-03  0.00000E+00            135.XE 54. 112  24
 225  2.12948E-04  4.93720E-03  4.93720E-03  0.00000E+00            135.XE 54. 113  25
 226  3.18113E-04  4.95191E-03  4.95191E-03  0.00000E+00            135.XE 54. 114  26
 227  3.02765E-03  5.50294E-03  5.50294E-03  0.00000E+00            135.XE 54. 115  27
 228  4.86588E-03  5.51713E-03  5.51713E-03  0.00000E+00            135.XE 54. 116  28
 229  2.68168E-05  5.59929E-03  5.59929E-03  0.00000E+00            135.XE 54. 117  29
 230  4.08435E-05  5.60167E-03  5.60167E-03  0.00000E+00            135.XE 54. 118  30
 231  4.01177E-04  5.66662E-03  5.66662E-03  0.00000E+00            135.XE 54. 119  31
 232  6.31100E-04  5.66847E-03  5.66847E-03  0.00000E+00            135.XE 54. 120  32
 241  1.84132E-07  3.57100E-04  3.57100E-04  0.00000E+00            135.XE 54. 121  41
 242  8.73827E-03  4.16681E-03  4.16681E-03  0.00000E+00            135.XE 54. 122  42
 243  1.30203E-04  4.37252E-03  4.37252E-03  0.00000E+00            135.XE 54. 123  43
 244  1.68787E-01  4.61551E-03  4.61551E-03  0.00000E+00            135.XE 54. 124  44
 245  1.29072E-03  5.13135E-03  5.13135E-03  0.00000E+00            135.XE 54. 125  45
 246  1.73164E-05  5.19544E-03  5.19544E-03  0.00000E+00            135.XE 54. 126  46
 247  2.62493E-02  5.27759E-03  5.27759E-03  0.00000E+00            135.XE 54. 127  47
 249  1.64419E-04  5.33222E-03  5.33222E-03  0.00000E+00            135.XE 54. 128  49
 250  2.24728E-06  5.34676E-03  5.34676E-03  0.00000E+00            135.XE 54. 129  50
 261  3.00878E-02  3.80971E-03  3.80971E-03  0.00000E+00            135.XE 54. 130  61
 262  1.69320E-04  3.94660E-03  3.94660E-03  0.00000E+00            135.XE 54. 131  62
 263  1.57410E-04  4.01541E-03  4.01541E-03  0.00000E+00            135.XE 54. 132  63
 264  3.17071E-02  4.25839E-03  4.25839E-03  0.00000E+00            135.XE 54. 133  64
 265  2.80907E-01  4.27312E-03  4.27312E-03  0.00000E+00            135.XE 54. 134  65
 266  2.77282E-03  4.77424E-03  4.77424E-03  0.00000E+00            135.XE 54. 135  66
 267  1.60320E-05  4.82412E-03  4.82412E-03  0.00000E+00            135.XE 54. 136  67
 268  1.54142E-05  4.83834E-03  4.83834E-03  0.00000E+00            135.XE 54. 137  68
 269  4.79499E-03  4.92049E-03  4.92049E-03  0.00000E+00            135.XE 54. 138  69
 270  4.28077E-02  4.92286E-03  4.92286E-03  0.00000E+00            135.XE 54. 139  70
 273  4.11619E-04  4.97514E-03  4.97514E-03  0.00000E+00            135.XE 54. 140  73
 274  2.11273E-06  4.98784E-03  4.98784E-03  0.00000E+00            135.XE 54. 141  74
 275  1.99086E-06  4.98967E-03  4.98967E-03  0.00000E+00            135.XE 54. 142  75
 291  3.78240E-02  6.46572E-04  6.46572E-04  0.00000E+00            135.XE 54. 143  91
 292  9.49856E-04  1.00392E-04  1.00392E-04  0.00000E+00            135.XE 54. 144  92
 294  8.07882E+01  2.18865E-05  2.18865E-05  0.00000E+00            135.XE 54. 145  94
 7 1  3.93057E-01  2.53980E-02  2.53980E-02  0.00000E+00            135.XE 54. 146   1
 7 2  1.78636E-01  2.98089E-02  2.98089E-02  0.00000E+00            135.XE 54. 147   2
 7 3  1.94712E-02  3.42220E-02  3.42220E-02  0.00000E+00            135.XE 54. 148   3
 7 4  8.74860E-01  3.25149E-04  3.25149E-04  0.00000E+00            135.XE 54. 149   4
 7 5  4.16155E+00  3.44390E-03  3.44390E-03  0.00000E+00            135.XE 54. 150   5
 7 6  1.28325E+00  4.16463E-03  4.16463E-03  0.00000E+00            135.XE 54. 151   6
 7 7  9.87744E-02  4.91378E-03  4.91378E-03  0.00000E+00            135.XE 54. 152   7
 7 8  4.69239E+00  1.19664E-04  1.19664E-04  0.00000E+00            135.XE 54. 153   8
 7 9  1.05812E+01  5.28144E-04  5.28144E-04  0.00000E+00            135.XE 54. 154   9
 710  6.93393E-01  6.52437E-04  6.52437E-04  0.00000E+00            135.XE 54. 155  10
 711  5.80329E-03  8.09987E-04  8.09987E-04  0.00000E+00            135.XE 54. 156  11
 712  1.07414E+01  2.08746E-05  2.08746E-05  0.00000E+00            135.XE 54. 157  12
 713  3.83600E+01  4.14326E-05  4.14326E-05  0.00000E+00            135.XE 54. 158  13
%%%% 135 XE  54    B-           3.29040E+04 9.14 H     02-11-2005       SEEIEND 
 


   ***************************************************** 
   *                 Radiation Summary                 * 
   ***************************************************** 
 
  Energy released by
    Gamma-ray                       (MeV) =   2.46582E-01
    X-ray                           (MeV) =   1.68282E-03
    Free-bound X-ray                (MeV) =   1.76817E-05
    Annihilation photon             (MeV) =   0.00000E+00
    Beta+ particle                  (MeV) =   0.00000E+00
    Neutrino                        (MeV) =   0.00000E+00
    Beta- particle                  (MeV) =   3.05000E-01
    Neutrino-                       (MeV) =   5.96565E-01
    Internal conv. electron         (MeV) =   1.53951E-02
    Auger and CK electron           (MeV) =   4.48407E-04
    Alpha particle                  (MeV) =   0.00000E+00
    Recoil nucleus                  (MeV) =   0.00000E+00
  E-total (except unplaced radiat.) (MeV) =   1.16569E+00
  E-unplaced radiation              (MeV) =   0.00000E+00
  Q-value from ENSDF data           (MeV) =   1.16500E+00
  Ratio of E-total/Q-value          ( % ) =   1.00059E+02
  Ratio of E-unplaced radi./Q-value ( % ) =   0.00000E+00

 
  Total yield of
    Gamma-ray                             =   9.39751E-01
    X-ray                                 =   5.90991E-02
    Free-bound X-ray                      =   8.07882E-01
    Annihilation photon                   =   0.00000E+00
    Beta+ particle                        =   0.00000E+00
    Beta- particle                        =   1.00000E+00
    Internal conv. electron               =   7.02520E-02
    Auger and CK electron                 =   7.20837E-01
    Alpha particle                        =   0.00000E+00
  Yield of unplaced radiation             =   0.00000E+00


%%%% 135 XE  54 M  IT B-        9.17400E+02 15.29 M    02-11-2005       BALASTAR
1 135M  XE  54 15.29 M         IT B-      
1INTENSITY AND ENERGY BALANCE DATA

              135M-XENON-54
+                                    HALFLIFE = 15.29 MINUTES 
+                                                                  02-11-2005


    LEVEL       INTENSITY   INTENSITY
    ENERGY      ENTERING    LEAVING     PERCENT
    (MEV)       LEVEL       LEVEL       ERROR

   0.0000E+00  9.9102E+01
   5.2656E-01  9.9102E+01  9.9102E+01  0.0000E+00                      
   0.0000E+00  5.9996E-01
   7.8690E-01  3.4772E-03  3.4422E-03  1.0124E+00                      
   1.1330E+00  2.3844E-04  2.3431E-04  1.7465E+00                      
   1.1920E+00  3.1792E-05  3.1237E-05  1.7597E+00                      
   1.3580E+00  1.5896E-04  1.5614E-04  1.7870E+00                      


 INTENSITY TO GROUND AND ISOMERIC STATE(S) OF DAUGHTER(S)=  9.970E+01
 TOTAL INTENSITY FROM PARENT=  9.970E+01
 PERCENT ERROR =  3.826E-05                      


 TOTAL INTENSITY FROM PARENT =  9.970E+01
 VALUE IS WITHIN   2.98E-01% OF 100                      


 TOTAL ENERGY AVAILABLE =  5.320E-01 MEV
 TOTAL ENERGY CONTENT OF ALL RADIATIONS =  5.320E-01 MEV
 PERCENT ERROR =  1.804E-03                      
%%%% 135 XE  54 M  IT B-        9.17400E+02 15.29 M    02-11-2005       BALAEND 
%%%% 135 XE  54 M  IT B-        9.17400E+02 15.29 M    02-11-2005       INPUSTAR
1                                      **INPUT DATA**
              135M-XENON-54
+                                    HALFLIFE = 15.29 MINUTES 
+                                                                  02-11-2005

            MODES OF DECAY: ISOMERIC LEVEL, BETA MINUS
 
                                MEAN
                                NUMBER/    TRANSITION
                TYPE OF    ID   TRANSFOR-  ENERGY
              TRANSITION   NO.  MATION     (MEV)       OTHER NUCLEAR PARAMETERS

           I.C.E. + GAMMA   1   9.91E-01   5.266E-01   M4 MULTIPOLE                             
+                                                                    AK= 0.194                  
                                                       AL1=0.0284    AL2=0.00437                
                                                       AL3=0.00456   AM= 0.00793                
                                                       AN+=0.00198                              
               BETA MINUS   1   1.59E-06   3.336E-01*  ALLOWED                                  
+                                                              ASSUMED                          
               BETA MINUS   2   3.18E-07   4.996E-01*  UNIQUE FIRST FORBIDDEN                   
                                                         FROM LOG(FT) VALUE                     
               BETA MINUS   3   2.38E-06   5.586E-01*  UNIQUE FIRST FORBIDDEN                   
                                                         FROM LOG(FT) VALUE                     
               BETA MINUS   4   3.48E-05   9.047E-01*  FIRST FORBIDDEN                          
               BETA MINUS   5   5.96E-03   1.692E+00*  UNIQUE FIRST FORBIDDEN                   
           I.C.E. + GAMMA   1   3.44E-05   7.869E-01   E2 MULTIPOLE                             
+                                                                    AK= 0.00254                
           I.C.E. + GAMMA   2   2.34E-06   1.133E+00   E2 MULTIPOLE ASSUMED                     
                                                       AK= 0.00114                              
           I.C.E. + GAMMA   3   3.12E-07   1.192E+00   E2 MULTIPOLE ASSUMED                     
                                                       AK= 0.00103                              
           I.C.E. + GAMMA   4   1.56E-06   1.358E+00   E2 MULTIPOLE ASSUMED                     
 
           * ENDPOINT ENERGY (MEV)
           - - - - - - - - - -
           Reference: Evaluated Nuclear Structure Data File (ENSDF)
                DATE DATA WERE ENTERED INTO ENSDF: Jun-1998
%%%% 135 XE  54 M  IT B-        9.17400E+02 15.29 M    02-11-2005       INPUEND 
%%%% 135 XE  54 M  IT B-        9.17400E+02 15.29 M    02-11-2005       OUTPSTAR
1                                      **OUTPUT DATA**
              135M-XENON-54
+                                    HALFLIFE = 15.29 MINUTES 
+                                                                  02-11-2005

            MODES OF DECAY: ISOMERIC LEVEL, BETA MINUS
 
                                              MEAN
                                              NUMBER/                  MEV/
                                         ID   TRANSFOR-   ENERGY       TRANSFOR-
                  TYPE OF RADIATION      NO.  MATION      (MEV)        MATION

           GAMMA-RAY                      1   7.99E-01    5.266E-01    4.21E-01
           K CONV. ELECTRON, GAMMA-RAY    1   1.55E-01    4.920E-01    7.61E-02
           L1 CONV. ELECTRON, GAMMA-RAY   1   2.27E-02    5.211E-01    1.18E-02
           L2 CONV. ELECTRON, GAMMA-RAY   1   3.49E-03    5.215E-01    1.82E-03
           L3 CONV. ELECTRON, GAMMA-RAY   1   3.64E-03    5.218E-01    1.90E-03
           M CONV. ELECTRON, GAMMA-RAY    1   6.34E-03    5.256E-01*   3.33E-03
           N+ CONV. ELECTRON, GAMMA-RAY   1   1.58E-03    5.266E-01*   8.34E-04
           K -L2 X-RAY                        3.96E-02    2.945E-02    1.17E-03
           K -L3 X-RAY                        7.33E-02    2.978E-02    2.18E-03
           K -M3 X-RAY                        1.33E-02    3.363E-02    4.49E-04
           AUGER KLL                          1.11E-02    2.447E-02*   2.72E-04
           AUGER KLX                          4.98E-03    2.869E-02*   1.43E-04
           AUGER LMM                          1.16E-01    3.327E-03*   3.87E-04
           AUGER LMX                          3.45E-02    4.005E-03*   1.38E-04
           AUGER MNN                          2.95E-01    5.052E-04*   1.49E-04
           BETA MINUS                     5   5.96E-03    6.414E-01*   3.82E-03
 
           ALL LISTED X-RAYS, GAMMA-RAYS AND ANNIHILATION RADIATION    4.24E-01
           ALL NEGLECTED X-RAYS, GAMMA-RAYS AND ANNIH. RADIATION**     5.40E-04
           ALL LISTED BETAS, INTERNAL CONVERSION AND AUGER ELECTRONS   1.01E-01
           ALL NEGLECTED BETAS, INT. CONVERSION AND AUGER ELECTRONS**  1.25E-04
           ALL LISTED RADIATIONS                                       5.25E-01
           ALL NEGLECTED RADIATIONS**                                  6.65E-04
 
           *  AVERAGE ENERGY (MEV)
           ** EACH NEGLECTED TRANSITION CONTRIBUTES LESS THAN  0.100%
              TO THE TOTAL MEV/TRANSFORMATION FOR THIS CATEGORY.
           TOTAL FEEDING OF GROUND STATE LEVEL IN 135-XENON
             DAUGHTER IS 9.9400E-01  PER TRANSFORMATION OF 135M-XENON.
             DECAY OF THIS 9.14 HOURS HALFLIFE LEVEL WILL CONTRIBUTE TO DOSE.
           TOTAL FEEDING OF GROUND STATE LEVEL IN 135-CESIUM
             DAUGHTER IS 6.0000E-03  PER TRANSFORMATION OF 135M-XENON.
             DECAY OF THIS 0.23E+07 YEARS HALFLIFE LEVEL WILL CONTRIBUTE TO DOSE.
           - - - - - - - - - -
           INPUT DATA SOURCE: EVALUATED NUCLEAR STRUCTURE DATA FILE (ENSDF)
             DATE INPUT DATA WERE ENTERED INTO ENSDF: Jun-1998
%%%% 135 XE  54 M  IT B-        9.17400E+02 15.29 M    02-11-2005       OUTPEND 
%%%% 135 XE  54 M  IT B-        9.17400E+02 15.29 M    02-11-2005       BETASTAR
1
              135M-XENON-54
+                                    HALFLIFE = 15.29 MINUTES 
+                                                                  02-11-2005

            BETA SPECTRUM DATA FOR ALL DECAY BRANCHES

                      BETAS PER                BETAS PER                BETAS PER
            ENERGY    MEV            ENERGY    MEV            ENERGY    MEV
            (MEV)     PER DECAY      (MEV)     PER DECAY      (MEV)     PER DECAY

            0.00000   4.259E-03      0.00260   4.255E-03      0.07500   4.543E-03
            0.00010   4.259E-03      0.00280   4.254E-03      0.08000   4.564E-03
            0.00011   4.259E-03      0.00300   4.254E-03      0.08500   4.585E-03
            0.00012   4.259E-03      0.00320   4.254E-03      0.09000   4.605E-03
            0.00013   4.259E-03      0.00360   4.253E-03      0.10000   4.645E-03
            0.00014   4.259E-03      0.00400   4.252E-03      0.11000   4.684E-03
            0.00015   4.259E-03      0.00450   4.252E-03      0.12000   4.722E-03
            0.00016   4.259E-03      0.00500   4.251E-03      0.13000   4.758E-03
            0.00018   4.259E-03      0.00550   4.250E-03      0.14000   4.793E-03
            0.00020   4.259E-03      0.00600   4.249E-03      0.15000   4.826E-03
            0.00022   4.259E-03      0.00650   4.248E-03      0.16000   4.857E-03
            0.00024   4.259E-03      0.00700   4.247E-03      0.18000   4.916E-03
            0.00026   4.259E-03      0.00750   4.246E-03      0.20000   4.968E-03
            0.00028   4.259E-03      0.00800   4.245E-03      0.22000   5.014E-03
            0.00030   4.259E-03      0.00850   4.245E-03      0.24000   5.053E-03
            0.00032   4.259E-03      0.00900   4.244E-03      0.26000   5.087E-03
            0.00036   4.258E-03      0.01000   4.250E-03      0.28000   5.114E-03
            0.00040   4.258E-03      0.01100   4.255E-03      0.30000   5.136E-03
            0.00045   4.258E-03      0.01200   4.260E-03      0.32000   5.153E-03
            0.00050   4.258E-03      0.01300   4.265E-03      0.36000   5.172E-03
            0.00055   4.258E-03      0.01400   4.270E-03      0.40000   5.171E-03
            0.00060   4.258E-03      0.01500   4.275E-03      0.45000   5.148E-03
            0.00065   4.258E-03      0.01600   4.279E-03      0.50000   5.102E-03
            0.00070   4.258E-03      0.01800   4.289E-03      0.55000   5.038E-03
            0.00075   4.258E-03      0.02000   4.299E-03      0.60000   4.958E-03
            0.00080   4.258E-03      0.02200   4.308E-03      0.65000   4.863E-03
            0.00085   4.258E-03      0.02400   4.318E-03      0.70000   4.755E-03
            0.00090   4.258E-03      0.02600   4.327E-03      0.75000   4.633E-03
            0.00100   4.257E-03      0.02800   4.336E-03      0.80000   4.499E-03
            0.00110   4.257E-03      0.03000   4.345E-03      0.85000   4.350E-03
            0.00120   4.257E-03      0.03200   4.355E-03      0.90000   4.187E-03
            0.00130   4.257E-03      0.03600   4.373E-03      1.00000   3.807E-03
            0.00140   4.257E-03      0.04000   4.391E-03      1.10000   3.339E-03
            0.00150   4.257E-03      0.04500   4.413E-03      1.20000   2.778E-03
            0.00160   4.256E-03      0.05000   4.435E-03      1.30000   2.129E-03
            0.00180   4.256E-03      0.05500   4.457E-03      1.40000   1.427E-03
            0.00200   4.256E-03      0.06000   4.479E-03      1.50000   7.442E-04
            0.00220   4.255E-03      0.06500   4.500E-03      1.60000   2.050E-04
            0.00240   4.255E-03      0.07000   4.522E-03      1.69155   0.000E+00

            AVERAGE BETA ENERGY =   6.391E-01

            TOTAL BETAS PER DECAY FOR ALL BRANCHES =   6.000E-03
%%%% 135 XE  54 M  IT B-        9.17400E+02 15.29 M    02-11-2005       BETAEND 
%%%% 135 XE  54 M  IT B-        9.17400E+02 15.29 M    02-11-2005       SEEISTAR
135.M XENON        54.  1.529E+01 MINUTES  164 IT B-                135.XE 54.   0
 1 1  7.98721E+01  5.26561E-01  5.26561E-01  0.00000E+00            135.XE 54.   1   1
 6 1  1.54592E+01  4.92005E-01  4.92005E-01  1.00000E+00            135.XE 54.   2   1
 6 5  2.26519E+00  5.21144E-01  5.21144E-01  1.00000E+00            135.XE 54.   3   5
 6 6  3.49022E-01  5.21457E-01  5.21457E-01  1.00000E+00            135.XE 54.   4   6
 6 7  3.64210E-01  5.21786E-01  5.21786E-01  1.00000E+00            135.XE 54.   5   7
 6 3  6.33727E-01  5.25634E-01  5.25634E-01  1.00000E+00            135.XE 54.   6   3
 6 4  1.58356E-01  5.26561E-01  5.26561E-01  1.00000E+00            135.XE 54.   7   4
 2 1  3.95737E+00  2.94521E-02  2.94521E-02  0.00000E+00            135.XE 54.   8   1
 2 2  7.32886E+00  2.97812E-02  2.97812E-02  0.00000E+00            135.XE 54.   9   2
 2 3  6.87977E-01  3.35665E-02  3.35665E-02  0.00000E+00            135.XE 54.  10   3
 2 4  1.33378E+00  3.36295E-02  3.36295E-02  0.00000E+00            135.XE 54.  11   4
 2 5  6.78624E-03  3.38651E-02  3.38651E-02  0.00000E+00            135.XE 54.  12   5
 2 6  9.26774E-03  3.38785E-02  3.38785E-02  0.00000E+00            135.XE 54.  13   6
 2 7  1.44245E-01  3.43952E-02  3.43952E-02  0.00000E+00            135.XE 54.  14   7
 2 8  2.81325E-01  3.44080E-02  3.44080E-02  0.00000E+00            135.XE 54.  15   8
 2 9  1.26504E-03  3.44862E-02  3.44862E-02  0.00000E+00            135.XE 54.  16   9
 210  1.72431E-03  3.44882E-02  3.44882E-02  0.00000E+00            135.XE 54.  17  10
 211  1.47829E-02  3.45436E-02  3.45436E-02  0.00000E+00            135.XE 54.  18  11
 212  2.79532E-02  3.45450E-02  3.45450E-02  0.00000E+00            135.XE 54.  19  12
 221  6.01141E-05  3.13000E-04  3.13000E-04  0.00000E+00            135.XE 54.  20  21
 222  1.13117E-03  6.42201E-04  6.42201E-04  0.00000E+00            135.XE 54.  21  22
 223  4.20649E-02  4.42743E-03  4.42743E-03  0.00000E+00            135.XE 54.  22  23
 224  6.62832E-02  4.49034E-03  4.49034E-03  0.00000E+00            135.XE 54.  23  24
 225  6.26715E-04  4.72599E-03  4.72599E-03  0.00000E+00            135.XE 54.  24  25
 226  9.35588E-04  4.73937E-03  4.73937E-03  0.00000E+00            135.XE 54.  25  26
 227  9.06744E-03  5.25621E-03  5.25621E-03  0.00000E+00            135.XE 54.  26  27
 228  1.46616E-02  5.26892E-03  5.26892E-03  0.00000E+00            135.XE 54.  27  28
 229  7.62275E-05  5.34706E-03  5.34706E-03  0.00000E+00            135.XE 54.  28  29
 230  1.15787E-04  5.34913E-03  5.34913E-03  0.00000E+00            135.XE 54.  29  30
 231  1.03064E-03  5.40454E-03  5.40454E-03  0.00000E+00            135.XE 54.  30  31
 232  1.60063E-03  5.40593E-03  5.40593E-03  0.00000E+00            135.XE 54.  31  32
 241  3.97900E-07  3.29200E-04  3.29200E-04  0.00000E+00            135.XE 54.  32  41
 242  2.27646E-02  3.98191E-03  3.98191E-03  0.00000E+00            135.XE 54.  33  42
 243  3.29066E-04  4.17734E-03  4.17734E-03  0.00000E+00            135.XE 54.  34  43
 244  4.23215E-01  4.41300E-03  4.41300E-03  0.00000E+00            135.XE 54.  35  44
 245  3.24784E-03  4.89553E-03  4.89553E-03  0.00000E+00            135.XE 54.  36  45
 246  4.06944E-05  4.95593E-03  4.95593E-03  0.00000E+00            135.XE 54.  37  46
 247  6.31785E-02  5.03405E-03  5.03405E-03  0.00000E+00            135.XE 54.  38  47
 249  3.89815E-04  5.08031E-03  5.08031E-03  0.00000E+00            135.XE 54.  39  49
 250  4.44548E-06  5.09294E-03  5.09294E-03  0.00000E+00            135.XE 54.  40  50
 261  7.94473E-02  3.65269E-03  3.65269E-03  0.00000E+00            135.XE 54.  41  61
 262  4.38613E-04  3.78523E-03  3.78523E-03  0.00000E+00            135.XE 54.  42  62
 263  4.08358E-04  3.84813E-03  3.84813E-03  0.00000E+00            135.XE 54.  43  63
 264  8.11604E-02  4.08379E-03  4.08379E-03  0.00000E+00            135.XE 54.  44  64
 265  7.19309E-01  4.09719E-03  4.09719E-03  0.00000E+00            135.XE 54.  45  65
 266  6.99939E-03  4.56632E-03  4.56632E-03  0.00000E+00            135.XE 54.  46  66
 267  3.86017E-05  4.61402E-03  4.61402E-03  0.00000E+00            135.XE 54.  47  67
 268  3.70392E-05  4.62673E-03  4.62673E-03  0.00000E+00            135.XE 54.  48  68
 269  1.18030E-02  4.70486E-03  4.70486E-03  0.00000E+00            135.XE 54.  49  69
 270  1.05255E-01  4.70692E-03  4.70692E-03  0.00000E+00            135.XE 54.  50  70
 273  9.85470E-04  4.75109E-03  4.75109E-03  0.00000E+00            135.XE 54.  51  73
 274  4.36582E-06  4.76235E-03  4.76235E-03  0.00000E+00            135.XE 54.  52  74
 275  4.03104E-06  4.76373E-03  4.76373E-03  0.00000E+00            135.XE 54.  53  75
 291  9.16049E-02  6.08630E-04  6.08630E-04  0.00000E+00            135.XE 54.  54  91
 292  2.25998E-03  9.22514E-05  9.22514E-05  0.00000E+00            135.XE 54.  55  92
 294  2.26813E+02  1.66175E-05  1.66175E-05  0.00000E+00            135.XE 54.  56  94
 7 1  1.11261E+00  2.44715E-02  2.44715E-02  0.00000E+00            135.XE 54.  57   1
 7 2  4.97756E-01  2.86854E-02  2.86854E-02  0.00000E+00            135.XE 54.  58   2
 7 3  5.35039E-02  3.29032E-02  3.29032E-02  0.00000E+00            135.XE 54.  59   3
 7 4  2.60930E+00  3.23009E-04  3.23009E-04  0.00000E+00            135.XE 54.  60   4
 7 5  1.16216E+01  3.32730E-03  3.32730E-03  0.00000E+00            135.XE 54.  61   5
 7 6  3.44846E+00  4.00481E-03  4.00481E-03  0.00000E+00            135.XE 54.  62   6
 7 7  2.62044E-01  4.70944E-03  4.70944E-03  0.00000E+00            135.XE 54.  63   7
 7 8  1.33285E+01  1.23815E-04  1.23815E-04  0.00000E+00            135.XE 54.  64   8
 7 9  2.95084E+01  5.05231E-04  5.05231E-04  0.00000E+00            135.XE 54.  65   9
 710  1.68937E+00  6.17585E-04  6.17585E-04  0.00000E+00            135.XE 54.  66  10
 711  1.13969E-02  7.68532E-04  7.68532E-04  0.00000E+00            135.XE 54.  67  11
 712  3.53954E+01  2.61963E-05  2.61963E-05  0.00000E+00            135.XE 54.  68  12
 713  1.07864E+02  3.62457E-05  3.62457E-05  0.00000E+00            135.XE 54.  69  13
 5 1  1.58958E-04  9.64107E-02  3.33551E-01  0.00000E+00            135.XE 54.  70   1
 5 2  3.17917E-05  1.69655E-01  4.99551E-01  1.00000E+00            135.XE 54.  71   2
 5 3  2.38437E-04  1.90719E-01  5.58551E-01  1.00000E+00            135.XE 54.  72   3
 5 4  3.47721E-03  3.05958E-01  9.04651E-01  0.00000E+00            135.XE 54.  73   4
 5 5  5.96094E-01  6.41352E-01  1.69155E+00  1.00000E+00            135.XE 54.  74   5
 1 1  3.43200E-03  7.86900E-01  7.86900E-01  0.00000E+00            135.XE 54.  75   1
 6 1  8.70819E-06  7.50915E-01  7.50915E-01  1.00000E+00            135.XE 54.  76   1
 6 5  1.00959E-06  7.81215E-01  7.81215E-01  1.00000E+00            135.XE 54.  77   5
 6 6  1.00945E-07  7.81537E-01  7.81537E-01  1.00000E+00            135.XE 54.  78   6
 6 7  6.37175E-08  7.81894E-01  7.81894E-01  1.00000E+00            135.XE 54.  79   7
 6 3  2.41340E-07  7.85909E-01  7.85909E-01  1.00000E+00            135.XE 54.  80   3
 6 4  6.27563E-08  7.86900E-01  7.86900E-01  1.00000E+00            135.XE 54.  81   4
 1 2  2.34000E-04  1.13300E+00  1.13300E+00  0.00000E+00            135.XE 54.  82   2
 6 1  2.66336E-07  1.09702E+00  1.09702E+00  2.00000E+00            135.XE 54.  83   1
 6 5  3.09211E-08  1.12732E+00  1.12732E+00  2.00000E+00            135.XE 54.  84   5
 6 6  1.90630E-09  1.12764E+00  1.12764E+00  2.00000E+00            135.XE 54.  85   6
 6 7  1.19020E-09  1.12799E+00  1.12799E+00  2.00000E+00            135.XE 54.  86   7
 6 3  6.96869E-09  1.13201E+00  1.13201E+00  2.00000E+00            135.XE 54.  87   3
 6 4  1.82061E-09  1.13300E+00  1.13300E+00  2.00000E+00            135.XE 54.  88   4
 1 3  3.12000E-05  1.19220E+00  1.19220E+00  0.00000E+00            135.XE 54.  89   3
 6 1  3.19961E-08  1.15622E+00  1.15622E+00  3.00000E+00            135.XE 54.  90   1
 6 5  3.71428E-09  1.18652E+00  1.18652E+00  3.00000E+00            135.XE 54.  91   5
 6 6  2.14214E-10  1.18684E+00  1.18684E+00  3.00000E+00            135.XE 54.  92   6
 6 7  1.34174E-10  1.18719E+00  1.18719E+00  3.00000E+00            135.XE 54.  93   7
 6 3  8.31712E-10  1.19121E+00  1.19121E+00  3.00000E+00            135.XE 54.  94   3
 6 4  2.17453E-10  1.19220E+00  1.19220E+00  3.00000E+00            135.XE 54.  95   4
 1 4  1.56000E-04  1.35800E+00  1.35800E+00  0.00000E+00            135.XE 54.  96   4
 6 1  1.23363E-07  1.32202E+00  1.32202E+00  4.00000E+00            135.XE 54.  97   1
 6 5  1.43430E-08  1.35232E+00  1.35232E+00  4.00000E+00            135.XE 54.  98   5
 6 6  6.98364E-10  1.35264E+00  1.35264E+00  4.00000E+00            135.XE 54.  99   6
 6 7  4.43241E-10  1.35299E+00  1.35299E+00  4.00000E+00            135.XE 54. 100   7
 6 3  3.16295E-09  1.35701E+00  1.35701E+00  4.00000E+00            135.XE 54. 101   3
 6 4  8.28778E-10  1.35800E+00  1.35800E+00  4.00000E+00            135.XE 54. 102   4
 2 1  2.35177E-06  3.06218E-02  3.06218E-02  0.00000E+00            135.XE 54. 103   1
 2 2  4.34319E-06  3.09789E-02  3.09789E-02  0.00000E+00            135.XE 54. 104   2
 2 3  4.11467E-07  3.49256E-02  3.49256E-02  0.00000E+00            135.XE 54. 105   3
 2 4  7.97552E-07  3.49943E-02  3.49943E-02  0.00000E+00            135.XE 54. 106   4
 2 5  4.25810E-09  3.52374E-02  3.52374E-02  0.00000E+00            135.XE 54. 107   5
 2 6  5.79886E-09  3.52521E-02  3.52521E-02  0.00000E+00            135.XE 54. 108   6
 2 7  8.65753E-08  3.58031E-02  3.58031E-02  0.00000E+00            135.XE 54. 109   7
 2 8  1.68748E-07  3.58172E-02  3.58172E-02  0.00000E+00            135.XE 54. 110   8
 2 9  8.30219E-10  3.58994E-02  3.58994E-02  0.00000E+00            135.XE 54. 111   9
 210  1.12855E-09  3.59018E-02  3.59018E-02  0.00000E+00            135.XE 54. 112  10
 211  1.06811E-08  3.59668E-02  3.59668E-02  0.00000E+00            135.XE 54. 113  11
 212  2.01953E-08  3.59686E-02  3.59686E-02  0.00000E+00            135.XE 54. 114  12
 221  2.94308E-11  3.21700E-04  3.21700E-04  0.00000E+00            135.XE 54. 115  21
 222  6.04602E-10  6.78800E-04  6.78800E-04  0.00000E+00            135.XE 54. 116  22
 223  2.18830E-08  4.62540E-03  4.62540E-03  0.00000E+00            135.XE 54. 117  23
 224  3.41790E-08  4.69421E-03  4.69421E-03  0.00000E+00            135.XE 54. 118  24
 225  3.38887E-10  4.93719E-03  4.93719E-03  0.00000E+00            135.XE 54. 119  25
 226  5.06247E-10  4.95192E-03  4.95192E-03  0.00000E+00            135.XE 54. 120  26
 227  4.81822E-09  5.50294E-03  5.50294E-03  0.00000E+00            135.XE 54. 121  27
 228  7.74359E-09  5.51713E-03  5.51713E-03  0.00000E+00            135.XE 54. 122  28
 229  4.26764E-11  5.59929E-03  5.59929E-03  0.00000E+00            135.XE 54. 123  29
 230  6.49985E-11  5.60167E-03  5.60167E-03  0.00000E+00            135.XE 54. 124  30
 231  6.38435E-10  5.66662E-03  5.66662E-03  0.00000E+00            135.XE 54. 125  31
 232  1.00434E-09  5.66847E-03  5.66847E-03  0.00000E+00            135.XE 54. 126  32
 241  2.75782E-13  3.57100E-04  3.57100E-04  0.00000E+00            135.XE 54. 127  41
 242  1.30877E-08  4.16681E-03  4.16681E-03  0.00000E+00            135.XE 54. 128  42
 243  1.95010E-10  4.37252E-03  4.37252E-03  0.00000E+00            135.XE 54. 129  43
 244  2.52800E-07  4.61551E-03  4.61551E-03  0.00000E+00            135.XE 54. 130  44
 245  1.93316E-09  5.13135E-03  5.13135E-03  0.00000E+00            135.XE 54. 131  45
 246  2.59354E-11  5.19544E-03  5.19544E-03  0.00000E+00            135.XE 54. 132  46
 247  3.93146E-08  5.27759E-03  5.27759E-03  0.00000E+00            135.XE 54. 133  47
 249  2.46258E-10  5.33222E-03  5.33222E-03  0.00000E+00            135.XE 54. 134  49
 250  3.36585E-12  5.34676E-03  5.34676E-03  0.00000E+00            135.XE 54. 135  50
 261  4.60260E-08  3.80971E-03  3.80971E-03  0.00000E+00            135.XE 54. 136  61
 262  2.59012E-10  3.94660E-03  3.94660E-03  0.00000E+00            135.XE 54. 137  62
 263  2.40794E-10  4.01542E-03  4.01542E-03  0.00000E+00            135.XE 54. 138  63
 264  4.85031E-08  4.25839E-03  4.25839E-03  0.00000E+00            135.XE 54. 139  64
 265  4.29710E-07  4.27312E-03  4.27312E-03  0.00000E+00            135.XE 54. 140  65
 266  4.24165E-09  4.77424E-03  4.77424E-03  0.00000E+00            135.XE 54. 141  66
 267  2.45245E-11  4.82412E-03  4.82412E-03  0.00000E+00            135.XE 54. 142  67
 268  2.35795E-11  4.83834E-03  4.83834E-03  0.00000E+00            135.XE 54. 143  68
 269  7.33501E-09  4.92049E-03  4.92049E-03  0.00000E+00            135.XE 54. 144  69
 270  6.54839E-08  4.92286E-03  4.92286E-03  0.00000E+00            135.XE 54. 145  70
 273  6.29662E-10  4.97514E-03  4.97514E-03  0.00000E+00            135.XE 54. 146  73
 274  3.23189E-12  4.98784E-03  4.98784E-03  0.00000E+00            135.XE 54. 147  74
 275  3.04546E-12  4.98967E-03  4.98967E-03  0.00000E+00            135.XE 54. 148  75
 291  5.76420E-08  6.46617E-04  6.46617E-04  0.00000E+00            135.XE 54. 149  91
 292  1.44924E-09  1.00393E-04  1.00393E-04  0.00000E+00            135.XE 54. 150  92
 294  1.23254E-04  2.18868E-05  2.18868E-05  0.00000E+00            135.XE 54. 151  94
 7 1  6.16813E-07  2.53980E-02  2.53980E-02  0.00000E+00            135.XE 54. 152   1
 7 2  2.80329E-07  2.98089E-02  2.98089E-02  0.00000E+00            135.XE 54. 153   2
 7 3  3.05556E-08  3.42220E-02  3.42220E-02  0.00000E+00            135.XE 54. 154   3
 7 4  1.35688E-06  3.27624E-04  3.27624E-04  0.00000E+00            135.XE 54. 155   4
 7 5  6.34746E-06  3.44389E-03  3.44389E-03  0.00000E+00            135.XE 54. 156   5
 7 6  1.95730E-06  4.16473E-03  4.16473E-03  0.00000E+00            135.XE 54. 157   6
 7 7  1.50673E-07  4.91409E-03  4.91409E-03  0.00000E+00            135.XE 54. 158   7
 7 8  7.16538E-06  1.19532E-04  1.19532E-04  0.00000E+00            135.XE 54. 159   8
 7 9  1.61284E-05  5.28177E-04  5.28177E-04  0.00000E+00            135.XE 54. 160   9
 710  1.05716E-06  6.52552E-04  6.52552E-04  0.00000E+00            135.XE 54. 161  10
 711  8.85813E-09  8.10290E-04  8.10290E-04  0.00000E+00            135.XE 54. 162  11
 712  1.63951E-05  2.08917E-05  2.08917E-05  0.00000E+00            135.XE 54. 163  12
 713  5.85182E-05  4.14343E-05  4.14343E-05  0.00000E+00            135.XE 54. 164  13
%%%% 135 XE  54 M  IT B-        9.17400E+02 15.29 M    02-11-2005       SEEIEND 
 


   ***************************************************** 
   *                 Radiation Summary                 * 
   ***************************************************** 
 
  Energy released by
    Gamma-ray                       (MeV) =   4.20607E-01
    X-ray                           (MeV) =   4.26672E-03
    Free-bound X-ray                (MeV) =   3.76907E-05
    Annihilation photon             (MeV) =   0.00000E+00
    Beta+ particle                  (MeV) =   0.00000E+00
    Neutrino                        (MeV) =   0.00000E+00
    Beta- particle                  (MeV) =   3.83436E-03
    Neutrino-                       (MeV) =   6.28235E-03
    Internal conv. electron         (MeV) =   9.57504E-02
    Auger and CK electron           (MeV) =   1.20270E-03
    Alpha particle                  (MeV) =   0.00000E+00
    Recoil nucleus                  (MeV) =   0.00000E+00
  E-total (except unplaced radiat.) (MeV) =   5.31982E-01
  E-unplaced radiation              (MeV) =   0.00000E+00
  Q-value from ENSDF data           (MeV) =   5.33541E-01
  Ratio of E-total/Q-value          ( % ) =   9.97077E+01
  Ratio of E-unplaced radi./Q-value ( % ) =   0.00000E+00

 
  Total yield of
    Gamma-ray                             =   7.98759E-01
    X-ray                                 =   1.55459E-01
    Free-bound X-ray                      =   2.26813E+00
    Annihilation photon                   =   0.00000E+00
    Beta+ particle                        =   0.00000E+00
    Beta- particle                        =   6.00000E-03
    Internal conv. electron               =   1.92297E-01
    Auger and CK electron                 =   2.07402E+00
    Alpha particle                        =   0.00000E+00
  Yield of unplaced radiation             =   0.00000E+00


