%%%%  87 Y   39    EC B+        2.87280E+05 79.8 H     02-11-2005       BALASTAR
1  87   Y   39 79.8 H          EC B+      
1INTENSITY AND ENERGY BALANCE DATA

              87-YTTRIUM-39
+                                    HALFLIFE = 79.8 HOURS   
+                                                                  02-11-2005


    LEVEL       INTENSITY   INTENSITY
    ENERGY      ENTERING    LEAVING     PERCENT
    (MEV)       LEVEL       LEVEL       ERROR

   0.0000E+00  0.0000E+00
   3.8853E-01  9.6711E+01  0.0000E+00  2.0000E+02  ********************
   8.7334E-01  9.3419E+01  9.0130E+01  3.5835E+00                      


 INTENSITY TO GROUND AND ISOMERIC STATE(S) OF DAUGHTER(S)=  9.671E+01
 TOTAL INTENSITY FROM PARENT=  1.000E+02
 PERCENT ERROR =  3.401E+00                      


 TOTAL INTENSITY FROM PARENT =  1.000E+02
 VALUE IS WITHIN   0.00E+00% OF 100                      


 TOTAL ENERGY AVAILABLE =  1.862E+00 MEV
 TOTAL ENERGY CONTENT OF ALL RADIATIONS =  1.833E+00 MEV
 PERCENT ERROR =  1.567E+00                      
%%%%  87 Y   39    EC B+        2.87280E+05 79.8 H     02-11-2005       BALAEND 
%%%%  87 Y   39    EC B+        2.87280E+05 79.8 H     02-11-2005       INPUSTAR
1                                      **INPUT DATA**
              87-YTTRIUM-39
+                                    HALFLIFE = 79.8 HOURS   
+                                                                  02-11-2005

            MODES OF DECAY: ELECTRON CAPTURE, BETA PLUS
 
                                MEAN
                                NUMBER/    TRANSITION
                TYPE OF    ID   TRANSFOR-  ENERGY
              TRANSITION   NO.  MATION     (MEV)       OTHER NUCLEAR PARAMETERS

           ELECT. CAPTURE   1   9.34E-01   9.883E-01   ALLOWED                                  
           ELECT. CAPTURE   2   6.40E-02   1.473E+00   ALLOWED                                  
                BETA PLUS   1   1.80E-03   4.511E-01*  ALLOWED                                  
           I.C.E. + GAMMA   2   9.01E-01   4.848E-01   M1+E2 MULTIPOLE                          
                                                       MRS=0.360     AK= 0.00280                
 
           * ENDPOINT ENERGY (MEV)
           - - - - - - - - - -
           Reference: Evaluated Nuclear Structure Data File (ENSDF)
                DATE DATA WERE ENTERED INTO ENSDF: May-2002
%%%%  87 Y   39    EC B+        2.87280E+05 79.8 H     02-11-2005       INPUEND 
%%%%  87 Y   39    EC B+        2.87280E+05 79.8 H     02-11-2005       OUTPSTAR
1                                      **OUTPUT DATA**
              87-YTTRIUM-39
+                                    HALFLIFE = 79.8 HOURS   
+                                                                  02-11-2005

            MODES OF DECAY: ELECTRON CAPTURE, BETA PLUS
 
                                              MEAN
                                              NUMBER/                  MEV/
                                         ID   TRANSFOR-   ENERGY       TRANSFOR-
                  TYPE OF RADIATION      NO.  MATION      (MEV)        MATION

           BETA PLUS                      1   1.80E-03    2.004E-01*   3.61E-04
           ANNIHILATION RADIATION             3.60E-03    5.110E-01    1.84E-03
           GAMMA-RAY                      2   8.98E-01    4.848E-01    4.36E-01
           K CONV. ELECTRON, GAMMA-RAY    2   2.52E-03    4.687E-01    1.18E-03
           L1 CONV. ELECTRON, GAMMA-RAY   2   2.64E-04    4.826E-01    1.27E-04
           M CONV. ELECTRON, GAMMA-RAY    2   4.78E-05    4.845E-01*   2.32E-05
           K -L2 X-RAY                        1.76E-01    1.405E-02    2.47E-03
           K -L3 X-RAY                        3.37E-01    1.412E-02    4.76E-03
           K -M3 X-RAY                        5.00E-02    1.580E-02    7.89E-04
           AUGER KLL                          2.01E-01    1.202E-02*   2.41E-03
           AUGER KLX                          6.80E-02    1.379E-02*   9.38E-04
           AUGER KXY                          5.56E-03    1.556E-02*   8.65E-05
           CK LLX                             2.12E-01    1.006E-04*   2.14E-05
           AUGER LMM                          9.69E-01    1.573E-03*   1.52E-03
           AUGER LMX                          8.62E-02    1.714E-03*   1.48E-04
           CK MMX                             9.85E-01    9.392E-05*   9.25E-05
           AUGER MNN                          2.32E+00    7.496E-05*   1.74E-04
           AUGER MNX                          1.12E-01    1.099E-04*   1.24E-05
           CK NNX                             2.32E+00    1.364E-05*   3.17E-05
 
           ALL LISTED X-RAYS, GAMMA-RAYS AND ANNIHILATION RADIATION    4.45E-01
           ALL NEGLECTED X-RAYS, GAMMA-RAYS AND ANNIH. RADIATION**     7.91E-04
           ALL LISTED BETAS, INTERNAL CONVERSION AND AUGER ELECTRONS   7.13E-03
           ALL NEGLECTED BETAS, INT. CONVERSION AND AUGER ELECTRONS**  1.73E-05
           ALL LISTED RADIATIONS                                       4.53E-01
           ALL NEGLECTED RADIATIONS**                                  8.08E-04
 
           *  AVERAGE ENERGY (MEV)
           ** EACH NEGLECTED TRANSITION CONTRIBUTES LESS THAN  0.100%
              TO THE TOTAL MEV/TRANSFORMATION FOR THIS CATEGORY.
           TOTAL FEEDING OF 0.388532 MEV ISOMERIC LEVEL IN  87-STRONTIUM   
             DAUGHTER IS 1.0000E+00 PER TRANSFORMATION OF  87-YTTRIUM.
             DECAY OF THIS 2.815 HOURS HALFLIFE LEVEL WILL CONTRIBUTE TO DOSE.
           - - - - - - - - - -
           INPUT DATA SOURCE: EVALUATED NUCLEAR STRUCTURE DATA FILE (ENSDF)
             DATE INPUT DATA WERE ENTERED INTO ENSDF: May-2002
%%%%  87 Y   39    EC B+        2.87280E+05 79.8 H     02-11-2005       OUTPEND 
%%%%  87 Y   39    EC B+        2.87280E+05 79.8 H     02-11-2005       BETASTAR
1
              87-YTTRIUM-39
+                                    HALFLIFE = 79.8 HOURS   
+                                                                  02-11-2005

            BETA SPECTRUM DATA FOR ALL DECAY BRANCHES

                      BETAS PER                BETAS PER                BETAS PER
            ENERGY    MEV            ENERGY    MEV            ENERGY    MEV
            (MEV)     PER DECAY      (MEV)     PER DECAY      (MEV)     PER DECAY

            0.00000   0.000E+00      0.00160   6.142E-09      0.03000   9.785E-04
            0.00010   0.000E+00      0.00180   1.945E-08      0.03200   1.106E-03
            0.00011   0.000E+00      0.00200   4.858E-08      0.03600   1.370E-03
            0.00012   0.000E+00      0.00220   1.024E-07      0.04000   1.645E-03
            0.00013   0.000E+00      0.00240   1.904E-07      0.04500   1.997E-03
            0.00014   0.000E+00      0.00260   3.221E-07      0.05000   2.353E-03
            0.00015   0.000E+00      0.00280   5.068E-07      0.05500   2.710E-03
            0.00016   0.000E+00      0.00300   7.525E-07      0.06000   3.061E-03
            0.00018   0.000E+00      0.00320   1.067E-06      0.06500   3.406E-03
            0.00020   1.240E-28      0.00360   1.927E-06      0.07000   3.742E-03
            0.00022   2.258E-27      0.00400   3.131E-06      0.07500   4.066E-03
            0.00024   2.852E-26      0.00450   5.170E-06      0.08000   4.378E-03
            0.00026   2.694E-25      0.00500   7.848E-06      0.08500   4.676E-03
            0.00028   2.015E-24      0.00550   1.120E-05      0.09000   4.959E-03
            0.00030   1.246E-23      0.00600   1.526E-05      0.10000   5.480E-03
            0.00032   6.593E-23      0.00650   2.004E-05      0.11000   5.938E-03
            0.00036   1.280E-21      0.00700   2.556E-05      0.12000   6.331E-03
            0.00040   1.718E-20      0.00750   3.183E-05      0.13000   6.658E-03
            0.00045   3.019E-19      0.00800   3.886E-05      0.14000   6.921E-03
            0.00050   3.834E-18      0.00850   4.665E-05      0.15000   7.121E-03
            0.00055   3.736E-17      0.00900   5.521E-05      0.16000   7.261E-03
            0.00060   2.892E-16      0.01000   7.461E-05      0.18000   7.366E-03
            0.00065   1.824E-15      0.01100   9.705E-05      0.20000   7.257E-03
            0.00070   9.566E-15      0.01200   1.225E-04      0.22000   6.960E-03
            0.00075   4.248E-14      0.01300   1.508E-04      0.24000   6.500E-03
            0.00080   1.625E-13      0.01400   1.820E-04      0.26000   5.907E-03
            0.00085   5.440E-13      0.01500   2.159E-04      0.28000   5.209E-03
            0.00090   1.618E-12      0.01600   2.524E-04      0.30000   4.440E-03
            0.00100   1.059E-11      0.01800   3.329E-04      0.32000   3.632E-03
            0.00110   4.991E-11      0.02000   4.227E-04      0.36000   2.042E-03
            0.00120   1.819E-10      0.02200   5.207E-04      0.40000   7.361E-04
            0.00130   5.413E-10      0.02400   6.261E-04      0.45000   3.756E-07
            0.00140   1.372E-09      0.02600   7.381E-04      0.45107   0.000E+00
            0.00150   3.058E-09      0.02800   8.558E-04

            AVERAGE BETA ENERGY =   2.004E-01

            TOTAL BETAS PER DECAY FOR ALL BRANCHES =   1.800E-03
%%%%  87 Y   39    EC B+        2.87280E+05 79.8 H     02-11-2005       BETAEND 
%%%%  87 Y   39    EC B+        2.87280E+05 79.8 H     02-11-2005       SEEISTAR
 87.  YTTRIUM      39.  7.980E+01 HOURS     53 EC B+                 87.Y  39.   0
 4 1  1.80036E-01  2.00377E-01  4.51068E-01  0.00000E+00             87.Y  39.   1   1
 3 3  3.60072E-01  5.11000E-01  5.11000E-01  0.00000E+00             87.Y  39.   2   3
 1 2  8.98446E+01  4.84805E-01  4.84805E-01  0.00000E+00             87.Y  39.   3   2
 6 1  2.51851E-01  4.68738E-01  4.68738E-01  2.00000E+00             87.Y  39.   4   1
 6 5  2.64096E-02  4.82605E-01  4.82605E-01  2.00000E+00             87.Y  39.   5   5
 6 6  9.34369E-04  4.82793E-01  4.82793E-01  2.00000E+00             87.Y  39.   6   6
 6 7  6.64501E-04  4.82863E-01  4.82863E-01  2.00000E+00             87.Y  39.   7   7
 6 3  4.78485E-03  4.84535E-01  4.84535E-01  2.00000E+00             87.Y  39.   8   3
 6 4  7.50422E-04  4.84805E-01  4.84805E-01  2.00000E+00             87.Y  39.   9   4
 2 1  1.75683E+01  1.40549E-02  1.40549E-02  0.00000E+00             87.Y  39.  10   1
 2 2  3.37338E+01  1.41246E-02  1.41246E-02  0.00000E+00             87.Y  39.  11   2
 2 3  2.56393E+00  1.57867E-02  1.57867E-02  0.00000E+00             87.Y  39.  12   3
 2 4  4.99753E+00  1.57975E-02  1.57975E-02  0.00000E+00             87.Y  39.  13   4
 2 5  9.03203E-03  1.59220E-02  1.59220E-02  0.00000E+00             87.Y  39.  14   5
 2 6  1.28877E-02  1.59240E-02  1.59240E-02  0.00000E+00             87.Y  39.  15   6
 2 7  3.32180E-01  1.60385E-02  1.60385E-02  0.00000E+00             87.Y  39.  16   7
 2 8  6.35055E-01  1.60399E-02  1.60399E-02  0.00000E+00             87.Y  39.  17   8
 221  3.06747E-04  1.88000E-04  1.88000E-04  0.00000E+00             87.Y  39.  18  21
 222  1.84211E-03  2.57699E-04  2.57699E-04  0.00000E+00             87.Y  39.  19  22
 223  2.88873E-02  1.91978E-03  1.91978E-03  0.00000E+00             87.Y  39.  20  23
 224  5.08470E-02  1.93057E-03  1.93057E-03  0.00000E+00             87.Y  39.  21  24
 225  1.95473E-04  2.05517E-03  2.05517E-03  0.00000E+00             87.Y  39.  22  25
 226  2.90940E-04  2.05709E-03  2.05709E-03  0.00000E+00             87.Y  39.  23  26
 227  3.64636E-03  2.17163E-03  2.17163E-03  0.00000E+00             87.Y  39.  24  27
 228  6.46618E-03  2.17290E-03  2.17290E-03  0.00000E+00             87.Y  39.  25  28
 241  8.61715E-08  6.97000E-05  6.97000E-05  0.00000E+00             87.Y  39.  26  41
 242  1.09076E-01  1.66178E-03  1.66178E-03  0.00000E+00             87.Y  39.  27  42
 243  8.64137E-04  1.74257E-03  1.74257E-03  0.00000E+00             87.Y  39.  28  43
 244  7.63188E-01  1.86717E-03  1.86717E-03  0.00000E+00             87.Y  39.  29  44
 245  6.39047E-03  1.96571E-03  1.96571E-03  0.00000E+00             87.Y  39.  30  45
 246  2.16641E-05  1.98490E-03  1.98490E-03  0.00000E+00             87.Y  39.  31  46
 261  3.09683E-01  1.59208E-03  1.59208E-03  0.00000E+00             87.Y  39.  32  61
 262  1.14615E-03  1.66208E-03  1.66208E-03  0.00000E+00             87.Y  39.  33  62
 263  1.08969E-03  1.67287E-03  1.67287E-03  0.00000E+00             87.Y  39.  34  63
 264  1.58683E-01  1.79747E-03  1.79747E-03  0.00000E+00             87.Y  39.  35  64
 265  1.49207E+00  1.79939E-03  1.79939E-03  0.00000E+00             87.Y  39.  36  65
 266  1.28255E-02  1.89601E-03  1.89601E-03  0.00000E+00             87.Y  39.  37  66
 267  2.29334E-05  1.91393E-03  1.91393E-03  0.00000E+00             87.Y  39.  38  67
 268  2.19873E-05  1.91520E-03  1.91520E-03  0.00000E+00             87.Y  39.  39  68
 291  3.52371E-02  1.48121E-04  1.48121E-04  0.00000E+00             87.Y  39.  40  91
 292  4.55044E-04  1.88253E-05  1.88253E-05  0.00000E+00             87.Y  39.  41  92
 294  8.34044E+02  2.09352E-05  2.09352E-05  0.00000E+00             87.Y  39.  42  94
 7 1  2.00778E+01  1.20238E-02  1.20238E-02  0.00000E+00             87.Y  39.  43   1
 7 2  6.80373E+00  1.37890E-02  1.37890E-02  0.00000E+00             87.Y  39.  44   2
 7 3  5.56224E-01  1.55562E-02  1.55562E-02  0.00000E+00             87.Y  39.  45   3
 7 4  2.12403E+01  1.00592E-04  1.00592E-04  0.00000E+00             87.Y  39.  46   4
 7 5  9.69014E+01  1.57338E-03  1.57338E-03  0.00000E+00             87.Y  39.  47   5
 7 6  8.61749E+00  1.71380E-03  1.71380E-03  0.00000E+00             87.Y  39.  48   6
 7 7  3.09323E-01  1.91679E-03  1.91679E-03  0.00000E+00             87.Y  39.  49   7
 7 8  9.84556E+01  9.39171E-05  9.39171E-05  0.00000E+00             87.Y  39.  50   8
 7 9  2.31809E+02  7.49589E-05  7.49589E-05  0.00000E+00             87.Y  39.  51   9
 710  1.12351E+01  1.09930E-04  1.09930E-04  0.00000E+00             87.Y  39.  52  10
 712  2.32461E+02  1.36397E-05  1.36397E-05  0.00000E+00             87.Y  39.  53  12
%%%%  87 Y   39    EC B+        2.87280E+05 79.8 H     02-11-2005       SEEIEND 
 


   ***************************************************** 
   *                 Radiation Summary                 * 
   ***************************************************** 
 
  Energy released by
    Gamma-ray                       (MeV) =   4.35571E-01
    X-ray                           (MeV) =   8.63978E-03
    Free-bound X-ray                (MeV) =   1.74609E-04
    Annihilation photon             (MeV) =   1.83997E-03
    Beta+ particle                  (MeV) =   3.60751E-04
    Neutrino                        (MeV) =   1.00274E+00
    Beta- particle                  (MeV) =   0.00000E+00
    Neutrino-                       (MeV) =   0.00000E+00
    Internal conv. electron         (MeV) =   1.34252E-03
    Auger and CK electron           (MeV) =   5.44870E-03
    Alpha particle                  (MeV) =   0.00000E+00
    Recoil nucleus                  (MeV) =   0.00000E+00
  E-total (except unplaced radiat.) (MeV) =   1.45612E+00
  E-unplaced radiation              (MeV) =   0.00000E+00
  Q-value from ENSDF data           (MeV) =   1.86160E+00
  Ratio of E-total/Q-value          ( % ) =   7.82188E+01
  Ratio of E-unplaced radi./Q-value ( % ) =   0.00000E+00

 
  Total yield of
    Gamma-ray                             =   8.98446E-01
    X-ray                                 =   6.28360E-01
    Free-bound X-ray                      =   8.34044E+00
    Annihilation photon                   =   3.60072E-03
    Beta+ particle                        =   1.80036E-03
    Beta- particle                        =   0.00000E+00
    Internal conv. electron               =   2.85395E-03
    Auger and CK electron                 =   7.28467E+00
    Alpha particle                        =   0.00000E+00
  Yield of unplaced radiation             =   0.00000E+00


%%%%  87 Y   39 M  IT EC B+     4.81320E+04 13.37 H    02-11-2005       BALASTAR
1  87M  Y   39 13.37 H         IT EC B+   
1INTENSITY AND ENERGY BALANCE DATA

              87M-YTTRIUM-39
+                                    HALFLIFE = 13.37 HOURS   
+                                                                  02-11-2005


    LEVEL       INTENSITY   INTENSITY
    ENERGY      ENTERING    LEAVING     PERCENT
    (MEV)       LEVEL       LEVEL       ERROR

   0.0000E+00  9.8430E+01
   3.8079E-01  9.8430E+01  9.8430E+01  0.0000E+00                      
   0.0000E+00  1.5700E+00


 INTENSITY TO GROUND AND ISOMERIC STATE(S) OF DAUGHTER(S)=  1.000E+02
 TOTAL INTENSITY FROM PARENT=  1.000E+02
 PERCENT ERROR =  0.000E+00                      


 TOTAL INTENSITY FROM PARENT =  1.000E+02
 VALUE IS WITHIN   0.00E+00% OF 100                      


 TOTAL ENERGY AVAILABLE =  4.100E-01 MEV
 TOTAL ENERGY CONTENT OF ALL RADIATIONS =  4.100E-01 MEV
 PERCENT ERROR =  7.203E-03                      
%%%%  87 Y   39 M  IT EC B+     4.81320E+04 13.37 H    02-11-2005       BALAEND 
%%%%  87 Y   39 M  IT EC B+     4.81320E+04 13.37 H    02-11-2005       INPUSTAR
1                                      **INPUT DATA**
              87M-YTTRIUM-39
+                                    HALFLIFE = 13.37 HOURS   
+                                                                  02-11-2005

            MODES OF DECAY: ISOMERIC LEVEL, ELECTRON CAPTURE, BETA PLUS
 
                                MEAN
                                NUMBER/    TRANSITION
                TYPE OF    ID   TRANSFOR-  ENERGY
              TRANSITION   NO.  MATION     (MEV)       OTHER NUCLEAR PARAMETERS

           I.C.E. + GAMMA   1   9.84E-01   3.808E-01   M4 MULTIPOLE                             
+                                                                    AK= 0.219                  
                                                       AL1=0.0268    AL2=0.00317                
                                                       AL3=0.00371   AM= 0.00598                
           ELECT. CAPTURE   1   8.20E-03   2.242E+00   ALLOWED                                  
                BETA PLUS   1   7.50E-03   1.220E+00*  ALLOWED                                  
 
           * ENDPOINT ENERGY (MEV)
           - - - - - - - - - -
           Reference: Evaluated Nuclear Structure Data File (ENSDF)
                DATE DATA WERE ENTERED INTO ENSDF: May-2002
%%%%  87 Y   39 M  IT EC B+     4.81320E+04 13.37 H    02-11-2005       INPUEND 
%%%%  87 Y   39 M  IT EC B+     4.81320E+04 13.37 H    02-11-2005       OUTPSTAR
1                                      **OUTPUT DATA**
              87M-YTTRIUM-39
+                                    HALFLIFE = 13.37 HOURS   
+                                                                  02-11-2005

            MODES OF DECAY: ISOMERIC LEVEL, ELECTRON CAPTURE, BETA PLUS
 
                                              MEAN
                                              NUMBER/                  MEV/
                                         ID   TRANSFOR-   ENERGY       TRANSFOR-
                  TYPE OF RADIATION      NO.  MATION      (MEV)        MATION

           GAMMA-RAY                      1   7.82E-01    3.808E-01    2.98E-01
           K CONV. ELECTRON, GAMMA-RAY    1   1.71E-01    3.638E-01    6.22E-02
           L1 CONV. ELECTRON, GAMMA-RAY   1   2.09E-02    3.784E-01    7.91E-03
           L2 CONV. ELECTRON, GAMMA-RAY   1   2.47E-03    3.786E-01    9.37E-04
           L3 CONV. ELECTRON, GAMMA-RAY   1   2.90E-03    3.787E-01    1.10E-03
           M CONV. ELECTRON, GAMMA-RAY    1   4.67E-03    3.805E-01*   1.78E-03
           N+ CONV. ELECTRON, GAMMA-RAY   1   7.56E-04    3.808E-01*   2.88E-04
           K -L2 X-RAY                        3.54E-02    1.484E-02    5.25E-04
           K -L3 X-RAY                        6.78E-02    1.492E-02    1.01E-03
           AUGER KLL                          3.64E-02    1.267E-02*   4.61E-04
           AUGER KLX                          1.27E-02    1.455E-02*   1.84E-04
           AUGER LMM                          1.89E-01    1.662E-03*   3.14E-04
           BETA PLUS                      1   7.50E-03    5.353E-01*   4.01E-03
           ANNIHILATION RADIATION             1.50E-02    5.110E-01    7.66E-03
 
           ALL LISTED X-RAYS, GAMMA-RAYS AND ANNIHILATION RADIATION    3.07E-01
           ALL NEGLECTED X-RAYS, GAMMA-RAYS AND ANNIH. RADIATION**     3.96E-04
           ALL LISTED BETAS, INTERNAL CONVERSION AND AUGER ELECTRONS   7.92E-02
           ALL NEGLECTED BETAS, INT. CONVERSION AND AUGER ELECTRONS**  1.96E-04
           ALL LISTED RADIATIONS                                       3.86E-01
           ALL NEGLECTED RADIATIONS**                                  5.92E-04
 
           *  AVERAGE ENERGY (MEV)
           ** EACH NEGLECTED TRANSITION CONTRIBUTES LESS THAN  0.100%
              TO THE TOTAL MEV/TRANSFORMATION FOR THIS CATEGORY.
           TOTAL FEEDING OF GROUND STATE LEVEL IN 87-YTTRIUM
             DAUGHTER IS 9.8430E-01  PER TRANSFORMATION OF  87M-YTTRIUM.
             DECAY OF THIS 79.8 HOURS HALFLIFE LEVEL WILL CONTRIBUTE TO DOSE.
           TOTAL FEEDING OF GROUND STATE LEVEL IN 87-STRONTIUM
             DAUGHTER IS 1.5700E-02  PER TRANSFORMATION OF  87M-YTTRIUM.
             THIS DAUGHTER GROUND STATE IS STABLE.
           - - - - - - - - - -
           INPUT DATA SOURCE: EVALUATED NUCLEAR STRUCTURE DATA FILE (ENSDF)
             DATE INPUT DATA WERE ENTERED INTO ENSDF: May-2002
%%%%  87 Y   39 M  IT EC B+     4.81320E+04 13.37 H    02-11-2005       OUTPEND 
%%%%  87 Y   39 M  IT EC B+     4.81320E+04 13.37 H    02-11-2005       BETASTAR
1
              87M-YTTRIUM-39
+                                    HALFLIFE = 13.37 HOURS   
+                                                                  02-11-2005

            BETA SPECTRUM DATA FOR ALL DECAY BRANCHES

                      BETAS PER                BETAS PER                BETAS PER
            ENERGY    MEV            ENERGY    MEV            ENERGY    MEV
            (MEV)     PER DECAY      (MEV)     PER DECAY      (MEV)     PER DECAY

            0.00000   0.000E+00      0.00240   7.766E-08      0.06500   1.689E-03
            0.00010   0.000E+00      0.00260   1.315E-07      0.07000   1.888E-03
            0.00011   0.000E+00      0.00280   2.070E-07      0.07500   2.088E-03
            0.00012   0.000E+00      0.00300   3.075E-07      0.08000   2.289E-03
            0.00013   0.000E+00      0.00320   4.362E-07      0.08500   2.490E-03
            0.00014   0.000E+00      0.00360   7.888E-07      0.09000   2.691E-03
            0.00015   0.000E+00      0.00400   1.283E-06      0.10000   3.090E-03
            0.00016   0.000E+00      0.00450   2.122E-06      0.11000   3.484E-03
            0.00018   0.000E+00      0.00500   3.225E-06      0.12000   3.872E-03
            0.00020   5.029E-29      0.00550   4.610E-06      0.13000   4.251E-03
            0.00022   9.155E-28      0.00600   6.289E-06      0.14000   4.622E-03
            0.00024   1.156E-26      0.00650   8.271E-06      0.15000   4.983E-03
            0.00026   1.092E-25      0.00700   1.056E-05      0.16000   5.335E-03
            0.00028   8.170E-25      0.00750   1.318E-05      0.18000   6.007E-03
            0.00030   5.053E-24      0.00800   1.611E-05      0.20000   6.636E-03
            0.00032   2.674E-23      0.00850   1.936E-05      0.22000   7.222E-03
            0.00036   5.192E-22      0.00900   2.295E-05      0.24000   7.764E-03
            0.00040   6.968E-21      0.01000   3.111E-05      0.26000   8.261E-03
            0.00045   1.225E-19      0.01100   4.058E-05      0.28000   8.715E-03
            0.00050   1.556E-18      0.01200   5.135E-05      0.30000   9.124E-03
            0.00055   1.516E-17      0.01300   6.342E-05      0.32000   9.489E-03
            0.00060   1.174E-16      0.01400   7.674E-05      0.36000   1.009E-02
            0.00065   7.406E-16      0.01500   9.131E-05      0.40000   1.052E-02
            0.00070   3.884E-15      0.01600   1.071E-04      0.45000   1.082E-02
            0.00075   1.725E-14      0.01800   1.421E-04      0.50000   1.087E-02
            0.00080   6.598E-14      0.02000   1.814E-04      0.55000   1.069E-02
            0.00085   2.210E-13      0.02200   2.248E-04      0.60000   1.030E-02
            0.00090   6.575E-13      0.02400   2.720E-04      0.65000   9.707E-03
            0.00100   4.304E-12      0.02600   3.226E-04      0.70000   8.947E-03
            0.00110   2.029E-11      0.02800   3.763E-04      0.75000   8.046E-03
            0.00120   7.394E-11      0.03000   4.329E-04      0.80000   7.036E-03
            0.00130   2.202E-10      0.03200   4.922E-04      0.85000   5.951E-03
            0.00140   5.583E-10      0.03600   6.175E-04      0.90000   4.832E-03
            0.00150   1.245E-09      0.04000   7.508E-04      1.00000   2.663E-03
            0.00160   2.500E-09      0.04500   9.262E-04      1.10000   9.142E-04
            0.00180   7.923E-09      0.05000   1.109E-03      1.20000   2.993E-05
            0.00200   1.980E-08      0.05500   1.299E-03      1.22042   0.000E+00
            0.00220   4.174E-08      0.06000   1.492E-03

            AVERAGE BETA ENERGY =   5.353E-01

            TOTAL BETAS PER DECAY FOR ALL BRANCHES =   7.500E-03
%%%%  87 Y   39 M  IT EC B+     4.81320E+04 13.37 H    02-11-2005       BETAEND 
%%%%  87 Y   39 M  IT EC B+     4.81320E+04 13.37 H    02-11-2005       SEEISTAR
 87.M YTTRIUM      39.  1.337E+01 HOURS    104 IT EC B+              87.Y  39.   0
 1 1  7.81526E+01  3.80790E-01  3.80790E-01  0.00000E+00             87.Y  39.   1   1
 6 1  1.71058E+01  3.63790E-01  3.63790E-01  1.00000E+00             87.Y  39.   2   1
 6 5  2.09087E+00  3.78435E-01  3.78435E-01  1.00000E+00             87.Y  39.   3   5
 6 6  2.47478E-01  3.78630E-01  3.78630E-01  1.00000E+00             87.Y  39.   4   6
 6 7  2.90181E-01  3.78709E-01  3.78709E-01  1.00000E+00             87.Y  39.   5   7
 6 3  4.67484E-01  3.80490E-01  3.80490E-01  1.00000E+00             87.Y  39.   6   3
 6 4  7.55605E-02  3.80790E-01  3.80790E-01  1.00000E+00             87.Y  39.   7   4
 2 1  3.53761E+00  1.48403E-02  1.48403E-02  0.00000E+00             87.Y  39.   8   1
 2 2  6.77827E+00  1.49185E-02  1.49185E-02  0.00000E+00             87.Y  39.   9   2
 2 3  5.25211E-01  1.66877E-02  1.66877E-02  0.00000E+00             87.Y  39.  10   3
 2 4  1.02333E+00  1.67001E-02  1.67001E-02  0.00000E+00             87.Y  39.  11   4
 2 5  2.01693E-03  1.68313E-02  1.68313E-02  0.00000E+00             87.Y  39.  12   5
 2 6  2.87186E-03  1.68335E-02  1.68335E-02  0.00000E+00             87.Y  39.  13   6
 2 7  7.74270E-02  1.69663E-02  1.69663E-02  0.00000E+00             87.Y  39.  14   7
 2 8  1.49060E-01  1.69678E-02  1.69678E-02  0.00000E+00             87.Y  39.  15   8
 2 9  1.19012E-05  1.69948E-02  1.69948E-02  0.00000E+00             87.Y  39.  16   9
 210  1.68162E-05  1.69949E-02  1.69949E-02  0.00000E+00             87.Y  39.  17  10
 221  5.89040E-05  1.95200E-04  1.95200E-04  0.00000E+00             87.Y  39.  18  21
 222  3.60871E-04  2.73399E-04  2.73399E-04  0.00000E+00             87.Y  39.  19  22
 223  6.16498E-03  2.04264E-03  2.04264E-03  0.00000E+00             87.Y  39.  20  23
 224  1.07945E-02  2.05498E-03  2.05498E-03  0.00000E+00             87.Y  39.  21  24
 225  4.45005E-05  2.18616E-03  2.18616E-03  0.00000E+00             87.Y  39.  22  25
 226  6.62524E-05  2.18839E-03  2.18839E-03  0.00000E+00             87.Y  39.  23  26
 227  8.40341E-04  2.32119E-03  2.32119E-03  0.00000E+00             87.Y  39.  24  27
 228  1.48339E-03  2.32276E-03  2.32276E-03  0.00000E+00             87.Y  39.  25  28
 229  2.09170E-07  2.34966E-03  2.34966E-03  0.00000E+00             87.Y  39.  26  29
 230  3.10986E-07  2.34977E-03  2.34977E-03  0.00000E+00             87.Y  39.  27  30
 241  2.00767E-08  7.82003E-05  7.82003E-05  0.00000E+00             87.Y  39.  28  41
 242  2.07134E-02  1.77392E-03  1.77392E-03  0.00000E+00             87.Y  39.  29  42
 243  1.73882E-04  1.85978E-03  1.85978E-03  0.00000E+00             87.Y  39.  30  43
 244  1.64700E-01  1.99096E-03  1.99096E-03  0.00000E+00             87.Y  39.  31  44
 245  1.31594E-03  2.10635E-03  2.10635E-03  0.00000E+00             87.Y  39.  32  45
 246  5.10179E-06  2.12756E-03  2.12756E-03  0.00000E+00             87.Y  39.  33  46
 247  8.89883E-04  2.15446E-03  2.15446E-03  0.00000E+00             87.Y  39.  34  47
 261  6.39285E-02  1.69571E-03  1.69571E-03  0.00000E+00             87.Y  39.  35  61
 262  2.47435E-04  1.76923E-03  1.76923E-03  0.00000E+00             87.Y  39.  36  62
 263  2.34779E-04  1.78158E-03  1.78158E-03  0.00000E+00             87.Y  39.  37  63
 264  3.61531E-02  1.91276E-03  1.91276E-03  0.00000E+00             87.Y  39.  38  64
 265  3.29783E-01  1.91499E-03  1.91499E-03  0.00000E+00             87.Y  39.  39  65
 266  2.78572E-03  2.02814E-03  2.02814E-03  0.00000E+00             87.Y  39.  40  66
 267  5.67375E-06  2.04779E-03  2.04779E-03  0.00000E+00             87.Y  39.  41  67
 268  5.43969E-06  2.04936E-03  2.04936E-03  0.00000E+00             87.Y  39.  42  68
 269  1.93739E-04  2.07626E-03  2.07626E-03  0.00000E+00             87.Y  39.  43  69
 270  1.71390E-03  2.07637E-03  2.07637E-03  0.00000E+00             87.Y  39.  44  70
 291  8.74125E-03  1.62662E-04  1.62662E-04  0.00000E+00             87.Y  39.  45  91
 292  1.29142E-04  2.11586E-05  2.11586E-05  0.00000E+00             87.Y  39.  46  92
 294  2.63328E+02  5.29808E-06  5.29808E-06  0.00000E+00             87.Y  39.  47  94
 7 1  3.63897E+00  1.26657E-02  1.26657E-02  0.00000E+00             87.Y  39.  48   1
 7 2  1.26515E+00  1.45497E-02  1.45497E-02  0.00000E+00             87.Y  39.  49   2
 7 3  1.05846E-01  1.64357E-02  1.64357E-02  0.00000E+00             87.Y  39.  50   3
 7 4  4.14241E+00  1.00664E-04  1.00664E-04  0.00000E+00             87.Y  39.  51   4
 7 5  1.88843E+01  1.66240E-03  1.66240E-03  0.00000E+00             87.Y  39.  52   5
 7 6  1.88999E+00  1.82718E-03  1.82718E-03  0.00000E+00             87.Y  39.  53   6
 7 7  7.10117E-02  2.04909E-03  2.04909E-03  0.00000E+00             87.Y  39.  54   7
 7 8  2.00293E+01  9.61884E-05  9.61884E-05  0.00000E+00             87.Y  39.  55   8
 7 9  4.49014E+01  9.45763E-05  9.45763E-05  0.00000E+00             87.Y  39.  56   9
 710  1.65171E+00  1.31719E-04  1.31719E-04  0.00000E+00             87.Y  39.  57  10
 712  1.46476E+02  2.02944E-05  2.02944E-05  0.00000E+00             87.Y  39.  58  12
 4 1  7.50000E-01  5.35305E-01  1.22042E+00  0.00000E+00             87.Y  39.  59   1
 3 3  1.50000E+00  5.11000E-01  5.11000E-01  0.00000E+00             87.Y  39.  60   3
 2 1  1.44207E-01  1.40549E-02  1.40549E-02  0.00000E+00             87.Y  39.  61   1
 2 2  2.76900E-01  1.41246E-02  1.41246E-02  0.00000E+00             87.Y  39.  62   2
 2 3  2.10457E-02  1.57867E-02  1.57867E-02  0.00000E+00             87.Y  39.  63   3
 2 4  4.10215E-02  1.57975E-02  1.57975E-02  0.00000E+00             87.Y  39.  64   4
 2 5  7.41382E-05  1.59220E-02  1.59220E-02  0.00000E+00             87.Y  39.  65   5
 2 6  1.05787E-04  1.59240E-02  1.59240E-02  0.00000E+00             87.Y  39.  66   6
 2 7  2.72665E-03  1.60385E-02  1.60385E-02  0.00000E+00             87.Y  39.  67   7
 2 8  5.21276E-03  1.60399E-02  1.60399E-02  0.00000E+00             87.Y  39.  68   8
 221  2.49882E-06  1.88000E-04  1.88000E-04  0.00000E+00             87.Y  39.  69  21
 222  1.50062E-05  2.57699E-04  2.57699E-04  0.00000E+00             87.Y  39.  70  22
 223  2.35322E-04  1.91978E-03  1.91978E-03  0.00000E+00             87.Y  39.  71  23
 224  4.14209E-04  1.93057E-03  1.93057E-03  0.00000E+00             87.Y  39.  72  24
 225  1.59236E-06  2.05517E-03  2.05517E-03  0.00000E+00             87.Y  39.  73  25
 226  2.37005E-06  2.05709E-03  2.05709E-03  0.00000E+00             87.Y  39.  74  26
 227  2.97039E-05  2.17163E-03  2.17163E-03  0.00000E+00             87.Y  39.  75  27
 228  5.26747E-05  2.17290E-03  2.17290E-03  0.00000E+00             87.Y  39.  76  28
 241  7.06671E-10  6.97000E-05  6.97000E-05  0.00000E+00             87.Y  39.  77  41
 242  8.94503E-04  1.66178E-03  1.66178E-03  0.00000E+00             87.Y  39.  78  42
 243  7.08657E-06  1.74257E-03  1.74257E-03  0.00000E+00             87.Y  39.  79  43
 244  6.25871E-03  1.86717E-03  1.86717E-03  0.00000E+00             87.Y  39.  80  44
 245  5.24067E-05  1.96571E-03  1.96571E-03  0.00000E+00             87.Y  39.  81  45
 246  1.77662E-07  1.98490E-03  1.98490E-03  0.00000E+00             87.Y  39.  82  46
 261  2.53830E-03  1.59208E-03  1.59208E-03  0.00000E+00             87.Y  39.  83  61
 262  9.39431E-06  1.66208E-03  1.66208E-03  0.00000E+00             87.Y  39.  84  62
 263  8.93157E-06  1.67287E-03  1.67287E-03  0.00000E+00             87.Y  39.  85  63
 264  1.30063E-03  1.79747E-03  1.79747E-03  0.00000E+00             87.Y  39.  86  64
 265  1.22296E-02  1.79939E-03  1.79939E-03  0.00000E+00             87.Y  39.  87  65
 266  1.05124E-04  1.89601E-03  1.89601E-03  0.00000E+00             87.Y  39.  88  66
 267  1.87972E-07  1.91393E-03  1.91393E-03  0.00000E+00             87.Y  39.  89  67
 268  1.80217E-07  1.91520E-03  1.91520E-03  0.00000E+00             87.Y  39.  90  68
 291  2.88727E-04  1.48111E-04  1.48111E-04  0.00000E+00             87.Y  39.  91  91
 292  3.72763E-06  1.88253E-05  1.88253E-05  0.00000E+00             87.Y  39.  92  92
 294  6.83262E+00  2.09354E-05  2.09354E-05  0.00000E+00             87.Y  39.  93  94
 7 1  1.64806E-01  1.20238E-02  1.20238E-02  0.00000E+00             87.Y  39.  94   1
 7 2  5.58475E-02  1.37890E-02  1.37890E-02  0.00000E+00             87.Y  39.  95   2
 7 3  4.56569E-03  1.55562E-02  1.55562E-02  0.00000E+00             87.Y  39.  96   3
 7 4  1.73228E-01  1.00521E-04  1.00521E-04  0.00000E+00             87.Y  39.  97   4
 7 5  7.94190E-01  1.57335E-03  1.57335E-03  0.00000E+00             87.Y  39.  98   5
 7 6  7.06216E-02  1.71374E-03  1.71374E-03  0.00000E+00             87.Y  39.  99   6
 7 7  2.53489E-03  1.91672E-03  1.91672E-03  0.00000E+00             87.Y  39. 100   7
 7 8  8.06597E-01  9.39276E-05  9.39276E-05  0.00000E+00             87.Y  39. 101   8
 7 9  1.89906E+00  7.49565E-05  7.49565E-05  0.00000E+00             87.Y  39. 102   9
 710  9.20412E-02  1.09926E-04  1.09926E-04  0.00000E+00             87.Y  39. 103  10
 712  1.90427E+00  1.36397E-05  1.36397E-05  0.00000E+00             87.Y  39. 104  12
%%%%  87 Y   39 M  IT EC B+     4.81320E+04 13.37 H    02-11-2005       SEEIEND 
 


   ***************************************************** 
   *                 Radiation Summary                 * 
   ***************************************************** 
 
  Energy released by
    Gamma-ray                       (MeV) =   2.97597E-01
    X-ray                           (MeV) =   1.91724E-03
    Free-bound X-ray                (MeV) =   1.53818E-05
    Annihilation photon             (MeV) =   7.66500E-03
    Beta+ particle                  (MeV) =   4.01479E-03
    Neutrino                        (MeV) =   2.33989E-02
    Beta- particle                  (MeV) =   0.00000E+00
    Neutrino-                       (MeV) =   0.00000E+00
    Internal conv. electron         (MeV) =   7.42442E-02
    Auger and CK electron           (MeV) =   1.15479E-03
    Alpha particle                  (MeV) =   0.00000E+00
    Recoil nucleus                  (MeV) =   0.00000E+00
  E-total (except unplaced radiat.) (MeV) =   4.10008E-01
  E-unplaced radiation              (MeV) =   0.00000E+00
  Q-value from ENSDF data           (MeV) =   4.10047E-01
  Ratio of E-total/Q-value          ( % ) =   9.99904E+01
  Ratio of E-unplaced radi./Q-value ( % ) =   0.00000E+00

 
  Total yield of
    Gamma-ray                             =   7.81526E-01
    X-ray                                 =   1.32631E-01
    Free-bound X-ray                      =   2.70161E+00
    Annihilation photon                   =   1.50000E-02
    Beta+ particle                        =   7.50000E-03
    Beta- particle                        =   0.00000E+00
    Internal conv. electron               =   2.02774E-01
    Auger and CK electron                 =   2.49024E+00
    Alpha particle                        =   0.00000E+00
  Yield of unplaced radiation             =   0.00000E+00


