%%%%  89 Y   39 M  IT           1.56630E+01 15.663 S   02-11-2005       BALASTAR
1  89M  Y   39 15.663 S        IT         
1INTENSITY AND ENERGY BALANCE DATA

              89M-YTTRIUM-39
+                                    HALFLIFE = 15.663 SECONDS 
+                                                                  02-11-2005


    LEVEL       INTENSITY   INTENSITY
    ENERGY      ENTERING    LEAVING     PERCENT
    (MEV)       LEVEL       LEVEL       ERROR

   0.0000E+00  1.0001E+02
   9.0896E-01  1.0001E+02  1.0001E+02  0.0000E+00                      


 INTENSITY TO GROUND AND ISOMERIC STATE(S) OF DAUGHTER(S)=  1.000E+02
 TOTAL INTENSITY FROM PARENT=  1.000E+02
 PERCENT ERROR =  0.000E+00                      


 TOTAL INTENSITY FROM PARENT =  1.000E+02
 VALUE IS WITHIN   1.49E-02% OF 100                      


 TOTAL ENERGY AVAILABLE =  9.091E-01 MEV
 TOTAL ENERGY CONTENT OF ALL RADIATIONS =  9.091E-01 MEV
 PERCENT ERROR =  0.000E+00                      
%%%%  89 Y   39 M  IT           1.56630E+01 15.663 S   02-11-2005       BALAEND 
%%%%  89 Y   39 M  IT           1.56630E+01 15.663 S   02-11-2005       INPUSTAR
1                                      **INPUT DATA**
              89M-YTTRIUM-39
+                                    HALFLIFE = 15.663 SECONDS 
+                                                                  02-11-2005

            MODE OF DECAY: ISOMERIC LEVEL
 
                                MEAN
                                NUMBER/    TRANSITION
                TYPE OF    ID   TRANSFOR-  ENERGY
              TRANSITION   NO.  MATION     (MEV)       OTHER NUCLEAR PARAMETERS

           I.C.E. + GAMMA   1   1.00E+00   9.090E-01   M4 MULTIPOLE                             
+                                                                    AK= 0.00751                
 
           - - - - - - - - - -
           Reference: Evaluated Nuclear Structure Data File (ENSDF)
                DATE DATA WERE ENTERED INTO ENSDF: Nov-1998
%%%%  89 Y   39 M  IT           1.56630E+01 15.663 S   02-11-2005       INPUEND 
%%%%  89 Y   39 M  IT           1.56630E+01 15.663 S   02-11-2005       OUTPSTAR
1                                      **OUTPUT DATA**
              89M-YTTRIUM-39
+                                    HALFLIFE = 15.663 SECONDS 
+                                                                  02-11-2005

            MODE OF DECAY: ISOMERIC LEVEL
 
                                              MEAN
                                              NUMBER/                  MEV/
                                         ID   TRANSFOR-   ENERGY       TRANSFOR-
                  TYPE OF RADIATION      NO.  MATION      (MEV)        MATION

           GAMMA-RAY                      1   9.92E-01    9.090E-01    9.01E-01
           K CONV. ELECTRON, GAMMA-RAY    1   7.45E-03    8.920E-01    6.64E-03
           L1 CONV. ELECTRON, GAMMA-RAY   1   8.38E-04    9.066E-01    7.59E-04
           L2 CONV. ELECTRON, GAMMA-RAY   1   4.89E-05    9.068E-01    4.44E-05
           L3 CONV. ELECTRON, GAMMA-RAY   1   2.82E-05    9.069E-01    2.56E-05
           M CONV. ELECTRON, GAMMA-RAY    1   1.60E-04    9.087E-01*   1.46E-04
           N+ CONV. ELECTRON, GAMMA-RAY   1   2.66E-05    9.090E-01*   2.42E-05
           AUGER KLL                          1.58E-03    1.267E-02*   2.01E-05
           AUGER KLX                          5.51E-04    1.455E-02*   8.01E-06
           AUGER LMM                          8.02E-03    1.662E-03*   1.33E-05
 
           ALL LISTED X-RAYS, GAMMA-RAYS AND ANNIHILATION RADIATION    9.01E-01
           ALL NEGLECTED X-RAYS, GAMMA-RAYS AND ANNIH. RADIATION**     8.10E-05
           ALL LISTED BETAS, INTERNAL CONVERSION AND AUGER ELECTRONS   7.68E-03
           ALL NEGLECTED BETAS, INT. CONVERSION AND AUGER ELECTRONS**  6.43E-06
           ALL LISTED RADIATIONS                                       9.09E-01
           ALL NEGLECTED RADIATIONS**                                  8.74E-05
 
           *  AVERAGE ENERGY (MEV)
           ** EACH NEGLECTED TRANSITION CONTRIBUTES LESS THAN  0.100%
              TO THE TOTAL MEV/TRANSFORMATION FOR THIS CATEGORY.
           TOTAL FEEDING OF GROUND STATE LEVEL IN 89-YTTRIUM
             DAUGHTER IS 1.0000E+00  PER TRANSFORMATION OF  89M-YTTRIUM.
             THIS DAUGHTER GROUND STATE IS STABLE.
           - - - - - - - - - -
           INPUT DATA SOURCE: EVALUATED NUCLEAR STRUCTURE DATA FILE (ENSDF)
             DATE INPUT DATA WERE ENTERED INTO ENSDF: Nov-1998
%%%%  89 Y   39 M  IT           1.56630E+01 15.663 S   02-11-2005       OUTPEND 
%%%%  89 Y   39 M  IT           1.56630E+01 15.663 S   02-11-2005       SEEISTAR
 89.M YTTRIUM      39.  1.566E+01 SECONDS   58 IT                    89.Y  39.   0
 1 1  9.91600E+01  9.08960E-01  9.08960E-01  0.00000E+00             89.Y  39.   1   1
 6 1  7.44745E-01  8.91960E-01  8.91960E-01  1.00000E+00             89.Y  39.   2   1
 6 5  8.37614E-02  9.06605E-01  9.06605E-01  1.00000E+00             89.Y  39.   3   5
 6 6  4.89144E-03  9.06800E-01  9.06800E-01  1.00000E+00             89.Y  39.   4   6
 6 7  2.82377E-03  9.06879E-01  9.06879E-01  1.00000E+00             89.Y  39.   5   7
 6 3  1.60379E-02  9.08660E-01  9.08660E-01  1.00000E+00             89.Y  39.   6   3
 6 4  2.65785E-03  9.08960E-01  9.08960E-01  1.00000E+00             89.Y  39.   7   4
 2 1  1.54019E-01  1.48403E-02  1.48403E-02  0.00000E+00             89.Y  39.   8   1
 2 2  2.95110E-01  1.49185E-02  1.49185E-02  0.00000E+00             89.Y  39.   9   2
 2 3  2.28664E-02  1.66877E-02  1.66877E-02  0.00000E+00             89.Y  39.  10   3
 2 4  4.45532E-02  1.67001E-02  1.67001E-02  0.00000E+00             89.Y  39.  11   4
 2 5  8.78121E-05  1.68313E-02  1.68313E-02  0.00000E+00             89.Y  39.  12   5
 2 6  1.25034E-04  1.68335E-02  1.68335E-02  0.00000E+00             89.Y  39.  13   6
 2 7  3.37098E-03  1.69663E-02  1.69663E-02  0.00000E+00             89.Y  39.  14   7
 2 8  6.48972E-03  1.69678E-02  1.69678E-02  0.00000E+00             89.Y  39.  15   8
 2 9  5.18151E-07  1.69948E-02  1.69948E-02  0.00000E+00             89.Y  39.  16   9
 210  7.32136E-07  1.69949E-02  1.69949E-02  0.00000E+00             89.Y  39.  17  10
 221  2.46098E-06  1.95200E-04  1.95200E-04  0.00000E+00             89.Y  39.  18  21
 222  1.50770E-05  2.73399E-04  2.73399E-04  0.00000E+00             89.Y  39.  19  22
 223  2.57570E-04  2.04264E-03  2.04264E-03  0.00000E+00             89.Y  39.  20  23
 224  4.50988E-04  2.05498E-03  2.05498E-03  0.00000E+00             89.Y  39.  21  24
 225  1.85921E-06  2.18616E-03  2.18616E-03  0.00000E+00             89.Y  39.  22  25
 226  2.76799E-06  2.18839E-03  2.18839E-03  0.00000E+00             89.Y  39.  23  26
 227  3.51091E-05  2.32119E-03  2.32119E-03  0.00000E+00             89.Y  39.  24  27
 228  6.19753E-05  2.32276E-03  2.32276E-03  0.00000E+00             89.Y  39.  25  28
 229  8.73902E-09  2.34966E-03  2.34966E-03  0.00000E+00             89.Y  39.  26  29
 230  1.29928E-08  2.34977E-03  2.34977E-03  0.00000E+00             89.Y  39.  27  30
 241  8.53332E-10  7.82003E-05  7.82003E-05  0.00000E+00             89.Y  39.  28  41
 242  8.80394E-04  1.77392E-03  1.77392E-03  0.00000E+00             89.Y  39.  29  42
 243  7.39064E-06  1.85978E-03  1.85978E-03  0.00000E+00             89.Y  39.  30  43
 244  7.00035E-03  1.99096E-03  1.99096E-03  0.00000E+00             89.Y  39.  31  44
 245  5.59324E-05  2.10635E-03  2.10635E-03  0.00000E+00             89.Y  39.  32  45
 246  2.16845E-07  2.12756E-03  2.12756E-03  0.00000E+00             89.Y  39.  33  46
 247  3.78233E-05  2.15446E-03  2.15446E-03  0.00000E+00             89.Y  39.  34  47
 261  2.71631E-03  1.69571E-03  1.69571E-03  0.00000E+00             89.Y  39.  35  61
 262  1.05134E-05  1.76923E-03  1.76923E-03  0.00000E+00             89.Y  39.  36  62
 263  9.97572E-06  1.78158E-03  1.78158E-03  0.00000E+00             89.Y  39.  37  63
 264  1.53614E-03  1.91276E-03  1.91276E-03  0.00000E+00             89.Y  39.  38  64
 265  1.40124E-02  1.91499E-03  1.91499E-03  0.00000E+00             89.Y  39.  39  65
 266  1.18365E-04  2.02814E-03  2.02814E-03  0.00000E+00             89.Y  39.  40  66
 267  2.41076E-07  2.04779E-03  2.04779E-03  0.00000E+00             89.Y  39.  41  67
 268  2.31131E-07  2.04936E-03  2.04936E-03  0.00000E+00             89.Y  39.  42  68
 269  8.23193E-06  2.07626E-03  2.07626E-03  0.00000E+00             89.Y  39.  43  69
 270  7.28231E-05  2.07637E-03  2.07637E-03  0.00000E+00             89.Y  39.  44  70
 291  3.70744E-04  1.62631E-04  1.62631E-04  0.00000E+00             89.Y  39.  45  91
 292  5.47548E-06  2.11586E-05  2.11586E-05  0.00000E+00             89.Y  39.  46  92
 294  1.11662E+01  5.29808E-06  5.29808E-06  0.00000E+00             89.Y  39.  47  94
 7 1  1.58432E-01  1.26657E-02  1.26657E-02  0.00000E+00             89.Y  39.  48   1
 7 2  5.50815E-02  1.45497E-02  1.45497E-02  0.00000E+00             89.Y  39.  49   2
 7 3  4.60830E-03  1.64357E-02  1.64357E-02  0.00000E+00             89.Y  39.  50   3
 7 4  1.73614E-01  1.00485E-04  1.00485E-04  0.00000E+00             89.Y  39.  51   4
 7 5  8.02007E-01  1.66231E-03  1.66231E-03  0.00000E+00             89.Y  39.  52   5
 7 6  8.02509E-02  1.82703E-03  1.82703E-03  0.00000E+00             89.Y  39.  53   6
 7 7  3.01498E-03  2.04890E-03  2.04890E-03  0.00000E+00             89.Y  39.  54   7
 7 8  8.49114E-01  9.62151E-05  9.62151E-05  0.00000E+00             89.Y  39.  55   8
 7 9  1.90427E+00  9.45678E-05  9.45678E-05  0.00000E+00             89.Y  39.  56   9
 710  7.00464E-02  1.31701E-04  1.31701E-04  0.00000E+00             89.Y  39.  57  10
 712  6.21104E+00  2.02946E-05  2.02946E-05  0.00000E+00             89.Y  39.  58  12
%%%%  89 Y   39 M  IT           1.56630E+01 15.663 S   02-11-2005       SEEIEND 
 


   ***************************************************** 
   *                 Radiation Summary                 * 
   ***************************************************** 
 
  Energy released by
    Gamma-ray                       (MeV) =   9.01325E-01
    X-ray                           (MeV) =   8.03712E-05
    Free-bound X-ray                (MeV) =   5.91595E-07
    Annihilation photon             (MeV) =   0.00000E+00
    Beta+ particle                  (MeV) =   0.00000E+00
    Neutrino                        (MeV) =   0.00000E+00
    Beta- particle                  (MeV) =   0.00000E+00
    Neutrino-                       (MeV) =   0.00000E+00
    Internal conv. electron         (MeV) =   7.64207E-03
    Auger and CK electron           (MeV) =   4.78429E-05
    Alpha particle                  (MeV) =   0.00000E+00
    Recoil nucleus                  (MeV) =   0.00000E+00
  E-total (except unplaced radiat.) (MeV) =   9.09096E-01
  E-unplaced radiation              (MeV) =   0.00000E+00
  Q-value from ENSDF data           (MeV) =   9.08960E-01
  Ratio of E-total/Q-value          ( % ) =   1.00015E+02
  Ratio of E-unplaced radi./Q-value ( % ) =   0.00000E+00

 
  Total yield of
    Gamma-ray                             =   9.91600E-01
    X-ray                                 =   5.54295E-03
    Free-bound X-ray                      =   1.11662E-01
    Annihilation photon                   =   0.00000E+00
    Beta+ particle                        =   0.00000E+00
    Beta- particle                        =   0.00000E+00
    Internal conv. electron               =   8.54917E-03
    Auger and CK electron                 =   1.03115E-01
    Alpha particle                        =   0.00000E+00
  Yield of unplaced radiation             =   0.00000E+00


