%%%% 169 YB  70    EC           2.76705E+06 32.026 D   02-11-2005       BALASTAR
1 169   YB  70 32.026 D        EC         
1INTENSITY AND ENERGY BALANCE DATA

              169-YTTERBIUM-70
+                                    HALFLIFE = 32.026 DAYS    
+                                                                  02-11-2005


    LEVEL       INTENSITY   INTENSITY
    ENERGY      ENTERING    LEAVING     PERCENT
    (MEV)       LEVEL       LEVEL       ERROR

   0.0000E+00  9.9838E+01
   8.4103E-03  9.5289E+01  9.4870E+01  4.4098E-01                      
   1.1819E-01  6.4550E+01  6.5157E+01  9.3582E-01                      
   1.3893E-01  3.5507E+01  3.5379E+01  3.6007E-01                      
   3.1615E-01  9.7995E+01  9.7817E+01  1.8184E-01                      
   3.3212E-01  4.6313E-02  1.4592E-02  1.0416E+02  ********************
   3.4503E-01  1.3973E+00  1.3772E-02  1.9610E+02  ********************
   3.6766E-01  1.2539E-01  8.8914E-01  1.5056E+02  ********************
   3.7927E-01  9.8680E+01  9.5157E+01  3.6347E+00                      
   4.3012E-01  1.8286E+00  2.5956E+00  3.4672E+01  ********************
   4.3352E-01  1.5718E-01  2.7291E-01  5.3814E+01  ********************
   4.7288E-01  1.2760E+01  1.4588E+01  1.3365E+01  ********************
   4.7497E-01  1.8558E-01  1.3691E+00  1.5225E+02  ********************
   5.7083E-01  5.3463E-01  3.2183E-03  1.9761E+02  ********************
   6.3330E-01  1.0847E-02  5.1528E-02  1.3044E+02  ********************
   6.4676E-01  6.5838E-03  1.0296E-02  4.3981E+01  ********************
   7.1879E-01  2.8390E+01  9.9255E-03  1.9986E+02  ********************
   7.8180E-01  2.9008E+01  2.8535E+01  1.6462E+00                      
   8.3241E-01  6.5284E-02  2.9042E+01  1.9910E+02  ********************
   8.7835E-01  4.1180E-06  5.9989E-01  2.0000E+02  ********************


 INTENSITY TO GROUND AND ISOMERIC STATE(S) OF DAUGHTER(S)=  9.984E+01
 TOTAL INTENSITY FROM PARENT=  1.000E+02
 PERCENT ERROR =  1.624E-01                      


 TOTAL INTENSITY FROM PARENT =  1.000E+02
 VALUE IS WITHIN   7.63E-06% OF 100                      


 TOTAL ENERGY AVAILABLE =  9.080E-01 MEV
 TOTAL ENERGY CONTENT OF ALL RADIATIONS =  9.466E-01 MEV
 PERCENT ERROR =  4.078E+00                      
%%%% 169 YB  70    EC           2.76705E+06 32.026 D   02-11-2005       BALAEND 
%%%% 169 YB  70    EC           2.76705E+06 32.026 D   02-11-2005       INPUSTAR
1                                      **INPUT DATA**
              169-YTTERBIUM-70
+                                    HALFLIFE = 32.026 DAYS    
+                                                                  02-11-2005

            MODE OF DECAY: ELECTRON CAPTURE
 
                                MEAN
                                NUMBER/    TRANSITION
                TYPE OF    ID   TRANSFOR-  ENERGY
              TRANSITION   NO.  MATION     (MEV)       OTHER NUCLEAR PARAMETERS

           ELECT. CAPTURE   1   4.12E-08   2.965E-02   ALLOWED                                  
           ELECT. CAPTURE   2   2.11E-07   7.559E-02   ALLOWED                                  
           ELECT. CAPTURE   3   6.68E-06   1.262E-01   ALLOWED                                  
           ELECT. CAPTURE   4   3.54E-05   1.892E-01   ALLOWED                                  
           ELECT. CAPTURE   5   1.78E-06   2.612E-01   FIRST FORBIDDEN                          
           ELECT. CAPTURE   6   1.08E-04   2.747E-01   ALLOWED                                  
           ELECT. CAPTURE   7   3.55E-06   4.330E-01   UNIQUE FIRST FORBIDDEN                   
           ELECT. CAPTURE   8   1.28E-01   4.351E-01   FIRST FORBIDDEN                          
           ELECT. CAPTURE   9   1.17E-03   4.745E-01   ALLOWED                                  
           ELECT. CAPTURE  10   4.40E-05   4.779E-01   FIRST FORBIDDEN                          
           ELECT. CAPTURE  11   8.34E-01   5.287E-01   FIRST FORBIDDEN                          
           ELECT. CAPTURE  12   1.37E-04   5.630E-01   FIRST FORBIDDEN                          
           ELECT. CAPTURE  13   1.43E-04   5.759E-01   ALLOWED                                  
           ELECT. CAPTURE  14   3.72E-02   5.919E-01   ALLOWED                                  
           I.C.E. + GAMMA   1   9.49E-01   8.410E-03   M1+E2 MULTIPOLE                          
                                                       MRS=0.00109   AK= 0.0                    
                                                       AL1=0.0       AL2=0.0                    
                                                       AL3=0.0       AM= 218.                   
                                                       AN+=59.7                                 
           I.C.E. + GAMMA   2   1.10E-01   2.075E-02   M1+E2 MULTIPOLE                          
                                                       MRS=0.000841  AK= 0.0                    
                                                       AL1=37.6      AL2=4.73                   
                                                       AL3=2.14      AM= 10.0                   
                                                       AN+=2.80                                 
           I.C.E. + GAMMA   3   1.82E-02   4.276E-02   M1 MULTIPOLE                             
+                                                                    AK= 0.0                    
                                                       AL1=4.42      AL2=0.400                  
                                                       AL3=0.0608    AM= 1.09                   
                                                       AN+=0.308                                
           I.C.E. + GAMMA   4   6.53E-04   4.594E-02   M1 MULTIPOLE                             
+                                                                    AK= 0.0                    
                                                       AL1=3.57      AL2=0.322                  
                                                       AL3=0.0489    AM= 0.882                  
                                                       AN+=0.250                                
           I.C.E. + GAMMA   5   2.90E-01   5.061E-02   E2 MULTIPOLE                             
+                                                                    AK= 0.0                    
                                                       AL1=0.332     AL2=18.8                   
                                                       AL3=21.4      AM= 9.91                   
                                                       AN+=2.60                                 
           I.C.E. + GAMMA   6   2.56E-02   5.086E-02   M1 MULTIPOLE                             
+                                                                    AK= 0.0                    
                                                       AL1=2.65      AL2=0.238                  
                                                       AL3=0.0359    AM= 0.654                  
                                                       AN+=0.185                                
           I.C.E. + GAMMA   7   8.89E-03   5.151E-02   E2 MULTIPOLE                             
+                                                                    AK= 0.0                    
                                                       AL1=0.321     AL2=17.2                   
                                                       AL3=19.6      AM= 9.10                   
                                                       AN+=2.39                                 
           I.C.E. + GAMMA   8   2.84E-01   6.301E-02   M1 MULTIPOLE                             
+                                                                    AK= 10.2                   
                                                       AL1=1.41      AL2=0.125                  
                                                       AL3=0.0187    AM= 0.349                  
                                                       AN+=0.0986                               
           I.C.E. + GAMMA   9   9.32E-01   6.312E-02   E1 MULTIPOLE                             
+                                                                    AK= 0.900                  
                                                       AL1=0.0890    AL2=0.0329                 
                                                       AL3=0.0413    AM= 0.0366                 
                                                       AN+=0.00984                              
           I.C.E. + GAMMA  10   1.22E-03   6.586E-02   M1 MULTIPOLE                             
+                                                                    AK= 9.00                   
                                                       AL1=1.24      AL2=0.110                  
                                                       AL3=0.0164    AM= 0.306                  
                                                       AN+=0.0865                               
           I.C.E. + GAMMA  11   6.41E-05   7.203E-02   E1 MULTIPOLE                             
+                                                                    AK= 0.644                  
                                                       AL1=0.0649    AL2=0.0215                 
                                                       AL3=0.0265    AM= 0.0253                 
                                                       AN+=0.00683                              
           I.C.E. + GAMMA  12   1.96E-04   8.509E-02   E2 MULTIPOLE                             
+                                                                    AK= 1.45                   
                                                       AL1=0.139     AL2=1.60                   
                                                       AL3=1.61      AM= 0.821                  
                                                       AN+=0.217                                
           I.C.E. + GAMMA  13   1.27E-01   9.362E-02   M1+E2 MULTIPOLE                          
                                                       MRS=0.0313    AK= 3.19                   
                                                       AL1=0.439     AL2=0.0688                 
                                                       AL3=0.0359    AM= 0.123                  
                                                       AN+=0.0343                               
           I.C.E. + GAMMA  14   1.00E-04   9.570E-02   E2 MULTIPOLE                             
+                                                                    AK= 1.15                   
                                                       AL1=0.109     AL2=0.924                  
                                                       AL3=0.898     AM= 0.474                  
                                                       AN+=0.125                                
           I.C.E. + GAMMA  15   2.95E-05   9.585E-02   E1 MULTIPOLE                             
+                                                                    AK= 0.309                  
                                                       AL1=0.0322    AL2=0.00859                
                                                       AL3=0.0101    AM= 0.0114                 
                                                       AN+=0.00310                              
           I.C.E. + GAMMA  16   2.42E-05   9.801E-02   E1 MULTIPOLE                             
+                                                                    AK= 0.292                  
                                                       AL1=0.0305    AL2=0.00799                
                                                       AL3=0.00940   AM= 0.0107                 
                                                       AN+=0.00292                              
           I.C.E. + GAMMA  17   2.93E-04   1.014E-01   M1 MULTIPOLE                             
+                                                                    AK= 2.58                   
                                                       AL1=0.356     AL2=0.0307                 
                                                       AL3=0.00446   AM= 0.0874                 
                                                       AN+=0.0247                               
           I.C.E. + GAMMA  18   3.33E-05   1.052E-01   E1 MULTIPOLE                             
+                                                                    AK= 0.243                  
                                                       AL1=0.0256    AL2=0.00636                
                                                       AL3=0.00740   AM= 0.00878                
                                                       AN+=0.00240                              
           I.C.E. + GAMMA  19   6.02E-01   1.098E-01   M1+E2 MULTIPOLE                          
                                                       MRS=0.0272    AK= 2.02                   
                                                       AL1=0.278     AL2=0.0367                 
                                                       AL3=0.0155    AM= 0.0743                 
                                                       AN+=0.0209                               
           I.C.E. + GAMMA  20   3.46E-04   1.136E-01   M1 MULTIPOLE                             
+                                                                    AK= 1.86                   
                                                       AL1=0.257     AL2=0.0220                 
                                                       AL3=0.00317   AM= 0.0630                 
                                                       AN+=0.0178                               
           I.C.E. + GAMMA  21   1.06E-04   1.140E-01   E1 MULTIPOLE                             
+                                                                    AK= 0.197                  
                                                       AL1=0.0209    AL2=0.00491                
                                                       AL3=0.00564   AM= 0.00703                
                                                       AN+=0.00192                              
           I.C.E. + GAMMA  22   1.20E-03   1.174E-01   M1 MULTIPOLE                             
+                                                                    AK= 1.70                   
                                                       AL1=0.234     AL2=0.0200                 
                                                       AL3=0.00287   AM= 0.0574                 
                                                       AN+=0.0162                               
           I.C.E. + GAMMA  23   4.97E-02   1.182E-01   E2 MULTIPOLE                             
+                                                                    AK= 0.697                  
                                                       AL1=0.0678    AL2=0.349                  
                                                       AL3=0.317     AM= 0.179                  
                                                       AN+=0.0475                               
           I.C.E. + GAMMA  24   1.36E-02   1.299E-01   M1 MULTIPOLE                             
+                                                                    AK= 1.28                   
                                                       AL1=0.176     AL2=0.0148                 
                                                       AL3=0.00212   AM= 0.0429                 
                                                       AN+=0.0121                               
           I.C.E. + GAMMA  25   2.44E-01   1.305E-01   E2 MULTIPOLE                             
+                                                                    AK= 0.538                  
                                                       AL1=0.0534    AL2=0.222                  
                                                       AL3=0.195     AM= 0.115                  
                                                       AN+=0.0304                               
           I.C.E. + GAMMA  26   1.10E-04   1.567E-01   E1 MULTIPOLE                             
+                                                                    AK= 0.0853                 
                                                       AL1=0.00942   AL2=0.00176                
                                                       AL3=0.00193   AM= 0.00293                
           I.C.E. + GAMMA  27   4.78E-05   1.739E-01   M1 MULTIPOLE                             
+                                                                    AK= 0.559                  
                                                       AL1=0.0770    AL2=0.00632                
                                                       AM= 0.0187    AN+=0.00531                
           I.C.E. + GAMMA  28   3.54E-01   1.772E-01   M1+E2 MULTIPOLE                          
                                                       MRS=0.188     AK= 0.483                  
                                                       AL1=0.0653    AL2=0.0139                 
                                                       AL3=0.00769   AM= 0.0197                 
                                                       AN+=0.00551                              
           I.C.E. + GAMMA  29   1.11E-04   1.931E-01   M1+E2 MULTIPOLE                          
                                                       MRS=0.0110    AK= 0.415                  
                                                       AL1=0.0570    AL2=0.00502                
                                                       AM= 0.0140    AN+=0.00397                
           I.C.E. + GAMMA  30   5.17E-01   1.980E-01   M1+E2 MULTIPOLE                          
                                                       MRS=0.116     AK= 0.367                  
                                                       AL1=0.0499    AL2=0.00744                
                                                       AL3=0.00322   AM= 0.0136                 
                                                       AN+=0.00383                              
           I.C.E. + GAMMA  31   4.07E-04   1.998E-01   E2 MULTIPOLE                             
+                                                                    AK= 0.164                  
                                                       AL1=0.0178    AL2=0.0329                 
                                                       AL3=0.0247    AM= 0.0182                 
                                                       AN+=0.00487                              
           I.C.E. + GAMMA  32   4.29E-05   2.060E-01   E1 MULTIPOLE                             
+                                                                    AK= 0.0419                 
                                                       AL1=0.00479   AM= 0.00140                
           I.C.E. + GAMMA  33   3.51E-05   2.139E-01   E2 MULTIPOLE                             
+                                                                    AK= 0.134                  
                                                       AL1=0.0149    AL2=0.0244                 
                                                       AL3=0.0178    AM= 0.0137                 
                                                       AN+=0.00368                              
           I.C.E. + GAMMA  34   2.60E-06   2.263E-01   E1 MULTIPOLE                             
+                                                                    AK= 0.0329                 
                                                       AL1=0.00380   AM= 0.00109                
           I.C.E. + GAMMA  35   4.60E-06   2.287E-01   E2 MULTIPOLE                             
+                                                                    AK= 0.111                  
                                                       AL1=0.0124    AL2=0.0183                 
                                                       AL3=0.0130    AM= 0.0105                 
                                                       AN+=0.00282                              
           I.C.E. + GAMMA  36   1.29E-03   2.403E-01   E1+M2 MULTIPOLE                          
                                                       MRS=0.0900    AK= 0.110                  
                                                       AL1=0.0173    AL2=0.00219                
                                                       AL3=0.00164   AM= 0.00489                
                                                       AN+=0.00138                              
           I.C.E. + GAMMA  37   1.77E-02   2.611E-01   E1+M2 MULTIPOLE                          
                                                       MRS=0.00490   AK= 0.0266                 
                                                       AL1=0.00330                              
           I.C.E. + GAMMA  38   4.39E-05   2.912E-01   E1 MULTIPOLE                             
+                                                                    AK= 0.0175                 
                                                       AL1=0.00206                              
           I.C.E. + GAMMA  39   1.12E-05   2.945E-01   M1 MULTIPOLE                             
+                                                                    AK= 0.132                  
                                                       AL1=0.0181    AL2=0.00137                
                                                       AM= 0.00437   AN+=0.00124                
           I.C.E. + GAMMA  40   5.34E-05   3.017E-01   M1 MULTIPOLE                             
+                                                                    AK= 0.124                  
                                                       AL1=0.0170    AL2=0.00128                
                                                       AM= 0.00410   AN+=0.00116                
           I.C.E. + GAMMA  41   1.82E-03   3.068E-01   E1 MULTIPOLE                             
+                                                                    AK= 0.0154                 
                                                       AL1=0.00182                              
           I.C.E. + GAMMA  42   5.35E-03   3.075E-01   E2 MULTIPOLE                             
+                                                                    AK= 0.0483                 
                                                       AL1=0.00573   AL2=0.00517                
                                                       AL3=0.00325   AM= 0.00334                
           I.C.E. + GAMMA  43   1.07E-01   3.077E-01   E2 MULTIPOLE                             
+                                                                    AK= 0.0482                 
                                                       AL1=0.00572   AL2=0.00516                
                                                       AL3=0.00324   AM= 0.00333                
           I.C.E. + GAMMA  44   1.82E-05   3.340E-01   E1 MULTIPOLE                             
+                                                                    AK= 0.0125                 
                                                       AL1=0.00149                              
           I.C.E. + GAMMA  45   9.23E-05   3.366E-01   E1 MULTIPOLE                             
+                                                                    AK= 0.0123                 
                                                       AL1=0.00147                              
           I.C.E. + GAMMA  46   1.42E-06   3.567E-01   E1 MULTIPOLE                             
+                                                                    AK= 0.0107                 
                                                       AL1=0.00128                              
           I.C.E. + GAMMA  47   9.41E-05   3.709E-01   M2 MULTIPOLE                             
+                                                                    AK= 0.249                  
                                                       AL1=0.0395    AL2=0.00457                
                                                       AL3=0.00191   AM= 0.0105                 
                                                       AN+=0.00298                              
           I.C.E. + GAMMA  48   1.37E-05   3.793E-01   E3 MULTIPOLE                             
+                                                                    AK= 0.0760                 
                                                       AL1=0.0104    AL2=0.0209                 
                                                       AL3=0.00883   AM= 0.00980                
                                                       AN+=0.00265                              
           I.C.E. + GAMMA  49   3.59E-06   3.867E-01   M1 MULTIPOLE                             
+                                                                    AK= 0.0462                 
                                                       AL1=0.00630   AM= 0.00151                
           I.C.E. + GAMMA  50   1.70E-07   4.526E-01   M1+E2 MULTIPOLE                          
                                                       MRS=2.25      AK= 0.0252                 
                                                       AL1=0.00329   AM= 0.00104                
           I.C.E. + GAMMA  51   3.75E-08   4.647E-01   M1 MULTIPOLE                             
+                                                                    AK= 0.0398                 
                                                       AL1=0.00540   AM= 0.00129                
           I.C.E. + GAMMA  52   1.99E-06   4.657E-01   M1 MULTIPOLE                             
+                                                                    AK= 0.0396                 
                                                       AL1=0.00538   AM= 0.00129                
           I.C.E. + GAMMA  53   1.95E-07   4.666E-01   E1 MULTIPOLE                             
+                                                                    AK= 0.00578                
           I.C.E. + GAMMA  54   1.95E-06   4.750E-01   E1 MULTIPOLE                             
+                                                                    AK= 0.00556                
           I.C.E. + GAMMA  55   1.55E-05   4.944E-01   M1 MULTIPOLE                             
+                                                                    AK= 0.0340                 
                                                       AL1=0.00460   AM= 0.00110                
           I.C.E. + GAMMA  56   9.15E-08   5.004E-01   M1 MULTIPOLE                             
+                                                                    AK= 0.0329                 
                                                       AL1=0.00446   AM= 0.00107                
           I.C.E. + GAMMA  57   1.48E-08   5.078E-01   E1 MULTIPOLE                             
+                                                                    AK= 0.00480                
           I.C.E. + GAMMA  58   4.29E-05   5.151E-01   M1 MULTIPOLE                             
+                                                                    AK= 0.0306                 
                                                       AL1=0.00414                              
           I.C.E. + GAMMA  59   1.76E-06   5.286E-01   E1 MULTIPOLE                             
+                                                                    AK= 0.00440                
           I.C.E. + GAMMA  60   1.51E-08   5.462E-01   M1 MULTIPOLE                             
+                                                                    AK= 0.0263                 
                                                       AL1=0.00356                              
           I.C.E. + GAMMA  61   1.21E-06   5.624E-01   M1+E2 MULTIPOLE                          
                                                       MRS=0.810     AK= 0.0181                 
                                                       AL1=0.00241                              
           I.C.E. + GAMMA  62   1.28E-06   5.709E-01   M1+E2 MULTIPOLE                          
                                                       MRS=0.640     AK= 0.0182                 
                                                       AL1=0.00243                              
           I.C.E. + GAMMA  63   1.97E-05   5.799E-01   M1 MULTIPOLE                             
+                                                                    AK= 0.0226                 
                                                       AL1=0.00306                              
           I.C.E. + GAMMA  64   1.16E-05   6.006E-01   M1 MULTIPOLE                             
+                                                                    AK= 0.0206                 
                                                       AL1=0.00279                              
           I.C.E. + GAMMA  65   5.01E-05   6.249E-01   M1 MULTIPOLE                             
+                                                                    AK= 0.0187                 
                                                       AL1=0.00253                              
           I.C.E. + GAMMA  66   6.94E-08   6.333E-01   E2 MULTIPOLE                             
+                                                                    AK= 0.00782                
           I.C.E. + GAMMA  67   7.75E-07   6.429E-01   M1 MULTIPOLE                             
+                                                                    AK= 0.0174                 
                                                       AL1=0.00235                              
           I.C.E. + GAMMA  68   1.93E-06   6.636E-01   M1 MULTIPOLE                             
+                                                                    AK= 0.0161                 
                                                       AL1=0.00217                              
           I.C.E. + GAMMA  69   8.81E-08   6.935E-01   M1 MULTIPOLE                             
+                                                                    AK= 0.0144                 
                                                       AL1=0.00194                              
           I.C.E. + GAMMA  70   3.14E-07   7.104E-01   E2 MULTIPOLE                             
+                                                                    AK= 0.00606                
           I.C.E. + GAMMA  71   1.85E-08   7.394E-01   M1 MULTIPOLE                             
+                                                                    AK= 0.0123                 
                                                       AL1=0.00165                              
           I.C.E. + GAMMA  72   8.35E-09   7.602E-01   M1 MULTIPOLE                             
+                                                                    AK= 0.0114                 
                                                       AL1=0.00154                              
           I.C.E. + GAMMA  73   2.10E-06   7.734E-01   M1 MULTIPOLE                             
+                                                                    AK= 0.0110                 
                                                       AL1=0.00148                              
           I.C.E. + GAMMA  74   3.03E-08   7.816E-01   E2 MULTIPOLE                             
+                                                                    AK= 0.00493                
 
           - - - - - - - - - -
           Reference: Evaluated Nuclear Structure Data File (ENSDF)
                DATE DATA WERE ENTERED INTO ENSDF: Dec-1991
%%%% 169 YB  70    EC           2.76705E+06 32.026 D   02-11-2005       INPUEND 
%%%% 169 YB  70    EC           2.76705E+06 32.026 D   02-11-2005       OUTPSTAR
1                                      **OUTPUT DATA**
              169-YTTERBIUM-70
+                                    HALFLIFE = 32.026 DAYS    
+                                                                  02-11-2005

            MODE OF DECAY: ELECTRON CAPTURE
 
                                              MEAN
                                              NUMBER/                  MEV/
                                         ID   TRANSFOR-   ENERGY       TRANSFOR-
                  TYPE OF RADIATION      NO.  MATION      (MEV)        MATION

           M CONV. ELECTRON, GAMMA-RAY    1   7.42E-01    6.545E-03*   4.86E-03
           N+ CONV. ELECTRON, GAMMA-RAY   1   2.03E-01    8.410E-03*   1.71E-03
           L1 CONV. ELECTRON, GAMMA-RAY   2   7.12E-02    1.067E-02    7.59E-04
           M CONV. ELECTRON, GAMMA-RAY    2   1.89E-02    1.889E-02*   3.57E-04
           L1 CONV. ELECTRON, GAMMA-RAY   3   1.11E-02    3.268E-02    3.62E-04
           L2 CONV. ELECTRON, GAMMA-RAY   5   1.01E-01    4.098E-02    4.13E-03
           L3 CONV. ELECTRON, GAMMA-RAY   5   1.15E-01    4.197E-02    4.82E-03
           M CONV. ELECTRON, GAMMA-RAY    5   5.32E-02    4.874E-02*   2.59E-03
           N+ CONV. ELECTRON, GAMMA-RAY   5   1.40E-02    5.061E-02*   7.06E-04
           L1 CONV. ELECTRON, GAMMA-RAY   6   1.42E-02    4.077E-02    5.81E-04
           M CONV. ELECTRON, GAMMA-RAY    6   3.51E-03    4.899E-02*   1.72E-04
           L3 CONV. ELECTRON, GAMMA-RAY   7   3.51E-03    4.287E-02    1.50E-04
           GAMMA-RAY                      8   2.15E-02    6.301E-02    1.35E-03
           K CONV. ELECTRON, GAMMA-RAY    8   2.19E-01    3.524E-03    7.72E-04
           L1 CONV. ELECTRON, GAMMA-RAY   8   3.03E-02    5.293E-02    1.61E-03
           M CONV. ELECTRON, GAMMA-RAY    8   7.49E-03    6.115E-02*   4.58E-04
           GAMMA-RAY                      9   4.42E-01    6.312E-02    2.79E-02
           K CONV. ELECTRON, GAMMA-RAY    9   3.98E-01    3.633E-03    1.44E-03
           L1 CONV. ELECTRON, GAMMA-RAY   9   3.93E-02    5.304E-02    2.09E-03
           L2 CONV. ELECTRON, GAMMA-RAY   9   1.45E-02    5.349E-02    7.77E-04
           L3 CONV. ELECTRON, GAMMA-RAY   9   1.82E-02    5.448E-02    9.94E-04
           M CONV. ELECTRON, GAMMA-RAY    9   1.62E-02    6.126E-02*   9.91E-04
           N+ CONV. ELECTRON, GAMMA-RAY   9   4.35E-03    6.312E-02*   2.75E-04
           GAMMA-RAY                     13   2.61E-02    9.362E-02    2.44E-03
           K CONV. ELECTRON, GAMMA-RAY   13   8.32E-02    3.413E-02    2.84E-03
           L1 CONV. ELECTRON, GAMMA-RAY  13   1.14E-02    8.353E-02    9.55E-04
           L2 CONV. ELECTRON, GAMMA-RAY  13   1.79E-03    8.399E-02    1.51E-04
           M CONV. ELECTRON, GAMMA-RAY   13   3.20E-03    9.175E-02*   2.94E-04
           GAMMA-RAY                     19   1.75E-01    1.098E-01    1.92E-02
           K CONV. ELECTRON, GAMMA-RAY   19   3.53E-01    5.029E-02    1.77E-02
           L1 CONV. ELECTRON, GAMMA-RAY  19   4.86E-02    9.970E-02    4.85E-03
           L2 CONV. ELECTRON, GAMMA-RAY  19   6.40E-03    1.002E-01    6.41E-04
           L3 CONV. ELECTRON, GAMMA-RAY  19   2.71E-03    1.011E-01    2.74E-04
           M CONV. ELECTRON, GAMMA-RAY   19   1.30E-02    1.079E-01*   1.40E-03
           N+ CONV. ELECTRON, GAMMA-RAY  19   3.65E-03    1.098E-01*   4.00E-04
           GAMMA-RAY                     23   1.87E-02    1.182E-01    2.21E-03
           K CONV. ELECTRON, GAMMA-RAY   23   1.30E-02    5.870E-02    7.64E-04
           L2 CONV. ELECTRON, GAMMA-RAY  23   6.52E-03    1.086E-01    7.08E-04
           L3 CONV. ELECTRON, GAMMA-RAY  23   5.93E-03    1.096E-01    6.50E-04
           M CONV. ELECTRON, GAMMA-RAY   23   3.35E-03    1.163E-01*   3.90E-04
           GAMMA-RAY                     24   5.37E-03    1.299E-01    6.98E-04
           K CONV. ELECTRON, GAMMA-RAY   24   6.89E-03    7.045E-02    4.85E-04
           GAMMA-RAY                     25   1.13E-01    1.305E-01    1.48E-02
           K CONV. ELECTRON, GAMMA-RAY   25   6.08E-02    7.104E-02    4.32E-03
           L1 CONV. ELECTRON, GAMMA-RAY  25   6.04E-03    1.204E-01    7.27E-04
           L2 CONV. ELECTRON, GAMMA-RAY  25   2.51E-02    1.209E-01    3.03E-03
           L3 CONV. ELECTRON, GAMMA-RAY  25   2.21E-02    1.219E-01    2.69E-03
           M CONV. ELECTRON, GAMMA-RAY   25   1.30E-02    1.287E-01*   1.67E-03
           N+ CONV. ELECTRON, GAMMA-RAY  25   3.44E-03    1.305E-01*   4.49E-04
           GAMMA-RAY                     28   2.22E-01    1.772E-01    3.93E-02
           K CONV. ELECTRON, GAMMA-RAY   28   1.07E-01    1.177E-01    1.26E-02
           L1 CONV. ELECTRON, GAMMA-RAY  28   1.45E-02    1.671E-01    2.42E-03
           L2 CONV. ELECTRON, GAMMA-RAY  28   3.08E-03    1.676E-01    5.16E-04
           L3 CONV. ELECTRON, GAMMA-RAY  28   1.70E-03    1.686E-01    2.87E-04
           M CONV. ELECTRON, GAMMA-RAY   28   4.37E-03    1.753E-01*   7.66E-04
           N+ CONV. ELECTRON, GAMMA-RAY  28   1.22E-03    1.772E-01*   2.16E-04
           GAMMA-RAY                     30   3.58E-01    1.980E-01    7.09E-02
           K CONV. ELECTRON, GAMMA-RAY   30   1.31E-01    1.385E-01    1.82E-02
           L1 CONV. ELECTRON, GAMMA-RAY  30   1.79E-02    1.879E-01    3.36E-03
           L2 CONV. ELECTRON, GAMMA-RAY  30   2.66E-03    1.883E-01    5.01E-04
           L3 CONV. ELECTRON, GAMMA-RAY  30   1.15E-03    1.893E-01    2.18E-04
           M CONV. ELECTRON, GAMMA-RAY   30   4.89E-03    1.961E-01*   9.58E-04
           N+ CONV. ELECTRON, GAMMA-RAY  30   1.37E-03    1.980E-01*   2.72E-04
           GAMMA-RAY                     37   1.71E-02    2.611E-01    4.48E-03
           GAMMA-RAY                     41   1.79E-03    3.068E-01    5.49E-04
           GAMMA-RAY                     42   5.01E-03    3.075E-01    1.54E-03
           GAMMA-RAY                     43   1.01E-01    3.077E-01    3.09E-02
           K CONV. ELECTRON, GAMMA-RAY   43   4.85E-03    2.482E-01    1.20E-03
           L1 CONV. ELECTRON, GAMMA-RAY  43   5.75E-04    2.977E-01    1.71E-04
           L2 CONV. ELECTRON, GAMMA-RAY  43   5.18E-04    2.981E-01    1.55E-04
           K -L2 X-RAY                        5.95E-01    4.986E-02    2.97E-02
           K -L3 X-RAY                        1.05E+00    5.085E-02    5.35E-02
           K -M2 X-RAY                        1.10E-01    5.741E-02    6.33E-03
           K -M3 X-RAY                        2.13E-01    5.762E-02    1.23E-02
           K -N2 X-RAY                        2.45E-02    5.912E-02    1.45E-03
           K -N3 X-RAY                        4.73E-02    5.916E-02    2.80E-03
           K -O3 X-RAY                        1.14E-02    5.946E-02    6.75E-04
           L2-M4 X-RAY                        1.75E-01    8.113E-03    1.42E-03
           L3-M5 X-RAY                        2.50E-01    7.168E-03    1.79E-03
           L3-N5 X-RAY                        4.25E-02    8.460E-03    3.60E-04
           Free-Bound X-RAY                   3.04E+01    1.348E-05*   4.09E-04
           AUGER KLL                          7.50E-02    4.070E-02*   3.05E-03
           AUGER KLX                          3.82E-02    4.841E-02*   1.85E-03
           AUGER KXY                          4.66E-03    5.613E-02*   2.62E-04
           CK LLX                             3.47E-01    8.382E-04*   2.90E-04
           AUGER LMM                          1.45E+00    5.653E-03*   8.18E-03
           AUGER LMX                          5.19E-01    7.088E-03*   3.68E-03
           AUGER LXY                          4.72E-02    8.554E-03*   4.04E-04
           CK MMX                             2.81E+00    2.545E-04*   7.15E-04
           AUGER MNN                          4.95E+00    1.203E-03*   5.95E-03
           AUGER MNX                          2.42E-01    1.392E-03*   3.37E-04
           CK NNX                             1.36E+01    1.477E-04*   2.01E-03
 
           ALL LISTED X-RAYS, GAMMA-RAYS AND ANNIHILATION RADIATION    3.27E-01
           ALL NEGLECTED X-RAYS, GAMMA-RAYS AND ANNIH. RADIATION**     3.24E-03
           ALL LISTED BETAS, INTERNAL CONVERSION AND AUGER ELECTRONS   1.45E-01
           ALL NEGLECTED BETAS, INT. CONVERSION AND AUGER ELECTRONS**  2.53E-03
           ALL LISTED RADIATIONS                                       4.72E-01
           ALL NEGLECTED RADIATIONS**                                  5.76E-03
 
           *  AVERAGE ENERGY (MEV)
           ** EACH NEGLECTED TRANSITION CONTRIBUTES LESS THAN  0.100%
              TO THE TOTAL MEV/TRANSFORMATION FOR THIS CATEGORY.
           TOTAL FEEDING OF GROUND STATE LEVEL IN 169-THULIUM
             DAUGHTER IS 1.0000E+00 PER TRANSFORMATION OF 169-YTTERBIUM.
             THIS DAUGHTER GROUND STATE IS STABLE.
           - - - - - - - - - -
           INPUT DATA SOURCE: EVALUATED NUCLEAR STRUCTURE DATA FILE (ENSDF)
             DATE INPUT DATA WERE ENTERED INTO ENSDF: Dec-1991
%%%% 169 YB  70    EC           2.76705E+06 32.026 D   02-11-2005       OUTPEND 
%%%% 169 YB  70    EC           2.76705E+06 32.026 D   02-11-2005       SEEISTAR
169.  YTTERBIUM    70.  3.203E+01 DAYS     576 EC                   169.YB 70.   0
 1 1  3.39948E-01  8.41031E-03  8.41031E-03  0.00000E+00            169.YB 70.   1   1
 6 3  7.42423E+01  6.54521E-03  6.54521E-03  1.00000E+00            169.YB 70.   2   3
 6 4  2.02877E+01  8.41031E-03  8.41031E-03  1.00000E+00            169.YB 70.   3   4
 1 2  1.89433E-01  2.07520E-02  2.07520E-02  0.00000E+00            169.YB 70.   4   2
 6 5  7.11559E+00  1.06710E-02  1.06710E-02  2.00000E+00            169.YB 70.   5   5
 6 6  8.95196E-01  1.11226E-02  1.11226E-02  2.00000E+00            169.YB 70.   6   6
 6 7  4.06140E-01  1.21139E-02  1.21139E-02  2.00000E+00            169.YB 70.   7   7
 6 3  1.89016E+00  1.88869E-02  1.88869E-02  2.00000E+00            169.YB 70.   8   3
 6 4  5.29878E-01  2.07520E-02  2.07520E-02  2.00000E+00            169.YB 70.   9   4
 1 3  2.50600E-01  4.27600E-02  4.27600E-02  0.00000E+00            169.YB 70.  10   3
 6 5  1.10755E+00  3.26790E-02  3.26790E-02  3.00000E+00            169.YB 70.  11   5
 6 6  1.00129E-01  3.31306E-02  3.31306E-02  3.00000E+00            169.YB 70.  12   6
 6 7  1.52363E-02  3.41219E-02  3.41219E-02  3.00000E+00            169.YB 70.  13   7
 6 3  2.73519E-01  4.08949E-02  4.08949E-02  3.00000E+00            169.YB 70.  14   3
 6 4  7.71563E-02  4.27600E-02  4.27600E-02  3.00000E+00            169.YB 70.  15   4
 1 4  1.07400E-02  4.59400E-02  4.59400E-02  0.00000E+00            169.YB 70.  16   4
 6 5  3.83823E-02  3.58590E-02  3.58590E-02  4.00000E+00            169.YB 70.  17   5
 6 6  3.46105E-03  3.63106E-02  3.63106E-02  4.00000E+00            169.YB 70.  18   6
 6 7  5.25115E-04  3.73019E-02  3.73019E-02  4.00000E+00            169.YB 70.  19   7
 6 3  9.47488E-03  4.40749E-02  4.40749E-02  4.00000E+00            169.YB 70.  20   3
 6 4  2.67965E-03  4.59400E-02  4.59400E-02  4.00000E+00            169.YB 70.  21   4
 1 5  5.37000E-01  5.06100E-02  5.06100E-02  0.00000E+00            169.YB 70.  22   5
 6 5  1.78018E-01  4.05290E-02  4.05290E-02  5.00000E+00            169.YB 70.  23   5
 6 6  1.00812E+01  4.09806E-02  4.09806E-02  5.00000E+00            169.YB 70.  24   6
 6 7  1.14926E+01  4.19719E-02  4.19719E-02  5.00000E+00            169.YB 70.  25   7
 6 3  5.32362E+00  4.87449E-02  4.87449E-02  5.00000E+00            169.YB 70.  26   3
 6 4  1.39532E+00  5.06100E-02  5.06100E-02  5.00000E+00            169.YB 70.  27   4
 1 6  5.37000E-01  5.08550E-02  5.08550E-02  0.00000E+00            169.YB 70.  28   6
 6 5  1.42390E+00  4.07740E-02  4.07740E-02  6.00000E+00            169.YB 70.  29   5
 6 6  1.27657E-01  4.12256E-02  4.12256E-02  6.00000E+00            169.YB 70.  30   6
 6 7  1.92867E-02  4.22169E-02  4.22169E-02  6.00000E+00            169.YB 70.  31   7
 6 3  3.51229E-01  4.89899E-02  4.89899E-02  6.00000E+00            169.YB 70.  32   3
 6 4  9.94760E-02  5.08550E-02  5.08550E-02  6.00000E+00            169.YB 70.  33   4
 1 7  1.79000E-02  5.15100E-02  5.15100E-02  0.00000E+00            169.YB 70.  34   7
 6 5  5.74517E-03  4.14290E-02  4.14290E-02  7.00000E+00            169.YB 70.  35   5
 6 6  3.08701E-01  4.18806E-02  4.18806E-02  7.00000E+00            169.YB 70.  36   6
 6 7  3.50794E-01  4.28719E-02  4.28719E-02  7.00000E+00            169.YB 70.  37   7
 6 3  1.62851E-01  4.96449E-02  4.96449E-02  7.00000E+00            169.YB 70.  38   3
 6 4  4.26932E-02  5.15100E-02  5.15100E-02  7.00000E+00            169.YB 70.  39   4
 1 8  2.14800E+00  6.30120E-02  6.30120E-02  0.00000E+00            169.YB 70.  40   8
 6 1  2.18985E+01  3.52401E-03  3.52401E-03  8.00000E+00            169.YB 70.  41   1
 6 5  3.03498E+00  5.29310E-02  5.29310E-02  8.00000E+00            169.YB 70.  42   5
 6 6  2.69416E-01  5.33826E-02  5.33826E-02  8.00000E+00            169.YB 70.  43   6
 6 7  4.02630E-02  5.43739E-02  5.43739E-02  8.00000E+00            169.YB 70.  44   7
 6 3  7.48951E-01  6.11469E-02  6.11469E-02  8.00000E+00            169.YB 70.  45   3
 6 4  2.11746E-01  6.30120E-02  6.30120E-02  8.00000E+00            169.YB 70.  46   4
 1 9  4.42130E+01  6.31208E-02  6.31208E-02  0.00000E+00            169.YB 70.  47   9
 6 1  3.97720E+01  3.63278E-03  3.63278E-03  9.00000E+00            169.YB 70.  48   1
 6 5  3.93321E+00  5.30398E-02  5.30398E-02  9.00000E+00            169.YB 70.  49   5
 6 6  1.45266E+00  5.34914E-02  5.34914E-02  9.00000E+00            169.YB 70.  50   6
 6 7  1.82446E+00  5.44827E-02  5.44827E-02  9.00000E+00            169.YB 70.  51   7
 6 3  1.61722E+00  6.12557E-02  6.12557E-02  9.00000E+00            169.YB 70.  52   3
 6 4  4.34903E-01  6.31208E-02  6.31208E-02  9.00000E+00            169.YB 70.  53   4
 110  1.03820E-02  6.58600E-02  6.58600E-02  0.00000E+00            169.YB 70.  54  10
 6 1  9.33922E-02  6.37200E-03  6.37200E-03  1.00000E+01            169.YB 70.  55   1
 6 5  1.28832E-02  5.57790E-02  5.57790E-02  1.00000E+01            169.YB 70.  56   5
 6 6  1.14171E-03  5.62306E-02  5.62306E-02  1.00000E+01            169.YB 70.  57   6
 6 7  1.70227E-04  5.72219E-02  5.72219E-02  1.00000E+01            169.YB 70.  58   7
 6 3  3.18059E-03  6.39949E-02  6.39949E-02  1.00000E+01            169.YB 70.  59   3
 6 4  8.98353E-04  6.58600E-02  6.58600E-02  1.00000E+01            169.YB 70.  60   4
 111  3.58000E-03  7.20280E-02  7.20280E-02  0.00000E+00            169.YB 70.  61  11
 6 1  2.30685E-03  1.25400E-02  1.25400E-02  1.10000E+01            169.YB 70.  62   1
 6 5  2.32173E-04  6.19470E-02  6.19470E-02  1.10000E+01            169.YB 70.  63   5
 6 6  7.71056E-05  6.23986E-02  6.23986E-02  1.10000E+01            169.YB 70.  64   6
 6 7  9.49158E-05  6.33899E-02  6.33899E-02  1.10000E+01            169.YB 70.  65   7
 6 3  9.04919E-05  7.01629E-02  7.01629E-02  1.10000E+01            169.YB 70.  66   3
 6 4  2.44423E-05  7.20280E-02  7.20280E-02  1.10000E+01            169.YB 70.  67   4
 112  2.86400E-03  8.50930E-02  8.50930E-02  0.00000E+00            169.YB 70.  68  12
 6 1  4.16629E-03  2.56050E-02  2.56050E-02  1.20000E+01            169.YB 70.  69   1
 6 5  3.99518E-04  7.50120E-02  7.50120E-02  1.20000E+01            169.YB 70.  70   5
 6 6  4.57768E-03  7.54636E-02  7.54636E-02  1.20000E+01            169.YB 70.  71   6
 6 7  4.60460E-03  7.64549E-02  7.64549E-02  1.20000E+01            169.YB 70.  72   7
 6 3  2.35225E-03  8.32279E-02  8.32279E-02  1.20000E+01            169.YB 70.  73   3
 6 4  6.20091E-04  8.50930E-02  8.50930E-02  1.20000E+01            169.YB 70.  74   4
 113  2.60624E+00  9.36151E-02  9.36151E-02  0.00000E+00            169.YB 70.  75  13
 6 1  8.31583E+00  3.41271E-02  3.41271E-02  1.30000E+01            169.YB 70.  76   1
 6 5  1.14305E+00  8.35341E-02  8.35341E-02  1.30000E+01            169.YB 70.  77   5
 6 6  1.79295E-01  8.39857E-02  8.39857E-02  1.30000E+01            169.YB 70.  78   6
 6 7  9.36559E-02  8.49770E-02  8.49770E-02  1.30000E+01            169.YB 70.  79   7
 6 3  3.20013E-01  9.17500E-02  9.17500E-02  1.30000E+01            169.YB 70.  80   3
 6 4  8.94995E-02  9.36151E-02  9.36151E-02  1.30000E+01            169.YB 70.  81   4
 114  2.14800E-03  9.57040E-02  9.57040E-02  0.00000E+00            169.YB 70.  82  14
 6 1  2.46112E-03  3.62160E-02  3.62160E-02  1.40000E+01            169.YB 70.  83   1
 6 5  2.35079E-04  8.56230E-02  8.56230E-02  1.40000E+01            169.YB 70.  84   5
 6 6  1.98546E-03  8.60746E-02  8.60746E-02  1.40000E+01            169.YB 70.  85   6
 6 7  1.92947E-03  8.70659E-02  8.70659E-02  1.40000E+01            169.YB 70.  86   7
 6 3  1.01803E-03  9.38389E-02  9.38389E-02  1.40000E+01            169.YB 70.  87   3
 6 4  2.68771E-04  9.57040E-02  9.57040E-02  1.40000E+01            169.YB 70.  88   4
 115  2.14800E-03  9.58540E-02  9.58540E-02  0.00000E+00            169.YB 70.  89  15
 6 1  6.64146E-04  3.63660E-02  3.63660E-02  1.50000E+01            169.YB 70.  90   1
 6 5  6.91858E-05  8.57730E-02  8.57730E-02  1.50000E+01            169.YB 70.  91   5
 6 6  1.84428E-05  8.62246E-02  8.62246E-02  1.50000E+01            169.YB 70.  92   6
 6 7  2.17609E-05  8.72159E-02  8.72159E-02  1.50000E+01            169.YB 70.  93   7
 6 3  2.44244E-05  9.39889E-02  9.39889E-02  1.50000E+01            169.YB 70.  94   3
 6 4  6.65800E-06  9.58540E-02  9.58540E-02  1.50000E+01            169.YB 70.  95   4
 116  1.79000E-03  9.80050E-02  9.80050E-02  0.00000E+00            169.YB 70.  96  16
 6 1  5.22483E-04  3.85170E-02  3.85170E-02  1.60000E+01            169.YB 70.  97   1
 6 5  5.45708E-05  8.79240E-02  8.79240E-02  1.60000E+01            169.YB 70.  98   5
 6 6  1.43075E-05  8.83756E-02  8.83756E-02  1.60000E+01            169.YB 70.  99   6
 6 7  1.68238E-05  8.93669E-02  8.93669E-02  1.60000E+01            169.YB 70. 100   7
 6 3  1.91388E-05  9.61399E-02  9.61399E-02  1.60000E+01            169.YB 70. 101   3
 6 4  5.21934E-06  9.80050E-02  9.80050E-02  1.60000E+01            169.YB 70. 102   4
 117  7.16000E-03  1.01405E-01  1.01405E-01  0.00000E+00            169.YB 70. 103  17
 6 1  1.84928E-02  4.19170E-02  4.19170E-02  1.70000E+01            169.YB 70. 104   1
 6 5  2.55182E-03  9.13240E-02  9.13240E-02  1.70000E+01            169.YB 70. 105   5
 6 6  2.19892E-04  9.17756E-02  9.17756E-02  1.70000E+01            169.YB 70. 106   6
 6 7  3.19243E-05  9.27669E-02  9.27669E-02  1.70000E+01            169.YB 70. 107   7
 6 3  6.25504E-04  9.95399E-02  9.95399E-02  1.70000E+01            169.YB 70. 108   3
 6 4  1.76663E-04  1.01405E-01  1.01405E-01  1.70000E+01            169.YB 70. 109   4
 118  2.57760E-03  1.05190E-01  1.05190E-01  0.00000E+00            169.YB 70. 110  18
 6 1  6.25762E-04  4.57020E-02  4.57020E-02  1.80000E+01            169.YB 70. 111   1
 6 5  6.59129E-05  9.51090E-02  9.51090E-02  1.80000E+01            169.YB 70. 112   5
 6 6  1.63980E-05  9.55606E-02  9.55606E-02  1.80000E+01            169.YB 70. 113   6
 6 7  1.90745E-05  9.65519E-02  9.65519E-02  1.80000E+01            169.YB 70. 114   7
 6 3  2.26372E-05  1.03325E-01  1.03325E-01  1.80000E+01            169.YB 70. 115   3
 6 4  6.18467E-06  1.05190E-01  1.05190E-01  1.80000E+01            169.YB 70. 116   4
 119  1.74704E+01  1.09780E-01  1.09780E-01  0.00000E+00            169.YB 70. 117  19
 6 1  3.52825E+01  5.02919E-02  5.02919E-02  1.90000E+01            169.YB 70. 118   1
 6 5  4.86351E+00  9.96989E-02  9.96989E-02  1.90000E+01            169.YB 70. 119   5
 6 6  6.40305E-01  1.00151E-01  1.00151E-01  1.90000E+01            169.YB 70. 120   6
 6 7  2.71000E-01  1.01142E-01  1.01142E-01  1.90000E+01            169.YB 70. 121   7
 6 3  1.29837E+00  1.07915E-01  1.07915E-01  1.90000E+01            169.YB 70. 122   3
 6 4  3.64772E-01  1.09780E-01  1.09780E-01  1.90000E+01            169.YB 70. 123   4
 120  1.07400E-02  1.13620E-01  1.13620E-01  0.00000E+00            169.YB 70. 124  20
 6 1  1.99825E-02  5.41320E-02  5.41320E-02  2.00000E+01            169.YB 70. 125   1
 6 5  2.76190E-03  1.03539E-01  1.03539E-01  2.00000E+01            169.YB 70. 126   5
 6 6  2.36004E-04  1.03991E-01  1.03991E-01  2.00000E+01            169.YB 70. 127   6
 6 7  3.40167E-05  1.04982E-01  1.04982E-01  2.00000E+01            169.YB 70. 128   7
 6 3  6.76227E-04  1.11755E-01  1.11755E-01  2.00000E+01            169.YB 70. 129   3
 6 4  1.91082E-04  1.13620E-01  1.13620E-01  2.00000E+01            169.YB 70. 130   4
 121  8.59200E-03  1.13976E-01  1.13976E-01  0.00000E+00            169.YB 70. 131  21
 6 1  1.69122E-03  5.44880E-02  5.44880E-02  2.10000E+01            169.YB 70. 132   1
 6 5  1.79848E-04  1.03895E-01  1.03895E-01  2.10000E+01            169.YB 70. 133   5
 6 6  4.21965E-05  1.04347E-01  1.04347E-01  2.10000E+01            169.YB 70. 134   6
 6 7  4.84911E-05  1.05338E-01  1.05338E-01  2.10000E+01            169.YB 70. 135   7
 6 3  6.03689E-05  1.12111E-01  1.12111E-01  2.10000E+01            169.YB 70. 136   3
 6 4  1.65316E-05  1.13976E-01  1.13976E-01  2.10000E+01            169.YB 70. 137   4
 122  3.97380E-02  1.17377E-01  1.17377E-01  0.00000E+00            169.YB 70. 138  22
 6 1  6.75997E-02  5.78890E-02  5.78890E-02  2.20000E+01            169.YB 70. 139   1
 6 5  9.31157E-03  1.07296E-01  1.07296E-01  2.20000E+01            169.YB 70. 140   5
 6 6  7.93580E-04  1.07748E-01  1.07748E-01  2.20000E+01            169.YB 70. 141   6
 6 7  1.14154E-04  1.08739E-01  1.08739E-01  2.20000E+01            169.YB 70. 142   7
 6 3  2.27920E-03  1.15512E-01  1.15512E-01  2.20000E+01            169.YB 70. 143   3
 6 4  6.44045E-04  1.17377E-01  1.17377E-01  2.20000E+01            169.YB 70. 144   4
 123  1.86876E+00  1.18190E-01  1.18190E-01  0.00000E+00            169.YB 70. 145  23
 6 1  1.30172E+00  5.87022E-02  5.87022E-02  2.30000E+01            169.YB 70. 146   1
 6 5  1.26725E-01  1.08109E-01  1.08109E-01  2.30000E+01            169.YB 70. 147   5
 6 6  6.51927E-01  1.08561E-01  1.08561E-01  2.30000E+01            169.YB 70. 148   6
 6 7  5.93012E-01  1.09552E-01  1.09552E-01  2.30000E+01            169.YB 70. 149   7
 6 3  3.35159E-01  1.16325E-01  1.16325E-01  2.30000E+01            169.YB 70. 150   3
 6 4  8.88216E-02  1.18190E-01  1.18190E-01  2.30000E+01            169.YB 70. 151   4
 124  5.37000E-01  1.29942E-01  1.29942E-01  0.00000E+00            169.YB 70. 152  24
 6 1  6.88818E-01  7.04540E-02  7.04540E-02  2.40000E+01            169.YB 70. 153   1
 6 5  9.42548E-02  1.19861E-01  1.19861E-01  2.40000E+01            169.YB 70. 154   5
 6 6  7.95584E-03  1.20313E-01  1.20313E-01  2.40000E+01            169.YB 70. 155   6
 6 7  1.13740E-03  1.21304E-01  1.21304E-01  2.40000E+01            169.YB 70. 156   7
 6 3  2.30372E-02  1.28077E-01  1.28077E-01  2.40000E+01            169.YB 70. 157   3
 6 4  6.50657E-03  1.29942E-01  1.29942E-01  2.40000E+01            169.YB 70. 158   4
 125  1.13128E+01  1.30524E-01  1.30524E-01  0.00000E+00            169.YB 70. 159  25
 6 1  6.08106E+00  7.10357E-02  7.10357E-02  2.50000E+01            169.YB 70. 160   1
 6 5  6.03766E-01  1.20443E-01  1.20443E-01  2.50000E+01            169.YB 70. 161   5
 6 6  2.50705E+00  1.20894E-01  1.20894E-01  2.50000E+01            169.YB 70. 162   6
 6 7  2.20832E+00  1.21886E-01  1.21886E-01  2.50000E+01            169.YB 70. 163   7
 6 3  1.29566E+00  1.28659E-01  1.28659E-01  2.50000E+01            169.YB 70. 164   3
 6 4  3.44076E-01  1.30524E-01  1.30524E-01  2.50000E+01            169.YB 70. 165   4
 126  9.98820E-03  1.56725E-01  1.56725E-01  0.00000E+00            169.YB 70. 166  26
 6 1  8.51966E-04  9.72370E-02  9.72370E-02  2.60000E+01            169.YB 70. 167   1
 6 5  9.40691E-05  1.46644E-01  1.46644E-01  2.60000E+01            169.YB 70. 168   5
 6 6  1.76229E-05  1.47096E-01  1.47096E-01  2.60000E+01            169.YB 70. 169   6
 6 7  1.93214E-05  1.48087E-01  1.48087E-01  2.60000E+01            169.YB 70. 170   7
 6 3  2.92639E-05  1.54860E-01  1.54860E-01  2.60000E+01            169.YB 70. 171   3
 6 4  8.05796E-06  1.56725E-01  1.56725E-01  2.60000E+01            169.YB 70. 172   4
 127  2.86400E-03  1.73879E-01  1.73879E-01  0.00000E+00            169.YB 70. 173  27
 6 1  1.60218E-03  1.14391E-01  1.14391E-01  2.70000E+01            169.YB 70. 174   1
 6 5  2.20667E-04  1.63798E-01  1.63798E-01  2.70000E+01            169.YB 70. 175   5
 6 6  1.81064E-05  1.64250E-01  1.64250E-01  2.70000E+01            169.YB 70. 176   6
 6 7  2.54892E-06  1.65241E-01  1.65241E-01  2.70000E+01            169.YB 70. 177   7
 6 3  5.36802E-05  1.72014E-01  1.72014E-01  2.70000E+01            169.YB 70. 178   3
 6 4  1.52022E-05  1.73879E-01  1.73879E-01  2.70000E+01            169.YB 70. 179   4
 128  2.21602E+01  1.77214E-01  1.77214E-01  0.00000E+00            169.YB 70. 180  28
 6 1  1.07052E+01  1.17726E-01  1.17726E-01  2.80000E+01            169.YB 70. 181   1
 6 5  1.44793E+00  1.67133E-01  1.67133E-01  2.80000E+01            169.YB 70. 182   5
 6 6  3.08004E-01  1.67585E-01  1.67585E-01  2.80000E+01            169.YB 70. 183   6
 6 7  1.70309E-01  1.68576E-01  1.68576E-01  2.80000E+01            169.YB 70. 184   7
 6 3  4.36906E-01  1.75349E-01  1.75349E-01  2.80000E+01            169.YB 70. 185   3
 6 4  1.22056E-01  1.77214E-01  1.77214E-01  2.80000E+01            169.YB 70. 186   4
 129  7.41060E-03  1.93150E-01  1.93150E-01  0.00000E+00            169.YB 70. 187  29
 6 1  3.07649E-03  1.33662E-01  1.33662E-01  2.90000E+01            169.YB 70. 188   1
 6 5  4.22075E-04  1.83069E-01  1.83069E-01  2.90000E+01            169.YB 70. 189   5
 6 6  3.72113E-05  1.83521E-01  1.83521E-01  2.90000E+01            169.YB 70. 190   6
 6 7  7.13114E-06  1.84512E-01  1.84512E-01  2.90000E+01            169.YB 70. 191   7
 6 3  1.03938E-04  1.91285E-01  1.91285E-01  2.90000E+01            169.YB 70. 192   3
 6 4  2.94394E-05  1.93150E-01  1.93150E-01  2.90000E+01            169.YB 70. 193   4
 130  3.58000E+01  1.97958E-01  1.97958E-01  0.00000E+00            169.YB 70. 194  30
 6 1  1.31495E+01  1.38470E-01  1.38470E-01  3.00000E+01            169.YB 70. 195   1
 6 5  1.78749E+00  1.87877E-01  1.87877E-01  3.00000E+01            169.YB 70. 196   5
 6 6  2.66265E-01  1.88329E-01  1.88329E-01  3.00000E+01            169.YB 70. 197   6
 6 7  1.15304E-01  1.89320E-01  1.89320E-01  3.00000E+01            169.YB 70. 198   7
 6 3  4.88544E-01  1.96093E-01  1.96093E-01  3.00000E+01            169.YB 70. 199   3
 6 4  1.37270E-01  1.97958E-01  1.97958E-01  3.00000E+01            169.YB 70. 200   4
 131  3.22200E-02  1.99772E-01  1.99772E-01  0.00000E+00            169.YB 70. 201  31
 6 1  5.27777E-03  1.40284E-01  1.40284E-01  3.10000E+01            169.YB 70. 202   1
 6 5  5.74722E-04  1.89691E-01  1.89691E-01  3.10000E+01            169.YB 70. 203   5
 6 6  1.06114E-03  1.90143E-01  1.90143E-01  3.10000E+01            169.YB 70. 204   6
 6 7  7.96710E-04  1.91134E-01  1.91134E-01  3.10000E+01            169.YB 70. 205   7
 6 3  5.86043E-04  1.97907E-01  1.97907E-01  3.10000E+01            169.YB 70. 206   3
 6 4  1.56950E-04  1.99772E-01  1.99772E-01  3.10000E+01            169.YB 70. 207   4
 132  4.08120E-03  2.05990E-01  2.05990E-01  0.00000E+00            169.YB 70. 208  32
 6 1  1.71020E-04  1.46502E-01  1.46502E-01  3.20000E+01            169.YB 70. 209   1
 6 5  1.95430E-05  1.95909E-01  1.95909E-01  3.20000E+01            169.YB 70. 210   5
 6 6  3.02257E-06  1.96361E-01  1.96361E-01  3.20000E+01            169.YB 70. 211   6
 6 7  3.19003E-06  1.97352E-01  1.97352E-01  3.20000E+01            169.YB 70. 212   7
 6 3  5.72320E-06  2.04125E-01  2.04125E-01  3.20000E+01            169.YB 70. 213   3
 6 4  1.58541E-06  2.05990E-01  2.05990E-01  3.20000E+01            169.YB 70. 214   4
 133  2.89980E-03  2.13936E-01  2.13936E-01  0.00000E+00            169.YB 70. 215  33
 6 1  3.89782E-04  1.54448E-01  1.54448E-01  3.30000E+01            169.YB 70. 216   1
 6 5  4.31091E-05  2.03855E-01  2.03855E-01  3.30000E+01            169.YB 70. 217   5
 6 6  7.07493E-05  2.04307E-01  2.04307E-01  3.30000E+01            169.YB 70. 218   6
 6 7  5.16783E-05  2.05298E-01  2.05298E-01  3.30000E+01            169.YB 70. 219   7
 6 3  3.97967E-05  2.12071E-01  2.12071E-01  3.30000E+01            169.YB 70. 220   3
 6 4  1.06777E-05  2.13936E-01  2.13936E-01  3.30000E+01            169.YB 70. 221   4
 134  2.50600E-04  2.26300E-01  2.26300E-01  0.00000E+00            169.YB 70. 222  34
 6 1  8.25475E-06  1.66812E-01  1.66812E-01  3.40000E+01            169.YB 70. 223   1
 6 5  9.51418E-07  2.16219E-01  2.16219E-01  3.40000E+01            169.YB 70. 224   5
 6 6  1.38035E-07  2.16671E-01  2.16671E-01  3.40000E+01            169.YB 70. 225   6
 6 7  1.43973E-07  2.17662E-01  2.17662E-01  3.40000E+01            169.YB 70. 226   7
 6 3  2.74117E-07  2.24435E-01  2.24435E-01  3.40000E+01            169.YB 70. 227   3
 6 4  7.60043E-08  2.26300E-01  2.26300E-01  3.40000E+01            169.YB 70. 228   4
 135  3.93800E-04  2.28710E-01  2.28710E-01  0.00000E+00            169.YB 70. 229  35
 6 1  4.36616E-05  1.69222E-01  1.69222E-01  3.50000E+01            169.YB 70. 230   1
 6 5  4.90081E-06  2.18629E-01  2.18629E-01  3.50000E+01            169.YB 70. 231   5
 6 6  7.18720E-06  2.19081E-01  2.19081E-01  3.50000E+01            169.YB 70. 232   6
 6 7  5.10965E-06  2.20072E-01  2.20072E-01  3.50000E+01            169.YB 70. 233   7
 6 3  4.12425E-06  2.26845E-01  2.26845E-01  3.50000E+01            169.YB 70. 234   3
 6 4  1.10879E-06  2.28710E-01  2.28710E-01  3.50000E+01            169.YB 70. 235   4
 136  1.13844E-01  2.40332E-01  2.40332E-01  0.00000E+00            169.YB 70. 236  36
 6 1  1.24676E-02  1.80844E-01  1.80844E-01  3.60000E+01            169.YB 70. 237   1
 6 5  1.97268E-03  2.30251E-01  2.30251E-01  3.60000E+01            169.YB 70. 238   5
 6 6  2.49405E-04  2.30703E-01  2.30703E-01  3.60000E+01            169.YB 70. 239   6
 6 7  1.86376E-04  2.31694E-01  2.31694E-01  3.60000E+01            169.YB 70. 240   7
 6 3  5.57022E-04  2.38467E-01  2.38467E-01  3.60000E+01            169.YB 70. 241   3
 6 4  1.57134E-04  2.40332E-01  2.40332E-01  3.60000E+01            169.YB 70. 242   4
 137  1.71482E+00  2.61079E-01  2.61079E-01  0.00000E+00            169.YB 70. 243  37
 6 1  4.56106E-02  2.01591E-01  2.01591E-01  3.70000E+01            169.YB 70. 244   1
 6 5  5.65242E-03  2.50998E-01  2.50998E-01  3.70000E+01            169.YB 70. 245   5
 6 6  7.34010E-04  2.51449E-01  2.51449E-01  3.70000E+01            169.YB 70. 246   6
 6 7  6.99165E-04  2.52441E-01  2.52441E-01  3.70000E+01            169.YB 70. 247   7
 6 3  1.58874E-03  2.59214E-01  2.59214E-01  3.70000E+01            169.YB 70. 248   3
 6 4  4.42730E-04  2.61079E-01  2.61079E-01  3.70000E+01            169.YB 70. 249   4
 138  4.29600E-03  2.91190E-01  2.91190E-01  0.00000E+00            169.YB 70. 250  38
 6 1  7.51895E-05  2.31702E-01  2.31702E-01  3.80000E+01            169.YB 70. 251   1
 6 5  8.86159E-06  2.81109E-01  2.81109E-01  3.80000E+01            169.YB 70. 252   5
 6 6  1.07877E-06  2.81561E-01  2.81561E-01  3.80000E+01            169.YB 70. 253   6
 6 7  1.09472E-06  2.82552E-01  2.82552E-01  3.80000E+01            169.YB 70. 254   7
 6 3  2.44802E-06  2.89325E-01  2.89325E-01  3.80000E+01            169.YB 70. 255   3
 6 4  6.81407E-07  2.91190E-01  2.91190E-01  3.80000E+01            169.YB 70. 256   4
 139  9.66600E-04  2.94540E-01  2.94540E-01  0.00000E+00            169.YB 70. 257  39
 6 1  1.27894E-04  2.35052E-01  2.35052E-01  3.90000E+01            169.YB 70. 258   1
 6 5  1.74995E-05  2.84459E-01  2.84459E-01  3.90000E+01            169.YB 70. 259   5
 6 6  1.32556E-06  2.84911E-01  2.84911E-01  3.90000E+01            169.YB 70. 260   6
 6 7  1.84047E-07  2.85902E-01  2.85902E-01  3.90000E+01            169.YB 70. 261   7
 6 3  4.22731E-06  2.92675E-01  2.92675E-01  3.90000E+01            169.YB 70. 262   3
 6 4  1.19551E-06  2.94540E-01  2.94540E-01  3.90000E+01            169.YB 70. 263   4
 140  4.65400E-03  3.01732E-01  3.01732E-01  0.00000E+00            169.YB 70. 264  40
 6 1  5.77220E-04  2.42244E-01  2.42244E-01  4.00000E+01            169.YB 70. 265   1
 6 5  7.89759E-05  2.91651E-01  2.91651E-01  4.00000E+01            169.YB 70. 266   5
 6 6  5.95352E-06  2.92103E-01  2.92103E-01  4.00000E+01            169.YB 70. 267   6
 6 7  8.26621E-07  2.93094E-01  2.93094E-01  4.00000E+01            169.YB 70. 268   7
 6 3  1.90610E-05  2.99867E-01  2.99867E-01  4.00000E+01            169.YB 70. 269   3
 6 4  5.39124E-06  3.01732E-01  3.01732E-01  4.00000E+01            169.YB 70. 270   4
 141  1.79000E-01  3.06830E-01  3.06830E-01  0.00000E+00            169.YB 70. 271  41
 6 1  2.75577E-03  2.47342E-01  2.47342E-01  4.10000E+01            169.YB 70. 272   1
 6 5  3.26106E-04  2.96749E-01  2.96749E-01  4.10000E+01            169.YB 70. 273   5
 6 6  3.82697E-05  2.97201E-01  2.97201E-01  4.10000E+01            169.YB 70. 274   6
 6 7  3.86326E-05  2.98192E-01  2.98192E-01  4.10000E+01            169.YB 70. 275   7
 6 3  8.93699E-05  3.04965E-01  3.04965E-01  4.10000E+01            169.YB 70. 276   3
 6 4  2.48960E-05  3.06830E-01  3.06830E-01  4.10000E+01            169.YB 70. 277   4
 142  5.01200E-01  3.07520E-01  3.07520E-01  0.00000E+00            169.YB 70. 278  42
 6 1  2.42038E-02  2.48032E-01  2.48032E-01  4.20000E+01            169.YB 70. 279   1
 6 5  2.87126E-03  2.97439E-01  2.97439E-01  4.20000E+01            169.YB 70. 280   5
 6 6  2.59198E-03  2.97891E-01  2.97891E-01  4.20000E+01            169.YB 70. 281   6
 6 7  1.63058E-03  2.98882E-01  2.98882E-01  4.20000E+01            169.YB 70. 282   7
 6 3  1.67454E-03  3.05655E-01  3.05655E-01  4.20000E+01            169.YB 70. 283   3
 6 4  4.54311E-04  3.07520E-01  3.07520E-01  4.20000E+01            169.YB 70. 284   4
 143  1.00526E+01  3.07738E-01  3.07738E-01  0.00000E+00            169.YB 70. 285  43
 6 1  4.84515E-01  2.48250E-01  2.48250E-01  4.30000E+01            169.YB 70. 286   1
 6 5  5.74841E-02  2.97657E-01  2.97657E-01  4.30000E+01            169.YB 70. 287   5
 6 6  5.18339E-02  2.98108E-01  2.98108E-01  4.30000E+01            169.YB 70. 288   6
 6 7  3.25984E-02  2.99100E-01  2.99100E-01  4.30000E+01            169.YB 70. 289   7
 6 3  3.34989E-02  3.05873E-01  3.05873E-01  4.30000E+01            169.YB 70. 290   3
 6 4  9.08863E-03  3.07738E-01  3.07738E-01  4.30000E+01            169.YB 70. 291   4
 144  1.79000E-03  3.33965E-01  3.33965E-01  0.00000E+00            169.YB 70. 292  44
 6 1  2.24451E-05  2.74477E-01  2.74477E-01  4.40000E+01            169.YB 70. 293   1
 6 5  2.67245E-06  3.23884E-01  3.23884E-01  4.40000E+01            169.YB 70. 294   5
 6 6  2.95558E-07  3.24336E-01  3.24336E-01  4.40000E+01            169.YB 70. 295   6
 6 7  2.95788E-07  3.25327E-01  3.25327E-01  4.40000E+01            169.YB 70. 296   7
 6 3  7.23301E-07  3.32100E-01  3.32100E-01  4.40000E+01            169.YB 70. 297   3
 6 4  2.01755E-07  3.33965E-01  3.33965E-01  4.40000E+01            169.YB 70. 298   4
 145  9.09320E-03  3.36620E-01  3.36620E-01  0.00000E+00            169.YB 70. 299  45
 6 1  1.11874E-04  2.77132E-01  2.77132E-01  4.50000E+01            169.YB 70. 300   1
 6 5  1.33278E-05  3.26539E-01  3.26539E-01  4.50000E+01            169.YB 70. 301   5
 6 6  1.46584E-06  3.26991E-01  3.26991E-01  4.50000E+01            169.YB 70. 302   6
 6 7  1.46577E-06  3.27982E-01  3.27982E-01  4.50000E+01            169.YB 70. 303   7
 6 3  3.60307E-06  3.34755E-01  3.34755E-01  4.50000E+01            169.YB 70. 304   3
 6 4  1.00515E-06  3.36620E-01  3.36620E-01  4.50000E+01            169.YB 70. 305   4
 146  1.40336E-04  3.56740E-01  3.56740E-01  0.00000E+00            169.YB 70. 306  46
 6 1  1.50454E-06  2.97252E-01  2.97252E-01  4.60000E+01            169.YB 70. 307   1
 6 5  1.79901E-07  3.46659E-01  3.46659E-01  4.60000E+01            169.YB 70. 308   5
 6 6  1.89860E-08  3.47111E-01  3.47111E-01  4.60000E+01            169.YB 70. 309   6
 6 7  1.88720E-08  3.48102E-01  3.48102E-01  4.60000E+01            169.YB 70. 310   7
 6 3  4.82362E-08  3.54875E-01  3.54875E-01  4.60000E+01            169.YB 70. 311   3
 6 4  1.34693E-08  3.56740E-01  3.56740E-01  4.60000E+01            169.YB 70. 312   4
 147  7.19580E-03  3.70856E-01  3.70856E-01  0.00000E+00            169.YB 70. 313  47
 6 1  1.78939E-03  3.11368E-01  3.11368E-01  4.70000E+01            169.YB 70. 314   1
 6 5  2.83923E-04  3.60775E-01  3.60775E-01  4.70000E+01            169.YB 70. 315   5
 6 6  3.28714E-05  3.61227E-01  3.61227E-01  4.70000E+01            169.YB 70. 316   6
 6 7  1.37496E-05  3.62218E-01  3.62218E-01  4.70000E+01            169.YB 70. 317   7
 6 3  7.58021E-05  3.68991E-01  3.68991E-01  4.70000E+01            169.YB 70. 318   3
 6 4  2.14387E-05  3.70856E-01  3.70856E-01  4.70000E+01            169.YB 70. 319   4
 148  1.21720E-03  3.79286E-01  3.79286E-01  0.00000E+00            169.YB 70. 320  48
 6 1  9.24737E-05  3.19798E-01  3.19798E-01  4.80000E+01            169.YB 70. 321   1
 6 5  1.26069E-05  3.69205E-01  3.69205E-01  4.80000E+01            169.YB 70. 322   5
 6 6  2.54380E-05  3.69657E-01  3.69657E-01  4.80000E+01            169.YB 70. 323   6
 6 7  1.07469E-05  3.70648E-01  3.70648E-01  4.80000E+01            169.YB 70. 324   7
 6 3  1.19295E-05  3.77421E-01  3.77421E-01  4.80000E+01            169.YB 70. 325   3
 6 4  3.22195E-06  3.79286E-01  3.79286E-01  4.80000E+01            169.YB 70. 326   4
 149  3.40100E-04  3.86673E-01  3.86673E-01  0.00000E+00            169.YB 70. 327  49
 6 1  1.57282E-05  3.27185E-01  3.27185E-01  4.90000E+01            169.YB 70. 328   1
 6 5  2.14286E-06  3.76592E-01  3.76592E-01  4.90000E+01            169.YB 70. 329   5
 6 6  1.53487E-07  3.77044E-01  3.77044E-01  4.90000E+01            169.YB 70. 330   6
 6 7  2.13881E-08  3.78035E-01  3.78035E-01  4.90000E+01            169.YB 70. 331   7
 6 3  5.13978E-07  3.84808E-01  3.84808E-01  4.90000E+01            169.YB 70. 332   3
 6 4  1.45631E-07  3.86673E-01  3.86673E-01  4.90000E+01            169.YB 70. 333   4
 150  1.64680E-05  4.52620E-01  4.52620E-01  0.00000E+00            169.YB 70. 334  50
 6 1  4.14396E-07  3.93132E-01  3.93132E-01  5.00000E+01            169.YB 70. 335   1
 6 5  5.41121E-08  4.42539E-01  4.42539E-01  5.00000E+01            169.YB 70. 336   5
 6 6  1.41833E-08  4.42991E-01  4.42991E-01  5.00000E+01            169.YB 70. 337   6
 6 7  6.79344E-09  4.43982E-01  4.43982E-01  5.00000E+01            169.YB 70. 338   7
 6 3  1.70479E-08  4.50755E-01  4.50755E-01  5.00000E+01            169.YB 70. 339   3
 6 4  4.75728E-09  4.52620E-01  4.52620E-01  5.00000E+01            169.YB 70. 340   4
 151  3.58000E-06  4.64720E-01  4.64720E-01  0.00000E+00            169.YB 70. 341  51
 6 1  1.42607E-07  4.05232E-01  4.05232E-01  5.10000E+01            169.YB 70. 342   1
 6 5  1.93471E-08  4.54639E-01  4.54639E-01  5.10000E+01            169.YB 70. 343   5
 6 6  1.32834E-09  4.55091E-01  4.55091E-01  5.10000E+01            169.YB 70. 344   6
 6 7  1.86868E-10  4.56082E-01  4.56082E-01  5.10000E+01            169.YB 70. 345   7
 6 3  4.62497E-09  4.62855E-01  4.62855E-01  5.10000E+01            169.YB 70. 346   3
 6 4  1.31181E-09  4.64720E-01  4.64720E-01  5.10000E+01            169.YB 70. 347   4
 152  1.89740E-04  4.65657E-01  4.65657E-01  0.00000E+00            169.YB 70. 348  52
 6 1  7.51894E-06  4.06169E-01  4.06169E-01  5.20000E+01            169.YB 70. 349   1
 6 5  1.02003E-06  4.55576E-01  4.55576E-01  5.20000E+01            169.YB 70. 350   5
 6 6  6.99988E-08  4.56028E-01  4.56028E-01  5.20000E+01            169.YB 70. 351   6
 6 7  9.84873E-09  4.57019E-01  4.57019E-01  5.20000E+01            169.YB 70. 352   7
 6 3  2.43832E-07  4.63792E-01  4.63792E-01  5.20000E+01            169.YB 70. 353   3
 6 4  6.91602E-08  4.65657E-01  4.65657E-01  5.20000E+01            169.YB 70. 354   4
 153  1.93320E-05  4.66562E-01  4.66562E-01  0.00000E+00            169.YB 70. 355  53
 6 1  1.11813E-07  4.07074E-01  4.07074E-01  5.30000E+01            169.YB 70. 356   1
 6 5  1.35692E-08  4.56481E-01  4.56481E-01  5.30000E+01            169.YB 70. 357   5
 6 6  1.18167E-09  4.56933E-01  4.56933E-01  5.30000E+01            169.YB 70. 358   6
 6 7  1.14709E-09  4.57924E-01  4.57924E-01  5.30000E+01            169.YB 70. 359   7
 6 3  3.51439E-09  4.64697E-01  4.64697E-01  5.30000E+01            169.YB 70. 360   3
 6 4  9.84711E-10  4.66562E-01  4.66562E-01  5.30000E+01            169.YB 70. 361   4
 154  1.93320E-04  4.74973E-01  4.74973E-01  0.00000E+00            169.YB 70. 362  54
 6 1  1.07458E-06  4.15485E-01  4.15485E-01  5.40000E+01            169.YB 70. 363   1
 6 5  1.30529E-07  4.64892E-01  4.64892E-01  5.40000E+01            169.YB 70. 364   5
 6 6  1.12207E-08  4.65344E-01  4.65344E-01  5.40000E+01            169.YB 70. 365   6
 6 7  1.08780E-08  4.66335E-01  4.66335E-01  5.40000E+01            169.YB 70. 366   7
 6 3  3.37323E-08  4.73108E-01  4.73108E-01  5.40000E+01            169.YB 70. 367   3
 6 4  9.45148E-09  4.74973E-01  4.74973E-01  5.40000E+01            169.YB 70. 368   4
 155  1.48570E-03  4.94360E-01  4.94360E-01  0.00000E+00            169.YB 70. 369  55
 6 1  5.04504E-05  4.34872E-01  4.34872E-01  5.50000E+01            169.YB 70. 370   1
 6 5  6.83964E-06  4.84279E-01  4.84279E-01  5.50000E+01            169.YB 70. 371   5
 6 6  4.62410E-07  4.84731E-01  4.84731E-01  5.50000E+01            169.YB 70. 372   6
 6 7  6.53542E-08  4.85722E-01  4.85722E-01  5.50000E+01            169.YB 70. 373   7
 6 3  1.63339E-06  4.92495E-01  4.92495E-01  5.50000E+01            169.YB 70. 374   3
 6 4  4.63129E-07  4.94360E-01  4.94360E-01  5.50000E+01            169.YB 70. 375   4
 156  8.80680E-06  5.00350E-01  5.00350E-01  0.00000E+00            169.YB 70. 376  56
 6 1  2.89926E-07  4.40862E-01  4.40862E-01  5.60000E+01            169.YB 70. 377   1
 6 5  3.93002E-08  4.90269E-01  4.90269E-01  5.60000E+01            169.YB 70. 378   5
 6 6  2.64882E-09  4.90721E-01  4.90721E-01  5.60000E+01            169.YB 70. 379   6
 6 7  3.74755E-10  4.91712E-01  4.91712E-01  5.60000E+01            169.YB 70. 380   7
 6 3  9.38352E-09  4.98485E-01  4.98485E-01  5.60000E+01            169.YB 70. 381   3
 6 4  2.66042E-09  5.00350E-01  5.00350E-01  5.60000E+01            169.YB 70. 382   4
 157  1.46780E-06  5.07800E-01  5.07800E-01  0.00000E+00            169.YB 70. 383  57
 6 1  7.04145E-09  4.48312E-01  4.48312E-01  5.70000E+01            169.YB 70. 384   1
 6 5  8.58069E-10  4.97719E-01  4.97719E-01  5.70000E+01            169.YB 70. 385   5
 6 6  7.02529E-11  4.98171E-01  4.98171E-01  5.70000E+01            169.YB 70. 386   6
 6 7  6.78097E-11  4.99162E-01  4.99162E-01  5.70000E+01            169.YB 70. 387   7
 6 3  2.20001E-10  5.05935E-01  5.05935E-01  5.70000E+01            169.YB 70. 388   3
 6 4  6.16513E-11  5.07800E-01  5.07800E-01  5.70000E+01            169.YB 70. 389   4
 158  4.13848E-03  5.15104E-01  5.15104E-01  0.00000E+00            169.YB 70. 390  58
 6 1  1.26438E-04  4.55616E-01  4.55616E-01  5.80000E+01            169.YB 70. 391   1
 6 5  1.71333E-05  5.05023E-01  5.05023E-01  5.80000E+01            169.YB 70. 392   5
 6 6  1.14612E-06  5.05475E-01  5.05475E-01  5.80000E+01            169.YB 70. 393   6
 6 7  1.62585E-07  5.06466E-01  5.06466E-01  5.80000E+01            169.YB 70. 394   7
 6 3  4.08890E-06  5.13239E-01  5.13239E-01  5.80000E+01            169.YB 70. 395   3
 6 4  1.15909E-06  5.15104E-01  5.15104E-01  5.80000E+01            169.YB 70. 396   4
 159  1.75420E-04  5.28572E-01  5.28572E-01  0.00000E+00            169.YB 70. 397  59
 6 1  7.71221E-07  4.69084E-01  4.69084E-01  5.90000E+01            169.YB 70. 398   1
 6 5  9.41499E-08  5.18491E-01  5.18491E-01  5.90000E+01            169.YB 70. 399   5
 6 6  7.48481E-09  5.18943E-01  5.18943E-01  5.90000E+01            169.YB 70. 400   6
 6 7  7.20824E-09  5.19934E-01  5.19934E-01  5.90000E+01            169.YB 70. 401   7
 6 3  2.40286E-08  5.26707E-01  5.26707E-01  5.90000E+01            169.YB 70. 402   3
 6 4  6.73383E-09  5.28572E-01  5.28572E-01  5.90000E+01            169.YB 70. 403   4
 160  1.46780E-06  5.46160E-01  5.46160E-01  0.00000E+00            169.YB 70. 404  60
 6 1  3.86010E-08  4.86672E-01  4.86672E-01  6.00000E+01            169.YB 70. 405   1
 6 5  5.22738E-09  5.36079E-01  5.36079E-01  6.00000E+01            169.YB 70. 406   5
 6 6  3.44268E-10  5.36531E-01  5.36531E-01  6.00000E+01            169.YB 70. 407   6
 6 7  4.91374E-11  5.37522E-01  5.37522E-01  6.00000E+01            169.YB 70. 408   7
 6 3  1.24633E-09  5.44295E-01  5.44295E-01  6.00000E+01            169.YB 70. 409   3
 6 4  3.53166E-10  5.46160E-01  5.46160E-01  6.00000E+01            169.YB 70. 410   4
 161  1.18140E-04  5.62413E-01  5.62413E-01  0.00000E+00            169.YB 70. 411  61
 6 1  2.13641E-06  5.02925E-01  5.02925E-01  6.10000E+01            169.YB 70. 412   1
 6 5  2.84621E-07  5.52332E-01  5.52332E-01  6.10000E+01            169.YB 70. 413   5
 6 6  3.82731E-08  5.52784E-01  5.52784E-01  6.10000E+01            169.YB 70. 414   6
 6 7  1.39622E-08  5.53775E-01  5.53775E-01  6.10000E+01            169.YB 70. 415   7
 6 3  7.54246E-08  5.60548E-01  5.60548E-01  6.10000E+01            169.YB 70. 416   3
 6 4  2.12214E-08  5.62413E-01  5.62413E-01  6.10000E+01            169.YB 70. 417   4
 162  1.25300E-04  5.70890E-01  5.70890E-01  0.00000E+00            169.YB 70. 418  62
 6 1  2.28023E-06  5.11402E-01  5.11402E-01  6.20000E+01            169.YB 70. 419   1
 6 5  3.04594E-07  5.60809E-01  5.60809E-01  6.20000E+01            169.YB 70. 420   5
 6 6  3.69313E-08  5.61261E-01  5.61261E-01  6.20000E+01            169.YB 70. 421   6
 6 7  1.26476E-08  5.62252E-01  5.62252E-01  6.20000E+01            169.YB 70. 422   7
 6 3  7.91702E-08  5.69025E-01  5.69025E-01  6.20000E+01            169.YB 70. 423   3
 6 4  2.22989E-08  5.70890E-01  5.70890E-01  6.20000E+01            169.YB 70. 424   4
 163  1.91888E-03  5.79854E-01  5.79854E-01  0.00000E+00            169.YB 70. 425  63
 6 1  4.33236E-05  5.20366E-01  5.20366E-01  6.30000E+01            169.YB 70. 426   1
 6 5  5.86326E-06  5.69773E-01  5.69773E-01  6.30000E+01            169.YB 70. 427   5
 6 6  3.79788E-07  5.70225E-01  5.70225E-01  6.30000E+01            169.YB 70. 428   6
 6 7  5.46113E-08  5.71216E-01  5.71216E-01  6.30000E+01            169.YB 70. 429   7
 6 3  1.39654E-06  5.77989E-01  5.77989E-01  6.30000E+01            169.YB 70. 430   3
 6 4  3.95565E-07  5.79854E-01  5.79854E-01  6.30000E+01            169.YB 70. 431   4
 164  1.13128E-03  6.00607E-01  6.00607E-01  0.00000E+00            169.YB 70. 432  64
 6 1  2.33605E-05  5.41119E-01  5.41119E-01  6.40000E+01            169.YB 70. 433   1
 6 5  3.16036E-06  5.90526E-01  5.90526E-01  6.40000E+01            169.YB 70. 434   5
 6 6  2.02660E-07  5.90978E-01  5.90978E-01  6.40000E+01            169.YB 70. 435   6
 6 7  2.92858E-08  5.91969E-01  5.91969E-01  6.40000E+01            169.YB 70. 436   7
 6 3  7.52293E-07  5.98742E-01  5.98742E-01  6.40000E+01            169.YB 70. 437   3
 6 4  2.13033E-07  6.00607E-01  6.00607E-01  6.40000E+01            169.YB 70. 438   4
 165  4.90460E-03  6.24885E-01  6.24885E-01  0.00000E+00            169.YB 70. 439  65
 6 1  9.16156E-05  5.65397E-01  5.65397E-01  6.50000E+01            169.YB 70. 440   1
 6 5  1.23892E-05  6.14804E-01  6.14804E-01  6.50000E+01            169.YB 70. 441   5
 6 6  7.85272E-07  6.15256E-01  6.15256E-01  6.50000E+01            169.YB 70. 442   6
 6 7  1.14175E-07  6.16247E-01  6.16247E-01  6.50000E+01            169.YB 70. 443   7
 6 3  2.94704E-06  6.23020E-01  6.23020E-01  6.50000E+01            169.YB 70. 444   3
 6 4  8.34323E-07  6.24885E-01  6.24885E-01  6.50000E+01            169.YB 70. 445   4
 166  6.87360E-06  6.33320E-01  6.33320E-01  0.00000E+00            169.YB 70. 446  66
 6 1  5.37695E-08  5.73832E-01  5.73832E-01  6.60000E+01            169.YB 70. 447   1
 6 5  6.86016E-09  6.23239E-01  6.23239E-01  6.60000E+01            169.YB 70. 448   5
 6 6  2.00613E-09  6.23691E-01  6.23691E-01  6.60000E+01            169.YB 70. 449   6
 6 7  9.52178E-10  6.24682E-01  6.24682E-01  6.60000E+01            169.YB 70. 450   7
 6 3  2.23522E-09  6.31455E-01  6.31455E-01  6.60000E+01            169.YB 70. 451   3
 6 4  6.20487E-10  6.33320E-01  6.33320E-01  6.60000E+01            169.YB 70. 452   4
 167  7.58960E-05  6.42877E-01  6.42877E-01  0.00000E+00            169.YB 70. 453  67
 6 1  1.31972E-06  5.83389E-01  5.83389E-01  6.70000E+01            169.YB 70. 454   1
 6 5  1.78410E-07  6.32796E-01  6.32796E-01  6.70000E+01            169.YB 70. 455   5
 6 6  1.12123E-08  6.33248E-01  6.33248E-01  6.70000E+01            169.YB 70. 456   6
 6 7  1.63802E-09  6.34239E-01  6.34239E-01  6.70000E+01            169.YB 70. 457   7
 6 3  4.24167E-08  6.41012E-01  6.41012E-01  6.70000E+01            169.YB 70. 458   3
 6 4  1.20064E-08  6.42877E-01  6.42877E-01  6.70000E+01            169.YB 70. 459   4
 168  1.89024E-04  6.63603E-01  6.63603E-01  0.00000E+00            169.YB 70. 460  68
 6 1  3.03462E-06  6.04115E-01  6.04115E-01  6.80000E+01            169.YB 70. 461   1
 6 5  4.10094E-07  6.53522E-01  6.53522E-01  6.80000E+01            169.YB 70. 462   5
 6 6  2.55232E-08  6.53974E-01  6.53974E-01  6.80000E+01            169.YB 70. 463   6
 6 7  3.75009E-09  6.54965E-01  6.54965E-01  6.80000E+01            169.YB 70. 464   7
 6 3  9.74403E-08  6.61738E-01  6.61738E-01  6.80000E+01            169.YB 70. 465   3
 6 4  2.75765E-08  6.63603E-01  6.63603E-01  6.80000E+01            169.YB 70. 466   4
 169  8.66360E-06  6.93460E-01  6.93460E-01  0.00000E+00            169.YB 70. 467  69
 6 1  1.24563E-07  6.33972E-01  6.33972E-01  6.90000E+01            169.YB 70. 468   1
 6 5  1.68228E-08  6.83379E-01  6.83379E-01  6.90000E+01            169.YB 70. 469   5
 6 6  1.03243E-09  6.83831E-01  6.83831E-01  6.90000E+01            169.YB 70. 470   6
 6 7  1.53023E-10  6.84822E-01  6.84822E-01  6.90000E+01            169.YB 70. 471   7
 6 3  3.99326E-09  6.91595E-01  6.91595E-01  6.90000E+01            169.YB 70. 472   3
 6 4  1.13005E-09  6.93460E-01  6.93460E-01  6.90000E+01            169.YB 70. 473   4
 170  3.11460E-05  7.10358E-01  7.10358E-01  0.00000E+00            169.YB 70. 474  70
 6 1  1.88680E-07  6.50870E-01  6.50870E-01  7.00000E+01            169.YB 70. 475   1
 6 5  2.41615E-08  7.00277E-01  7.00277E-01  7.00000E+01            169.YB 70. 476   5
 6 6  5.94051E-09  7.00729E-01  7.00729E-01  7.00000E+01            169.YB 70. 477   6
 6 7  2.72234E-09  7.01720E-01  7.01720E-01  7.00000E+01            169.YB 70. 478   7
 6 3  7.44142E-09  7.08493E-01  7.08493E-01  7.00000E+01            169.YB 70. 479   3
 6 4  2.06900E-09  7.10358E-01  7.10358E-01  7.00000E+01            169.YB 70. 480   4
 171  1.82580E-06  7.39420E-01  7.39420E-01  0.00000E+00            169.YB 70. 481  71
 6 1  2.23725E-08  6.79932E-01  6.79932E-01  7.10000E+01            169.YB 70. 482   1
 6 5  3.01799E-09  7.29339E-01  7.29339E-01  7.10000E+01            169.YB 70. 483   5
 6 6  1.81277E-10  7.29791E-01  7.29791E-01  7.10000E+01            169.YB 70. 484   6
 6 7  2.72588E-11  7.30782E-01  7.30782E-01  7.10000E+01            169.YB 70. 485   7
 6 3  7.15175E-10  7.37555E-01  7.37555E-01  7.10000E+01            169.YB 70. 486   3
 6 4  2.02434E-10  7.39420E-01  7.39420E-01  7.10000E+01            169.YB 70. 487   4
 172  8.23400E-07  7.60240E-01  7.60240E-01  0.00000E+00            169.YB 70. 488  72
 6 1  9.41769E-09  7.00752E-01  7.00752E-01  7.20000E+01            169.YB 70. 489   1
 6 5  1.26976E-09  7.50159E-01  7.50159E-01  7.20000E+01            169.YB 70. 490   5
 6 6  7.55438E-11  7.50611E-01  7.50611E-01  7.20000E+01            169.YB 70. 491   6
 6 7  1.14374E-11  7.51602E-01  7.51602E-01  7.20000E+01            169.YB 70. 492   7
 6 3  3.00670E-10  7.58375E-01  7.58375E-01  7.20000E+01            169.YB 70. 493   3
 6 4  8.51170E-11  7.60240E-01  7.60240E-01  7.20000E+01            169.YB 70. 494   4
 173  2.06924E-04  7.73390E-01  7.73390E-01  0.00000E+00            169.YB 70. 495  73
 6 1  2.26828E-06  7.13902E-01  7.13902E-01  7.30000E+01            169.YB 70. 496   1
 6 5  3.05725E-07  7.63309E-01  7.63309E-01  7.30000E+01            169.YB 70. 497   5
 6 6  1.80807E-08  7.63761E-01  7.63761E-01  7.30000E+01            169.YB 70. 498   6
 6 7  2.74950E-09  7.64752E-01  7.64752E-01  7.30000E+01            169.YB 70. 499   7
 6 3  7.23595E-08  7.71525E-01  7.71525E-01  7.30000E+01            169.YB 70. 500   3
 6 4  2.04861E-08  7.73390E-01  7.73390E-01  7.30000E+01            169.YB 70. 501   4
 174  3.00720E-06  7.81640E-01  7.81640E-01  0.00000E+00            169.YB 70. 502  74
 6 1  1.48148E-08  7.22152E-01  7.22152E-01  7.40000E+01            169.YB 70. 503   1
 6 5  1.90147E-09  7.71559E-01  7.71559E-01  7.40000E+01            169.YB 70. 504   5
 6 6  4.05224E-10  7.72011E-01  7.72011E-01  7.40000E+01            169.YB 70. 505   6
 6 7  1.80841E-10  7.73002E-01  7.73002E-01  7.40000E+01            169.YB 70. 506   7
 6 3  5.61870E-10  7.79775E-01  7.79775E-01  7.40000E+01            169.YB 70. 507   3
 6 4  1.56532E-10  7.81640E-01  7.81640E-01  7.40000E+01            169.YB 70. 508   4
 2 1  5.95352E+01  4.98586E-02  4.98586E-02  0.00000E+00            169.YB 70. 509   1
 2 2  1.05249E+02  5.08500E-02  5.08500E-02  0.00000E+00            169.YB 70. 510   2
 2 3  1.10288E+01  5.74128E-02  5.74128E-02  0.00000E+00            169.YB 70. 511   3
 2 4  2.13153E+01  5.76229E-02  5.76229E-02  0.00000E+00            169.YB 70. 512   4
 2 5  2.02290E-01  5.79720E-02  5.79720E-02  0.00000E+00            169.YB 70. 513   5
 2 6  2.61060E-01  5.80182E-02  5.80182E-02  0.00000E+00            169.YB 70. 514   6
 2 7  2.44815E+00  5.91167E-02  5.91167E-02  0.00000E+00            169.YB 70. 515   7
 2 8  4.73491E+00  5.91642E-02  5.91642E-02  0.00000E+00            169.YB 70. 516   8
 2 9  4.63927E-02  5.93009E-02  5.93009E-02  0.00000E+00            169.YB 70. 517   9
 210  5.95352E-02  5.93096E-02  5.93096E-02  0.00000E+00            169.YB 70. 518  10
 211  5.47686E-01  5.94525E-02  5.94525E-02  0.00000E+00            169.YB 70. 519  11
 212  1.13559E+00  5.94584E-02  5.94584E-02  0.00000E+00            169.YB 70. 520  12
 221  7.84096E-04  4.51600E-04  4.51600E-04  0.00000E+00            169.YB 70. 521  21
 222  5.89975E-02  1.44290E-03  1.44290E-03  0.00000E+00            169.YB 70. 522  22
 223  1.25572E+00  8.00581E-03  8.00581E-03  0.00000E+00            169.YB 70. 523  23
 224  1.68608E+00  8.21590E-03  8.21590E-03  0.00000E+00            169.YB 70. 524  24
 225  3.14130E-02  8.56499E-03  8.56499E-03  0.00000E+00            169.YB 70. 525  25
 226  4.70292E-02  8.61120E-03  8.61120E-03  0.00000E+00            169.YB 70. 526  26
 227  3.00752E-01  9.70962E-03  9.70962E-03  0.00000E+00            169.YB 70. 527  27
 228  4.22916E-01  9.75713E-03  9.75713E-03  0.00000E+00            169.YB 70. 528  28
 229  4.28094E-03  9.89404E-03  9.89404E-03  0.00000E+00            169.YB 70. 529  29
 230  6.62979E-03  9.90266E-03  9.90266E-03  0.00000E+00            169.YB 70. 530  30
 231  3.96146E-02  1.00454E-02  1.00454E-02  0.00000E+00            169.YB 70. 531  31
 232  5.33724E-02  1.00514E-02  1.00514E-02  0.00000E+00            169.YB 70. 532  32
 241  1.26819E-04  9.91300E-04  9.91300E-04  0.00000E+00            169.YB 70. 533  41
 242  5.41052E-01  7.35200E-03  7.35200E-03  0.00000E+00            169.YB 70. 534  42
 243  1.36184E-02  7.76430E-03  7.76430E-03  0.00000E+00            169.YB 70. 535  43
 244  1.74929E+01  8.11340E-03  8.11340E-03  0.00000E+00            169.YB 70. 536  44
 245  1.18608E-01  9.17565E-03  9.17565E-03  0.00000E+00            169.YB 70. 537  45
 246  3.31128E-03  9.30554E-03  9.30554E-03  0.00000E+00            169.YB 70. 538  46
 247  3.10690E+00  9.44243E-03  9.44243E-03  0.00000E+00            169.YB 70. 539  47
 248  5.16429E-03  9.61838E-03  9.61838E-03  0.00000E+00            169.YB 70. 540  48
 249  2.15900E-02  9.57110E-03  9.57110E-03  0.00000E+00            169.YB 70. 541  49
 250  7.31498E-04  9.59987E-03  9.59987E-03  0.00000E+00            169.YB 70. 542  50
 261  1.80813E+00  6.36071E-03  6.36071E-03  0.00000E+00            169.YB 70. 543  61
 262  1.36827E-02  6.56291E-03  6.56291E-03  0.00000E+00            169.YB 70. 544  62
 263  1.24377E-02  6.77299E-03  6.77299E-03  0.00000E+00            169.YB 70. 545  63
 264  2.82744E+00  7.12210E-03  7.12210E-03  0.00000E+00            169.YB 70. 546  64
 265  2.49690E+01  7.16830E-03  7.16830E-03  0.00000E+00            169.YB 70. 547  65
 266  2.86733E-01  8.18437E-03  8.18437E-03  0.00000E+00            169.YB 70. 548  66
 267  2.53960E-03  8.26673E-03  8.26673E-03  0.00000E+00            169.YB 70. 549  67
 268  2.46970E-03  8.31422E-03  8.31422E-03  0.00000E+00            169.YB 70. 550  68
 269  4.75542E-01  8.45117E-03  8.45117E-03  0.00000E+00            169.YB 70. 551  69
 270  4.25261E+00  8.45978E-03  8.45978E-03  0.00000E+00            169.YB 70. 552  70
 271  1.33240E-03  8.62707E-03  8.62707E-03  0.00000E+00            169.YB 70. 553  71
 272  7.48117E-03  8.62835E-03  8.62835E-03  0.00000E+00            169.YB 70. 554  72
 273  5.57392E-02  8.57983E-03  8.57983E-03  0.00000E+00            169.YB 70. 555  73
 274  5.69246E-04  8.60253E-03  8.60253E-03  0.00000E+00            169.YB 70. 556  74
 275  5.03338E-04  8.60856E-03  8.60856E-03  0.00000E+00            169.YB 70. 557  75
 291  7.75722E+00  1.44232E-03  1.44232E-03  0.00000E+00            169.YB 70. 558  91
 292  2.05540E-01  1.94795E-04  1.94795E-04  0.00000E+00            169.YB 70. 559  92
 293  1.33798E-04  2.75799E-05  2.75799E-05  0.00000E+00            169.YB 70. 560  93
 294  3.03784E+03  1.34758E-05  1.34758E-05  0.00000E+00            169.YB 70. 561  94
 7 1  7.50386E+00  4.07026E-02  4.07026E-02  0.00000E+00            169.YB 70. 562   1
 7 2  3.81648E+00  4.84128E-02  4.84128E-02  0.00000E+00            169.YB 70. 563   2
 7 3  4.66307E-01  5.61325E-02  5.61325E-02  0.00000E+00            169.YB 70. 564   3
 7 4  3.46564E+01  8.38226E-04  8.38226E-04  0.00000E+00            169.YB 70. 565   4
 7 5  1.44633E+02  5.65299E-03  5.65299E-03  0.00000E+00            169.YB 70. 566   5
 7 6  5.18847E+01  7.08778E-03  7.08778E-03  0.00000E+00            169.YB 70. 567   6
 7 7  4.71702E+00  8.55433E-03  8.55433E-03  0.00000E+00            169.YB 70. 568   7
 7 8  2.80965E+02  2.54481E-04  2.54481E-04  0.00000E+00            169.YB 70. 569   8
 7 9  4.94644E+02  1.20298E-03  1.20298E-03  0.00000E+00            169.YB 70. 570   9
 710  2.42364E+01  1.39157E-03  1.39157E-03  0.00000E+00            169.YB 70. 571  10
 711  1.49704E+00  1.58491E-03  1.58491E-03  0.00000E+00            169.YB 70. 572  11
 712  1.35854E+03  1.47722E-04  1.47722E-04  0.00000E+00            169.YB 70. 573  12
 713  4.52381E+01  2.31193E-04  2.31193E-04  0.00000E+00            169.YB 70. 574  13
 714  1.44959E+02  2.06752E-05  2.06752E-05  0.00000E+00            169.YB 70. 575  14
 715  1.09658E+00  4.71999E-05  4.71999E-05  0.00000E+00            169.YB 70. 576  15
%%%% 169 YB  70    EC           2.76705E+06 32.026 D   02-11-2005       SEEIEND 
 


   ***************************************************** 
   *                 Radiation Summary                 * 
   ***************************************************** 
 
  Energy released by
    Gamma-ray                       (MeV) =   2.17599E-01
    X-ray                           (MeV) =   1.12142E-01
    Free-bound X-ray                (MeV) =   4.09373E-04
    Annihilation photon             (MeV) =   0.00000E+00
    Beta+ particle                  (MeV) =   0.00000E+00
    Neutrino                        (MeV) =   4.68396E-01
    Beta- particle                  (MeV) =   0.00000E+00
    Neutrino-                       (MeV) =   0.00000E+00
    Internal conv. electron         (MeV) =   1.20256E-01
    Auger and CK electron           (MeV) =   2.68797E-02
    Alpha particle                  (MeV) =   0.00000E+00
    Recoil nucleus                  (MeV) =   0.00000E+00
  E-total (except unplaced radiat.) (MeV) =   9.45683E-01
  E-unplaced radiation              (MeV) =   0.00000E+00
  Q-value from ENSDF data           (MeV) =   9.08000E-01
  Ratio of E-total/Q-value          ( % ) =   1.04150E+02
  Ratio of E-unplaced radi./Q-value ( % ) =   0.00000E+00

 
  Total yield of
    Gamma-ray                             =   1.52757E+00
    X-ray                                 =   2.74455E+00
    Free-bound X-ray                      =   3.03784E+01
    Annihilation photon                   =   0.00000E+00
    Beta+ particle                        =   0.00000E+00
    Beta- particle                        =   0.00000E+00
    Internal conv. electron               =   3.13618E+00
    Auger and CK electron                 =   2.59885E+01
    Alpha particle                        =   0.00000E+00
  Yield of unplaced radiation             =   0.00000E+00


