%%%%  63 ZN  30    EC B+        2.30820E+03 38.47 M    02-11-2005       BALASTAR
1  63   ZN  30 38.47 M         EC B+      
1INTENSITY AND ENERGY BALANCE DATA

              63-ZINC-30
+                                    HALFLIFE = 38.47 MINUTES 
+                                                                  02-11-2005


    LEVEL       INTENSITY   INTENSITY
    ENERGY      ENTERING    LEAVING     PERCENT
    (MEV)       LEVEL       LEVEL       ERROR

   0.0000E+00  1.0004E+02
   6.6962E-01  8.1895E+00  8.2042E+00  1.7911E-01                      
   9.6206E-01  6.4549E+00  6.4796E+00  3.8271E-01                      
   1.3270E+00  6.9713E-02  8.0393E-02  1.4230E+01  ********************
   1.4120E+00  1.0535E+00  1.0500E+00  3.3340E-01                      
   1.5470E+00  1.5821E-01  1.5830E-01  5.7025E-02                      
   1.8613E+00  2.0514E-02  2.6244E-02  2.4512E+01  ********************
   2.0111E+00  1.7509E-02  1.7550E-02  2.3151E-01                      
   2.0622E+00  1.5358E-01  1.5255E-01  6.7328E-01                      
   2.0815E+00  2.6334E-02  2.6248E-02  3.2867E-01                      
   2.0927E+00  3.0374E-02  2.2145E-02  3.1336E+01  ********************
   2.3365E+00  1.2907E-01  1.2605E-01  2.3671E+00                      
   2.4969E+00  2.6014E-02  2.5503E-02  1.9836E+00                      
   2.5120E+00  9.8053E-03  9.8404E-03  3.5715E-01                      
   2.5358E+00  2.6058E-01  2.6057E-01  4.1402E-03                      
   2.6965E+00  1.1906E-01  1.1891E-01  1.2999E-01                      
   2.7167E+00  8.5046E-02  8.5464E-02  4.9076E-01                      
   2.7804E+00  3.0016E-02  2.9634E-02  1.2816E+00                      
   2.8064E+00  5.7031E-03  5.7403E-03  6.5065E-01                      
   2.8577E+00  7.4040E-03  7.3805E-03  3.1839E-01                      
   2.8894E+00  1.1206E-02  1.1153E-02  4.7823E-01                      
   3.0446E+00  4.9027E-03  4.9201E-03  3.5606E-01                      
   3.1007E+00  5.7031E-04  5.7402E-04  6.4795E-01                      


 INTENSITY TO GROUND AND ISOMERIC STATE(S) OF DAUGHTER(S)=  1.000E+02
 TOTAL INTENSITY FROM PARENT=  1.000E+02
 PERCENT ERROR =  3.947E-02                      


 TOTAL INTENSITY FROM PARENT =  1.000E+02
 VALUE IS WITHIN   1.53E-05% OF 100                      


 TOTAL ENERGY AVAILABLE =  3.367E+00 MEV
 TOTAL ENERGY CONTENT OF ALL RADIATIONS =  3.367E+00 MEV
 PERCENT ERROR =  7.598E-03                      
%%%%  63 ZN  30    EC B+        2.30820E+03 38.47 M    02-11-2005       BALAEND 
%%%%  63 ZN  30    EC B+        2.30820E+03 38.47 M    02-11-2005       INPUSTAR
1                                      **INPUT DATA**
              63-ZINC-30
+                                    HALFLIFE = 38.47 MINUTES 
+                                                                  02-11-2005

            MODES OF DECAY: ELECTRON CAPTURE, BETA PLUS
 
                                MEAN
                                NUMBER/    TRANSITION
                TYPE OF    ID   TRANSFOR-  ENERGY
              TRANSITION   NO.  MATION     (MEV)       OTHER NUCLEAR PARAMETERS

           ELECT. CAPTURE   1   5.70E-06   2.662E-01   ALLOWED                                  
           ELECT. CAPTURE   2   4.90E-05   3.223E-01   ALLOWED                                  
           ELECT. CAPTURE   3   1.12E-04   4.775E-01   ALLOWED                                  
           ELECT. CAPTURE   4   7.40E-05   5.092E-01   ALLOWED                                  
           ELECT. CAPTURE   5   5.70E-05   5.605E-01   ALLOWED                                  
           ELECT. CAPTURE   6   3.00E-04   5.865E-01   ALLOWED                                  
           ELECT. CAPTURE   7   8.50E-04   6.502E-01   ALLOWED                                  
           ELECT. CAPTURE   8   1.19E-03   6.704E-01   ALLOWED                                  
           ELECT. CAPTURE   9   2.55E-03   8.311E-01   ALLOWED                                  
           ELECT. CAPTURE  10   9.81E-05   8.549E-01   ALLOWED                                  
+                                                              ASSUMED                          
           ELECT. CAPTURE  11   2.60E-04   8.700E-01   ALLOWED                                  
           ELECT. CAPTURE  12   1.29E-03   1.030E+00   ALLOWED                                  
           ELECT. CAPTURE  13   2.60E-04   1.285E+00   ALLOWED                                  
           ELECT. CAPTURE  14   1.51E-03   1.305E+00   ALLOWED                                  
           ELECT. CAPTURE  15   1.30E-04   1.356E+00   ALLOWED                                  
           ELECT. CAPTURE  16   5.90E-04   1.820E+00   ALLOWED                                  
           ELECT. CAPTURE  17   4.30E-03   1.955E+00   ALLOWED                                  
           ELECT. CAPTURE  18   1.18E-02   2.405E+00   ALLOWED                                  
           ELECT. CAPTURE  19   9.20E-03   2.697E+00   ALLOWED                                  
           ELECT. CAPTURE  20   3.74E-02   3.367E+00   ALLOWED                                  
                BETA PLUS   1   3.20E-06   2.634E-01*  ALLOWED                                  
                BETA PLUS   2   2.50E-05   2.827E-01*  ALLOWED                                  
                BETA PLUS   3   4.00E-06   3.338E-01*  ALLOWED                                  
                BETA PLUS   4   4.00E-04   7.979E-01*  ALLOWED                                  
                BETA PLUS   5   5.00E-03   9.329E-01*  ALLOWED                                  
                BETA PLUS   6   4.90E-02   1.383E+00*  ALLOWED                                  
                BETA PLUS   7   7.00E-02   1.675E+00*  ALLOWED                                  
                BETA PLUS   8   8.03E-01   2.345E+00*  ALLOWED                                  
           I.C.E. + GAMMA   1   5.44E-05   2.443E-01   E2 MULTIPOLE                             
+                                                                    AK= 0.0192                 
                                                       AL1=0.00180                              
           I.C.E. + GAMMA   2   1.15E-04   3.652E-01   M1 MULTIPOLE                             
+                                                                    MRS=0.00360                
                                                       AK= 0.00184                              
           I.C.E. + GAMMA   3   1.64E-04   4.431E-01   M1 MULTIPOLE                             
+                                                                    AK= 0.00117                
           I.C.E. + GAMMA   4   2.36E-03   4.499E-01   M1 MULTIPOLE                             
+                                                                    MRS=0.0132                 
                                                       AK= 0.00115                              
           I.C.E. + GAMMA   5   5.75E-05   4.758E-01   M1 MULTIPOLE                             
           I.C.E. + GAMMA   6   2.13E-04   5.150E-01   M1 MULTIPOLE                             
           I.C.E. + GAMMA   7   4.92E-05   5.338E-01   M1 MULTIPOLE                             
+                                                                    MRS=0.0529                 
           I.C.E. + GAMMA   8   3.28E-04   5.848E-01   M1 MULTIPOLE                             
+                                                                    MRS=0.00250                
           I.C.E. + GAMMA   9   1.40E-04   6.243E-01   E2 MULTIPOLE                             
           I.C.E. + GAMMA  10   8.20E-02   6.696E-01   M1+E2 MULTIPOLE                          
                                                       MRS=0.0108                               
           I.C.E. + GAMMA  11   1.48E-04   6.750E-01   M1 MULTIPOLE                             
           I.C.E. + GAMMA  12   4.10E-05   6.856E-01   M1 MULTIPOLE                             
           I.C.E. + GAMMA  13   6.73E-04   7.423E-01   E2 MULTIPOLE                             
           I.C.E. + GAMMA  14   6.56E-05   7.548E-01   M1 MULTIPOLE                             
+                                                                    MRS=0.160                  
           I.C.E. + GAMMA  15   6.56E-05   7.657E-01   M1 MULTIPOLE                             
+                                                                    MRS=0.0324                 
           I.C.E. + GAMMA  16   3.28E-05   8.772E-01   M1 MULTIPOLE                             
+                                                                    MRS=0.360                  
           I.C.E. + GAMMA  17   1.23E-04   8.990E-01   M1 MULTIPOLE                             
+                                                                    MRS=0.00160                
           I.C.E. + GAMMA  18   9.84E-05   9.243E-01   M1 MULTIPOLE                             
           I.C.E. + GAMMA  19   6.48E-02   9.621E-01   M1+E2 MULTIPOLE                          
                                                       MRS=0.240                                
           I.C.E. + GAMMA  20   3.85E-05   9.896E-01   M1 MULTIPOLE                             
           I.C.E. + GAMMA  21   4.43E-05   1.049E+00   M1 MULTIPOLE                             
+                                                                    MRS=0.0529                 
           I.C.E. + GAMMA  22   1.11E-03   1.124E+00   M1 MULTIPOLE                             
           I.C.E. + GAMMA  23   1.31E-04   1.131E+00   M1 MULTIPOLE                             
+                                                                    MRS=1.12                   
           I.C.E. + GAMMA  24   1.89E-04   1.150E+00   M1 MULTIPOLE                             
           I.C.E. + GAMMA  25   7.71E-05   1.170E+00   M1 MULTIPOLE                             
           I.C.E. + GAMMA  26   1.23E-04   1.209E+00   M1 MULTIPOLE                             
           I.C.E. + GAMMA  27   2.46E-05   1.234E+00   M1 MULTIPOLE                             
           I.C.E. + GAMMA  28   6.89E-04   1.327E+00   E2 MULTIPOLE                             
           I.C.E. + GAMMA  29   2.46E-05   1.342E+00   M1 MULTIPOLE                             
+                                                                    MRS=0.360                  
           I.C.E. + GAMMA  30   3.44E-04   1.374E+00   M1 MULTIPOLE                             
           I.C.E. + GAMMA  31   4.26E-04   1.390E+00   E2 MULTIPOLE                             
           I.C.E. + GAMMA  32   9.68E-04   1.393E+00   M1 MULTIPOLE                             
           I.C.E. + GAMMA  33   7.46E-03   1.412E+00   M1 MULTIPOLE                             
           I.C.E. + GAMMA  34   2.46E-05   1.446E+00   E2 MULTIPOLE                             
           I.C.E. + GAMMA  35   1.64E-05   1.479E+00   E2 MULTIPOLE                             
           I.C.E. + GAMMA  36   1.22E-03   1.547E+00   M1+E2 MULTIPOLE                          
                                                       MRS=0.152                                
           I.C.E. + GAMMA  37   1.64E-04   1.574E+00   M1 MULTIPOLE                             
           I.C.E. + GAMMA  38   1.39E-05   1.667E+00   E2 MULTIPOLE                             
           I.C.E. + GAMMA  39   1.97E-05   1.697E+00   UNPLACED GAMMA                           
           I.C.E. + GAMMA  40   4.35E-05   1.755E+00   M1 MULTIPOLE                             
           I.C.E. + GAMMA  41   4.18E-05   1.827E+00   M1 MULTIPOLE                             
           I.C.E. + GAMMA  42   1.39E-04   1.861E+00   E2 MULTIPOLE                             
           I.C.E. + GAMMA  43   1.97E-04   1.866E+00   E2 MULTIPOLE                             
           I.C.E. + GAMMA  44   5.74E-05   1.927E+00   E2 MULTIPOLE                             
           I.C.E. + GAMMA  45   1.07E-04   2.011E+00   M1 MULTIPOLE                             
           I.C.E. + GAMMA  46   5.58E-04   2.027E+00   M1 MULTIPOLE                             
           I.C.E. + GAMMA  47   3.69E-05   2.046E+00   M1 MULTIPOLE                             
           I.C.E. + GAMMA  48   3.44E-04   2.062E+00   M1 MULTIPOLE                             
           I.C.E. + GAMMA  49   1.48E-04   2.081E+00   M1 MULTIPOLE                             
           I.C.E. + GAMMA  50   2.46E-05   2.093E+00   E2+M3 MULTIPOLE                          
                                                       MRS=0.0100                               
           I.C.E. + GAMMA  51   6.15E-05   2.111E+00   M1 MULTIPOLE                             
           I.C.E. + GAMMA  52   1.31E-05   2.182E+00   UNPLACED GAMMA                           
           I.C.E. + GAMMA  53   1.64E-05   2.188E+00   M1 MULTIPOLE                             
           I.C.E. + GAMMA  54   2.95E-05   2.220E+00   M1 MULTIPOLE                             
           I.C.E. + GAMMA  55   7.46E-04   2.337E+00   M1 MULTIPOLE                             
           I.C.E. + GAMMA  56   2.13E-04   2.497E+00   M1 MULTIPOLE                             
           I.C.E. + GAMMA  57   9.84E-05   2.512E+00   M1 MULTIPOLE ASSUMED                     
           I.C.E. + GAMMA  58   6.64E-04   2.536E+00   M1 MULTIPOLE                             
           I.C.E. + GAMMA  59   4.02E-04   2.697E+00   M1 MULTIPOLE                             
           I.C.E. + GAMMA  60   1.31E-04   2.717E+00   M1 MULTIPOLE                             
           I.C.E. + GAMMA  61   1.56E-04   2.780E+00   M1 MULTIPOLE                             
           I.C.E. + GAMMA  62   4.10E-05   2.807E+00   M1 MULTIPOLE                             
           I.C.E. + GAMMA  63   3.28E-05   2.858E+00   M1 MULTIPOLE                             
           I.C.E. + GAMMA  64   2.46E-05   2.889E+00   M1 MULTIPOLE                             
           I.C.E. + GAMMA  65   4.92E-05   3.045E+00   M1 MULTIPOLE                             
           I.C.E. + GAMMA  66   5.74E-06   3.101E+00   M1 MULTIPOLE                             
 
           * ENDPOINT ENERGY (MEV)
           - - - - - - - - - -
           Reference: Evaluated Nuclear Structure Data File (ENSDF)
                DATE DATA WERE ENTERED INTO ENSDF: Mar-2001
%%%%  63 ZN  30    EC B+        2.30820E+03 38.47 M    02-11-2005       INPUEND 
%%%%  63 ZN  30    EC B+        2.30820E+03 38.47 M    02-11-2005       OUTPSTAR
1                                      **OUTPUT DATA**
              63-ZINC-30
+                                    HALFLIFE = 38.47 MINUTES 
+                                                                  02-11-2005

            MODES OF DECAY: ELECTRON CAPTURE, BETA PLUS
 
                                              MEAN
                                              NUMBER/                  MEV/
                                         ID   TRANSFOR-   ENERGY       TRANSFOR-
                  TYPE OF RADIATION      NO.  MATION      (MEV)        MATION

           BETA PLUS                      5   5.00E-03    4.000E-01*   2.00E-03
           BETA PLUS                      6   4.90E-02    5.998E-01*   2.94E-02
           BETA PLUS                      7   7.00E-02    7.322E-01*   5.13E-02
           BETA PLUS                      8   8.03E-01    1.042E+00*   8.37E-01
           ANNIHILATION RADIATION             1.86E+00    5.110E-01    9.48E-01
           GAMMA-RAY                     10   8.20E-02    6.696E-01    5.49E-02
           GAMMA-RAY                     19   6.48E-02    9.621E-01    6.23E-02
           GAMMA-RAY                     22   1.11E-03    1.124E+00    1.24E-03
           GAMMA-RAY                     32   9.68E-04    1.393E+00    1.35E-03
           GAMMA-RAY                     33   7.46E-03    1.412E+00    1.05E-02
           GAMMA-RAY                     36   1.22E-03    1.547E+00    1.89E-03
           GAMMA-RAY                     46   5.58E-04    2.027E+00    1.13E-03
           GAMMA-RAY                     55   7.46E-04    2.337E+00    1.74E-03
           GAMMA-RAY                     58   6.64E-04    2.536E+00    1.68E-03
 
           ALL LISTED X-RAYS, GAMMA-RAYS AND ANNIHILATION RADIATION    1.09E+00
           ALL NEGLECTED X-RAYS, GAMMA-RAYS AND ANNIH. RADIATION**     1.15E-02
           ALL LISTED BETAS, INTERNAL CONVERSION AND AUGER ELECTRONS   9.20E-01
           ALL NEGLECTED BETAS, INT. CONVERSION AND AUGER ELECTRONS**  5.40E-04
           ALL LISTED RADIATIONS                                       2.01E+00
           ALL NEGLECTED RADIATIONS**                                  1.21E-02
 
           *  AVERAGE ENERGY (MEV)
           ** EACH NEGLECTED TRANSITION CONTRIBUTES LESS THAN  0.100%
              TO THE TOTAL MEV/TRANSFORMATION FOR THIS CATEGORY.
           TOTAL FEEDING OF GROUND STATE LEVEL IN 63-COPPER
             DAUGHTER IS 1.0000E+00 PER TRANSFORMATION OF  63-ZINC.
             THIS DAUGHTER GROUND STATE IS STABLE.
           - - - - - - - - - -
           INPUT DATA SOURCE: EVALUATED NUCLEAR STRUCTURE DATA FILE (ENSDF)
             DATE INPUT DATA WERE ENTERED INTO ENSDF: Mar-2001
%%%%  63 ZN  30    EC B+        2.30820E+03 38.47 M    02-11-2005       OUTPEND 
%%%%  63 ZN  30    EC B+        2.30820E+03 38.47 M    02-11-2005       BETASTAR
1
              63-ZINC-30
+                                    HALFLIFE = 38.47 MINUTES 
+                                                                  02-11-2005

            BETA SPECTRUM DATA FOR ALL DECAY BRANCHES

                      BETAS PER                BETAS PER                BETAS PER
            ENERGY    MEV            ENERGY    MEV            ENERGY    MEV
            (MEV)     PER DECAY      (MEV)     PER DECAY      (MEV)     PER DECAY

            0.00000   0.000E+00      0.00280   3.963E-05      0.08500   1.073E-01
            0.00010   0.000E+00      0.00300   5.523E-05      0.09000   1.149E-01
            0.00011   0.000E+00      0.00320   7.407E-05      0.10000   1.300E-01
            0.00012   2.294E-27      0.00360   1.219E-04      0.11000   1.449E-01
            0.00013   2.546E-26      0.00400   1.836E-04      0.12000   1.596E-01
            0.00014   2.172E-25      0.00450   2.806E-04      0.13000   1.741E-01
            0.00015   1.490E-24      0.00500   3.996E-04      0.14000   1.884E-01
            0.00016   8.509E-24      0.00550   5.403E-04      0.15000   2.025E-01
            0.00018   1.775E-22      0.00600   7.022E-04      0.16000   2.163E-01
            0.00020   2.320E-21      0.00650   8.850E-04      0.18000   2.435E-01
            0.00022   2.119E-20      0.00700   1.088E-03      0.20000   2.698E-01
            0.00024   1.460E-19      0.00750   1.311E-03      0.22000   2.953E-01
            0.00026   8.029E-19      0.00800   1.553E-03      0.24000   3.200E-01
            0.00028   3.676E-18      0.00850   1.814E-03      0.26000   3.440E-01
            0.00030   1.448E-17      0.00900   2.093E-03      0.28000   3.672E-01
            0.00032   5.029E-17      0.01000   2.703E-03      0.30000   3.897E-01
            0.00036   4.506E-16      0.01100   3.379E-03      0.32000   4.113E-01
            0.00040   2.980E-15      0.01200   4.118E-03      0.36000   4.523E-01
            0.00045   2.319E-14      0.01300   4.914E-03      0.40000   4.902E-01
            0.00050   1.399E-13      0.01400   5.765E-03      0.45000   5.330E-01
            0.00055   6.940E-13      0.01500   6.666E-03      0.50000   5.708E-01
            0.00060   2.936E-12      0.01600   7.615E-03      0.55000   6.036E-01
            0.00065   1.084E-11      0.01800   9.640E-03      0.60000   6.312E-01
            0.00070   3.554E-11      0.02000   1.182E-02      0.65000   6.538E-01
            0.00075   1.047E-10      0.02200   1.413E-02      0.70000   6.714E-01
            0.00080   2.800E-10      0.02400   1.655E-02      0.75000   6.841E-01
            0.00085   6.867E-10      0.02600   1.907E-02      0.80000   6.921E-01
            0.00090   1.557E-09      0.02800   2.168E-02      0.85000   6.956E-01
            0.00100   6.517E-09      0.03000   2.436E-02      0.90000   6.948E-01
            0.00110   2.170E-08      0.03200   2.710E-02      1.00000   6.810E-01
            0.00120   6.004E-08      0.03600   3.275E-02      1.10000   6.517E-01
            0.00130   1.431E-07      0.04000   3.856E-02      1.20000   6.094E-01
            0.00140   3.023E-07      0.04500   4.599E-02      1.30000   5.578E-01
            0.00150   5.785E-07      0.05000   5.354E-02      1.40000   5.008E-01
            0.00160   1.021E-06      0.05500   6.118E-02      1.50000   4.387E-01
            0.00180   2.630E-06      0.06000   6.886E-02      1.60000   3.726E-01
            0.00200   5.604E-06      0.06500   7.656E-02      1.80000   2.395E-01
            0.00220   1.041E-05      0.07000   8.427E-02      2.00000   1.138E-01
            0.00240   1.746E-05      0.07500   9.196E-02      2.20000   2.348E-02
            0.00260   2.711E-05      0.08000   9.963E-02      2.34490   0.000E+00

            AVERAGE BETA ENERGY =   9.915E-01

            TOTAL BETAS PER DECAY FOR ALL BRANCHES =   9.279E-01
%%%%  63 ZN  30    EC B+        2.30820E+03 38.47 M    02-11-2005       BETAEND 
%%%%  63 ZN  30    EC B+        2.30820E+03 38.47 M    02-11-2005       SEEISTAR
 63.  ZINC         30.  3.847E+01 MINUTES  363 EC B+                 63.ZN 30.   0
 4 1  3.20174E-04  1.15355E-01  2.63400E-01  0.00000E+00             63.ZN 30.   1   1
 4 2  2.50136E-03  1.23378E-01  2.82700E-01  0.00000E+00             63.ZN 30.   2   2
 4 3  4.00217E-04  1.44634E-01  3.33800E-01  0.00000E+00             63.ZN 30.   3   3
 4 4  4.00217E-02  3.41328E-01  7.97880E-01  0.00000E+00             63.ZN 30.   4   4
 4 5  5.00271E-01  4.00010E-01  9.32870E-01  0.00000E+00             63.ZN 30.   5   5
 4 6  4.90266E+00  5.99765E-01  1.38284E+00  0.00000E+00             63.ZN 30.   6   6
 4 7  7.00380E+00  7.32241E-01  1.67528E+00  0.00000E+00             63.ZN 30.   7   7
 4 8  8.03436E+01  1.04199E+00  2.34490E+00  0.00000E+00             63.ZN 30.   8   8
 3 3  1.85587E+02  5.11000E-01  5.11000E-01  0.00000E+00             63.ZN 30.   9   3
 1 1  5.33000E-03  2.44300E-01  2.44300E-01  0.00000E+00             63.ZN 30.  10   1
 6 1  1.02081E-04  2.35357E-01  2.35357E-01  1.00000E+00             63.ZN 30.  11   1
 6 5  9.60426E-06  2.43214E-01  2.43214E-01  1.00000E+00             63.ZN 30.  12   5
 6 6  5.00508E-07  2.43341E-01  2.43341E-01  1.00000E+00             63.ZN 30.  13   6
 6 7  6.10154E-07  2.43363E-01  2.43363E-01  1.00000E+00             63.ZN 30.  14   7
 1 2  1.14800E-02  3.65200E-01  3.65200E-01  0.00000E+00             63.ZN 30.  15   2
 6 1  2.11398E-05  3.56257E-01  3.56257E-01  2.00000E+00             63.ZN 30.  16   1
 6 5  2.06690E-06  3.64114E-01  3.64114E-01  2.00000E+00             63.ZN 30.  17   5
 6 6  3.61791E-08  3.64242E-01  3.64242E-01  2.00000E+00             63.ZN 30.  18   6
 6 7  1.88009E-08  3.64263E-01  3.64263E-01  2.00000E+00             63.ZN 30.  19   7
 1 3  1.64000E-02  4.43130E-01  4.43130E-01  0.00000E+00             63.ZN 30.  20   3
 6 1  1.91952E-05  4.34187E-01  4.34187E-01  3.00000E+00             63.ZN 30.  21   1
 6 5  1.86903E-06  4.42044E-01  4.42044E-01  3.00000E+00             63.ZN 30.  22   5
 6 6  2.83448E-08  4.42171E-01  4.42171E-01  3.00000E+00             63.ZN 30.  23   6
 6 7  1.51376E-08  4.42193E-01  4.42193E-01  3.00000E+00             63.ZN 30.  24   7
 1 4  2.36160E-01  4.49930E-01  4.49930E-01  0.00000E+00             63.ZN 30.  25   4
 6 1  2.70534E-04  4.40987E-01  4.40987E-01  4.00000E+00             63.ZN 30.  26   1
 6 5  2.63262E-05  4.48844E-01  4.48844E-01  4.00000E+00             63.ZN 30.  27   5
 6 6  4.04530E-07  4.48971E-01  4.48971E-01  4.00000E+00             63.ZN 30.  28   6
 6 7  2.27984E-07  4.48993E-01  4.48993E-01  4.00000E+00             63.ZN 30.  29   7
 1 5  5.74000E-03  4.75800E-01  4.75800E-01  0.00000E+00             63.ZN 30.  30   5
 6 1  5.71134E-06  4.66857E-01  4.66857E-01  5.00000E+00             63.ZN 30.  31   1
 6 5  5.56037E-07  4.74714E-01  4.74714E-01  5.00000E+00             63.ZN 30.  32   5
 6 6  8.00671E-09  4.74841E-01  4.74841E-01  5.00000E+00             63.ZN 30.  33   6
 6 7  4.36574E-09  4.74863E-01  4.74863E-01  5.00000E+00             63.ZN 30.  34   7
 1 6  2.13200E-02  5.15000E-01  5.15000E-01  0.00000E+00             63.ZN 30.  35   6
 6 1  1.77351E-05  5.06057E-01  5.06057E-01  6.00000E+00             63.ZN 30.  36   1
 6 5  1.72742E-06  5.13914E-01  5.13914E-01  6.00000E+00             63.ZN 30.  37   5
 6 6  2.34506E-08  5.14042E-01  5.14042E-01  6.00000E+00             63.ZN 30.  38   6
 6 7  1.31092E-08  5.14063E-01  5.14063E-01  6.00000E+00             63.ZN 30.  39   7
 1 7  4.92000E-03  5.33800E-01  5.33800E-01  0.00000E+00             63.ZN 30.  40   7
 6 1  3.91694E-06  5.24857E-01  5.24857E-01  7.00000E+00             63.ZN 30.  41   1
 6 5  3.81255E-07  5.32714E-01  5.32714E-01  7.00000E+00             63.ZN 30.  42   5
 6 6  5.39921E-09  5.32842E-01  5.32842E-01  7.00000E+00             63.ZN 30.  43   6
 6 7  3.45133E-09  5.32863E-01  5.32863E-01  7.00000E+00             63.ZN 30.  44   7
 1 8  3.28000E-02  5.84820E-01  5.84820E-01  0.00000E+00             63.ZN 30.  45   8
 6 1  2.05807E-05  5.75877E-01  5.75877E-01  8.00000E+00             63.ZN 30.  46   1
 6 5  2.00666E-06  5.83734E-01  5.83734E-01  8.00000E+00             63.ZN 30.  47   5
 6 6  2.48153E-08  5.83862E-01  5.83862E-01  8.00000E+00             63.ZN 30.  48   6
 6 7  1.45803E-08  5.83883E-01  5.83883E-01  8.00000E+00             63.ZN 30.  49   7
 1 9  1.39400E-02  6.24300E-01  6.24300E-01  0.00000E+00             63.ZN 30.  50   9
 6 1  1.16677E-05  6.15357E-01  6.15357E-01  9.00000E+00             63.ZN 30.  51   1
 6 5  1.12563E-06  6.23214E-01  6.23214E-01  9.00000E+00             63.ZN 30.  52   5
 6 6  2.35260E-08  6.23342E-01  6.23342E-01  9.00000E+00             63.ZN 30.  53   6
 6 7  2.50206E-08  6.23363E-01  6.23363E-01  9.00000E+00             63.ZN 30.  54   7
 110  8.20000E+00  6.69620E-01  6.69620E-01  0.00000E+00             63.ZN 30.  55  10
 6 1  3.84017E-03  6.60677E-01  6.60677E-01  1.00000E+01             63.ZN 30.  56   1
 6 5  3.74740E-04  6.68534E-01  6.68534E-01  1.00000E+01             63.ZN 30.  57   5
 6 6  4.20818E-06  6.68662E-01  6.68662E-01  1.00000E+01             63.ZN 30.  58   6
 6 7  2.63943E-06  6.68683E-01  6.68683E-01  1.00000E+01             63.ZN 30.  59   7
 111  1.47600E-02  6.75000E-01  6.75000E-01  0.00000E+00             63.ZN 30.  60  11
 6 1  6.75989E-06  6.66057E-01  6.66057E-01  1.10000E+01             63.ZN 30.  61   1
 6 5  6.59795E-07  6.73914E-01  6.73914E-01  1.10000E+01             63.ZN 30.  62   5
 6 6  7.27899E-09  6.74042E-01  6.74042E-01  1.10000E+01             63.ZN 30.  63   6
 6 7  4.49309E-09  6.74063E-01  6.74063E-01  1.10000E+01             63.ZN 30.  64   7
 112  4.10000E-03  6.85600E-01  6.85600E-01  0.00000E+00             63.ZN 30.  65  12
 6 1  1.81570E-06  6.76657E-01  6.76657E-01  1.20000E+01             63.ZN 30.  66   1
 6 5  1.77230E-07  6.84514E-01  6.84514E-01  1.20000E+01             63.ZN 30.  67   5
 6 6  1.93164E-09  6.84641E-01  6.84641E-01  1.20000E+01             63.ZN 30.  68   6
 6 7  1.19998E-09  6.84663E-01  6.84663E-01  1.20000E+01             63.ZN 30.  69   7
 113  6.72400E-02  7.42250E-01  7.42250E-01  0.00000E+00             63.ZN 30.  70  13
 6 1  3.45835E-05  7.33307E-01  7.33307E-01  1.30000E+01             63.ZN 30.  71   1
 6 5  3.34195E-06  7.41164E-01  7.41164E-01  1.30000E+01             63.ZN 30.  72   5
 6 6  5.79853E-08  7.41292E-01  7.41292E-01  1.30000E+01             63.ZN 30.  73   6
 6 7  6.17001E-08  7.41313E-01  7.41313E-01  1.30000E+01             63.ZN 30.  74   7
 114  6.56000E-03  7.54800E-01  7.54800E-01  0.00000E+00             63.ZN 30.  75  14
 6 1  2.48419E-06  7.45857E-01  7.45857E-01  1.40000E+01             63.ZN 30.  76   1
 6 5  2.42052E-07  7.53714E-01  7.53714E-01  1.40000E+01             63.ZN 30.  77   5
 6 6  2.74463E-09  7.53842E-01  7.53842E-01  1.40000E+01             63.ZN 30.  78   6
 6 7  2.08219E-09  7.53863E-01  7.53863E-01  1.40000E+01             63.ZN 30.  79   7
 115  6.56000E-03  7.65700E-01  7.65700E-01  0.00000E+00             63.ZN 30.  80  15
 6 1  2.32047E-06  7.56757E-01  7.56757E-01  1.50000E+01             63.ZN 30.  81   1
 6 5  2.26391E-07  7.64614E-01  7.64614E-01  1.50000E+01             63.ZN 30.  82   5
 6 6  2.32683E-09  7.64742E-01  7.64742E-01  1.50000E+01             63.ZN 30.  83   6
 6 7  1.58102E-09  7.64763E-01  7.64763E-01  1.50000E+01             63.ZN 30.  84   7
 116  3.28000E-03  8.77200E-01  8.77200E-01  0.00000E+00             63.ZN 30.  85  16
 6 1  9.25220E-07  8.68257E-01  8.68257E-01  1.60000E+01             63.ZN 30.  86   1
 6 5  8.98718E-08  8.76114E-01  8.76114E-01  1.60000E+01             63.ZN 30.  87   5
 6 6  9.57913E-10  8.76242E-01  8.76242E-01  1.60000E+01             63.ZN 30.  88   6
 6 7  8.19569E-10  8.76263E-01  8.76263E-01  1.60000E+01             63.ZN 30.  89   7
 117  1.23000E-02  8.99000E-01  8.99000E-01  0.00000E+00             63.ZN 30.  90  17
 6 1  3.08604E-06  8.90057E-01  8.90057E-01  1.70000E+01             63.ZN 30.  91   1
 6 5  2.99927E-07  8.97914E-01  8.97914E-01  1.70000E+01             63.ZN 30.  92   5
 6 6  2.65061E-09  8.98042E-01  8.98042E-01  1.70000E+01             63.ZN 30.  93   6
 6 7  1.86527E-09  8.98063E-01  8.98063E-01  1.70000E+01             63.ZN 30.  94   7
 118  9.84000E-03  9.24300E-01  9.24300E-01  0.00000E+00             63.ZN 30.  95  18
 6 1  2.33161E-06  9.15357E-01  9.15357E-01  1.80000E+01             63.ZN 30.  96   1
 6 5  2.26508E-07  9.23214E-01  9.23214E-01  1.80000E+01             63.ZN 30.  97   5
 6 6  1.95609E-09  9.23342E-01  9.23342E-01  1.80000E+01             63.ZN 30.  98   6
 6 7  1.39348E-09  9.23363E-01  9.23363E-01  1.80000E+01             63.ZN 30.  99   7
 119  6.47800E+00  9.62060E-01  9.62060E-01  0.00000E+00             63.ZN 30. 100  19
 6 1  1.47290E-03  9.53117E-01  9.53117E-01  1.90000E+01             63.ZN 30. 101   1
 6 5  1.42987E-04  9.60974E-01  9.60974E-01  1.90000E+01             63.ZN 30. 102   5
 6 6  1.34141E-06  9.61102E-01  9.61102E-01  1.90000E+01             63.ZN 30. 103   6
 6 7  1.12737E-06  9.61123E-01  9.61123E-01  1.90000E+01             63.ZN 30. 104   7
 120  3.85400E-03  9.89600E-01  9.89600E-01  0.00000E+00             63.ZN 30. 105  20
 6 1  7.95084E-07  9.80657E-01  9.80657E-01  2.00000E+01             63.ZN 30. 106   1
 6 5  7.71588E-08  9.88514E-01  9.88514E-01  2.00000E+01             63.ZN 30. 107   5
 6 6  6.31170E-10  9.88642E-01  9.88642E-01  2.00000E+01             63.ZN 30. 108   6
 6 7  4.65821E-10  9.88663E-01  9.88663E-01  2.00000E+01             63.ZN 30. 109   7
 121  4.42800E-03  1.04880E+00  1.04880E+00  0.00000E+00             63.ZN 30. 110  21
 6 1  8.19986E-07  1.03986E+00  1.03986E+00  2.10000E+01             63.ZN 30. 111   1
 6 5  7.95169E-08  1.04771E+00  1.04771E+00  2.10000E+01             63.ZN 30. 112   5
 6 6  6.38786E-10  1.04784E+00  1.04784E+00  2.10000E+01             63.ZN 30. 113   6
 6 7  5.05352E-10  1.04786E+00  1.04786E+00  2.10000E+01             63.ZN 30. 114   7
 122  1.10700E-01  1.12372E+00  1.12372E+00  0.00000E+00             63.ZN 30. 115  22
 6 1  1.77231E-05  1.11478E+00  1.11478E+00  2.20000E+01             63.ZN 30. 116   1
 6 5  1.71694E-06  1.12263E+00  1.12263E+00  2.20000E+01             63.ZN 30. 117   5
 6 6  1.26842E-08  1.12276E+00  1.12276E+00  2.20000E+01             63.ZN 30. 118   6
 6 7  1.00405E-08  1.12278E+00  1.12278E+00  2.20000E+01             63.ZN 30. 119   7
 123  1.31200E-02  1.13067E+00  1.13067E+00  0.00000E+00             63.ZN 30. 120  23
 6 1  2.23197E-06  1.12173E+00  1.12173E+00  2.30000E+01             63.ZN 30. 121   1
 6 5  2.16638E-07  1.12958E+00  1.12958E+00  2.30000E+01             63.ZN 30. 122   5
 6 6  1.99675E-09  1.12971E+00  1.12971E+00  2.30000E+01             63.ZN 30. 123   6
 6 7  2.02139E-09  1.12973E+00  1.12973E+00  2.30000E+01             63.ZN 30. 124   7
 124  1.88600E-02  1.14950E+00  1.14950E+00  0.00000E+00             63.ZN 30. 125  24
 6 1  2.88764E-06  1.14056E+00  1.14056E+00  2.40000E+01             63.ZN 30. 126   1
 6 5  2.79668E-07  1.14841E+00  1.14841E+00  2.40000E+01             63.ZN 30. 127   5
 6 6  2.02860E-09  1.14854E+00  1.14854E+00  2.40000E+01             63.ZN 30. 128   6
 6 7  1.62694E-09  1.14856E+00  1.14856E+00  2.40000E+01             63.ZN 30. 129   7
 125  7.70800E-03  1.16960E+00  1.16960E+00  0.00000E+00             63.ZN 30. 130  25
 6 1  1.14071E-06  1.16066E+00  1.16066E+00  2.50000E+01             63.ZN 30. 131   1
 6 5  1.10457E-07  1.16851E+00  1.16851E+00  2.50000E+01             63.ZN 30. 132   5
 6 6  7.90052E-10  1.16864E+00  1.16864E+00  2.50000E+01             63.ZN 30. 133   6
 6 7  6.40067E-10  1.16866E+00  1.16866E+00  2.50000E+01             63.ZN 30. 134   7
 126  1.23000E-02  1.20880E+00  1.20880E+00  0.00000E+00             63.ZN 30. 135  26
 6 1  1.70680E-06  1.19986E+00  1.19986E+00  2.60000E+01             63.ZN 30. 136   1
 6 5  1.65219E-07  1.20771E+00  1.20771E+00  2.60000E+01             63.ZN 30. 137   5
 6 6  1.15055E-09  1.20784E+00  1.20784E+00  2.60000E+01             63.ZN 30. 138   6
 6 7  9.50520E-10  1.20786E+00  1.20786E+00  2.60000E+01             63.ZN 30. 139   7
 127  2.46000E-03  1.23370E+00  1.23370E+00  0.00000E+00             63.ZN 30. 140  27
 6 1  3.28099E-07  1.22476E+00  1.22476E+00  2.70000E+01             63.ZN 30. 141   1
 6 5  3.17545E-08  1.23261E+00  1.23261E+00  2.70000E+01             63.ZN 30. 142   5
 6 6  2.17494E-10  1.23274E+00  1.23274E+00  2.70000E+01             63.ZN 30. 143   6
 6 7  1.81900E-10  1.23276E+00  1.23276E+00  2.70000E+01             63.ZN 30. 144   7
 128  6.88800E-02  1.32703E+00  1.32703E+00  0.00000E+00             63.ZN 30. 145  28
 6 1  8.74058E-06  1.31809E+00  1.31809E+00  2.80000E+01             63.ZN 30. 146   1
 6 5  8.50440E-07  1.32594E+00  1.32594E+00  2.80000E+01             63.ZN 30. 147   5
 6 6  7.52158E-09  1.32607E+00  1.32607E+00  2.80000E+01             63.ZN 30. 148   6
 6 7  8.87321E-09  1.32609E+00  1.32609E+00  2.80000E+01             63.ZN 30. 149   7
 129  2.46000E-03  1.34170E+00  1.34170E+00  0.00000E+00             63.ZN 30. 150  29
 6 1  2.85977E-07  1.33276E+00  1.33276E+00  2.90000E+01             63.ZN 30. 151   1
 6 5  2.77095E-08  1.34061E+00  1.34061E+00  2.90000E+01             63.ZN 30. 152   5
 6 6  1.95553E-10  1.34074E+00  1.34074E+00  2.90000E+01             63.ZN 30. 153   6
 6 7  1.93055E-10  1.34076E+00  1.34076E+00  2.90000E+01             63.ZN 30. 154   7
 130  3.44400E-02  1.37447E+00  1.37447E+00  0.00000E+00             63.ZN 30. 155  30
 6 1  3.73242E-06  1.36553E+00  1.36553E+00  3.00000E+01             63.ZN 30. 156   1
 6 5  3.61030E-07  1.37338E+00  1.37338E+00  3.00000E+01             63.ZN 30. 157   5
 6 6  2.26341E-09  1.37351E+00  1.37351E+00  3.00000E+01             63.ZN 30. 158   6
 6 7  2.02519E-09  1.37353E+00  1.37353E+00  3.00000E+01             63.ZN 30. 159   7
 131  4.26400E-02  1.38966E+00  1.38966E+00  0.00000E+00             63.ZN 30. 160  31
 6 1  4.90786E-06  1.38072E+00  1.38072E+00  3.10000E+01             63.ZN 30. 161   1
 6 5  4.77562E-07  1.38857E+00  1.38857E+00  3.10000E+01             63.ZN 30. 162   5
 6 6  4.00273E-09  1.38870E+00  1.38870E+00  3.10000E+01             63.ZN 30. 163   6
 6 7  4.79365E-09  1.38872E+00  1.38872E+00  3.10000E+01             63.ZN 30. 164   7
 132  9.67600E-02  1.39255E+00  1.39255E+00  0.00000E+00             63.ZN 30. 165  32
 6 1  1.02291E-05  1.38361E+00  1.38361E+00  3.20000E+01             63.ZN 30. 166   1
 6 5  9.89429E-07  1.39146E+00  1.39146E+00  3.20000E+01             63.ZN 30. 167   5
 6 6  6.13659E-09  1.39159E+00  1.39159E+00  3.20000E+01             63.ZN 30. 168   6
 6 7  5.53732E-09  1.39161E+00  1.39161E+00  3.20000E+01             63.ZN 30. 169   7
 133  7.46200E-01  1.41208E+00  1.41208E+00  0.00000E+00             63.ZN 30. 170  33
 6 1  7.68308E-05  1.40314E+00  1.40314E+00  3.30000E+01             63.ZN 30. 171   1
 6 5  7.43151E-06  1.41099E+00  1.41099E+00  3.30000E+01             63.ZN 30. 172   5
 6 6  4.55647E-08  1.41112E+00  1.41112E+00  3.30000E+01             63.ZN 30. 173   6
 6 7  4.14898E-08  1.41114E+00  1.41114E+00  3.30000E+01             63.ZN 30. 174   7
 134  2.46000E-03  1.44580E+00  1.44580E+00  0.00000E+00             63.ZN 30. 175  34
 6 1  2.60781E-07  1.43686E+00  1.43686E+00  3.40000E+01             63.ZN 30. 176   1
 6 5  2.53752E-08  1.44471E+00  1.44471E+00  3.40000E+01             63.ZN 30. 177   5
 6 6  2.03118E-10  1.44484E+00  1.44484E+00  3.40000E+01             63.ZN 30. 178   6
 6 7  2.46634E-10  1.44486E+00  1.44486E+00  3.40000E+01             63.ZN 30. 179   7
 135  1.64000E-03  1.47910E+00  1.47910E+00  0.00000E+00             63.ZN 30. 180  35
 6 1  1.65924E-07  1.47016E+00  1.47016E+00  3.50000E+01             63.ZN 30. 181   1
 6 5  1.61446E-08  1.47801E+00  1.47801E+00  3.50000E+01             63.ZN 30. 182   5
 6 6  1.25864E-10  1.47814E+00  1.47814E+00  3.50000E+01             63.ZN 30. 183   6
 6 7  1.54104E-10  1.47816E+00  1.47816E+00  3.50000E+01             63.ZN 30. 184   7
 136  1.22180E-01  1.54704E+00  1.54704E+00  0.00000E+00             63.ZN 30. 185  36
 6 1  1.06902E-05  1.53810E+00  1.53810E+00  3.60000E+01             63.ZN 30. 186   1
 6 5  1.03512E-06  1.54595E+00  1.54595E+00  3.60000E+01             63.ZN 30. 187   5
 6 6  6.13273E-09  1.54608E+00  1.54608E+00  3.60000E+01             63.ZN 30. 188   6
 6 7  6.23465E-09  1.54610E+00  1.54610E+00  3.60000E+01             63.ZN 30. 189   7
 137  1.64000E-02  1.57371E+00  1.57371E+00  0.00000E+00             63.ZN 30. 190  37
 6 1  1.37822E-06  1.56477E+00  1.56477E+00  3.70000E+01             63.ZN 30. 191   1
 6 5  1.33367E-07  1.57262E+00  1.57262E+00  3.70000E+01             63.ZN 30. 192   5
 6 6  7.47329E-10  1.57275E+00  1.57275E+00  3.70000E+01             63.ZN 30. 193   6
 6 7  7.32043E-10  1.57277E+00  1.57277E+00  3.70000E+01             63.ZN 30. 194   7
 138  1.39400E-03  1.66720E+00  1.66720E+00  0.00000E+00             63.ZN 30. 195  38
 6 1  1.11542E-07  1.65826E+00  1.65826E+00  3.80000E+01             63.ZN 30. 196   1
 6 5  1.08088E-08  1.66611E+00  1.66611E+00  3.80000E+01             63.ZN 30. 197   5
 6 6  7.34220E-11  1.66624E+00  1.66624E+00  3.80000E+01             63.ZN 30. 198   6
 6 7  9.43321E-11  1.66626E+00  1.66626E+00  3.80000E+01             63.ZN 30. 199   7
 139  1.96800E-03  1.69660E+00  1.69660E+00  0.00000E+00             63.ZN 30. 200  39
 140  4.34600E-03  1.75490E+00  1.75490E+00  0.00000E+00             63.ZN 30. 201  40
 6 1  2.98840E-07  1.74596E+00  1.74596E+00  4.00000E+01             63.ZN 30. 202   1
 6 5  2.89740E-08  1.75381E+00  1.75381E+00  4.00000E+01             63.ZN 30. 203   5
 6 6  1.48151E-10  1.75394E+00  1.75394E+00  4.00000E+01             63.ZN 30. 204   6
 6 7  1.56868E-10  1.75396E+00  1.75396E+00  4.00000E+01             63.ZN 30. 205   7
 141  4.18200E-03  1.82700E+00  1.82700E+00  0.00000E+00             63.ZN 30. 206  41
 6 1  2.67368E-07  1.81806E+00  1.81806E+00  4.10000E+01             63.ZN 30. 207   1
 6 5  2.59419E-08  1.82591E+00  1.82591E+00  4.10000E+01             63.ZN 30. 208   5
 6 6  1.28200E-10  1.82604E+00  1.82604E+00  4.10000E+01             63.ZN 30. 209   6
 6 7  1.39861E-10  1.82606E+00  1.82606E+00  4.10000E+01             63.ZN 30. 210   7
 142  1.39400E-02  1.86130E+00  1.86130E+00  0.00000E+00             63.ZN 30. 211  42
 6 1  9.04078E-07  1.85236E+00  1.85236E+00  4.20000E+01             63.ZN 30. 212   1
 6 5  8.76423E-08  1.86021E+00  1.86021E+00  4.20000E+01             63.ZN 30. 213   5
 6 6  5.25544E-10  1.86034E+00  1.86034E+00  4.20000E+01             63.ZN 30. 214   6
 6 7  7.10668E-10  1.86036E+00  1.86036E+00  4.20000E+01             63.ZN 30. 215   7
 143  1.96800E-02  1.86610E+00  1.86610E+00  0.00000E+00             63.ZN 30. 216  43
 6 1  1.27022E-06  1.85716E+00  1.85716E+00  4.30000E+01             63.ZN 30. 217   1
 6 5  1.23139E-07  1.86501E+00  1.86501E+00  4.30000E+01             63.ZN 30. 218   5
 6 6  7.36268E-10  1.86514E+00  1.86514E+00  4.30000E+01             63.ZN 30. 219   6
 6 7  9.96893E-10  1.86516E+00  1.86516E+00  4.30000E+01             63.ZN 30. 220   7
 144  5.74000E-03  1.92720E+00  1.92720E+00  0.00000E+00             63.ZN 30. 221  44
 6 1  3.48971E-07  1.91826E+00  1.91826E+00  4.40000E+01             63.ZN 30. 222   1
 6 5  3.38391E-08  1.92611E+00  1.92611E+00  4.40000E+01             63.ZN 30. 223   5
 6 6  1.95177E-10  1.92624E+00  1.92624E+00  4.40000E+01             63.ZN 30. 224   6
 6 7  2.68606E-10  1.92626E+00  1.92626E+00  4.40000E+01             63.ZN 30. 225   7
 145  1.06600E-02  2.01140E+00  2.01140E+00  0.00000E+00             63.ZN 30. 226  45
 6 1  5.74108E-07  2.00246E+00  2.00246E+00  4.50000E+01             63.ZN 30. 227   1
 6 5  5.58370E-08  2.01031E+00  2.01031E+00  4.50000E+01             63.ZN 30. 228   5
 6 6  2.54194E-10  2.01044E+00  2.01044E+00  4.50000E+01             63.ZN 30. 229   6
 6 7  2.98591E-10  2.01046E+00  2.01046E+00  4.50000E+01             63.ZN 30. 230   7
 146  5.57600E-02  2.02680E+00  2.02680E+00  0.00000E+00             63.ZN 30. 231  46
 6 1  2.96287E-06  2.01786E+00  2.01786E+00  4.60000E+01             63.ZN 30. 232   1
 6 5  2.88231E-07  2.02571E+00  2.02571E+00  4.60000E+01             63.ZN 30. 233   5
 6 6  1.30359E-09  2.02584E+00  2.02584E+00  4.60000E+01             63.ZN 30. 234   6
 6 7  1.54051E-09  2.02586E+00  2.02586E+00  4.60000E+01             63.ZN 30. 235   7
 147  3.69000E-03  2.04640E+00  2.04640E+00  0.00000E+00             63.ZN 30. 236  47
 6 1  1.92776E-07  2.03746E+00  2.03746E+00  4.70000E+01             63.ZN 30. 237   1
 6 5  1.87590E-08  2.04531E+00  2.04531E+00  4.70000E+01             63.ZN 30. 238   5
 6 6  8.41428E-11  2.04544E+00  2.04544E+00  4.70000E+01             63.ZN 30. 239   6
 6 7  1.00197E-10  2.04546E+00  2.04546E+00  4.70000E+01             63.ZN 30. 240   7
 148  3.44400E-02  2.06210E+00  2.06210E+00  0.00000E+00             63.ZN 30. 241  48
 6 1  1.77522E-06  2.05316E+00  2.05316E+00  4.80000E+01             63.ZN 30. 242   1
 6 5  1.72789E-07  2.06101E+00  2.06101E+00  4.80000E+01             63.ZN 30. 243   5
 6 6  7.69958E-10  2.06114E+00  2.06114E+00  4.80000E+01             63.ZN 30. 244   6
 6 7  9.22455E-10  2.06116E+00  2.06116E+00  4.80000E+01             63.ZN 30. 245   7
 149  1.47600E-02  2.08140E+00  2.08140E+00  0.00000E+00             63.ZN 30. 246  49
 6 1  7.48467E-07  2.07246E+00  2.07246E+00  4.90000E+01             63.ZN 30. 247   1
 6 5  7.28733E-08  2.08031E+00  2.08031E+00  4.90000E+01             63.ZN 30. 248   5
 6 6  3.22134E-10  2.08044E+00  2.08044E+00  4.90000E+01             63.ZN 30. 249   6
 6 7  3.88818E-10  2.08046E+00  2.08046E+00  4.90000E+01             63.ZN 30. 250   7
 150  2.46000E-03  2.09260E+00  2.09260E+00  0.00000E+00             63.ZN 30. 251  50
 6 1  1.30871E-07  2.08366E+00  2.08366E+00  5.00000E+01             63.ZN 30. 252   1
 6 5  1.27068E-08  2.09151E+00  2.09151E+00  5.00000E+01             63.ZN 30. 253   5
 6 6  6.84168E-11  2.09164E+00  2.09164E+00  5.00000E+01             63.ZN 30. 254   6
 6 7  9.50218E-11  2.09166E+00  2.09166E+00  5.00000E+01             63.ZN 30. 255   7
 151  6.15000E-03  2.11080E+00  2.11080E+00  0.00000E+00             63.ZN 30. 256  51
 6 1  3.04294E-07  2.10186E+00  2.10186E+00  5.10000E+01             63.ZN 30. 257   1
 6 5  2.96412E-08  2.10971E+00  2.10971E+00  5.10000E+01             63.ZN 30. 258   5
 6 6  1.29453E-10  2.10984E+00  2.10984E+00  5.10000E+01             63.ZN 30. 259   6
 6 7  1.58022E-10  2.10986E+00  2.10986E+00  5.10000E+01             63.ZN 30. 260   7
 152  1.31200E-03  2.18180E+00  2.18180E+00  0.00000E+00             63.ZN 30. 261  52
 153  1.64000E-03  2.18800E+00  2.18800E+00  0.00000E+00             63.ZN 30. 262  53
 6 1  7.62224E-08  2.17906E+00  2.17906E+00  5.30000E+01             63.ZN 30. 263   1
 6 5  7.43462E-09  2.18691E+00  2.18691E+00  5.30000E+01             63.ZN 30. 264   5
 6 6  3.14766E-11  2.18704E+00  2.18704E+00  5.30000E+01             63.ZN 30. 265   6
 6 7  3.95624E-11  2.18706E+00  2.18706E+00  5.30000E+01             63.ZN 30. 266   7
 154  2.95200E-03  2.21990E+00  2.21990E+00  0.00000E+00             63.ZN 30. 267  54
 6 1  1.33802E-07  2.21096E+00  2.21096E+00  5.40000E+01             63.ZN 30. 268   1
 6 5  1.30583E-08  2.21881E+00  2.21881E+00  5.40000E+01             63.ZN 30. 269   5
 6 6  5.45965E-11  2.21894E+00  2.21894E+00  5.40000E+01             63.ZN 30. 270   6
 6 7  6.94442E-11  2.21896E+00  2.21896E+00  5.40000E+01             63.ZN 30. 271   7
 155  7.46200E-02  2.33650E+00  2.33650E+00  0.00000E+00             63.ZN 30. 272  55
 6 1  3.09698E-06  2.32756E+00  2.32756E+00  5.50000E+01             63.ZN 30. 273   1
 6 5  3.02920E-07  2.33541E+00  2.33541E+00  5.50000E+01             63.ZN 30. 274   5
 6 6  1.21132E-09  2.33554E+00  2.33554E+00  5.50000E+01             63.ZN 30. 275   6
 6 7  1.60815E-09  2.33556E+00  2.33556E+00  5.50000E+01             63.ZN 30. 276   7
 156  2.13200E-02  2.49740E+00  2.49740E+00  0.00000E+00             63.ZN 30. 277  56
 6 1  7.90165E-07  2.48846E+00  2.48846E+00  5.60000E+01             63.ZN 30. 278   1
 6 5  7.75483E-08  2.49631E+00  2.49631E+00  5.60000E+01             63.ZN 30. 279   5
 6 6  2.92522E-10  2.49644E+00  2.49644E+00  5.60000E+01             63.ZN 30. 280   6
 6 7  4.11252E-10  2.49646E+00  2.49646E+00  5.60000E+01             63.ZN 30. 281   7
 157  9.84000E-03  2.51200E+00  2.51200E+00  0.00000E+00             63.ZN 30. 282  57
 6 1  3.61125E-07  2.50306E+00  2.50306E+00  5.70000E+01             63.ZN 30. 283   1
 6 5  3.54529E-08  2.51091E+00  2.51091E+00  5.70000E+01             63.ZN 30. 284   5
 6 6  1.33049E-10  2.51104E+00  2.51104E+00  5.70000E+01             63.ZN 30. 285   6
 6 7  1.88007E-10  2.51106E+00  2.51106E+00  5.70000E+01             63.ZN 30. 286   7
 158  6.64200E-02  2.53600E+00  2.53600E+00  0.00000E+00             63.ZN 30. 287  58
 6 1  2.39889E-06  2.52706E+00  2.52706E+00  5.80000E+01             63.ZN 30. 288   1
 6 5  2.35633E-07  2.53491E+00  2.53491E+00  5.80000E+01             63.ZN 30. 289   5
 6 6  8.76914E-10  2.53504E+00  2.53504E+00  5.80000E+01             63.ZN 30. 290   6
 6 7  1.24953E-09  2.53506E+00  2.53506E+00  5.80000E+01             63.ZN 30. 291   7
 159  4.01800E-02  2.69660E+00  2.69660E+00  0.00000E+00             63.ZN 30. 292  59
 6 1  1.30972E-06  2.68766E+00  2.68766E+00  5.90000E+01             63.ZN 30. 293   1
 6 5  1.29131E-07  2.69551E+00  2.69551E+00  5.90000E+01             63.ZN 30. 294   5
 6 6  4.55164E-10  2.69564E+00  2.69564E+00  5.90000E+01             63.ZN 30. 295   6
 6 7  6.85115E-10  2.69566E+00  2.69566E+00  5.90000E+01             63.ZN 30. 296   7
 160  1.31200E-02  2.71690E+00  2.71690E+00  0.00000E+00             63.ZN 30. 297  60
 6 1  4.22381E-07  2.70796E+00  2.70796E+00  6.00000E+01             63.ZN 30. 298   1
 6 5  4.16649E-08  2.71581E+00  2.71581E+00  6.00000E+01             63.ZN 30. 299   5
 6 6  1.45886E-10  2.71594E+00  2.71594E+00  6.00000E+01             63.ZN 30. 300   6
 6 7  2.21087E-10  2.71596E+00  2.71596E+00  6.00000E+01             63.ZN 30. 301   7
 161  1.55800E-02  2.78030E+00  2.78030E+00  0.00000E+00             63.ZN 30. 302  61
 6 1  4.82825E-07  2.77136E+00  2.77136E+00  6.10000E+01             63.ZN 30. 303   1
 6 5  4.77018E-08  2.77921E+00  2.77921E+00  6.10000E+01             63.ZN 30. 304   5
 6 6  1.63632E-10  2.77934E+00  2.77934E+00  6.10000E+01             63.ZN 30. 305   6
 6 7  2.53259E-10  2.77936E+00  2.77936E+00  6.10000E+01             63.ZN 30. 306   7
 162  4.10000E-03  2.80660E+00  2.80660E+00  0.00000E+00             63.ZN 30. 307  62
 6 1  1.25105E-07  2.79766E+00  2.79766E+00  6.20000E+01             63.ZN 30. 308   1
 6 5  1.23683E-08  2.80551E+00  2.80551E+00  6.20000E+01             63.ZN 30. 309   5
 6 6  4.20723E-11  2.80564E+00  2.80564E+00  6.20000E+01             63.ZN 30. 310   6
 6 7  6.56831E-11  2.80566E+00  2.80566E+00  6.20000E+01             63.ZN 30. 311   7
 163  3.28000E-03  2.85760E+00  2.85760E+00  0.00000E+00             63.ZN 30. 312  63
 6 1  9.71703E-08  2.84866E+00  2.84866E+00  6.30000E+01             63.ZN 30. 313   1
 6 5  9.61899E-09  2.85651E+00  2.85651E+00  6.30000E+01             63.ZN 30. 314   5
 6 6  3.21985E-11  2.85664E+00  2.85664E+00  6.30000E+01             63.ZN 30. 315   6
 6 7  5.11131E-11  2.85666E+00  2.85666E+00  6.30000E+01             63.ZN 30. 316   7
 164  2.46000E-03  2.88940E+00  2.88940E+00  0.00000E+00             63.ZN 30. 317  64
 6 1  7.15706E-08  2.88046E+00  2.88046E+00  6.40000E+01             63.ZN 30. 318   1
 6 5  7.09067E-09  2.88831E+00  2.88831E+00  6.40000E+01             63.ZN 30. 319   5
 6 6  2.35015E-11  2.88844E+00  2.88844E+00  6.40000E+01             63.ZN 30. 320   6
 6 7  3.76938E-11  2.88846E+00  2.88846E+00  6.40000E+01             63.ZN 30. 321   7
 165  4.92000E-03  3.04460E+00  3.04460E+00  0.00000E+00             63.ZN 30. 322  65
 6 1  1.31483E-07  3.03566E+00  3.03566E+00  6.50000E+01             63.ZN 30. 323   1
 6 5  1.30803E-08  3.04351E+00  3.04351E+00  6.50000E+01             63.ZN 30. 324   5
 6 6  4.13645E-11  3.04364E+00  3.04364E+00  6.50000E+01             63.ZN 30. 325   6
 6 7  6.97066E-11  3.04366E+00  3.04366E+00  6.50000E+01             63.ZN 30. 326   7
 166  5.74000E-04  3.10070E+00  3.10070E+00  0.00000E+00             63.ZN 30. 327  66
 6 1  1.48952E-08  3.09176E+00  3.09176E+00  6.60000E+01             63.ZN 30. 328   1
 6 5  1.48409E-09  3.09961E+00  3.09961E+00  6.60000E+01             63.ZN 30. 329   5
 6 6  4.61661E-12  3.09974E+00  3.09974E+00  6.60000E+01             63.ZN 30. 330   6
 6 7  7.91737E-12  3.09976E+00  3.09976E+00  6.60000E+01             63.ZN 30. 331   7
 2 1  8.37545E-01  7.98466E-03  7.98466E-03  0.00000E+00             63.ZN 30. 332   1
 2 2  1.63312E+00  8.00570E-03  8.00570E-03  0.00000E+00             63.ZN 30. 333   2
 2 3  1.01499E-01  8.86267E-03  8.86267E-03  0.00000E+00             63.ZN 30. 334   3
 2 4  1.98598E-01  8.86532E-03  8.86532E-03  0.00000E+00             63.ZN 30. 335   4
 2 5  1.14588E-04  8.93310E-03  8.93310E-03  0.00000E+00             63.ZN 30. 336   5
 2 6  1.65663E-04  8.93340E-03  8.93340E-03  0.00000E+00             63.ZN 30. 337   6
 221  4.09233E-05  1.27570E-04  1.27570E-04  0.00000E+00             63.ZN 30. 338  21
 222  1.86345E-04  1.48610E-04  1.48610E-04  0.00000E+00             63.ZN 30. 339  22
 223  1.47133E-03  1.00560E-03  1.00560E-03  0.00000E+00             63.ZN 30. 340  23
 224  2.27679E-03  1.00824E-03  1.00824E-03  0.00000E+00             63.ZN 30. 341  24
 225  5.55946E-06  1.07601E-03  1.07601E-03  0.00000E+00             63.ZN 30. 342  25
 226  7.31451E-06  1.07630E-03  1.07630E-03  0.00000E+00             63.ZN 30. 343  26
 241  1.59215E-09  2.10400E-05  2.10400E-05  0.00000E+00             63.ZN 30. 344  41
 242  1.42948E-02  8.37268E-04  8.37268E-04  0.00000E+00             63.ZN 30. 345  42
 243  4.99029E-05  8.80670E-04  8.80670E-04  0.00000E+00             63.ZN 30. 346  43
 244  1.36007E-02  9.48439E-04  9.48439E-04  0.00000E+00             63.ZN 30. 347  44
 245  3.71156E-04  9.51420E-04  9.51420E-04  0.00000E+00             63.ZN 30. 348  45
 261  2.67383E-02  8.16230E-04  8.16230E-04  0.00000E+00             63.ZN 30. 349  61
 262  5.05594E-05  8.56990E-04  8.56990E-04  0.00000E+00             63.ZN 30. 350  62
 263  4.89890E-05  8.59630E-04  8.59630E-04  0.00000E+00             63.ZN 30. 351  63
 264  2.28615E-03  9.27401E-04  9.27401E-04  0.00000E+00             63.ZN 30. 352  64
 265  2.44819E-02  9.27689E-04  9.27689E-04  0.00000E+00             63.ZN 30. 353  65
 266  6.54500E-04  9.30379E-04  9.30379E-04  0.00000E+00             63.ZN 30. 354  66
 291  2.72136E-04  6.44805E-05  6.44805E-05  0.00000E+00             63.ZN 30. 355  91
 294  3.52516E+01  9.87229E-06  9.87229E-06  0.00000E+00             63.ZN 30. 356  94
 7 1  2.86122E+00  6.99135E-03  6.99135E-03  0.00000E+00             63.ZN 30. 357   1
 7 2  7.06464E-01  7.88044E-03  7.88044E-03  0.00000E+00             63.ZN 30. 358   2
 7 3  4.89429E-02  8.77300E-03  8.77300E-03  0.00000E+00             63.ZN 30. 359   3
 7 4  1.76362E+00  9.09581E-05  9.09581E-05  0.00000E+00             63.ZN 30. 360   4
 7 5  9.48532E+00  8.56065E-04  8.56065E-04  0.00000E+00             63.ZN 30. 361   5
 7 6  3.55779E-02  8.98088E-04  8.98088E-04  0.00000E+00             63.ZN 30. 362   6
 7 8  1.31375E+01  5.68313E-05  5.68313E-05  0.00000E+00             63.ZN 30. 363   8
%%%%  63 ZN  30    EC B+        2.30820E+03 38.47 M    02-11-2005       SEEIEND 
 


   ***************************************************** 
   *                 Radiation Summary                 * 
   ***************************************************** 
 
  Energy released by
    Gamma-ray                       (MeV) =   1.48050E-01
    X-ray                           (MeV) =   2.25009E-04
    Free-bound X-ray                (MeV) =   3.48014E-06
    Annihilation photon             (MeV) =   9.48350E-01
    Beta+ particle                  (MeV) =   9.20002E-01
    Neutrino                        (MeV) =   1.34998E+00
    Beta- particle                  (MeV) =   0.00000E+00
    Neutrino-                       (MeV) =   0.00000E+00
    Internal conv. electron         (MeV) =   4.85479E-05
    Auger and CK electron           (MeV) =   3.50595E-04
    Alpha particle                  (MeV) =   0.00000E+00
    Recoil nucleus                  (MeV) =   0.00000E+00
  E-total (except unplaced radiat.) (MeV) =   3.36701E+00
  E-unplaced radiation              (MeV) =   6.20143E-05
  Q-value from ENSDF data           (MeV) =   3.36690E+00
  Ratio of E-total/Q-value          ( % ) =   1.00003E+02
  Ratio of E-unplaced radi./Q-value ( % ) =   1.84188E-03

 
  Total yield of
    Gamma-ray                             =   1.68964E-01
    X-ray                                 =   2.85788E-02
    Free-bound X-ray                      =   3.52516E-01
    Annihilation photon                   =   1.85587E+00
    Beta+ particle                        =   9.27935E-01
    Beta- particle                        =   0.00000E+00
    Internal conv. electron               =   6.60041E-05
    Auger and CK electron                 =   2.80386E-01
    Alpha particle                        =   0.00000E+00
  Yield of unplaced radiation             =   3.28000E-05


