%%%%  69 ZN  30    B-           3.38400E+03 56.4 M     02-11-2005       BALASTAR
1  69   ZN  30 56.4 M          B-         
1INTENSITY AND ENERGY BALANCE DATA

              69-ZINC-30
+                                    HALFLIFE = 56.4 MINUTES 
+                                                                  02-11-2005


    LEVEL       INTENSITY   INTENSITY
    ENERGY      ENTERING    LEAVING     PERCENT
    (MEV)       LEVEL       LEVEL       ERROR

   0.0000E+00  1.0000E+02
   3.1840E-01  1.2000E-03  1.2048E-03  3.9531E-01                      
   8.7170E-01  2.5000E-04  2.5009E-04  3.7583E-02                      


 INTENSITY TO GROUND AND ISOMERIC STATE(S) OF DAUGHTER(S)=  1.000E+02
 TOTAL INTENSITY FROM PARENT=  1.000E+02
 PERCENT ERROR =  7.629E-06                      


 TOTAL INTENSITY FROM PARENT =  1.000E+02
 VALUE IS WITHIN   7.63E-06% OF 100                      


 TOTAL ENERGY AVAILABLE =  9.060E-01 MEV
 TOTAL ENERGY CONTENT OF ALL RADIATIONS =  9.060E-01 MEV
 PERCENT ERROR =  0.000E+00                      
%%%%  69 ZN  30    B-           3.38400E+03 56.4 M     02-11-2005       BALAEND 
%%%%  69 ZN  30    B-           3.38400E+03 56.4 M     02-11-2005       INPUSTAR
1                                      **INPUT DATA**
              69-ZINC-30
+                                    HALFLIFE = 56.4 MINUTES 
+                                                                  02-11-2005

            MODE OF DECAY: BETA MINUS
 
                                MEAN
                                NUMBER/    TRANSITION
                TYPE OF    ID   TRANSFOR-  ENERGY
              TRANSITION   NO.  MATION     (MEV)       OTHER NUCLEAR PARAMETERS

               BETA MINUS   1   2.50E-06   3.430E-02*  ALLOWED                                  
               BETA MINUS   2   1.20E-05   5.876E-01*  ALLOWED                                  
               BETA MINUS   3   1.00E+00   9.060E-01*  ALLOWED                                  
           I.C.E. + GAMMA   1   1.20E-05   3.184E-01   M1+E2 MULTIPOLE                          
                                                       MRS=0.0576    AK= 0.00353                
           I.C.E. + GAMMA   2   2.50E-06   8.717E-01   M1+E2 MULTIPOLE                          
                                                       MRS=0.0169                               
 
           * ENDPOINT ENERGY (MEV)
           - - - - - - - - - -
           Reference: Evaluated Nuclear Structure Data File (ENSDF)
                DATE DATA WERE ENTERED INTO ENSDF: Jun-2000
%%%%  69 ZN  30    B-           3.38400E+03 56.4 M     02-11-2005       INPUEND 
%%%%  69 ZN  30    B-           3.38400E+03 56.4 M     02-11-2005       OUTPSTAR
1                                      **OUTPUT DATA**
              69-ZINC-30
+                                    HALFLIFE = 56.4 MINUTES 
+                                                                  02-11-2005

            MODE OF DECAY: BETA MINUS
 
                                              MEAN
                                              NUMBER/                  MEV/
                                         ID   TRANSFOR-   ENERGY       TRANSFOR-
                  TYPE OF RADIATION      NO.  MATION      (MEV)        MATION

           BETA MINUS                     3   1.00E+00    3.216E-01*   3.22E-01
           GAMMA-RAY                      1   1.20E-05    3.184E-01    3.82E-06
           GAMMA-RAY                      2   2.50E-06    8.717E-01    2.18E-06
 
           ALL LISTED X-RAYS, GAMMA-RAYS AND ANNIHILATION RADIATION    6.00E-06
           ALL NEGLECTED X-RAYS, GAMMA-RAYS AND ANNIH. RADIATION**     2.06E-10
           ALL LISTED BETAS, INTERNAL CONVERSION AND AUGER ELECTRONS   3.22E-01
           ALL NEGLECTED BETAS, INT. CONVERSION AND AUGER ELECTRONS**  2.36E-06
           ALL LISTED RADIATIONS                                       3.22E-01
           ALL NEGLECTED RADIATIONS**                                  2.36E-06
 
           *  AVERAGE ENERGY (MEV)
           ** EACH NEGLECTED TRANSITION CONTRIBUTES LESS THAN  0.100%
              TO THE TOTAL MEV/TRANSFORMATION FOR THIS CATEGORY.
           TOTAL FEEDING OF GROUND STATE LEVEL IN 69-GALLIUM
             DAUGHTER IS 1.0000E+00 PER TRANSFORMATION OF  69-ZINC.
             THIS DAUGHTER GROUND STATE IS STABLE.
           - - - - - - - - - -
           INPUT DATA SOURCE: EVALUATED NUCLEAR STRUCTURE DATA FILE (ENSDF)
             DATE INPUT DATA WERE ENTERED INTO ENSDF: Jun-2000
%%%%  69 ZN  30    B-           3.38400E+03 56.4 M     02-11-2005       OUTPEND 
%%%%  69 ZN  30    B-           3.38400E+03 56.4 M     02-11-2005       BETASTAR
1
              69-ZINC-30
+                                    HALFLIFE = 56.4 MINUTES 
+                                                                  02-11-2005

            BETA SPECTRUM DATA FOR ALL DECAY BRANCHES

                      BETAS PER                BETAS PER                BETAS PER
            ENERGY    MEV            ENERGY    MEV            ENERGY    MEV
            (MEV)     PER DECAY      (MEV)     PER DECAY      (MEV)     PER DECAY

            0.00000   1.373E+00      0.00220   1.372E+00      0.05500   1.494E+00
            0.00010   1.373E+00      0.00240   1.372E+00      0.06000   1.508E+00
            0.00011   1.373E+00      0.00260   1.372E+00      0.06500   1.522E+00
            0.00012   1.373E+00      0.00280   1.372E+00      0.07000   1.535E+00
            0.00013   1.373E+00      0.00300   1.372E+00      0.07500   1.549E+00
            0.00014   1.373E+00      0.00320   1.372E+00      0.08000   1.561E+00
            0.00015   1.373E+00      0.00360   1.371E+00      0.08500   1.574E+00
            0.00016   1.373E+00      0.00400   1.371E+00      0.09000   1.586E+00
            0.00018   1.373E+00      0.00450   1.372E+00      0.10000   1.609E+00
            0.00020   1.373E+00      0.00500   1.373E+00      0.11000   1.631E+00
            0.00022   1.373E+00      0.00550   1.374E+00      0.12000   1.651E+00
            0.00024   1.373E+00      0.00600   1.375E+00      0.13000   1.670E+00
            0.00026   1.373E+00      0.00650   1.376E+00      0.14000   1.686E+00
            0.00028   1.373E+00      0.00700   1.376E+00      0.15000   1.702E+00
            0.00030   1.373E+00      0.00750   1.377E+00      0.16000   1.715E+00
            0.00032   1.373E+00      0.00800   1.378E+00      0.18000   1.736E+00
            0.00036   1.373E+00      0.00850   1.379E+00      0.20000   1.751E+00
            0.00040   1.373E+00      0.00900   1.380E+00      0.22000   1.759E+00
            0.00045   1.373E+00      0.01000   1.381E+00      0.24000   1.760E+00
            0.00050   1.373E+00      0.01100   1.383E+00      0.26000   1.754E+00
            0.00055   1.373E+00      0.01200   1.385E+00      0.28000   1.741E+00
            0.00060   1.372E+00      0.01300   1.387E+00      0.30000   1.723E+00
            0.00065   1.372E+00      0.01400   1.389E+00      0.32000   1.697E+00
            0.00070   1.372E+00      0.01500   1.391E+00      0.36000   1.629E+00
            0.00075   1.372E+00      0.01600   1.393E+00      0.40000   1.538E+00
            0.00080   1.372E+00      0.01800   1.397E+00      0.45000   1.397E+00
            0.00085   1.372E+00      0.02000   1.401E+00      0.50000   1.231E+00
            0.00090   1.372E+00      0.02200   1.406E+00      0.55000   1.045E+00
            0.00100   1.372E+00      0.02400   1.410E+00      0.60000   8.487E-01
            0.00110   1.372E+00      0.02600   1.415E+00      0.65000   6.498E-01
            0.00120   1.372E+00      0.02800   1.420E+00      0.70000   4.583E-01
            0.00130   1.372E+00      0.03000   1.425E+00      0.75000   2.852E-01
            0.00140   1.372E+00      0.03200   1.431E+00      0.80000   1.424E-01
            0.00150   1.372E+00      0.03600   1.442E+00      0.85000   4.285E-02
            0.00160   1.372E+00      0.04000   1.453E+00      0.90000   5.288E-04
            0.00180   1.372E+00      0.04500   1.466E+00      0.90600   0.000E+00
            0.00200   1.372E+00      0.05000   1.480E+00

            AVERAGE BETA ENERGY =   3.216E-01

            TOTAL BETAS PER DECAY FOR ALL BRANCHES =   1.000E+00
%%%%  69 ZN  30    B-           3.38400E+03 56.4 M     02-11-2005       BETAEND 
%%%%  69 ZN  30    B-           3.38400E+03 56.4 M     02-11-2005       SEEISTAR
 69.  ZINC         30.  5.640E+01 MINUTES   58 B-                    69.ZN 30.   0
 5 1  2.50000E-04  8.72925E-03  3.43000E-02  0.00000E+00             69.ZN 30.   1   1
 5 2  1.20000E-03  1.93318E-01  5.87600E-01  0.00000E+00             69.ZN 30.   2   2
 5 3  9.99986E+01  3.21557E-01  9.06000E-01  0.00000E+00             69.ZN 30.   3   3
 1 1  1.20000E-03  3.18400E-01  3.18400E-01  0.00000E+00             69.ZN 30.   4   1
 6 1  4.24155E-06  3.08067E-01  3.08067E-01  1.00000E+00             69.ZN 30.   5   1
 6 5  4.22218E-07  3.17109E-01  3.17109E-01  1.00000E+00             69.ZN 30.   6   5
 6 6  1.05161E-08  3.17250E-01  3.17250E-01  1.00000E+00             69.ZN 30.   7   6
 6 7  6.74944E-09  3.17278E-01  3.17278E-01  1.00000E+00             69.ZN 30.   8   7
 6 3  6.67164E-08  3.18293E-01  3.18293E-01  1.00000E+00             69.ZN 30.   9   3
 6 4  4.92143E-09  3.18400E-01  3.18400E-01  1.00000E+00             69.ZN 30.  10   4
 1 2  2.50000E-04  8.71700E-01  8.71700E-01  0.00000E+00             69.ZN 30.  11   2
 6 1  8.39929E-08  8.61367E-01  8.61367E-01  2.00000E+00             69.ZN 30.  12   1
 6 5  8.36054E-09  8.70409E-01  8.70409E-01  2.00000E+00             69.ZN 30.  13   5
 6 6  8.79378E-11  8.70550E-01  8.70550E-01  2.00000E+00             69.ZN 30.  14   6
 6 7  5.91997E-11  8.70578E-01  8.70578E-01  2.00000E+00             69.ZN 30.  15   7
 6 3  1.29132E-09  8.71593E-01  8.71593E-01  2.00000E+00             69.ZN 30.  16   3
 6 4  9.70432E-11  8.71700E-01  8.71700E-01  2.00000E+00             69.ZN 30.  17   4
 2 1  6.47879E-07  9.18060E-03  9.18060E-03  0.00000E+00             69.ZN 30.  18   1
 2 2  1.25960E-06  9.20900E-03  9.20900E-03  0.00000E+00             69.ZN 30.  19   2
 2 3  8.18824E-08  1.02200E-02  1.02200E-02  0.00000E+00             69.ZN 30.  20   3
 2 4  1.59997E-07  1.02237E-02  1.02237E-02  0.00000E+00             69.ZN 30.  21   4
 2 5  1.30151E-10  1.03036E-02  1.03036E-02  0.00000E+00             69.ZN 30.  22   5
 2 6  1.87988E-10  1.03041E-02  1.03041E-02  0.00000E+00             69.ZN 30.  23   6
 2 7  4.67115E-10  1.03260E-02  1.03260E-02  0.00000E+00             69.ZN 30.  24   7
 2 8  8.90974E-10  1.03261E-02  1.03261E-02  0.00000E+00             69.ZN 30.  25   8
 221  2.08402E-11  1.40300E-04  1.40300E-04  0.00000E+00             69.ZN 30.  26  21
 222  1.04767E-10  1.68700E-04  1.68700E-04  0.00000E+00             69.ZN 30.  27  22
 223  1.03366E-09  1.17969E-03  1.17969E-03  0.00000E+00             69.ZN 30.  28  23
 224  1.66876E-09  1.18342E-03  1.18342E-03  0.00000E+00             69.ZN 30.  29  24
 225  4.21696E-12  1.26333E-03  1.26333E-03  0.00000E+00             69.ZN 30.  30  25
 226  5.86222E-12  1.26383E-03  1.26383E-03  0.00000E+00             69.ZN 30.  31  26
 227  6.38829E-12  1.28570E-03  1.28570E-03  0.00000E+00             69.ZN 30.  32  27
 228  1.14145E-11  1.28582E-03  1.28582E-03  0.00000E+00             69.ZN 30.  33  28
 241  1.59882E-15  2.84000E-05  2.84000E-05  0.00000E+00             69.ZN 30.  34  41
 242  9.01821E-09  9.92652E-04  9.92652E-04  0.00000E+00             69.ZN 30.  35  42
 243  3.99317E-11  1.04312E-03  1.04312E-03  0.00000E+00             69.ZN 30.  36  43
 244  1.53274E-08  1.12303E-03  1.12303E-03  0.00000E+00             69.ZN 30.  37  44
 245  2.79918E-10  1.13871E-03  1.13871E-03  0.00000E+00             69.ZN 30.  38  45
 246  2.91839E-14  1.14552E-03  1.14552E-03  0.00000E+00             69.ZN 30.  39  46
 261  1.70912E-08  9.64249E-04  9.64249E-04  0.00000E+00             69.ZN 30.  40  61
 262  4.00567E-11  1.01099E-03  1.01099E-03  0.00000E+00             69.ZN 30.  41  62
 263  3.86459E-11  1.01472E-03  1.01472E-03  0.00000E+00             69.ZN 30.  42  63
 264  2.56680E-09  1.09463E-03  1.09463E-03  0.00000E+00             69.ZN 30.  43  64
 265  2.66762E-08  1.09513E-03  1.09513E-03  0.00000E+00             69.ZN 30.  44  65
 266  4.74919E-10  1.11031E-03  1.11031E-03  0.00000E+00             69.ZN 30.  45  66
 267  2.63666E-14  1.11700E-03  1.11700E-03  0.00000E+00             69.ZN 30.  46  67
 268  2.48200E-14  1.11712E-03  1.11712E-03  0.00000E+00             69.ZN 30.  47  68
 291  3.30402E-10  7.99214E-05  7.99214E-05  0.00000E+00             69.ZN 30.  48  91
 294  3.01020E-05  1.57866E-05  1.57866E-05  0.00000E+00             69.ZN 30.  49  94
 7 1  1.69488E-06  7.99646E-03  7.99646E-03  0.00000E+00             69.ZN 30.  50   1
 7 2  4.47555E-07  9.04875E-03  9.04875E-03  0.00000E+00             69.ZN 30.  51   2
 7 3  3.20718E-08  1.01050E-02  1.01050E-02  0.00000E+00             69.ZN 30.  52   3
 7 4  1.11267E-06  9.42871E-05  9.42871E-05  0.00000E+00             69.ZN 30.  53   4
 7 5  6.02490E-06  1.00277E-03  1.00277E-03  0.00000E+00             69.ZN 30.  54   5
 7 6  9.31097E-08  1.05216E-03  1.05216E-03  0.00000E+00             69.ZN 30.  55   6
 7 7  4.76176E-10  1.15424E-03  1.15424E-03  0.00000E+00             69.ZN 30.  56   7
 7 8  7.57684E-06  5.44562E-05  5.44562E-05  0.00000E+00             69.ZN 30.  57   8
 7 9  8.27798E-06  1.17408E-05  1.17408E-05  0.00000E+00             69.ZN 30.  58   9
%%%%  69 ZN  30    B-           3.38400E+03 56.4 M     02-11-2005       SEEIEND 
 


   ***************************************************** 
   *                 Radiation Summary                 * 
   ***************************************************** 
 
  Energy released by
    Gamma-ray                       (MeV) =   6.00005E-06
    X-ray                           (MeV) =   2.01164E-10
    Free-bound X-ray                (MeV) =   4.75209E-12
    Annihilation photon             (MeV) =   0.00000E+00
    Beta+ particle                  (MeV) =   0.00000E+00
    Neutrino                        (MeV) =   0.00000E+00
    Beta- particle                  (MeV) =   3.21555E-01
    Neutrino-                       (MeV) =   5.84439E-01
    Internal conv. electron         (MeV) =   1.54981E-08
    Auger and CK electron           (MeV) =   2.46818E-10
    Alpha particle                  (MeV) =   0.00000E+00
    Recoil nucleus                  (MeV) =   0.00000E+00
  E-total (except unplaced radiat.) (MeV) =   9.06000E-01
  E-unplaced radiation              (MeV) =   0.00000E+00
  Q-value from ENSDF data           (MeV) =   9.06000E-01
  Ratio of E-total/Q-value          ( % ) =   1.00000E+02
  Ratio of E-unplaced radi./Q-value ( % ) =   0.00000E+00

 
  Total yield of
    Gamma-ray                             =   1.45000E-05
    X-ray                                 =   2.22577E-08
    Free-bound X-ray                      =   3.01020E-07
    Annihilation photon                   =   0.00000E+00
    Beta+ particle                        =   0.00000E+00
    Beta- particle                        =   1.00000E+00
    Internal conv. electron               =   4.84655E-08
    Auger and CK electron                 =   2.52605E-07
    Alpha particle                        =   0.00000E+00
  Yield of unplaced radiation             =   0.00000E+00


%%%%  69 ZN  30 M  IT B-        4.95360E+04 13.76 H    02-11-2005       BALASTAR
1  69M  ZN  30 13.76 H         IT B-      
1INTENSITY AND ENERGY BALANCE DATA

              69M-ZINC-30
+                                    HALFLIFE = 13.76 HOURS   
+                                                                  02-11-2005


    LEVEL       INTENSITY   INTENSITY
    ENERGY      ENTERING    LEAVING     PERCENT
    (MEV)       LEVEL       LEVEL       ERROR

   0.0000E+00  9.9967E+01
   4.3864E-01  9.9967E+01  9.9967E+01  0.0000E+00                      
   0.0000E+00  3.3031E-02
   5.7390E-01  3.3000E-02  3.3031E-02  9.2480E-02                      


 INTENSITY TO GROUND AND ISOMERIC STATE(S) OF DAUGHTER(S)=  1.000E+02
 TOTAL INTENSITY FROM PARENT=  1.000E+02
 PERCENT ERROR =  3.052E-05                      


 TOTAL INTENSITY FROM PARENT =  1.000E+02
 VALUE IS WITHIN   0.00E+00% OF 100                      


 TOTAL ENERGY AVAILABLE =  4.389E-01 MEV
 TOTAL ENERGY CONTENT OF ALL RADIATIONS =  4.389E-01 MEV
 PERCENT ERROR =  4.074E-04                      
%%%%  69 ZN  30 M  IT B-        4.95360E+04 13.76 H    02-11-2005       BALAEND 
%%%%  69 ZN  30 M  IT B-        4.95360E+04 13.76 H    02-11-2005       INPUSTAR
1                                      **INPUT DATA**
              69M-ZINC-30
+                                    HALFLIFE = 13.76 HOURS   
+                                                                  02-11-2005

            MODES OF DECAY: ISOMERIC LEVEL, BETA MINUS
 
                                MEAN
                                NUMBER/    TRANSITION
                TYPE OF    ID   TRANSFOR-  ENERGY
              TRANSITION   NO.  MATION     (MEV)       OTHER NUCLEAR PARAMETERS

           I.C.E. + GAMMA   1   1.00E+00   4.386E-01   M4 MULTIPOLE                             
+                                                                    AK= 0.0480                 
                                                       AL1=0.00504                              
               BETA MINUS   1   3.30E-04   7.707E-01*  UNIQUE FIRST FORBIDDEN                   
           I.C.E. + GAMMA   1   3.30E-04   5.739E-01   M1+E2 MULTIPOLE                          
                                                       MRS=0.00360                              
 
           * ENDPOINT ENERGY (MEV)
           - - - - - - - - - -
           Reference: Evaluated Nuclear Structure Data File (ENSDF)
                DATE DATA WERE ENTERED INTO ENSDF: Jun-2000
%%%%  69 ZN  30 M  IT B-        4.95360E+04 13.76 H    02-11-2005       INPUEND 
%%%%  69 ZN  30 M  IT B-        4.95360E+04 13.76 H    02-11-2005       OUTPSTAR
1                                      **OUTPUT DATA**
              69M-ZINC-30
+                                    HALFLIFE = 13.76 HOURS   
+                                                                  02-11-2005

            MODES OF DECAY: ISOMERIC LEVEL, BETA MINUS
 
                                              MEAN
                                              NUMBER/                  MEV/
                                         ID   TRANSFOR-   ENERGY       TRANSFOR-
                  TYPE OF RADIATION      NO.  MATION      (MEV)        MATION

           GAMMA-RAY                      1   9.48E-01    4.386E-01    4.16E-01
           K CONV. ELECTRON, GAMMA-RAY    1   4.55E-02    4.290E-01    1.95E-02
           L1 CONV. ELECTRON, GAMMA-RAY   1   4.78E-03    4.374E-01    2.09E-03
           L2 CONV. ELECTRON, GAMMA-RAY   1   3.27E-04    4.376E-01    1.43E-04
           L3 CONV. ELECTRON, GAMMA-RAY   1   3.05E-04    4.376E-01    1.34E-04
           M CONV. ELECTRON, GAMMA-RAY    1   8.15E-04    4.385E-01*   3.57E-04
           AUGER KLL                          1.91E-02    7.487E-03*   1.43E-04
           AUGER KLX                          4.87E-03    8.455E-03*   4.12E-05
           AUGER LMM                          6.61E-02    9.295E-04*   6.14E-05
           BETA MINUS                     1   3.30E-04    2.902E-01*   9.58E-05
 
           ALL LISTED X-RAYS, GAMMA-RAYS AND ANNIHILATION RADIATION    4.16E-01
           ALL NEGLECTED X-RAYS, GAMMA-RAYS AND ANNIH. RADIATION**     3.78E-04
           ALL LISTED BETAS, INTERNAL CONVERSION AND AUGER ELECTRONS   2.26E-02
           ALL NEGLECTED BETAS, INT. CONVERSION AND AUGER ELECTRONS**  2.84E-05
           ALL LISTED RADIATIONS                                       4.38E-01
           ALL NEGLECTED RADIATIONS**                                  4.07E-04
 
           *  AVERAGE ENERGY (MEV)
           ** EACH NEGLECTED TRANSITION CONTRIBUTES LESS THAN  0.100%
              TO THE TOTAL MEV/TRANSFORMATION FOR THIS CATEGORY.
           TOTAL FEEDING OF GROUND STATE LEVEL IN 69-ZINC
             DAUGHTER IS 9.9967E-01  PER TRANSFORMATION OF  69M-ZINC.
             DECAY OF THIS 56.4 MINUTES HALFLIFE LEVEL WILL CONTRIBUTE TO DOSE.
           TOTAL FEEDING OF GROUND STATE LEVEL IN 69-GALLIUM
             DAUGHTER IS 3.3000E-04  PER TRANSFORMATION OF  69M-ZINC.
             THIS DAUGHTER GROUND STATE IS STABLE.
           - - - - - - - - - -
           INPUT DATA SOURCE: EVALUATED NUCLEAR STRUCTURE DATA FILE (ENSDF)
             DATE INPUT DATA WERE ENTERED INTO ENSDF: Jun-2000
%%%%  69 ZN  30 M  IT B-        4.95360E+04 13.76 H    02-11-2005       OUTPEND 
%%%%  69 ZN  30 M  IT B-        4.95360E+04 13.76 H    02-11-2005       BETASTAR
1
              69M-ZINC-30
+                                    HALFLIFE = 13.76 HOURS   
+                                                                  02-11-2005

            BETA SPECTRUM DATA FOR ALL DECAY BRANCHES

                      BETAS PER                BETAS PER                BETAS PER
            ENERGY    MEV            ENERGY    MEV            ENERGY    MEV
            (MEV)     PER DECAY      (MEV)     PER DECAY      (MEV)     PER DECAY

            0.00000   5.745E-04      0.00200   5.709E-04      0.04500   5.746E-04
            0.00010   5.743E-04      0.00220   5.705E-04      0.05000   5.766E-04
            0.00011   5.743E-04      0.00240   5.701E-04      0.05500   5.786E-04
            0.00012   5.743E-04      0.00260   5.698E-04      0.06000   5.806E-04
            0.00013   5.743E-04      0.00280   5.694E-04      0.06500   5.826E-04
            0.00014   5.743E-04      0.00300   5.691E-04      0.07000   5.845E-04
            0.00015   5.742E-04      0.00320   5.687E-04      0.07500   5.864E-04
            0.00016   5.742E-04      0.00360   5.680E-04      0.08000   5.882E-04
            0.00018   5.742E-04      0.00400   5.672E-04      0.08500   5.899E-04
            0.00020   5.741E-04      0.00450   5.671E-04      0.09000   5.916E-04
            0.00022   5.741E-04      0.00500   5.671E-04      0.10000   5.946E-04
            0.00024   5.741E-04      0.00550   5.670E-04      0.11000   5.973E-04
            0.00026   5.740E-04      0.00600   5.670E-04      0.12000   5.997E-04
            0.00028   5.740E-04      0.00650   5.669E-04      0.13000   6.017E-04
            0.00030   5.740E-04      0.00700   5.669E-04      0.14000   6.034E-04
            0.00032   5.739E-04      0.00750   5.668E-04      0.15000   6.048E-04
            0.00036   5.739E-04      0.00800   5.668E-04      0.16000   6.058E-04
            0.00040   5.738E-04      0.00850   5.667E-04      0.18000   6.070E-04
            0.00045   5.737E-04      0.00900   5.667E-04      0.20000   6.069E-04
            0.00050   5.736E-04      0.01000   5.666E-04      0.22000   6.056E-04
            0.00055   5.735E-04      0.01100   5.665E-04      0.24000   6.031E-04
            0.00060   5.734E-04      0.01200   5.665E-04      0.26000   5.992E-04
            0.00065   5.733E-04      0.01300   5.664E-04      0.28000   5.940E-04
            0.00070   5.732E-04      0.01400   5.664E-04      0.30000   5.872E-04
            0.00075   5.731E-04      0.01500   5.664E-04      0.32000   5.788E-04
            0.00080   5.731E-04      0.01600   5.665E-04      0.36000   5.566E-04
            0.00085   5.730E-04      0.01800   5.666E-04      0.40000   5.263E-04
            0.00090   5.729E-04      0.02000   5.668E-04      0.45000   4.753E-04
            0.00100   5.727E-04      0.02200   5.672E-04      0.50000   4.090E-04
            0.00110   5.725E-04      0.02400   5.676E-04      0.55000   3.281E-04
            0.00120   5.723E-04      0.02600   5.680E-04      0.60000   2.365E-04
            0.00130   5.721E-04      0.02800   5.686E-04      0.65000   1.421E-04
            0.00140   5.720E-04      0.03000   5.691E-04      0.70000   5.841E-05
            0.00150   5.718E-04      0.03200   5.698E-04      0.75000   5.986E-06
            0.00160   5.716E-04      0.03600   5.711E-04      0.77074   0.000E+00
            0.00180   5.712E-04      0.04000   5.726E-04

            AVERAGE BETA ENERGY =   2.902E-01

            TOTAL BETAS PER DECAY FOR ALL BRANCHES =   3.300E-04
%%%%  69 ZN  30 M  IT B-        4.95360E+04 13.76 H    02-11-2005       BETAEND 
%%%%  69 ZN  30 M  IT B-        4.95360E+04 13.76 H    02-11-2005       SEEISTAR
 69.M ZINC         30.  1.376E+01 HOURS     90 IT B-                 69.ZN 30.   0
 1 1  9.47913E+01  4.38634E-01  4.38634E-01  0.00000E+00             69.ZN 30.   1   1
 6 1  4.54869E+00  4.29012E-01  4.29012E-01  1.00000E+00             69.ZN 30.   2   1
 6 5  4.78089E-01  4.37450E-01  4.37450E-01  1.00000E+00             69.ZN 30.   3   5
 6 6  3.26993E-02  4.37584E-01  4.37584E-01  1.00000E+00             69.ZN 30.   4   6
 6 7  3.05185E-02  4.37608E-01  4.37608E-01  1.00000E+00             69.ZN 30.   5   7
 6 3  8.15085E-02  4.38543E-01  4.38543E-01  1.00000E+00             69.ZN 30.   6   3
 6 4  4.20668E-03  4.38634E-01  4.38634E-01  1.00000E+00             69.ZN 30.   7   4
 2 1  6.39637E-01  8.57190E-03  8.57190E-03  0.00000E+00             69.ZN 30.   8   1
 2 2  1.24547E+00  8.59639E-03  8.59639E-03  0.00000E+00             69.ZN 30.   9   2
 2 3  7.90972E-02  9.52867E-03  9.52867E-03  0.00000E+00             69.ZN 30.  10   3
 2 4  1.54641E-01  9.53181E-03  9.53181E-03  0.00000E+00             69.ZN 30.  11   4
 2 5  1.06930E-04  9.60554E-03  9.60554E-03  0.00000E+00             69.ZN 30.  12   5
 2 6  1.54605E-04  9.60593E-03  9.60593E-03  0.00000E+00             69.ZN 30.  13   6
 221  2.51329E-05  1.33900E-04  1.33900E-04  0.00000E+00             69.ZN 30.  14  21
 222  1.19948E-04  1.58400E-04  1.58400E-04  0.00000E+00             69.ZN 30.  15  22
 223  1.06686E-03  1.09066E-03  1.09066E-03  0.00000E+00             69.ZN 30.  16  23
 224  1.69720E-03  1.09381E-03  1.09381E-03  0.00000E+00             69.ZN 30.  17  24
 225  4.18247E-06  1.16755E-03  1.16755E-03  0.00000E+00             69.ZN 30.  18  25
 226  5.65694E-06  1.16794E-03  1.16794E-03  0.00000E+00             69.ZN 30.  19  26
 241  1.40640E-09  2.45000E-05  2.45000E-05  0.00000E+00             69.ZN 30.  20  41
 242  9.99942E-03  9.13072E-04  9.13072E-04  0.00000E+00             69.ZN 30.  21  42
 243  3.92041E-05  9.59910E-04  9.59910E-04  0.00000E+00             69.ZN 30.  22  43
 244  1.27345E-02  1.03365E-03  1.03365E-03  0.00000E+00             69.ZN 30.  23  44
 245  2.82769E-04  1.04189E-03  1.04189E-03  0.00000E+00             69.ZN 30.  24  45
 261  1.88309E-02  8.88571E-04  8.88571E-04  0.00000E+00             69.ZN 30.  25  61
 262  3.98948E-05  9.32260E-04  9.32260E-04  0.00000E+00             69.ZN 30.  26  62
 263  3.85739E-05  9.35410E-04  9.35410E-04  0.00000E+00             69.ZN 30.  27  63
 264  2.14865E-03  1.00915E-03  1.00915E-03  0.00000E+00             69.ZN 30.  28  64
 265  2.27710E-02  1.00954E-03  1.00954E-03  0.00000E+00             69.ZN 30.  29  65
 266  4.90430E-04  1.01738E-03  1.01738E-03  0.00000E+00             69.ZN 30.  30  66
 291  2.66889E-04  7.16087E-05  7.16087E-05  0.00000E+00             69.ZN 30.  31  91
 294  2.42365E+01  1.63551E-05  1.63551E-05  0.00000E+00             69.ZN 30.  32  94
 7 1  1.90818E+00  7.48697E-03  7.48697E-03  0.00000E+00             69.ZN 30.  33   1
 7 2  4.87110E-01  8.45549E-03  8.45549E-03  0.00000E+00             69.ZN 30.  34   2
 7 3  3.42924E-02  9.42804E-03  9.42804E-03  0.00000E+00             69.ZN 30.  35   3
 7 4  1.21183E+00  8.97900E-05  8.97900E-05  0.00000E+00             69.ZN 30.  36   4
 7 5  6.60752E+00  9.29474E-04  9.29474E-04  0.00000E+00             69.ZN 30.  37   5
 7 6  5.20472E-02  9.75972E-04  9.75972E-04  0.00000E+00             69.ZN 30.  38   6
 7 7  1.72774E-04  1.07709E-03  1.07709E-03  0.00000E+00             69.ZN 30.  39   7
 7 8  8.76303E+00  5.68066E-05  5.68066E-05  0.00000E+00             69.ZN 30.  40   8
 7 9  8.28396E-04  1.18312E-04  1.18312E-04  0.00000E+00             69.ZN 30.  41   9
 5 1  3.30000E-02  2.90211E-01  7.70736E-01  1.00000E+00             69.ZN 30.  42   1
 1 1  3.30000E-02  5.73900E-01  5.73900E-01  0.00000E+00             69.ZN 30.  43   1
 6 1  2.72966E-05  5.63567E-01  5.63567E-01  1.00000E+00             69.ZN 30.  44   1
 6 5  2.72102E-06  5.72609E-01  5.72609E-01  1.00000E+00             69.ZN 30.  45   5
 6 6  3.88495E-08  5.72750E-01  5.72750E-01  1.00000E+00             69.ZN 30.  46   6
 6 7  2.17064E-08  5.72778E-01  5.72778E-01  1.00000E+00             69.ZN 30.  47   7
 6 3  4.21629E-07  5.73793E-01  5.73793E-01  1.00000E+00             69.ZN 30.  48   3
 6 4  3.16341E-08  5.73900E-01  5.73900E-01  1.00000E+00             69.ZN 30.  49   4
 2 1  4.08849E-06  9.18060E-03  9.18060E-03  0.00000E+00             69.ZN 30.  50   1
 2 2  7.94878E-06  9.20900E-03  9.20900E-03  0.00000E+00             69.ZN 30.  51   2
 2 3  5.16725E-07  1.02200E-02  1.02200E-02  0.00000E+00             69.ZN 30.  52   3
 2 4  1.00968E-06  1.02237E-02  1.02237E-02  0.00000E+00             69.ZN 30.  53   4
 2 5  8.21329E-10  1.03036E-02  1.03036E-02  0.00000E+00             69.ZN 30.  54   5
 2 6  1.18631E-09  1.03041E-02  1.03041E-02  0.00000E+00             69.ZN 30.  55   6
 2 7  2.94776E-09  1.03260E-02  1.03260E-02  0.00000E+00             69.ZN 30.  56   7
 2 8  5.62256E-09  1.03261E-02  1.03261E-02  0.00000E+00             69.ZN 30.  57   8
 221  1.31575E-10  1.40300E-04  1.40300E-04  0.00000E+00             69.ZN 30.  58  21
 222  6.61448E-10  1.68700E-04  1.68700E-04  0.00000E+00             69.ZN 30.  59  22
 223  6.52602E-09  1.17969E-03  1.17969E-03  0.00000E+00             69.ZN 30.  60  23
 224  1.05357E-08  1.18342E-03  1.18342E-03  0.00000E+00             69.ZN 30.  61  24
 225  2.66239E-11  1.26333E-03  1.26333E-03  0.00000E+00             69.ZN 30.  62  25
 226  3.70113E-11  1.26383E-03  1.26383E-03  0.00000E+00             69.ZN 30.  63  26
 227  4.03326E-11  1.28570E-03  1.28570E-03  0.00000E+00             69.ZN 30.  64  27
 228  7.20658E-11  1.28582E-03  1.28582E-03  0.00000E+00             69.ZN 30.  65  28
 241  1.00682E-14  2.84000E-05  2.84000E-05  0.00000E+00             69.ZN 30.  66  41
 242  5.67903E-08  9.92652E-04  9.92652E-04  0.00000E+00             69.ZN 30.  67  42
 243  2.51461E-10  1.04312E-03  1.04312E-03  0.00000E+00             69.ZN 30.  68  43
 244  9.65208E-08  1.12303E-03  1.12303E-03  0.00000E+00             69.ZN 30.  69  44
 245  1.76272E-09  1.13871E-03  1.13871E-03  0.00000E+00             69.ZN 30.  70  45
 246  1.83779E-13  1.14552E-03  1.14552E-03  0.00000E+00             69.ZN 30.  71  46
 261  1.07769E-07  9.64249E-04  9.64249E-04  0.00000E+00             69.ZN 30.  72  61
 262  2.52579E-10  1.01099E-03  1.01099E-03  0.00000E+00             69.ZN 30.  73  62
 263  2.43683E-10  1.01472E-03  1.01472E-03  0.00000E+00             69.ZN 30.  74  63
 264  1.61850E-08  1.09463E-03  1.09463E-03  0.00000E+00             69.ZN 30.  75  64
 265  1.68207E-07  1.09513E-03  1.09513E-03  0.00000E+00             69.ZN 30.  76  65
 266  2.99461E-09  1.11031E-03  1.11031E-03  0.00000E+00             69.ZN 30.  77  66
 267  1.66255E-13  1.11700E-03  1.11700E-03  0.00000E+00             69.ZN 30.  78  67
 268  1.56503E-13  1.11712E-03  1.11712E-03  0.00000E+00             69.ZN 30.  79  68
 291  2.08278E-09  7.99196E-05  7.99196E-05  0.00000E+00             69.ZN 30.  80  91
 294  1.89753E-04  1.57874E-05  1.57874E-05  0.00000E+00             69.ZN 30.  81  94
 7 1  1.06957E-05  7.99646E-03  7.99646E-03  0.00000E+00             69.ZN 30.  82   1
 7 2  2.82433E-06  9.04875E-03  9.04875E-03  0.00000E+00             69.ZN 30.  83   2
 7 3  2.02392E-07  1.01050E-02  1.01050E-02  0.00000E+00             69.ZN 30.  84   3
 7 4  7.02380E-06  9.42984E-05  9.42984E-05  0.00000E+00             69.ZN 30.  85   4
 7 5  3.79762E-05  1.00277E-03  1.00277E-03  0.00000E+00             69.ZN 30.  86   5
 7 6  5.86981E-07  1.05218E-03  1.05218E-03  0.00000E+00             69.ZN 30.  87   6
 7 7  3.00251E-09  1.15428E-03  1.15428E-03  0.00000E+00             69.ZN 30.  88   7
 7 8  4.77635E-05  5.44552E-05  5.44552E-05  0.00000E+00             69.ZN 30.  89   8
 7 9  5.21774E-05  1.17408E-05  1.17408E-05  0.00000E+00             69.ZN 30.  90   9
%%%%  69 ZN  30 M  IT B-        4.95360E+04 13.76 H    02-11-2005       SEEIEND 
 


   ***************************************************** 
   *                 Radiation Summary                 * 
   ***************************************************** 
 
  Energy released by
    Gamma-ray                       (MeV) =   4.15976E-01
    X-ray                           (MeV) =   1.84880E-04
    Free-bound X-ray                (MeV) =   3.96392E-06
    Annihilation photon             (MeV) =   0.00000E+00
    Beta+ particle                  (MeV) =   0.00000E+00
    Neutrino                        (MeV) =   0.00000E+00
    Beta- particle                  (MeV) =   9.57695E-05
    Neutrino-                       (MeV) =   1.58573E-04
    Internal conv. electron         (MeV) =   2.22585E-02
    Auger and CK electron           (MeV) =   2.55279E-04
    Alpha particle                  (MeV) =   0.00000E+00
    Recoil nucleus                  (MeV) =   0.00000E+00
  E-total (except unplaced radiat.) (MeV) =   4.38933E-01
  E-unplaced radiation              (MeV) =   0.00000E+00
  Q-value from ENSDF data           (MeV) =   4.38935E-01
  Ratio of E-total/Q-value          ( % ) =   9.99996E+01
  Ratio of E-unplaced radi./Q-value ( % ) =   0.00000E+00

 
  Total yield of
    Gamma-ray                             =   9.48243E-01
    X-ray                                 =   2.18968E-02
    Free-bound X-ray                      =   2.42367E-01
    Annihilation photon                   =   0.00000E+00
    Beta+ particle                        =   0.00000E+00
    Beta- particle                        =   3.30000E-04
    Internal conv. electron               =   5.17574E-02
    Auger and CK electron                 =   1.90652E-01
    Alpha particle                        =   0.00000E+00
  Yield of unplaced radiation             =   0.00000E+00


