%%%%  95 ZR  40    B-           5.53236E+06 64.032 D   02-11-2005       BALASTAR
1  95   ZR  40 64.032 D        B-         
1INTENSITY AND ENERGY BALANCE DATA

              95-ZIRCONIUM-40
+                                    HALFLIFE = 64.032 DAYS    
+                                                                  02-11-2005


    LEVEL       INTENSITY   INTENSITY
    ENERGY      ENTERING    LEAVING     PERCENT
    (MEV)       LEVEL       LEVEL       ERROR

   0.0000E+00  9.8900E+01
   2.3569E-01  1.0802E+00  0.0000E+00  2.0000E+02  ********************
   7.2420E-01  4.4348E+01  4.4340E+01  1.7661E-02                      
   7.5673E-01  5.4469E+01  5.4458E+01  2.1503E-02                      


 INTENSITY TO GROUND AND ISOMERIC STATE(S) OF DAUGHTER(S)=  9.998E+01
 TOTAL INTENSITY FROM PARENT=  1.000E+02
 PERCENT ERROR =  1.954E-02                      


 TOTAL INTENSITY FROM PARENT =  1.000E+02
 VALUE IS WITHIN   0.00E+00% OF 100                      


 TOTAL ENERGY AVAILABLE =  1.125E+00 MEV
 TOTAL ENERGY CONTENT OF ALL RADIATIONS =  1.125E+00 MEV
 PERCENT ERROR =  1.319E-02                      
%%%%  95 ZR  40    B-           5.53236E+06 64.032 D   02-11-2005       BALAEND 
%%%%  95 ZR  40    B-           5.53236E+06 64.032 D   02-11-2005       INPUSTAR
1                                      **INPUT DATA**
              95-ZIRCONIUM-40
+                                    HALFLIFE = 64.032 DAYS    
+                                                                  02-11-2005

            MODE OF DECAY: BETA MINUS
 
                                MEAN
                                NUMBER/    TRANSITION
                TYPE OF    ID   TRANSFOR-  ENERGY
              TRANSITION   NO.  MATION     (MEV)       OTHER NUCLEAR PARAMETERS

               BETA MINUS   1   5.45E-01   3.681E-01*  ALLOWED                                  
               BETA MINUS   2   4.43E-01   4.006E-01*  ALLOWED                                  
               BETA MINUS   3   1.08E-02   8.891E-01*  UNIQUE FIRST FORBIDDEN                   
               BETA MINUS   4   1.03E-03   1.125E+00*  SECOND FORBIDDEN                         
           I.C.E. + GAMMA   2   4.43E-01   7.242E-01   M1+E2 MULTIPOLE                          
                                                       MRS=0.0121    AK= 0.00139                
           I.C.E. + GAMMA   3   5.45E-01   7.567E-01   M1+E2 MULTIPOLE                          
                                                       MRS=0.0196    AK= 0.00126                
 
           * ENDPOINT ENERGY (MEV)
           - - - - - - - - - -
           Reference: Evaluated Nuclear Structure Data File (ENSDF)
                DATE DATA WERE ENTERED INTO ENSDF: Sep-2000
%%%%  95 ZR  40    B-           5.53236E+06 64.032 D   02-11-2005       INPUEND 
%%%%  95 ZR  40    B-           5.53236E+06 64.032 D   02-11-2005       OUTPSTAR
1                                      **OUTPUT DATA**
              95-ZIRCONIUM-40
+                                    HALFLIFE = 64.032 DAYS    
+                                                                  02-11-2005

            MODE OF DECAY: BETA MINUS
 
                                              MEAN
                                              NUMBER/                  MEV/
                                         ID   TRANSFOR-   ENERGY       TRANSFOR-
                  TYPE OF RADIATION      NO.  MATION      (MEV)        MATION

           BETA MINUS                     1   5.45E-01    1.098E-01*   5.98E-02
           BETA MINUS                     2   4.43E-01    1.210E-01*   5.37E-02
           BETA MINUS                     3   1.08E-02    3.276E-01*   3.54E-03
           BETA MINUS                     4   1.03E-03    4.239E-01*   4.37E-04
           GAMMA-RAY                      2   4.43E-01    7.242E-01    3.21E-01
           K CONV. ELECTRON, GAMMA-RAY    2   6.14E-04    7.052E-01    4.33E-04
           GAMMA-RAY                      3   5.44E-01    7.567E-01    4.12E-01
           K CONV. ELECTRON, GAMMA-RAY    3   6.83E-04    7.378E-01    5.04E-04
 
           ALL LISTED X-RAYS, GAMMA-RAYS AND ANNIHILATION RADIATION    7.32E-01
           ALL NEGLECTED X-RAYS, GAMMA-RAYS AND ANNIH. RADIATION**     1.65E-05
           ALL LISTED BETAS, INTERNAL CONVERSION AND AUGER ELECTRONS   1.18E-01
           ALL NEGLECTED BETAS, INT. CONVERSION AND AUGER ELECTRONS**  1.38E-04
           ALL LISTED RADIATIONS                                       8.50E-01
           ALL NEGLECTED RADIATIONS**                                  1.54E-04
 
           *  AVERAGE ENERGY (MEV)
           ** EACH NEGLECTED TRANSITION CONTRIBUTES LESS THAN  0.100%
              TO THE TOTAL MEV/TRANSFORMATION FOR THIS CATEGORY.
           TOTAL FEEDING OF 0.235690 MEV ISOMERIC LEVEL IN  95-NIOBIUM     
             DAUGHTER IS 1.0802E-02 PER TRANSFORMATION OF  95-ZIRCONIUM.
             DECAY OF THIS 3.61 DAYS HALFLIFE LEVEL WILL CONTRIBUTE TO DOSE.
           TOTAL FEEDING OF GROUND STATE LEVEL IN 95-NIOBIUM
             DAUGHTER IS 9.8920E-01 PER TRANSFORMATION OF  95-ZIRCONIUM.
             DECAY OF THIS 34.991 DAYS HALFLIFE LEVEL WILL CONTRIBUTE TO DOSE.
           - - - - - - - - - -
           INPUT DATA SOURCE: EVALUATED NUCLEAR STRUCTURE DATA FILE (ENSDF)
             DATE INPUT DATA WERE ENTERED INTO ENSDF: Sep-2000
%%%%  95 ZR  40    B-           5.53236E+06 64.032 D   02-11-2005       OUTPEND 
%%%%  95 ZR  40    B-           5.53236E+06 64.032 D   02-11-2005       BETASTAR
1
              95-ZIRCONIUM-40
+                                    HALFLIFE = 64.032 DAYS    
+                                                                  02-11-2005

            BETA SPECTRUM DATA FOR ALL DECAY BRANCHES

                      BETAS PER                BETAS PER                BETAS PER
            ENERGY    MEV            ENERGY    MEV            ENERGY    MEV
            (MEV)     PER DECAY      (MEV)     PER DECAY      (MEV)     PER DECAY

            0.00000   5.530E+00      0.00240   5.487E+00      0.06500   4.727E+00
            0.00010   5.528E+00      0.00260   5.483E+00      0.07000   4.660E+00
            0.00011   5.528E+00      0.00280   5.480E+00      0.07500   4.592E+00
            0.00012   5.528E+00      0.00300   5.476E+00      0.08000   4.521E+00
            0.00013   5.528E+00      0.00320   5.472E+00      0.08500   4.449E+00
            0.00014   5.528E+00      0.00360   5.465E+00      0.09000   4.376E+00
            0.00015   5.528E+00      0.00400   5.458E+00      0.10000   4.223E+00
            0.00016   5.527E+00      0.00450   5.449E+00      0.11000   4.064E+00
            0.00018   5.527E+00      0.00500   5.439E+00      0.12000   3.898E+00
            0.00020   5.527E+00      0.00550   5.430E+00      0.13000   3.726E+00
            0.00022   5.526E+00      0.00600   5.421E+00      0.14000   3.549E+00
            0.00024   5.526E+00      0.00650   5.417E+00      0.15000   3.367E+00
            0.00026   5.526E+00      0.00700   5.412E+00      0.16000   3.182E+00
            0.00028   5.525E+00      0.00750   5.406E+00      0.18000   2.801E+00
            0.00030   5.525E+00      0.00800   5.401E+00      0.20000   2.414E+00
            0.00032   5.524E+00      0.00850   5.396E+00      0.22000   2.027E+00
            0.00036   5.524E+00      0.00900   5.391E+00      0.24000   1.650E+00
            0.00040   5.523E+00      0.01000   5.380E+00      0.26000   1.290E+00
            0.00045   5.522E+00      0.01100   5.369E+00      0.28000   9.571E-01
            0.00050   5.521E+00      0.01200   5.359E+00      0.30000   6.602E-01
            0.00055   5.520E+00      0.01300   5.348E+00      0.32000   4.096E-01
            0.00060   5.519E+00      0.01400   5.337E+00      0.36000   9.109E-02
            0.00065   5.519E+00      0.01500   5.326E+00      0.40000   1.689E-02
            0.00070   5.518E+00      0.01600   5.314E+00      0.45000   1.592E-02
            0.00075   5.517E+00      0.01800   5.292E+00      0.50000   1.471E-02
            0.00080   5.516E+00      0.02000   5.269E+00      0.55000   1.321E-02
            0.00085   5.515E+00      0.02200   5.247E+00      0.60000   1.140E-02
            0.00090   5.514E+00      0.02400   5.224E+00      0.65000   9.322E-03
            0.00100   5.512E+00      0.02600   5.201E+00      0.70000   7.043E-03
            0.00110   5.510E+00      0.02800   5.178E+00      0.75000   4.716E-03
            0.00120   5.509E+00      0.03000   5.155E+00      0.80000   2.583E-03
            0.00130   5.507E+00      0.03200   5.132E+00      0.85000   1.006E-03
            0.00140   5.505E+00      0.03600   5.085E+00      0.90000   4.480E-04
            0.00150   5.503E+00      0.04000   5.038E+00      1.00000   1.805E-04
            0.00160   5.501E+00      0.04500   4.978E+00      1.10000   9.261E-06
            0.00180   5.498E+00      0.05000   4.917E+00      1.12480   0.000E+00
            0.00200   5.494E+00      0.05500   4.855E+00
            0.00220   5.490E+00      0.06000   4.792E+00

            AVERAGE BETA ENERGY =   1.174E-01

            TOTAL BETAS PER DECAY FOR ALL BRANCHES =   1.000E+00
%%%%  95 ZR  40    B-           5.53236E+06 64.032 D   02-11-2005       BETAEND 
%%%%  95 ZR  40    B-           5.53236E+06 64.032 D   02-11-2005       SEEISTAR
 95.  ZIRCONIUM    40.  6.403E+01 DAYS      69 B-                    95.ZR 40.   0
 5 1  5.44693E+01  1.09806E-01  3.68072E-01  0.00000E+00             95.ZR 40.   1   1
 5 2  4.43475E+01  1.21006E-01  4.00605E-01  0.00000E+00             95.ZR 40.   2   2
 5 3  1.08018E+00  3.27644E-01  8.89110E-01  1.00000E+00             95.ZR 40.   3   3
 5 4  1.03018E-01  4.23945E-01  1.12480E+00  1.00000E+00             95.ZR 40.   4   4
 1 2  4.42700E+01  7.24192E-01  7.24192E-01  0.00000E+00             95.ZR 40.   5   2
 6 1  6.14309E-02  7.05244E-01  7.05244E-01  2.00000E+00             95.ZR 40.   6   1
 6 5  6.63853E-03  7.21516E-01  7.21516E-01  2.00000E+00             95.ZR 40.   7   5
 6 6  1.43014E-04  7.21725E-01  7.21725E-01  2.00000E+00             95.ZR 40.   8   6
 6 7  6.39359E-05  7.21823E-01  7.21823E-01  2.00000E+00             95.ZR 40.   9   7
 6 3  1.21639E-03  7.23833E-01  7.23833E-01  2.00000E+00             95.ZR 40.  10   3
 6 4  2.16901E-04  7.24192E-01  7.24192E-01  2.00000E+00             95.ZR 40.  11   4
 1 3  5.43800E+01  7.56725E-01  7.56725E-01  0.00000E+00             95.ZR 40.  12   3
 6 1  6.83463E-02  7.37777E-01  7.37777E-01  3.00000E+00             95.ZR 40.  13   1
 6 5  7.38347E-03  7.54049E-01  7.54049E-01  3.00000E+00             95.ZR 40.  14   5
 6 6  1.55897E-04  7.54258E-01  7.54258E-01  3.00000E+00             95.ZR 40.  15   6
 6 7  7.16726E-05  7.54356E-01  7.54356E-01  3.00000E+00             95.ZR 40.  16   7
 6 3  1.35205E-03  7.56366E-01  7.56366E-01  3.00000E+00             95.ZR 40.  17   3
 6 4  2.41207E-04  7.56725E-01  7.56725E-01  3.00000E+00             95.ZR 40.  18   4
 2 1  2.81279E-02  1.64814E-02  1.64814E-02  0.00000E+00             95.ZR 40.  19   1
 2 2  5.37134E-02  1.65789E-02  1.65789E-02  0.00000E+00             95.ZR 40.  20   2
 2 3  4.30625E-03  1.85728E-02  1.85728E-02  0.00000E+00             95.ZR 40.  21   3
 2 4  8.38554E-03  1.85887E-02  1.85887E-02  0.00000E+00             95.ZR 40.  22   4
 2 5  1.94173E-05  1.87332E-02  1.87332E-02  0.00000E+00             95.ZR 40.  23   5
 2 6  2.75141E-05  1.87362E-02  1.87362E-02  0.00000E+00             95.ZR 40.  24   6
 2 7  7.61298E-04  1.89073E-02  1.89073E-02  0.00000E+00             95.ZR 40.  25   7
 2 8  1.45571E-03  1.89096E-02  1.89096E-02  0.00000E+00             95.ZR 40.  26   8
 2 9  5.56211E-07  1.89420E-02  1.89420E-02  0.00000E+00             95.ZR 40.  27   9
 210  7.79661E-07  1.89422E-02  1.89422E-02  0.00000E+00             95.ZR 40.  28  10
 221  3.99120E-07  2.09700E-04  2.09700E-04  0.00000E+00             95.ZR 40.  29  21
 222  2.51606E-06  3.07200E-04  3.07200E-04  0.00000E+00             95.ZR 40.  30  22
 223  5.07802E-05  2.30108E-03  2.30108E-03  0.00000E+00             95.ZR 40.  31  23
 224  8.79047E-05  2.31702E-03  2.31702E-03  0.00000E+00             95.ZR 40.  32  24
 225  4.13016E-07  2.46148E-03  2.46148E-03  0.00000E+00             95.ZR 40.  33  25
 226  6.15353E-07  2.46449E-03  2.46449E-03  0.00000E+00             95.ZR 40.  34  26
 227  7.59344E-06  2.63572E-03  2.63572E-03  0.00000E+00             95.ZR 40.  35  27
 228  1.32466E-05  2.63794E-03  2.63794E-03  0.00000E+00             95.ZR 40.  36  28
 229  9.11341E-09  2.67036E-03  2.67036E-03  0.00000E+00             95.ZR 40.  37  29
 230  1.35276E-08  2.67054E-03  2.67054E-03  0.00000E+00             95.ZR 40.  38  30
 241  1.99617E-10  9.75000E-05  9.75000E-05  0.00000E+00             95.ZR 40.  39  41
 242  1.38574E-04  2.01062E-03  2.01062E-03  0.00000E+00             95.ZR 40.  40  42
 243  1.30049E-06  2.10732E-03  2.10732E-03  0.00000E+00             95.ZR 40.  41  43
 244  1.34163E-03  2.25177E-03  2.25177E-03  0.00000E+00             95.ZR 40.  42  44
 245  1.02767E-05  2.40315E-03  2.40315E-03  0.00000E+00             95.ZR 40.  43  45
 246  4.82666E-08  2.42824E-03  2.42824E-03  0.00000E+00             95.ZR 40.  44  46
 247  3.31479E-05  2.46066E-03  2.46066E-03  0.00000E+00             95.ZR 40.  45  47
 261  4.98496E-04  1.91312E-03  1.91312E-03  0.00000E+00             95.ZR 40.  46  61
 262  2.06475E-06  1.99389E-03  1.99389E-03  0.00000E+00             95.ZR 40.  47  62
 263  1.94523E-06  2.00982E-03  2.00982E-03  0.00000E+00             95.ZR 40.  48  63
 264  3.23005E-04  2.15428E-03  2.15428E-03  0.00000E+00             95.ZR 40.  49  64
 265  2.86953E-03  2.15729E-03  2.15729E-03  0.00000E+00             95.ZR 40.  50  65
 266  2.39955E-05  2.30565E-03  2.30565E-03  0.00000E+00             95.ZR 40.  51  66
 267  5.88669E-08  2.32852E-03  2.32852E-03  0.00000E+00             95.ZR 40.  52  67
 268  5.63360E-08  2.33074E-03  2.33074E-03  0.00000E+00             95.ZR 40.  53  68
 269  7.90238E-06  2.36316E-03  2.36316E-03  0.00000E+00             95.ZR 40.  54  69
 270  6.97017E-05  2.36333E-03  2.36333E-03  0.00000E+00             95.ZR 40.  55  70
 291  9.52783E-05  2.01611E-04  2.01611E-04  0.00000E+00             95.ZR 40.  56  91
 292  1.52234E-06  2.62882E-05  2.62882E-05  0.00000E+00             95.ZR 40.  57  92
 294  1.60490E+00  5.83035E-06  5.83035E-06  0.00000E+00             95.ZR 40.  58  94
 7 1  2.36485E-02  1.40095E-02  1.40095E-02  0.00000E+00             95.ZR 40.  59   1
 7 2  8.57949E-03  1.61428E-02  1.61428E-02  0.00000E+00             95.ZR 40.  60   2
 7 3  7.50896E-04  1.82785E-02  1.82785E-02  0.00000E+00             95.ZR 40.  61   3
 7 4  2.86260E-02  1.07149E-04  1.07149E-04  0.00000E+00             95.ZR 40.  62   4
 7 5  1.29454E-01  1.85275E-03  1.85275E-03  0.00000E+00             95.ZR 40.  63   5
 7 6  1.65682E-02  2.07345E-03  2.07345E-03  0.00000E+00             95.ZR 40.  64   6
 7 7  6.69389E-04  2.33398E-03  2.33398E-03  0.00000E+00             95.ZR 40.  65   7
 7 8  1.35248E-01  1.03627E-04  1.03627E-04  0.00000E+00             95.ZR 40.  66   8
 7 9  3.20426E-01  1.48922E-04  1.48922E-04  0.00000E+00             95.ZR 40.  67   9
 710  3.52748E-03  1.89071E-04  1.89071E-04  0.00000E+00             95.ZR 40.  68  10
 712  7.90175E-01  2.53269E-05  2.53269E-05  0.00000E+00             95.ZR 40.  69  12
%%%%  95 ZR  40    B-           5.53236E+06 64.032 D   02-11-2005       SEEIEND 
 


   ***************************************************** 
   *                 Radiation Summary                 * 
   ***************************************************** 
 
  Energy released by
    Gamma-ray                       (MeV) =   7.32107E-01
    X-ray                           (MeV) =   1.64467E-05
    Free-bound X-ray                (MeV) =   9.35711E-08
    Annihilation photon             (MeV) =   0.00000E+00
    Beta+ particle                  (MeV) =   0.00000E+00
    Neutrino                        (MeV) =   0.00000E+00
    Beta- particle                  (MeV) =   1.17449E-01
    Neutrino-                       (MeV) =   2.71458E-01
    Internal conv. electron         (MeV) =   1.06669E-03
    Auger and CK electron           (MeV) =   8.44768E-06
    Alpha particle                  (MeV) =   0.00000E+00
    Recoil nucleus                  (MeV) =   0.00000E+00
  E-total (except unplaced radiat.) (MeV) =   1.12211E+00
  E-unplaced radiation              (MeV) =   0.00000E+00
  Q-value from ENSDF data           (MeV) =   1.12480E+00
  Ratio of E-total/Q-value          ( % ) =   9.97605E+01
  Ratio of E-unplaced radi./Q-value ( % ) =   0.00000E+00

 
  Total yield of
    Gamma-ray                             =   9.86500E-01
    X-ray                                 =   1.02380E-03
    Free-bound X-ray                      =   1.60490E-02
    Annihilation photon                   =   0.00000E+00
    Beta+ particle                        =   0.00000E+00
    Beta- particle                        =   1.00000E+00
    Internal conv. electron               =   1.47260E-03
    Auger and CK electron                 =   1.45767E-02
    Alpha particle                        =   0.00000E+00
  Yield of unplaced radiation             =   0.00000E+00


