 111-SILVER-47           HALFLIFE = 7.45 DAYS    

  MODE OF DECAY: BETA MINUS
 
                                    MEAN
                                    NUMBER/                  MEV/
                               ID   TRANSFOR-   ENERGY       TRANSFOR-
        TYPE OF RADIATION      NO.  MATION      (MEV)        MATION

 BETA MINUS                     5   7.00E-02    2.268E-01*   1.59E-02
 BETA MINUS                     6   1.23E-02    2.822E-01*   3.47E-03
 BETA MINUS                     7   9.17E-01    3.639E-01*   3.34E-01
 GAMMA-RAY                      1   1.16E-03    9.675E-02    1.12E-04
 GAMMA-RAY                      2   1.33E-02    2.454E-01    3.26E-03
 GAMMA-RAY                      4   6.68E-02    3.421E-01    2.29E-02
 GAMMA-RAY                     10   1.10E-04    6.203E-01    6.80E-05
 GAMMA-RAY                     11   6.01E-05    6.220E-01    3.74E-05
 GAMMA-RAY                     14   3.61E-05    8.670E-01    3.13E-05
 
 ALL LISTED X-RAYS, GAMMA-RAYS AND ANNIHILATION RADIATION    2.64E-02
 ALL NEGLECTED X-RAYS, GAMMA-RAYS AND ANNIH. RADIATION**     1.19E-04
 ALL LISTED BETAS, INTERNAL CONVERSION AND AUGER ELECTRONS   3.53E-01
 ALL NEGLECTED BETAS, INT. CONVERSION AND AUGER ELECTRONS**  6.61E-04
 ALL LISTED RADIATIONS                                       3.80E-01
 ALL NEGLECTED RADIATIONS**                                  7.80E-04
 
 *  AVERAGE ENERGY (MEV)
 ** EACH NEGLECTED TRANSITION CONTRIBUTES LESS THAN  0.100%
    TO THE TOTAL MEV/TRANSFORMATION FOR THIS CATEGORY.
 TOTAL FEEDING OF GROUND STATE LEVEL IN 111-CADMIUM
   DAUGHTER IS 1.0000E+00 PER TRANSFORMATION OF 111-SILVER.
   THIS DAUGHTER GROUND STATE IS STABLE.
