 37-ARGON-18             HALFLIFE = 35.04 DAYS    

  MODE OF DECAY: ELECTRON CAPTURE
 
                                    MEAN
                                    NUMBER/                  MEV/
                               ID   TRANSFOR-   ENERGY       TRANSFOR-
        TYPE OF RADIATION      NO.  MATION      (MEV)        MATION

 K -L2 X-RAY                        2.69E-02    2.595E-03    6.99E-05
 K -L3 X-RAY                        5.33E-02    2.597E-03    1.38E-04
 K -M2 X-RAY                        1.72E-03    2.792E-03    4.79E-06
 K -M3 X-RAY                        3.40E-03    2.793E-03    9.49E-06
 L1-L2 X-RAY                        5.53E-05    5.857E-05    3.24E-09
 L1-L3 X-RAY                        1.42E-04    6.035E-05    8.55E-09
 L1-M2 X-RAY                        2.42E-05    2.556E-04    6.17E-09
 L1-M3 X-RAY                        3.91E-05    2.558E-04    9.99E-09
 L2-L3 X-RAY                        4.02E-13    1.780E-06    7.16E-19
 L2-M1 X-RAY                        2.02E-04    1.846E-04    3.73E-08
 L2-M3 X-RAY                        5.62E-08    1.972E-04    1.11E-11
 L3-M1 X-RAY                        3.73E-04    1.829E-04    6.82E-08
 L3-M2 X-RAY                        5.15E-08    1.953E-04    1.01E-11
 L3-M3 X-RAY                        5.06E-08    1.954E-04    9.89E-12
 Free-Bound X-RAY                   3.89E+00    1.488E-05*   5.79E-05
 AUGER KLL                          7.03E-01    2.363E-03*   1.66E-03
 AUGER KLX                          1.07E-01    2.566E-03*   2.74E-04
 AUGER KXY                          4.08E-03    2.772E-03*   1.13E-05
 CK LLX                             4.03E-01    4.058E-05*   1.63E-05
 AUGER LMM                          1.68E+00    1.802E-04*   3.03E-04
 
 ALL LISTED X-RAYS, GAMMA-RAYS AND ANNIHILATION RADIATION    2.81E-04
 ALL LISTED BETAS, INTERNAL CONVERSION AND AUGER ELECTRONS   2.27E-03
 ALL LISTED RADIATIONS                                       2.55E-03
 
 *  AVERAGE ENERGY (MEV)
 TOTAL FEEDING OF GROUND STATE LEVEL IN 37-CHLORINE
   DAUGHTER IS 1.0000E+00 PER TRANSFORMATION OF  37-ARGON.
   THIS DAUGHTER GROUND STATE IS STABLE.
