 73-ARSENIC-33           HALFLIFE = 80.3 DAYS    

  MODE OF DECAY: ELECTRON CAPTURE
 
                                    MEAN
                                    NUMBER/                  MEV/
                               ID   TRANSFOR-   ENERGY       TRANSFOR-
        TYPE OF RADIATION      NO.  MATION      (MEV)        MATION

 K CONV. ELECTRON, GAMMA-RAY    1   2.62E-01    2.218E-03    5.82E-04
 L1 CONV. ELECTRON, GAMMA-RAY   1   2.68E-02    1.188E-02    3.18E-04
 L2 CONV. ELECTRON, GAMMA-RAY   1   2.21E-01    1.203E-02    2.66E-03
 L3 CONV. ELECTRON, GAMMA-RAY   1   3.91E-01    1.206E-02    4.72E-03
 M CONV. ELECTRON, GAMMA-RAY    1   9.57E-02    1.316E-02*   1.26E-03
 GAMMA-RAY                      2   1.05E-01    5.344E-02    5.60E-03
 K CONV. ELECTRON, GAMMA-RAY    2   7.63E-01    4.237E-02    3.23E-02
 L1 CONV. ELECTRON, GAMMA-RAY   2   9.21E-02    5.203E-02    4.79E-03
 L2 CONV. ELECTRON, GAMMA-RAY   2   8.84E-03    5.218E-02    4.61E-04
 L3 CONV. ELECTRON, GAMMA-RAY   2   1.21E-02    5.221E-02    6.31E-04
 M CONV. ELECTRON, GAMMA-RAY    2   1.78E-02    5.331E-02*   9.51E-04
 N+ CONV. ELECTRON, GAMMA-RAY   2   1.36E-03    5.344E-02*   7.28E-05
 K -L2 X-RAY                        3.01E-01    9.812E-03    2.95E-03
 K -L3 X-RAY                        5.84E-01    9.844E-03    5.75E-03
 K -M2 X-RAY                        3.89E-02    1.094E-02    4.26E-04
 K -M3 X-RAY                        7.60E-02    1.094E-02    8.32E-04
 L3-M5 X-RAY                        1.79E-02    1.185E-03    2.13E-05
 Free-Bound X-RAY                   2.21E+01    1.211E-05*   2.67E-04
 AUGER KLL                          6.93E-01    8.523E-03*   5.91E-03
 AUGER KLX                          1.90E-01    9.664E-03*   1.83E-03
 AUGER KXY                          1.38E-02    1.081E-02*   1.49E-04
 AUGER LMM                          3.19E+00    1.078E-03*   3.44E-03
 AUGER LMX                          7.86E-02    1.133E-03*   8.90E-05
 CK MMX                             3.88E+00    5.283E-05*   2.05E-04
 AUGER MNN                          1.06E+01    1.419E-05*   1.50E-04
 
 ALL LISTED X-RAYS, GAMMA-RAYS AND ANNIHILATION RADIATION    1.58E-02
 ALL NEGLECTED X-RAYS, GAMMA-RAYS AND ANNIH. RADIATION**     6.60E-05
 ALL LISTED BETAS, INTERNAL CONVERSION AND AUGER ELECTRONS   6.06E-02
 ALL NEGLECTED BETAS, INT. CONVERSION AND AUGER ELECTRONS**  7.43E-05
 ALL LISTED RADIATIONS                                       7.64E-02
 ALL NEGLECTED RADIATIONS**                                  1.40E-04
 
 *  AVERAGE ENERGY (MEV)
 ** EACH NEGLECTED TRANSITION CONTRIBUTES LESS THAN  0.100%
    TO THE TOTAL MEV/TRANSFORMATION FOR THIS CATEGORY.
 TOTAL FEEDING OF GROUND STATE LEVEL IN 73-GERMANIUM
   DAUGHTER IS 1.0000E+00 PER TRANSFORMATION OF  73-ARSENIC.
   THIS DAUGHTER GROUND STATE IS STABLE.
