 74-ARSENIC-33           HALFLIFE = 17.77 DAYS    

  MODES OF DECAY: ELECTRON CAPTURE, BETA PLUS, BETA MINUS
 
                                    MEAN
                                    NUMBER/                  MEV/
                               ID   TRANSFOR-   ENERGY       TRANSFOR-
        TYPE OF RADIATION      NO.  MATION      (MEV)        MATION

 BETA PLUS                      2   2.60E-01    4.080E-01*   1.06E-01
 BETA PLUS                      3   3.00E-02    7.011E-01*   2.11E-02
 ANNIHILATION RADIATION             5.81E-01    5.110E-01    2.97E-01
 GAMMA-RAY                      1   5.94E-01    5.958E-01    3.54E-01
 K CONV. ELECTRON, GAMMA-RAY    1   7.41E-04    5.848E-01    4.33E-04
 GAMMA-RAY                      2   5.52E-03    6.084E-01    3.36E-03
 GAMMA-RAY                      9   2.85E-03    1.204E+00    3.43E-03
 K -L3 X-RAY                        1.00E-01    9.844E-03    9.88E-04
 AUGER KLL                          1.19E-01    8.523E-03*   1.01E-03
 AUGER KLX                          3.26E-02    9.664E-03*   3.15E-04
 AUGER LMM                          4.42E-01    1.079E-03*   4.77E-04
 BETA MINUS                     2   1.54E-01    2.428E-01*   3.73E-02
 BETA MINUS                     3   1.86E-01    5.309E-01*   9.86E-02
 GAMMA-RAY                      1   1.54E-01    6.348E-01    9.74E-02
 
 ALL LISTED X-RAYS, GAMMA-RAYS AND ANNIHILATION RADIATION    7.56E-01
 ALL NEGLECTED X-RAYS, GAMMA-RAYS AND ANNIH. RADIATION**     2.07E-03
 ALL LISTED BETAS, INTERNAL CONVERSION AND AUGER ELECTRONS   2.66E-01
 ALL NEGLECTED BETAS, INT. CONVERSION AND AUGER ELECTRONS**  3.21E-04
 ALL LISTED RADIATIONS                                       1.02E+00
 ALL NEGLECTED RADIATIONS**                                  2.39E-03
 
 *  AVERAGE ENERGY (MEV)
 ** EACH NEGLECTED TRANSITION CONTRIBUTES LESS THAN  0.100%
    TO THE TOTAL MEV/TRANSFORMATION FOR THIS CATEGORY.
 TOTAL FEEDING OF GROUND STATE LEVEL IN 74-GERMANIUM
   DAUGHTER IS 6.6000E-01 PER TRANSFORMATION OF  74-ARSENIC.
   THIS DAUGHTER GROUND STATE IS STABLE.
 TOTAL FEEDING OF GROUND STATE LEVEL IN 74-SELENIUM
   DAUGHTER IS 3.4000E-01 PER TRANSFORMATION OF  74-ARSENIC.
   THIS DAUGHTER GROUND STATE IS STABLE.
