 72-ARSENIC-33           HALFLIFE = 26 HOURS   

  MODES OF DECAY: ELECTRON CAPTURE, BETA PLUS
 
                                    MEAN
                                    NUMBER/                  MEV/
                               ID   TRANSFOR-   ENERGY       TRANSFOR-
        TYPE OF RADIATION      NO.  MATION      (MEV)        MATION

 BETA PLUS                      7   4.66E-03    3.533E-01*   1.65E-03
 BETA PLUS                     11   5.82E-02    8.241E-01*   4.80E-02
 BETA PLUS                     12   6.42E-01    1.117E+00*   7.17E-01
 BETA PLUS                     13   7.00E-03    1.205E+00*   8.44E-03
 BETA PLUS                     14   1.63E-01    1.528E+00*   2.49E-01
 ANNIHILATION RADIATION             1.76E+00    5.110E-01    8.98E-01
 GAMMA-RAY                      5   3.15E-03    6.009E-01    1.89E-03
 GAMMA-RAY                      6   7.92E-02    6.299E-01    4.99E-02
 K CONV. ELECTRON, GAMMA-RAY    7   1.79E-02    6.799E-01    1.21E-02
 L1 CONV. ELECTRON, GAMMA-RAY   7   1.83E-03    6.896E-01    1.26E-03
 GAMMA-RAY                      9   4.48E-03    7.864E-01    3.53E-03
 GAMMA-RAY                     10   7.95E-01    8.340E-01    6.63E-01
 GAMMA-RAY                     12   7.75E-03    8.943E-01    6.93E-03
 GAMMA-RAY                     22   9.84E-03    1.051E+00    1.03E-02
 GAMMA-RAY                     26   2.08E-03    1.215E+00    2.53E-03
 GAMMA-RAY                     29   2.38E-03    1.390E+00    3.32E-03
 GAMMA-RAY                     30   1.11E-02    1.464E+00    1.62E-02
 GAMMA-RAY                     31   5.06E-03    1.476E+00    7.47E-03
 GAMMA-RAY                     33   1.31E-03    1.568E+00    2.06E-03
 GAMMA-RAY                     37   1.17E-03    1.681E+00    1.96E-03
 GAMMA-RAY                     38   2.48E-03    1.711E+00    4.24E-03
 GAMMA-RAY                     42   3.50E-03    1.991E+00    6.97E-03
 GAMMA-RAY                     44   6.36E-03    2.106E+00    1.34E-02
 GAMMA-RAY                     45   2.66E-03    2.110E+00    5.60E-03
 GAMMA-RAY                     47   4.84E-03    2.202E+00    1.07E-02
 GAMMA-RAY                     49   3.16E-03    2.249E+00    7.10E-03
 GAMMA-RAY                     52   1.01E-03    2.403E+00    2.43E-03
 GAMMA-RAY                     54   3.23E-03    2.508E+00    8.09E-03
 GAMMA-RAY                     58   7.55E-04    2.585E+00    1.95E-03
 GAMMA-RAY                     59   3.86E-03    2.621E+00    1.01E-02
 GAMMA-RAY                     67   2.97E-03    2.940E+00    8.74E-03
 GAMMA-RAY                     71   1.06E-03    3.094E+00    3.27E-03
 GAMMA-RAY                     72   6.36E-04    3.112E+00    1.98E-03
 GAMMA-RAY                     73   6.60E-04    3.150E+00    2.08E-03
 GAMMA-RAY                     83   1.00E-03    3.803E+00    3.81E-03
 GAMMA-RAY                     85   5.64E-04    3.995E+00    2.25E-03
 
 ALL LISTED X-RAYS, GAMMA-RAYS AND ANNIHILATION RADIATION    1.76E+00
 ALL NEGLECTED X-RAYS, GAMMA-RAYS AND ANNIH. RADIATION**     2.30E-02
 ALL LISTED BETAS, INTERNAL CONVERSION AND AUGER ELECTRONS   1.04E+00
 ALL NEGLECTED BETAS, INT. CONVERSION AND AUGER ELECTRONS**  2.84E-03
 ALL LISTED RADIATIONS                                       2.80E+00
 ALL NEGLECTED RADIATIONS**                                  2.59E-02
 
 *  AVERAGE ENERGY (MEV)
 ** EACH NEGLECTED TRANSITION CONTRIBUTES LESS THAN  0.100%
    TO THE TOTAL MEV/TRANSFORMATION FOR THIS CATEGORY.
 TOTAL FEEDING OF GROUND STATE LEVEL IN 72-GERMANIUM
   DAUGHTER IS 1.0000E+00 PER TRANSFORMATION OF  72-ARSENIC.
   THIS DAUGHTER GROUND STATE IS STABLE.
