 218-ASTATINE-85         HALFLIFE = 1.5 SECONDS 

  MODES OF DECAY: ALPHA, BETA MINUS
 
                                    MEAN
                                    NUMBER/                  MEV/
                               ID   TRANSFOR-   ENERGY       TRANSFOR-
        TYPE OF RADIATION      NO.  MATION      (MEV)        MATION

 ALPHA                          1   6.39E-02    6.647E+00    4.25E-01
 RECOIL ATOM                        6.39E-02    1.243E-01    7.95E-03
 ALPHA                          2   8.99E-01    6.686E+00    6.01E+00
 RECOIL ATOM                        8.99E-01    1.251E-01    1.12E-01
 ALPHA                          3   3.60E-02    6.748E+00    2.43E-01
 RECOIL ATOM                        3.60E-02    1.262E-01    4.54E-03
 BETA MINUS                     1   1.00E-03    1.095E+00*   1.10E-03
 
 ALL LISTED BETAS, INTERNAL CONVERSION AND AUGER ELECTRONS   1.10E-03
 ALL LISTED ALPHA PARTICLES AND  RECOIL NUCLEI               6.80E+00
 ALL LISTED RADIATIONS                                       6.81E+00
 
 *  AVERAGE ENERGY (MEV)
 TOTAL FEEDING OF GROUND STATE LEVEL IN 214-BISMUTH
   DAUGHTER IS 9.9900E-01 PER TRANSFORMATION OF 218-ASTATINE.
   DECAY OF THIS 19.9 MINUTES HALFLIFE LEVEL WILL CONTRIBUTE TO DOSE.
 TOTAL FEEDING OF GROUND STATE LEVEL IN 218-RADON
   DAUGHTER IS 1.0000E-03 PER TRANSFORMATION OF 218-ASTATINE.
   DECAY OF THIS 0.35E-01 SECONDS HALFLIFE LEVEL WILL CONTRIBUTE TO DOSE.
