 195-GOLD-79             HALFLIFE = 186.098 DAYS    

  MODE OF DECAY: ELECTRON CAPTURE
 
                                    MEAN
                                    NUMBER/                  MEV/
                               ID   TRANSFOR-   ENERGY       TRANSFOR-
        TYPE OF RADIATION      NO.  MATION      (MEV)        MATION

 GAMMA-RAY                      1   7.52E-03    3.088E-02    2.32E-04
 L1 CONV. ELECTRON, GAMMA-RAY   1   2.04E-01    1.701E-02    3.47E-03
 L2 CONV. ELECTRON, GAMMA-RAY   1   2.13E-02    1.756E-02    3.74E-04
 L3 CONV. ELECTRON, GAMMA-RAY   1   3.86E-03    1.931E-02    7.46E-05
 M CONV. ELECTRON, GAMMA-RAY    1   5.32E-02    2.824E-02*   1.50E-03
 N+ CONV. ELECTRON, GAMMA-RAY   1   1.64E-02    3.088E-02*   5.06E-04
 GAMMA-RAY                      2   1.09E-01    9.888E-02    1.08E-02
 K CONV. ELECTRON, GAMMA-RAY    2   6.39E-01    2.026E-02    1.30E-02
 L1 CONV. ELECTRON, GAMMA-RAY   2   9.62E-02    8.502E-02    8.18E-03
 L2 CONV. ELECTRON, GAMMA-RAY   2   1.23E-02    8.557E-02    1.05E-03
 L3 CONV. ELECTRON, GAMMA-RAY   2   3.66E-03    8.731E-02    3.20E-04
 M CONV. ELECTRON, GAMMA-RAY    2   2.62E-02    9.624E-02*   2.52E-03
 N+ CONV. ELECTRON, GAMMA-RAY   2   8.03E-03    9.888E-02*   7.94E-04
 GAMMA-RAY                      3   8.18E-03    1.298E-01    1.06E-03
 K CONV. ELECTRON, GAMMA-RAY    3   3.80E-03    5.114E-02    1.95E-04
 L1 CONV. ELECTRON, GAMMA-RAY   3   4.66E-04    1.159E-01    5.41E-05
 L2 CONV. ELECTRON, GAMMA-RAY   3   4.20E-03    1.164E-01    4.89E-04
 L3 CONV. ELECTRON, GAMMA-RAY   3   3.25E-03    1.182E-01    3.84E-04
 M CONV. ELECTRON, GAMMA-RAY    3   2.04E-03    1.271E-01*   2.60E-04
 N+ CONV. ELECTRON, GAMMA-RAY   3   5.98E-04    1.298E-01*   7.76E-05
 K -L2 X-RAY                        2.79E-01    6.530E-02    1.82E-02
 K -L3 X-RAY                        4.77E-01    6.705E-02    3.20E-02
 K -M2 X-RAY                        5.23E-02    7.559E-02    3.95E-03
 K -M3 X-RAY                        1.01E-01    7.598E-02    7.68E-03
 K -M4 X-RAY                        1.27E-03    7.640E-02    9.74E-05
 K -M5 X-RAY                        1.58E-03    7.649E-02    1.20E-04
 K -N2 X-RAY                        1.22E-02    7.801E-02    9.51E-04
 K -N3 X-RAY                        2.38E-02    7.810E-02    1.86E-03
 K -O2 X-RAY                        2.80E-03    7.854E-02    2.20E-04
 K -O3 X-RAY                        5.57E-03    7.856E-02    4.38E-04
 L1-M2 X-RAY                        2.00E-02    1.084E-02    2.17E-04
 L1-M3 X-RAY                        2.35E-02    1.123E-02    2.63E-04
 L1-N3 X-RAY                        6.33E-03    1.335E-02    8.45E-05
 L2-M4 X-RAY                        1.17E-01    1.110E-02    1.30E-03
 L2-N4 X-RAY                        2.28E-02    1.298E-02    2.96E-04
 L3-M1 X-RAY                        1.56E-02    8.294E-03    1.29E-04
 L3-M4 X-RAY                        2.70E-02    9.355E-03    2.53E-04
 L3-M5 X-RAY                        2.38E-01    9.438E-03    2.25E-03
 L3-N5 X-RAY                        4.40E-02    1.125E-02    4.95E-04
 M X-RAY                            8.58E-02    2.069E-03*   1.78E-04
 Free-Bound X-RAY                   3.06E+01    1.014E-05*   3.11E-04
 AUGER KLL                          2.61E-02    5.278E-02*   1.38E-03
 AUGER KLX                          1.40E-02    6.329E-02*   8.85E-04
 AUGER KXY                          1.80E-03    7.381E-02*   1.33E-04
 CK LLX                             6.40E-01    6.036E-04*   3.86E-04
 AUGER LMM                          7.50E-01    7.276E-03*   5.46E-03
 AUGER LMX                          3.10E-01    9.331E-03*   2.89E-03
 AUGER LXY                          3.12E-02    1.142E-02*   3.56E-04
 CK MMX                             1.06E+00    4.092E-04*   4.33E-04
 AUGER MNN                          2.70E+00    1.695E-03*   4.58E-03
 AUGER MNX                          2.57E-01    1.906E-03*   4.89E-04
 CK NNX                             5.53E+00    1.713E-04*   9.47E-04
 AUGER NXY                          1.05E+01    5.630E-05*   5.92E-04
 CK OOX                             6.56E+00    3.748E-05*   2.46E-04
 
 ALL LISTED X-RAYS, GAMMA-RAYS AND ANNIHILATION RADIATION    8.34E-02
 ALL NEGLECTED X-RAYS, GAMMA-RAYS AND ANNIH. RADIATION**     4.37E-04
 ALL LISTED BETAS, INTERNAL CONVERSION AND AUGER ELECTRONS   5.20E-02
 ALL NEGLECTED BETAS, INT. CONVERSION AND AUGER ELECTRONS**  4.80E-05
 ALL LISTED RADIATIONS                                       1.35E-01
 ALL NEGLECTED RADIATIONS**                                  4.85E-04
 
 *  AVERAGE ENERGY (MEV)
 ** EACH NEGLECTED TRANSITION CONTRIBUTES LESS THAN  0.100%
    TO THE TOTAL MEV/TRANSFORMATION FOR THIS CATEGORY.
 TOTAL FEEDING OF GROUND STATE LEVEL IN 195-PLATINUM
   DAUGHTER IS 1.0000E+00 PER TRANSFORMATION OF 195-GOLD.
   THIS DAUGHTER GROUND STATE IS STABLE.
