 198M-GOLD-79            HALFLIFE = 2.27 DAYS    

  MODE OF DECAY: ISOMERIC LEVEL
 
                                    MEAN
                                    NUMBER/                  MEV/
                               ID   TRANSFOR-   ENERGY       TRANSFOR-
        TYPE OF RADIATION      NO.  MATION      (MEV)        MATION

 L2 CONV. ELECTRON, GAMMA-RAY   1   7.02E-02    3.672E-02    2.58E-03
 L3 CONV. ELECTRON, GAMMA-RAY   1   7.14E-02    3.858E-02    2.76E-03
 M CONV. ELECTRON, GAMMA-RAY    1   3.71E-02    4.777E-02*   1.77E-03
 N+ CONV. ELECTRON, GAMMA-RAY   1   1.09E-02    5.050E-02*   5.50E-04
 GAMMA-RAY                      2   6.93E-01    9.721E-02    6.74E-02
 K CONV. ELECTRON, GAMMA-RAY    2   2.48E-01    1.625E-02    4.03E-03
 L1 CONV. ELECTRON, GAMMA-RAY   2   2.70E-02    8.287E-02    2.24E-03
 L2 CONV. ELECTRON, GAMMA-RAY   2   1.03E-02    8.343E-02    8.58E-04
 L3 CONV. ELECTRON, GAMMA-RAY   2   1.07E-02    8.529E-02    9.15E-04
 M CONV. ELECTRON, GAMMA-RAY    2   1.12E-02    9.448E-02*   1.06E-03
 N+ CONV. ELECTRON, GAMMA-RAY   2   3.36E-03    9.721E-02*   3.27E-04
 K CONV. ELECTRON, GAMMA-RAY    3   7.24E-02    3.424E-02    2.48E-03
 L1 CONV. ELECTRON, GAMMA-RAY   3   1.64E-01    1.009E-01    1.65E-02
 L2 CONV. ELECTRON, GAMMA-RAY   3   3.43E-02    1.014E-01    3.48E-03
 L3 CONV. ELECTRON, GAMMA-RAY   3   4.51E-01    1.033E-01    4.66E-02
 M CONV. ELECTRON, GAMMA-RAY    3   2.14E-01    1.125E-01*   2.41E-02
 N+ CONV. ELECTRON, GAMMA-RAY   3   6.68E-02    1.152E-01*   7.70E-03
 GAMMA-RAY                      4   5.00E-01    1.803E-01    9.02E-02
 K CONV. ELECTRON, GAMMA-RAY    4   1.09E-01    9.935E-02    1.08E-02
 L1 CONV. ELECTRON, GAMMA-RAY   4   1.38E-02    1.660E-01    2.29E-03
 L2 CONV. ELECTRON, GAMMA-RAY   4   6.51E-02    1.665E-01    1.08E-02
 L3 CONV. ELECTRON, GAMMA-RAY   4   4.32E-02    1.684E-01    7.27E-03
 M CONV. ELECTRON, GAMMA-RAY    4   3.15E-02    1.776E-01*   5.60E-03
 N+ CONV. ELECTRON, GAMMA-RAY   4   9.36E-03    1.803E-01*   1.69E-03
 GAMMA-RAY                      5   4.08E-01    2.041E-01    8.33E-02
 K CONV. ELECTRON, GAMMA-RAY    5   3.36E-01    1.231E-01    4.14E-02
 L1 CONV. ELECTRON, GAMMA-RAY   5   5.04E-02    1.898E-01    9.57E-03
 L2 CONV. ELECTRON, GAMMA-RAY   5   5.00E-03    1.903E-01    9.51E-04
 M CONV. ELECTRON, GAMMA-RAY    5   1.31E-02    2.014E-01*   2.63E-03
 N+ CONV. ELECTRON, GAMMA-RAY   5   4.06E-03    2.041E-01*   8.29E-04
 GAMMA-RAY                      6   7.70E-01    2.149E-01    1.65E-01
 K CONV. ELECTRON, GAMMA-RAY    6   1.09E-01    1.339E-01    1.46E-02
 L1 CONV. ELECTRON, GAMMA-RAY   6   1.42E-02    2.006E-01    2.84E-03
 L2 CONV. ELECTRON, GAMMA-RAY   6   4.68E-02    2.011E-01    9.40E-03
 L3 CONV. ELECTRON, GAMMA-RAY   6   2.87E-02    2.030E-01    5.82E-03
 M CONV. ELECTRON, GAMMA-RAY    6   2.30E-02    2.122E-01*   4.87E-03
 N+ CONV. ELECTRON, GAMMA-RAY   6   6.84E-03    2.149E-01*   1.47E-03
 GAMMA-RAY                      7   1.79E-01    3.338E-01    5.97E-02
 K CONV. ELECTRON, GAMMA-RAY    7   8.60E-03    2.529E-01    2.17E-03
 L1 CONV. ELECTRON, GAMMA-RAY   7   1.18E-03    3.195E-01    3.76E-04
 L2 CONV. ELECTRON, GAMMA-RAY   7   1.72E-03    3.200E-01    5.49E-04
 M CONV. ELECTRON, GAMMA-RAY    7   9.38E-04    3.311E-01*   3.11E-04
 K -L2 X-RAY                        2.48E-01    6.718E-02    1.66E-02
 K -L3 X-RAY                        4.21E-01    6.904E-02    2.91E-02
 K -M2 X-RAY                        4.63E-02    7.782E-02    3.61E-03
 K -M3 X-RAY                        8.96E-02    7.823E-02    7.01E-03
 K -N2 X-RAY                        1.09E-02    8.032E-02    8.73E-04
 K -N3 X-RAY                        2.12E-02    8.042E-02    1.71E-03
 L2-M4 X-RAY                        1.50E-01    1.148E-02    1.72E-03
 L3-M5 X-RAY                        2.95E-01    9.710E-03    2.87E-03
 L3-N5 X-RAY                        5.51E-02    1.159E-02    6.39E-04
 AUGER KLL                          2.25E-02    5.424E-02*   1.22E-03
 AUGER KLX                          1.21E-02    6.510E-02*   7.90E-04
 AUGER LMM                          8.25E-01    7.380E-03*   6.09E-03
 AUGER LMX                          3.46E-01    9.502E-03*   3.29E-03
 AUGER LXY                          3.52E-02    1.165E-02*   4.10E-04
 CK MMX                             1.06E+00    4.091E-04*   4.35E-04
 AUGER MNN                          2.76E+00    1.753E-03*   4.84E-03
 AUGER MNX                          2.86E-01    1.974E-03*   5.65E-04
 CK NNX                             5.51E+00    1.741E-04*   9.59E-04
 AUGER NXY                          1.04E+01    6.396E-05*   6.66E-04
 
 ALL LISTED X-RAYS, GAMMA-RAYS AND ANNIHILATION RADIATION    5.30E-01
 ALL NEGLECTED X-RAYS, GAMMA-RAYS AND ANNIH. RADIATION**     3.00E-03
 ALL LISTED BETAS, INTERNAL CONVERSION AND AUGER ELECTRONS   2.74E-01
 ALL NEGLECTED BETAS, INT. CONVERSION AND AUGER ELECTRONS**  1.18E-03
 ALL LISTED RADIATIONS                                       8.04E-01
 ALL NEGLECTED RADIATIONS**                                  4.18E-03
 
 *  AVERAGE ENERGY (MEV)
 ** EACH NEGLECTED TRANSITION CONTRIBUTES LESS THAN  0.100%
    TO THE TOTAL MEV/TRANSFORMATION FOR THIS CATEGORY.
 TOTAL FEEDING OF GROUND STATE LEVEL IN 198-GOLD
   DAUGHTER IS 1.0000E+00  PER TRANSFORMATION OF 198M-GOLD.
   DECAY OF THIS 2.69517 DAYS HALFLIFE LEVEL WILL CONTRIBUTE TO DOSE.
