 198-GOLD-79             HALFLIFE = 2.69517 DAYS    

  MODE OF DECAY: BETA MINUS
 
                                    MEAN
                                    NUMBER/                  MEV/
                               ID   TRANSFOR-   ENERGY       TRANSFOR-
        TYPE OF RADIATION      NO.  MATION      (MEV)        MATION

 BETA MINUS                     1   9.85E-03    7.938E-02*   7.82E-04
 BETA MINUS                     2   9.90E-01    3.145E-01*   3.11E-01
 GAMMA-RAY                      1   9.56E-01    4.118E-01    3.94E-01
 K CONV. ELECTRON, GAMMA-RAY    1   2.89E-02    3.284E-01    9.49E-03
 L1 CONV. ELECTRON, GAMMA-RAY   1   4.08E-03    3.970E-01    1.62E-03
 L2 CONV. ELECTRON, GAMMA-RAY   1   4.31E-03    3.975E-01    1.72E-03
 L3 CONV. ELECTRON, GAMMA-RAY   1   1.87E-03    3.995E-01    7.48E-04
 M CONV. ELECTRON, GAMMA-RAY    1   2.56E-03    4.090E-01*   1.05E-03
 GAMMA-RAY                      2   8.04E-03    6.759E-01    5.43E-03
 GAMMA-RAY                      3   1.59E-03    1.088E+00    1.73E-03
 K -L2 X-RAY                        8.16E-03    6.910E-02    5.64E-04
 K -L3 X-RAY                        1.38E-02    7.107E-02    9.83E-04
 
 ALL LISTED X-RAYS, GAMMA-RAYS AND ANNIHILATION RADIATION    4.02E-01
 ALL NEGLECTED X-RAYS, GAMMA-RAYS AND ANNIH. RADIATION**     6.29E-04
 ALL LISTED BETAS, INTERNAL CONVERSION AND AUGER ELECTRONS   3.27E-01
 ALL NEGLECTED BETAS, INT. CONVERSION AND AUGER ELECTRONS**  9.85E-04
 ALL LISTED RADIATIONS                                       7.29E-01
 ALL NEGLECTED RADIATIONS**                                  1.61E-03
 
 *  AVERAGE ENERGY (MEV)
 ** EACH NEGLECTED TRANSITION CONTRIBUTES LESS THAN  0.100%
    TO THE TOTAL MEV/TRANSFORMATION FOR THIS CATEGORY.
 TOTAL FEEDING OF GROUND STATE LEVEL IN 198-MERCURY
   DAUGHTER IS 1.0000E+00 PER TRANSFORMATION OF 198-GOLD.
   THIS DAUGHTER GROUND STATE IS STABLE.
