 195M-GOLD-79            HALFLIFE = 30.5 SECONDS 

  MODE OF DECAY: ISOMERIC LEVEL
 
                                    MEAN
                                    NUMBER/                  MEV/
                               ID   TRANSFOR-   ENERGY       TRANSFOR-
        TYPE OF RADIATION      NO.  MATION      (MEV)        MATION

 L1 CONV. ELECTRON, GAMMA-RAY   1   8.87E-03    4.246E-02    3.76E-04
 L2 CONV. ELECTRON, GAMMA-RAY   1   3.71E-01    4.302E-02    1.59E-02
 L3 CONV. ELECTRON, GAMMA-RAY   1   3.35E-01    4.488E-02    1.50E-02
 M CONV. ELECTRON, GAMMA-RAY    1   2.15E-01    5.407E-02*   1.16E-02
 N+ CONV. ELECTRON, GAMMA-RAY   1   6.44E-02    5.680E-02*   3.66E-03
 L1 CONV. ELECTRON, GAMMA-RAY   2   5.50E-03    4.712E-02    2.59E-04
 L2 CONV. ELECTRON, GAMMA-RAY   2   5.45E-03    4.768E-02    2.60E-04
 L3 CONV. ELECTRON, GAMMA-RAY   2   4.84E-03    4.954E-02    2.40E-04
 M CONV. ELECTRON, GAMMA-RAY    2   3.95E-03    5.873E-02*   2.32E-04
 GAMMA-RAY                      3   1.64E-02    2.004E-01    3.29E-03
 K CONV. ELECTRON, GAMMA-RAY    3   2.77E-03    1.194E-01    3.30E-04
 L2 CONV. ELECTRON, GAMMA-RAY   3   1.35E-03    1.866E-01    2.51E-04
 L3 CONV. ELECTRON, GAMMA-RAY   3   8.53E-04    1.885E-01    1.61E-04
 M CONV. ELECTRON, GAMMA-RAY    3   6.57E-04    1.976E-01*   1.30E-04
 GAMMA-RAY                      4   6.78E-01    2.618E-01    1.77E-01
 K CONV. ELECTRON, GAMMA-RAY    4   2.36E-01    1.808E-01    4.27E-02
 L1 CONV. ELECTRON, GAMMA-RAY   4   3.52E-02    2.474E-01    8.72E-03
 L2 CONV. ELECTRON, GAMMA-RAY   4   6.75E-03    2.480E-01    1.67E-03
 L3 CONV. ELECTRON, GAMMA-RAY   4   2.32E-03    2.498E-01    5.79E-04
 M CONV. ELECTRON, GAMMA-RAY    4   1.05E-02    2.590E-01*   2.71E-03
 N+ CONV. ELECTRON, GAMMA-RAY   4   3.23E-03    2.618E-01*   8.45E-04
 K CONV. ELECTRON, GAMMA-RAY    5   2.69E-03    2.376E-01    6.38E-04
 L1 CONV. ELECTRON, GAMMA-RAY   5   9.16E-04    3.043E-01    2.79E-04
 L3 CONV. ELECTRON, GAMMA-RAY   5   6.10E-04    3.067E-01    1.87E-04
 M CONV. ELECTRON, GAMMA-RAY    5   4.87E-04    3.159E-01*   1.54E-04
 K -L2 X-RAY                        6.76E-02    6.718E-02    4.54E-03
 K -L3 X-RAY                        1.15E-01    6.904E-02    7.94E-03
 K -M2 X-RAY                        1.27E-02    7.782E-02    9.85E-04
 K -M3 X-RAY                        2.45E-02    7.823E-02    1.92E-03
 K -N2 X-RAY                        2.97E-03    8.032E-02    2.38E-04
 K -N3 X-RAY                        5.80E-03    8.042E-02    4.66E-04
 L2-M4 X-RAY                        1.33E-01    1.148E-02    1.53E-03
 L2-N4 X-RAY                        2.63E-02    1.342E-02    3.53E-04
 L3-M5 X-RAY                        1.26E-01    9.710E-03    1.22E-03
 L3-N5 X-RAY                        2.35E-02    1.159E-02    2.73E-04
 AUGER KLL                          6.15E-03    5.424E-02*   3.34E-04
 AUGER KLX                          3.31E-03    6.510E-02*   2.16E-04
 AUGER LMM                          4.28E-01    7.581E-03*   3.24E-03
 AUGER LMX                          1.80E-01    9.715E-03*   1.75E-03
 AUGER LXY                          1.84E-02    1.188E-02*   2.19E-04
 CK MMX                             5.62E-01    4.206E-04*   2.37E-04
 AUGER MNN                          1.42E+00    1.761E-03*   2.51E-03
 AUGER MNX                          1.48E-01    1.985E-03*   2.94E-04
 CK NNX                             2.89E+00    1.749E-04*   5.05E-04
 AUGER NXY                          5.43E+00    6.418E-05*   3.48E-04
 CK OOX                             3.54E+00    4.014E-05*   1.42E-04
 
 ALL LISTED X-RAYS, GAMMA-RAYS AND ANNIHILATION RADIATION    2.00E-01
 ALL NEGLECTED X-RAYS, GAMMA-RAYS AND ANNIH. RADIATION**     1.21E-03
 ALL LISTED BETAS, INTERNAL CONVERSION AND AUGER ELECTRONS   1.17E-01
 ALL NEGLECTED BETAS, INT. CONVERSION AND AUGER ELECTRONS**  4.57E-04
 ALL LISTED RADIATIONS                                       3.17E-01
 ALL NEGLECTED RADIATIONS**                                  1.66E-03
 
 *  AVERAGE ENERGY (MEV)
 ** EACH NEGLECTED TRANSITION CONTRIBUTES LESS THAN  0.100%
    TO THE TOTAL MEV/TRANSFORMATION FOR THIS CATEGORY.
 TOTAL FEEDING OF GROUND STATE LEVEL IN 195-GOLD
   DAUGHTER IS 1.0000E+00  PER TRANSFORMATION OF 195M-GOLD.
   DECAY OF THIS 186.098 DAYS HALFLIFE LEVEL WILL CONTRIBUTE TO DOSE.
