 199-GOLD-79             HALFLIFE = 3.139 DAYS    

  MODE OF DECAY: BETA MINUS
 
                                    MEAN
                                    NUMBER/                  MEV/
                               ID   TRANSFOR-   ENERGY       TRANSFOR-
        TYPE OF RADIATION      NO.  MATION      (MEV)        MATION

 BETA MINUS                     1   2.15E-01    6.723E-02*   1.45E-02
 BETA MINUS                     2   7.20E-01    8.229E-02*   5.93E-02
 BETA MINUS                     3   6.50E-02    1.327E-01*   8.63E-03
 GAMMA-RAY                      1   3.60E-03    4.983E-02    1.80E-04
 L1 CONV. ELECTRON, GAMMA-RAY   1   2.88E-02    3.500E-02    1.01E-03
 M CONV. ELECTRON, GAMMA-RAY    1   7.63E-03    4.699E-02*   3.58E-04
 GAMMA-RAY                      2   4.00E-01    1.584E-01    6.34E-02
 K CONV. ELECTRON, GAMMA-RAY    2   1.17E-01    7.503E-02    8.75E-03
 L1 CONV. ELECTRON, GAMMA-RAY   2   1.52E-02    1.436E-01    2.19E-03
 L2 CONV. ELECTRON, GAMMA-RAY   2   1.01E-01    1.441E-01    1.45E-02
 L3 CONV. ELECTRON, GAMMA-RAY   2   6.94E-02    1.461E-01    1.01E-02
 M CONV. ELECTRON, GAMMA-RAY    2   4.84E-02    1.555E-01*   7.53E-03
 N+ CONV. ELECTRON, GAMMA-RAY   2   1.45E-02    1.584E-01*   2.30E-03
 GAMMA-RAY                      3   8.72E-02    2.082E-01    1.82E-02
 K CONV. ELECTRON, GAMMA-RAY    3   6.64E-02    1.249E-01    8.29E-03
 L1 CONV. ELECTRON, GAMMA-RAY   3   1.01E-02    1.934E-01    1.94E-03
 L2 CONV. ELECTRON, GAMMA-RAY   3   1.79E-03    1.940E-01    3.48E-04
 M CONV. ELECTRON, GAMMA-RAY    3   2.95E-03    2.054E-01*   6.07E-04
 N+ CONV. ELECTRON, GAMMA-RAY   3   9.23E-04    2.082E-01*   1.92E-04
 K -L2 X-RAY                        5.14E-02    6.910E-02    3.55E-03
 K -L3 X-RAY                        8.71E-02    7.107E-02    6.19E-03
 K -M2 X-RAY                        9.62E-03    8.008E-02    7.70E-04
 K -M3 X-RAY                        1.86E-02    8.052E-02    1.50E-03
 K -N2 X-RAY                        2.27E-03    8.268E-02    1.87E-04
 K -N3 X-RAY                        4.44E-03    8.279E-02    3.68E-04
 L2-M4 X-RAY                        4.92E-02    1.186E-02    5.84E-04
 L2-N4 X-RAY                        9.83E-03    1.388E-02    1.36E-04
 L3-M5 X-RAY                        5.15E-02    9.986E-03    5.14E-04
 L3-N5 X-RAY                        9.72E-03    1.193E-02    1.16E-04
 AUGER KLL                          4.56E-03    5.572E-02*   2.54E-04
 AUGER KLX                          2.47E-03    6.694E-02*   1.65E-04
 AUGER LMM                          1.63E-01    7.774E-03*   1.27E-03
 AUGER LMX                          6.99E-02    9.989E-03*   6.98E-04
 AUGER MNN                          5.49E-01    1.813E-03*   9.95E-04
 CK NNX                             1.08E+00    1.751E-04*   1.89E-04
 
 ALL LISTED X-RAYS, GAMMA-RAYS AND ANNIHILATION RADIATION    9.56E-02
 ALL NEGLECTED X-RAYS, GAMMA-RAYS AND ANNIH. RADIATION**     5.44E-04
 ALL LISTED BETAS, INTERNAL CONVERSION AND AUGER ELECTRONS   1.44E-01
 ALL NEGLECTED BETAS, INT. CONVERSION AND AUGER ELECTRONS**  9.80E-04
 ALL LISTED RADIATIONS                                       2.40E-01
 ALL NEGLECTED RADIATIONS**                                  1.52E-03
 
 *  AVERAGE ENERGY (MEV)
 ** EACH NEGLECTED TRANSITION CONTRIBUTES LESS THAN  0.100%
    TO THE TOTAL MEV/TRANSFORMATION FOR THIS CATEGORY.
 TOTAL FEEDING OF GROUND STATE LEVEL IN 199-MERCURY
   DAUGHTER IS 1.0000E+00 PER TRANSFORMATION OF 199-GOLD.
   THIS DAUGHTER GROUND STATE IS STABLE.
