 131M-BARIUM-56          HALFLIFE = 14.6 MINUTES 

  MODE OF DECAY: ISOMERIC LEVEL
 
                                    MEAN
                                    NUMBER/                  MEV/
                               ID   TRANSFOR-   ENERGY       TRANSFOR-
        TYPE OF RADIATION      NO.  MATION      (MEV)        MATION

 GAMMA-RAY                      1   1.19E-02    7.905E-02    9.42E-04
 K CONV. ELECTRON, GAMMA-RAY    1   1.45E-01    4.160E-02    6.02E-03
 L1 CONV. ELECTRON, GAMMA-RAY   1   1.07E-02    7.309E-02    7.80E-04
 L2 CONV. ELECTRON, GAMMA-RAY   1   3.08E-01    7.342E-02    2.26E-02
 L3 CONV. ELECTRON, GAMMA-RAY   1   3.35E-01    7.381E-02    2.47E-02
 M CONV. ELECTRON, GAMMA-RAY    1   1.52E-01    7.799E-02*   1.18E-02
 N+ CONV. ELECTRON, GAMMA-RAY   1   3.80E-02    7.905E-02*   3.00E-03
 GAMMA-RAY                      2   5.52E-01    1.085E-01    5.98E-02
 K CONV. ELECTRON, GAMMA-RAY    2   3.80E-01    7.100E-02    2.70E-02
 L1 CONV. ELECTRON, GAMMA-RAY   2   4.69E-02    1.025E-01    4.80E-03
 L2 CONV. ELECTRON, GAMMA-RAY   2   4.66E-03    1.028E-01    4.79E-04
 L3 CONV. ELECTRON, GAMMA-RAY   2   2.18E-03    1.032E-01    2.25E-04
 M CONV. ELECTRON, GAMMA-RAY    2   1.12E-02    1.074E-01*   1.20E-03
 N+ CONV. ELECTRON, GAMMA-RAY   2   3.00E-03    1.085E-01*   3.26E-04
 K -L2 X-RAY                        1.36E-01    3.182E-02    4.33E-03
 K -L3 X-RAY                        2.51E-01    3.221E-02    8.07E-03
 K -M2 X-RAY                        2.39E-02    3.632E-02    8.69E-04
 K -M3 X-RAY                        4.64E-02    3.639E-02    1.69E-03
 K -N2 X-RAY                        5.06E-03    3.724E-02    1.88E-04
 K -N3 X-RAY                        9.85E-03    3.726E-02    3.67E-04
 L2-M4 X-RAY                        4.15E-02    4.824E-03    2.00E-04
 L3-M5 X-RAY                        5.48E-02    4.453E-03    2.44E-04
 Free-Bound X-RAY                   1.79E+01    1.861E-05*   3.33E-04
 AUGER KLL                          3.34E-02    2.634E-02*   8.79E-04
 AUGER KLX                          1.54E-02    3.096E-02*   4.76E-04
 AUGER LMM                          7.77E-01    3.566E-03*   2.77E-03
 AUGER LMX                          2.48E-01    4.331E-03*   1.07E-03
 AUGER MNN                          2.01E+00    5.518E-04*   1.11E-03
 AUGER NXY                          6.08E+00    4.876E-05*   2.97E-04
 
 ALL LISTED X-RAYS, GAMMA-RAYS AND ANNIHILATION RADIATION    7.71E-02
 ALL NEGLECTED X-RAYS, GAMMA-RAYS AND ANNIH. RADIATION**     2.83E-04
 ALL LISTED BETAS, INTERNAL CONVERSION AND AUGER ELECTRONS   1.10E-01
 ALL NEGLECTED BETAS, INT. CONVERSION AND AUGER ELECTRONS**  5.46E-04
 ALL LISTED RADIATIONS                                       1.87E-01
 ALL NEGLECTED RADIATIONS**                                  8.29E-04
 
 *  AVERAGE ENERGY (MEV)
 ** EACH NEGLECTED TRANSITION CONTRIBUTES LESS THAN  0.100%
    TO THE TOTAL MEV/TRANSFORMATION FOR THIS CATEGORY.
 TOTAL FEEDING OF GROUND STATE LEVEL IN 131-BARIUM
   DAUGHTER IS 1.0000E+00  PER TRANSFORMATION OF 131M-BARIUM.
   DECAY OF THIS 11.5 DAYS HALFLIFE LEVEL WILL CONTRIBUTE TO DOSE.
