 135M-BARIUM-56          HALFLIFE = 28.7 HOURS   

  MODE OF DECAY: ISOMERIC LEVEL
 
                                    MEAN
                                    NUMBER/                  MEV/
                               ID   TRANSFOR-   ENERGY       TRANSFOR-
        TYPE OF RADIATION      NO.  MATION      (MEV)        MATION

 GAMMA-RAY                      1   1.56E-01    2.682E-01    4.18E-02
 K CONV. ELECTRON, GAMMA-RAY    1   5.99E-01    2.308E-01    1.38E-01
 L1 CONV. ELECTRON, GAMMA-RAY   1   1.13E-01    2.623E-01    2.96E-02
 L2 CONV. ELECTRON, GAMMA-RAY   1   2.41E-02    2.626E-01    6.34E-03
 L3 CONV. ELECTRON, GAMMA-RAY   1   5.31E-02    2.630E-01    1.40E-02
 M CONV. ELECTRON, GAMMA-RAY    1   4.31E-02    2.672E-01*   1.15E-02
 N+ CONV. ELECTRON, GAMMA-RAY   1   1.16E-02    2.682E-01*   3.11E-03
 K -L2 X-RAY                        1.55E-01    3.182E-02    4.94E-03
 K -L3 X-RAY                        2.86E-01    3.221E-02    9.21E-03
 K -M2 X-RAY                        2.73E-02    3.632E-02    9.93E-04
 K -M3 X-RAY                        5.30E-02    3.639E-02    1.93E-03
 K -N2 X-RAY                        5.77E-03    3.724E-02    2.15E-04
 K -N3 X-RAY                        1.12E-02    3.726E-02    4.19E-04
 L2-M4 X-RAY                        1.99E-02    4.824E-03    9.59E-05
 L3-M5 X-RAY                        3.48E-02    4.453E-03    1.55E-04
 Free-Bound X-RAY                   1.12E+01    1.860E-05*   2.07E-04
 AUGER KLL                          3.81E-02    2.634E-02*   1.00E-03
 AUGER KLX                          1.76E-02    3.096E-02*   5.44E-04
 AUGER LMM                          4.79E-01    3.572E-03*   1.71E-03
 AUGER LMX                          1.53E-01    4.339E-03*   6.65E-04
 AUGER MNN                          1.23E+00    5.525E-04*   6.78E-04
 
 ALL LISTED X-RAYS, GAMMA-RAYS AND ANNIHILATION RADIATION    6.00E-02
 ALL NEGLECTED X-RAYS, GAMMA-RAYS AND ANNIH. RADIATION**     2.47E-04
 ALL LISTED BETAS, INTERNAL CONVERSION AND AUGER ELECTRONS   2.07E-01
 ALL NEGLECTED BETAS, INT. CONVERSION AND AUGER ELECTRONS**  5.73E-04
 ALL LISTED RADIATIONS                                       2.67E-01
 ALL NEGLECTED RADIATIONS**                                  8.20E-04
 
 *  AVERAGE ENERGY (MEV)
 ** EACH NEGLECTED TRANSITION CONTRIBUTES LESS THAN  0.100%
    TO THE TOTAL MEV/TRANSFORMATION FOR THIS CATEGORY.
 TOTAL FEEDING OF GROUND STATE LEVEL IN 135-BARIUM
   DAUGHTER IS 1.0000E+00  PER TRANSFORMATION OF 135M-BARIUM.
   THIS DAUGHTER GROUND STATE IS STABLE.
