 131-BARIUM-56           HALFLIFE = 11.5 DAYS    

  MODE OF DECAY: ELECTRON CAPTURE
 
                                    MEAN
                                    NUMBER/                  MEV/
                               ID   TRANSFOR-   ENERGY       TRANSFOR-
        TYPE OF RADIATION      NO.  MATION      (MEV)        MATION

 K CONV. ELECTRON, GAMMA-RAY    1   6.11E-03    1.890E-02    1.15E-04
 L2 CONV. ELECTRON, GAMMA-RAY   1   3.33E-03    4.953E-02    1.65E-04
 L3 CONV. ELECTRON, GAMMA-RAY   1   4.29E-03    4.988E-02    2.14E-04
 M CONV. ELECTRON, GAMMA-RAY    1   1.79E-03    5.390E-02*   9.64E-05
 GAMMA-RAY                      2   7.35E-03    7.873E-02    5.78E-04
 K CONV. ELECTRON, GAMMA-RAY    2   1.15E-02    4.275E-02    4.92E-04
 L1 CONV. ELECTRON, GAMMA-RAY   2   1.41E-03    7.305E-02    1.03E-04
 GAMMA-RAY                      4   5.85E-03    9.228E-02    5.40E-04
 K CONV. ELECTRON, GAMMA-RAY    4   5.91E-03    5.630E-02    3.33E-04
 L1 CONV. ELECTRON, GAMMA-RAY   4   7.17E-04    8.660E-02    6.21E-05
 GAMMA-RAY                      5   2.90E-01    1.238E-01    3.59E-02
 K CONV. ELECTRON, GAMMA-RAY    5   1.79E-01    8.782E-02    1.57E-02
 L1 CONV. ELECTRON, GAMMA-RAY   5   1.70E-02    1.181E-01    2.00E-03
 L2 CONV. ELECTRON, GAMMA-RAY   5   2.12E-02    1.184E-01    2.51E-03
 L3 CONV. ELECTRON, GAMMA-RAY   5   2.26E-02    1.188E-01    2.69E-03
 M CONV. ELECTRON, GAMMA-RAY    5   1.31E-02    1.228E-01*   1.61E-03
 N+ CONV. ELECTRON, GAMMA-RAY   5   3.21E-03    1.238E-01*   3.98E-04
 GAMMA-RAY                      7   2.12E-02    1.336E-01    2.84E-03
 K CONV. ELECTRON, GAMMA-RAY    7   7.99E-03    9.762E-02    7.80E-04
 L1 CONV. ELECTRON, GAMMA-RAY   7   9.23E-04    1.279E-01    1.18E-04
 K CONV. ELECTRON, GAMMA-RAY    9   4.81E-04    1.212E-01    5.83E-05
 GAMMA-RAY                     10   1.97E-01    2.161E-01    4.25E-02
 K CONV. ELECTRON, GAMMA-RAY   10   1.83E-02    1.801E-01    3.29E-03
 L1 CONV. ELECTRON, GAMMA-RAY  10   2.23E-03    2.104E-01    4.69E-04
 M CONV. ELECTRON, GAMMA-RAY   10   4.96E-04    2.151E-01*   1.07E-04
 GAMMA-RAY                     11   2.41E-02    2.396E-01    5.78E-03
 K CONV. ELECTRON, GAMMA-RAY   11   1.70E-03    2.036E-01    3.47E-04
 L1 CONV. ELECTRON, GAMMA-RAY  11   2.06E-04    2.339E-01    4.81E-05
 GAMMA-RAY                     12   6.32E-03    2.469E-01    1.56E-03
 K CONV. ELECTRON, GAMMA-RAY   12   4.12E-04    2.109E-01    8.68E-05
 GAMMA-RAY                     13   2.81E-02    2.494E-01    7.02E-03
 K CONV. ELECTRON, GAMMA-RAY   13   1.79E-03    2.134E-01    3.82E-04
 L1 CONV. ELECTRON, GAMMA-RAY  13   2.10E-04    2.437E-01    5.11E-05
 GAMMA-RAY                     14   1.66E-03    2.945E-01    4.88E-04
 GAMMA-RAY                     17   1.40E-01    3.732E-01    5.24E-02
 K CONV. ELECTRON, GAMMA-RAY   17   2.87E-03    3.373E-01    9.69E-04
 L1 CONV. ELECTRON, GAMMA-RAY  17   3.37E-04    3.676E-01    1.24E-04
 GAMMA-RAY                     19   1.31E-02    4.040E-01    5.29E-03
 K CONV. ELECTRON, GAMMA-RAY   19   2.19E-04    3.681E-01    8.07E-05
 GAMMA-RAY                     25   3.28E-03    4.804E-01    1.57E-03
 GAMMA-RAY                     26   2.09E-02    4.865E-01    1.02E-02
 K CONV. ELECTRON, GAMMA-RAY   26   1.79E-04    4.505E-01    8.06E-05
 GAMMA-RAY                     27   4.68E-01    4.963E-01    2.32E-01
 K CONV. ELECTRON, GAMMA-RAY   27   5.08E-03    4.603E-01    2.34E-03
 L1 CONV. ELECTRON, GAMMA-RAY  27   6.15E-04    4.906E-01    3.02E-04
 M CONV. ELECTRON, GAMMA-RAY   27   1.33E-04    4.953E-01*   6.59E-05
 GAMMA-RAY                     34   1.56E-03    5.727E-01    8.95E-04
 GAMMA-RAY                     35   1.19E-02    5.850E-01    6.98E-03
 K CONV. ELECTRON, GAMMA-RAY   35   8.65E-05    5.491E-01    4.75E-05
 GAMMA-RAY                     37   1.44E-02    6.201E-01    8.91E-03
 GAMMA-RAY                     39   1.32E-03    6.744E-01    8.90E-04
 GAMMA-RAY                     40   1.45E-03    6.965E-01    1.01E-03
 GAMMA-RAY                     47   2.28E-03    8.316E-01    1.90E-03
 GAMMA-RAY                     51   7.21E-03    9.239E-01    6.66E-03
 GAMMA-RAY                     55   9.03E-04    1.046E+00    9.45E-04
 GAMMA-RAY                     56   1.32E-02    1.048E+00    1.39E-02
 K -L2 X-RAY                        2.80E-01    3.062E-02    8.58E-03
 K -L3 X-RAY                        5.18E-01    3.098E-02    1.60E-02
 K -M2 X-RAY                        4.90E-02    3.493E-02    1.71E-03
 K -M3 X-RAY                        9.50E-02    3.499E-02    3.33E-03
 K -N3 X-RAY                        2.01E-02    3.582E-02    7.20E-04
 AUGER KLL                          7.35E-02    2.540E-02*   1.87E-03
 AUGER KLX                          3.34E-02    2.981E-02*   9.96E-04
 AUGER KXY                          3.64E-03    3.422E-02*   1.25E-04
 CK LLX                             1.74E-01    3.291E-04*   5.72E-05
 AUGER LMM                          7.91E-01    3.446E-03*   2.73E-03
 AUGER LMX                          2.44E-01    4.167E-03*   1.02E-03
 AUGER LXY                          1.88E-02    4.917E-03*   9.24E-05
 CK MMX                             9.01E-01    1.196E-04*   1.08E-04
 AUGER MNN                          2.01E+00    5.283E-04*   1.06E-03
 AUGER MNX                          1.32E-01    6.529E-04*   8.62E-05
 AUGER NXY                          7.32E+00    4.144E-05*   3.04E-04
 
 ALL LISTED X-RAYS, GAMMA-RAYS AND ANNIHILATION RADIATION    4.71E-01
 ALL NEGLECTED X-RAYS, GAMMA-RAYS AND ANNIH. RADIATION**     5.07E-03
 ALL LISTED BETAS, INTERNAL CONVERSION AND AUGER ELECTRONS   4.47E-02
 ALL NEGLECTED BETAS, INT. CONVERSION AND AUGER ELECTRONS**  8.20E-04
 ALL LISTED RADIATIONS                                       5.16E-01
 ALL NEGLECTED RADIATIONS**                                  5.89E-03
 
 *  AVERAGE ENERGY (MEV)
 ** EACH NEGLECTED TRANSITION CONTRIBUTES LESS THAN  0.100%
    TO THE TOTAL MEV/TRANSFORMATION FOR THIS CATEGORY.
 TOTAL FEEDING OF GROUND STATE LEVEL IN 131-CESIUM
   DAUGHTER IS 1.0000E+00 PER TRANSFORMATION OF 131-BARIUM.
   DECAY OF THIS 9.689 DAYS HALFLIFE LEVEL WILL CONTRIBUTE TO DOSE.
