 133M-BARIUM-56          HALFLIFE = 38.9 HOURS   

  MODES OF DECAY: ISOMERIC LEVEL, ELECTRON CAPTURE
 
                                    MEAN
                                    NUMBER/                  MEV/
                               ID   TRANSFOR-   ENERGY       TRANSFOR-
        TYPE OF RADIATION      NO.  MATION      (MEV)        MATION

 GAMMA-RAY                      1   1.41E-02    1.233E-02    1.73E-04
 L1 CONV. ELECTRON, GAMMA-RAY   1   7.10E-01    6.366E-03    4.52E-03
 L2 CONV. ELECTRON, GAMMA-RAY   1   6.41E-02    6.697E-03    4.29E-04
 M CONV. ELECTRON, GAMMA-RAY    1   1.63E-01    1.127E-02*   1.83E-03
 N+ CONV. ELECTRON, GAMMA-RAY   1   4.40E-02    1.233E-02*   5.43E-04
 GAMMA-RAY                      2   1.78E-01    2.759E-01    4.91E-02
 K CONV. ELECTRON, GAMMA-RAY    2   6.03E-01    2.385E-01    1.44E-01
 L1 CONV. ELECTRON, GAMMA-RAY   2   1.12E-01    2.700E-01    3.03E-02
 L2 CONV. ELECTRON, GAMMA-RAY   2   2.38E-02    2.703E-01    6.44E-03
 L3 CONV. ELECTRON, GAMMA-RAY   2   5.08E-02    2.707E-01    1.37E-02
 M CONV. ELECTRON, GAMMA-RAY    2   4.23E-02    2.749E-01*   1.16E-02
 N+ CONV. ELECTRON, GAMMA-RAY   2   1.14E-02    2.759E-01*   3.14E-03
 K -L2 X-RAY                        1.56E-01    3.182E-02    4.97E-03
 K -L3 X-RAY                        2.88E-01    3.221E-02    9.27E-03
 K -M2 X-RAY                        2.75E-02    3.632E-02    9.99E-04
 K -M3 X-RAY                        5.33E-02    3.639E-02    1.94E-03
 K -N2 X-RAY                        5.81E-03    3.724E-02    2.16E-04
 K -N3 X-RAY                        1.13E-02    3.726E-02    4.22E-04
 L1-M3 X-RAY                        2.05E-02    4.904E-03    1.00E-04
 L2-M4 X-RAY                        3.77E-02    4.824E-03    1.82E-04
 L3-M5 X-RAY                        5.61E-02    4.453E-03    2.50E-04
 Free-Bound X-RAY                   2.51E+01    1.859E-05    4.67E-04
 AUGER KLL                          3.83E-02    2.634E-02*   1.01E-03
 AUGER KLX                          1.77E-02    3.096E-02*   5.47E-04
 AUGER LMM                          9.99E-01    3.655E-03*   3.65E-03
 AUGER LMX                          3.22E-01    4.432E-03*   1.43E-03
 AUGER MNN                          2.56E+00    5.560E-04*   1.42E-03
 AUGER NXY                          8.43E+00    4.911E-05*   4.14E-04
 
 ALL LISTED X-RAYS, GAMMA-RAYS AND ANNIHILATION RADIATION    6.81E-02
 ALL NEGLECTED X-RAYS, GAMMA-RAYS AND ANNIH. RADIATION**     4.59E-04
 ALL LISTED BETAS, INTERNAL CONVERSION AND AUGER ELECTRONS   2.25E-01
 ALL NEGLECTED BETAS, INT. CONVERSION AND AUGER ELECTRONS**  1.02E-03
 ALL LISTED RADIATIONS                                       2.93E-01
 ALL NEGLECTED RADIATIONS**                                  1.48E-03
 
 *  AVERAGE ENERGY (MEV)
 ** EACH NEGLECTED TRANSITION CONTRIBUTES LESS THAN  0.100%
    TO THE TOTAL MEV/TRANSFORMATION FOR THIS CATEGORY.
 TOTAL FEEDING OF GROUND STATE LEVEL IN 133-BARIUM
   DAUGHTER IS 9.9990E-01  PER TRANSFORMATION OF 133M-BARIUM.
   DECAY OF THIS 10.52 YEARS HALFLIFE LEVEL WILL CONTRIBUTE TO DOSE.
 TOTAL FEEDING OF GROUND STATE LEVEL IN 133-CESIUM
   DAUGHTER IS 9.6000E-05  PER TRANSFORMATION OF 133M-BARIUM.
   THIS DAUGHTER GROUND STATE IS STABLE.
