 128-BARIUM-56           HALFLIFE = 2.43 DAYS    

  MODE OF DECAY: ELECTRON CAPTURE
 
                                    MEAN
                                    NUMBER/                  MEV/
                               ID   TRANSFOR-   ENERGY       TRANSFOR-
        TYPE OF RADIATION      NO.  MATION      (MEV)        MATION

 K CONV. ELECTRON, GAMMA-RAY    1   1.41E-04    6.574E-02    9.30E-06
 GAMMA-RAY                      5   3.77E-04    1.870E-01    7.05E-05
 GAMMA-RAY                      6   3.77E-04    1.870E-01    7.05E-05
 GAMMA-RAY                      7   6.96E-04    2.155E-01    1.50E-04
 K CONV. ELECTRON, GAMMA-RAY    7   6.52E-05    1.795E-01    1.17E-05
 GAMMA-RAY                      8   1.06E-03    2.295E-01    2.43E-04
 K CONV. ELECTRON, GAMMA-RAY    8   8.37E-05    1.935E-01    1.62E-05
 GAMMA-RAY                      9   1.45E-01    2.734E-01    3.96E-02
 K CONV. ELECTRON, GAMMA-RAY    9   7.21E-03    2.375E-01    1.71E-03
 L1 CONV. ELECTRON, GAMMA-RAY   9   8.79E-04    2.678E-01    2.35E-04
 L2 CONV. ELECTRON, GAMMA-RAY   9   5.05E-05    2.681E-01    1.35E-05
 M CONV. ELECTRON, GAMMA-RAY    9   1.93E-04    2.724E-01*   5.27E-05
 N+ CONV. ELECTRON, GAMMA-RAY   9   5.06E-05    2.734E-01*   1.38E-05
 GAMMA-RAY                     10   3.19E-04    3.172E-01    1.01E-04
 GAMMA-RAY                     11   9.57E-04    3.591E-01    3.44E-04
 GAMMA-RAY                     12   3.09E-03    3.750E-01    1.16E-03
 K CONV. ELECTRON, GAMMA-RAY   12   6.78E-05    3.390E-01    2.30E-05
 K -L2 X-RAY                        2.17E-01    3.062E-02    6.65E-03
 K -L3 X-RAY                        4.01E-01    3.098E-02    1.24E-02
 K -M2 X-RAY                        3.80E-02    3.493E-02    1.33E-03
 K -M3 X-RAY                        7.37E-02    3.499E-02    2.58E-03
 K -N2 X-RAY                        8.00E-03    3.580E-02    2.86E-04
 K -N3 X-RAY                        1.56E-02    3.582E-02    5.58E-04
 K -O3 X-RAY                        1.87E-03    3.597E-02    6.71E-05
 L2-M4 X-RAY                        2.33E-02    4.616E-03    1.08E-04
 L3-M5 X-RAY                        3.99E-02    4.273E-03    1.71E-04
 Free-Bound X-RAY                   1.17E+01    2.189E-05*   2.56E-04
 AUGER KLL                          5.70E-02    2.540E-02*   1.45E-03
 AUGER KLX                          2.59E-02    2.981E-02*   7.72E-04
 AUGER KXY                          2.82E-03    3.422E-02*   9.66E-05
 CK LLX                             1.40E-01    3.351E-04*   4.70E-05
 AUGER LMM                          5.97E-01    3.449E-03*   2.06E-03
 AUGER LMX                          1.84E-01    4.171E-03*   7.69E-04
 AUGER LXY                          1.42E-02    4.921E-03*   6.99E-05
 CK MMX                             6.87E-01    1.195E-04*   8.21E-05
 AUGER MNN                          1.52E+00    5.285E-04*   8.03E-04
 AUGER MNX                          9.98E-02    6.534E-04*   6.52E-05
 CK NNX                             1.56E+00    2.100E-05*   3.28E-05
 AUGER NXY                          5.55E+00    4.145E-05*   2.30E-04
 
 ALL LISTED X-RAYS, GAMMA-RAYS AND ANNIHILATION RADIATION    6.62E-02
 ALL NEGLECTED X-RAYS, GAMMA-RAYS AND ANNIH. RADIATION**     2.88E-04
 ALL LISTED BETAS, INTERNAL CONVERSION AND AUGER ELECTRONS   8.56E-03
 ALL NEGLECTED BETAS, INT. CONVERSION AND AUGER ELECTRONS**  6.18E-05
 ALL LISTED RADIATIONS                                       7.48E-02
 ALL NEGLECTED RADIATIONS**                                  3.50E-04
 
 *  AVERAGE ENERGY (MEV)
 ** EACH NEGLECTED TRANSITION CONTRIBUTES LESS THAN  0.100%
    TO THE TOTAL MEV/TRANSFORMATION FOR THIS CATEGORY.
 TOTAL FEEDING OF GROUND STATE LEVEL IN 128-CESIUM
   DAUGHTER IS 1.0000E+00 PER TRANSFORMATION OF 128-BARIUM.
   DECAY OF THIS 3.64 MINUTES HALFLIFE LEVEL WILL CONTRIBUTE TO DOSE.
