 133-BARIUM-56           HALFLIFE = 10.52 YEARS   

  MODE OF DECAY: ELECTRON CAPTURE
 
                                    MEAN
                                    NUMBER/                  MEV/
                               ID   TRANSFOR-   ENERGY       TRANSFOR-
        TYPE OF RADIATION      NO.  MATION      (MEV)        MATION

 GAMMA-RAY                      1   2.20E-02    5.316E-02    1.17E-03
 K CONV. ELECTRON, GAMMA-RAY    1   1.08E-01    1.718E-02    1.86E-03
 L1 CONV. ELECTRON, GAMMA-RAY   1   1.32E-02    4.748E-02    6.27E-04
 L2 CONV. ELECTRON, GAMMA-RAY   1   2.97E-03    4.780E-02    1.42E-04
 L3 CONV. ELECTRON, GAMMA-RAY   1   2.76E-03    4.816E-02    1.33E-04
 M CONV. ELECTRON, GAMMA-RAY    1   3.96E-03    5.217E-02*   2.07E-04
 GAMMA-RAY                      2   2.62E-02    7.961E-02    2.09E-03
 K CONV. ELECTRON, GAMMA-RAY    2   4.00E-02    4.363E-02    1.74E-03
 L1 CONV. ELECTRON, GAMMA-RAY   2   4.88E-03    7.393E-02    3.61E-04
 M CONV. ELECTRON, GAMMA-RAY    2   1.21E-03    7.862E-02*   9.49E-05
 GAMMA-RAY                      3   3.41E-01    8.100E-02    2.76E-02
 K CONV. ELECTRON, GAMMA-RAY    3   4.97E-01    4.501E-02    2.24E-02
 L1 CONV. ELECTRON, GAMMA-RAY   3   6.05E-02    7.531E-02    4.56E-03
 L2 CONV. ELECTRON, GAMMA-RAY   3   8.49E-03    7.563E-02    6.42E-04
 L3 CONV. ELECTRON, GAMMA-RAY   3   5.86E-03    7.599E-02    4.45E-04
 M CONV. ELECTRON, GAMMA-RAY    3   1.55E-02    8.001E-02*   1.24E-03
 N+ CONV. ELECTRON, GAMMA-RAY   3   4.01E-03    8.100E-02*   3.25E-04
 GAMMA-RAY                      4   6.45E-03    1.606E-01    1.04E-03
 K CONV. ELECTRON, GAMMA-RAY    4   1.52E-03    1.246E-01    1.90E-04
 GAMMA-RAY                      5   4.50E-03    2.232E-01    1.00E-03
 K CONV. ELECTRON, GAMMA-RAY    5   3.84E-04    1.873E-01    7.19E-05
 GAMMA-RAY                      6   7.16E-02    2.764E-01    1.98E-02
 K CONV. ELECTRON, GAMMA-RAY    6   3.31E-03    2.404E-01    7.95E-04
 L1 CONV. ELECTRON, GAMMA-RAY   6   3.55E-04    2.707E-01    9.61E-05
 GAMMA-RAY                      7   1.83E-01    3.029E-01    5.55E-02
 K CONV. ELECTRON, GAMMA-RAY    7   6.98E-03    2.669E-01    1.86E-03
 L1 CONV. ELECTRON, GAMMA-RAY   7   8.50E-04    2.972E-01    2.53E-04
 M CONV. ELECTRON, GAMMA-RAY    7   1.86E-04    3.019E-01*   5.63E-05
 GAMMA-RAY                      8   6.20E-01    3.560E-01    2.21E-01
 K CONV. ELECTRON, GAMMA-RAY    8   1.31E-02    3.200E-01    4.19E-03
 L1 CONV. ELECTRON, GAMMA-RAY   8   1.45E-03    3.503E-01    5.07E-04
 L2 CONV. ELECTRON, GAMMA-RAY   8   4.15E-04    3.507E-01    1.46E-04
 L3 CONV. ELECTRON, GAMMA-RAY   8   3.17E-04    3.510E-01    1.11E-04
 M CONV. ELECTRON, GAMMA-RAY    8   4.55E-04    3.550E-01*   1.62E-04
 GAMMA-RAY                      9   8.94E-02    3.838E-01    3.43E-02
 K CONV. ELECTRON, GAMMA-RAY    9   1.51E-03    3.479E-01    5.24E-04
 L1 CONV. ELECTRON, GAMMA-RAY   9   1.68E-04    3.782E-01    6.34E-05
 K -L2 X-RAY                        3.47E-01    3.062E-02    1.06E-02
 K -L3 X-RAY                        6.42E-01    3.098E-02    1.99E-02
 K -M2 X-RAY                        6.08E-02    3.493E-02    2.12E-03
 K -M3 X-RAY                        1.18E-01    3.499E-02    4.12E-03
 K -N2 X-RAY                        1.28E-02    3.580E-02    4.58E-04
 K -N3 X-RAY                        2.49E-02    3.582E-02    8.93E-04
 Free-Bound X-RAY                   2.09E+01    2.189E-05*   4.58E-04
 AUGER KLL                          9.11E-02    2.540E-02*   2.31E-03
 AUGER KLX                          4.14E-02    2.981E-02*   1.23E-03
 AUGER KXY                          4.51E-03    3.422E-02*   1.54E-04
 CK LLX                             2.95E-01    3.461E-04*   1.02E-04
 AUGER LMM                          1.05E+00    3.462E-03*   3.64E-03
 AUGER LMX                          3.25E-01    4.185E-03*   1.36E-03
 AUGER LXY                          2.51E-02    4.938E-03*   1.24E-04
 CK MMX                             1.25E+00    1.197E-04*   1.50E-04
 AUGER MNN                          2.68E+00    5.292E-04*   1.42E-03
 AUGER MNX                          1.77E-01    6.551E-04*   1.16E-04
 CK NNX                             2.82E+00    2.119E-05*   5.98E-05
 AUGER NXY                          9.93E+00    4.149E-05*   4.12E-04
 
 ALL LISTED X-RAYS, GAMMA-RAYS AND ANNIHILATION RADIATION    4.02E-01
 ALL NEGLECTED X-RAYS, GAMMA-RAYS AND ANNIH. RADIATION**     9.63E-04
 ALL LISTED BETAS, INTERNAL CONVERSION AND AUGER ELECTRONS   5.49E-02
 ALL NEGLECTED BETAS, INT. CONVERSION AND AUGER ELECTRONS**  4.67E-04
 ALL LISTED RADIATIONS                                       4.57E-01
 ALL NEGLECTED RADIATIONS**                                  1.43E-03
 
 *  AVERAGE ENERGY (MEV)
 ** EACH NEGLECTED TRANSITION CONTRIBUTES LESS THAN  0.100%
    TO THE TOTAL MEV/TRANSFORMATION FOR THIS CATEGORY.
 TOTAL FEEDING OF GROUND STATE LEVEL IN 133-CESIUM
   DAUGHTER IS 1.0000E+00 PER TRANSFORMATION OF 133-BARIUM.
   THIS DAUGHTER GROUND STATE IS STABLE.
