 137M-BARIUM-56          HALFLIFE = 2.552 MINUTES 

  MODE OF DECAY: ISOMERIC LEVEL
 
                                    MEAN
                                    NUMBER/                  MEV/
                               ID   TRANSFOR-   ENERGY       TRANSFOR-
        TYPE OF RADIATION      NO.  MATION      (MEV)        MATION

 GAMMA-RAY                      1   8.97E-01    6.617E-01    5.94E-01
 K CONV. ELECTRON, GAMMA-RAY    1   8.33E-02    6.242E-01    5.20E-02
 L1 CONV. ELECTRON, GAMMA-RAY   1   1.21E-02    6.557E-01    7.92E-03
 L2 CONV. ELECTRON, GAMMA-RAY   1   1.71E-03    6.560E-01    1.12E-03
 L3 CONV. ELECTRON, GAMMA-RAY   1   1.42E-03    6.564E-01    9.34E-04
 M CONV. ELECTRON, GAMMA-RAY    1   3.26E-03    6.606E-01*   2.15E-03
 N+ CONV. ELECTRON, GAMMA-RAY   1   7.84E-04    6.617E-01*   5.19E-04
 K -L2 X-RAY                        2.16E-02    3.182E-02    6.87E-04
 K -L3 X-RAY                        3.98E-02    3.221E-02    1.28E-03
 AUGER KLL                          5.29E-03    2.634E-02*   1.39E-04
 AUGER KLX                          2.44E-03    3.096E-02*   7.56E-05
 AUGER LMM                          5.92E-02    3.571E-03*   2.12E-04
 AUGER LMX                          1.89E-02    4.338E-03*   8.22E-05
 AUGER MNN                          1.51E-01    5.523E-04*   8.34E-05
 
 ALL LISTED X-RAYS, GAMMA-RAYS AND ANNIHILATION RADIATION    5.96E-01
 ALL NEGLECTED X-RAYS, GAMMA-RAYS AND ANNIH. RADIATION**     5.83E-04
 ALL LISTED BETAS, INTERNAL CONVERSION AND AUGER ELECTRONS   6.53E-02
 ALL NEGLECTED BETAS, INT. CONVERSION AND AUGER ELECTRONS**  7.12E-05
 ALL LISTED RADIATIONS                                       6.61E-01
 ALL NEGLECTED RADIATIONS**                                  6.54E-04
 
 *  AVERAGE ENERGY (MEV)
 ** EACH NEGLECTED TRANSITION CONTRIBUTES LESS THAN  0.100%
    TO THE TOTAL MEV/TRANSFORMATION FOR THIS CATEGORY.
 TOTAL FEEDING OF GROUND STATE LEVEL IN 137-BARIUM
   DAUGHTER IS 1.0000E+00  PER TRANSFORMATION OF 137M-BARIUM.
   THIS DAUGHTER GROUND STATE IS STABLE.
