 213-BISMUTH-83          HALFLIFE = 45.59 MINUTES 

  MODES OF DECAY: BETA MINUS, ALPHA
 
                                    MEAN
                                    NUMBER/                  MEV/
                               ID   TRANSFOR-   ENERGY       TRANSFOR-
        TYPE OF RADIATION      NO.  MATION      (MEV)        MATION

 BETA MINUS                     2   6.21E-03    9.053E-02*   5.62E-04
 BETA MINUS                     4   3.10E-01    3.200E-01*   9.91E-02
 BETA MINUS                     5   3.22E-03    3.764E-01*   1.21E-03
 BETA MINUS                     6   6.59E-01    4.917E-01*   3.24E-01
 GAMMA-RAY                      2   4.29E-03    2.928E-01    1.26E-03
 GAMMA-RAY                      3   2.61E-01    4.405E-01    1.15E-01
 K CONV. ELECTRON, GAMMA-RAY    3   4.04E-02    3.470E-01    1.40E-02
 L1 CONV. ELECTRON, GAMMA-RAY   3   6.33E-03    4.235E-01    2.68E-03
 M CONV. ELECTRON, GAMMA-RAY    3   1.64E-03    4.372E-01*   7.19E-04
 GAMMA-RAY                      4   3.90E-04    6.598E-01    2.57E-04
 GAMMA-RAY                      6   2.92E-03    8.074E-01    2.36E-03
 GAMMA-RAY                      8   5.30E-04    1.004E+00    5.32E-04
 GAMMA-RAY                      9   2.90E-03    1.100E+00    3.19E-03
 GAMMA-RAY                     10   6.20E-04    1.119E+00    6.94E-04
 K -L2 X-RAY                        1.21E-02    7.713E-02    9.36E-04
 K -L3 X-RAY                        2.02E-02    7.961E-02    1.61E-03
 K -M2 X-RAY                        2.27E-03    8.958E-02    2.03E-04
 K -M3 X-RAY                        4.40E-03    9.014E-02    3.97E-04
 ALPHA                          1   1.55E-03    5.552E+00    8.59E-03
 RECOIL ATOM                        1.55E-03    1.063E-01    1.64E-04
 ALPHA                          2   1.94E-02    5.870E+00    1.14E-01
 RECOIL ATOM                        1.94E-02    1.124E-01    2.18E-03
 GAMMA-RAY                      1   1.65E-03    3.238E-01    5.33E-04
 
 ALL LISTED X-RAYS, GAMMA-RAYS AND ANNIHILATION RADIATION    1.27E-01
 ALL NEGLECTED X-RAYS, GAMMA-RAYS AND ANNIH. RADIATION**     8.12E-04
 ALL LISTED BETAS, INTERNAL CONVERSION AND AUGER ELECTRONS   4.42E-01
 ALL NEGLECTED BETAS, INT. CONVERSION AND AUGER ELECTRONS**  1.94E-03
 ALL LISTED ALPHA PARTICLES AND  RECOIL NUCLEI               1.25E-01
 ALL LISTED RADIATIONS                                       6.94E-01
 ALL NEGLECTED RADIATIONS**                                  2.75E-03
 
 *  AVERAGE ENERGY (MEV)
 ** EACH NEGLECTED TRANSITION CONTRIBUTES LESS THAN  0.100%
    TO THE TOTAL MEV/TRANSFORMATION FOR THIS CATEGORY.
 TOTAL FEEDING OF GROUND STATE LEVEL IN 213-POLONIUM
   DAUGHTER IS 9.7910E-01 PER TRANSFORMATION OF 213-BISMUTH.
   DECAY OF THIS 0.42E-05 SECONDS HALFLIFE LEVEL WILL CONTRIBUTE TO DOSE.
 TOTAL FEEDING OF GROUND STATE LEVEL IN 209-THALLIUM
   DAUGHTER IS 2.0900E-02 PER TRANSFORMATION OF 213-BISMUTH.
   DECAY OF THIS 2.161 MINUTES HALFLIFE LEVEL WILL CONTRIBUTE TO DOSE.
