 211-BISMUTH-83          HALFLIFE = 2.14 MINUTES 

  MODES OF DECAY: ALPHA, BETA MINUS
 
                                    MEAN
                                    NUMBER/                  MEV/
                               ID   TRANSFOR-   ENERGY       TRANSFOR-
        TYPE OF RADIATION      NO.  MATION      (MEV)        MATION

 ALPHA                          1   1.62E-01    6.279E+00    1.02E+00
 RECOIL ATOM                        1.62E-01    1.214E-01    1.96E-02
 ALPHA                          2   8.35E-01    6.623E+00    5.53E+00
 RECOIL ATOM                        8.35E-01    1.281E-01    1.07E-01
 GAMMA-RAY                      1   1.29E-01    3.511E-01    4.52E-02
 K CONV. ELECTRON, GAMMA-RAY    1   2.70E-02    2.653E-01    7.17E-03
 L1 CONV. ELECTRON, GAMMA-RAY   1   4.12E-03    3.357E-01    1.38E-03
 L2 CONV. ELECTRON, GAMMA-RAY   1   4.53E-04    3.363E-01    1.52E-04
 L3 CONV. ELECTRON, GAMMA-RAY   1   6.75E-05    3.384E-01    2.28E-05
 M CONV. ELECTRON, GAMMA-RAY    1   1.09E-03    3.481E-01*   3.79E-04
 N+ CONV. ELECTRON, GAMMA-RAY   1   3.45E-04    3.511E-01*   1.21E-04
 K -L2 X-RAY                        7.61E-03    7.105E-02    5.40E-04
 K -L3 X-RAY                        1.28E-02    7.314E-02    9.38E-04
 K -M2 X-RAY                        1.42E-03    8.239E-02    1.17E-04
 K -M3 X-RAY                        2.76E-03    8.285E-02    2.28E-04
 K -N3 X-RAY                        6.62E-04    8.520E-02    5.64E-05
 AUGER KLL                          6.59E-04    5.722E-02*   3.77E-05
 AUGER KLX                          3.59E-04    6.881E-02*   2.47E-05
 AUGER LMM                          1.13E-02    7.841E-03*   8.89E-05
 AUGER LMX                          4.93E-03    1.013E-02*   4.99E-05
 AUGER MNN                          3.78E-02    1.859E-03*   7.03E-05
 CK NNX                             7.17E-02    1.745E-04*   1.25E-05
 AUGER NXY                          1.37E-01    7.569E-05*   1.04E-05
 BETA MINUS                     1   2.76E-03    1.732E-01*   4.78E-04
 
 ALL LISTED X-RAYS, GAMMA-RAYS AND ANNIHILATION RADIATION    4.71E-02
 ALL NEGLECTED X-RAYS, GAMMA-RAYS AND ANNIH. RADIATION**     1.83E-04
 ALL LISTED BETAS, INTERNAL CONVERSION AND AUGER ELECTRONS   1.00E-02
 ALL NEGLECTED BETAS, INT. CONVERSION AND AUGER ELECTRONS**  3.48E-05
 ALL LISTED ALPHA PARTICLES AND  RECOIL NUCLEI               6.68E+00
 ALL LISTED RADIATIONS                                       6.73E+00
 ALL NEGLECTED RADIATIONS**                                  2.18E-04
 
 *  AVERAGE ENERGY (MEV)
 ** EACH NEGLECTED TRANSITION CONTRIBUTES LESS THAN  0.100%
    TO THE TOTAL MEV/TRANSFORMATION FOR THIS CATEGORY.
 TOTAL FEEDING OF GROUND STATE LEVEL IN 207-THALLIUM
   DAUGHTER IS 9.9724E-01 PER TRANSFORMATION OF 211-BISMUTH.
   DECAY OF THIS 4.77 MINUTES HALFLIFE LEVEL WILL CONTRIBUTE TO DOSE.
 TOTAL FEEDING OF GROUND STATE LEVEL IN 211-POLONIUM
   DAUGHTER IS 2.7600E-03 PER TRANSFORMATION OF 211-BISMUTH.
   DECAY OF THIS 0.516 SECONDS HALFLIFE LEVEL WILL CONTRIBUTE TO DOSE.
