 204-BISMUTH-83          HALFLIFE = 11.22 HOURS   

  MODES OF DECAY: ELECTRON CAPTURE, BETA PLUS
 
                                    MEAN
                                    NUMBER/                  MEV/
                               ID   TRANSFOR-   ENERGY       TRANSFOR-
        TYPE OF RADIATION      NO.  MATION      (MEV)        MATION

 BETA PLUS                     13   3.96E-04    5.346E-01*   2.12E-04
 BETA PLUS                     14   1.02E-03    5.373E-01*   5.46E-04
 L1 CONV. ELECTRON, GAMMA-RAY   2   1.40E-02    1.315E-02    1.84E-04
 L2 CONV. ELECTRON, GAMMA-RAY   3   2.37E-02    6.329E-02    1.50E-03
 L3 CONV. ELECTRON, GAMMA-RAY   3   2.05E-02    6.550E-02    1.34E-03
 M CONV. ELECTRON, GAMMA-RAY    3   1.19E-02    7.549E-02*   8.99E-04
 N+ CONV. ELECTRON, GAMMA-RAY   3   3.66E-03    7.854E-02*   2.87E-04
 L1 CONV. ELECTRON, GAMMA-RAY   4   1.76E-02    6.430E-02    1.13E-03
 L2 CONV. ELECTRON, GAMMA-RAY   4   3.30E-03    6.490E-02    2.14E-04
 M CONV. ELECTRON, GAMMA-RAY    4   5.36E-03    7.710E-02*   4.14E-04
 L1 CONV. ELECTRON, GAMMA-RAY   8   2.01E-03    8.447E-02    1.70E-04
 K CONV. ELECTRON, GAMMA-RAY   12   1.60E-02    5.251E-02    8.39E-04
 L1 CONV. ELECTRON, GAMMA-RAY  12   2.47E-03    1.250E-01    3.08E-04
 L2 CONV. ELECTRON, GAMMA-RAY  12   2.60E-03    1.255E-01    3.26E-04
 L3 CONV. ELECTRON, GAMMA-RAY  12   1.69E-03    1.278E-01    2.16E-04
 M CONV. ELECTRON, GAMMA-RAY   12   1.71E-03    1.377E-01*   2.36E-04
 K CONV. ELECTRON, GAMMA-RAY   18   2.32E-03    8.011E-02    1.86E-04
 K CONV. ELECTRON, GAMMA-RAY   19   4.10E-03    8.154E-02    3.34E-04
 K CONV. ELECTRON, GAMMA-RAY   20   1.40E-02    8.780E-02    1.23E-03
 L1 CONV. ELECTRON, GAMMA-RAY  20   2.16E-03    1.602E-01    3.47E-04
 K CONV. ELECTRON, GAMMA-RAY   22   2.80E-03    1.244E-01    3.48E-04
 K CONV. ELECTRON, GAMMA-RAY   23   1.30E-02    1.278E-01    1.66E-03
 L1 CONV. ELECTRON, GAMMA-RAY  23   2.01E-03    2.003E-01    4.03E-04
 K CONV. ELECTRON, GAMMA-RAY   24   3.24E-03    1.281E-01    4.15E-04
 K CONV. ELECTRON, GAMMA-RAY   25   3.13E-03    1.311E-01    4.10E-04
 L2 CONV. ELECTRON, GAMMA-RAY  25   1.68E-03    2.042E-01    3.43E-04
 L3 CONV. ELECTRON, GAMMA-RAY  25   9.63E-04    2.064E-01    1.99E-04
 M CONV. ELECTRON, GAMMA-RAY   25   8.07E-04    2.164E-01*   1.75E-04
 K CONV. ELECTRON, GAMMA-RAY   26   7.96E-03    1.339E-01    1.07E-03
 L1 CONV. ELECTRON, GAMMA-RAY  26   1.23E-03    2.063E-01    2.54E-04
 K CONV. ELECTRON, GAMMA-RAY   29   2.10E-03    1.521E-01    3.19E-04
 K CONV. ELECTRON, GAMMA-RAY   30   1.32E-02    1.607E-01    2.12E-03
 L1 CONV. ELECTRON, GAMMA-RAY  30   2.04E-03    2.331E-01    4.75E-04
 GAMMA-RAY                     33   2.70E-02    2.893E-01    7.81E-03
 K CONV. ELECTRON, GAMMA-RAY   33   1.09E-02    2.010E-01    2.19E-03
 L1 CONV. ELECTRON, GAMMA-RAY  33   1.69E-03    2.735E-01    4.61E-04
 K CONV. ELECTRON, GAMMA-RAY   34   2.77E-03    2.031E-01    5.63E-04
 K CONV. ELECTRON, GAMMA-RAY   37   1.04E-03    2.428E-01    2.53E-04
 GAMMA-RAY                     44   6.75E-01    3.748E-01    2.53E-01
 K CONV. ELECTRON, GAMMA-RAY   44   2.64E-02    2.865E-01    7.57E-03
 L1 CONV. ELECTRON, GAMMA-RAY  44   3.87E-03    3.589E-01    1.39E-03
 L2 CONV. ELECTRON, GAMMA-RAY  44   5.35E-03    3.595E-01    1.92E-03
 L3 CONV. ELECTRON, GAMMA-RAY  44   2.33E-03    3.617E-01    8.42E-04
 M CONV. ELECTRON, GAMMA-RAY   44   2.93E-03    3.717E-01*   1.09E-03
 N+ CONV. ELECTRON, GAMMA-RAY  44   9.21E-04    3.748E-01*   3.45E-04
 K CONV. ELECTRON, GAMMA-RAY   47   5.46E-04    3.240E-01    1.77E-04
 K CONV. ELECTRON, GAMMA-RAY   48   1.66E-03    3.333E-01    5.54E-04
 K CONV. ELECTRON, GAMMA-RAY   50   1.05E-03    3.502E-01    3.69E-04
 GAMMA-RAY                     51   2.46E-02    4.405E-01    1.08E-02
 K CONV. ELECTRON, GAMMA-RAY   52   6.01E-04    3.588E-01    2.16E-04
 K CONV. ELECTRON, GAMMA-RAY   56   5.76E-04    3.799E-01    2.19E-04
 K CONV. ELECTRON, GAMMA-RAY   59   7.77E-04    4.134E-01    3.21E-04
 K CONV. ELECTRON, GAMMA-RAY   62   5.32E-04    4.339E-01    2.31E-04
 GAMMA-RAY                     64   1.35E-02    5.327E-01    7.19E-03
 K CONV. ELECTRON, GAMMA-RAY   64   1.07E-03    4.444E-01    4.77E-04
 GAMMA-RAY                     79   2.54E-02    6.616E-01    1.68E-02
 K CONV. ELECTRON, GAMMA-RAY   79   1.15E-03    5.733E-01    6.57E-04
 GAMMA-RAY                     83   1.14E-01    6.707E-01    7.62E-02
 K CONV. ELECTRON, GAMMA-RAY   83   4.94E-03    5.824E-01    2.88E-03
 L1 CONV. ELECTRON, GAMMA-RAY  83   7.52E-04    6.549E-01    4.92E-04
 GAMMA-RAY                     86   9.53E-03    6.907E-01    6.58E-03
 K CONV. ELECTRON, GAMMA-RAY   86   2.71E-04    6.025E-01    1.63E-04
 GAMMA-RAY                     88   1.43E-02    7.091E-01    1.01E-02
 K CONV. ELECTRON, GAMMA-RAY   88   5.38E-04    6.208E-01    3.34E-04
 GAMMA-RAY                     89   1.43E-02    7.105E-01    1.02E-02
 K CONV. ELECTRON, GAMMA-RAY   89   5.36E-04    6.222E-01    3.33E-04
 GAMMA-RAY                     90   9.05E-03    7.184E-01    6.50E-03
 K CONV. ELECTRON, GAMMA-RAY   90   3.30E-04    6.301E-01    2.08E-04
 GAMMA-RAY                     91   9.29E-03    7.252E-01    6.74E-03
 GAMMA-RAY                     94   1.08E-02    7.538E-01    8.14E-03
 K CONV. ELECTRON, GAMMA-RAY   94   3.48E-04    6.655E-01    2.31E-04
 GAMMA-RAY                     97   3.26E-02    7.912E-01    2.58E-02
 K CONV. ELECTRON, GAMMA-RAY   97   5.98E-04    7.029E-01    4.21E-04
 GAMMA-RAY                    101   9.53E-03    8.320E-01    7.93E-03
 K CONV. ELECTRON, GAMMA-RAY  101   2.38E-04    7.437E-01    1.77E-04
 GAMMA-RAY                    102   1.11E-02    8.342E-01    9.27E-03
 K CONV. ELECTRON, GAMMA-RAY  102   2.76E-04    7.459E-01    2.06E-04
 GAMMA-RAY                    104   9.53E-03    8.472E-01    8.07E-03
 GAMMA-RAY                    105   8.34E-01    8.992E-01    7.50E-01
 K CONV. ELECTRON, GAMMA-RAY  105   5.46E-03    8.109E-01    4.43E-03
 L1 CONV. ELECTRON, GAMMA-RAY 105   7.95E-04    8.833E-01    7.02E-04
 L2 CONV. ELECTRON, GAMMA-RAY 105   2.52E-04    8.839E-01    2.23E-04
 M CONV. ELECTRON, GAMMA-RAY  105   2.69E-04    8.961E-01*   2.41E-04
 GAMMA-RAY                    107   1.11E-01    9.120E-01    1.01E-01
 K CONV. ELECTRON, GAMMA-RAY  107   2.19E-03    8.237E-01    1.81E-03
 L1 CONV. ELECTRON, GAMMA-RAY 107   3.33E-04    8.961E-01    2.99E-04
 GAMMA-RAY                    108   1.08E-01    9.183E-01    9.92E-02
 K CONV. ELECTRON, GAMMA-RAY  108   6.80E-04    8.300E-01    5.64E-04
 GAMMA-RAY                    120   5.88E-01    9.840E-01    5.78E-01
 K CONV. ELECTRON, GAMMA-RAY  120   1.28E-03    8.957E-01    1.14E-03
 L1 CONV. ELECTRON, GAMMA-RAY 120   1.72E-04    9.681E-01    1.66E-04
 GAMMA-RAY                    121   1.19E-02    9.904E-01    1.18E-02
 GAMMA-RAY                    126   1.27E-02    1.044E+00    1.33E-02
 K CONV. ELECTRON, GAMMA-RAY  126   1.78E-04    9.553E-01    1.70E-04
 GAMMA-RAY                    131   9.53E-03    1.064E+00    1.01E-02
 GAMMA-RAY                    136   1.47E-02    1.111E+00    1.63E-02
 GAMMA-RAY                    139   8.58E-03    1.133E+00    9.72E-03
 GAMMA-RAY                    140   5.56E-03    1.140E+00    6.34E-03
 GAMMA-RAY                    141   5.56E-03    1.140E+00    6.34E-03
 GAMMA-RAY                    143   5.24E-03    1.158E+00    6.07E-03
 GAMMA-RAY                    148   1.99E-02    1.204E+00    2.39E-02
 K CONV. ELECTRON, GAMMA-RAY  148   1.93E-04    1.115E+00    2.16E-04
 GAMMA-RAY                    149   3.02E-02    1.212E+00    3.66E-02
 GAMMA-RAY                    155   2.14E-02    1.275E+00    2.73E-02
 GAMMA-RAY                    161   4.76E-03    1.352E+00    6.44E-03
 GAMMA-RAY                    162   8.73E-03    1.353E+00    1.18E-02
 GAMMA-RAY                    166   9.69E-03    1.415E+00    1.37E-02
 GAMMA-RAY                    176   9.61E-03    1.524E+00    1.46E-02
 GAMMA-RAY                    177   4.13E-03    1.537E+00    6.34E-03
 GAMMA-RAY                    180   3.97E-03    1.589E+00    6.31E-03
 GAMMA-RAY                    184   3.73E-03    1.639E+00    6.12E-03
 GAMMA-RAY                    185   6.91E-03    1.646E+00    1.14E-02
 GAMMA-RAY                    186   5.56E-03    1.652E+00    9.18E-03
 GAMMA-RAY                    187   5.56E-03    1.655E+00    9.20E-03
 GAMMA-RAY                    195   5.80E-03    1.689E+00    9.79E-03
 GAMMA-RAY                    198   1.99E-02    1.703E+00    3.38E-02
 GAMMA-RAY                    201   5.88E-03    1.732E+00    1.02E-02
 GAMMA-RAY                    203   1.22E-02    1.755E+00    2.15E-02
 GAMMA-RAY                    206   3.33E-03    1.780E+00    5.94E-03
 GAMMA-RAY                    212   5.16E-03    1.818E+00    9.38E-03
 GAMMA-RAY                    213   5.56E-03    1.826E+00    1.02E-02
 GAMMA-RAY                    220   1.29E-02    1.896E+00    2.44E-02
 GAMMA-RAY                    223   5.88E-03    1.926E+00    1.13E-02
 GAMMA-RAY                    225   7.86E-03    1.941E+00    1.53E-02
 GAMMA-RAY                    227   3.41E-03    1.957E+00    6.68E-03
 GAMMA-RAY                    228   3.97E-03    1.958E+00    7.77E-03
 GAMMA-RAY                    229   3.73E-03    1.965E+00    7.33E-03
 GAMMA-RAY                    246   2.94E-03    2.263E+00    6.65E-03
 GAMMA-RAY                    262   3.73E-03    2.681E+00    1.00E-02
 GAMMA-RAY                    263   2.70E-03    2.687E+00    7.25E-03
 GAMMA-RAY                    269   2.06E-03    2.837E+00    5.86E-03
 K -L2 X-RAY                        2.71E-01    7.304E-02    1.98E-02
 K -L3 X-RAY                        4.55E-01    7.525E-02    3.42E-02
 K -M3 X-RAY                        9.81E-02    8.524E-02    8.36E-03
 AUGER KLL                          2.29E-02    5.875E-02*   1.35E-03
 AUGER KLX                          1.25E-02    7.071E-02*   8.87E-04
 CK LLX                             2.20E-01    9.421E-04*   2.07E-04
 AUGER LMM                          4.45E-01    8.057E-03*   3.59E-03
 AUGER LMX                          1.97E-01    1.043E-02*   2.06E-03
 AUGER LXY                          2.09E-02    1.284E-02*   2.68E-04
 CK MMX                             6.76E-01    4.246E-04*   2.87E-04
 AUGER MNN                          1.56E+00    1.913E-03*   2.99E-03
 AUGER MNX                          1.95E-01    2.175E-03*   4.25E-04
 CK NNX                             2.96E+00    1.740E-04*   5.15E-04
 AUGER NXY                          5.60E+00    8.242E-05*   4.62E-04
 CK OOX                             3.90E+00    4.218E-05*   1.64E-04
 
 ALL LISTED X-RAYS, GAMMA-RAYS AND ANNIHILATION RADIATION    2.53E+00
 ALL NEGLECTED X-RAYS, GAMMA-RAYS AND ANNIH. RADIATION**     3.88E-01
 ALL LISTED BETAS, INTERNAL CONVERSION AND AUGER ELECTRONS   6.76E-02
 ALL NEGLECTED BETAS, INT. CONVERSION AND AUGER ELECTRONS**  1.31E-02
 ALL LISTED RADIATIONS                                       2.60E+00
 ALL NEGLECTED RADIATIONS**                                  4.01E-01
 
 *  AVERAGE ENERGY (MEV)
 ** EACH NEGLECTED TRANSITION CONTRIBUTES LESS THAN  0.200%
    TO THE TOTAL MEV/TRANSFORMATION FOR THIS CATEGORY.
 TOTAL FEEDING OF 2.185650 MEV ISOMERIC LEVEL IN 204-LEAD        
   DAUGHTER IS 9.8525E-02 PER TRANSFORMATION OF 204-BISMUTH.
   DECAY OF THIS 67.2 MINUTES HALFLIFE LEVEL WILL CONTRIBUTE TO DOSE.
 TOTAL FEEDING OF GROUND STATE LEVEL IN 204-LEAD
   DAUGHTER IS 9.0148E-01 PER TRANSFORMATION OF 204-BISMUTH.
   THIS DAUGHTER GROUND STATE IS STABLE.
