 206-BISMUTH-83          HALFLIFE = 6.243 DAYS    

  MODES OF DECAY: ELECTRON CAPTURE, BETA PLUS
 
                                    MEAN
                                    NUMBER/                  MEV/
                               ID   TRANSFOR-   ENERGY       TRANSFOR-
        TYPE OF RADIATION      NO.  MATION      (MEV)        MATION

 GAMMA-RAY                      6   1.58E-01    1.840E-01    2.91E-02
 K CONV. ELECTRON, GAMMA-RAY    6   2.26E-01    9.569E-02    2.16E-02
 L1 CONV. ELECTRON, GAMMA-RAY   6   3.51E-02    1.681E-01    5.90E-03
 L2 CONV. ELECTRON, GAMMA-RAY   6   3.40E-03    1.687E-01    5.74E-04
 M CONV. ELECTRON, GAMMA-RAY    6   9.12E-03    1.809E-01*   1.65E-03
 N+ CONV. ELECTRON, GAMMA-RAY   6   2.94E-03    1.840E-01*   5.42E-04
 K CONV. ELECTRON, GAMMA-RAY   10   1.71E-03    1.460E-01    2.49E-04
 GAMMA-RAY                     12   3.02E-02    2.627E-01    7.92E-03
 K CONV. ELECTRON, GAMMA-RAY   12   1.58E-02    1.744E-01    2.76E-03
 L1 CONV. ELECTRON, GAMMA-RAY  12   2.45E-03    2.469E-01    6.04E-04
 M CONV. ELECTRON, GAMMA-RAY   12   6.40E-04    2.596E-01*   1.66E-04
 K CONV. ELECTRON, GAMMA-RAY   14   1.17E-03    2.254E-01    2.64E-04
 GAMMA-RAY                     16   2.34E-01    3.435E-01    8.05E-02
 K CONV. ELECTRON, GAMMA-RAY   16   5.97E-02    2.552E-01    1.52E-02
 L1 CONV. ELECTRON, GAMMA-RAY  16   9.22E-03    3.277E-01    3.02E-03
 L2 CONV. ELECTRON, GAMMA-RAY  16   8.58E-04    3.283E-01    2.82E-04
 M CONV. ELECTRON, GAMMA-RAY   16   2.38E-03    3.405E-01*   8.12E-04
 N+ CONV. ELECTRON, GAMMA-RAY  16   7.67E-04    3.435E-01*   2.64E-04
 K CONV. ELECTRON, GAMMA-RAY   19   8.76E-04    2.979E-01    2.61E-04
 GAMMA-RAY                     20   1.07E-01    3.980E-01    4.27E-02
 K CONV. ELECTRON, GAMMA-RAY   20   1.84E-02    3.097E-01    5.71E-03
 L1 CONV. ELECTRON, GAMMA-RAY  20   2.83E-03    3.822E-01    1.08E-03
 M CONV. ELECTRON, GAMMA-RAY   20   7.32E-04    3.949E-01*   2.89E-04
 GAMMA-RAY                     27   1.53E-01    4.971E-01    7.61E-02
 K CONV. ELECTRON, GAMMA-RAY   27   1.45E-02    4.088E-01    5.93E-03
 L1 CONV. ELECTRON, GAMMA-RAY  27   2.22E-03    4.812E-01    1.07E-03
 M CONV. ELECTRON, GAMMA-RAY   27   5.71E-04    4.940E-01*   2.82E-04
 GAMMA-RAY                     28   4.07E-01    5.162E-01    2.10E-01
 K CONV. ELECTRON, GAMMA-RAY   28   1.98E-02    4.279E-01    8.48E-03
 L1 CONV. ELECTRON, GAMMA-RAY  28   3.74E-03    5.003E-01    1.87E-03
 L2 CONV. ELECTRON, GAMMA-RAY  28   7.02E-03    5.009E-01    3.52E-03
 L3 CONV. ELECTRON, GAMMA-RAY  28   1.76E-03    5.031E-01    8.87E-04
 M CONV. ELECTRON, GAMMA-RAY   28   3.27E-03    5.131E-01*   1.68E-03
 N+ CONV. ELECTRON, GAMMA-RAY  28   1.03E-03    5.162E-01*   5.33E-04
 GAMMA-RAY                     29   3.05E-01    5.375E-01    1.64E-01
 K CONV. ELECTRON, GAMMA-RAY   29   2.36E-02    4.492E-01    1.06E-02
 L1 CONV. ELECTRON, GAMMA-RAY  29   3.61E-03    5.216E-01    1.88E-03
 L2 CONV. ELECTRON, GAMMA-RAY  29   3.16E-04    5.222E-01    1.65E-04
 M CONV. ELECTRON, GAMMA-RAY   29   9.26E-04    5.344E-01*   4.95E-04
 N+ CONV. ELECTRON, GAMMA-RAY  29   2.98E-04    5.375E-01*   1.60E-04
 GAMMA-RAY                     34   5.76E-02    6.205E-01    3.57E-02
 K CONV. ELECTRON, GAMMA-RAY   34   2.84E-03    5.322E-01    1.51E-03
 L1 CONV. ELECTRON, GAMMA-RAY  34   4.32E-04    6.046E-01    2.61E-04
 GAMMA-RAY                     35   4.47E-02    6.323E-01    2.83E-02
 K CONV. ELECTRON, GAMMA-RAY   35   2.24E-03    5.440E-01    1.22E-03
 L1 CONV. ELECTRON, GAMMA-RAY  35   3.42E-04    6.164E-01    2.11E-04
 GAMMA-RAY                     36   1.91E-02    6.572E-01    1.25E-02
 K CONV. ELECTRON, GAMMA-RAY   36   7.71E-04    5.689E-01    4.39E-04
 GAMMA-RAY                     39   5.27E-03    7.550E-01    3.98E-03
 GAMMA-RAY                     41   5.36E-03    7.846E-01    4.21E-03
 GAMMA-RAY                     42   9.89E-01    8.031E-01    7.94E-01
 K CONV. ELECTRON, GAMMA-RAY   42   8.02E-03    7.148E-01    5.73E-03
 L1 CONV. ELECTRON, GAMMA-RAY  42   1.17E-03    7.873E-01    9.24E-04
 L2 CONV. ELECTRON, GAMMA-RAY  42   4.43E-04    7.878E-01    3.49E-04
 M CONV. ELECTRON, GAMMA-RAY   42   4.23E-04    8.000E-01*   3.38E-04
 GAMMA-RAY                     45   6.62E-01    8.810E-01    5.83E-01
 K CONV. ELECTRON, GAMMA-RAY   45   4.50E-03    7.927E-01    3.57E-03
 L1 CONV. ELECTRON, GAMMA-RAY  45   6.56E-04    8.652E-01    5.68E-04
 L2 CONV. ELECTRON, GAMMA-RAY  45   2.14E-04    8.658E-01    1.86E-04
 M CONV. ELECTRON, GAMMA-RAY   45   2.24E-04    8.780E-01*   1.97E-04
 GAMMA-RAY                     46   1.57E-01    8.951E-01    1.40E-01
 K CONV. ELECTRON, GAMMA-RAY   46   3.24E-03    8.068E-01    2.61E-03
 L1 CONV. ELECTRON, GAMMA-RAY  46   4.92E-04    8.793E-01    4.33E-04
 GAMMA-RAY                     49   7.60E-02    1.019E+00    7.74E-02
 K CONV. ELECTRON, GAMMA-RAY   49   1.13E-03    9.303E-01    1.05E-03
 L1 CONV. ELECTRON, GAMMA-RAY  49   1.72E-04    1.003E+00    1.72E-04
 GAMMA-RAY                     55   1.35E-01    1.098E+00    1.48E-01
 K CONV. ELECTRON, GAMMA-RAY   55   2.41E-04    1.010E+00    2.44E-04
 GAMMA-RAY                     59   2.77E-03    1.195E+00    3.31E-03
 GAMMA-RAY                     64   2.82E-03    1.332E+00    3.76E-03
 GAMMA-RAY                     66   1.43E-02    1.405E+00    2.01E-02
 GAMMA-RAY                     71   3.78E-03    1.560E+00    5.89E-03
 GAMMA-RAY                     72   3.04E-03    1.565E+00    4.75E-03
 GAMMA-RAY                     74   5.01E-02    1.595E+00    8.00E-02
 GAMMA-RAY                     75   3.18E-01    1.719E+00    5.47E-01
 K CONV. ELECTRON, GAMMA-RAY   75   2.67E-04    1.630E+00    4.35E-04
 GAMMA-RAY                     76   5.69E-03    1.844E+00    1.05E-02
 GAMMA-RAY                     77   2.01E-02    1.879E+00    3.77E-02
 GAMMA-RAY                     78   3.49E-03    1.904E+00    6.65E-03
 GAMMA-RAY                     83   1.30E-03    2.600E+00    3.37E-03
 K -L2 X-RAY                        3.23E-01    7.304E-02    2.36E-02
 K -L3 X-RAY                        5.43E-01    7.525E-02    4.08E-02
 K -M2 X-RAY                        6.05E-02    8.474E-02    5.12E-03
 K -M3 X-RAY                        1.17E-01    8.524E-02    9.98E-03
 AUGER KLL                          2.74E-02    5.875E-02*   1.61E-03
 AUGER KLX                          1.50E-02    7.071E-02*   1.06E-03
 AUGER KXY                          1.97E-03    8.268E-02*   1.63E-04
 CK LLX                             2.57E-01    9.300E-04*   2.39E-04
 AUGER LMM                          5.04E-01    8.047E-03*   4.06E-03
 AUGER LMX                          2.23E-01    1.042E-02*   2.32E-03
 AUGER LXY                          2.36E-02    1.283E-02*   3.03E-04
 CK MMX                             7.29E-01    4.233E-04*   3.09E-04
 AUGER MNN                          1.73E+00    1.910E-03*   3.31E-03
 AUGER MNX                          2.16E-01    2.171E-03*   4.68E-04
 CK NNX                             3.25E+00    1.738E-04*   5.65E-04
 AUGER NXY                          6.16E+00    8.237E-05*   5.08E-04
 CK OOX                             4.28E+00    4.217E-05*   1.81E-04
 
 ALL LISTED X-RAYS, GAMMA-RAYS AND ANNIHILATION RADIATION    3.24E+00
 ALL NEGLECTED X-RAYS, GAMMA-RAYS AND ANNIH. RADIATION**     3.85E-02
 ALL LISTED BETAS, INTERNAL CONVERSION AND AUGER ELECTRONS   1.34E-01
 ALL NEGLECTED BETAS, INT. CONVERSION AND AUGER ELECTRONS**  3.47E-03
 ALL LISTED RADIATIONS                                       3.38E+00
 ALL NEGLECTED RADIATIONS**                                  4.20E-02
 
 *  AVERAGE ENERGY (MEV)
 ** EACH NEGLECTED TRANSITION CONTRIBUTES LESS THAN  0.100%
    TO THE TOTAL MEV/TRANSFORMATION FOR THIS CATEGORY.
 TOTAL FEEDING OF GROUND STATE LEVEL IN 206-LEAD
   DAUGHTER IS 1.0000E+00 PER TRANSFORMATION OF 206-BISMUTH.
   THIS DAUGHTER GROUND STATE IS STABLE.
