 210-BISMUTH-83          HALFLIFE = 5.013 DAYS    

  MODES OF DECAY: BETA MINUS, ALPHA
 
                                    MEAN
                                    NUMBER/                  MEV/
                               ID   TRANSFOR-   ENERGY       TRANSFOR-
        TYPE OF RADIATION      NO.  MATION      (MEV)        MATION

 BETA MINUS                     1   1.00E+00    3.889E-01*   3.89E-01
 ALPHA                          1   7.92E-07    4.644E+00    3.68E-06
 RECOIL ATOM                        7.92E-07    9.023E-02    7.15E-08
 ALPHA                          2   5.28E-07    4.682E+00    2.47E-06
 RECOIL ATOM                        5.28E-07    9.097E-02    4.80E-08
 GAMMA-RAY                      1   4.54E-07    2.650E-01    1.20E-07
 GAMMA-RAY                      2   5.66E-07    3.040E-01    1.72E-07
 K -L2 X-RAY                        6.32E-08    7.105E-02    4.49E-09
 K -L3 X-RAY                        1.07E-07    7.314E-02    7.80E-09
 K -M2 X-RAY                        1.18E-08    8.239E-02    9.75E-10
 K -M3 X-RAY                        2.29E-08    8.285E-02    1.90E-09
 K -N3 X-RAY                        5.50E-09    8.520E-02    4.69E-10
 L2-M4 X-RAY                        2.66E-08    1.225E-02    3.26E-10
 L3-M5 X-RAY                        3.72E-08    1.027E-02    3.82E-10
 
 ALL LISTED X-RAYS, GAMMA-RAYS AND ANNIHILATION RADIATION    3.09E-07
 ALL NEGLECTED X-RAYS, GAMMA-RAYS AND ANNIH. RADIATION**     9.12E-10
 ALL LISTED BETAS, INTERNAL CONVERSION AND AUGER ELECTRONS   3.89E-01
 ALL NEGLECTED BETAS, INT. CONVERSION AND AUGER ELECTRONS**  7.12E-08
 ALL LISTED ALPHA PARTICLES AND  RECOIL NUCLEI               6.27E-06
 ALL LISTED RADIATIONS                                       3.89E-01
 ALL NEGLECTED RADIATIONS**                                  7.21E-08
 
 *  AVERAGE ENERGY (MEV)
 ** EACH NEGLECTED TRANSITION CONTRIBUTES LESS THAN  0.100%
    TO THE TOTAL MEV/TRANSFORMATION FOR THIS CATEGORY.
 TOTAL FEEDING OF GROUND STATE LEVEL IN 210-POLONIUM
   DAUGHTER IS 1.0000E+00 PER TRANSFORMATION OF 210-BISMUTH.
   DECAY OF THIS 138.376 DAYS HALFLIFE LEVEL WILL CONTRIBUTE TO DOSE.
 TOTAL FEEDING OF GROUND STATE LEVEL IN 206-THALLIUM
   DAUGHTER IS 1.3200E-06 PER TRANSFORMATION OF 210-BISMUTH.
   DECAY OF THIS 4.2 MINUTES HALFLIFE LEVEL WILL CONTRIBUTE TO DOSE.
