 214-BISMUTH-83          HALFLIFE = 19.9 MINUTES 

  MODES OF DECAY: BETA MINUS, ALPHA
 
                                    MEAN
                                    NUMBER/                  MEV/
                               ID   TRANSFOR-   ENERGY       TRANSFOR-
        TYPE OF RADIATION      NO.  MATION      (MEV)        MATION

 BETA MINUS                    40   5.61E-03    1.624E-01*   9.11E-04
 BETA MINUS                    53   1.33E-02    2.489E-01*   3.31E-03
 BETA MINUS                    54   2.81E-02    2.615E-01*   7.36E-03
 BETA MINUS                    58   5.60E-03    3.189E-01*   1.78E-03
 BETA MINUS                    60   5.73E-02    3.528E-01*   2.02E-02
 BETA MINUS                    61   8.33E-03    3.572E-01*   2.98E-03
 BETA MINUS                    62   4.21E-03    3.745E-01*   1.57E-03
 BETA MINUS                    63   4.27E-02    3.858E-01*   1.65E-02
 BETA MINUS                    65   2.20E-02    4.253E-01*   9.37E-03
 BETA MINUS                    66   1.37E-02    4.278E-01*   5.87E-03
 BETA MINUS                    67   1.14E-02    4.342E-01*   4.96E-03
 BETA MINUS                    68   1.59E-02    4.756E-01*   7.57E-03
 BETA MINUS                    69   8.19E-02    4.927E-01*   4.03E-02
 BETA MINUS                    70   1.70E-01    5.260E-01*   8.96E-02
 BETA MINUS                    72   1.78E-01    5.401E-01*   9.63E-02
 BETA MINUS                    73   1.50E-03    5.304E-01*   7.97E-04
 BETA MINUS                    74   7.21E-03    5.678E-01*   4.09E-03
 BETA MINUS                    75   2.95E-02    6.160E-01*   1.82E-02
 BETA MINUS                    76   8.11E-03    6.687E-01*   5.42E-03
 BETA MINUS                    77   7.44E-02    6.844E-01*   5.09E-02
 BETA MINUS                    78   1.70E-02    1.008E+00*   1.72E-02
 BETA MINUS                    79   1.82E-01    1.269E+00*   2.31E-01
 GAMMA-RAY                     60   4.61E-01    6.093E-01    2.81E-01
 K CONV. ELECTRON, GAMMA-RAY   60   6.92E-03    5.159E-01    3.57E-03
 GAMMA-RAY                     73   1.46E-02    6.655E-01    9.72E-03
 GAMMA-RAY                     80   4.72E-03    7.031E-01    3.32E-03
 GAMMA-RAY                     85   3.79E-03    7.199E-01    2.73E-03
 GAMMA-RAY                     90   4.94E-02    7.684E-01    3.80E-02
 GAMMA-RAY                     92   3.10E-03    7.861E-01    2.44E-03
 GAMMA-RAY                     94   1.22E-02    8.062E-01    9.84E-03
 GAMMA-RAY                    109   3.03E-02    9.341E-01    2.83E-02
 GAMMA-RAY                    118   3.62E-03    9.641E-01    3.49E-03
 GAMMA-RAY                    132   3.15E-03    1.052E+00    3.31E-03
 GAMMA-RAY                    134   2.75E-03    1.070E+00    2.94E-03
 GAMMA-RAY                    138   1.51E-01    1.120E+00    1.69E-01
 K CONV. ELECTRON, GAMMA-RAY  138   2.02E-03    1.027E+00    2.08E-03
 GAMMA-RAY                    140   2.48E-03    1.134E+00    2.81E-03
 GAMMA-RAY                    141   1.63E-02    1.155E+00    1.88E-02
 GAMMA-RAY                    147   4.51E-03    1.208E+00    5.45E-03
 GAMMA-RAY                    151   5.79E-02    1.238E+00    7.17E-02
 K CONV. ELECTRON, GAMMA-RAY  151   6.13E-04    1.145E+00    7.02E-04
 GAMMA-RAY                    154   1.43E-02    1.281E+00    1.83E-02
 GAMMA-RAY                    165   4.00E-02    1.378E+00    5.51E-02
 GAMMA-RAY                    166   7.57E-03    1.385E+00    1.05E-02
 GAMMA-RAY                    169   1.27E-02    1.402E+00    1.78E-02
 GAMMA-RAY                    170   2.15E-02    1.408E+00    3.03E-02
 K CONV. ELECTRON, GAMMA-RAY  171   3.95E-03    1.322E+00    5.22E-03
 L1 CONV. ELECTRON, GAMMA-RAY 171   6.55E-04    1.399E+00    9.16E-04
 GAMMA-RAY                    175   2.11E-02    1.509E+00    3.18E-02
 GAMMA-RAY                    178   3.76E-03    1.539E+00    5.78E-03
 GAMMA-RAY                    179   2.00E-03    1.543E+00    3.09E-03
 GAMMA-RAY                    180   6.90E-03    1.583E+00    1.09E-02
 GAMMA-RAY                    181   2.50E-03    1.595E+00    3.99E-03
 GAMMA-RAY                    184   2.30E-03    1.599E+00    3.68E-03
 GAMMA-RAY                    189   1.15E-02    1.661E+00    1.91E-02
 GAMMA-RAY                    191   2.16E-03    1.684E+00    3.64E-03
 GAMMA-RAY                    196   2.92E-02    1.730E+00    5.05E-02
 GAMMA-RAY                    200   1.54E-01    1.764E+00    2.72E-01
 K CONV. ELECTRON, GAMMA-RAY  200   6.61E-04    1.671E+00    1.10E-03
 GAMMA-RAY                    203   3.60E-03    1.838E+00    6.62E-03
 GAMMA-RAY                    204   2.11E-02    1.847E+00    3.90E-02
 GAMMA-RAY                    205   2.19E-03    1.873E+00    4.10E-03
 GAMMA-RAY                    206   8.00E-04    1.890E+00    1.51E-03
 GAMMA-RAY                    207   1.60E-03    1.896E+00    3.03E-03
 GAMMA-RAY                    219   8.80E-04    2.110E+00    1.86E-03
 GAMMA-RAY                    220   1.14E-02    2.119E+00    2.42E-02
 GAMMA-RAY                    228   5.08E-02    2.204E+00    1.12E-01
 GAMMA-RAY                    235   3.05E-03    2.293E+00    6.99E-03
 GAMMA-RAY                    255   1.57E-02    2.448E+00    3.84E-02
 ALPHA                          1   5.25E-07    4.945E+00    2.60E-06
 RECOIL ATOM                        5.25E-07    9.425E-02    4.95E-08
 ALPHA                          2   4.41E-07    5.027E+00    2.22E-06
 RECOIL ATOM                        4.41E-07    9.582E-02    4.23E-08
 ALPHA                          3   1.28E-06    5.188E+00    6.65E-06
 RECOIL ATOM                        1.28E-06    9.889E-02    1.27E-07
 ALPHA                          4   1.22E-05    5.267E+00    6.42E-05
 RECOIL ATOM                        1.22E-05    1.004E-01    1.22E-06
 ALPHA                          5   1.13E-04    5.455E+00    6.18E-04
 RECOIL ATOM                        1.13E-04    1.040E-01    1.18E-05
 ALPHA                          6   8.23E-05    5.516E+00    4.54E-04
 RECOIL ATOM                        8.23E-05    1.051E-01    8.66E-06
 
 ALL LISTED X-RAYS, GAMMA-RAYS AND ANNIHILATION RADIATION    1.43E+00
 ALL NEGLECTED X-RAYS, GAMMA-RAYS AND ANNIH. RADIATION**     5.25E-02
 ALL LISTED BETAS, INTERNAL CONVERSION AND AUGER ELECTRONS   6.50E-01
 ALL NEGLECTED BETAS, INT. CONVERSION AND AUGER ELECTRONS**  1.31E-02
 ALL LISTED ALPHA PARTICLES AND  RECOIL NUCLEI               1.17E-03
 ALL LISTED RADIATIONS                                       2.08E+00
 ALL NEGLECTED RADIATIONS**                                  6.56E-02
 
 *  AVERAGE ENERGY (MEV)
 ** EACH NEGLECTED TRANSITION CONTRIBUTES LESS THAN  0.100%
    TO THE TOTAL MEV/TRANSFORMATION FOR THIS CATEGORY.
 TOTAL FEEDING OF GROUND STATE LEVEL IN 214-POLONIUM
   DAUGHTER IS 9.9979E-01 PER TRANSFORMATION OF 214-BISMUTH.
   DECAY OF THIS 0.1643E-03 SECONDS HALFLIFE LEVEL WILL CONTRIBUTE TO DOS
   E.
 TOTAL FEEDING OF GROUND STATE LEVEL IN 210-THALLIUM
   DAUGHTER IS 2.1000E-04 PER TRANSFORMATION OF 214-BISMUTH.
   DECAY OF THIS 1.3 MINUTES HALFLIFE LEVEL WILL CONTRIBUTE TO DOSE.
