 207-BISMUTH-83          HALFLIFE = 32.9 YEARS   

  MODES OF DECAY: ELECTRON CAPTURE, BETA PLUS
 
                                    MEAN
                                    NUMBER/                  MEV/
                               ID   TRANSFOR-   ENERGY       TRANSFOR-
        TYPE OF RADIATION      NO.  MATION      (MEV)        MATION

 BETA PLUS                      1   3.90E-04    3.945E-01*   1.54E-04
 GAMMA-RAY                      2   9.78E-01    5.697E-01    5.57E-01
 K CONV. ELECTRON, GAMMA-RAY    2   1.56E-02    4.814E-01    7.52E-03
 L1 CONV. ELECTRON, GAMMA-RAY   2   2.31E-03    5.539E-01    1.28E-03
 L2 CONV. ELECTRON, GAMMA-RAY   2   1.53E-03    5.544E-01    8.48E-04
 L3 CONV. ELECTRON, GAMMA-RAY   2   5.34E-04    5.567E-01    2.97E-04
 M CONV. ELECTRON, GAMMA-RAY    2   1.08E-03    5.666E-01*   6.11E-04
 N+ CONV. ELECTRON, GAMMA-RAY   2   3.41E-04    5.697E-01*   1.94E-04
 GAMMA-RAY                      4   7.46E-01    1.064E+00    7.93E-01
 K CONV. ELECTRON, GAMMA-RAY    4   7.29E-02    9.754E-01    7.11E-02
 L1 CONV. ELECTRON, GAMMA-RAY   4   1.44E-02    1.048E+00    1.50E-02
 L2 CONV. ELECTRON, GAMMA-RAY   4   2.84E-03    1.048E+00    2.98E-03
 L3 CONV. ELECTRON, GAMMA-RAY   4   1.30E-03    1.051E+00    1.37E-03
 M CONV. ELECTRON, GAMMA-RAY    4   4.60E-03    1.061E+00*   4.88E-03
 N+ CONV. ELECTRON, GAMMA-RAY   4   1.49E-03    1.064E+00*   1.58E-03
 GAMMA-RAY                      5   1.31E-03    1.442E+00    1.89E-03
 GAMMA-RAY                      6   6.87E-02    1.770E+00    1.22E-01
 K CONV. ELECTRON, GAMMA-RAY    6   2.52E-04    1.682E+00    4.24E-04
 K -L2 X-RAY                        2.18E-01    7.304E-02    1.59E-02
 K -L3 X-RAY                        3.66E-01    7.525E-02    2.76E-02
 K -M2 X-RAY                        4.08E-02    8.474E-02    3.46E-03
 K -M3 X-RAY                        7.90E-02    8.524E-02    6.73E-03
 K -N3 X-RAY                        1.91E-02    8.766E-02    1.68E-03
 AUGER KLL                          1.85E-02    5.875E-02*   1.08E-03
 AUGER KLX                          1.01E-02    7.071E-02*   7.14E-04
 CK LLX                             2.13E-01    9.000E-04*   1.92E-04
 AUGER LMM                          3.65E-01    8.044E-03*   2.94E-03
 AUGER LMX                          1.61E-01    1.042E-02*   1.68E-03
 AUGER LXY                          1.71E-02    1.283E-02*   2.20E-04
 CK MMX                             5.51E-01    4.250E-04*   2.34E-04
 AUGER MNN                          1.28E+00    1.910E-03*   2.44E-03
 AUGER MNX                          1.59E-01    2.171E-03*   3.46E-04
 CK NNX                             2.41E+00    1.739E-04*   4.19E-04
 AUGER NXY                          4.57E+00    8.253E-05*   3.77E-04
 CK OOX                             3.18E+00    4.217E-05*   1.34E-04
 
 ALL LISTED X-RAYS, GAMMA-RAYS AND ANNIHILATION RADIATION    1.53E+00
 ALL NEGLECTED X-RAYS, GAMMA-RAYS AND ANNIH. RADIATION**     7.76E-03
 ALL LISTED BETAS, INTERNAL CONVERSION AND AUGER ELECTRONS   1.19E-01
 ALL NEGLECTED BETAS, INT. CONVERSION AND AUGER ELECTRONS**  2.58E-04
 ALL LISTED RADIATIONS                                       1.65E+00
 ALL NEGLECTED RADIATIONS**                                  8.02E-03
 
 *  AVERAGE ENERGY (MEV)
 ** EACH NEGLECTED TRANSITION CONTRIBUTES LESS THAN  0.100%
    TO THE TOTAL MEV/TRANSFORMATION FOR THIS CATEGORY.
 TOTAL FEEDING OF GROUND STATE LEVEL IN 207-LEAD
   DAUGHTER IS 1.0000E+00 PER TRANSFORMATION OF 207-BISMUTH.
   THIS DAUGHTER GROUND STATE IS STABLE.
