 77M-BROMINE-35          HALFLIFE = 4.28 MINUTES 

  MODE OF DECAY: ISOMERIC LEVEL
 
                                    MEAN
                                    NUMBER/                  MEV/
                               ID   TRANSFOR-   ENERGY       TRANSFOR-
        TYPE OF RADIATION      NO.  MATION      (MEV)        MATION

 GAMMA-RAY                      1   1.38E-01    1.059E-01    1.46E-02
 K CONV. ELECTRON, GAMMA-RAY    1   6.68E-01    9.244E-02    6.18E-02
 L1 CONV. ELECTRON, GAMMA-RAY   1   5.89E-02    1.041E-01    6.13E-03
 L2 CONV. ELECTRON, GAMMA-RAY   1   5.20E-02    1.043E-01    5.42E-03
 L3 CONV. ELECTRON, GAMMA-RAY   1   6.48E-02    1.043E-01    6.76E-03
 M CONV. ELECTRON, GAMMA-RAY    1   2.89E-02    1.057E-01*   3.05E-03
 N+ CONV. ELECTRON, GAMMA-RAY   1   2.66E-03    1.059E-01*   2.82E-04
 K -L2 X-RAY                        1.22E-01    1.183E-02    1.44E-03
 K -L3 X-RAY                        2.35E-01    1.188E-02    2.79E-03
 K -M2 X-RAY                        1.68E-02    1.324E-02    2.22E-04
 K -M3 X-RAY                        3.28E-02    1.325E-02    4.34E-04
 K -N3 X-RAY                        2.15E-03    1.342E-02    2.89E-05
 Free-Bound X-RAY                   6.00E+00    1.759E-05*   1.05E-04
 AUGER KLL                          1.95E-01    1.020E-02*   1.99E-03
 AUGER KLX                          5.96E-02    1.164E-02*   6.93E-04
 AUGER LMM                          9.07E-01    1.321E-03*   1.20E-03
 AUGER MNN                          2.70E+00    4.384E-05*   1.18E-04
 
 ALL LISTED X-RAYS, GAMMA-RAYS AND ANNIHILATION RADIATION    1.96E-02
 ALL NEGLECTED X-RAYS, GAMMA-RAYS AND ANNIH. RADIATION**     4.47E-05
 ALL LISTED BETAS, INTERNAL CONVERSION AND AUGER ELECTRONS   8.74E-02
 ALL NEGLECTED BETAS, INT. CONVERSION AND AUGER ELECTRONS**  2.11E-04
 ALL LISTED RADIATIONS                                       1.07E-01
 ALL NEGLECTED RADIATIONS**                                  2.56E-04
 
 *  AVERAGE ENERGY (MEV)
 ** EACH NEGLECTED TRANSITION CONTRIBUTES LESS THAN  0.100%
    TO THE TOTAL MEV/TRANSFORMATION FOR THIS CATEGORY.
 TOTAL FEEDING OF GROUND STATE LEVEL IN 77-BROMINE
   DAUGHTER IS 1.0000E+00  PER TRANSFORMATION OF  77M-BROMINE.
   DECAY OF THIS 57.036 HOURS HALFLIFE LEVEL WILL CONTRIBUTE TO DOSE.
