 76-BROMINE-35           HALFLIFE = 16.2 HOURS   

  MODES OF DECAY: ELECTRON CAPTURE, BETA PLUS
 
                                    MEAN
                                    NUMBER/                  MEV/
                               ID   TRANSFOR-   ENERGY       TRANSFOR-
        TYPE OF RADIATION      NO.  MATION      (MEV)        MATION

 BETA PLUS                      4   9.37E-03    2.562E-01*   2.40E-03
 BETA PLUS                      5   1.48E-02    3.386E-01*   5.01E-03
 BETA PLUS                      6   6.32E-02    3.778E-01*   2.39E-02
 BETA PLUS                      7   5.13E-02    4.299E-01*   2.21E-02
 BETA PLUS                      8   1.28E-02    5.542E-01*   7.11E-03
 BETA PLUS                      9   1.97E-03    5.607E-01*   1.11E-03
 BETA PLUS                     10   2.96E-03    5.718E-01*   1.69E-03
 BETA PLUS                     11   3.45E-03    6.237E-01*   2.15E-03
 BETA PLUS                     12   9.57E-03    6.894E-01*   6.60E-03
 BETA PLUS                     13   9.87E-04    7.999E-01*   7.89E-04
 BETA PLUS                     14   9.87E-03    9.565E-01*   9.44E-03
 BETA PLUS                     15   6.91E-03    1.026E+00*   7.08E-03
 BETA PLUS                     16   2.66E-02    1.224E+00*   3.26E-02
 BETA PLUS                     17   2.07E-02    1.268E+00*   2.63E-02
 BETA PLUS                     18   2.55E-01    1.535E+00*   3.91E-01
 BETA PLUS                     19   5.92E-02    1.803E+00*   1.07E-01
 ANNIHILATION RADIATION             1.10E+00    5.110E-01    5.63E-01
 GAMMA-RAY                     10   1.86E-02    4.729E-01    8.78E-03
 GAMMA-RAY                     15   7.40E-01    5.591E-01    4.14E-01
 K CONV. ELECTRON, GAMMA-RAY   15   1.30E-03    5.465E-01    7.13E-04
 GAMMA-RAY                     16   3.55E-02    5.632E-01    2.00E-02
 GAMMA-RAY                     22   1.59E-01    6.570E-01    1.05E-01
 GAMMA-RAY                     23   7.03E-03    6.651E-01    4.68E-03
 GAMMA-RAY                     24   4.22E-03    6.814E-01    2.87E-03
 GAMMA-RAY                     25   4.88E-03    6.959E-01    3.40E-03
 GAMMA-RAY                     26   6.66E-03    7.274E-01    4.84E-03
 GAMMA-RAY                     27   5.77E-03    7.305E-01    4.22E-03
 GAMMA-RAY                     29   4.14E-03    7.718E-01    3.20E-03
 GAMMA-RAY                     30   4.66E-03    7.891E-01    3.68E-03
 GAMMA-RAY                     32   5.25E-03    8.035E-01    4.22E-03
 GAMMA-RAY                     34   3.85E-03    8.364E-01    3.22E-03
 GAMMA-RAY                     36   4.07E-03    8.823E-01    3.59E-03
 GAMMA-RAY                     37   3.33E-03    8.862E-01    2.95E-03
 GAMMA-RAY                     45   3.33E-03    9.809E-01    3.27E-03
 GAMMA-RAY                     46   5.70E-03    1.030E+00    5.87E-03
 GAMMA-RAY                     47   5.85E-03    1.033E+00    6.04E-03
 GAMMA-RAY                     51   4.59E-02    1.130E+00    5.18E-02
 GAMMA-RAY                     57   1.70E-02    1.213E+00    2.06E-02
 GAMMA-RAY                     58   8.81E-02    1.216E+00    1.07E-01
 GAMMA-RAY                     59   2.81E-03    1.224E+00    3.44E-03
 GAMMA-RAY                     60   2.09E-02    1.229E+00    2.56E-02
 GAMMA-RAY                     70   5.48E-03    1.372E+00    7.51E-03
 GAMMA-RAY                     71   2.52E-02    1.381E+00    3.47E-02
 GAMMA-RAY                     72   2.66E-03    1.429E+00    3.81E-03
 GAMMA-RAY                     73   2.66E-03    1.429E+00    3.81E-03
 GAMMA-RAY                     74   5.77E-03    1.439E+00    8.31E-03
 GAMMA-RAY                     75   7.99E-03    1.454E+00    1.16E-02
 GAMMA-RAY                     77   2.31E-02    1.471E+00    3.40E-02
 GAMMA-RAY                     81   4.59E-03    1.560E+00    7.16E-03
 GAMMA-RAY                     82   9.62E-03    1.568E+00    1.51E-02
 GAMMA-RAY                     83   2.81E-03    1.612E+00    4.53E-03
 GAMMA-RAY                     87   2.37E-03    1.672E+00    3.96E-03
 GAMMA-RAY                     89   4.22E-03    1.770E+00    7.47E-03
 GAMMA-RAY                     90   4.22E-03    1.770E+00    7.47E-03
 GAMMA-RAY                     91   5.70E-03    1.788E+00    1.02E-02
 GAMMA-RAY                     94   1.92E-03    1.834E+00    3.53E-03
 GAMMA-RAY                     95   1.47E-01    1.854E+00    2.72E-01
 GAMMA-RAY                     99   4.74E-03    1.944E+00    9.21E-03
 GAMMA-RAY                    100   2.96E-03    1.956E+00    5.79E-03
 GAMMA-RAY                    103   1.78E-03    2.046E+00    3.63E-03
 GAMMA-RAY                    104   2.66E-03    2.071E+00    5.52E-03
 GAMMA-RAY                    106   1.36E-02    2.097E+00    2.85E-02
 GAMMA-RAY                    107   2.49E-02    2.111E+00    5.25E-02
 GAMMA-RAY                    108   2.00E-03    2.127E+00    4.25E-03
 GAMMA-RAY                    109   9.40E-03    2.136E+00    2.01E-02
 GAMMA-RAY                    113   1.33E-03    2.235E+00    2.98E-03
 GAMMA-RAY                    114   1.41E-03    2.299E+00    3.23E-03
 GAMMA-RAY                    117   4.74E-02    2.391E+00    1.13E-01
 GAMMA-RAY                    120   1.33E-03    2.483E+00    3.31E-03
 GAMMA-RAY                    121   1.95E-02    2.511E+00    4.89E-02
 GAMMA-RAY                    123   6.96E-03    2.601E+00    1.81E-02
 GAMMA-RAY                    124   1.26E-03    2.627E+00    3.30E-03
 GAMMA-RAY                    125   1.33E-03    2.658E+00    3.54E-03
 GAMMA-RAY                    126   3.55E-03    2.690E+00    9.55E-03
 GAMMA-RAY                    129   5.62E-02    2.793E+00    1.57E-01
 GAMMA-RAY                    130   1.11E-03    2.837E+00    3.15E-03
 GAMMA-RAY                    131   1.48E-03    2.844E+00    4.21E-03
 GAMMA-RAY                    132   2.74E-03    2.901E+00    7.94E-03
 GAMMA-RAY                    133   7.40E-02    2.951E+00    2.18E-01
 GAMMA-RAY                    135   9.62E-03    2.997E+00    2.88E-02
 GAMMA-RAY                    139   1.63E-03    3.093E+00    5.04E-03
 GAMMA-RAY                    140   1.48E-03    3.159E+00    4.68E-03
 GAMMA-RAY                    141   2.52E-03    3.352E+00    8.43E-03
 GAMMA-RAY                    142   8.88E-04    3.370E+00    2.99E-03
 GAMMA-RAY                    143   2.89E-03    3.411E+00    9.85E-03
 GAMMA-RAY                    145   1.78E-03    3.525E+00    6.26E-03
 GAMMA-RAY                    146   1.55E-02    3.604E+00    5.60E-02
 GAMMA-RAY                    147   1.48E-03    3.639E+00    5.39E-03
 GAMMA-RAY                    151   8.88E-04    3.929E+00    3.49E-03
 AUGER KLL                          1.25E-01    9.627E-03*   1.20E-03
 
 ALL LISTED X-RAYS, GAMMA-RAYS AND ANNIHILATION RADIATION    2.67E+00
 ALL NEGLECTED X-RAYS, GAMMA-RAYS AND ANNIH. RADIATION**     1.27E-01
 ALL LISTED BETAS, INTERNAL CONVERSION AND AUGER ELECTRONS   6.48E-01
 ALL NEGLECTED BETAS, INT. CONVERSION AND AUGER ELECTRONS**  2.10E-03
 ALL LISTED RADIATIONS                                       3.31E+00
 ALL NEGLECTED RADIATIONS**                                  1.29E-01
 
 *  AVERAGE ENERGY (MEV)
 ** EACH NEGLECTED TRANSITION CONTRIBUTES LESS THAN  0.100%
    TO THE TOTAL MEV/TRANSFORMATION FOR THIS CATEGORY.
 TOTAL FEEDING OF GROUND STATE LEVEL IN 76-SELENIUM
   DAUGHTER IS 1.0000E+00 PER TRANSFORMATION OF  76-BROMINE.
   THIS DAUGHTER GROUND STATE IS STABLE.
