 80-BROMINE-35           HALFLIFE = 17.68 MINUTES 

  MODES OF DECAY: BETA MINUS, ELECTRON CAPTURE, BETA PLUS
 
                                    MEAN
                                    NUMBER/                  MEV/
                               ID   TRANSFOR-   ENERGY       TRANSFOR-
        TYPE OF RADIATION      NO.  MATION      (MEV)        MATION

 BETA MINUS                     2   3.10E-03    2.523E-01*   7.82E-04
 BETA MINUS                     3   6.20E-02    5.235E-01*   3.25E-02
 BETA MINUS                     4   8.50E-01    8.029E-01*   6.82E-01
 GAMMA-RAY                      1   6.69E-02    6.163E-01    4.13E-02
 GAMMA-RAY                      2   2.61E-03    6.394E-01    1.67E-03
 GAMMA-RAY                      4   1.20E-04    6.874E-01    8.28E-05
 GAMMA-RAY                      5   1.94E-03    7.038E-01    1.37E-03
 GAMMA-RAY                      6   7.36E-04    1.256E+00    9.25E-04
 BETA PLUS                      2   2.21E-02    3.682E-01*   8.13E-03
 ANNIHILATION RADIATION             4.42E-02    5.110E-01    2.26E-02
 GAMMA-RAY                      1   1.08E-02    6.658E-01    7.21E-03
 GAMMA-RAY                      3   1.21E-04    6.874E-01    8.32E-05
 GAMMA-RAY                      4   1.34E-04    7.880E-01    1.06E-04
 GAMMA-RAY                      5   4.03E-04    8.122E-01    3.28E-04
 K -L2 X-RAY                        9.35E-03    1.114E-02    1.04E-04
 K -L3 X-RAY                        1.81E-02    1.118E-02    2.02E-04
 
 ALL LISTED X-RAYS, GAMMA-RAYS AND ANNIHILATION RADIATION    7.59E-02
 ALL NEGLECTED X-RAYS, GAMMA-RAYS AND ANNIH. RADIATION**     1.68E-04
 ALL LISTED BETAS, INTERNAL CONVERSION AND AUGER ELECTRONS   7.24E-01
 ALL NEGLECTED BETAS, INT. CONVERSION AND AUGER ELECTRONS**  8.38E-04
 ALL LISTED RADIATIONS                                       8.00E-01
 ALL NEGLECTED RADIATIONS**                                  1.01E-03
 
 *  AVERAGE ENERGY (MEV)
 ** EACH NEGLECTED TRANSITION CONTRIBUTES LESS THAN  0.100%
    TO THE TOTAL MEV/TRANSFORMATION FOR THIS CATEGORY.
 TOTAL FEEDING OF GROUND STATE LEVEL IN 80-KRYPTON
   DAUGHTER IS 9.1700E-01 PER TRANSFORMATION OF  80-BROMINE.
   THIS DAUGHTER GROUND STATE IS STABLE.
 TOTAL FEEDING OF GROUND STATE LEVEL IN 80-SELENIUM
   DAUGHTER IS 8.3000E-02 PER TRANSFORMATION OF  80-BROMINE.
   THIS DAUGHTER GROUND STATE IS STABLE.
