 80M-BROMINE-35          HALFLIFE = 4.4205 HOURS   

  MODE OF DECAY: ISOMERIC LEVEL
 
                                    MEAN
                                    NUMBER/                  MEV/
                               ID   TRANSFOR-   ENERGY       TRANSFOR-
        TYPE OF RADIATION      NO.  MATION      (MEV)        MATION

 GAMMA-RAY                      1   3.91E-01    3.705E-02    1.45E-02
 K CONV. ELECTRON, GAMMA-RAY    1   5.37E-01    2.362E-02    1.27E-02
 L1 CONV. ELECTRON, GAMMA-RAY   1   4.68E-02    3.528E-02    1.65E-03
 L2 CONV. ELECTRON, GAMMA-RAY   1   5.41E-03    3.545E-02    1.92E-04
 L3 CONV. ELECTRON, GAMMA-RAY   1   9.27E-03    3.550E-02    3.29E-04
 M CONV. ELECTRON, GAMMA-RAY    1   9.81E-03    3.687E-02*   3.62E-04
 GAMMA-RAY                      2   3.27E-03    4.885E-02    1.60E-04
 K CONV. ELECTRON, GAMMA-RAY    2   7.21E-01    3.542E-02    2.55E-02
 L1 CONV. ELECTRON, GAMMA-RAY   2   1.27E-01    4.708E-02    5.99E-03
 L2 CONV. ELECTRON, GAMMA-RAY   2   1.99E-02    4.725E-02    9.42E-04
 L3 CONV. ELECTRON, GAMMA-RAY   2   8.46E-02    4.730E-02    4.00E-03
 M CONV. ELECTRON, GAMMA-RAY    2   3.99E-02    4.867E-02*   1.94E-03
 N+ CONV. ELECTRON, GAMMA-RAY   2   4.03E-03    4.885E-02*   1.97E-04
 K -L2 X-RAY                        2.29E-01    1.183E-02    2.71E-03
 K -L3 X-RAY                        4.42E-01    1.188E-02    5.25E-03
 K -M2 X-RAY                        3.16E-02    1.324E-02    4.18E-04
 K -M3 X-RAY                        6.16E-02    1.325E-02    8.17E-04
 K -N2 X-RAY                        2.11E-03    1.342E-02    2.83E-05
 K -N3 X-RAY                        4.05E-03    1.342E-02    5.44E-05
 L3-M5 X-RAY                        1.71E-02    1.475E-03    2.53E-05
 Free-Bound X-RAY                   1.12E+01    1.759E-05*   1.97E-04
 AUGER KLL                          3.66E-01    1.020E-02*   3.74E-03
 AUGER KLX                          1.12E-01    1.164E-02*   1.30E-03
 AUGER KXY                          8.60E-03    1.307E-02*   1.12E-04
 AUGER LMM                          1.67E+00    1.321E-03*   2.21E-03
 AUGER LMX                          9.93E-02    1.411E-03*   1.40E-04
 CK MMX                             1.95E+00    5.771E-05*   1.13E-04
 AUGER MNN                          5.04E+00    4.386E-05*   2.21E-04
 
 ALL LISTED X-RAYS, GAMMA-RAYS AND ANNIHILATION RADIATION    2.41E-02
 ALL NEGLECTED X-RAYS, GAMMA-RAYS AND ANNIH. RADIATION**     2.94E-05
 ALL LISTED BETAS, INTERNAL CONVERSION AND AUGER ELECTRONS   6.17E-02
 ALL NEGLECTED BETAS, INT. CONVERSION AND AUGER ELECTRONS**  7.40E-05
 ALL LISTED RADIATIONS                                       8.58E-02
 ALL NEGLECTED RADIATIONS**                                  1.03E-04
 
 *  AVERAGE ENERGY (MEV)
 ** EACH NEGLECTED TRANSITION CONTRIBUTES LESS THAN  0.100%
    TO THE TOTAL MEV/TRANSFORMATION FOR THIS CATEGORY.
 TOTAL FEEDING OF GROUND STATE LEVEL IN 80-BROMINE
   DAUGHTER IS 1.0000E+00  PER TRANSFORMATION OF  80M-BROMINE.
   DECAY OF THIS 17.68 MINUTES HALFLIFE LEVEL WILL CONTRIBUTE TO DOSE.
