 10-CARBON-6             HALFLIFE = 19.255 SECONDS 

  MODES OF DECAY: ELECTRON CAPTURE, BETA PLUS
 
                                    MEAN
                                    NUMBER/                  MEV/
                               ID   TRANSFOR-   ENERGY       TRANSFOR-
        TYPE OF RADIATION      NO.  MATION      (MEV)        MATION

 BETA PLUS                      1   1.46E-02    3.547E-01*   5.18E-03
 BETA PLUS                      2   9.85E-01    8.157E-01*   8.04E-01
 ANNIHILATION RADIATION             2.00E+00    5.110E-01    1.02E+00
 GAMMA-RAY                      1   9.85E-01    7.183E-01    7.08E-01
 K CONV. ELECTRON, GAMMA-RAY    1   3.44E-06    7.181E-01    2.47E-06
 L1 CONV. ELECTRON, GAMMA-RAY   1   1.42E-07    7.182E-01    1.02E-07
 GAMMA-RAY                      2   1.47E-02    1.022E+00    1.50E-02
 K CONV. ELECTRON, GAMMA-RAY    2   1.22E-08    1.022E+00    1.25E-08
 L1 CONV. ELECTRON, GAMMA-RAY   2   5.03E-10    1.022E+00    5.14E-10
 
 ALL LISTED X-RAYS, GAMMA-RAYS AND ANNIHILATION RADIATION    1.74E+00
 ALL LISTED BETAS, INTERNAL CONVERSION AND AUGER ELECTRONS   8.09E-01
 ALL LISTED RADIATIONS                                       2.55E+00
 
 *  AVERAGE ENERGY (MEV)
 TOTAL FEEDING OF GROUND STATE LEVEL IN 10-BORON
   DAUGHTER IS 1.0000E+00 PER TRANSFORMATION OF  10-CARBON.
   THIS DAUGHTER GROUND STATE IS STABLE.
