 45-CALCIUM-20           HALFLIFE = 162.67 DAYS    

  MODE OF DECAY: BETA MINUS
 
                                    MEAN
                                    NUMBER/                  MEV/
                               ID   TRANSFOR-   ENERGY       TRANSFOR-
        TYPE OF RADIATION      NO.  MATION      (MEV)        MATION

 BETA MINUS                     2   1.00E+00    7.720E-02*   7.72E-02
 GAMMA-RAY                      1   3.00E-08    1.247E-02    3.74E-10
 K -L2 X-RAY                        9.30E-07    4.052E-03    3.77E-09
 K -L3 X-RAY                        1.83E-06    4.057E-03    7.44E-09
 K -M2 X-RAY                        1.03E-07    4.426E-03    4.54E-10
 K -M3 X-RAY                        2.03E-07    4.427E-03    8.99E-10
 Free-Bound X-RAY                   1.42E-04    6.754E-06*   9.59E-10
 
 ALL LISTED X-RAYS, GAMMA-RAYS AND ANNIHILATION RADIATION    1.39E-08
 ALL NEGLECTED X-RAYS, GAMMA-RAYS AND ANNIH. RADIATION**     1.87E-11
 ALL LISTED BETAS, INTERNAL CONVERSION AND AUGER ELECTRONS   7.72E-02
 ALL NEGLECTED BETAS, INT. CONVERSION AND AUGER ELECTRONS**  1.97E-06
 ALL LISTED RADIATIONS                                       7.72E-02
 ALL NEGLECTED RADIATIONS**                                  1.97E-06
 
 *  AVERAGE ENERGY (MEV)
 ** EACH NEGLECTED TRANSITION CONTRIBUTES LESS THAN  0.100%
    TO THE TOTAL MEV/TRANSFORMATION FOR THIS CATEGORY.
 TOTAL FEEDING OF GROUND STATE LEVEL IN 45-SCANDIUM
   DAUGHTER IS 1.0000E+00 PER TRANSFORMATION OF  45-CALCIUM.
   THIS DAUGHTER GROUND STATE IS STABLE.
