 47-CALCIUM-20           HALFLIFE = 4.536 DAYS    

  MODE OF DECAY: BETA MINUS
 
                                    MEAN
                                    NUMBER/                  MEV/
                               ID   TRANSFOR-   ENERGY       TRANSFOR-
        TYPE OF RADIATION      NO.  MATION      (MEV)        MATION

 BETA MINUS                     2   8.09E-01    2.426E-01*   1.96E-01
 BETA MINUS                     4   8.69E-04    4.947E-01*   4.30E-04
 BETA MINUS                     5   1.90E-01    8.185E-01*   1.55E-01
 GAMMA-RAY                      2   6.53E-02    4.892E-01    3.20E-02
 GAMMA-RAY                      5   1.91E-03    7.671E-01    1.47E-03
 GAMMA-RAY                      6   6.25E-02    8.079E-01    5.05E-02
 GAMMA-RAY                      8   7.45E-01    1.297E+00    9.67E-01
 
 ALL LISTED X-RAYS, GAMMA-RAYS AND ANNIHILATION RADIATION    1.05E+00
 ALL NEGLECTED X-RAYS, GAMMA-RAYS AND ANNIH. RADIATION**     1.24E-03
 ALL LISTED BETAS, INTERNAL CONVERSION AND AUGER ELECTRONS   3.52E-01
 ALL NEGLECTED BETAS, INT. CONVERSION AND AUGER ELECTRONS**  8.12E-05
 ALL LISTED RADIATIONS                                       1.40E+00
 ALL NEGLECTED RADIATIONS**                                  1.32E-03
 
 *  AVERAGE ENERGY (MEV)
 ** EACH NEGLECTED TRANSITION CONTRIBUTES LESS THAN  0.100%
    TO THE TOTAL MEV/TRANSFORMATION FOR THIS CATEGORY.
 TOTAL FEEDING OF GROUND STATE LEVEL IN 47-SCANDIUM
   DAUGHTER IS 1.0000E+00 PER TRANSFORMATION OF  47-CALCIUM.
   DECAY OF THIS 3.3492 DAYS HALFLIFE LEVEL WILL CONTRIBUTE TO DOSE.
