 115-CADMIUM-48          HALFLIFE = 53.46 HOURS   

  MODE OF DECAY: BETA MINUS
 
                                    MEAN
                                    NUMBER/                  MEV/
                               ID   TRANSFOR-   ENERGY       TRANSFOR-
        TYPE OF RADIATION      NO.  MATION      (MEV)        MATION

 BETA MINUS                     4   3.30E-01    1.840E-01*   6.08E-02
 BETA MINUS                     5   3.29E-02    1.972E-01*   6.50E-03
 BETA MINUS                     6   1.16E-02    2.868E-01*   3.32E-03
 BETA MINUS                     7   6.25E-01    3.937E-01*   2.46E-01
 GAMMA-RAY                      2   7.40E-03    2.314E-01    1.71E-03
 GAMMA-RAY                      4   1.94E-02    2.609E-01    5.06E-03
 GAMMA-RAY                      5   9.20E-04    2.670E-01    2.46E-04
 GAMMA-RAY                     10   8.03E-02    4.924E-01    3.95E-02
 GAMMA-RAY                     11   2.74E-01    5.279E-01    1.45E-01
 K -L2 X-RAY                        9.91E-03    2.398E-02    2.38E-04
 K -L3 X-RAY                        1.86E-02    2.419E-02    4.50E-04
 
 ALL LISTED X-RAYS, GAMMA-RAYS AND ANNIHILATION RADIATION    1.92E-01
 ALL NEGLECTED X-RAYS, GAMMA-RAYS AND ANNIH. RADIATION**     3.99E-04
 ALL LISTED BETAS, INTERNAL CONVERSION AND AUGER ELECTRONS   3.17E-01
 ALL NEGLECTED BETAS, INT. CONVERSION AND AUGER ELECTRONS**  1.56E-03
 ALL LISTED RADIATIONS                                       5.09E-01
 ALL NEGLECTED RADIATIONS**                                  1.96E-03
 
 *  AVERAGE ENERGY (MEV)
 ** EACH NEGLECTED TRANSITION CONTRIBUTES LESS THAN  0.100%
    TO THE TOTAL MEV/TRANSFORMATION FOR THIS CATEGORY.
 TOTAL FEEDING OF 0.336261 MEV ISOMERIC LEVEL IN 115-INDIUM      
   DAUGHTER IS 1.0006E+00 PER TRANSFORMATION OF 115-CADMIUM.
   DECAY OF THIS 4.486 HOURS HALFLIFE LEVEL WILL CONTRIBUTE TO DOSE.
