 115M-CADMIUM-48         HALFLIFE = 44.6 DAYS    

  MODE OF DECAY: BETA MINUS
 
                                    MEAN
                                    NUMBER/                  MEV/
                               ID   TRANSFOR-   ENERGY       TRANSFOR-
        TYPE OF RADIATION      NO.  MATION      (MEV)        MATION

 BETA MINUS                     4   9.00E-03    9.797E-02*   8.82E-04
 BETA MINUS                     6   1.70E-02    2.440E-01*   4.15E-03
 BETA MINUS                     7   9.70E-01    6.175E-01*   5.99E-01
 GAMMA-RAY                     13   2.90E-03    4.845E-01    1.40E-03
 GAMMA-RAY                     14   9.60E-05    4.924E-01    4.73E-05
 GAMMA-RAY                     19   2.00E-02    9.338E-01    1.87E-02
 GAMMA-RAY                     22   8.56E-04    1.133E+00    9.69E-04
 GAMMA-RAY                     23   8.90E-03    1.291E+00    1.15E-02
 GAMMA-RAY                     25   1.70E-04    1.449E+00    2.46E-04
 
 ALL LISTED X-RAYS, GAMMA-RAYS AND ANNIHILATION RADIATION    3.28E-02
 ALL NEGLECTED X-RAYS, GAMMA-RAYS AND ANNIH. RADIATION**     8.70E-05
 ALL LISTED BETAS, INTERNAL CONVERSION AND AUGER ELECTRONS   6.04E-01
 ALL NEGLECTED BETAS, INT. CONVERSION AND AUGER ELECTRONS**  3.34E-04
 ALL LISTED RADIATIONS                                       6.37E-01
 ALL NEGLECTED RADIATIONS**                                  4.21E-04
 
 *  AVERAGE ENERGY (MEV)
 ** EACH NEGLECTED TRANSITION CONTRIBUTES LESS THAN  0.100%
    TO THE TOTAL MEV/TRANSFORMATION FOR THIS CATEGORY.
 TOTAL FEEDING OF 0.336253 MEV ISOMERIC LEVEL IN 115-INDIUM      
   DAUGHTER IS 1.0578E-04  PER TRANSFORMATION OF 115M-CADMIUM.
   DECAY OF THIS 4.486 HOURS HALFLIFE LEVEL WILL CONTRIBUTE TO DOSE.
 TOTAL FEEDING OF GROUND STATE LEVEL IN 115-INDIUM
   DAUGHTER IS 9.9989E-01  PER TRANSFORMATION OF 115M-CADMIUM.
   DECAY OF THIS 0.441E+15 YEARS HALFLIFE LEVEL WILL CONTRIBUTE TO DOSE.
