 109-CADMIUM-48          HALFLIFE = 461.4 DAYS    

  MODE OF DECAY: ELECTRON CAPTURE
 
                                    MEAN
                                    NUMBER/                  MEV/
                               ID   TRANSFOR-   ENERGY       TRANSFOR-
        TYPE OF RADIATION      NO.  MATION      (MEV)        MATION

 GAMMA-RAY                      1   3.59E-02    8.803E-02    3.16E-03
 K CONV. ELECTRON, GAMMA-RAY    1   4.09E-01    6.254E-02    2.56E-02
 L1 CONV. ELECTRON, GAMMA-RAY   1   3.25E-02    8.425E-02    2.73E-03
 L2 CONV. ELECTRON, GAMMA-RAY   1   1.92E-01    8.451E-02    1.62E-02
 L3 CONV. ELECTRON, GAMMA-RAY   1   2.23E-01    8.468E-02    1.89E-02
 M CONV. ELECTRON, GAMMA-RAY    1   9.21E-02    8.747E-02*   8.06E-03
 N+ CONV. ELECTRON, GAMMA-RAY   1   1.59E-02    8.803E-02*   1.40E-03
 K -L2 X-RAY                        2.92E-01    2.196E-02    6.41E-03
 K -L3 X-RAY                        5.50E-01    2.214E-02    1.22E-02
 K -M2 X-RAY                        4.80E-02    2.489E-02    1.19E-03
 K -M3 X-RAY                        9.32E-02    2.492E-02    2.32E-03
 K -N2 X-RAY                        9.75E-03    2.542E-02    2.48E-04
 K -N3 X-RAY                        1.89E-02    2.543E-02    4.80E-04
 L2-M4 X-RAY                        2.80E-02    3.145E-03    8.82E-05
 L3-M5 X-RAY                        5.06E-02    2.973E-03    1.50E-04
 Free-Bound X-RAY                   1.45E+01    1.208E-05*   1.75E-04
 AUGER KLL                          1.41E-01    1.847E-02*   2.61E-03
 AUGER KLX                          5.70E-02    2.146E-02*   1.22E-03
 AUGER KXY                          5.55E-03    2.445E-02*   1.36E-04
 AUGER LMM                          1.36E+00    2.496E-03*   3.40E-03
 AUGER LMX                          2.95E-01    2.904E-03*   8.58E-04
 CK MMX                             1.47E+00    1.274E-04*   1.88E-04
 AUGER MNN                          3.56E+00    3.190E-04*   1.14E-03
 CK NNX                             5.27E+00    3.784E-05*   1.99E-04
 
 ALL LISTED X-RAYS, GAMMA-RAYS AND ANNIHILATION RADIATION    2.64E-02
 ALL NEGLECTED X-RAYS, GAMMA-RAYS AND ANNIH. RADIATION**     1.06E-04
 ALL LISTED BETAS, INTERNAL CONVERSION AND AUGER ELECTRONS   8.26E-02
 ALL NEGLECTED BETAS, INT. CONVERSION AND AUGER ELECTRONS**  1.04E-04
 ALL LISTED RADIATIONS                                       1.09E-01
 ALL NEGLECTED RADIATIONS**                                  2.10E-04
 
 *  AVERAGE ENERGY (MEV)
 ** EACH NEGLECTED TRANSITION CONTRIBUTES LESS THAN  0.100%
    TO THE TOTAL MEV/TRANSFORMATION FOR THIS CATEGORY.
 TOTAL FEEDING OF GROUND STATE LEVEL IN 109-SILVER
   DAUGHTER IS 1.0000E+00 PER TRANSFORMATION OF 109-CADMIUM.
   THIS DAUGHTER GROUND STATE IS STABLE.
