 134-CERIUM-58           HALFLIFE = 3.16 DAYS    

  MODE OF DECAY: ELECTRON CAPTURE
 
                                    MEAN
                                    NUMBER/                  MEV/
                               ID   TRANSFOR-   ENERGY       TRANSFOR-
        TYPE OF RADIATION      NO.  MATION      (MEV)        MATION

 L1 CONV. ELECTRON, GAMMA-RAY   2   1.88E-03    2.565E-02    4.82E-05
 L2 CONV. ELECTRON, GAMMA-RAY   2   1.11E-03    2.599E-02    2.89E-05
 L3 CONV. ELECTRON, GAMMA-RAY   2   1.36E-03    2.641E-02    3.58E-05
 M CONV. ELECTRON, GAMMA-RAY    2   9.40E-04    3.077E-02*   2.89E-05
 N+ CONV. ELECTRON, GAMMA-RAY   2   2.49E-04    3.189E-02*   7.94E-06
 K CONV. ELECTRON, GAMMA-RAY    4   9.16E-04    1.571E-02    1.44E-05
 K CONV. ELECTRON, GAMMA-RAY   13   2.20E-04    6.406E-02    1.41E-05
 GAMMA-RAY                     17   2.09E-03    1.304E-01    2.73E-04
 K CONV. ELECTRON, GAMMA-RAY   17   9.31E-04    9.147E-02    8.52E-05
 L1 CONV. ELECTRON, GAMMA-RAY  17   1.16E-04    1.242E-01    1.44E-05
 K CONV. ELECTRON, GAMMA-RAY   18   9.20E-05    9.299E-02    8.55E-06
 GAMMA-RAY                     20   3.91E-04    1.588E-01    6.21E-05
 K CONV. ELECTRON, GAMMA-RAY   20   1.17E-04    1.198E-01    1.40E-05
 GAMMA-RAY                     21   2.30E-03    1.623E-01    3.73E-04
 K CONV. ELECTRON, GAMMA-RAY   21   5.72E-04    1.234E-01    7.06E-05
 L1 CONV. ELECTRON, GAMMA-RAY  21   6.71E-05    1.561E-01    1.05E-05
 GAMMA-RAY                     24   2.18E-04    1.870E-01    4.08E-05
 GAMMA-RAY                     25   4.04E-04    1.932E-01    7.80E-05
 K CONV. ELECTRON, GAMMA-RAY   25   6.08E-05    1.542E-01    9.38E-06
 GAMMA-RAY                     30   1.31E-04    2.397E-01    3.14E-05
 GAMMA-RAY                     35   5.40E-04    2.943E-01    1.59E-04
 GAMMA-RAY                     36   8.80E-04    3.009E-01    2.65E-04
 K CONV. ELECTRON, GAMMA-RAY   36   4.05E-05    2.619E-01    1.06E-05
 GAMMA-RAY                     37   1.56E-04    3.236E-01    5.05E-05
 GAMMA-RAY                     38   8.80E-05    3.555E-01    3.13E-05
 K -L2 X-RAY                        2.16E-01    3.304E-02    7.13E-03
 K -L3 X-RAY                        3.96E-01    3.346E-02    1.33E-02
 K -M2 X-RAY                        3.82E-02    3.774E-02    1.44E-03
 K -M3 X-RAY                        7.40E-02    3.782E-02    2.80E-03
 K -N2 X-RAY                        8.10E-03    3.872E-02    3.14E-04
 K -N3 X-RAY                        1.58E-02    3.874E-02    6.11E-04
 K -O2 X-RAY                        1.27E-03    3.891E-02    4.94E-05
 K -O3 X-RAY                        2.43E-03    3.892E-02    9.46E-05
 L2-M4 X-RAY                        2.62E-02    5.038E-03    1.32E-04
 L3-M5 X-RAY                        4.41E-02    4.637E-03    2.05E-04
 L3-N5 X-RAY                        7.22E-03    5.370E-03    3.88E-05
 Free-Bound X-RAY                   1.25E+01    2.107E-05*   2.63E-04
 AUGER KLL                          4.96E-02    2.731E-02*   1.35E-03
 AUGER KLX                          2.32E-02    3.213E-02*   7.45E-04
 AUGER KXY                          2.59E-03    3.695E-02*   9.59E-05
 CK LLX                             1.44E-01    3.617E-04*   5.20E-05
 AUGER LMM                          5.70E-01    3.702E-03*   2.11E-03
 AUGER LMX                          1.89E-01    4.517E-03*   8.52E-04
 AUGER LXY                          1.48E-02    5.363E-03*   7.96E-05
 CK MMX                             6.22E-01    1.177E-04*   7.32E-05
 AUGER MNN                          1.45E+00    5.799E-04*   8.42E-04
 AUGER MNX                          1.25E-01    7.308E-04*   9.16E-05
 CK NNX                             1.39E+00    6.289E-05*   8.71E-05
 AUGER NXY                          4.35E+00    6.075E-05*   2.64E-04
 CK OOX                             2.19E+00    1.185E-05*   2.59E-05
 
 ALL LISTED X-RAYS, GAMMA-RAYS AND ANNIHILATION RADIATION    2.77E-02
 ALL NEGLECTED X-RAYS, GAMMA-RAYS AND ANNIH. RADIATION**     4.00E-04
 ALL LISTED BETAS, INTERNAL CONVERSION AND AUGER ELECTRONS   7.07E-03
 ALL NEGLECTED BETAS, INT. CONVERSION AND AUGER ELECTRONS**  1.22E-04
 ALL LISTED RADIATIONS                                       3.48E-02
 ALL NEGLECTED RADIATIONS**                                  5.22E-04
 
 *  AVERAGE ENERGY (MEV)
 ** EACH NEGLECTED TRANSITION CONTRIBUTES LESS THAN  0.100%
    TO THE TOTAL MEV/TRANSFORMATION FOR THIS CATEGORY.
 TOTAL FEEDING OF GROUND STATE LEVEL IN 134-LANTHANUM
   DAUGHTER IS 1.0000E+00 PER TRANSFORMATION OF 134-CERIUM.
   DECAY OF THIS 6.45 MINUTES HALFLIFE LEVEL WILL CONTRIBUTE TO DOSE.
