 38-CHLORINE-17          HALFLIFE = 37.24 MINUTES 

  MODE OF DECAY: BETA MINUS
 
                                    MEAN
                                    NUMBER/                  MEV/
                               ID   TRANSFOR-   ENERGY       TRANSFOR-
        TYPE OF RADIATION      NO.  MATION      (MEV)        MATION

 BETA MINUS                     2   3.19E-01    4.199E-01*   1.34E-01
 BETA MINUS                     3   1.05E-01    1.181E+00*   1.24E-01
 BETA MINUS                     4   5.76E-01    2.244E+00*   1.29E+00
 GAMMA-RAY                      1   3.19E-01    1.643E+00    5.24E-01
 GAMMA-RAY                      2   4.24E-01    2.167E+00    9.19E-01
 
 ALL LISTED X-RAYS, GAMMA-RAYS AND ANNIHILATION RADIATION    1.44E+00
 ALL NEGLECTED X-RAYS, GAMMA-RAYS AND ANNIH. RADIATION**     3.66E-09
 ALL LISTED BETAS, INTERNAL CONVERSION AND AUGER ELECTRONS   1.55E+00
 ALL NEGLECTED BETAS, INT. CONVERSION AND AUGER ELECTRONS**  2.99E-05
 ALL LISTED RADIATIONS                                       2.99E+00
 ALL NEGLECTED RADIATIONS**                                  2.99E-05
 
 *  AVERAGE ENERGY (MEV)
 ** EACH NEGLECTED TRANSITION CONTRIBUTES LESS THAN  0.100%
    TO THE TOTAL MEV/TRANSFORMATION FOR THIS CATEGORY.
 TOTAL FEEDING OF GROUND STATE LEVEL IN 38-ARGON
   DAUGHTER IS 1.0000E+00 PER TRANSFORMATION OF  38-CHLORINE.
   THIS DAUGHTER GROUND STATE IS STABLE.
