 34M-CHLORINE-17         HALFLIFE = 32 MINUTES 

  MODES OF DECAY: ELECTRON CAPTURE, BETA PLUS, ISOMERIC LEVEL
 
                                    MEAN
                                    NUMBER/                  MEV/
                               ID   TRANSFOR-   ENERGY       TRANSFOR-
        TYPE OF RADIATION      NO.  MATION      (MEV)        MATION

 BETA PLUS                      1   2.64E-03    2.031E-01*   5.35E-04
 BETA PLUS                      2   2.56E-01    5.538E-01*   1.42E-01
 BETA PLUS                      3   2.84E-01    1.099E+00*   3.12E-01
 ANNIHILATION RADIATION             1.08E+00    5.110E-01    5.54E-01
 GAMMA-RAY                      1   1.41E-01    1.177E+00    1.66E-01
 GAMMA-RAY                      3   1.85E-03    1.987E+00    3.68E-03
 GAMMA-RAY                      4   4.28E-01    2.127E+00    9.11E-01
 GAMMA-RAY                      7   1.23E-01    3.304E+00    4.06E-01
 GAMMA-RAY                      8   2.73E-03    4.115E+00    1.12E-02
 GAMMA-RAY                      1   4.05E-01    1.464E-01    5.93E-02
 K CONV. ELECTRON, GAMMA-RAY    1   3.72E-02    1.436E-01    5.35E-03
 
 ALL LISTED X-RAYS, GAMMA-RAYS AND ANNIHILATION RADIATION    2.11E+00
 ALL NEGLECTED X-RAYS, GAMMA-RAYS AND ANNIH. RADIATION**     1.73E-03
 ALL LISTED BETAS, INTERNAL CONVERSION AND AUGER ELECTRONS   4.59E-01
 ALL NEGLECTED BETAS, INT. CONVERSION AND AUGER ELECTRONS**  6.15E-04
 ALL LISTED RADIATIONS                                       2.57E+00
 ALL NEGLECTED RADIATIONS**                                  2.35E-03
 
 *  AVERAGE ENERGY (MEV)
 ** EACH NEGLECTED TRANSITION CONTRIBUTES LESS THAN  0.100%
    TO THE TOTAL MEV/TRANSFORMATION FOR THIS CATEGORY.
 TOTAL FEEDING OF GROUND STATE LEVEL IN 34-SULPHUR
   DAUGHTER IS 5.5400E-01  PER TRANSFORMATION OF  34M-CHLORINE.
   THIS DAUGHTER GROUND STATE IS STABLE.
 TOTAL FEEDING OF GROUND STATE LEVEL IN 34-CHLORINE
   DAUGHTER IS 4.4600E-01  PER TRANSFORMATION OF  34M-CHLORINE.
   DECAY OF THIS 1.5264 SECONDS HALFLIFE LEVEL WILL CONTRIBUTE TO DOSE.
