 55-COBALT-27            HALFLIFE = 17.53 HOURS   

  MODES OF DECAY: ELECTRON CAPTURE, BETA PLUS
 
                                    MEAN
                                    NUMBER/                  MEV/
                               ID   TRANSFOR-   ENERGY       TRANSFOR-
        TYPE OF RADIATION      NO.  MATION      (MEV)        MATION

 BETA PLUS                      4   2.56E-01    4.356E-01*   1.12E-01
 BETA PLUS                      5   4.29E-02    4.761E-01*   2.04E-02
 BETA PLUS                      6   4.59E-01    6.487E-01*   2.98E-01
 ANNIHILATION RADIATION             1.52E+00    5.110E-01    7.75E-01
 GAMMA-RAY                      2   5.40E-03    3.854E-01    2.08E-03
 GAMMA-RAY                      3   1.07E-02    4.115E-01    4.41E-03
 GAMMA-RAY                      4   2.02E-01    4.772E-01    9.63E-02
 GAMMA-RAY                      5   8.25E-03    5.200E-01    4.29E-03
 GAMMA-RAY                      6   1.87E-02    8.037E-01    1.50E-02
 GAMMA-RAY                      8   7.50E-01    9.311E-01    6.98E-01
 GAMMA-RAY                      9   5.17E-03    9.846E-01    5.10E-03
 GAMMA-RAY                     10   2.62E-03    1.213E+00    3.18E-03
 GAMMA-RAY                     11   7.09E-02    1.317E+00    9.33E-02
 GAMMA-RAY                     12   2.92E-02    1.370E+00    4.00E-02
 GAMMA-RAY                     13   1.69E-01    1.409E+00    2.38E-01
 GAMMA-RAY                     19   2.92E-03    2.178E+00    6.37E-03
 GAMMA-RAY                     21   1.18E-03    2.872E+00    3.38E-03
 AUGER KLL                          1.13E-01    5.582E-03*   6.33E-04
 
 ALL LISTED X-RAYS, GAMMA-RAYS AND ANNIHILATION RADIATION    1.98E+00
 ALL NEGLECTED X-RAYS, GAMMA-RAYS AND ANNIH. RADIATION**     1.13E-02
 ALL LISTED BETAS, INTERNAL CONVERSION AND AUGER ELECTRONS   4.30E-01
 ALL NEGLECTED BETAS, INT. CONVERSION AND AUGER ELECTRONS**  7.61E-04
 ALL LISTED RADIATIONS                                       2.42E+00
 ALL NEGLECTED RADIATIONS**                                  1.21E-02
 
 *  AVERAGE ENERGY (MEV)
 ** EACH NEGLECTED TRANSITION CONTRIBUTES LESS THAN  0.100%
    TO THE TOTAL MEV/TRANSFORMATION FOR THIS CATEGORY.
 TOTAL FEEDING OF GROUND STATE LEVEL IN 55-IRON
   DAUGHTER IS 1.0000E+00 PER TRANSFORMATION OF  55-COBALT.
   DECAY OF THIS 2.737 YEARS HALFLIFE LEVEL WILL CONTRIBUTE TO DOSE.
