 56-COBALT-27            HALFLIFE = 77.23 DAYS    

  MODES OF DECAY: ELECTRON CAPTURE, BETA PLUS
 
                                    MEAN
                                    NUMBER/                  MEV/
                               ID   TRANSFOR-   ENERGY       TRANSFOR-
        TYPE OF RADIATION      NO.  MATION      (MEV)        MATION

 BETA PLUS                      3   9.00E-03    1.787E-01*   1.61E-03
 BETA PLUS                      5   1.81E-01    6.310E-01*   1.14E-01
 ANNIHILATION RADIATION             3.80E-01    5.110E-01    1.94E-01
 GAMMA-RAY                      8   9.99E-01    8.468E-01    8.46E-01
 K CONV. ELECTRON, GAMMA-RAY    8   2.69E-04    8.397E-01    2.26E-04
 GAMMA-RAY                     11   1.45E-02    9.774E-01    1.42E-02
 GAMMA-RAY                     13   1.42E-01    1.038E+00    1.47E-01
 GAMMA-RAY                     17   2.29E-02    1.175E+00    2.69E-02
 GAMMA-RAY                     19   6.69E-01    1.238E+00    8.28E-01
 GAMMA-RAY                     22   4.29E-02    1.360E+00    5.84E-02
 GAMMA-RAY                     26   1.55E-01    1.771E+00    2.74E-01
 GAMMA-RAY                     27   6.38E-03    1.811E+00    1.16E-02
 GAMMA-RAY                     28   7.24E-03    1.964E+00    1.42E-02
 GAMMA-RAY                     29   3.04E-02    2.015E+00    6.13E-02
 GAMMA-RAY                     30   7.89E-02    2.035E+00    1.61E-01
 GAMMA-RAY                     31   3.76E-03    2.113E+00    7.95E-03
 GAMMA-RAY                     32   3.95E-03    2.213E+00    8.74E-03
 GAMMA-RAY                     36   1.73E-01    2.598E+00    4.50E-01
 GAMMA-RAY                     38   1.16E-02    3.010E+00    3.49E-02
 GAMMA-RAY                     39   3.32E-02    3.202E+00    1.06E-01
 GAMMA-RAY                     40   8.12E-02    3.253E+00    2.64E-01
 GAMMA-RAY                     41   1.93E-02    3.273E+00    6.32E-02
 GAMMA-RAY                     43   9.72E-03    3.451E+00    3.35E-02
 GAMMA-RAY                     44   2.00E-03    3.548E+00    7.10E-03
 AUGER KLL                          3.78E-01    5.582E-03*   2.11E-03
 AUGER KLX                          9.26E-02    6.258E-03*   5.79E-04
 AUGER LMM                          1.12E+00    6.268E-04*   7.04E-04
 
 ALL LISTED X-RAYS, GAMMA-RAYS AND ANNIHILATION RADIATION    3.61E+00
 ALL NEGLECTED X-RAYS, GAMMA-RAYS AND ANNIH. RADIATION**     2.78E-02
 ALL LISTED BETAS, INTERNAL CONVERSION AND AUGER ELECTRONS   1.19E-01
 ALL NEGLECTED BETAS, INT. CONVERSION AND AUGER ELECTRONS**  3.98E-04
 ALL LISTED RADIATIONS                                       3.73E+00
 ALL NEGLECTED RADIATIONS**                                  2.82E-02
 
 *  AVERAGE ENERGY (MEV)
 ** EACH NEGLECTED TRANSITION CONTRIBUTES LESS THAN  0.100%
    TO THE TOTAL MEV/TRANSFORMATION FOR THIS CATEGORY.
 TOTAL FEEDING OF GROUND STATE LEVEL IN 56-IRON
   DAUGHTER IS 1.0000E+00 PER TRANSFORMATION OF  56-COBALT.
   THIS DAUGHTER GROUND STATE IS STABLE.
