 58-COBALT-27            HALFLIFE = 70.86 DAYS    

  MODES OF DECAY: ELECTRON CAPTURE, BETA PLUS
 
                                    MEAN
                                    NUMBER/                  MEV/
                               ID   TRANSFOR-   ENERGY       TRANSFOR-
        TYPE OF RADIATION      NO.  MATION      (MEV)        MATION

 BETA PLUS                      1   1.49E-01    2.011E-01*   3.00E-02
 ANNIHILATION RADIATION             2.98E-01    5.110E-01    1.52E-01
 GAMMA-RAY                      1   9.94E-01    8.108E-01    8.06E-01
 K CONV. ELECTRON, GAMMA-RAY    1   3.00E-04    8.037E-01    2.41E-04
 GAMMA-RAY                      2   6.90E-03    8.640E-01    5.96E-03
 GAMMA-RAY                      3   5.20E-03    1.675E+00    8.71E-03
 AUGER KLL                          3.98E-01    5.582E-03*   2.22E-03
 AUGER KLX                          9.74E-02    6.258E-03*   6.10E-04
 AUGER KXY                          6.07E-03    6.938E-03*   4.21E-05
 AUGER LMM                          1.18E+00    6.268E-04*   7.40E-04
 CK MMX                             2.10E+00    4.003E-05*   8.40E-05
 
 ALL LISTED X-RAYS, GAMMA-RAYS AND ANNIHILATION RADIATION    9.73E-01
 ALL NEGLECTED X-RAYS, GAMMA-RAYS AND ANNIH. RADIATION**     1.70E-03
 ALL LISTED BETAS, INTERNAL CONVERSION AND AUGER ELECTRONS   3.39E-02
 ALL NEGLECTED BETAS, INT. CONVERSION AND AUGER ELECTRONS**  5.59E-05
 ALL LISTED RADIATIONS                                       1.01E+00
 ALL NEGLECTED RADIATIONS**                                  1.76E-03
 
 *  AVERAGE ENERGY (MEV)
 ** EACH NEGLECTED TRANSITION CONTRIBUTES LESS THAN  0.100%
    TO THE TOTAL MEV/TRANSFORMATION FOR THIS CATEGORY.
 TOTAL FEEDING OF GROUND STATE LEVEL IN 58-IRON
   DAUGHTER IS 1.0000E+00 PER TRANSFORMATION OF  58-COBALT.
   THIS DAUGHTER GROUND STATE IS STABLE.
