 57-COBALT-27            HALFLIFE = 271.74 DAYS    

  MODE OF DECAY: ELECTRON CAPTURE
 
                                    MEAN
                                    NUMBER/                  MEV/
                               ID   TRANSFOR-   ENERGY       TRANSFOR-
        TYPE OF RADIATION      NO.  MATION      (MEV)        MATION

 GAMMA-RAY                      1   9.16E-02    1.441E-02    1.32E-03
 K CONV. ELECTRON, GAMMA-RAY    1   7.11E-01    7.330E-03    5.21E-03
 L1 CONV. ELECTRON, GAMMA-RAY   1   6.78E-02    1.357E-02    9.20E-04
 L2 CONV. ELECTRON, GAMMA-RAY   1   4.22E-03    1.368E-02    5.77E-05
 L3 CONV. ELECTRON, GAMMA-RAY   1   1.73E-03    1.369E-02    2.37E-05
 GAMMA-RAY                      2   8.56E-01    1.221E-01    1.04E-01
 K CONV. ELECTRON, GAMMA-RAY    2   1.84E-02    1.150E-01    2.12E-03
 L1 CONV. ELECTRON, GAMMA-RAY   2   1.73E-03    1.212E-01    2.10E-04
 GAMMA-RAY                      3   1.07E-01    1.365E-01    1.46E-02
 K CONV. ELECTRON, GAMMA-RAY    3   1.43E-02    1.294E-01    1.86E-03
 L1 CONV. ELECTRON, GAMMA-RAY   3   1.28E-03    1.356E-01    1.74E-04
 GAMMA-RAY                      9   1.49E-03    6.924E-01    1.03E-03
 K -L2 X-RAY                        1.65E-01    6.350E-03    1.05E-03
 K -L3 X-RAY                        3.24E-01    6.363E-03    2.06E-03
 K -M2 X-RAY                        1.99E-02    7.015E-03    1.40E-04
 K -M3 X-RAY                        3.91E-02    7.017E-03    2.75E-04
 Free-Bound X-RAY                   1.05E+01    1.253E-05*   1.31E-04
 AUGER KLL                          8.59E-01    5.582E-03*   4.79E-03
 AUGER KLX                          2.10E-01    6.258E-03*   1.31E-03
 AUGER KXY                          1.31E-02    6.938E-03*   9.09E-05
 CK LLX                             4.91E-01    6.972E-05*   3.42E-05
 AUGER LMM                          2.54E+00    6.267E-04*   1.59E-03
 AUGER LMX                          3.43E-02    6.738E-04*   2.31E-05
 CK MMX                             4.49E+00    4.006E-05*   1.80E-04
 
 ALL LISTED X-RAYS, GAMMA-RAYS AND ANNIHILATION RADIATION    1.25E-01
 ALL NEGLECTED X-RAYS, GAMMA-RAYS AND ANNIH. RADIATION**     1.63E-04
 ALL LISTED BETAS, INTERNAL CONVERSION AND AUGER ELECTRONS   1.86E-02
 ALL NEGLECTED BETAS, INT. CONVERSION AND AUGER ELECTRONS**  4.10E-05
 ALL LISTED RADIATIONS                                       1.44E-01
 ALL NEGLECTED RADIATIONS**                                  2.04E-04
 
 *  AVERAGE ENERGY (MEV)
 ** EACH NEGLECTED TRANSITION CONTRIBUTES LESS THAN  0.100%
    TO THE TOTAL MEV/TRANSFORMATION FOR THIS CATEGORY.
 TOTAL FEEDING OF GROUND STATE LEVEL IN 57-IRON
   DAUGHTER IS 1.0000E+00 PER TRANSFORMATION OF  57-COBALT.
   THIS DAUGHTER GROUND STATE IS STABLE.
