 60-COBALT-27            HALFLIFE = 5.2713 YEARS   

  MODE OF DECAY: BETA MINUS
 
                                    MEAN
                                    NUMBER/                  MEV/
                               ID   TRANSFOR-   ENERGY       TRANSFOR-
        TYPE OF RADIATION      NO.  MATION      (MEV)        MATION

 BETA MINUS                     1   9.99E-01    9.587E-02*   9.58E-02
 BETA MINUS                     3   1.20E-03    6.259E-01*   7.51E-04
 GAMMA-RAY                      3   9.98E-01    1.173E+00    1.17E+00
 K CONV. ELECTRON, GAMMA-RAY    3   1.50E-04    1.165E+00    1.75E-04
 GAMMA-RAY                      4   1.00E+00    1.332E+00    1.33E+00
 K CONV. ELECTRON, GAMMA-RAY    4   1.14E-04    1.324E+00    1.50E-04
 
 ALL LISTED X-RAYS, GAMMA-RAYS AND ANNIHILATION RADIATION    2.50E+00
 ALL NEGLECTED X-RAYS, GAMMA-RAYS AND ANNIH. RADIATION**     1.16E-04
 ALL LISTED BETAS, INTERNAL CONVERSION AND AUGER ELECTRONS   9.68E-02
 ALL NEGLECTED BETAS, INT. CONVERSION AND AUGER ELECTRONS**  3.35E-05
 ALL LISTED RADIATIONS                                       2.60E+00
 ALL NEGLECTED RADIATIONS**                                  1.49E-04
 
 *  AVERAGE ENERGY (MEV)
 ** EACH NEGLECTED TRANSITION CONTRIBUTES LESS THAN  0.100%
    TO THE TOTAL MEV/TRANSFORMATION FOR THIS CATEGORY.
 TOTAL FEEDING OF GROUND STATE LEVEL IN 60-NICKEL
   DAUGHTER IS 1.0000E+00 PER TRANSFORMATION OF  60-COBALT.
   THIS DAUGHTER GROUND STATE IS STABLE.
