 48-CHROMIUM-24          HALFLIFE = 21.56 HOURS   

  MODES OF DECAY: ELECTRON CAPTURE, BETA PLUS
 
                                    MEAN
                                    NUMBER/                  MEV/
                               ID   TRANSFOR-   ENERGY       TRANSFOR-
        TYPE OF RADIATION      NO.  MATION      (MEV)        MATION

 BETA PLUS                      1   1.61E-02    9.248E-02*   1.49E-03
 ANNIHILATION RADIATION             3.21E-02    5.110E-01    1.64E-02
 GAMMA-RAY                      1   9.83E-01    1.123E-01    1.10E-01
 K CONV. ELECTRON, GAMMA-RAY    1   1.47E-02    1.069E-01    1.58E-03
 L1 CONV. ELECTRON, GAMMA-RAY   1   1.34E-03    1.117E-01    1.49E-04
 GAMMA-RAY                      2   1.00E+00    3.082E-01    3.08E-01
 K CONV. ELECTRON, GAMMA-RAY    2   4.70E-03    3.028E-01    1.42E-03
 L1 CONV. ELECTRON, GAMMA-RAY   2   4.17E-04    3.076E-01    1.28E-04
 K -L3 X-RAY                        1.29E-01    4.915E-03    6.34E-04
 AUGER KLL                          5.43E-01    4.344E-03*   2.36E-03
 AUGER KLX                          1.28E-01    4.835E-03*   6.18E-04
 AUGER KXY                          7.55E-03    5.329E-03*   4.02E-05
 CK LLX                             3.08E-01    5.146E-05*   1.59E-05
 AUGER LMM                          1.47E+00    4.354E-04*   6.40E-04
 AUGER LMX                          3.04E-02    4.821E-04*   1.47E-05
 CK MMX                             3.39E+00    2.997E-05*   1.02E-04
 
 ALL LISTED X-RAYS, GAMMA-RAYS AND ANNIHILATION RADIATION    4.36E-01
 ALL NEGLECTED X-RAYS, GAMMA-RAYS AND ANNIH. RADIATION**     6.36E-04
 ALL LISTED BETAS, INTERNAL CONVERSION AND AUGER ELECTRONS   8.55E-03
 ALL NEGLECTED BETAS, INT. CONVERSION AND AUGER ELECTRONS**  1.28E-05
 ALL LISTED RADIATIONS                                       4.44E-01
 ALL NEGLECTED RADIATIONS**                                  6.49E-04
 
 *  AVERAGE ENERGY (MEV)
 ** EACH NEGLECTED TRANSITION CONTRIBUTES LESS THAN  0.100%
    TO THE TOTAL MEV/TRANSFORMATION FOR THIS CATEGORY.
 TOTAL FEEDING OF GROUND STATE LEVEL IN 48-VANADIUM
   DAUGHTER IS 1.0000E+00 PER TRANSFORMATION OF  48-CHROMIUM.
   DECAY OF THIS 15.9735 DAYS HALFLIFE LEVEL WILL CONTRIBUTE TO DOSE.
