 51-CHROMIUM-24          HALFLIFE = 27.7025 DAYS    

  MODE OF DECAY: ELECTRON CAPTURE
 
                                    MEAN
                                    NUMBER/                  MEV/
                               ID   TRANSFOR-   ENERGY       TRANSFOR-
        TYPE OF RADIATION      NO.  MATION      (MEV)        MATION

 GAMMA-RAY                      1   9.92E-02    3.201E-01    3.18E-02
 K CONV. ELECTRON, GAMMA-RAY    1   1.66E-04    3.146E-01    5.23E-05
 L1 CONV. ELECTRON, GAMMA-RAY   1   1.50E-05    3.195E-01    4.78E-06
 K -L2 X-RAY                        6.53E-02    4.908E-03    3.20E-04
 K -L3 X-RAY                        1.28E-01    4.915E-03    6.31E-04
 K -M2 X-RAY                        7.56E-03    5.389E-03    4.07E-05
 K -M3 X-RAY                        1.49E-02    5.390E-03    8.04E-05
 Free-Bound X-RAY                   6.85E+00    9.238E-06*   6.32E-05
 AUGER KLL                          5.40E-01    4.344E-03*   2.35E-03
 AUGER KLX                          1.27E-01    4.835E-03*   6.14E-04
 AUGER KXY                          7.51E-03    5.329E-03*   4.00E-05
 CK LLX                             3.07E-01    5.146E-05*   1.58E-05
 AUGER LMM                          1.46E+00    4.354E-04*   6.36E-04
 AUGER LMX                          3.03E-02    4.821E-04*   1.46E-05
 CK MMX                             3.37E+00    2.997E-05*   1.01E-04
 
 ALL LISTED X-RAYS, GAMMA-RAYS AND ANNIHILATION RADIATION    3.29E-02
 ALL NEGLECTED X-RAYS, GAMMA-RAYS AND ANNIH. RADIATION**     2.06E-06
 ALL LISTED BETAS, INTERNAL CONVERSION AND AUGER ELECTRONS   3.82E-03
 ALL NEGLECTED BETAS, INT. CONVERSION AND AUGER ELECTRONS**  1.51E-07
 ALL LISTED RADIATIONS                                       3.67E-02
 ALL NEGLECTED RADIATIONS**                                  2.21E-06
 
 *  AVERAGE ENERGY (MEV)
 ** EACH NEGLECTED TRANSITION CONTRIBUTES LESS THAN  0.100%
    TO THE TOTAL MEV/TRANSFORMATION FOR THIS CATEGORY.
 TOTAL FEEDING OF GROUND STATE LEVEL IN 51-VANADIUM
   DAUGHTER IS 1.0000E+00 PER TRANSFORMATION OF  51-CHROMIUM.
   THIS DAUGHTER GROUND STATE IS STABLE.
