 134-CESIUM-55           HALFLIFE = 2.0648 YEARS   

  MODES OF DECAY: BETA MINUS, ELECTRON CAPTURE
 
                                    MEAN
                                    NUMBER/                  MEV/
                               ID   TRANSFOR-   ENERGY       TRANSFOR-
        TYPE OF RADIATION      NO.  MATION      (MEV)        MATION

 BETA MINUS                     1   2.73E-01    2.307E-02*   6.29E-03
 BETA MINUS                     2   2.50E-02    1.234E-01*   3.09E-03
 BETA MINUS                     3   7.02E-01    2.101E-01*   1.47E-01
 GAMMA-RAY                      4   1.49E-02    4.754E-01    7.06E-03
 GAMMA-RAY                      5   8.35E-02    5.632E-01    4.70E-02
 K CONV. ELECTRON, GAMMA-RAY    5   5.12E-04    5.258E-01    2.69E-04
 GAMMA-RAY                      6   1.54E-01    5.693E-01    8.76E-02
 K CONV. ELECTRON, GAMMA-RAY    6   1.27E-03    5.319E-01    6.76E-04
 GAMMA-RAY                      7   9.76E-01    6.047E-01    5.90E-01
 K CONV. ELECTRON, GAMMA-RAY    7   4.95E-03    5.673E-01    2.81E-03
 L1 CONV. ELECTRON, GAMMA-RAY   7   5.71E-04    5.988E-01    3.42E-04
 GAMMA-RAY                      8   8.55E-01    7.959E-01    6.81E-01
 K CONV. ELECTRON, GAMMA-RAY    8   2.22E-03    7.584E-01    1.69E-03
 L1 CONV. ELECTRON, GAMMA-RAY   8   2.60E-04    7.899E-01    2.05E-04
 GAMMA-RAY                      9   8.69E-02    8.020E-01    6.97E-02
 K CONV. ELECTRON, GAMMA-RAY    9   2.22E-04    7.645E-01    1.70E-04
 GAMMA-RAY                     10   9.88E-03    1.039E+00    1.03E-02
 GAMMA-RAY                     11   1.79E-02    1.168E+00    2.09E-02
 GAMMA-RAY                     12   3.01E-02    1.365E+00    4.11E-02
 
 ALL LISTED X-RAYS, GAMMA-RAYS AND ANNIHILATION RADIATION    1.55E+00
 ALL NEGLECTED X-RAYS, GAMMA-RAYS AND ANNIH. RADIATION**     4.12E-04
 ALL LISTED BETAS, INTERNAL CONVERSION AND AUGER ELECTRONS   1.63E-01
 ALL NEGLECTED BETAS, INT. CONVERSION AND AUGER ELECTRONS**  9.17E-04
 ALL LISTED RADIATIONS                                       1.72E+00
 ALL NEGLECTED RADIATIONS**                                  1.33E-03
 
 *  AVERAGE ENERGY (MEV)
 ** EACH NEGLECTED TRANSITION CONTRIBUTES LESS THAN  0.100%
    TO THE TOTAL MEV/TRANSFORMATION FOR THIS CATEGORY.
 TOTAL FEEDING OF GROUND STATE LEVEL IN 134-BARIUM
   DAUGHTER IS 1.0000E+00 PER TRANSFORMATION OF 134-CESIUM.
   THIS DAUGHTER GROUND STATE IS STABLE.
 TOTAL FEEDING OF GROUND STATE LEVEL IN 134-XENON
   DAUGHTER IS 3.0000E-06 PER TRANSFORMATION OF 134-CESIUM.
   THIS DAUGHTER GROUND STATE IS STABLE.
