 132-CESIUM-55           HALFLIFE = 6.479 DAYS    

  MODES OF DECAY: ELECTRON CAPTURE, BETA PLUS, BETA MINUS
 
                                    MEAN
                                    NUMBER/                  MEV/
                               ID   TRANSFOR-   ENERGY       TRANSFOR-
        TYPE OF RADIATION      NO.  MATION      (MEV)        MATION

 BETA PLUS                      1   4.30E-03    2.061E-01*   8.87E-04
 ANNIHILATION RADIATION             8.61E-03    5.110E-01    4.40E-03
 GAMMA-RAY                      2   7.31E-03    5.058E-01    3.70E-03
 K CONV. ELECTRON, GAMMA-RAY    2   5.44E-05    4.712E-01    2.56E-05
 GAMMA-RAY                      3   9.46E-03    6.302E-01    5.96E-03
 K CONV. ELECTRON, GAMMA-RAY    3   4.00E-05    5.956E-01    2.39E-05
 GAMMA-RAY                      4   9.75E-01    6.677E-01    6.51E-01
 K CONV. ELECTRON, GAMMA-RAY    4   3.50E-03    6.332E-01    2.22E-03
 L1 CONV. ELECTRON, GAMMA-RAY   4   4.01E-04    6.623E-01    2.65E-04
 L2 CONV. ELECTRON, GAMMA-RAY   4   4.71E-05    6.626E-01    3.12E-05
 L3 CONV. ELECTRON, GAMMA-RAY   4   3.11E-05    6.629E-01    2.06E-05
 M CONV. ELECTRON, GAMMA-RAY    4   9.79E-05    6.668E-01*   6.53E-05
 N+ CONV. ELECTRON, GAMMA-RAY   4   2.44E-05    6.677E-01*   1.63E-05
 GAMMA-RAY                      7   4.76E-03    1.136E+00    5.41E-03
 GAMMA-RAY                      9   5.85E-03    1.318E+00    7.71E-03
 GAMMA-RAY                     10   7.02E-04    1.986E+00    1.39E-03
 K -L2 X-RAY                        2.14E-01    2.945E-02    6.30E-03
 K -L3 X-RAY                        3.96E-01    2.978E-02    1.18E-02
 K -M2 X-RAY                        3.72E-02    3.357E-02    1.25E-03
 K -M3 X-RAY                        7.20E-02    3.363E-02    2.42E-03
 AUGER KLL                          6.01E-02    2.447E-02*   1.47E-03
 AUGER KLX                          2.69E-02    2.869E-02*   7.71E-04
 AUGER KXY                          2.89E-03    3.290E-02*   9.51E-05
 CK LLX                             1.32E-01    3.228E-04*   4.27E-05
 AUGER LMM                          5.97E-01    3.326E-03*   1.98E-03
 AUGER LMX                          1.77E-01    4.003E-03*   7.09E-04
 AUGER LXY                          1.34E-02    4.708E-03*   6.33E-05
 CK MMX                             6.83E-01    1.237E-04*   8.45E-05
 AUGER MNN                          1.51E+00    5.052E-04*   7.65E-04
 AUGER MNX                          8.67E-02    6.176E-04*   5.35E-05
 CK NNX                             1.81E+00    2.620E-05*   4.75E-05
 AUGER NXY                          5.53E+00    3.625E-05*   2.00E-04
 BETA MINUS                     1   3.60E-03    6.939E-02*   2.50E-04
 BETA MINUS                     2   1.51E-02    2.703E-01*   4.08E-03
 GAMMA-RAY                      1   1.73E-02    4.645E-01    8.02E-03
 K CONV. ELECTRON, GAMMA-RAY    1   1.76E-04    4.270E-01    7.53E-05
 GAMMA-RAY                      2   2.34E-03    5.672E-01    1.33E-03
 GAMMA-RAY                      3   1.25E-03    1.032E+00    1.29E-03
 
 ALL LISTED X-RAYS, GAMMA-RAYS AND ANNIHILATION RADIATION    7.12E-01
 ALL NEGLECTED X-RAYS, GAMMA-RAYS AND ANNIH. RADIATION**     3.00E-03
 ALL LISTED BETAS, INTERNAL CONVERSION AND AUGER ELECTRONS   1.42E-02
 ALL NEGLECTED BETAS, INT. CONVERSION AND AUGER ELECTRONS**  6.37E-05
 ALL LISTED RADIATIONS                                       7.26E-01
 ALL NEGLECTED RADIATIONS**                                  3.06E-03
 
 *  AVERAGE ENERGY (MEV)
 ** EACH NEGLECTED TRANSITION CONTRIBUTES LESS THAN  0.100%
    TO THE TOTAL MEV/TRANSFORMATION FOR THIS CATEGORY.
 TOTAL FEEDING OF GROUND STATE LEVEL IN 132-XENON
   DAUGHTER IS 9.8130E-01 PER TRANSFORMATION OF 132-CESIUM.
   THIS DAUGHTER GROUND STATE IS STABLE.
 TOTAL FEEDING OF GROUND STATE LEVEL IN 132-BARIUM
   DAUGHTER IS 1.8700E-02 PER TRANSFORMATION OF 132-CESIUM.
   THIS DAUGHTER GROUND STATE IS STABLE.
