 129-CESIUM-55           HALFLIFE = 32.06 HOURS   

  MODES OF DECAY: ELECTRON CAPTURE, BETA PLUS
 
                                    MEAN
                                    NUMBER/                  MEV/
                               ID   TRANSFOR-   ENERGY       TRANSFOR-
        TYPE OF RADIATION      NO.  MATION      (MEV)        MATION

 GAMMA-RAY                      1   2.97E-02    3.958E-02    1.17E-03
 K CONV. ELECTRON, GAMMA-RAY    1   3.16E-01    5.022E-03    1.59E-03
 L1 CONV. ELECTRON, GAMMA-RAY   1   3.83E-02    3.416E-02    1.31E-03
 L2 CONV. ELECTRON, GAMMA-RAY   1   3.42E-03    3.447E-02    1.18E-04
 L3 CONV. ELECTRON, GAMMA-RAY   1   1.18E-03    3.480E-02    4.12E-05
 M CONV. ELECTRON, GAMMA-RAY    1   8.77E-03    3.865E-02*   3.39E-04
 N+ CONV. ELECTRON, GAMMA-RAY   1   2.20E-03    3.958E-02*   8.73E-05
 GAMMA-RAY                      3   6.52E-03    9.333E-02    6.08E-04
 K CONV. ELECTRON, GAMMA-RAY    3   5.71E-03    5.877E-02    3.35E-04
 L1 CONV. ELECTRON, GAMMA-RAY   3   6.97E-04    8.791E-02    6.13E-05
 GAMMA-RAY                      4   2.69E-03    1.770E-01    4.77E-04
 K CONV. ELECTRON, GAMMA-RAY    4   4.12E-04    1.425E-01    5.87E-05
 GAMMA-RAY                      5   2.72E-03    2.668E-01    7.27E-04
 K CONV. ELECTRON, GAMMA-RAY    5   1.33E-04    2.323E-01    3.08E-05
 GAMMA-RAY                      6   2.13E-03    2.704E-01    5.75E-04
 K CONV. ELECTRON, GAMMA-RAY    6   1.00E-04    2.358E-01    2.36E-05
 GAMMA-RAY                      7   1.32E-02    2.786E-01    3.68E-03
 K CONV. ELECTRON, GAMMA-RAY    7   5.75E-04    2.441E-01    1.40E-04
 L1 CONV. ELECTRON, GAMMA-RAY   7   6.64E-05    2.732E-01    1.81E-05
 GAMMA-RAY                      8   2.42E-03    2.821E-01    6.82E-04
 K CONV. ELECTRON, GAMMA-RAY    8   1.01E-04    2.476E-01    2.51E-05
 GAMMA-RAY                     10   2.45E-02    3.182E-01    7.79E-03
 K CONV. ELECTRON, GAMMA-RAY   10   7.25E-04    2.836E-01    2.06E-04
 L1 CONV. ELECTRON, GAMMA-RAY  10   8.30E-05    3.128E-01    2.60E-05
 GAMMA-RAY                     14   3.06E-01    3.719E-01    1.14E-01
 K CONV. ELECTRON, GAMMA-RAY   14   5.90E-03    3.374E-01    1.99E-03
 L1 CONV. ELECTRON, GAMMA-RAY  14   6.84E-04    3.665E-01    2.51E-04
 L2 CONV. ELECTRON, GAMMA-RAY  14   9.36E-05    3.668E-01    3.43E-05
 L3 CONV. ELECTRON, GAMMA-RAY  14   6.16E-05    3.671E-01    2.26E-05
 M CONV. ELECTRON, GAMMA-RAY   14   1.72E-04    3.710E-01*   6.38E-05
 GAMMA-RAY                     16   2.23E-01    4.115E-01    9.18E-02
 K CONV. ELECTRON, GAMMA-RAY   16   3.57E-03    3.769E-01    1.34E-03
 L1 CONV. ELECTRON, GAMMA-RAY  16   4.28E-04    4.061E-01    1.74E-04
 M CONV. ELECTRON, GAMMA-RAY   16   9.23E-05    4.106E-01*   3.79E-05
 GAMMA-RAY                     20   3.40E-02    5.489E-01    1.86E-02
 K CONV. ELECTRON, GAMMA-RAY   20   2.35E-04    5.144E-01    1.21E-04
 GAMMA-RAY                     25   6.03E-03    5.885E-01    3.55E-03
 K CONV. ELECTRON, GAMMA-RAY   25   3.49E-05    5.540E-01    1.93E-05
 GAMMA-RAY                     30   2.20E-03    9.064E-01    1.99E-03
 GAMMA-RAY                     31   6.95E-04    9.460E-01    6.57E-04
 K -L2 X-RAY                        3.02E-01    2.945E-02    8.90E-03
 K -L3 X-RAY                        5.60E-01    2.978E-02    1.67E-02
 K -M2 X-RAY                        5.26E-02    3.357E-02    1.76E-03
 K -M3 X-RAY                        1.02E-01    3.363E-02    3.43E-03
 K -N2 X-RAY                        1.10E-02    3.440E-02    3.79E-04
 K -N3 X-RAY                        2.15E-02    3.441E-02    7.40E-04
 AUGER KLL                          8.50E-02    2.447E-02*   2.08E-03
 AUGER KLX                          3.80E-02    2.869E-02*   1.09E-03
 AUGER KXY                          4.09E-03    3.290E-02*   1.34E-04
 CK LLX                             1.87E-01    3.223E-04*   6.02E-05
 AUGER LMM                          8.45E-01    3.326E-03*   2.81E-03
 AUGER LMX                          2.51E-01    4.003E-03*   1.00E-03
 AUGER LXY                          1.91E-02    4.708E-03*   8.97E-05
 CK MMX                             9.67E-01    1.238E-04*   1.20E-04
 AUGER MNN                          2.14E+00    5.052E-04*   1.08E-03
 AUGER MNX                          1.23E-01    6.175E-04*   7.58E-05
 CK NNX                             2.57E+00    2.619E-05*   6.73E-05
 AUGER NXY                          7.83E+00    3.624E-05*   2.84E-04
 
 ALL LISTED X-RAYS, GAMMA-RAYS AND ANNIHILATION RADIATION    2.78E-01
 ALL NEGLECTED X-RAYS, GAMMA-RAYS AND ANNIH. RADIATION**     2.16E-03
 ALL LISTED BETAS, INTERNAL CONVERSION AND AUGER ELECTRONS   1.74E-02
 ALL NEGLECTED BETAS, INT. CONVERSION AND AUGER ELECTRONS**  1.68E-04
 ALL LISTED RADIATIONS                                       2.95E-01
 ALL NEGLECTED RADIATIONS**                                  2.33E-03
 
 *  AVERAGE ENERGY (MEV)
 ** EACH NEGLECTED TRANSITION CONTRIBUTES LESS THAN  0.100%
    TO THE TOTAL MEV/TRANSFORMATION FOR THIS CATEGORY.
 TOTAL FEEDING OF GROUND STATE LEVEL IN 129-XENON
   DAUGHTER IS 1.0000E+00 PER TRANSFORMATION OF 129-CESIUM.
   THIS DAUGHTER GROUND STATE IS STABLE.
