 128-CESIUM-55           HALFLIFE = 3.64 MINUTES 

  MODES OF DECAY: ELECTRON CAPTURE, BETA PLUS
 
                                    MEAN
                                    NUMBER/                  MEV/
                               ID   TRANSFOR-   ENERGY       TRANSFOR-
        TYPE OF RADIATION      NO.  MATION      (MEV)        MATION

 BETA PLUS                     17   2.93E-03    5.942E-01*   1.74E-03
 BETA PLUS                     19   8.90E-03    8.701E-01*   7.75E-03
 BETA PLUS                     20   1.44E-01    1.111E+00*   1.60E-01
 BETA PLUS                     21   5.32E-01    1.316E+00*   7.00E-01
 ANNIHILATION RADIATION             1.38E+00    5.110E-01    7.04E-01
 GAMMA-RAY                      1   2.68E-01    4.429E-01    1.19E-01
 K CONV. ELECTRON, GAMMA-RAY    1   2.87E-03    4.083E-01    1.17E-03
 GAMMA-RAY                      3   2.41E-02    5.266E-01    1.27E-02
 GAMMA-RAY                      5   3.51E-03    6.135E-01    2.15E-03
 GAMMA-RAY                      8   6.30E-03    9.695E-01    6.11E-03
 GAMMA-RAY                     11   2.17E-03    1.030E+00    2.24E-03
 GAMMA-RAY                     14   1.17E-02    1.140E+00    1.33E-02
 GAMMA-RAY                     20   1.17E-03    1.303E+00    1.52E-03
 GAMMA-RAY                     35   1.35E-03    1.629E+00    2.20E-03
 GAMMA-RAY                     38   1.15E-03    1.684E+00    1.94E-03
 GAMMA-RAY                     49   4.72E-04    1.978E+00    9.33E-04
 GAMMA-RAY                     62   4.74E-04    2.149E+00    1.02E-03
 GAMMA-RAY                     63   1.61E-03    2.156E+00    3.47E-03
 GAMMA-RAY                     64   5.52E-04    2.190E+00    1.21E-03
 GAMMA-RAY                     72   4.72E-04    2.362E+00    1.11E-03
 K -L2 X-RAY                        6.90E-02    2.945E-02    2.03E-03
 K -L3 X-RAY                        1.28E-01    2.978E-02    3.80E-03
 
 ALL LISTED X-RAYS, GAMMA-RAYS AND ANNIHILATION RADIATION    8.78E-01
 ALL NEGLECTED X-RAYS, GAMMA-RAYS AND ANNIH. RADIATION**     1.37E-02
 ALL LISTED BETAS, INTERNAL CONVERSION AND AUGER ELECTRONS   8.71E-01
 ALL NEGLECTED BETAS, INT. CONVERSION AND AUGER ELECTRONS**  2.56E-03
 ALL LISTED RADIATIONS                                       1.75E+00
 ALL NEGLECTED RADIATIONS**                                  1.62E-02
 
 *  AVERAGE ENERGY (MEV)
 ** EACH NEGLECTED TRANSITION CONTRIBUTES LESS THAN  0.100%
    TO THE TOTAL MEV/TRANSFORMATION FOR THIS CATEGORY.
 TOTAL FEEDING OF GROUND STATE LEVEL IN 128-XENON
   DAUGHTER IS 1.0000E+00 PER TRANSFORMATION OF 128-CESIUM.
   THIS DAUGHTER GROUND STATE IS STABLE.
