 130-CESIUM-55           HALFLIFE = 29.21 MINUTES 

  MODES OF DECAY: ELECTRON CAPTURE, BETA PLUS, BETA MINUS
 
                                    MEAN
                                    NUMBER/                  MEV/
                               ID   TRANSFOR-   ENERGY       TRANSFOR-
        TYPE OF RADIATION      NO.  MATION      (MEV)        MATION

 BETA PLUS                      2   5.80E-03    6.370E-01*   3.69E-03
 BETA PLUS                      3   4.30E-01    8.789E-01*   3.78E-01
 ANNIHILATION RADIATION             8.71E-01    5.110E-01    4.45E-01
 GAMMA-RAY                      1   3.84E-02    5.361E-01    2.06E-02
 GAMMA-RAY                      2   4.68E-03    5.861E-01    2.74E-03
 GAMMA-RAY                      4   3.88E-03    8.945E-01    3.47E-03
 GAMMA-RAY                      6   7.29E-04    1.122E+00    8.18E-04
 GAMMA-RAY                      7   7.68E-04    1.258E+00    9.65E-04
 GAMMA-RAY                     11   2.57E-03    1.615E+00    4.15E-03
 GAMMA-RAY                     12   1.92E-03    1.687E+00    3.24E-03
 GAMMA-RAY                     13   1.38E-03    1.707E+00    2.36E-03
 GAMMA-RAY                     15   3.11E-04    1.851E+00    5.75E-04
 GAMMA-RAY                     18   1.65E-03    1.997E+00    3.30E-03
 K -L2 X-RAY                        1.20E-01    2.945E-02    3.53E-03
 K -L3 X-RAY                        2.22E-01    2.978E-02    6.62E-03
 K -M2 X-RAY                        2.09E-02    3.357E-02    7.00E-04
 K -M3 X-RAY                        4.05E-02    3.363E-02    1.36E-03
 AUGER KLL                          3.37E-02    2.447E-02*   8.26E-04
 AUGER KLX                          1.51E-02    2.869E-02*   4.33E-04
 AUGER LMM                          3.34E-01    3.326E-03*   1.11E-03
 AUGER LMX                          9.90E-02    4.003E-03*   3.96E-04
 AUGER MNN                          8.47E-01    5.052E-04*   4.28E-04
 BETA MINUS                     1   1.60E-02    1.053E-01*   1.68E-03
 
 ALL LISTED X-RAYS, GAMMA-RAYS AND ANNIHILATION RADIATION    5.00E-01
 ALL NEGLECTED X-RAYS, GAMMA-RAYS AND ANNIH. RADIATION**     3.08E-03
 ALL LISTED BETAS, INTERNAL CONVERSION AND AUGER ELECTRONS   3.86E-01
 ALL NEGLECTED BETAS, INT. CONVERSION AND AUGER ELECTRONS**  6.10E-04
 ALL LISTED RADIATIONS                                       8.86E-01
 ALL NEGLECTED RADIATIONS**                                  3.69E-03
 
 *  AVERAGE ENERGY (MEV)
 ** EACH NEGLECTED TRANSITION CONTRIBUTES LESS THAN  0.100%
    TO THE TOTAL MEV/TRANSFORMATION FOR THIS CATEGORY.
 TOTAL FEEDING OF GROUND STATE LEVEL IN 130-XENON
   DAUGHTER IS 9.8400E-01 PER TRANSFORMATION OF 130-CESIUM.
   THIS DAUGHTER GROUND STATE IS STABLE.
 TOTAL FEEDING OF GROUND STATE LEVEL IN 130-BARIUM
   DAUGHTER IS 1.6000E-02 PER TRANSFORMATION OF 130-CESIUM.
   THIS DAUGHTER GROUND STATE IS STABLE.
