 131-CESIUM-55           HALFLIFE = 9.689 DAYS    

  MODE OF DECAY: ELECTRON CAPTURE
 
                                    MEAN
                                    NUMBER/                  MEV/
                               ID   TRANSFOR-   ENERGY       TRANSFOR-
        TYPE OF RADIATION      NO.  MATION      (MEV)        MATION

 K -L2 X-RAY                        2.13E-01    2.945E-02    6.28E-03
 K -L3 X-RAY                        3.95E-01    2.978E-02    1.18E-02
 K -M2 X-RAY                        3.70E-02    3.357E-02    1.24E-03
 K -M3 X-RAY                        7.18E-02    3.363E-02    2.42E-03
 K -N2 X-RAY                        7.77E-03    3.440E-02    2.67E-04
 K -N3 X-RAY                        1.51E-02    3.441E-02    5.21E-04
 K -O2 X-RAY                        7.96E-04    3.454E-02    2.75E-05
 K -O3 X-RAY                        1.51E-03    3.455E-02    5.20E-05
 L2-M4 X-RAY                        2.17E-02    4.413E-03    9.59E-05
 L3-M5 X-RAY                        3.74E-02    4.097E-03    1.53E-04
 L3-N5 X-RAY                        5.47E-03    4.707E-03    2.58E-05
 Free-Bound X-RAY                   1.19E+01    1.662E-05*   1.97E-04
 AUGER KLL                          5.99E-02    2.447E-02*   1.47E-03
 AUGER KLX                          2.68E-02    2.869E-02*   7.69E-04
 AUGER KXY                          2.88E-03    3.290E-02*   9.48E-05
 CK LLX                             1.41E-01    3.263E-04*   4.61E-05
 AUGER LMM                          6.06E-01    3.329E-03*   2.02E-03
 AUGER LMX                          1.80E-01    4.007E-03*   7.21E-04
 AUGER LXY                          1.37E-02    4.712E-03*   6.44E-05
 CK MMX                             7.00E-01    1.238E-04*   8.66E-05
 AUGER MNN                          1.54E+00    5.054E-04*   7.78E-04
 AUGER MNX                          8.82E-02    6.180E-04*   5.45E-05
 CK NNX                             1.85E+00    2.624E-05*   4.87E-05
 AUGER NXY                          5.64E+00    3.625E-05*   2.04E-04
 
 ALL LISTED X-RAYS, GAMMA-RAYS AND ANNIHILATION RADIATION    2.30E-02
 ALL NEGLECTED X-RAYS, GAMMA-RAYS AND ANNIH. RADIATION**     1.32E-04
 ALL LISTED BETAS, INTERNAL CONVERSION AND AUGER ELECTRONS   6.35E-03
 ALL NEGLECTED BETAS, INT. CONVERSION AND AUGER ELECTRONS**  4.59E-07
 ALL LISTED RADIATIONS                                       2.94E-02
 ALL NEGLECTED RADIATIONS**                                  1.33E-04
 
 *  AVERAGE ENERGY (MEV)
 ** EACH NEGLECTED TRANSITION CONTRIBUTES LESS THAN  0.100%
    TO THE TOTAL MEV/TRANSFORMATION FOR THIS CATEGORY.
 TOTAL FEEDING OF GROUND STATE LEVEL IN 131-XENON
   DAUGHTER IS 1.0000E+00 PER TRANSFORMATION OF 131-CESIUM.
   THIS DAUGHTER GROUND STATE IS STABLE.
