 137-CESIUM-55           HALFLIFE = 30.1671 YEARS   

  MODE OF DECAY: BETA MINUS
 
                                    MEAN
                                    NUMBER/                  MEV/
                               ID   TRANSFOR-   ENERGY       TRANSFOR-
        TYPE OF RADIATION      NO.  MATION      (MEV)        MATION

 BETA MINUS                     1   9.44E-01    1.743E-01*   1.65E-01
 BETA MINUS                     3   5.60E-02    4.256E-01*   2.38E-02
 GAMMA-RAY                      1   5.80E-06    2.835E-01    1.64E-06
 K -L2 X-RAY                        7.42E-08    3.182E-02    2.36E-09
 K -L3 X-RAY                        1.37E-07    3.221E-02    4.40E-09
 
 ALL LISTED X-RAYS, GAMMA-RAYS AND ANNIHILATION RADIATION    1.65E-06
 ALL NEGLECTED X-RAYS, GAMMA-RAYS AND ANNIH. RADIATION**     1.99E-09
 ALL LISTED BETAS, INTERNAL CONVERSION AND AUGER ELECTRONS   1.88E-01
 ALL NEGLECTED BETAS, INT. CONVERSION AND AUGER ELECTRONS**  2.03E-06
 ALL LISTED RADIATIONS                                       1.88E-01
 ALL NEGLECTED RADIATIONS**                                  2.03E-06
 
 *  AVERAGE ENERGY (MEV)
 ** EACH NEGLECTED TRANSITION CONTRIBUTES LESS THAN  0.100%
    TO THE TOTAL MEV/TRANSFORMATION FOR THIS CATEGORY.
 TOTAL FEEDING OF 0.661659 MEV ISOMERIC LEVEL IN 137-BARIUM      
   DAUGHTER IS 9.4399E-01 PER TRANSFORMATION OF 137-CESIUM.
   DECAY OF THIS 2.552 MINUTES HALFLIFE LEVEL WILL CONTRIBUTE TO DOSE.
 TOTAL FEEDING OF GROUND STATE LEVEL IN 137-BARIUM
   DAUGHTER IS 5.6005E-02 PER TRANSFORMATION OF 137-CESIUM.
   THIS DAUGHTER GROUND STATE IS STABLE.
