 57-COPPER-29            HALFLIFE = 0.1963 SECONDS 

  MODES OF DECAY: ELECTRON CAPTURE, BETA PLUS
 
                                    MEAN
                                    NUMBER/                  MEV/
                               ID   TRANSFOR-   ENERGY       TRANSFOR-
        TYPE OF RADIATION      NO.  MATION      (MEV)        MATION

 BETA PLUS                      2   3.50E-03    2.188E+00*   7.65E-03
 BETA PLUS                      4   1.70E-03    2.462E+00*   4.18E-03
 BETA PLUS                      5   8.59E-02    3.114E+00*   2.68E-01
 BETA PLUS                      6   9.39E-03    3.284E+00*   3.08E-02
 BETA PLUS                      7   8.97E-01    3.662E+00*   3.29E+00
 ANNIHILATION RADIATION             2.00E+00    5.110E-01    1.02E+00
 GAMMA-RAY                      1   9.40E-03    7.685E-01    7.22E-03
 GAMMA-RAY                      2   8.60E-02    1.113E+00    9.57E-02
 GAMMA-RAY                      4   1.70E-03    2.443E+00    4.15E-03
 GAMMA-RAY                      7   3.50E-03    3.007E+00    1.05E-02
 
 ALL LISTED X-RAYS, GAMMA-RAYS AND ANNIHILATION RADIATION    1.14E+00
 ALL NEGLECTED X-RAYS, GAMMA-RAYS AND ANNIH. RADIATION**     2.41E-03
 ALL LISTED BETAS, INTERNAL CONVERSION AND AUGER ELECTRONS   3.60E+00
 ALL NEGLECTED BETAS, INT. CONVERSION AND AUGER ELECTRONS**  2.00E-03
 ALL LISTED RADIATIONS                                       4.74E+00
 ALL NEGLECTED RADIATIONS**                                  4.41E-03
 
 *  AVERAGE ENERGY (MEV)
 ** EACH NEGLECTED TRANSITION CONTRIBUTES LESS THAN  0.100%
    TO THE TOTAL MEV/TRANSFORMATION FOR THIS CATEGORY.
 TOTAL FEEDING OF GROUND STATE LEVEL IN 57-NICKEL
   DAUGHTER IS 1.0000E+00 PER TRANSFORMATION OF  57-COPPER.
   DECAY OF THIS 35.6 HOURS HALFLIFE LEVEL WILL CONTRIBUTE TO DOSE.
