 62-COPPER-29            HALFLIFE = 9.673 MINUTES 

  MODES OF DECAY: ELECTRON CAPTURE, BETA PLUS
 
                                    MEAN
                                    NUMBER/                  MEV/
                               ID   TRANSFOR-   ENERGY       TRANSFOR-
        TYPE OF RADIATION      NO.  MATION      (MEV)        MATION

 BETA PLUS                      4   9.76E-01    1.315E+00*   1.28E+00
 ANNIHILATION RADIATION             1.96E+00    5.110E-01    1.00E+00
 GAMMA-RAY                      3   1.50E-03    8.757E-01    1.31E-03
 GAMMA-RAY                      6   3.42E-03    1.173E+00    4.01E-03
 
 ALL LISTED X-RAYS, GAMMA-RAYS AND ANNIHILATION RADIATION    1.00E+00
 ALL NEGLECTED X-RAYS, GAMMA-RAYS AND ANNIH. RADIATION**     1.95E-03
 ALL LISTED BETAS, INTERNAL CONVERSION AND AUGER ELECTRONS   1.28E+00
 ALL NEGLECTED BETAS, INT. CONVERSION AND AUGER ELECTRONS**  1.48E-03
 ALL LISTED RADIATIONS                                       2.29E+00
 ALL NEGLECTED RADIATIONS**                                  3.43E-03
 
 *  AVERAGE ENERGY (MEV)
 ** EACH NEGLECTED TRANSITION CONTRIBUTES LESS THAN  0.100%
    TO THE TOTAL MEV/TRANSFORMATION FOR THIS CATEGORY.
 TOTAL FEEDING OF GROUND STATE LEVEL IN 62-NICKEL
   DAUGHTER IS 1.0000E+00 PER TRANSFORMATION OF  62-COPPER.
   THIS DAUGHTER GROUND STATE IS STABLE.
