 61-COPPER-29            HALFLIFE = 3.333 HOURS   

  MODES OF DECAY: ELECTRON CAPTURE, BETA PLUS
 
                                    MEAN
                                    NUMBER/                  MEV/
                               ID   TRANSFOR-   ENERGY       TRANSFOR-
        TYPE OF RADIATION      NO.  MATION      (MEV)        MATION

 BETA PLUS                      3   2.60E-02    2.383E-01*   6.20E-03
 BETA PLUS                      4   5.50E-02    3.988E-01*   2.19E-02
 BETA PLUS                      5   2.30E-02    4.937E-01*   1.14E-02
 BETA PLUS                      6   5.10E-01    5.237E-01*   2.67E-01
 ANNIHILATION RADIATION             1.23E+00    5.110E-01    6.28E-01
 GAMMA-RAY                      1   4.23E-02    6.741E-02    2.85E-03
 GAMMA-RAY                      4   1.22E-01    2.830E-01    3.45E-02
 GAMMA-RAY                      5   2.15E-02    3.731E-01    8.01E-03
 GAMMA-RAY                      6   3.76E-03    5.292E-01    1.99E-03
 GAMMA-RAY                      8   1.17E-02    5.886E-01    6.87E-03
 GAMMA-RAY                     10   1.08E-01    6.560E-01    7.07E-02
 GAMMA-RAY                     12   3.07E-03    8.167E-01    2.51E-03
 GAMMA-RAY                     13   2.14E-03    8.412E-01    1.80E-03
 GAMMA-RAY                     15   1.10E-02    9.086E-01    1.00E-02
 GAMMA-RAY                     21   2.45E-03    1.100E+00    2.70E-03
 GAMMA-RAY                     23   8.99E-04    1.132E+00    1.02E-03
 GAMMA-RAY                     24   3.75E-02    1.185E+00    4.44E-02
 GAMMA-RAY                     28   5.28E-04    1.662E+00    8.78E-04
 GAMMA-RAY                     29   5.39E-04    1.729E+00    9.33E-04
 GAMMA-RAY                     32   4.14E-04    2.124E+00    8.78E-04
 AUGER KLL                          1.64E-01    6.498E-03*   1.07E-03
 AUGER LMM                          5.23E-01    7.727E-04*   4.04E-04
 
 ALL LISTED X-RAYS, GAMMA-RAYS AND ANNIHILATION RADIATION    8.18E-01
 ALL NEGLECTED X-RAYS, GAMMA-RAYS AND ANNIH. RADIATION**     5.70E-03
 ALL LISTED BETAS, INTERNAL CONVERSION AND AUGER ELECTRONS   3.08E-01
 ALL NEGLECTED BETAS, INT. CONVERSION AND AUGER ELECTRONS**  9.54E-04
 ALL LISTED RADIATIONS                                       1.13E+00
 ALL NEGLECTED RADIATIONS**                                  6.66E-03
 
 *  AVERAGE ENERGY (MEV)
 ** EACH NEGLECTED TRANSITION CONTRIBUTES LESS THAN  0.100%
    TO THE TOTAL MEV/TRANSFORMATION FOR THIS CATEGORY.
 TOTAL FEEDING OF GROUND STATE LEVEL IN 61-NICKEL
   DAUGHTER IS 1.0000E+00 PER TRANSFORMATION OF  61-COPPER.
   THIS DAUGHTER GROUND STATE IS STABLE.
