 64-COPPER-29            HALFLIFE = 12.7 HOURS   

  MODES OF DECAY: ELECTRON CAPTURE, BETA PLUS, BETA MINUS
 
                                    MEAN
                                    NUMBER/                  MEV/
                               ID   TRANSFOR-   ENERGY       TRANSFOR-
        TYPE OF RADIATION      NO.  MATION      (MEV)        MATION

 BETA PLUS                      1   1.74E-01    2.782E-01*   4.84E-02
 ANNIHILATION RADIATION             3.48E-01    5.110E-01    1.78E-01
 GAMMA-RAY                      1   4.73E-03    1.346E+00    6.37E-03
 K -L2 X-RAY                        4.68E-02    7.418E-03    3.47E-04
 K -L3 X-RAY                        9.13E-02    7.436E-03    6.79E-04
 AUGER KLL                          1.83E-01    6.498E-03*   1.19E-03
 AUGER KLX                          4.57E-02    7.314E-03*   3.34E-04
 AUGER LMM                          5.81E-01    7.727E-04*   4.49E-04
 BETA MINUS                     1   3.90E-01    1.904E-01*   7.43E-02
 
 ALL LISTED X-RAYS, GAMMA-RAYS AND ANNIHILATION RADIATION    1.85E-01
 ALL NEGLECTED X-RAYS, GAMMA-RAYS AND ANNIH. RADIATION**     1.76E-04
 ALL LISTED BETAS, INTERNAL CONVERSION AND AUGER ELECTRONS   1.25E-01
 ALL NEGLECTED BETAS, INT. CONVERSION AND AUGER ELECTRONS**  8.09E-05
 ALL LISTED RADIATIONS                                       3.10E-01
 ALL NEGLECTED RADIATIONS**                                  2.56E-04
 
 *  AVERAGE ENERGY (MEV)
 ** EACH NEGLECTED TRANSITION CONTRIBUTES LESS THAN  0.100%
    TO THE TOTAL MEV/TRANSFORMATION FOR THIS CATEGORY.
 TOTAL FEEDING OF GROUND STATE LEVEL IN 64-NICKEL
   DAUGHTER IS 6.1000E-01 PER TRANSFORMATION OF  64-COPPER.
   THIS DAUGHTER GROUND STATE IS STABLE.
 TOTAL FEEDING OF GROUND STATE LEVEL IN 64-ZINC
   DAUGHTER IS 3.9000E-01 PER TRANSFORMATION OF  64-COPPER.
   THIS DAUGHTER GROUND STATE IS STABLE.
