 166-DYSPROSIUM-66       HALFLIFE = 81.6 HOURS   

  MODE OF DECAY: BETA MINUS
 
                                    MEAN
                                    NUMBER/                  MEV/
                               ID   TRANSFOR-   ENERGY       TRANSFOR-
        TYPE OF RADIATION      NO.  MATION      (MEV)        MATION

 BETA MINUS                     1   1.16E-02    1.563E-02*   1.82E-04
 BETA MINUS                     3   8.91E-01    1.184E-01*   1.06E-01
 BETA MINUS                     4   4.84E-02    1.413E-01*   6.84E-03
 BETA MINUS                     5   4.84E-02    1.462E-01*   7.08E-03
 GAMMA-RAY                      1   1.13E-02    2.823E-02    3.19E-04
 L1 CONV. ELECTRON, GAMMA-RAY   1   1.41E-01    1.887E-02    2.66E-03
 L2 CONV. ELECTRON, GAMMA-RAY   1   1.29E-02    1.930E-02    2.49E-04
 M CONV. ELECTRON, GAMMA-RAY    1   3.46E-02    2.650E-02*   9.17E-04
 N+ CONV. ELECTRON, GAMMA-RAY   1   9.77E-03    2.823E-02*   2.76E-04
 GAMMA-RAY                      2   8.14E-03    5.424E-02    4.42E-04
 L2 CONV. ELECTRON, GAMMA-RAY   2   9.19E-02    4.531E-02    4.17E-03
 L3 CONV. ELECTRON, GAMMA-RAY   2   1.06E-01    4.618E-02    4.88E-03
 M CONV. ELECTRON, GAMMA-RAY    2   4.85E-02    5.251E-02*   2.55E-03
 N+ CONV. ELECTRON, GAMMA-RAY   2   1.27E-02    5.424E-02*   6.89E-04
 GAMMA-RAY                      3   1.38E-01    8.247E-02    1.14E-02
 K CONV. ELECTRON, GAMMA-RAY    3   5.46E-01    2.677E-02    1.46E-02
 L1 CONV. ELECTRON, GAMMA-RAY   3   7.40E-02    7.311E-02    5.41E-03
 L2 CONV. ELECTRON, GAMMA-RAY   3   6.35E-03    7.354E-02    4.67E-04
 M CONV. ELECTRON, GAMMA-RAY    3   1.81E-02    8.074E-02*   1.46E-03
 N+ CONV. ELECTRON, GAMMA-RAY   3   5.09E-03    8.247E-02*   4.20E-04
 GAMMA-RAY                      5   5.52E-04    3.435E-01    1.90E-04
 GAMMA-RAY                      6   5.24E-03    3.718E-01    1.95E-03
 GAMMA-RAY                      7   5.80E-03    4.260E-01    2.47E-03
 K -L2 X-RAY                        1.48E-01    4.677E-02    6.91E-03
 K -L3 X-RAY                        2.63E-01    4.764E-02    1.25E-02
 K -M2 X-RAY                        2.73E-02    5.379E-02    1.47E-03
 K -M3 X-RAY                        5.27E-02    5.397E-02    2.84E-03
 K -N2 X-RAY                        6.02E-03    5.536E-02    3.33E-04
 K -N3 X-RAY                        1.17E-02    5.540E-02    6.45E-04
 K -O2 X-RAY                        1.33E-03    5.567E-02    7.41E-05
 K -O3 X-RAY                        2.77E-03    5.567E-02    1.54E-04
 L1-M2 X-RAY                        6.46E-03    7.450E-03    4.81E-05
 L1-M3 X-RAY                        8.89E-03    7.632E-03    6.79E-05
 L2-M4 X-RAY                        5.52E-02    7.533E-03    4.16E-04
 L2-N4 X-RAY                        9.73E-03    8.755E-03    8.52E-05
 L3-M4 X-RAY                        8.12E-03    6.667E-03    5.41E-05
 L3-M5 X-RAY                        7.17E-02    6.706E-03    4.81E-04
 L3-N5 X-RAY                        1.22E-02    7.895E-03    9.61E-05
 Free-Bound X-RAY                   9.20E+00    1.364E-05*   1.25E-04
 AUGER KLL                          2.04E-02    3.825E-02*   7.81E-04
 AUGER KLX                          1.03E-02    4.542E-02*   4.67E-04
 AUGER LMM                          5.14E-01    5.345E-03*   2.75E-03
 AUGER LMX                          1.82E-01    6.669E-03*   1.22E-03
 AUGER MNN                          1.46E+00    1.076E-03*   1.57E-03
 CK NNX                             4.19E+00    1.347E-04*   5.65E-04
 
 ALL LISTED X-RAYS, GAMMA-RAYS AND ANNIHILATION RADIATION    4.31E-02
 ALL NEGLECTED X-RAYS, GAMMA-RAYS AND ANNIH. RADIATION**     2.47E-04
 ALL LISTED BETAS, INTERNAL CONVERSION AND AUGER ELECTRONS   1.66E-01
 ALL NEGLECTED BETAS, INT. CONVERSION AND AUGER ELECTRONS**  9.04E-04
 ALL LISTED RADIATIONS                                       2.09E-01
 ALL NEGLECTED RADIATIONS**                                  1.15E-03
 
 *  AVERAGE ENERGY (MEV)
 ** EACH NEGLECTED TRANSITION CONTRIBUTES LESS THAN  0.100%
    TO THE TOTAL MEV/TRANSFORMATION FOR THIS CATEGORY.
 TOTAL FEEDING OF GROUND STATE LEVEL IN 166-HOLMIUM
   DAUGHTER IS 1.0000E+00 PER TRANSFORMATION OF 166-DYSPROSIUM.
   DECAY OF THIS 26.8 HOURS HALFLIFE LEVEL WILL CONTRIBUTE TO DOSE.
