 157-DYSPROSIUM-66       HALFLIFE = 8.14 HOURS   

  MODE OF DECAY: ELECTRON CAPTURE
 
                                    MEAN
                                    NUMBER/                  MEV/
                               ID   TRANSFOR-   ENERGY       TRANSFOR-
        TYPE OF RADIATION      NO.  MATION      (MEV)        MATION

 K CONV. ELECTRON, GAMMA-RAY    1   3.68E-02    8.760E-03    3.22E-04
 L1 CONV. ELECTRON, GAMMA-RAY   1   4.91E-03    5.215E-02    2.56E-04
 L2 CONV. ELECTRON, GAMMA-RAY   1   6.68E-04    5.256E-02    3.51E-05
 L3 CONV. ELECTRON, GAMMA-RAY   1   3.54E-04    5.331E-02    1.89E-05
 M CONV. ELECTRON, GAMMA-RAY    1   1.31E-03    5.922E-02*   7.75E-05
 N+ CONV. ELECTRON, GAMMA-RAY   1   3.65E-04    6.082E-02*   2.22E-05
 GAMMA-RAY                      2   6.16E-03    8.301E-02    5.12E-04
 K CONV. ELECTRON, GAMMA-RAY    2   1.98E-02    3.095E-02    6.14E-04
 L1 CONV. ELECTRON, GAMMA-RAY   2   2.63E-03    7.434E-02    1.95E-04
 L2 CONV. ELECTRON, GAMMA-RAY   2   4.35E-04    7.475E-02    3.25E-05
 L3 CONV. ELECTRON, GAMMA-RAY   2   2.66E-04    7.550E-02    2.00E-05
 M CONV. ELECTRON, GAMMA-RAY    2   7.39E-04    8.141E-02*   6.01E-05
 N+ CONV. ELECTRON, GAMMA-RAY   2   2.05E-04    8.301E-02*   1.70E-05
 GAMMA-RAY                      4   1.84E-02    1.822E-01    3.35E-03
 K CONV. ELECTRON, GAMMA-RAY    4   9.38E-04    1.301E-01    1.22E-04
 L1 CONV. ELECTRON, GAMMA-RAY   4   1.04E-04    1.735E-01    1.81E-05
 GAMMA-RAY                      5   1.93E-03    2.653E-01    5.13E-04
 GAMMA-RAY                      7   9.20E-01    3.262E-01    3.00E-01
 K CONV. ELECTRON, GAMMA-RAY    7   1.05E-02    2.741E-01    2.89E-03
 L1 CONV. ELECTRON, GAMMA-RAY   7   1.23E-03    3.175E-01    3.91E-04
 L2 CONV. ELECTRON, GAMMA-RAY   7   1.19E-04    3.179E-01    3.78E-05
 L3 CONV. ELECTRON, GAMMA-RAY   7   1.27E-04    3.187E-01    4.06E-05
 M CONV. ELECTRON, GAMMA-RAY    7   3.21E-04    3.246E-01*   1.04E-04
 N+ CONV. ELECTRON, GAMMA-RAY   7   8.91E-05    3.262E-01*   2.90E-05
 GAMMA-RAY                     12   8.00E-04    5.975E-01    4.78E-04
 GAMMA-RAY                     16   5.15E-04    7.452E-01    3.84E-04
 GAMMA-RAY                     18   5.43E-04    7.766E-01    4.22E-04
 K -L2 X-RAY                        2.42E-01    4.380E-02    1.06E-02
 K -L3 X-RAY                        4.33E-01    4.455E-02    1.93E-02
 K -M2 X-RAY                        4.43E-02    5.031E-02    2.23E-03
 K -M3 X-RAY                        8.57E-02    5.046E-02    4.32E-03
 K -N2 X-RAY                        9.72E-03    5.174E-02    5.03E-04
 K -N3 X-RAY                        1.88E-02    5.178E-02    9.76E-04
 L3-M5 X-RAY                        7.14E-02    6.261E-03    4.47E-04
 AUGER KLL                          3.60E-02    3.589E-02*   1.29E-03
 AUGER KLX                          1.79E-02    4.255E-02*   7.61E-04
 AUGER KXY                          2.13E-03    4.921E-02*   1.05E-04
 CK LLX                             1.41E-01    6.202E-04*   8.72E-05
 AUGER LMM                          5.35E-01    4.953E-03*   2.65E-03
 AUGER LMX                          1.87E-01    6.160E-03*   1.15E-03
 AUGER LXY                          1.64E-02    7.402E-03*   1.21E-04
 CK MMX                             6.92E-01    1.973E-04*   1.37E-04
 AUGER MNN                          1.48E+00    9.610E-04*   1.42E-03
 AUGER MNX                          8.41E-02    1.136E-03*   9.56E-05
 CK NNX                             4.37E+00    1.220E-04*   5.33E-04
 AUGER NXY                          2.69E-01    1.356E-04*   3.65E-05
 
 ALL LISTED X-RAYS, GAMMA-RAYS AND ANNIHILATION RADIATION    3.44E-01
 ALL NEGLECTED X-RAYS, GAMMA-RAYS AND ANNIH. RADIATION**     3.08E-03
 ALL LISTED BETAS, INTERNAL CONVERSION AND AUGER ELECTRONS   1.37E-02
 ALL NEGLECTED BETAS, INT. CONVERSION AND AUGER ELECTRONS**  9.25E-05
 ALL LISTED RADIATIONS                                       3.58E-01
 ALL NEGLECTED RADIATIONS**                                  3.17E-03
 
 *  AVERAGE ENERGY (MEV)
 ** EACH NEGLECTED TRANSITION CONTRIBUTES LESS THAN  0.100%
    TO THE TOTAL MEV/TRANSFORMATION FOR THIS CATEGORY.
 TOTAL FEEDING OF GROUND STATE LEVEL IN 157-TERBIUM
   DAUGHTER IS 1.0000E+00 PER TRANSFORMATION OF 157-DYSPROSIUM.
   DECAY OF THIS 71 YEARS HALFLIFE LEVEL WILL CONTRIBUTE TO DOSE.
