 165-ERBIUM-68           HALFLIFE = 10.36 HOURS   

  MODE OF DECAY: ELECTRON CAPTURE
 
                                    MEAN
                                    NUMBER/                  MEV/
                               ID   TRANSFOR-   ENERGY       TRANSFOR-
        TYPE OF RADIATION      NO.  MATION      (MEV)        MATION

 K -L2 X-RAY                        2.15E-01    4.677E-02    1.01E-02
 K -L3 X-RAY                        3.84E-01    4.764E-02    1.83E-02
 K -M2 X-RAY                        3.98E-02    5.379E-02    2.14E-03
 K -M3 X-RAY                        7.68E-02    5.397E-02    4.15E-03
 K -M5 X-RAY                        8.84E-04    5.434E-02    4.80E-05
 K -N2 X-RAY                        8.77E-03    5.536E-02    4.86E-04
 K -N3 X-RAY                        1.70E-02    5.540E-02    9.41E-04
 K -O2 X-RAY                        1.94E-03    5.567E-02    1.08E-04
 K -O3 X-RAY                        4.04E-03    5.567E-02    2.25E-04
 L1-M3 X-RAY                        6.57E-03    7.632E-03    5.01E-05
 L2-M4 X-RAY                        4.78E-02    7.534E-03    3.60E-04
 L2-N4 X-RAY                        8.43E-03    8.755E-03    7.38E-05
 L3-M4 X-RAY                        8.02E-03    6.667E-03    5.34E-05
 L3-M5 X-RAY                        7.08E-02    6.706E-03    4.75E-04
 L3-N5 X-RAY                        1.20E-02    7.895E-03    9.49E-05
 Free-Bound X-RAY                   8.33E+00    1.363E-05*   1.14E-04
 AUGER KLL                          2.98E-02    3.825E-02*   1.14E-03
 AUGER KLX                          1.50E-02    4.542E-02*   6.81E-04
 AUGER KXY                          1.81E-03    5.260E-02*   9.51E-05
 CK LLX                             1.40E-01    7.083E-04*   9.95E-05
 AUGER LMM                          4.74E-01    5.309E-03*   2.52E-03
 AUGER LMX                          1.68E-01    6.629E-03*   1.11E-03
 AUGER LXY                          1.50E-02    7.984E-03*   1.20E-04
 CK MMX                             6.30E-01    2.221E-04*   1.40E-04
 AUGER MNN                          1.34E+00    1.075E-03*   1.44E-03
 AUGER MNX                          6.99E-02    1.252E-03*   8.75E-05
 CK NNX                             3.79E+00    1.348E-04*   5.11E-04
 AUGER NXY                          1.55E-01    1.788E-04*   2.78E-05
 CK OOX                             4.34E-01    1.897E-05*   8.23E-06
 
 ALL LISTED X-RAYS, GAMMA-RAYS AND ANNIHILATION RADIATION    3.77E-02
 ALL NEGLECTED X-RAYS, GAMMA-RAYS AND ANNIH. RADIATION**     2.11E-04
 ALL LISTED BETAS, INTERNAL CONVERSION AND AUGER ELECTRONS   7.99E-03
 ALL NEGLECTED BETAS, INT. CONVERSION AND AUGER ELECTRONS**  5.27E-06
 ALL LISTED RADIATIONS                                       4.57E-02
 ALL NEGLECTED RADIATIONS**                                  2.17E-04
 
 *  AVERAGE ENERGY (MEV)
 ** EACH NEGLECTED TRANSITION CONTRIBUTES LESS THAN  0.100%
    TO THE TOTAL MEV/TRANSFORMATION FOR THIS CATEGORY.
 TOTAL FEEDING OF GROUND STATE LEVEL IN 165-HOLMIUM
   DAUGHTER IS 1.0000E+00 PER TRANSFORMATION OF 165-ERBIUM.
   THIS DAUGHTER GROUND STATE IS STABLE.
