 167M-ERBIUM-68          HALFLIFE = 2.269 SECONDS 

  MODE OF DECAY: ISOMERIC LEVEL
 
                                    MEAN
                                    NUMBER/                  MEV/
                               ID   TRANSFOR-   ENERGY       TRANSFOR-
        TYPE OF RADIATION      NO.  MATION      (MEV)        MATION

 GAMMA-RAY                      1   4.16E-01    2.078E-01    8.64E-02
 K CONV. ELECTRON, GAMMA-RAY    1   1.98E-01    1.502E-01    2.97E-02
 L1 CONV. ELECTRON, GAMMA-RAY   1   2.45E-02    1.981E-01    4.85E-03
 L2 CONV. ELECTRON, GAMMA-RAY   1   1.67E-01    1.985E-01    3.31E-02
 L3 CONV. ELECTRON, GAMMA-RAY   1   1.02E-01    1.995E-01    2.04E-02
 M CONV. ELECTRON, GAMMA-RAY    1   7.34E-02    2.060E-01*   1.51E-02
 N+ CONV. ELECTRON, GAMMA-RAY   1   1.96E-02    2.078E-01*   4.08E-03
 K -L2 X-RAY                        5.37E-02    4.830E-02    2.60E-03
 K -L3 X-RAY                        9.53E-02    4.923E-02    4.69E-03
 K -M2 X-RAY                        9.93E-03    5.558E-02    5.52E-04
 K -M3 X-RAY                        1.92E-02    5.578E-02    1.07E-03
 K -N2 X-RAY                        2.20E-03    5.722E-02    1.26E-04
 K -N3 X-RAY                        4.25E-03    5.726E-02    2.44E-04
 L2-M4 X-RAY                        4.17E-02    7.820E-03    3.26E-04
 L3-M5 X-RAY                        3.61E-02    6.935E-03    2.51E-04
 AUGER KLL                          7.09E-03    3.947E-02*   2.80E-04
 AUGER KLX                          3.59E-03    4.690E-02*   1.68E-04
 AUGER LMM                          2.57E-01    5.530E-03*   1.42E-03
 AUGER LMX                          9.16E-02    6.907E-03*   6.33E-04
 AUGER MNN                          7.49E-01    1.136E-03*   8.51E-04
 CK NNX                             2.01E+00    1.415E-04*   2.84E-04
 
 ALL LISTED X-RAYS, GAMMA-RAYS AND ANNIHILATION RADIATION    9.63E-02
 ALL NEGLECTED X-RAYS, GAMMA-RAYS AND ANNIH. RADIATION**     3.96E-04
 ALL LISTED BETAS, INTERNAL CONVERSION AND AUGER ELECTRONS   1.11E-01
 ALL NEGLECTED BETAS, INT. CONVERSION AND AUGER ELECTRONS**  2.82E-04
 ALL LISTED RADIATIONS                                       2.07E-01
 ALL NEGLECTED RADIATIONS**                                  6.79E-04
 
 *  AVERAGE ENERGY (MEV)
 ** EACH NEGLECTED TRANSITION CONTRIBUTES LESS THAN  0.100%
    TO THE TOTAL MEV/TRANSFORMATION FOR THIS CATEGORY.
 TOTAL FEEDING OF GROUND STATE LEVEL IN 167-ERBIUM
   DAUGHTER IS 1.0000E+00  PER TRANSFORMATION OF 167M-ERBIUM.
   THIS DAUGHTER GROUND STATE IS STABLE.
