 169-ERBIUM-68           HALFLIFE = 9.4 DAYS    

  MODE OF DECAY: BETA MINUS
 
                                    MEAN
                                    NUMBER/                  MEV/
                               ID   TRANSFOR-   ENERGY       TRANSFOR-
        TYPE OF RADIATION      NO.  MATION      (MEV)        MATION

 BETA MINUS                     2   4.50E-01    9.813E-02*   4.42E-02
 BETA MINUS                     3   5.50E-01    1.008E-01*   5.54E-02
 GAMMA-RAY                      1   1.61E-03    8.410E-03    1.36E-05
 M CONV. ELECTRON, GAMMA-RAY    1   3.52E-01    6.545E-03*   2.30E-03
 N+ CONV. ELECTRON, GAMMA-RAY   1   9.62E-02    8.410E-03*   8.09E-04
 GAMMA-RAY                      2   1.28E-05    1.098E-01    1.40E-06
 GAMMA-RAY                      3   1.39E-06    1.182E-01    1.65E-07
 K -L2 X-RAY                        7.30E-06    4.986E-02    3.64E-07
 K -L3 X-RAY                        1.29E-05    5.085E-02    6.56E-07
 K -M2 X-RAY                        1.35E-06    5.741E-02    7.76E-08
 K -M3 X-RAY                        2.61E-06    5.762E-02    1.51E-07
 M X-RAY                            5.33E-03    1.484E-03*   7.91E-06
 Free-Bound X-RAY                   2.62E+00    1.383E-05*   3.62E-05
 CK MMX                             4.23E-01    2.675E-04*   1.13E-04
 AUGER MNN                          3.27E-01    1.253E-03*   4.09E-04
 CK NNX                             1.20E+00    1.464E-04*   1.75E-04
 
 ALL LISTED X-RAYS, GAMMA-RAYS AND ANNIHILATION RADIATION    6.05E-05
 ALL NEGLECTED X-RAYS, GAMMA-RAYS AND ANNIH. RADIATION**     1.58E-07
 ALL LISTED BETAS, INTERNAL CONVERSION AND AUGER ELECTRONS   1.03E-01
 ALL NEGLECTED BETAS, INT. CONVERSION AND AUGER ELECTRONS**  5.14E-05
 ALL LISTED RADIATIONS                                       1.03E-01
 ALL NEGLECTED RADIATIONS**                                  5.15E-05
 
 *  AVERAGE ENERGY (MEV)
 ** EACH NEGLECTED TRANSITION CONTRIBUTES LESS THAN  0.100%
    TO THE TOTAL MEV/TRANSFORMATION FOR THIS CATEGORY.
 TOTAL FEEDING OF GROUND STATE LEVEL IN 169-THULIUM
   DAUGHTER IS 1.0000E+00 PER TRANSFORMATION OF 169-ERBIUM.
   THIS DAUGHTER GROUND STATE IS STABLE.
