 154-EUROPIUM-63         HALFLIFE = 8.593 YEARS   

  MODES OF DECAY: BETA MINUS, ELECTRON CAPTURE
 
                                    MEAN
                                    NUMBER/                  MEV/
                               ID   TRANSFOR-   ENERGY       TRANSFOR-
        TYPE OF RADIATION      NO.  MATION      (MEV)        MATION

 BETA MINUS                     3   2.85E-01    6.918E-02*   1.97E-02
 BETA MINUS                     4   8.48E-03    8.737E-02*   7.41E-04
 BETA MINUS                     6   1.63E-02    1.014E-01*   1.66E-03
 BETA MINUS                     8   2.86E-03    1.297E-01*   3.71E-04
 BETA MINUS                    10   3.62E-01    1.762E-01*   6.37E-02
 BETA MINUS                    11   7.05E-03    2.249E-01*   1.59E-03
 BETA MINUS                    12   2.90E-03    2.295E-01*   6.66E-04
 BETA MINUS                    13   1.67E-01    2.765E-01*   4.63E-02
 BETA MINUS                    14   3.49E-02    3.280E-01*   1.14E-02
 BETA MINUS                    15   6.98E-03    4.009E-01*   2.80E-03
 BETA MINUS                    16   1.89E-03    5.879E-01*   1.11E-03
 BETA MINUS                    17   9.97E-02    6.955E-01*   6.93E-02
 GAMMA-RAY                      4   4.06E-01    1.231E-01    4.99E-02
 K CONV. ELECTRON, GAMMA-RAY    4   2.65E-01    7.277E-02    1.93E-02
 L1 CONV. ELECTRON, GAMMA-RAY   4   2.52E-02    1.147E-01    2.89E-03
 L2 CONV. ELECTRON, GAMMA-RAY   4   7.37E-02    1.151E-01    8.48E-03
 L3 CONV. ELECTRON, GAMMA-RAY   4   7.07E-02    1.158E-01    8.19E-03
 M CONV. ELECTRON, GAMMA-RAY    4   3.98E-02    1.215E-01*   4.84E-03
 N+ CONV. ELECTRON, GAMMA-RAY   4   1.06E-02    1.231E-01*   1.30E-03
 GAMMA-RAY                     25   6.91E-02    2.479E-01    1.71E-02
 K CONV. ELECTRON, GAMMA-RAY   25   5.61E-03    1.976E-01    1.11E-03
 GAMMA-RAY                     55   5.62E-03    4.445E-01    2.50E-03
 GAMMA-RAY                     70   2.68E-03    5.576E-01    1.50E-03
 GAMMA-RAY                     73   8.89E-03    5.820E-01    5.17E-03
 GAMMA-RAY                     74   4.96E-02    5.918E-01    2.94E-02
 GAMMA-RAY                     81   3.18E-03    6.253E-01    1.99E-03
 GAMMA-RAY                     89   1.79E-02    6.924E-01    1.24E-02
 K CONV. ELECTRON, GAMMA-RAY   89   7.14E-04    6.421E-01    4.59E-04
 GAMMA-RAY                     90   1.88E-03    7.158E-01    1.35E-03
 GAMMA-RAY                     91   2.01E-01    7.233E-01    1.45E-01
 GAMMA-RAY                     93   4.54E-02    7.568E-01    3.44E-02
 GAMMA-RAY                     98   5.13E-03    8.155E-01    4.19E-03
 GAMMA-RAY                    100   5.88E-03    8.454E-01    4.97E-03
 GAMMA-RAY                    101   2.42E-03    8.506E-01    2.06E-03
 GAMMA-RAY                    102   1.22E-01    8.732E-01    1.07E-01
 K CONV. ELECTRON, GAMMA-RAY  102   3.83E-04    8.229E-01    3.15E-04
 GAMMA-RAY                    104   5.15E-03    8.928E-01    4.60E-03
 GAMMA-RAY                    106   8.93E-03    9.041E-01    8.07E-03
 GAMMA-RAY                    113   1.05E-01    9.963E-01    1.05E-01
 GAMMA-RAY                    114   1.79E-01    1.005E+00    1.80E-01
 K CONV. ELECTRON, GAMMA-RAY  114   4.20E-04    9.544E-01    4.01E-04
 GAMMA-RAY                    124   3.18E-03    1.129E+00    3.59E-03
 GAMMA-RAY                    126   2.36E-03    1.141E+00    2.69E-03
 GAMMA-RAY                    133   1.33E-03    1.242E+00    1.65E-03
 GAMMA-RAY                    134   8.64E-03    1.246E+00    1.08E-02
 GAMMA-RAY                    135   3.50E-01    1.274E+00    4.46E-01
 K CONV. ELECTRON, GAMMA-RAY  135   2.23E-04    1.224E+00    2.73E-04
 GAMMA-RAY                    148   7.00E-03    1.494E+00    1.05E-02
 GAMMA-RAY                    154   1.79E-02    1.596E+00    2.85E-02
 K -L2 X-RAY                        7.37E-02    4.236E-02    3.12E-03
 K -L3 X-RAY                        1.32E-01    4.306E-02    5.70E-03
 K -M3 X-RAY                        2.60E-02    4.876E-02    1.27E-03
 AUGER KLL                          1.15E-02    3.474E-02*   3.99E-04
 AUGER LMM                          2.42E-01    4.770E-03*   1.15E-03
 AUGER LMX                          8.47E-02    5.924E-03*   5.02E-04
 AUGER MNN                          6.63E-01    8.977E-04*   5.95E-04
 
 ALL LISTED X-RAYS, GAMMA-RAYS AND ANNIHILATION RADIATION    1.23E+00
 ALL NEGLECTED X-RAYS, GAMMA-RAYS AND ANNIH. RADIATION**     1.91E-02
 ALL LISTED BETAS, INTERNAL CONVERSION AND AUGER ELECTRONS   2.70E-01
 ALL NEGLECTED BETAS, INT. CONVERSION AND AUGER ELECTRONS**  3.36E-03
 ALL LISTED RADIATIONS                                       1.50E+00
 ALL NEGLECTED RADIATIONS**                                  2.25E-02
 
 *  AVERAGE ENERGY (MEV)
 ** EACH NEGLECTED TRANSITION CONTRIBUTES LESS THAN  0.100%
    TO THE TOTAL MEV/TRANSFORMATION FOR THIS CATEGORY.
 TOTAL FEEDING OF GROUND STATE LEVEL IN 154-GADOLINIUM
   DAUGHTER IS 9.9980E-01 PER TRANSFORMATION OF 154-EUROPIUM.
   THIS DAUGHTER GROUND STATE IS STABLE.
 TOTAL FEEDING OF GROUND STATE LEVEL IN 154-SAMARIUM
   DAUGHTER IS 2.0000E-04 PER TRANSFORMATION OF 154-EUROPIUM.
   THIS DAUGHTER GROUND STATE IS STABLE.
