 152-EUROPIUM-63         HALFLIFE = 13.537 YEARS   

  MODES OF DECAY: ELECTRON CAPTURE, BETA PLUS, BETA MINUS
 
                                    MEAN
                                    NUMBER/                  MEV/
                               ID   TRANSFOR-   ENERGY       TRANSFOR-
        TYPE OF RADIATION      NO.  MATION      (MEV)        MATION

 GAMMA-RAY                      1   2.87E-01    1.218E-01    3.49E-02
 K CONV. ELECTRON, GAMMA-RAY    1   1.94E-01    7.491E-02    1.45E-02
 L1 CONV. ELECTRON, GAMMA-RAY   1   1.83E-02    1.141E-01    2.09E-03
 L2 CONV. ELECTRON, GAMMA-RAY   1   4.54E-02    1.145E-01    5.20E-03
 L3 CONV. ELECTRON, GAMMA-RAY   1   4.48E-02    1.151E-01    5.16E-03
 M CONV. ELECTRON, GAMMA-RAY    1   2.51E-02    1.204E-01*   3.02E-03
 N+ CONV. ELECTRON, GAMMA-RAY   1   6.56E-03    1.218E-01*   7.99E-04
 GAMMA-RAY                     11   7.61E-02    2.447E-01    1.86E-02
 K CONV. ELECTRON, GAMMA-RAY   11   6.16E-03    1.978E-01    1.22E-03
 L1 CONV. ELECTRON, GAMMA-RAY  11   6.67E-04    2.370E-01    1.58E-04
 GAMMA-RAY                     16   4.48E-03    2.959E-01    1.33E-03
 GAMMA-RAY                     35   2.83E-02    4.440E-01    1.26E-02
 GAMMA-RAY                     36   3.28E-03    4.440E-01    1.45E-03
 GAMMA-RAY                     39   4.20E-03    4.887E-01    2.05E-03
 GAMMA-RAY                     48   4.91E-03    5.640E-01    2.77E-03
 GAMMA-RAY                     60   8.59E-03    6.887E-01    5.92E-03
 K CONV. ELECTRON, GAMMA-RAY   60   3.18E-04    6.418E-01    2.04E-04
 GAMMA-RAY                     63   2.79E-03    7.193E-01    2.01E-03
 GAMMA-RAY                     70   3.21E-03    8.105E-01    2.60E-03
 GAMMA-RAY                     72   1.66E-03    8.416E-01    1.40E-03
 GAMMA-RAY                     73   4.26E-02    8.674E-01    3.69E-02
 GAMMA-RAY                     77   4.28E-03    9.193E-01    3.93E-03
 GAMMA-RAY                     78   2.78E-03    9.263E-01    2.58E-03
 GAMMA-RAY                     80   1.35E-03    9.634E-01    1.30E-03
 GAMMA-RAY                     81   1.46E-01    9.641E-01    1.41E-01
 K CONV. ELECTRON, GAMMA-RAY   81   3.38E-04    9.172E-01    3.10E-04
 GAMMA-RAY                     84   6.48E-03    1.005E+00    6.51E-03
 GAMMA-RAY                     85   2.47E-03    1.084E+00    2.68E-03
 GAMMA-RAY                     86   1.02E-01    1.086E+00    1.11E-01
 K CONV. ELECTRON, GAMMA-RAY   86   1.83E-04    1.039E+00    1.90E-04
 GAMMA-RAY                     87   1.37E-01    1.112E+00    1.52E-01
 K CONV. ELECTRON, GAMMA-RAY   87   2.35E-04    1.065E+00    2.51E-04
 GAMMA-RAY                     90   1.43E-02    1.213E+00    1.73E-02
 GAMMA-RAY                     91   1.89E-03    1.250E+00    2.36E-03
 GAMMA-RAY                     92   1.06E-03    1.293E+00    1.36E-03
 GAMMA-RAY                     96   2.11E-01    1.408E+00    2.97E-01
 K CONV. ELECTRON, GAMMA-RAY   96   1.03E-04    1.361E+00    1.41E-04
 GAMMA-RAY                     97   5.03E-03    1.458E+00    7.34E-03
 GAMMA-RAY                     99   2.82E-03    1.528E+00    4.31E-03
 K -L2 X-RAY                        2.12E-01    3.956E-02    8.37E-03
 K -L3 X-RAY                        3.83E-01    4.017E-02    1.54E-02
 K -M2 X-RAY                        3.84E-02    4.534E-02    1.74E-03
 K -M3 X-RAY                        7.42E-02    4.547E-02    3.38E-03
 AUGER KLL                          3.65E-02    3.252E-02*   1.19E-03
 AUGER KLX                          1.78E-02    3.844E-02*   6.84E-04
 AUGER LMM                          5.49E-01    4.460E-03*   2.45E-03
 AUGER LMX                          1.88E-01    5.510E-03*   1.03E-03
 AUGER MNN                          1.48E+00    8.038E-04*   1.19E-03
 CK NNX                             4.30E+00    1.067E-04*   4.59E-04
 BETA MINUS                     2   1.82E-02    4.737E-02*   8.63E-04
 BETA MINUS                     5   2.43E-02    1.123E-01*   2.73E-03
 BETA MINUS                     9   1.38E-01    2.216E-01*   3.06E-02
 BETA MINUS                    10   2.61E-03    2.268E-01*   5.91E-04
 BETA MINUS                    11   3.16E-03    2.950E-01*   9.31E-04
 BETA MINUS                    12   9.02E-03    3.646E-01*   3.29E-03
 BETA MINUS                    13   8.12E-02    5.353E-01*   4.34E-02
 GAMMA-RAY                      8   2.66E-01    3.443E-01    9.14E-02
 K CONV. ELECTRON, GAMMA-RAY    8   8.26E-03    2.940E-01    2.43E-03
 L1 CONV. ELECTRON, GAMMA-RAY   8   9.57E-04    3.359E-01    3.21E-04
 L2 CONV. ELECTRON, GAMMA-RAY   8   5.23E-04    3.363E-01    1.76E-04
 M CONV. ELECTRON, GAMMA-RAY    8   4.12E-04    3.427E-01*   1.41E-04
 GAMMA-RAY                     10   8.62E-03    3.678E-01    3.17E-03
 GAMMA-RAY                     12   2.24E-02    4.111E-01    9.20E-03
 K CONV. ELECTRON, GAMMA-RAY   12   4.26E-04    3.608E-01    1.54E-04
 GAMMA-RAY                     22   4.60E-03    5.863E-01    2.70E-03
 GAMMA-RAY                     25   4.72E-03    6.786E-01    3.20E-03
 GAMMA-RAY                     29   2.15E-03    7.649E-01    1.65E-03
 GAMMA-RAY                     30   1.30E-01    7.789E-01    1.01E-01
 K CONV. ELECTRON, GAMMA-RAY   30   2.06E-04    7.286E-01    1.50E-04
 GAMMA-RAY                     36   1.73E-02    1.090E+00    1.88E-02
 GAMMA-RAY                     37   1.86E-03    1.109E+00    2.06E-03
 GAMMA-RAY                     40   1.63E-02    1.299E+00    2.11E-02
 
 ALL LISTED X-RAYS, GAMMA-RAYS AND ANNIHILATION RADIATION    1.16E+00
 ALL NEGLECTED X-RAYS, GAMMA-RAYS AND ANNIH. RADIATION**     1.93E-02
 ALL LISTED BETAS, INTERNAL CONVERSION AND AUGER ELECTRONS   1.26E-01
 ALL NEGLECTED BETAS, INT. CONVERSION AND AUGER ELECTRONS**  2.48E-03
 ALL LISTED RADIATIONS                                       1.28E+00
 ALL NEGLECTED RADIATIONS**                                  2.17E-02
 
 *  AVERAGE ENERGY (MEV)
 ** EACH NEGLECTED TRANSITION CONTRIBUTES LESS THAN  0.100%
    TO THE TOTAL MEV/TRANSFORMATION FOR THIS CATEGORY.
 TOTAL FEEDING OF GROUND STATE LEVEL IN 152-SAMARIUM
   DAUGHTER IS 7.2100E-01 PER TRANSFORMATION OF 152-EUROPIUM.
   THIS DAUGHTER GROUND STATE IS STABLE.
 TOTAL FEEDING OF GROUND STATE LEVEL IN 152-GADOLINIUM
   DAUGHTER IS 2.7900E-01 PER TRANSFORMATION OF 152-EUROPIUM.
   DECAY OF THIS 0.108E+15 YEARS HALFLIFE LEVEL WILL CONTRIBUTE TO DOSE.
