 145-EUROPIUM-63         HALFLIFE = 5.93 DAYS    

  MODES OF DECAY: ELECTRON CAPTURE, BETA PLUS
 
                                    MEAN
                                    NUMBER/                  MEV/
                               ID   TRANSFOR-   ENERGY       TRANSFOR-
        TYPE OF RADIATION      NO.  MATION      (MEV)        MATION

 BETA PLUS                      1   6.73E-03    3.441E-01*   2.31E-03
 BETA PLUS                      2   1.37E-02    7.392E-01*   1.02E-02
 ANNIHILATION RADIATION             4.09E-02    5.110E-01    2.09E-02
 GAMMA-RAY                      2   1.92E-02    1.109E-01    2.13E-03
 K CONV. ELECTRON, GAMMA-RAY    2   1.78E-02    6.407E-02    1.14E-03
 L1 CONV. ELECTRON, GAMMA-RAY   2   1.81E-03    1.032E-01    1.87E-04
 L2 CONV. ELECTRON, GAMMA-RAY   2   3.77E-03    1.036E-01    3.90E-04
 L3 CONV. ELECTRON, GAMMA-RAY   2   3.79E-03    1.042E-01    3.95E-04
 M CONV. ELECTRON, GAMMA-RAY    2   2.16E-03    1.095E-01*   2.37E-04
 N+ CONV. ELECTRON, GAMMA-RAY   2   5.66E-04    1.109E-01*   6.28E-05
 K CONV. ELECTRON, GAMMA-RAY    9   1.41E-03    1.445E-01    2.04E-04
 L1 CONV. ELECTRON, GAMMA-RAY   9   1.83E-04    1.837E-01    3.37E-05
 GAMMA-RAY                     46   4.47E-02    5.426E-01    2.42E-02
 K CONV. ELECTRON, GAMMA-RAY   46   1.39E-04    4.957E-01    6.87E-05
 GAMMA-RAY                     55   1.50E-01    6.535E-01    9.83E-02
 K CONV. ELECTRON, GAMMA-RAY   55   3.12E-04    6.066E-01    1.89E-04
 GAMMA-RAY                     58   2.35E-03    7.135E-01    1.67E-03
 GAMMA-RAY                     63   1.68E-02    7.647E-01    1.29E-02
 K CONV. ELECTRON, GAMMA-RAY   63   1.10E-04    7.179E-01    7.88E-05
 GAMMA-RAY                     68   6.57E-01    8.937E-01    5.87E-01
 K CONV. ELECTRON, GAMMA-RAY   68   1.77E-03    8.469E-01    1.50E-03
 L1 CONV. ELECTRON, GAMMA-RAY  68   2.16E-04    8.860E-01    1.91E-04
 M CONV. ELECTRON, GAMMA-RAY   68   5.52E-05    8.923E-01*   4.92E-05
 GAMMA-RAY                     80   4.34E-03    1.079E+00    4.68E-03
 GAMMA-RAY                     82   1.21E-03    1.240E+00    1.50E-03
 GAMMA-RAY                     85   3.61E-03    1.423E+00    5.14E-03
 GAMMA-RAY                     87   3.42E-03    1.532E+00    5.23E-03
 GAMMA-RAY                     91   1.49E-01    1.659E+00    2.47E-01
 K CONV. ELECTRON, GAMMA-RAY   91   1.26E-04    1.612E+00    2.03E-04
 L1 CONV. ELECTRON, GAMMA-RAY  91   1.54E-05    1.651E+00    2.55E-05
 GAMMA-RAY                     93   1.07E-02    1.804E+00    1.93E-02
 GAMMA-RAY                     95   3.94E-03    1.858E+00    7.32E-03
 GAMMA-RAY                     96   1.33E-02    1.877E+00    2.50E-02
 GAMMA-RAY                     98   9.66E-04    1.973E+00    1.91E-03
 GAMMA-RAY                     99   7.16E-02    1.997E+00    1.43E-01
 K CONV. ELECTRON, GAMMA-RAY   99   5.05E-05    1.950E+00    9.85E-05
 GAMMA-RAY                    102   2.20E-03    2.133E+00    4.70E-03
 GAMMA-RAY                    103   1.20E-03    2.155E+00    2.58E-03
 GAMMA-RAY                    105   1.06E-03    2.277E+00    2.41E-03
 GAMMA-RAY                    107   1.89E-03    2.329E+00    4.39E-03
 GAMMA-RAY                    109   1.96E-03    2.346E+00    4.61E-03
 GAMMA-RAY                    113   1.35E-03    2.426E+00    3.27E-03
 K -L2 X-RAY                        2.24E-01    3.956E-02    8.87E-03
 K -L3 X-RAY                        4.06E-01    4.017E-02    1.63E-02
 K -M2 X-RAY                        4.07E-02    4.534E-02    1.84E-03
 K -M3 X-RAY                        7.87E-02    4.547E-02    3.58E-03
 AUGER KLL                          3.87E-02    3.252E-02*   1.26E-03
 AUGER KLX                          1.89E-02    3.844E-02*   7.25E-04
 AUGER KXY                          2.20E-03    4.437E-02*   9.78E-05
 CK LLX                             1.32E-01    5.093E-04*   6.72E-05
 AUGER LMM                          5.28E-01    4.459E-03*   2.36E-03
 AUGER LMX                          1.81E-01    5.509E-03*   9.95E-04
 AUGER LXY                          1.54E-02    6.593E-03*   1.02E-04
 CK MMX                             6.62E-01    1.689E-04*   1.12E-04
 AUGER MNN                          1.42E+00    8.038E-04*   1.14E-03
 AUGER MNX                          9.08E-02    9.740E-04*   8.85E-05
 CK NNX                             4.14E+00    1.067E-04*   4.42E-04
 AUGER NXY                          6.34E-01    9.430E-05*   5.97E-05
 
 ALL LISTED X-RAYS, GAMMA-RAYS AND ANNIHILATION RADIATION    1.26E+00
 ALL NEGLECTED X-RAYS, GAMMA-RAYS AND ANNIH. RADIATION**     1.94E-02
 ALL LISTED BETAS, INTERNAL CONVERSION AND AUGER ELECTRONS   2.50E-02
 ALL NEGLECTED BETAS, INT. CONVERSION AND AUGER ELECTRONS**  4.17E-04
 ALL LISTED RADIATIONS                                       1.29E+00
 ALL NEGLECTED RADIATIONS**                                  1.98E-02
 
 *  AVERAGE ENERGY (MEV)
 ** EACH NEGLECTED TRANSITION CONTRIBUTES LESS THAN  0.100%
    TO THE TOTAL MEV/TRANSFORMATION FOR THIS CATEGORY.
 TOTAL FEEDING OF GROUND STATE LEVEL IN 145-SAMARIUM
   DAUGHTER IS 1.0000E+00 PER TRANSFORMATION OF 145-EUROPIUM.
   DECAY OF THIS 340 DAYS HALFLIFE LEVEL WILL CONTRIBUTE TO DOSE.
