 152M-EUROPIUM-63        HALFLIFE = 9.3116 HOURS   

  MODES OF DECAY: BETA MINUS, ELECTRON CAPTURE, BETA PLUS
 
                                    MEAN
                                    NUMBER/                  MEV/
                               ID   TRANSFOR-   ENERGY       TRANSFOR-
        TYPE OF RADIATION      NO.  MATION      (MEV)        MATION

 BETA MINUS                     3   1.57E-02    1.687E-01*   2.64E-03
 BETA MINUS                     5   1.66E-02    5.539E-01*   9.17E-03
 BETA MINUS                     6   6.86E-01    7.039E-01*   4.83E-01
 GAMMA-RAY                      5   2.38E-02    3.443E-01    8.20E-03
 GAMMA-RAY                     12   7.00E-04    6.993E-01    4.89E-04
 GAMMA-RAY                     13   6.60E-04    7.035E-01    4.64E-04
 GAMMA-RAY                     18   5.89E-03    9.704E-01    5.71E-03
 GAMMA-RAY                     22   9.32E-03    1.315E+00    1.23E-02
 GAMMA-RAY                     23   4.41E-04    1.412E+00    6.22E-04
 GAMMA-RAY                      1   7.00E-02    1.218E-01    8.52E-03
 K CONV. ELECTRON, GAMMA-RAY    1   4.74E-02    7.490E-02    3.55E-03
 L1 CONV. ELECTRON, GAMMA-RAY   1   4.47E-03    1.141E-01    5.10E-04
 L2 CONV. ELECTRON, GAMMA-RAY   1   1.11E-02    1.145E-01    1.27E-03
 L3 CONV. ELECTRON, GAMMA-RAY   1   1.10E-02    1.151E-01    1.26E-03
 M CONV. ELECTRON, GAMMA-RAY    1   6.13E-03    1.204E-01*   7.38E-04
 GAMMA-RAY                     15   2.20E-03    5.629E-01    1.24E-03
 GAMMA-RAY                     18   6.49E-04    6.887E-01    4.47E-04
 GAMMA-RAY                     24   1.42E-01    8.416E-01    1.19E-01
 GAMMA-RAY                     25   8.80E-04    8.701E-01    7.66E-04
 GAMMA-RAY                     27   1.98E-03    9.611E-01    1.91E-03
 GAMMA-RAY                     28   1.17E-01    9.634E-01    1.12E-01
 GAMMA-RAY                     29   6.80E-04    9.959E-01    6.77E-04
 GAMMA-RAY                     36   7.48E-03    1.389E+00    1.04E-02
 K -L2 X-RAY                        7.49E-02    3.956E-02    2.96E-03
 K -L3 X-RAY                        1.36E-01    4.017E-02    5.44E-03
 K -M2 X-RAY                        1.36E-02    4.534E-02    6.16E-04
 K -M3 X-RAY                        2.63E-02    4.547E-02    1.19E-03
 AUGER LMM                          1.87E-01    4.459E-03*   8.35E-04
 
 ALL LISTED X-RAYS, GAMMA-RAYS AND ANNIHILATION RADIATION    2.93E-01
 ALL NEGLECTED X-RAYS, GAMMA-RAYS AND ANNIH. RADIATION**     2.85E-03
 ALL LISTED BETAS, INTERNAL CONVERSION AND AUGER ELECTRONS   5.03E-01
 ALL NEGLECTED BETAS, INT. CONVERSION AND AUGER ELECTRONS**  3.20E-03
 ALL LISTED RADIATIONS                                       7.96E-01
 ALL NEGLECTED RADIATIONS**                                  6.05E-03
 
 *  AVERAGE ENERGY (MEV)
 ** EACH NEGLECTED TRANSITION CONTRIBUTES LESS THAN  0.100%
    TO THE TOTAL MEV/TRANSFORMATION FOR THIS CATEGORY.
 TOTAL FEEDING OF GROUND STATE LEVEL IN 152-GADOLINIUM
   DAUGHTER IS 7.2000E-01  PER TRANSFORMATION OF 152M-EUROPIUM.
   DECAY OF THIS 0.108E+15 YEARS HALFLIFE LEVEL WILL CONTRIBUTE TO DOSE.
 TOTAL FEEDING OF GROUND STATE LEVEL IN 152-SAMARIUM
   DAUGHTER IS 2.8000E-01  PER TRANSFORMATION OF 152M-EUROPIUM.
   THIS DAUGHTER GROUND STATE IS STABLE.
