 147-EUROPIUM-63         HALFLIFE = 24.1 DAYS    

  MODES OF DECAY: ELECTRON CAPTURE, BETA PLUS, ALPHA
 
                                    MEAN
                                    NUMBER/                  MEV/
                               ID   TRANSFOR-   ENERGY       TRANSFOR-
        TYPE OF RADIATION      NO.  MATION      (MEV)        MATION

 BETA PLUS                      1   9.08E-04    2.417E-01*   2.20E-04
 BETA PLUS                      2   1.40E-03    2.751E-01*   3.84E-04
 BETA PLUS                      3   1.30E-03    3.283E-01*   4.26E-04
 ANNIHILATION RADIATION             7.21E-03    5.110E-01    3.68E-03
 GAMMA-RAY                      1   9.12E-03    7.607E-02    6.93E-04
 K CONV. ELECTRON, GAMMA-RAY    1   2.71E-02    2.920E-02    7.91E-04
 L1 CONV. ELECTRON, GAMMA-RAY   1   3.26E-03    6.837E-02    2.23E-04
 L2 CONV. ELECTRON, GAMMA-RAY   1   4.08E-03    6.875E-02    2.81E-04
 L3 CONV. ELECTRON, GAMMA-RAY   1   4.38E-03    6.937E-02    3.04E-04
 M CONV. ELECTRON, GAMMA-RAY    1   2.68E-03    7.467E-02*   2.00E-04
 N+ CONV. ELECTRON, GAMMA-RAY   1   7.09E-04    7.607E-02*   5.39E-05
 GAMMA-RAY                      2   2.29E-01    1.212E-01    2.78E-02
 K CONV. ELECTRON, GAMMA-RAY    2   1.91E-01    7.434E-02    1.42E-02
 L1 CONV. ELECTRON, GAMMA-RAY   2   2.44E-02    1.135E-01    2.77E-03
 L2 CONV. ELECTRON, GAMMA-RAY   2   5.42E-03    1.139E-01    6.18E-04
 L3 CONV. ELECTRON, GAMMA-RAY   2   3.93E-03    1.145E-01    4.50E-04
 M CONV. ELECTRON, GAMMA-RAY    2   7.39E-03    1.198E-01*   8.85E-04
 N+ CONV. ELECTRON, GAMMA-RAY   2   2.02E-03    1.212E-01*   2.45E-04
 GAMMA-RAY                      4   2.65E-01    1.973E-01    5.23E-02
 K CONV. ELECTRON, GAMMA-RAY    4   4.15E-02    1.504E-01    6.24E-03
 L1 CONV. ELECTRON, GAMMA-RAY   4   4.32E-03    1.896E-01    8.19E-04
 L2 CONV. ELECTRON, GAMMA-RAY   4   4.72E-03    1.900E-01    8.96E-04
 L3 CONV. ELECTRON, GAMMA-RAY   4   3.97E-03    1.906E-01    7.56E-04
 M CONV. ELECTRON, GAMMA-RAY    4   2.96E-03    1.959E-01*   5.81E-04
 N+ CONV. ELECTRON, GAMMA-RAY   4   7.85E-04    1.973E-01*   1.55E-04
 GAMMA-RAY                     25   5.88E-02    6.015E-01    3.54E-02
 K CONV. ELECTRON, GAMMA-RAY   25   6.99E-04    5.546E-01    3.88E-04
 L1 CONV. ELECTRON, GAMMA-RAY  25   8.93E-05    5.937E-01    5.30E-05
 GAMMA-RAY                     27   9.78E-02    6.775E-01    6.62E-02
 K CONV. ELECTRON, GAMMA-RAY   27   7.98E-04    6.306E-01    5.03E-04
 L1 CONV. ELECTRON, GAMMA-RAY  27   1.01E-04    6.698E-01    6.78E-05
 GAMMA-RAY                     31   2.60E-03    7.499E-01    1.95E-03
 GAMMA-RAY                     32   4.85E-02    7.987E-01    3.87E-02
 K CONV. ELECTRON, GAMMA-RAY   32   1.67E-04    7.519E-01    1.25E-04
 GAMMA-RAY                     35   6.92E-04    8.462E-01    5.85E-04
 GAMMA-RAY                     36   2.70E-02    8.569E-01    2.32E-02
 GAMMA-RAY                     38   1.96E-03    8.798E-01    1.73E-03
 GAMMA-RAY                     40   3.44E-02    9.330E-01    3.21E-02
 GAMMA-RAY                     41   1.85E-03    9.422E-01    1.75E-03
 GAMMA-RAY                     42   3.84E-02    9.558E-01    3.67E-02
 K CONV. ELECTRON, GAMMA-RAY   42   1.47E-04    9.090E-01    1.34E-04
 GAMMA-RAY                     48   7.29E-04    1.059E+00    7.72E-04
 GAMMA-RAY                     49   1.56E-03    1.063E+00    1.66E-03
 GAMMA-RAY                     50   6.15E-02    1.077E+00    6.62E-02
 K CONV. ELECTRON, GAMMA-RAY   50   1.80E-04    1.030E+00    1.85E-04
 GAMMA-RAY                     52   1.83E-03    1.120E+00    2.05E-03
 GAMMA-RAY                     56   1.83E-03    1.180E+00    2.16E-03
 GAMMA-RAY                     57   2.60E-03    1.197E+00    3.11E-03
 GAMMA-RAY                     58   7.68E-04    1.252E+00    9.62E-04
 GAMMA-RAY                     59   9.09E-03    1.256E+00    1.14E-02
 GAMMA-RAY                     60   4.93E-04    1.275E+00    6.28E-04
 GAMMA-RAY                     61   1.43E-03    1.318E+00    1.89E-03
 GAMMA-RAY                     63   3.29E-03    1.332E+00    4.38E-03
 GAMMA-RAY                     64   1.38E-03    1.350E+00    1.86E-03
 GAMMA-RAY                     65   1.17E-03    1.427E+00    1.67E-03
 GAMMA-RAY                     66   2.17E-03    1.449E+00    3.15E-03
 K -L2 X-RAY                        2.91E-01    3.956E-02    1.15E-02
 K -L3 X-RAY                        5.27E-01    4.017E-02    2.12E-02
 K -M2 X-RAY                        5.28E-02    4.534E-02    2.40E-03
 K -M3 X-RAY                        1.02E-01    4.547E-02    4.65E-03
 K -N2 X-RAY                        1.15E-02    4.660E-02    5.34E-04
 K -N3 X-RAY                        2.22E-02    4.663E-02    1.04E-03
 AUGER KLL                          5.03E-02    3.252E-02*   1.64E-03
 AUGER KLX                          2.45E-02    3.844E-02*   9.42E-04
 AUGER KXY                          2.86E-03    4.437E-02*   1.27E-04
 CK LLX                             1.71E-01    5.080E-04*   8.67E-05
 AUGER LMM                          6.93E-01    4.459E-03*   3.09E-03
 AUGER LMX                          2.37E-01    5.509E-03*   1.31E-03
 AUGER LXY                          2.02E-02    6.592E-03*   1.33E-04
 CK MMX                             8.67E-01    1.690E-04*   1.47E-04
 AUGER MNN                          1.86E+00    8.038E-04*   1.50E-03
 AUGER MNX                          1.19E-01    9.738E-04*   1.16E-04
 CK NNX                             5.43E+00    1.067E-04*   5.79E-04
 AUGER NXY                          8.31E-01    9.426E-05*   7.84E-05
 ALPHA                          1   2.20E-05    2.909E+00    6.40E-05
 RECOIL ATOM                        2.20E-05    8.141E-02    1.79E-06
 
 ALL LISTED X-RAYS, GAMMA-RAYS AND ANNIHILATION RADIATION    4.66E-01
 ALL NEGLECTED X-RAYS, GAMMA-RAYS AND ANNIH. RADIATION**     5.99E-03
 ALL LISTED BETAS, INTERNAL CONVERSION AND AUGER ELECTRONS   4.27E-02
 ALL NEGLECTED BETAS, INT. CONVERSION AND AUGER ELECTRONS**  3.81E-04
 ALL LISTED ALPHA PARTICLES AND  RECOIL NUCLEI               6.58E-05
 ALL LISTED RADIATIONS                                       5.09E-01
 ALL NEGLECTED RADIATIONS**                                  6.37E-03
 
 *  AVERAGE ENERGY (MEV)
 ** EACH NEGLECTED TRANSITION CONTRIBUTES LESS THAN  0.100%
    TO THE TOTAL MEV/TRANSFORMATION FOR THIS CATEGORY.
 TOTAL FEEDING OF GROUND STATE LEVEL IN 147-SAMARIUM
   DAUGHTER IS 9.9998E-01 PER TRANSFORMATION OF 147-EUROPIUM.
   DECAY OF THIS 0.106E+12 YEARS HALFLIFE LEVEL WILL CONTRIBUTE TO DOSE.
 TOTAL FEEDING OF GROUND STATE LEVEL IN 143-PROMETHIUM
   DAUGHTER IS 2.2000E-05 PER TRANSFORMATION OF 147-EUROPIUM.
   DECAY OF THIS 265 DAYS HALFLIFE LEVEL WILL CONTRIBUTE TO DOSE.
