 59-IRON-26              HALFLIFE = 44.495 DAYS    

  MODE OF DECAY: BETA MINUS
 
                                    MEAN
                                    NUMBER/                  MEV/
                               ID   TRANSFOR-   ENERGY       TRANSFOR-
        TYPE OF RADIATION      NO.  MATION      (MEV)        MATION

 BETA MINUS                     2   1.31E-02    3.574E-02*   4.68E-04
 BETA MINUS                     3   4.53E-01    8.101E-02*   3.67E-02
 BETA MINUS                     4   5.31E-01    1.493E-01*   7.93E-02
 BETA MINUS                     5   1.80E-03    6.356E-01*   1.14E-03
 GAMMA-RAY                      1   1.02E-02    1.427E-01    1.46E-03
 GAMMA-RAY                      3   3.08E-02    1.923E-01    5.92E-03
 GAMMA-RAY                      6   5.65E-01    1.099E+00    6.21E-01
 GAMMA-RAY                      7   4.32E-01    1.292E+00    5.58E-01
 
 ALL LISTED X-RAYS, GAMMA-RAYS AND ANNIHILATION RADIATION    1.19E+00
 ALL NEGLECTED X-RAYS, GAMMA-RAYS AND ANNIH. RADIATION**     1.85E-03
 ALL LISTED BETAS, INTERNAL CONVERSION AND AUGER ELECTRONS   1.18E-01
 ALL NEGLECTED BETAS, INT. CONVERSION AND AUGER ELECTRONS**  2.68E-04
 ALL LISTED RADIATIONS                                       1.30E+00
 ALL NEGLECTED RADIATIONS**                                  2.12E-03
 
 *  AVERAGE ENERGY (MEV)
 ** EACH NEGLECTED TRANSITION CONTRIBUTES LESS THAN  0.100%
    TO THE TOTAL MEV/TRANSFORMATION FOR THIS CATEGORY.
 TOTAL FEEDING OF GROUND STATE LEVEL IN 59-COBALT
   DAUGHTER IS 1.0000E+00 PER TRANSFORMATION OF  59-IRON.
   THIS DAUGHTER GROUND STATE IS STABLE.
