 52-IRON-26              HALFLIFE = 8.275 HOURS   

  MODES OF DECAY: ELECTRON CAPTURE, BETA PLUS
 
                                    MEAN
                                    NUMBER/                  MEV/
                               ID   TRANSFOR-   ENERGY       TRANSFOR-
        TYPE OF RADIATION      NO.  MATION      (MEV)        MATION

 BETA PLUS                      1   5.55E-01    3.399E-01*   1.89E-01
 ANNIHILATION RADIATION             1.11E+00    5.110E-01    5.67E-01
 GAMMA-RAY                      1   9.92E-01    1.687E-01    1.67E-01
 K CONV. ELECTRON, GAMMA-RAY    1   7.05E-03    1.622E-01    1.14E-03
 GAMMA-RAY                      4   9.51E-04    1.040E+00    9.89E-04
 GAMMA-RAY                      6   2.11E-03    1.728E+00    3.65E-03
 AUGER KLL                          2.23E-01    5.151E-03*   1.15E-03
 AUGER KLX                          5.39E-02    5.762E-03*   3.11E-04
 AUGER LMM                          6.40E-01    5.594E-04*   3.58E-04
 
 ALL LISTED X-RAYS, GAMMA-RAYS AND ANNIHILATION RADIATION    7.39E-01
 ALL NEGLECTED X-RAYS, GAMMA-RAYS AND ANNIH. RADIATION**     1.65E-03
 ALL LISTED BETAS, INTERNAL CONVERSION AND AUGER ELECTRONS   1.92E-01
 ALL NEGLECTED BETAS, INT. CONVERSION AND AUGER ELECTRONS**  1.95E-04
 ALL LISTED RADIATIONS                                       9.30E-01
 ALL NEGLECTED RADIATIONS**                                  1.85E-03
 
 *  AVERAGE ENERGY (MEV)
 ** EACH NEGLECTED TRANSITION CONTRIBUTES LESS THAN  0.100%
    TO THE TOTAL MEV/TRANSFORMATION FOR THIS CATEGORY.
 TOTAL FEEDING OF 0.377749 MEV ISOMERIC LEVEL IN  52-MANGANESE   
   DAUGHTER IS 1.0004E+00 PER TRANSFORMATION OF  52-IRON.
   DECAY OF THIS 21.1 MINUTES HALFLIFE LEVEL WILL CONTRIBUTE TO DOSE.
