 66-GALLIUM-31           HALFLIFE = 9.49 HOURS   

  MODES OF DECAY: ELECTRON CAPTURE, BETA PLUS
 
                                    MEAN
                                    NUMBER/                  MEV/
                               ID   TRANSFOR-   ENERGY       TRANSFOR-
        TYPE OF RADIATION      NO.  MATION      (MEV)        MATION

 BETA PLUS                      3   9.57E-03    1.570E-01*   1.50E-03
 BETA PLUS                      7   7.01E-03    3.311E-01*   2.32E-03
 BETA PLUS                      8   3.76E-02    3.971E-01*   1.49E-02
 BETA PLUS                     11   3.22E-03    7.814E-01*   2.51E-03
 BETA PLUS                     12   4.93E-01    1.903E+00*   9.39E-01
 ANNIHILATION RADIATION             1.11E+00    5.110E-01    5.65E-01
 GAMMA-RAY                     32   5.89E-02    8.335E-01    4.91E-02
 GAMMA-RAY                     50   3.69E-01    1.039E+00    3.83E-01
 GAMMA-RAY                     61   5.09E-03    1.232E+00    6.27E-03
 GAMMA-RAY                     67   1.20E-02    1.333E+00    1.60E-02
 GAMMA-RAY                     68   3.62E-03    1.356E+00    4.90E-03
 GAMMA-RAY                     72   6.20E-03    1.419E+00    8.80E-03
 GAMMA-RAY                     77   5.61E-03    1.508E+00    8.46E-03
 GAMMA-RAY                     92   4.17E-03    1.899E+00    7.92E-03
 GAMMA-RAY                     93   2.08E-02    1.918E+00    4.00E-02
 GAMMA-RAY                    101   5.58E-02    2.190E+00    1.22E-01
 GAMMA-RAY                    102   1.37E-03    2.213E+00    3.04E-03
 GAMMA-RAY                    106   2.45E-03    2.393E+00    5.85E-03
 GAMMA-RAY                    107   1.92E-02    2.423E+00    4.66E-02
 GAMMA-RAY                    116   2.33E-01    2.752E+00    6.41E-01
 GAMMA-RAY                    117   1.28E-03    2.780E+00    3.55E-03
 GAMMA-RAY                    121   2.20E-03    2.933E+00    6.45E-03
 GAMMA-RAY                    127   1.55E-02    3.229E+00    4.99E-02
 GAMMA-RAY                    128   1.07E-03    3.256E+00    3.47E-03
 GAMMA-RAY                    130   1.49E-02    3.381E+00    5.04E-02
 GAMMA-RAY                    131   8.71E-03    3.422E+00    2.98E-02
 GAMMA-RAY                    132   2.97E-03    3.432E+00    1.02E-02
 GAMMA-RAY                    134   1.51E-03    3.767E+00    5.70E-03
 GAMMA-RAY                    135   1.11E-02    3.791E+00    4.21E-02
 GAMMA-RAY                    137   1.30E-02    4.086E+00    5.31E-02
 GAMMA-RAY                    138   4.04E-02    4.295E+00    1.74E-01
 GAMMA-RAY                    139   8.41E-03    4.461E+00    3.75E-02
 GAMMA-RAY                    140   1.82E-02    4.806E+00    8.73E-02
 AUGER KLL                          1.66E-01    7.487E-03*   1.24E-03
 
 ALL LISTED X-RAYS, GAMMA-RAYS AND ANNIHILATION RADIATION    2.46E+00
 ALL NEGLECTED X-RAYS, GAMMA-RAYS AND ANNIH. RADIATION**     3.33E-02
 ALL LISTED BETAS, INTERNAL CONVERSION AND AUGER ELECTRONS   9.62E-01
 ALL NEGLECTED BETAS, INT. CONVERSION AND AUGER ELECTRONS**  1.78E-03
 ALL LISTED RADIATIONS                                       3.42E+00
 ALL NEGLECTED RADIATIONS**                                  3.51E-02
 
 *  AVERAGE ENERGY (MEV)
 ** EACH NEGLECTED TRANSITION CONTRIBUTES LESS THAN  0.100%
    TO THE TOTAL MEV/TRANSFORMATION FOR THIS CATEGORY.
 TOTAL FEEDING OF GROUND STATE LEVEL IN 66-ZINC
   DAUGHTER IS 1.0000E+00 PER TRANSFORMATION OF  66-GALLIUM.
   THIS DAUGHTER GROUND STATE IS STABLE.
