 68-GALLIUM-31           HALFLIFE = 67.71 MINUTES 

  MODES OF DECAY: ELECTRON CAPTURE, BETA PLUS
 
                                    MEAN
                                    NUMBER/                  MEV/
                               ID   TRANSFOR-   ENERGY       TRANSFOR-
        TYPE OF RADIATION      NO.  MATION      (MEV)        MATION

 BETA PLUS                      2   1.19E-02    3.526E-01*   4.20E-03
 BETA PLUS                      3   8.77E-01    8.358E-01*   7.33E-01
 ANNIHILATION RADIATION             1.78E+00    5.110E-01    9.09E-01
 GAMMA-RAY                      7   3.22E-02    1.077E+00    3.47E-02
 GAMMA-RAY                      9   9.43E-04    1.261E+00    1.19E-03
 GAMMA-RAY                     12   1.37E-03    1.883E+00    2.57E-03
 
 ALL LISTED X-RAYS, GAMMA-RAYS AND ANNIHILATION RADIATION    9.47E-01
 ALL NEGLECTED X-RAYS, GAMMA-RAYS AND ANNIH. RADIATION**     1.57E-03
 ALL LISTED BETAS, INTERNAL CONVERSION AND AUGER ELECTRONS   7.37E-01
 ALL NEGLECTED BETAS, INT. CONVERSION AND AUGER ELECTRONS**  5.60E-04
 ALL LISTED RADIATIONS                                       1.68E+00
 ALL NEGLECTED RADIATIONS**                                  2.13E-03
 
 *  AVERAGE ENERGY (MEV)
 ** EACH NEGLECTED TRANSITION CONTRIBUTES LESS THAN  0.100%
    TO THE TOTAL MEV/TRANSFORMATION FOR THIS CATEGORY.
 TOTAL FEEDING OF GROUND STATE LEVEL IN 68-ZINC
   DAUGHTER IS 1.0000E+00 PER TRANSFORMATION OF  68-GALLIUM.
   THIS DAUGHTER GROUND STATE IS STABLE.
