 67-GALLIUM-31           HALFLIFE = 3.2612 DAYS    

  MODE OF DECAY: ELECTRON CAPTURE
 
                                    MEAN
                                    NUMBER/                  MEV/
                               ID   TRANSFOR-   ENERGY       TRANSFOR-
        TYPE OF RADIATION      NO.  MATION      (MEV)        MATION

 GAMMA-RAY                      1   3.16E-02    9.127E-02    2.88E-03
 K CONV. ELECTRON, GAMMA-RAY    1   2.32E-03    8.164E-02    1.90E-04
 GAMMA-RAY                      2   3.92E-01    9.331E-02    3.66E-02
 K CONV. ELECTRON, GAMMA-RAY    2   2.94E-01    8.369E-02    2.46E-02
 L1 CONV. ELECTRON, GAMMA-RAY   2   2.64E-02    9.213E-02    2.44E-03
 L2 CONV. ELECTRON, GAMMA-RAY   2   4.23E-03    9.226E-02    3.90E-04
 L3 CONV. ELECTRON, GAMMA-RAY   2   6.16E-03    9.229E-02    5.69E-04
 M CONV. ELECTRON, GAMMA-RAY    2   5.43E-03    9.322E-02*   5.06E-04
 GAMMA-RAY                      3   2.12E-01    1.846E-01    3.91E-02
 K CONV. ELECTRON, GAMMA-RAY    3   3.38E-03    1.750E-01    5.91E-04
 L1 CONV. ELECTRON, GAMMA-RAY   3   3.28E-04    1.834E-01    6.02E-05
 GAMMA-RAY                      4   2.40E-02    2.090E-01    5.01E-03
 K CONV. ELECTRON, GAMMA-RAY    4   1.95E-04    1.993E-01    3.89E-05
 GAMMA-RAY                      5   1.68E-01    3.002E-01    5.04E-02
 K CONV. ELECTRON, GAMMA-RAY    5   5.99E-04    2.906E-01    1.74E-04
 GAMMA-RAY                      6   4.68E-02    3.935E-01    1.84E-02
 GAMMA-RAY                      7   6.91E-04    4.942E-01    3.41E-04
 GAMMA-RAY                      9   5.40E-04    7.944E-01    4.29E-04
 GAMMA-RAY                     10   1.49E-03    8.877E-01    1.32E-03
 K -L2 X-RAY                        1.66E-01    8.572E-03    1.43E-03
 K -L3 X-RAY                        3.24E-01    8.596E-03    2.79E-03
 K -M2 X-RAY                        2.06E-02    9.529E-03    1.96E-04
 K -M3 X-RAY                        4.02E-02    9.532E-03    3.84E-04
 AUGER KLL                          4.97E-01    7.487E-03*   3.72E-03
 AUGER KLX                          1.27E-01    8.455E-03*   1.07E-03
 AUGER KXY                          8.92E-03    9.428E-03*   8.41E-05
 AUGER LMM                          1.72E+00    9.295E-04*   1.60E-03
 CK MMX                             2.28E+00    5.679E-05*   1.30E-04
 
 ALL LISTED X-RAYS, GAMMA-RAYS AND ANNIHILATION RADIATION    1.59E-01
 ALL NEGLECTED X-RAYS, GAMMA-RAYS AND ANNIH. RADIATION**     1.96E-04
 ALL LISTED BETAS, INTERNAL CONVERSION AND AUGER ELECTRONS   3.62E-02
 ALL NEGLECTED BETAS, INT. CONVERSION AND AUGER ELECTRONS**  1.67E-04
 ALL LISTED RADIATIONS                                       1.96E-01
 ALL NEGLECTED RADIATIONS**                                  3.63E-04
 
 *  AVERAGE ENERGY (MEV)
 ** EACH NEGLECTED TRANSITION CONTRIBUTES LESS THAN  0.100%
    TO THE TOTAL MEV/TRANSFORMATION FOR THIS CATEGORY.
 TOTAL FEEDING OF GROUND STATE LEVEL IN 67-ZINC
   DAUGHTER IS 1.0000E+00 PER TRANSFORMATION OF  67-GALLIUM.
   THIS DAUGHTER GROUND STATE IS STABLE.
