 77-GERMANIUM-32         HALFLIFE = 11.3 HOURS   

  MODE OF DECAY: BETA MINUS
 
                                    MEAN
                                    NUMBER/                  MEV/
                               ID   TRANSFOR-   ENERGY       TRANSFOR-
        TYPE OF RADIATION      NO.  MATION      (MEV)        MATION

 BETA MINUS                     5   1.14E-02    1.047E-01*   1.19E-03
 BETA MINUS                     6   2.26E-02    1.090E-01*   2.46E-03
 BETA MINUS                     7   2.20E-02    1.936E-01*   4.25E-03
 BETA MINUS                     8   7.99E-02    2.369E-01*   1.89E-02
 BETA MINUS                     9   2.50E-02    2.485E-01*   6.21E-03
 BETA MINUS                    11   1.85E-02    4.360E-01*   8.06E-03
 BETA MINUS                    12   7.11E-02    4.200E-01*   2.99E-02
 BETA MINUS                    13   1.90E-03    4.760E-01*   9.03E-04
 BETA MINUS                    14   1.74E-02    4.340E-01*   7.54E-03
 BETA MINUS                    15   4.50E-02    4.648E-01*   2.09E-02
 BETA MINUS                    16   1.75E-02    4.908E-01*   8.58E-03
 BETA MINUS                    19   1.52E-03    5.342E-01*   8.11E-04
 BETA MINUS                    20   3.90E-03    5.257E-01*   2.05E-03
 BETA MINUS                    21   1.85E-01    5.837E-01*   1.08E-01
 BETA MINUS                    22   1.98E-03    5.949E-01*   1.18E-03
 BETA MINUS                    23   1.79E-03    6.429E-01*   1.15E-03
 BETA MINUS                    24   3.05E-03    7.360E-01*   2.24E-03
 BETA MINUS                    25   2.70E-03    7.422E-01*   2.00E-03
 BETA MINUS                    26   4.49E-03    7.681E-01*   3.45E-03
 BETA MINUS                    27   4.00E-03    8.377E-01*   3.35E-03
 BETA MINUS                    28   2.05E-01    8.389E-01*   1.72E-01
 BETA MINUS                    29   8.19E-03    8.605E-01*   7.05E-03
 BETA MINUS                    30   1.53E-01    9.117E-01*   1.39E-01
 BETA MINUS                    31   2.90E-02    1.011E+00*   2.93E-02
 BETA MINUS                    32   5.29E-02    1.044E+00*   5.53E-02
 BETA MINUS                    33   4.99E-03    1.054E+00*   5.26E-03
 GAMMA-RAY                      2   8.03E-03    1.564E-01    1.26E-03
 GAMMA-RAY                      5   1.77E-02    1.948E-01    3.45E-03
 GAMMA-RAY                      6   9.43E-03    2.090E-01    1.97E-03
 GAMMA-RAY                      7   3.08E-01    2.110E-01    6.51E-02
 K CONV. ELECTRON, GAMMA-RAY    7   2.01E-02    1.992E-01    4.01E-03
 GAMMA-RAY                      8   2.86E-01    2.155E-01    6.17E-02
 K CONV. ELECTRON, GAMMA-RAY    8   3.30E-03    2.037E-01    6.72E-04
 GAMMA-RAY                     11   5.39E-01    2.644E-01    1.43E-01
 K CONV. ELECTRON, GAMMA-RAY   11   3.46E-03    2.526E-01    8.75E-04
 GAMMA-RAY                     16   6.68E-03    3.387E-01    2.26E-03
 GAMMA-RAY                     19   1.40E-01    3.674E-01    5.15E-02
 GAMMA-RAY                     21   2.18E-01    4.163E-01    9.09E-02
 GAMMA-RAY                     22   1.23E-02    4.198E-01    5.16E-03
 GAMMA-RAY                     26   1.27E-02    4.614E-01    5.84E-03
 GAMMA-RAY                     28   9.92E-03    4.754E-01    4.72E-03
 GAMMA-RAY                     30   2.96E-03    5.200E-01    1.54E-03
 GAMMA-RAY                     34   1.61E-01    5.580E-01    8.96E-02
 GAMMA-RAY                     36   7.82E-03    5.825E-01    4.55E-03
 GAMMA-RAY                     39   5.07E-03    6.144E-01    3.11E-03
 GAMMA-RAY                     40   1.82E-03    6.248E-01    1.14E-03
 GAMMA-RAY                     41   6.95E-02    6.318E-01    4.39E-02
 GAMMA-RAY                     42   2.08E-02    6.344E-01    1.32E-02
 GAMMA-RAY                     48   5.34E-03    6.731E-01    3.59E-03
 GAMMA-RAY                     52   2.29E-03    6.985E-01    1.60E-03
 GAMMA-RAY                     54   8.30E-03    7.124E-01    5.91E-03
 GAMMA-RAY                     55   7.17E-02    7.143E-01    5.12E-02
 GAMMA-RAY                     57   1.77E-03    7.437E-01    1.32E-03
 GAMMA-RAY                     58   9.65E-03    7.458E-01    7.20E-03
 GAMMA-RAY                     59   8.84E-03    7.499E-01    6.63E-03
 GAMMA-RAY                     60   7.87E-03    7.667E-01    6.03E-03
 GAMMA-RAY                     62   1.01E-02    7.813E-01    7.92E-03
 GAMMA-RAY                     63   1.32E-02    7.848E-01    1.03E-02
 GAMMA-RAY                     65   2.77E-03    7.943E-01    2.20E-03
 GAMMA-RAY                     68   2.27E-02    8.104E-01    1.84E-02
 GAMMA-RAY                     70   5.98E-03    8.231E-01    4.92E-03
 GAMMA-RAY                     72   2.08E-03    8.432E-01    1.75E-03
 GAMMA-RAY                     74   7.82E-03    8.752E-01    6.84E-03
 GAMMA-RAY                     77   1.22E-03    8.965E-01    1.10E-03
 GAMMA-RAY                     78   1.21E-03    9.010E-01    1.09E-03
 GAMMA-RAY                     79   9.49E-03    9.070E-01    8.60E-03
 GAMMA-RAY                     80   3.65E-03    9.138E-01    3.34E-03
 GAMMA-RAY                     82   6.90E-03    9.231E-01    6.37E-03
 GAMMA-RAY                     84   7.17E-03    9.255E-01    6.63E-03
 GAMMA-RAY                     86   1.05E-02    9.288E-01    9.71E-03
 GAMMA-RAY                     87   2.85E-03    9.394E-01    2.67E-03
 GAMMA-RAY                    102   1.50E-03    1.062E+00    1.60E-03
 GAMMA-RAY                    103   2.41E-03    1.081E+00    2.60E-03
 GAMMA-RAY                    104   6.05E-02    1.085E+00    6.56E-02
 GAMMA-RAY                    106   1.03E-03    1.115E+00    1.15E-03
 GAMMA-RAY                    107   1.18E-03    1.125E+00    1.32E-03
 GAMMA-RAY                    110   1.95E-03    1.152E+00    2.25E-03
 GAMMA-RAY                    114   2.57E-02    1.193E+00    3.06E-02
 GAMMA-RAY                    116   1.27E-03    1.215E+00    1.55E-03
 GAMMA-RAY                    118   3.98E-03    1.242E+00    4.94E-03
 GAMMA-RAY                    119   8.46E-03    1.264E+00    1.07E-02
 GAMMA-RAY                    120   1.74E-03    1.280E+00    2.22E-03
 GAMMA-RAY                    122   8.95E-04    1.296E+00    1.16E-03
 GAMMA-RAY                    123   4.86E-03    1.309E+00    6.37E-03
 GAMMA-RAY                    124   3.58E-03    1.313E+00    4.70E-03
 GAMMA-RAY                    125   3.01E-03    1.320E+00    3.97E-03
 GAMMA-RAY                    132   3.34E-02    1.368E+00    4.57E-02
 GAMMA-RAY                    136   1.21E-03    1.453E+00    1.75E-03
 GAMMA-RAY                    140   2.42E-03    1.477E+00    3.57E-03
 GAMMA-RAY                    141   8.52E-04    1.479E+00    1.26E-03
 GAMMA-RAY                    142   1.27E-03    1.479E+00    1.88E-03
 GAMMA-RAY                    143   4.98E-03    1.496E+00    7.45E-03
 GAMMA-RAY                    145   1.42E-03    1.539E+00    2.19E-03
 GAMMA-RAY                    148   6.58E-03    1.574E+00    1.03E-02
 GAMMA-RAY                    153   3.07E-03    1.710E+00    5.24E-03
 GAMMA-RAY                    154   3.98E-03    1.720E+00    6.85E-03
 GAMMA-RAY                    156   1.48E-03    1.727E+00    2.55E-03
 GAMMA-RAY                    164   1.71E-03    1.846E+00    3.15E-03
 GAMMA-RAY                    170   5.61E-03    2.000E+00    1.12E-02
 GAMMA-RAY                    171   6.14E-04    2.038E+00    1.25E-03
 GAMMA-RAY                    172   2.33E-03    2.077E+00    4.84E-03
 GAMMA-RAY                    173   3.47E-03    2.090E+00    7.24E-03
 GAMMA-RAY                    174   2.04E-03    2.126E+00    4.33E-03
 GAMMA-RAY                    178   4.72E-03    2.342E+00    1.10E-02
 
 ALL LISTED X-RAYS, GAMMA-RAYS AND ANNIHILATION RADIATION    1.04E+00
 ALL NEGLECTED X-RAYS, GAMMA-RAYS AND ANNIH. RADIATION**     3.72E-02
 ALL LISTED BETAS, INTERNAL CONVERSION AND AUGER ELECTRONS   6.47E-01
 ALL NEGLECTED BETAS, INT. CONVERSION AND AUGER ELECTRONS**  2.82E-03
 ALL LISTED RADIATIONS                                       1.69E+00
 ALL NEGLECTED RADIATIONS**                                  4.01E-02
 
 *  AVERAGE ENERGY (MEV)
 ** EACH NEGLECTED TRANSITION CONTRIBUTES LESS THAN  0.100%
    TO THE TOTAL MEV/TRANSFORMATION FOR THIS CATEGORY.
 TOTAL FEEDING OF GROUND STATE LEVEL IN 77-ARSENIC
   DAUGHTER IS 1.0000E+00 PER TRANSFORMATION OF  77-GERMANIUM.
   DECAY OF THIS 38.83 HOURS HALFLIFE LEVEL WILL CONTRIBUTE TO DOSE.
