 197M-MERCURY-80         HALFLIFE = 23.8 HOURS   

  MODES OF DECAY: ISOMERIC LEVEL, ELECTRON CAPTURE
 
                                    MEAN
                                    NUMBER/                  MEV/
                               ID   TRANSFOR-   ENERGY       TRANSFOR-
        TYPE OF RADIATION      NO.  MATION      (MEV)        MATION

 GAMMA-RAY                      1   3.35E-01    1.340E-01    4.49E-02
 K CONV. ELECTRON, GAMMA-RAY    1   1.38E-01    5.063E-02    6.98E-03
 L1 CONV. ELECTRON, GAMMA-RAY   1   1.85E-02    1.192E-01    2.21E-03
 L2 CONV. ELECTRON, GAMMA-RAY   1   1.78E-01    1.197E-01    2.13E-02
 L3 CONV. ELECTRON, GAMMA-RAY   1   1.31E-01    1.217E-01    1.60E-02
 M CONV. ELECTRON, GAMMA-RAY    1   8.58E-02    1.311E-01*   1.13E-02
 N+ CONV. ELECTRON, GAMMA-RAY   1   2.57E-02    1.340E-01*   3.44E-03
 GAMMA-RAY                      2   2.62E-03    1.650E-01    4.32E-04
 K CONV. ELECTRON, GAMMA-RAY    2   2.00E-01    8.162E-02    1.63E-02
 L1 CONV. ELECTRON, GAMMA-RAY   2   1.72E-01    1.501E-01    2.58E-02
 L2 CONV. ELECTRON, GAMMA-RAY   2   4.07E-02    1.507E-01    6.13E-03
 L3 CONV. ELECTRON, GAMMA-RAY   2   2.97E-01    1.527E-01    4.54E-02
 M CONV. ELECTRON, GAMMA-RAY    2   1.58E-01    1.621E-01*   2.56E-02
 N+ CONV. ELECTRON, GAMMA-RAY   2   4.98E-02    1.650E-01*   8.22E-03
 K -L2 X-RAY                        9.47E-02    6.910E-02    6.55E-03
 K -L3 X-RAY                        1.61E-01    7.107E-02    1.14E-02
 K -M2 X-RAY                        1.77E-02    8.008E-02    1.42E-03
 K -M3 X-RAY                        3.43E-02    8.052E-02    2.76E-03
 K -N2 X-RAY                        4.18E-03    8.268E-02    3.46E-04
 K -N3 X-RAY                        8.19E-03    8.279E-02    6.78E-04
 K -O3 X-RAY                        1.90E-03    8.328E-02    1.58E-04
 L2-M4 X-RAY                        9.98E-02    1.186E-02    1.18E-03
 L2-N4 X-RAY                        1.99E-02    1.388E-02    2.77E-04
 L3-M1 X-RAY                        1.17E-02    8.750E-03    1.02E-04
 L3-M4 X-RAY                        2.04E-02    9.892E-03    2.01E-04
 L3-M5 X-RAY                        1.79E-01    9.986E-03    1.79E-03
 L3-N5 X-RAY                        3.38E-02    1.193E-02    4.04E-04
 M X-RAY                            6.04E-02    2.222E-03    1.34E-04
 Free-Bound X-RAY                   1.86E+01    1.470E-05    2.73E-04
 AUGER KLL                          8.41E-03    5.572E-02*   4.69E-04
 AUGER KLX                          4.55E-03    6.694E-02*   3.05E-04
 AUGER LMM                          4.87E-01    7.603E-03*   3.70E-03
 AUGER LMX                          2.08E-01    9.808E-03*   2.04E-03
 AUGER LXY                          2.14E-02    1.204E-02*   2.58E-04
 CK MMX                             7.00E-01    4.136E-04*   2.89E-04
 AUGER MNN                          1.66E+00    1.808E-03*   3.01E-03
 AUGER MNX                          1.84E-01    2.042E-03*   3.76E-04
 CK NNX                             3.24E+00    1.745E-04*   5.65E-04
 AUGER NXY                          6.15E+00    6.987E-05*   4.30E-04
 GAMMA-RAY                      2   2.72E-03    1.302E-01    3.54E-04
 L2 CONV. ELECTRON, GAMMA-RAY   2   3.49E-02    1.164E-01    4.06E-03
 L3 CONV. ELECTRON, GAMMA-RAY   2   2.24E-02    1.183E-01    2.65E-03
 M CONV. ELECTRON, GAMMA-RAY    2   1.63E-02    1.275E-01*   2.08E-03
 N+ CONV. ELECTRON, GAMMA-RAY   2   4.86E-03    1.302E-01*   6.33E-04
 GAMMA-RAY                      3   8.90E-04    2.018E-01    1.80E-04
 GAMMA-RAY                      4   6.10E-02    2.790E-01    1.70E-02
 K CONV. ELECTRON, GAMMA-RAY    4   1.90E-02    1.980E-01    3.77E-03
 L1 CONV. ELECTRON, GAMMA-RAY   4   2.84E-03    2.647E-01    7.52E-04
 M CONV. ELECTRON, GAMMA-RAY    4   7.92E-04    2.763E-01*   2.19E-04
 K -L2 X-RAY                        2.46E-02    6.718E-02    1.66E-03
 K -L3 X-RAY                        4.19E-02    6.904E-02    2.89E-03
 K -M2 X-RAY                        4.61E-03    7.782E-02    3.59E-04
 K -M3 X-RAY                        8.92E-03    7.823E-02    6.98E-04
 K -N3 X-RAY                        2.11E-03    8.042E-02    1.70E-04
 L2-M4 X-RAY                        1.86E-02    1.148E-02    2.14E-04
 L3-M5 X-RAY                        2.01E-02    9.710E-03    1.95E-04
 AUGER LMM                          6.62E-02    7.559E-03*   5.00E-04
 AUGER LMX                          2.79E-02    9.692E-03*   2.70E-04
 AUGER MNN                          2.20E-01    1.759E-03*   3.88E-04
 
 ALL LISTED X-RAYS, GAMMA-RAYS AND ANNIHILATION RADIATION    9.67E-02
 ALL NEGLECTED X-RAYS, GAMMA-RAYS AND ANNIH. RADIATION**     1.04E-03
 ALL LISTED BETAS, INTERNAL CONVERSION AND AUGER ELECTRONS   2.15E-01
 ALL NEGLECTED BETAS, INT. CONVERSION AND AUGER ELECTRONS**  1.67E-03
 ALL LISTED RADIATIONS                                       3.12E-01
 ALL NEGLECTED RADIATIONS**                                  2.71E-03
 
 *  AVERAGE ENERGY (MEV)
 ** EACH NEGLECTED TRANSITION CONTRIBUTES LESS THAN  0.100%
    TO THE TOTAL MEV/TRANSFORMATION FOR THIS CATEGORY.
 TOTAL FEEDING OF GROUND STATE LEVEL IN 197-MERCURY
   DAUGHTER IS 9.1400E-01  PER TRANSFORMATION OF 197M-MERCURY.
   DECAY OF THIS 64.94 HOURS HALFLIFE LEVEL WILL CONTRIBUTE TO DOSE.
 TOTAL FEEDING OF GROUND STATE LEVEL IN 197-GOLD
   DAUGHTER IS 8.6000E-02  PER TRANSFORMATION OF 197M-MERCURY.
   THIS DAUGHTER GROUND STATE IS STABLE.
