 197-MERCURY-80          HALFLIFE = 64.94 HOURS   

  MODE OF DECAY: ELECTRON CAPTURE
 
                                    MEAN
                                    NUMBER/                  MEV/
                               ID   TRANSFOR-   ENERGY       TRANSFOR-
        TYPE OF RADIATION      NO.  MATION      (MEV)        MATION

 GAMMA-RAY                      1   1.87E-01    7.735E-02    1.45E-02
 L1 CONV. ELECTRON, GAMMA-RAY   1   3.38E-01    6.302E-02    2.13E-02
 L2 CONV. ELECTRON, GAMMA-RAY   1   1.55E-01    6.358E-02    9.86E-03
 L3 CONV. ELECTRON, GAMMA-RAY   1   1.15E-01    6.543E-02    7.53E-03
 M CONV. ELECTRON, GAMMA-RAY    1   1.48E-01    7.462E-02*   1.11E-02
 N+ CONV. ELECTRON, GAMMA-RAY   1   4.50E-02    7.735E-02*   3.48E-03
 GAMMA-RAY                      2   6.32E-03    1.914E-01    1.21E-03
 K CONV. ELECTRON, GAMMA-RAY    2   6.19E-03    1.104E-01    6.83E-04
 L1 CONV. ELECTRON, GAMMA-RAY   2   9.29E-04    1.770E-01    1.64E-04
 GAMMA-RAY                      3   3.93E-04    2.687E-01    1.06E-04
 K -L2 X-RAY                        2.17E-01    6.718E-02    1.46E-02
 K -L3 X-RAY                        3.70E-01    6.904E-02    2.55E-02
 K -M2 X-RAY                        4.07E-02    7.782E-02    3.17E-03
 K -M3 X-RAY                        7.87E-02    7.823E-02    6.16E-03
 K -M4 X-RAY                        1.02E-03    7.866E-02    8.03E-05
 K -M5 X-RAY                        1.25E-03    7.875E-02    9.88E-05
 K -N2 X-RAY                        9.54E-03    8.032E-02    7.66E-04
 K -N3 X-RAY                        1.86E-02    8.042E-02    1.50E-03
 K -O2 X-RAY                        2.20E-03    8.088E-02    1.78E-04
 K -O3 X-RAY                        4.34E-03    8.090E-02    3.51E-04
 L1-M2 X-RAY                        1.42E-02    1.119E-02    1.59E-04
 L1-M3 X-RAY                        1.64E-02    1.160E-02    1.91E-04
 L2-M4 X-RAY                        1.26E-01    1.148E-02    1.44E-03
 L2-N4 X-RAY                        2.48E-02    1.342E-02    3.33E-04
 L3-M1 X-RAY                        1.35E-02    8.521E-03    1.15E-04
 L3-M4 X-RAY                        2.34E-02    9.621E-03    2.25E-04
 L3-M5 X-RAY                        2.06E-01    9.710E-03    2.00E-03
 L3-N5 X-RAY                        3.85E-02    1.159E-02    4.47E-04
 M X-RAY                            7.58E-02    2.146E-03*   1.63E-04
 Free-Bound X-RAY                   2.51E+01    1.110E-05*   2.78E-04
 AUGER KLL                          1.98E-02    5.424E-02*   1.07E-03
 AUGER KLX                          1.07E-02    6.510E-02*   6.93E-04
 AUGER KXY                          1.38E-03    7.597E-02*   1.05E-04
 CK LLX                             4.56E-01    6.859E-04*   3.13E-04
 AUGER LMM                          6.33E-01    7.497E-03*   4.74E-03
 AUGER LMX                          2.66E-01    9.631E-03*   2.56E-03
 AUGER LXY                          2.72E-02    1.180E-02*   3.21E-04
 CK MMX                             8.82E-01    4.169E-04*   3.68E-04
 AUGER MNN                          2.22E+00    1.754E-03*   3.90E-03
 AUGER MNX                          2.30E-01    1.974E-03*   4.54E-04
 CK NNX                             4.46E+00    1.745E-04*   7.78E-04
 AUGER NXY                          8.44E+00    6.433E-05*   5.43E-04
 CK OOX                             5.52E+00    4.015E-05*   2.22E-04
 
 ALL LISTED X-RAYS, GAMMA-RAYS AND ANNIHILATION RADIATION    7.36E-02
 ALL NEGLECTED X-RAYS, GAMMA-RAYS AND ANNIH. RADIATION**     4.25E-04
 ALL LISTED BETAS, INTERNAL CONVERSION AND AUGER ELECTRONS   7.01E-02
 ALL NEGLECTED BETAS, INT. CONVERSION AND AUGER ELECTRONS**  1.21E-04
 ALL LISTED RADIATIONS                                       1.44E-01
 ALL NEGLECTED RADIATIONS**                                  5.46E-04
 
 *  AVERAGE ENERGY (MEV)
 ** EACH NEGLECTED TRANSITION CONTRIBUTES LESS THAN  0.100%
    TO THE TOTAL MEV/TRANSFORMATION FOR THIS CATEGORY.
 TOTAL FEEDING OF GROUND STATE LEVEL IN 197-GOLD
   DAUGHTER IS 1.0000E+00 PER TRANSFORMATION OF 197-MERCURY.
   THIS DAUGHTER GROUND STATE IS STABLE.
