 206-MERCURY-80          HALFLIFE = 8.15 MINUTES 

  MODE OF DECAY: BETA MINUS
 
                                    MEAN
                                    NUMBER/                  MEV/
                               ID   TRANSFOR-   ENERGY       TRANSFOR-
        TYPE OF RADIATION      NO.  MATION      (MEV)        MATION

 BETA MINUS                     1   3.52E-02    2.027E-01*   7.13E-03
 BETA MINUS                     2   4.22E-01    3.297E-01*   1.39E-01
 BETA MINUS                     3   5.43E-01    4.490E-01*   2.44E-01
 GAMMA-RAY                      1   3.10E-01    3.048E-01    9.45E-02
 K CONV. ELECTRON, GAMMA-RAY    1   1.01E-01    2.190E-01    2.21E-02
 L1 CONV. ELECTRON, GAMMA-RAY   1   1.54E-02    2.895E-01    4.46E-03
 M CONV. ELECTRON, GAMMA-RAY    1   3.98E-03    3.019E-01*   1.20E-03
 GAMMA-RAY                      2   6.51E-03    3.443E-01    2.24E-03
 GAMMA-RAY                      3   2.60E-02    6.495E-01    1.69E-02
 K CONV. ELECTRON, GAMMA-RAY    3   1.14E-03    5.637E-01    6.41E-04
 K -L2 X-RAY                        2.91E-02    7.105E-02    2.07E-03
 K -L3 X-RAY                        4.91E-02    7.314E-02    3.59E-03
 K -M2 X-RAY                        5.45E-03    8.239E-02    4.49E-04
 K -M3 X-RAY                        1.06E-02    8.285E-02    8.75E-04
 K -N3 X-RAY                        2.54E-03    8.520E-02    2.16E-04
 L2-M4 X-RAY                        1.04E-02    1.225E-02    1.27E-04
 L3-M5 X-RAY                        1.62E-02    1.027E-02    1.67E-04
 
 ALL LISTED X-RAYS, GAMMA-RAYS AND ANNIHILATION RADIATION    1.21E-01
 ALL NEGLECTED X-RAYS, GAMMA-RAYS AND ANNIH. RADIATION**     4.05E-04
 ALL LISTED BETAS, INTERNAL CONVERSION AND AUGER ELECTRONS   4.18E-01
 ALL NEGLECTED BETAS, INT. CONVERSION AND AUGER ELECTRONS**  2.75E-03
 ALL LISTED RADIATIONS                                       5.39E-01
 ALL NEGLECTED RADIATIONS**                                  3.15E-03
 
 *  AVERAGE ENERGY (MEV)
 ** EACH NEGLECTED TRANSITION CONTRIBUTES LESS THAN  0.100%
    TO THE TOTAL MEV/TRANSFORMATION FOR THIS CATEGORY.
 TOTAL FEEDING OF GROUND STATE LEVEL IN 206-THALLIUM
   DAUGHTER IS 1.0000E+00 PER TRANSFORMATION OF 206-MERCURY.
   DECAY OF THIS 4.2 MINUTES HALFLIFE LEVEL WILL CONTRIBUTE TO DOSE.
