 166-HOLMIUM-67          HALFLIFE = 26.8 HOURS   

  MODE OF DECAY: BETA MINUS
 
                                    MEAN
                                    NUMBER/                  MEV/
                               ID   TRANSFOR-   ENERGY       TRANSFOR-
        TYPE OF RADIATION      NO.  MATION      (MEV)        MATION

 BETA MINUS                     4   9.50E-03    1.149E-01*   1.09E-03
 BETA MINUS                     6   4.87E-01    6.509E-01*   3.17E-01
 BETA MINUS                     7   5.00E-01    6.935E-01*   3.47E-01
 GAMMA-RAY                      1   6.71E-02    8.057E-02    5.41E-03
 K CONV. ELECTRON, GAMMA-RAY    1   1.10E-01    2.300E-02    2.53E-03
 L1 CONV. ELECTRON, GAMMA-RAY   1   1.07E-02    7.086E-02    7.58E-04
 L2 CONV. ELECTRON, GAMMA-RAY   1   1.27E-01    7.130E-02    9.05E-03
 L3 CONV. ELECTRON, GAMMA-RAY   1   1.31E-01    7.223E-02    9.46E-03
 M CONV. ELECTRON, GAMMA-RAY    1   6.57E-02    7.878E-02*   5.18E-03
 N+ CONV. ELECTRON, GAMMA-RAY   1   1.73E-02    8.057E-02*   1.39E-03
 GAMMA-RAY                      4   1.94E-04    6.740E-01    1.31E-04
 GAMMA-RAY                      5   1.31E-04    7.053E-01    9.24E-05
 GAMMA-RAY                      6   1.19E-04    7.859E-01    9.35E-05
 GAMMA-RAY                      8   9.30E-03    1.379E+00    1.28E-02
 GAMMA-RAY                     12   1.87E-03    1.582E+00    2.96E-03
 GAMMA-RAY                     13   1.20E-03    1.662E+00    1.99E-03
 GAMMA-RAY                     14   2.77E-04    1.750E+00    4.85E-04
 GAMMA-RAY                     15   8.50E-05    1.830E+00    1.56E-04
 K -L2 X-RAY                        2.99E-02    4.830E-02    1.44E-03
 K -L3 X-RAY                        5.30E-02    4.923E-02    2.61E-03
 K -M2 X-RAY                        5.52E-03    5.558E-02    3.07E-04
 K -M3 X-RAY                        1.07E-02    5.578E-02    5.96E-04
 K -N2 X-RAY                        1.22E-03    5.722E-02    7.00E-05
 K -N3 X-RAY                        2.37E-03    5.726E-02    1.36E-04
 K -O3 X-RAY                        5.65E-04    5.755E-02    3.25E-05
 L2-M4 X-RAY                        2.92E-02    7.820E-03    2.29E-04
 L2-N4 X-RAY                        5.17E-03    9.095E-03    4.70E-05
 L3-M5 X-RAY                        3.14E-02    6.935E-03    2.18E-04
 L3-N5 X-RAY                        5.34E-03    8.175E-03    4.36E-05
 Free-Bound X-RAY                   3.47E+00    1.353E-05*   4.69E-05
 AUGER LMM                          2.02E-01    5.482E-03*   1.11E-03
 
 ALL LISTED X-RAYS, GAMMA-RAYS AND ANNIHILATION RADIATION    2.99E-02
 ALL NEGLECTED X-RAYS, GAMMA-RAYS AND ANNIH. RADIATION**     1.50E-04
 ALL LISTED BETAS, INTERNAL CONVERSION AND AUGER ELECTRONS   6.94E-01
 ALL NEGLECTED BETAS, INT. CONVERSION AND AUGER ELECTRONS**  2.06E-03
 ALL LISTED RADIATIONS                                       7.24E-01
 ALL NEGLECTED RADIATIONS**                                  2.21E-03
 
 *  AVERAGE ENERGY (MEV)
 ** EACH NEGLECTED TRANSITION CONTRIBUTES LESS THAN  0.100%
    TO THE TOTAL MEV/TRANSFORMATION FOR THIS CATEGORY.
 TOTAL FEEDING OF GROUND STATE LEVEL IN 166-ERBIUM
   DAUGHTER IS 1.0000E+00 PER TRANSFORMATION OF 166-HOLMIUM.
   THIS DAUGHTER GROUND STATE IS STABLE.
