 120-IODINE-53           HALFLIFE = 81.6 MINUTES 

  MODES OF DECAY: ELECTRON CAPTURE, BETA PLUS
 
                                    MEAN
                                    NUMBER/                  MEV/
                               ID   TRANSFOR-   ENERGY       TRANSFOR-
        TYPE OF RADIATION      NO.  MATION      (MEV)        MATION

 BETA PLUS                     14   2.49E-03    4.929E-01*   1.23E-03
 BETA PLUS                     22   4.29E-03    6.896E-01*   2.96E-03
 BETA PLUS                     24   5.29E-03    7.292E-01*   3.85E-03
 BETA PLUS                     25   9.37E-03    7.415E-01*   6.95E-03
 BETA PLUS                     26   6.48E-03    8.268E-01*   5.36E-03
 BETA PLUS                     27   2.63E-03    8.534E-01*   2.25E-03
 BETA PLUS                     28   4.21E-03    8.884E-01*   3.74E-03
 BETA PLUS                     29   2.12E-02    9.602E-01*   2.04E-02
 BETA PLUS                     30   6.18E-02    1.131E+00*   6.99E-02
 BETA PLUS                     31   2.34E-03    1.199E+00*   2.81E-03
 BETA PLUS                     32   6.62E-03    1.205E+00*   7.98E-03
 BETA PLUS                     34   1.89E-03    1.355E+00*   2.57E-03
 BETA PLUS                     35   1.92E-02    1.386E+00*   2.67E-02
 BETA PLUS                     36   2.69E-02    1.542E+00*   4.15E-02
 BETA PLUS                     37   1.14E-02    1.561E+00*   1.77E-02
 BETA PLUS                     38   1.99E-03    1.588E+00*   3.17E-03
 BETA PLUS                     39   2.92E-01    1.845E+00*   5.39E-01
 BETA PLUS                     40   1.89E-01    2.099E+00*   3.98E-01
 ANNIHILATION RADIATION             1.36E+00    5.110E-01    6.97E-01
 GAMMA-RAY                      9   9.81E-03    5.427E-01    5.33E-03
 GAMMA-RAY                     10   6.96E-01    5.604E-01    3.90E-01
 K CONV. ELECTRON, GAMMA-RAY   10   3.56E-03    5.286E-01    1.88E-03
 GAMMA-RAY                     11   5.51E-02    6.011E-01    3.31E-02
 GAMMA-RAY                     12   4.73E-03    6.140E-01    2.91E-03
 GAMMA-RAY                     13   8.42E-02    6.411E-01    5.40E-02
 GAMMA-RAY                     16   1.05E-02    6.621E-01    6.96E-03
 GAMMA-RAY                     28   4.32E-03    7.630E-01    3.29E-03
 GAMMA-RAY                     34   3.62E-03    9.213E-01    3.33E-03
 GAMMA-RAY                     37   1.50E-02    9.751E-01    1.46E-02
 GAMMA-RAY                     38   3.69E-03    9.796E-01    3.61E-03
 GAMMA-RAY                     39   3.20E-03    1.053E+00    3.37E-03
 GAMMA-RAY                     40   5.78E-03    1.074E+00    6.20E-03
 GAMMA-RAY                     42   4.11E-03    1.101E+00    4.52E-03
 GAMMA-RAY                     44   4.18E-03    1.158E+00    4.84E-03
 GAMMA-RAY                     45   5.57E-03    1.169E+00    6.51E-03
 GAMMA-RAY                     46   2.51E-02    1.202E+00    3.01E-02
 GAMMA-RAY                     48   6.75E-03    1.255E+00    8.47E-03
 GAMMA-RAY                     50   2.44E-03    1.283E+00    3.13E-03
 GAMMA-RAY                     51   4.04E-03    1.299E+00    5.25E-03
 GAMMA-RAY                     52   8.28E-03    1.303E+00    1.08E-02
 GAMMA-RAY                     54   6.61E-03    1.364E+00    9.02E-03
 GAMMA-RAY                     55   4.87E-03    1.383E+00    6.74E-03
 GAMMA-RAY                     56   5.29E-03    1.402E+00    7.42E-03
 GAMMA-RAY                     57   1.67E-02    1.404E+00    2.35E-02
 GAMMA-RAY                     58   1.25E-02    1.411E+00    1.77E-02
 GAMMA-RAY                     60   7.52E-03    1.423E+00    1.07E-02
 GAMMA-RAY                     62   2.09E-03    1.441E+00    3.01E-03
 GAMMA-RAY                     63   4.66E-03    1.452E+00    6.77E-03
 GAMMA-RAY                     64   3.83E-03    1.492E+00    5.71E-03
 GAMMA-RAY                     65   1.09E-01    1.523E+00    1.65E-01
 GAMMA-RAY                     66   1.81E-02    1.535E+00    2.78E-02
 GAMMA-RAY                     67   9.05E-03    1.536E+00    1.39E-02
 GAMMA-RAY                     68   5.57E-03    1.540E+00    8.57E-03
 GAMMA-RAY                     69   1.11E-02    1.543E+00    1.72E-02
 GAMMA-RAY                     70   8.70E-03    1.548E+00    1.35E-02
 GAMMA-RAY                     71   3.48E-03    1.552E+00    5.40E-03
 GAMMA-RAY                     72   5.50E-03    1.601E+00    8.80E-03
 GAMMA-RAY                     73   6.96E-03    1.605E+00    1.12E-02
 GAMMA-RAY                     75   3.48E-03    1.664E+00    5.79E-03
 GAMMA-RAY                     76   4.87E-03    1.674E+00    8.16E-03
 GAMMA-RAY                     77   5.92E-03    1.761E+00    1.04E-02
 GAMMA-RAY                     78   4.87E-03    1.764E+00    8.59E-03
 GAMMA-RAY                     79   2.09E-03    1.769E+00    3.69E-03
 GAMMA-RAY                     80   8.63E-03    1.776E+00    1.53E-02
 GAMMA-RAY                     81   1.25E-02    1.790E+00    2.24E-02
 GAMMA-RAY                     83   2.51E-03    1.851E+00    4.64E-03
 GAMMA-RAY                     84   5.85E-03    1.868E+00    1.09E-02
 GAMMA-RAY                     85   3.48E-03    1.872E+00    6.51E-03
 GAMMA-RAY                     86   5.36E-03    1.875E+00    1.00E-02
 GAMMA-RAY                     87   6.54E-03    1.895E+00    1.24E-02
 GAMMA-RAY                     88   5.57E-03    1.911E+00    1.06E-02
 GAMMA-RAY                     89   2.78E-03    1.923E+00    5.35E-03
 GAMMA-RAY                     90   2.78E-03    1.935E+00    5.39E-03
 GAMMA-RAY                     91   4.11E-03    1.983E+00    8.14E-03
 GAMMA-RAY                     92   3.48E-03    2.034E+00    7.08E-03
 GAMMA-RAY                     93   3.48E-03    2.034E+00    7.08E-03
 GAMMA-RAY                     94   2.09E-03    2.045E+00    4.27E-03
 GAMMA-RAY                     95   9.05E-03    2.082E+00    1.88E-02
 GAMMA-RAY                     96   2.99E-03    2.094E+00    6.27E-03
 GAMMA-RAY                     97   5.22E-03    2.109E+00    1.10E-02
 GAMMA-RAY                     98   5.50E-03    2.129E+00    1.17E-02
 GAMMA-RAY                     99   3.48E-03    2.142E+00    7.45E-03
 GAMMA-RAY                    100   3.48E-03    2.158E+00    7.51E-03
 GAMMA-RAY                    101   4.04E-03    2.165E+00    8.74E-03
 GAMMA-RAY                    102   6.96E-03    2.172E+00    1.51E-02
 GAMMA-RAY                    103   3.41E-03    2.180E+00    7.43E-03
 GAMMA-RAY                    104   1.44E-02    2.188E+00    3.15E-02
 GAMMA-RAY                    105   2.09E-03    2.218E+00    4.63E-03
 GAMMA-RAY                    106   2.78E-03    2.305E+00    6.42E-03
 GAMMA-RAY                    107   3.48E-03    2.375E+00    8.27E-03
 GAMMA-RAY                    108   7.03E-03    2.378E+00    1.67E-02
 GAMMA-RAY                    109   1.06E-02    2.404E+00    2.54E-02
 GAMMA-RAY                    110   1.95E-02    2.455E+00    4.78E-02
 GAMMA-RAY                    111   6.75E-03    2.463E+00    1.66E-02
 GAMMA-RAY                    112   1.16E-02    2.492E+00    2.90E-02
 GAMMA-RAY                    113   2.78E-03    2.510E+00    6.99E-03
 GAMMA-RAY                    114   2.78E-03    2.526E+00    7.03E-03
 GAMMA-RAY                    115   2.51E-02    2.564E+00    6.43E-02
 GAMMA-RAY                    117   4.87E-03    2.603E+00    1.27E-02
 GAMMA-RAY                    118   2.51E-03    2.613E+00    6.55E-03
 GAMMA-RAY                    119   2.09E-03    2.638E+00    5.51E-03
 GAMMA-RAY                    120   2.09E-03    2.654E+00    5.54E-03
 GAMMA-RAY                    121   5.57E-03    2.693E+00    1.50E-02
 GAMMA-RAY                    122   3.41E-03    2.697E+00    9.20E-03
 GAMMA-RAY                    123   4.18E-03    2.740E+00    1.14E-02
 GAMMA-RAY                    124   2.78E-03    2.747E+00    7.65E-03
 GAMMA-RAY                    125   3.48E-03    2.778E+00    9.67E-03
 GAMMA-RAY                    126   2.78E-03    2.800E+00    7.80E-03
 GAMMA-RAY                    127   8.07E-03    2.811E+00    2.27E-02
 GAMMA-RAY                    128   2.09E-03    2.829E+00    5.91E-03
 GAMMA-RAY                    129   3.55E-03    2.864E+00    1.02E-02
 GAMMA-RAY                    130   6.06E-03    2.933E+00    1.78E-02
 GAMMA-RAY                    131   2.78E-03    2.939E+00    8.18E-03
 GAMMA-RAY                    132   4.18E-03    2.987E+00    1.25E-02
 GAMMA-RAY                    133   3.48E-03    3.029E+00    1.05E-02
 GAMMA-RAY                    134   1.25E-02    3.047E+00    3.82E-02
 GAMMA-RAY                    135   2.78E-03    3.082E+00    8.58E-03
 GAMMA-RAY                    136   3.48E-03    3.098E+00    1.08E-02
 GAMMA-RAY                    137   3.20E-03    3.105E+00    9.94E-03
 GAMMA-RAY                    138   2.09E-03    3.160E+00    6.60E-03
 GAMMA-RAY                    139   6.26E-03    3.182E+00    1.99E-02
 GAMMA-RAY                    140   2.09E-03    3.334E+00    6.96E-03
 GAMMA-RAY                    141   2.78E-03    3.395E+00    9.45E-03
 GAMMA-RAY                    142   2.09E-03    3.442E+00    7.19E-03
 GAMMA-RAY                    143   2.78E-03    3.545E+00    9.87E-03
 GAMMA-RAY                    144   2.78E-03    3.580E+00    9.97E-03
 GAMMA-RAY                    145   6.26E-03    3.608E+00    2.26E-02
 GAMMA-RAY                    146   2.78E-03    3.694E+00    1.03E-02
 GAMMA-RAY                    147   2.78E-03    3.742E+00    1.04E-02
 GAMMA-RAY                    148   2.78E-03    4.120E+00    1.15E-02
 GAMMA-RAY                    149   2.78E-03    4.134E+00    1.15E-02
 GAMMA-RAY                    150   2.78E-03    4.148E+00    1.15E-02
 GAMMA-RAY                    151   2.78E-03    4.188E+00    1.17E-02
 GAMMA-RAY                    152   2.78E-03    4.283E+00    1.19E-02
 GAMMA-RAY                    153   2.09E-03    4.288E+00    8.95E-03
 GAMMA-RAY                    154   1.39E-03    4.413E+00    6.14E-03
 K -L3 X-RAY                        1.30E-01    2.747E-02    3.57E-03
 
 ALL LISTED X-RAYS, GAMMA-RAYS AND ANNIHILATION RADIATION    2.62E+00
 ALL NEGLECTED X-RAYS, GAMMA-RAYS AND ANNIH. RADIATION**     3.95E-02
 ALL LISTED BETAS, INTERNAL CONVERSION AND AUGER ELECTRONS   1.16E+00
 ALL NEGLECTED BETAS, INT. CONVERSION AND AUGER ELECTRONS**  1.03E-02
 ALL LISTED RADIATIONS                                       3.78E+00
 ALL NEGLECTED RADIATIONS**                                  4.97E-02
 
 *  AVERAGE ENERGY (MEV)
 ** EACH NEGLECTED TRANSITION CONTRIBUTES LESS THAN  0.100%
    TO THE TOTAL MEV/TRANSFORMATION FOR THIS CATEGORY.
 TOTAL FEEDING OF GROUND STATE LEVEL IN 120-TELLURIUM
   DAUGHTER IS 1.0000E+00 PER TRANSFORMATION OF 120-IODINE.
   THIS DAUGHTER GROUND STATE IS STABLE.
