 123-IODINE-53           HALFLIFE = 13.27 HOURS   

  MODE OF DECAY: ELECTRON CAPTURE
 
                                    MEAN
                                    NUMBER/                  MEV/
                               ID   TRANSFOR-   ENERGY       TRANSFOR-
        TYPE OF RADIATION      NO.  MATION      (MEV)        MATION

 GAMMA-RAY                      1   8.33E-01    1.590E-01    1.32E-01
 K CONV. ELECTRON, GAMMA-RAY    1   1.37E-01    1.272E-01    1.74E-02
 L1 CONV. ELECTRON, GAMMA-RAY   1   1.63E-02    1.541E-01    2.52E-03
 L2 CONV. ELECTRON, GAMMA-RAY   1   1.07E-03    1.544E-01    1.65E-04
 L3 CONV. ELECTRON, GAMMA-RAY   1   3.10E-04    1.546E-01    4.80E-05
 M CONV. ELECTRON, GAMMA-RAY    1   3.56E-03    1.582E-01*   5.63E-04
 N+ CONV. ELECTRON, GAMMA-RAY   1   8.50E-04    1.590E-01*   1.35E-04
 GAMMA-RAY                     11   7.08E-04    2.480E-01    1.76E-04
 GAMMA-RAY                     15   7.91E-04    2.810E-01    2.22E-04
 GAMMA-RAY                     21   1.26E-03    3.464E-01    4.36E-04
 GAMMA-RAY                     24   4.28E-03    4.400E-01    1.88E-03
 GAMMA-RAY                     26   3.16E-03    5.053E-01    1.60E-03
 GAMMA-RAY                     27   1.39E-02    5.290E-01    7.36E-03
 K CONV. ELECTRON, GAMMA-RAY   27   1.01E-04    4.972E-01    5.01E-05
 GAMMA-RAY                     28   3.82E-03    5.385E-01    2.05E-03
 GAMMA-RAY                     34   8.33E-04    6.246E-01    5.20E-04
 GAMMA-RAY                     36   2.67E-04    6.880E-01    1.84E-04
 GAMMA-RAY                     37   6.16E-04    7.358E-01    4.54E-04
 GAMMA-RAY                     39   5.91E-04    7.836E-01    4.63E-04
 K -L2 X-RAY                        2.50E-01    2.719E-02    6.79E-03
 K -L3 X-RAY                        4.65E-01    2.747E-02    1.28E-02
 K -M2 X-RAY                        4.28E-02    3.094E-02    1.32E-03
 K -M3 X-RAY                        8.30E-02    3.099E-02    2.57E-03
 K -N2 X-RAY                        8.87E-03    3.167E-02    2.81E-04
 K -N3 X-RAY                        1.74E-02    3.168E-02    5.52E-04
 Free-Bound X-RAY                   1.49E+01    1.361E-05*   2.02E-04
 AUGER KLL                          8.07E-02    2.267E-02*   1.83E-03
 AUGER KLX                          3.56E-02    2.651E-02*   9.42E-04
 AUGER KXY                          3.74E-03    3.035E-02*   1.14E-04
 CK LLX                             1.56E-01    2.958E-04*   4.60E-05
 AUGER LMM                          7.34E-01    3.085E-03*   2.27E-03
 AUGER LMX                          2.08E-01    3.679E-03*   7.65E-04
 AUGER LXY                          1.47E-02    4.295E-03*   6.32E-05
 CK MMX                             8.36E-01    1.210E-04*   1.01E-04
 AUGER MNN                          1.87E+00    4.495E-04*   8.40E-04
 AUGER MNX                          7.21E-02    5.412E-04*   3.90E-05
 CK NNX                             2.43E+00    2.493E-05*   6.05E-05
 AUGER NXY                          7.27E+00    2.292E-05*   1.67E-04
 
 ALL LISTED X-RAYS, GAMMA-RAYS AND ANNIHILATION RADIATION    1.72E-01
 ALL NEGLECTED X-RAYS, GAMMA-RAYS AND ANNIH. RADIATION**     7.67E-04
 ALL LISTED BETAS, INTERNAL CONVERSION AND AUGER ELECTRONS   2.81E-02
 ALL NEGLECTED BETAS, INT. CONVERSION AND AUGER ELECTRONS**  1.02E-04
 ALL LISTED RADIATIONS                                       2.00E-01
 ALL NEGLECTED RADIATIONS**                                  8.69E-04
 
 *  AVERAGE ENERGY (MEV)
 ** EACH NEGLECTED TRANSITION CONTRIBUTES LESS THAN  0.100%
    TO THE TOTAL MEV/TRANSFORMATION FOR THIS CATEGORY.
 TOTAL FEEDING OF 0.247460 MEV ISOMERIC LEVEL IN 123-TELLURIUM   
   DAUGHTER IS 4.4420E-05 PER TRANSFORMATION OF 123-IODINE.
   DECAY OF THIS 119.25 DAYS HALFLIFE LEVEL WILL CONTRIBUTE TO DOSE.
 TOTAL FEEDING OF GROUND STATE LEVEL IN 123-TELLURIUM
   DAUGHTER IS 9.9996E-01 PER TRANSFORMATION OF 123-IODINE.
   DECAY OF THIS 0.6E+15 YEARS HALFLIFE LEVEL WILL CONTRIBUTE TO DOSE.
