 125-IODINE-53           HALFLIFE = 59.4 DAYS    

  MODE OF DECAY: ELECTRON CAPTURE
 
                                    MEAN
                                    NUMBER/                  MEV/
                               ID   TRANSFOR-   ENERGY       TRANSFOR-
        TYPE OF RADIATION      NO.  MATION      (MEV)        MATION

 GAMMA-RAY                      1   6.68E-02    3.549E-02    2.37E-03
 K CONV. ELECTRON, GAMMA-RAY    1   8.08E-01    3.687E-03    2.98E-03
 L1 CONV. ELECTRON, GAMMA-RAY   1   9.69E-02    3.058E-02    2.96E-03
 L2 CONV. ELECTRON, GAMMA-RAY   1   8.92E-03    3.087E-02    2.75E-04
 L3 CONV. ELECTRON, GAMMA-RAY   1   3.62E-03    3.115E-02    1.13E-04
 M CONV. ELECTRON, GAMMA-RAY    1   2.20E-02    3.468E-02*   7.64E-04
 N+ CONV. ELECTRON, GAMMA-RAY   1   5.24E-03    3.549E-02*   1.86E-04
 K -L2 X-RAY                        4.05E-01    2.719E-02    1.10E-02
 K -L3 X-RAY                        7.54E-01    2.747E-02    2.07E-02
 K -M2 X-RAY                        6.95E-02    3.094E-02    2.15E-03
 K -M3 X-RAY                        1.35E-01    3.099E-02    4.17E-03
 K -N2 X-RAY                        1.44E-02    3.167E-02    4.56E-04
 K -N3 X-RAY                        2.83E-02    3.168E-02    8.96E-04
 K -O3 X-RAY                        1.52E-03    3.180E-02    4.85E-05
 L2-M4 X-RAY                        3.76E-02    4.024E-03    1.51E-04
 L3-M5 X-RAY                        6.48E-02    3.757E-03    2.43E-04
 Free-Bound X-RAY                   2.50E+01    1.361E-05*   3.40E-04
 AUGER KLL                          1.31E-01    2.267E-02*   2.97E-03
 AUGER KLX                          5.77E-02    2.651E-02*   1.53E-03
 AUGER KXY                          6.08E-03    3.035E-02*   1.84E-04
 CK LLX                             2.76E-01    2.998E-04*   8.28E-05
 AUGER LMM                          1.23E+00    3.088E-03*   3.79E-03
 AUGER LMX                          3.47E-01    3.683E-03*   1.28E-03
 AUGER LXY                          2.46E-02    4.300E-03*   1.06E-04
 CK MMX                             1.41E+00    1.209E-04*   1.71E-04
 AUGER MNN                          3.12E+00    4.497E-04*   1.41E-03
 AUGER MNX                          1.21E-01    5.417E-04*   6.53E-05
 CK NNX                             4.08E+00    2.492E-05*   1.02E-04
 AUGER NXY                          1.22E+01    2.293E-05*   2.80E-04
 
 ALL LISTED X-RAYS, GAMMA-RAYS AND ANNIHILATION RADIATION    4.26E-02
 ALL NEGLECTED X-RAYS, GAMMA-RAYS AND ANNIH. RADIATION**     2.71E-04
 ALL LISTED BETAS, INTERNAL CONVERSION AND AUGER ELECTRONS   1.92E-02
 ALL NEGLECTED BETAS, INT. CONVERSION AND AUGER ELECTRONS**  3.15E-07
 ALL LISTED RADIATIONS                                       6.18E-02
 ALL NEGLECTED RADIATIONS**                                  2.71E-04
 
 *  AVERAGE ENERGY (MEV)
 ** EACH NEGLECTED TRANSITION CONTRIBUTES LESS THAN  0.100%
    TO THE TOTAL MEV/TRANSFORMATION FOR THIS CATEGORY.
 TOTAL FEEDING OF GROUND STATE LEVEL IN 125-TELLURIUM
   DAUGHTER IS 1.0000E+00 PER TRANSFORMATION OF 125-IODINE.
   THIS DAUGHTER GROUND STATE IS STABLE.
