 132M-IODINE-53          HALFLIFE = 1.387 HOURS   

  MODES OF DECAY: ISOMERIC LEVEL, BETA MINUS
 
                                    MEAN
                                    NUMBER/                  MEV/
                               ID   TRANSFOR-   ENERGY       TRANSFOR-
        TYPE OF RADIATION      NO.  MATION      (MEV)        MATION

 GAMMA-RAY                      1   8.45E-02    2.200E-02    1.86E-03
 L1 CONV. ELECTRON, GAMMA-RAY   1   5.61E-01    1.684E-02    9.44E-03
 L2 CONV. ELECTRON, GAMMA-RAY   1   4.74E-02    1.714E-02    8.12E-04
 L3 CONV. ELECTRON, GAMMA-RAY   1   1.16E-02    1.745E-02    2.02E-04
 M CONV. ELECTRON, GAMMA-RAY    1   1.25E-01    2.113E-02*   2.64E-03
 N+ CONV. ELECTRON, GAMMA-RAY   1   3.07E-02    2.200E-02*   6.75E-04
 GAMMA-RAY                      2   3.72E-02    9.800E-02    3.64E-03
 K CONV. ELECTRON, GAMMA-RAY    2   2.61E-01    6.484E-02    1.69E-02
 L1 CONV. ELECTRON, GAMMA-RAY   2   2.06E-02    9.284E-02    1.91E-03
 L2 CONV. ELECTRON, GAMMA-RAY   2   2.08E-01    9.314E-02    1.94E-02
 L3 CONV. ELECTRON, GAMMA-RAY   2   2.19E-01    9.345E-02    2.05E-02
 M CONV. ELECTRON, GAMMA-RAY    2   9.99E-02    9.713E-02*   9.70E-03
 N+ CONV. ELECTRON, GAMMA-RAY   2   2.24E-02    9.800E-02*   2.19E-03
 K -L2 X-RAY                        6.63E-02    2.831E-02    1.88E-03
 K -L3 X-RAY                        1.23E-01    2.861E-02    3.52E-03
 K -M2 X-RAY                        1.14E-02    3.224E-02    3.69E-04
 K -M3 X-RAY                        2.22E-02    3.229E-02    7.17E-04
 AUGER KLL                          1.99E-02    2.356E-02*   4.69E-04
 AUGER KLX                          8.91E-03    2.759E-02*   2.46E-04
 AUGER LMM                          8.98E-01    3.270E-03*   2.94E-03
 AUGER LMX                          2.67E-01    3.912E-03*   1.05E-03
 AUGER MNN                          2.32E+00    4.799E-04*   1.11E-03
 AUGER NXY                          9.28E+00    2.904E-05*   2.69E-04
 BETA MINUS                     1   7.15E-03    2.418E-01*   1.73E-03
 BETA MINUS                     2   2.79E-02    2.930E-01*   8.18E-03
 BETA MINUS                     3   8.93E-03    3.654E-01*   3.26E-03
 BETA MINUS                     4   9.60E-02    5.498E-01*   5.28E-02
 GAMMA-RAY                      1   8.82E-02    1.750E-01    1.54E-02
 K CONV. ELECTRON, GAMMA-RAY    1   1.74E-02    1.404E-01    2.44E-03
 L1 CONV. ELECTRON, GAMMA-RAY   1   1.75E-03    1.696E-01    2.96E-04
 L2 CONV. ELECTRON, GAMMA-RAY   1   1.18E-03    1.699E-01    2.01E-04
 L3 CONV. ELECTRON, GAMMA-RAY   1   1.16E-03    1.702E-01    1.97E-04
 GAMMA-RAY                      2   6.44E-03    3.100E-01    2.00E-03
 GAMMA-RAY                      3   1.40E-01    5.998E-01    8.40E-02
 GAMMA-RAY                      4   1.47E-02    6.100E-01    8.97E-03
 GAMMA-RAY                      5   2.52E-02    6.140E-01    1.55E-02
 GAMMA-RAY                      6   1.39E-01    6.677E-01    9.31E-02
 K CONV. ELECTRON, GAMMA-RAY    6   5.00E-04    6.332E-01    3.17E-04
 GAMMA-RAY                      7   1.40E-01    7.726E-01    1.08E-01
 K CONV. ELECTRON, GAMMA-RAY    7   3.51E-04    7.380E-01    2.59E-04
 
 ALL LISTED X-RAYS, GAMMA-RAYS AND ANNIHILATION RADIATION    3.39E-01
 ALL NEGLECTED X-RAYS, GAMMA-RAYS AND ANNIH. RADIATION**     1.58E-03
 ALL LISTED BETAS, INTERNAL CONVERSION AND AUGER ELECTRONS   1.60E-01
 ALL NEGLECTED BETAS, INT. CONVERSION AND AUGER ELECTRONS**  1.35E-03
 ALL LISTED RADIATIONS                                       4.99E-01
 ALL NEGLECTED RADIATIONS**                                  2.94E-03
 
 *  AVERAGE ENERGY (MEV)
 ** EACH NEGLECTED TRANSITION CONTRIBUTES LESS THAN  0.100%
    TO THE TOTAL MEV/TRANSFORMATION FOR THIS CATEGORY.
 TOTAL FEEDING OF GROUND STATE LEVEL IN 132-IODINE
   DAUGHTER IS 8.6000E-01  PER TRANSFORMATION OF 132M-IODINE.
   DECAY OF THIS 2.295 HOURS HALFLIFE LEVEL WILL CONTRIBUTE TO DOSE.
 TOTAL FEEDING OF GROUND STATE LEVEL IN 132-XENON
   DAUGHTER IS 1.4000E-01  PER TRANSFORMATION OF 132M-IODINE.
   THIS DAUGHTER GROUND STATE IS STABLE.
