 135-IODINE-53           HALFLIFE = 6.57 HOURS   

  MODE OF DECAY: BETA MINUS
 
                                    MEAN
                                    NUMBER/                  MEV/
                               ID   TRANSFOR-   ENERGY       TRANSFOR-
        TYPE OF RADIATION      NO.  MATION      (MEV)        MATION

 BETA MINUS                     5   1.03E-02    6.672E-02*   6.85E-04
 BETA MINUS                     6   9.17E-03    7.810E-02*   7.16E-04
 BETA MINUS                     7   1.39E-02    8.275E-02*   1.15E-03
 BETA MINUS                     8   4.77E-02    1.160E-01*   5.53E-03
 BETA MINUS                     9   7.38E-02    1.236E-01*   9.12E-03
 BETA MINUS                    12   1.59E-02    1.728E-01*   2.74E-03
 BETA MINUS                    13   1.11E-02    1.900E-01*   2.10E-03
 BETA MINUS                    14   7.98E-02    2.189E-01*   1.75E-02
 BETA MINUS                    16   6.08E-03    2.471E-01*   1.50E-03
 BETA MINUS                    17   8.77E-02    2.874E-01*   2.52E-02
 BETA MINUS                    18   2.17E-01    3.328E-01*   7.23E-02
 BETA MINUS                    19   7.98E-02    3.789E-01*   3.02E-02
 BETA MINUS                    20   7.48E-02    4.238E-01*   3.17E-02
 BETA MINUS                    21   2.35E-01    5.077E-01*   1.19E-01
 BETA MINUS                    22   1.30E-02    5.636E-01*   7.30E-03
 BETA MINUS                    23   1.89E-02    8.299E-01*   1.57E-02
 GAMMA-RAY                      7   1.75E-02    2.205E-01    3.86E-03
 GAMMA-RAY                     12   3.10E-02    2.885E-01    8.94E-03
 GAMMA-RAY                     22   3.53E-02    4.176E-01    1.47E-02
 GAMMA-RAY                     24   5.54E-03    4.337E-01    2.40E-03
 GAMMA-RAY                     28   7.15E-02    5.466E-01    3.91E-02
 GAMMA-RAY                     32   4.56E-03    6.499E-01    2.97E-03
 GAMMA-RAY                     37   6.60E-03    7.079E-01    4.67E-03
 GAMMA-RAY                     42   6.69E-02    8.368E-01    5.60E-02
 GAMMA-RAY                     45   8.90E-03    9.720E-01    8.65E-03
 GAMMA-RAY                     46   1.21E-02    9.726E-01    1.17E-02
 GAMMA-RAY                     48   7.95E-02    1.039E+00    8.26E-02
 GAMMA-RAY                     50   1.61E-02    1.102E+00    1.77E-02
 GAMMA-RAY                     51   3.62E-02    1.124E+00    4.06E-02
 GAMMA-RAY                     52   2.26E-01    1.132E+00    2.56E-01
 GAMMA-RAY                     55   8.75E-03    1.169E+00    1.02E-02
 GAMMA-RAY                     58   9.04E-03    1.240E+00    1.12E-02
 GAMMA-RAY                     61   2.87E-01    1.260E+00    3.62E-01
 K CONV. ELECTRON, GAMMA-RAY   61   3.05E-04    1.226E+00    3.74E-04
 GAMMA-RAY                     67   6.08E-03    1.368E+00    8.32E-03
 GAMMA-RAY                     70   3.16E-03    1.448E+00    4.57E-03
 GAMMA-RAY                     71   8.67E-02    1.458E+00    1.26E-01
 GAMMA-RAY                     72   1.08E-02    1.503E+00    1.62E-02
 GAMMA-RAY                     75   1.29E-02    1.566E+00    2.02E-02
 GAMMA-RAY                     77   9.56E-02    1.678E+00    1.60E-01
 GAMMA-RAY                     78   4.10E-02    1.706E+00    7.00E-02
 GAMMA-RAY                     80   7.72E-02    1.791E+00    1.38E-01
 GAMMA-RAY                     81   5.80E-03    1.831E+00    1.06E-02
 GAMMA-RAY                     83   2.96E-03    1.927E+00    5.70E-03
 GAMMA-RAY                     85   8.72E-03    2.046E+00    1.78E-02
 GAMMA-RAY                     90   6.14E-03    2.255E+00    1.39E-02
 GAMMA-RAY                     91   9.56E-03    2.409E+00    2.30E-02
 GAMMA-RAY                     93   7.17E-04    2.466E+00    1.77E-03
 
 ALL LISTED X-RAYS, GAMMA-RAYS AND ANNIHILATION RADIATION    1.55E+00
 ALL NEGLECTED X-RAYS, GAMMA-RAYS AND ANNIH. RADIATION**     3.17E-02
 ALL LISTED BETAS, INTERNAL CONVERSION AND AUGER ELECTRONS   3.43E-01
 ALL NEGLECTED BETAS, INT. CONVERSION AND AUGER ELECTRONS**  3.18E-03
 ALL LISTED RADIATIONS                                       1.89E+00
 ALL NEGLECTED RADIATIONS**                                  3.49E-02
 
 *  AVERAGE ENERGY (MEV)
 ** EACH NEGLECTED TRANSITION CONTRIBUTES LESS THAN  0.100%
    TO THE TOTAL MEV/TRANSFORMATION FOR THIS CATEGORY.
 TOTAL FEEDING OF 0.526551 MEV ISOMERIC LEVEL IN 135-XENON       
   DAUGHTER IS 1.6568E-01 PER TRANSFORMATION OF 135-IODINE.
   DECAY OF THIS 15.29 MINUTES HALFLIFE LEVEL WILL CONTRIBUTE TO DOSE.
 TOTAL FEEDING OF GROUND STATE LEVEL IN 135-XENON
   DAUGHTER IS 8.3432E-01 PER TRANSFORMATION OF 135-IODINE.
   DECAY OF THIS 9.14 HOURS HALFLIFE LEVEL WILL CONTRIBUTE TO DOSE.
