 131-IODINE-53           HALFLIFE = 8.0207 DAYS    

  MODE OF DECAY: BETA MINUS
 
                                    MEAN
                                    NUMBER/                  MEV/
                               ID   TRANSFOR-   ENERGY       TRANSFOR-
        TYPE OF RADIATION      NO.  MATION      (MEV)        MATION

 BETA MINUS                     1   2.09E-02    6.935E-02*   1.45E-03
 BETA MINUS                     2   6.48E-03    8.693E-02*   5.63E-04
 BETA MINUS                     3   7.24E-02    9.659E-02*   6.99E-03
 BETA MINUS                     4   8.95E-01    1.915E-01*   1.71E-01
 BETA MINUS                     6   4.78E-03    2.832E-01*   1.35E-03
 GAMMA-RAY                      1   2.62E-02    8.019E-02    2.10E-03
 K CONV. ELECTRON, GAMMA-RAY    1   3.55E-02    4.563E-02    1.62E-03
 L1 CONV. ELECTRON, GAMMA-RAY   1   4.33E-03    7.477E-02    3.24E-04
 GAMMA-RAY                      4   2.70E-03    1.772E-01    4.78E-04
 GAMMA-RAY                      7   6.14E-02    2.843E-01    1.74E-02
 K CONV. ELECTRON, GAMMA-RAY    7   2.51E-03    2.497E-01    6.26E-04
 GAMMA-RAY                     12   2.74E-03    3.258E-01    8.92E-04
 GAMMA-RAY                     14   8.17E-01    3.645E-01    2.98E-01
 K CONV. ELECTRON, GAMMA-RAY   14   1.56E-02    3.299E-01    5.16E-03
 L1 CONV. ELECTRON, GAMMA-RAY  14   1.73E-03    3.591E-01    6.23E-04
 GAMMA-RAY                     17   3.60E-03    5.030E-01    1.81E-03
 GAMMA-RAY                     18   7.17E-02    6.370E-01    4.57E-02
 GAMMA-RAY                     19   2.17E-03    6.427E-01    1.40E-03
 GAMMA-RAY                     20   1.77E-02    7.229E-01    1.28E-02
 K -L2 X-RAY                        1.40E-02    2.945E-02    4.13E-04
 K -L3 X-RAY                        2.59E-02    2.978E-02    7.73E-04
 
 ALL LISTED X-RAYS, GAMMA-RAYS AND ANNIHILATION RADIATION    3.82E-01
 ALL NEGLECTED X-RAYS, GAMMA-RAYS AND ANNIH. RADIATION**     1.15E-03
 ALL LISTED BETAS, INTERNAL CONVERSION AND AUGER ELECTRONS   1.90E-01
 ALL NEGLECTED BETAS, INT. CONVERSION AND AUGER ELECTRONS**  1.73E-03
 ALL LISTED RADIATIONS                                       5.72E-01
 ALL NEGLECTED RADIATIONS**                                  2.88E-03
 
 *  AVERAGE ENERGY (MEV)
 ** EACH NEGLECTED TRANSITION CONTRIBUTES LESS THAN  0.100%
    TO THE TOTAL MEV/TRANSFORMATION FOR THIS CATEGORY.
 TOTAL FEEDING OF 0.163929 MEV ISOMERIC LEVEL IN 131-XENON       
   DAUGHTER IS 1.1759E-02 PER TRANSFORMATION OF 131-IODINE.
   DECAY OF THIS 11.84 DAYS HALFLIFE LEVEL WILL CONTRIBUTE TO DOSE.
 TOTAL FEEDING OF GROUND STATE LEVEL IN 131-XENON
   DAUGHTER IS 9.8824E-01 PER TRANSFORMATION OF 131-IODINE.
   THIS DAUGHTER GROUND STATE IS STABLE.
