 132-IODINE-53           HALFLIFE = 2.295 HOURS   

  MODE OF DECAY: BETA MINUS
 
                                    MEAN
                                    NUMBER/                  MEV/
                               ID   TRANSFOR-   ENERGY       TRANSFOR-
        TYPE OF RADIATION      NO.  MATION      (MEV)        MATION

 BETA MINUS                    13   7.46E-03    1.544E-01*   1.15E-03
 BETA MINUS                    14   6.56E-03    1.609E-01*   1.06E-03
 BETA MINUS                    18   8.45E-03    2.225E-01*   1.88E-03
 BETA MINUS                    19   1.32E-02    2.418E-01*   3.20E-03
 BETA MINUS                    20   1.29E-01    2.423E-01*   3.13E-02
 BETA MINUS                    21   3.78E-03    2.751E-01*   1.04E-03
 BETA MINUS                    22   3.44E-02    3.086E-01*   1.06E-02
 BETA MINUS                    23   8.15E-02    3.314E-01*   2.70E-02
 BETA MINUS                    24   2.71E-02    3.414E-01*   9.27E-03
 BETA MINUS                    25   3.09E-02    3.435E-01*   1.06E-02
 BETA MINUS                    26   2.49E-02    4.091E-01*   1.02E-02
 BETA MINUS                    27   1.87E-01    4.216E-01*   7.88E-02
 BETA MINUS                    28   7.06E-03    4.403E-01*   3.11E-03
 BETA MINUS                    29   8.95E-03    5.187E-01*   4.64E-03
 BETA MINUS                    30   8.95E-02    5.432E-01*   4.86E-02
 BETA MINUS                    31   1.29E-03    5.737E-01*   7.42E-04
 BETA MINUS                    32   1.25E-01    6.076E-01*   7.61E-02
 BETA MINUS                    33   5.97E-03    6.780E-01*   4.05E-03
 BETA MINUS                    34   1.89E-01    8.413E-01*   1.59E-01
 GAMMA-RAY                     10   1.28E-02    2.629E-01    3.37E-03
 GAMMA-RAY                     29   6.02E-03    4.462E-01    2.69E-03
 GAMMA-RAY                     34   4.93E-02    5.058E-01    2.50E-02
 GAMMA-RAY                     35   1.60E-01    5.227E-01    8.36E-02
 K CONV. ELECTRON, GAMMA-RAY   35   1.41E-03    4.881E-01    6.87E-04
 GAMMA-RAY                     36   5.13E-03    5.354E-01    2.75E-03
 GAMMA-RAY                     37   1.14E-02    5.472E-01    6.21E-03
 GAMMA-RAY                     45   3.95E-03    6.209E-01    2.45E-03
 GAMMA-RAY                     46   1.58E-02    6.212E-01    9.81E-03
 GAMMA-RAY                     47   1.33E-01    6.302E-01    8.40E-02
 GAMMA-RAY                     49   2.57E-02    6.505E-01    1.67E-02
 GAMMA-RAY                     50   9.87E-01    6.677E-01    6.59E-01
 K CONV. ELECTRON, GAMMA-RAY   50   3.54E-03    6.332E-01    2.24E-03
 GAMMA-RAY                     51   4.64E-02    6.698E-01    3.11E-02
 GAMMA-RAY                     52   3.45E-02    6.714E-01    2.32E-02
 GAMMA-RAY                     56   2.17E-02    7.270E-01    1.58E-02
 GAMMA-RAY                     57   3.16E-02    7.272E-01    2.30E-02
 GAMMA-RAY                     58   1.58E-02    7.284E-01    1.15E-02
 GAMMA-RAY                     60   7.56E-01    7.726E-01    5.84E-01
 K CONV. ELECTRON, GAMMA-RAY   60   1.90E-03    7.380E-01    1.40E-03
 GAMMA-RAY                     61   1.18E-02    7.800E-01    9.24E-03
 GAMMA-RAY                     62   3.85E-03    7.844E-01    3.02E-03
 GAMMA-RAY                     64   2.57E-02    8.095E-01    2.08E-02
 GAMMA-RAY                     65   5.53E-02    8.120E-01    4.49E-02
 GAMMA-RAY                     68   5.63E-03    8.630E-01    4.86E-03
 GAMMA-RAY                     71   1.04E-02    8.766E-01    9.08E-03
 GAMMA-RAY                     76   9.28E-03    9.101E-01    8.44E-03
 GAMMA-RAY                     77   4.15E-03    9.274E-01    3.84E-03
 GAMMA-RAY                     79   1.76E-01    9.546E-01    1.68E-01
 GAMMA-RAY                     81   5.92E-03    9.842E-01    5.83E-03
 GAMMA-RAY                     87   5.13E-03    1.035E+00    5.31E-03
 GAMMA-RAY                     95   3.01E-02    1.136E+00    3.42E-02
 GAMMA-RAY                     96   1.35E-02    1.143E+00    1.55E-02
 GAMMA-RAY                     97   2.66E-03    1.148E+00    3.06E-03
 GAMMA-RAY                     98   1.09E-02    1.173E+00    1.27E-02
 GAMMA-RAY                    104   1.13E-02    1.291E+00    1.45E-02
 GAMMA-RAY                    105   1.88E-02    1.295E+00    2.43E-02
 GAMMA-RAY                    106   8.88E-03    1.298E+00    1.15E-02
 GAMMA-RAY                    110   2.47E-02    1.372E+00    3.39E-02
 GAMMA-RAY                    112   7.01E-02    1.399E+00    9.80E-02
 GAMMA-RAY                    114   1.40E-02    1.443E+00    2.02E-02
 GAMMA-RAY                    136   2.96E-03    1.757E+00    5.20E-03
 GAMMA-RAY                    146   1.23E-02    1.921E+00    2.37E-02
 GAMMA-RAY                    150   1.14E-02    2.002E+00    2.27E-02
 GAMMA-RAY                    151   2.57E-03    2.087E+00    5.36E-03
 GAMMA-RAY                    152   2.07E-03    2.173E+00    4.50E-03
 GAMMA-RAY                    155   1.18E-03    2.223E+00    2.63E-03
 GAMMA-RAY                    158   1.88E-03    2.390E+00    4.48E-03
 
 ALL LISTED X-RAYS, GAMMA-RAYS AND ANNIHILATION RADIATION    2.20E+00
 ALL NEGLECTED X-RAYS, GAMMA-RAYS AND ANNIH. RADIATION**     6.09E-02
 ALL LISTED BETAS, INTERNAL CONVERSION AND AUGER ELECTRONS   4.87E-01
 ALL NEGLECTED BETAS, INT. CONVERSION AND AUGER ELECTRONS**  6.23E-03
 ALL LISTED RADIATIONS                                       2.69E+00
 ALL NEGLECTED RADIATIONS**                                  6.71E-02
 
 *  AVERAGE ENERGY (MEV)
 ** EACH NEGLECTED TRANSITION CONTRIBUTES LESS THAN  0.100%
    TO THE TOTAL MEV/TRANSFORMATION FOR THIS CATEGORY.
 TOTAL FEEDING OF GROUND STATE LEVEL IN 132-XENON
   DAUGHTER IS 1.0000E+00 PER TRANSFORMATION OF 132-IODINE.
   THIS DAUGHTER GROUND STATE IS STABLE.
