 110M-INDIUM-49          HALFLIFE = 69.1 MINUTES 

  MODES OF DECAY: ELECTRON CAPTURE, BETA PLUS
 
                                    MEAN
                                    NUMBER/                  MEV/
                               ID   TRANSFOR-   ENERGY       TRANSFOR-
        TYPE OF RADIATION      NO.  MATION      (MEV)        MATION

 BETA PLUS                      8   2.33E-03    5.056E-01*   1.18E-03
 BETA PLUS                     11   2.61E-03    6.427E-01*   1.67E-03
 BETA PLUS                     13   6.11E-01    1.015E+00*   6.20E-01
 ANNIHILATION RADIATION             1.24E+00    5.110E-01    6.31E-01
 GAMMA-RAY                      6   9.81E-01    6.578E-01    6.45E-01
 K CONV. ELECTRON, GAMMA-RAY    6   2.68E-03    6.311E-01    1.69E-03
 GAMMA-RAY                      9   2.98E-03    8.153E-01    2.43E-03
 GAMMA-RAY                     10   8.73E-03    8.181E-01    7.14E-03
 GAMMA-RAY                     18   1.04E-02    1.126E+00    1.17E-02
 GAMMA-RAY                     20   2.91E-03    1.236E+00    3.60E-03
 GAMMA-RAY                     26   4.51E-03    1.421E+00    6.41E-03
 GAMMA-RAY                     28   4.12E-03    1.476E+00    6.08E-03
 GAMMA-RAY                     29   1.08E-03    1.505E+00    1.62E-03
 GAMMA-RAY                     32   1.21E-03    1.603E+00    1.93E-03
 GAMMA-RAY                     37   2.55E-03    1.698E+00    4.33E-03
 GAMMA-RAY                     42   2.94E-03    1.783E+00    5.25E-03
 GAMMA-RAY                     44   1.41E-03    1.975E+00    2.79E-03
 GAMMA-RAY                     45   1.29E-03    2.002E+00    2.59E-03
 GAMMA-RAY                     46   2.16E-02    2.129E+00    4.60E-02
 GAMMA-RAY                     47   1.75E-02    2.211E+00    3.86E-02
 GAMMA-RAY                     50   1.29E-02    2.317E+00    2.99E-02
 GAMMA-RAY                     51   5.25E-03    2.421E+00    1.27E-02
 GAMMA-RAY                     52   2.93E-03    2.444E+00    7.17E-03
 GAMMA-RAY                     54   2.15E-03    2.536E+00    5.45E-03
 GAMMA-RAY                     56   3.98E-03    2.657E+00    1.06E-02
 GAMMA-RAY                     57   8.83E-04    2.745E+00    2.42E-03
 GAMMA-RAY                     58   7.06E-04    2.787E+00    1.97E-03
 GAMMA-RAY                     59   5.09E-03    2.809E+00    1.43E-02
 GAMMA-RAY                     60   5.69E-04    2.818E+00    1.60E-03
 GAMMA-RAY                     62   8.24E-04    2.892E+00    2.38E-03
 GAMMA-RAY                     64   1.10E-03    2.975E+00    3.27E-03
 GAMMA-RAY                     65   1.24E-03    3.044E+00    3.76E-03
 GAMMA-RAY                     67   2.60E-03    3.078E+00    8.00E-03
 GAMMA-RAY                     73   5.79E-03    3.475E+00    2.01E-02
 GAMMA-RAY                     74   1.12E-03    3.597E+00    4.02E-03
 GAMMA-RAY                     76   6.08E-04    3.772E+00    2.29E-03
 K -L2 X-RAY                        8.07E-02    2.296E-02    1.85E-03
 K -L3 X-RAY                        1.52E-01    2.315E-02    3.51E-03
 AUGER KLL                          3.58E-02    1.928E-02*   6.90E-04
 AUGER LMM                          2.72E-01    2.610E-03*   7.10E-04
 
 ALL LISTED X-RAYS, GAMMA-RAYS AND ANNIHILATION RADIATION    1.55E+00
 ALL NEGLECTED X-RAYS, GAMMA-RAYS AND ANNIH. RADIATION**     2.61E-02
 ALL LISTED BETAS, INTERNAL CONVERSION AND AUGER ELECTRONS   6.26E-01
 ALL NEGLECTED BETAS, INT. CONVERSION AND AUGER ELECTRONS**  2.02E-03
 ALL LISTED RADIATIONS                                       2.18E+00
 ALL NEGLECTED RADIATIONS**                                  2.81E-02
 
 *  AVERAGE ENERGY (MEV)
 ** EACH NEGLECTED TRANSITION CONTRIBUTES LESS THAN  0.100%
    TO THE TOTAL MEV/TRANSFORMATION FOR THIS CATEGORY.
 TOTAL FEEDING OF GROUND STATE LEVEL IN 110-CADMIUM
   DAUGHTER IS 1.0000E+00  PER TRANSFORMATION OF 110M-INDIUM.
   THIS DAUGHTER GROUND STATE IS STABLE.
