 111-INDIUM-49           HALFLIFE = 2.8047 DAYS    

  MODE OF DECAY: ELECTRON CAPTURE
 
                                    MEAN
                                    NUMBER/                  MEV/
                               ID   TRANSFOR-   ENERGY       TRANSFOR-
        TYPE OF RADIATION      NO.  MATION      (MEV)        MATION

 GAMMA-RAY                      2   9.06E-01    1.713E-01    1.55E-01
 K CONV. ELECTRON, GAMMA-RAY    2   8.51E-02    1.446E-01    1.23E-02
 L1 CONV. ELECTRON, GAMMA-RAY   2   9.80E-03    1.673E-01    1.64E-03
 L2 CONV. ELECTRON, GAMMA-RAY   2   6.70E-04    1.675E-01    1.12E-04
 L3 CONV. ELECTRON, GAMMA-RAY   2   2.98E-04    1.677E-01    5.00E-05
 M CONV. ELECTRON, GAMMA-RAY    2   2.09E-03    1.707E-01*   3.56E-04
 N+ CONV. ELECTRON, GAMMA-RAY   2   4.35E-04    1.713E-01*   7.44E-05
 GAMMA-RAY                      3   9.41E-01    2.454E-01    2.31E-01
 K CONV. ELECTRON, GAMMA-RAY    3   5.04E-02    2.187E-01    1.10E-02
 L1 CONV. ELECTRON, GAMMA-RAY   3   5.20E-03    2.414E-01    1.26E-03
 L2 CONV. ELECTRON, GAMMA-RAY   3   1.41E-03    2.416E-01    3.40E-04
 L3 CONV. ELECTRON, GAMMA-RAY   3   1.35E-03    2.418E-01    3.26E-04
 M CONV. ELECTRON, GAMMA-RAY    3   1.56E-03    2.447E-01*   3.81E-04
 N+ CONV. ELECTRON, GAMMA-RAY   3   3.09E-04    2.454E-01*   7.58E-05
 K -L2 X-RAY                        2.40E-01    2.296E-02    5.50E-03
 K -L3 X-RAY                        4.50E-01    2.315E-02    1.04E-02
 K -M2 X-RAY                        3.97E-02    2.604E-02    1.03E-03
 K -M3 X-RAY                        7.72E-02    2.608E-02    2.01E-03
 K -N3 X-RAY                        1.57E-02    2.662E-02    4.18E-04
 AUGER KLL                          1.06E-01    1.928E-02*   2.05E-03
 AUGER KLX                          4.37E-02    2.242E-02*   9.81E-04
 AUGER KXY                          4.33E-03    2.558E-02*   1.11E-04
 AUGER LMM                          8.16E-01    2.611E-03*   2.13E-03
 AUGER LMX                          1.88E-01    3.054E-03*   5.74E-04
 AUGER LXY                          1.14E-02    3.515E-03*   4.00E-05
 CK MMX                             8.86E-01    1.280E-04*   1.13E-04
 AUGER MNN                          2.12E+00    3.454E-04*   7.31E-04
 CK NNX                             3.04E+00    3.677E-05*   1.12E-04
 
 ALL LISTED X-RAYS, GAMMA-RAYS AND ANNIHILATION RADIATION    4.06E-01
 ALL NEGLECTED X-RAYS, GAMMA-RAYS AND ANNIH. RADIATION**     6.06E-04
 ALL LISTED BETAS, INTERNAL CONVERSION AND AUGER ELECTRONS   3.48E-02
 ALL NEGLECTED BETAS, INT. CONVERSION AND AUGER ELECTRONS**  4.21E-05
 ALL LISTED RADIATIONS                                       4.40E-01
 ALL NEGLECTED RADIATIONS**                                  6.48E-04
 
 *  AVERAGE ENERGY (MEV)
 ** EACH NEGLECTED TRANSITION CONTRIBUTES LESS THAN  0.100%
    TO THE TOTAL MEV/TRANSFORMATION FOR THIS CATEGORY.
 TOTAL FEEDING OF 0.396160 MEV ISOMERIC LEVEL IN 111-CADMIUM     
   DAUGHTER IS 4.9998E-05 PER TRANSFORMATION OF 111-INDIUM.
   DECAY OF THIS 48.5 MINUTES HALFLIFE LEVEL WILL CONTRIBUTE TO DOSE.
 TOTAL FEEDING OF GROUND STATE LEVEL IN 111-CADMIUM
   DAUGHTER IS 9.9995E-01 PER TRANSFORMATION OF 111-INDIUM.
   THIS DAUGHTER GROUND STATE IS STABLE.
