 114-INDIUM-49           HALFLIFE = 71.9 SECONDS 

  MODES OF DECAY: BETA MINUS, ELECTRON CAPTURE, BETA PLUS
 
                                    MEAN
                                    NUMBER/                  MEV/
                               ID   TRANSFOR-   ENERGY       TRANSFOR-
        TYPE OF RADIATION      NO.  MATION      (MEV)        MATION

 BETA MINUS                     2   9.94E-01    7.787E-01*   7.74E-01
 GAMMA-RAY                      1   1.39E-03    1.300E+00    1.81E-03
 ANNIHILATION RADIATION             6.51E-05    5.110E-01    3.32E-05
 GAMMA-RAY                      1   6.72E-04    5.584E-01    3.75E-04
 GAMMA-RAY                      2   3.92E-05    5.758E-01    2.26E-05
 K -L2 X-RAY                        1.04E-03    2.296E-02    2.38E-05
 K -L3 X-RAY                        1.95E-03    2.315E-02    4.52E-05
 K -M2 X-RAY                        1.72E-04    2.604E-02    4.48E-06
 K -M3 X-RAY                        3.35E-04    2.608E-02    8.72E-06
 
 ALL LISTED X-RAYS, GAMMA-RAYS AND ANNIHILATION RADIATION    2.32E-03
 ALL NEGLECTED X-RAYS, GAMMA-RAYS AND ANNIH. RADIATION**     5.80E-06
 ALL LISTED BETAS, INTERNAL CONVERSION AND AUGER ELECTRONS   7.74E-01
 ALL NEGLECTED BETAS, INT. CONVERSION AND AUGER ELECTRONS**  3.53E-04
 ALL LISTED RADIATIONS                                       7.76E-01
 ALL NEGLECTED RADIATIONS**                                  3.58E-04
 
 *  AVERAGE ENERGY (MEV)
 ** EACH NEGLECTED TRANSITION CONTRIBUTES LESS THAN  0.100%
    TO THE TOTAL MEV/TRANSFORMATION FOR THIS CATEGORY.
 TOTAL FEEDING OF GROUND STATE LEVEL IN 114-TIN
   DAUGHTER IS 9.9500E-01 PER TRANSFORMATION OF 114-INDIUM.
   THIS DAUGHTER GROUND STATE IS STABLE.
 TOTAL FEEDING OF GROUND STATE LEVEL IN 114-CADMIUM
   DAUGHTER IS 5.0000E-03 PER TRANSFORMATION OF 114-INDIUM.
   THIS DAUGHTER GROUND STATE IS STABLE.
