 115M-INDIUM-49          HALFLIFE = 4.486 HOURS   

  MODES OF DECAY: ISOMERIC LEVEL, BETA MINUS
 
                                    MEAN
                                    NUMBER/                  MEV/
                               ID   TRANSFOR-   ENERGY       TRANSFOR-
        TYPE OF RADIATION      NO.  MATION      (MEV)        MATION

 GAMMA-RAY                      1   4.58E-01    3.362E-01    1.54E-01
 K CONV. ELECTRON, GAMMA-RAY    1   3.98E-01    3.083E-01    1.23E-01
 L1 CONV. ELECTRON, GAMMA-RAY   1   5.93E-02    3.320E-01    1.97E-02
 L2 CONV. ELECTRON, GAMMA-RAY   1   1.02E-02    3.323E-01    3.39E-03
 L3 CONV. ELECTRON, GAMMA-RAY   1   1.56E-02    3.325E-01    5.20E-03
 M CONV. ELECTRON, GAMMA-RAY    1   1.75E-02    3.356E-01*   5.87E-03
 N+ CONV. ELECTRON, GAMMA-RAY   1   3.68E-03    3.362E-01*   1.24E-03
 K -L2 X-RAY                        9.77E-02    2.398E-02    2.34E-03
 K -L3 X-RAY                        1.83E-01    2.419E-02    4.44E-03
 K -M2 X-RAY                        1.64E-02    2.722E-02    4.45E-04
 K -M3 X-RAY                        3.18E-02    2.726E-02    8.66E-04
 K -N3 X-RAY                        6.50E-03    2.784E-02    1.81E-04
 AUGER KLL                          3.99E-02    2.010E-02*   8.03E-04
 AUGER KLX                          1.67E-02    2.341E-02*   3.91E-04
 AUGER LMM                          3.42E-01    2.735E-03*   9.35E-04
 AUGER LMX                          8.36E-02    3.216E-03*   2.69E-04
 AUGER MNN                          8.64E-01    3.709E-04*   3.20E-04
 BETA MINUS                     2   4.95E-02    2.793E-01*   1.38E-02
 GAMMA-RAY                      1   4.70E-04    4.974E-01    2.34E-04
 
 ALL LISTED X-RAYS, GAMMA-RAYS AND ANNIHILATION RADIATION    1.62E-01
 ALL NEGLECTED X-RAYS, GAMMA-RAYS AND ANNIH. RADIATION**     2.70E-04
 ALL LISTED BETAS, INTERNAL CONVERSION AND AUGER ELECTRONS   1.75E-01
 ALL NEGLECTED BETAS, INT. CONVERSION AND AUGER ELECTRONS**  2.56E-04
 ALL LISTED RADIATIONS                                       3.37E-01
 ALL NEGLECTED RADIATIONS**                                  5.26E-04
 
 *  AVERAGE ENERGY (MEV)
 ** EACH NEGLECTED TRANSITION CONTRIBUTES LESS THAN  0.100%
    TO THE TOTAL MEV/TRANSFORMATION FOR THIS CATEGORY.
 TOTAL FEEDING OF GROUND STATE LEVEL IN 115-INDIUM
   DAUGHTER IS 9.5000E-01  PER TRANSFORMATION OF 115M-INDIUM.
   DECAY OF THIS 0.441E+15 YEARS HALFLIFE LEVEL WILL CONTRIBUTE TO DOSE.
 TOTAL FEEDING OF GROUND STATE LEVEL IN 115-TIN
   DAUGHTER IS 5.0000E-02  PER TRANSFORMATION OF 115M-INDIUM.
   THIS DAUGHTER GROUND STATE IS STABLE.
