 113M-INDIUM-49          HALFLIFE = 1.6579 HOURS   

  MODE OF DECAY: ISOMERIC LEVEL
 
                                    MEAN
                                    NUMBER/                  MEV/
                               ID   TRANSFOR-   ENERGY       TRANSFOR-
        TYPE OF RADIATION      NO.  MATION      (MEV)        MATION

 GAMMA-RAY                      1   6.49E-01    3.917E-01    2.54E-01
 K CONV. ELECTRON, GAMMA-RAY    1   2.92E-01    3.638E-01    1.06E-01
 L1 CONV. ELECTRON, GAMMA-RAY   1   4.20E-02    3.875E-01    1.63E-02
 L2 CONV. ELECTRON, GAMMA-RAY   1   6.69E-03    3.878E-01    2.59E-03
 L3 CONV. ELECTRON, GAMMA-RAY   1   8.85E-03    3.880E-01    3.43E-03
 M CONV. ELECTRON, GAMMA-RAY    1   1.17E-02    3.910E-01*   4.59E-03
 N+ CONV. ELECTRON, GAMMA-RAY   1   2.48E-03    3.917E-01*   9.73E-04
 K -L2 X-RAY                        7.17E-02    2.398E-02    1.72E-03
 K -L3 X-RAY                        1.34E-01    2.419E-02    3.25E-03
 K -M2 X-RAY                        1.20E-02    2.722E-02    3.27E-04
 K -M3 X-RAY                        2.33E-02    2.726E-02    6.35E-04
 AUGER KLL                          2.93E-02    2.010E-02*   5.89E-04
 AUGER KLX                          1.23E-02    2.341E-02*   2.87E-04
 AUGER LMM                          2.47E-01    2.735E-03*   6.76E-04
 AUGER LMX                          6.04E-02    3.215E-03*   1.94E-04
 AUGER MNN                          6.24E-01    3.709E-04*   2.31E-04
 
 ALL LISTED X-RAYS, GAMMA-RAYS AND ANNIHILATION RADIATION    2.60E-01
 ALL NEGLECTED X-RAYS, GAMMA-RAYS AND ANNIH. RADIATION**     3.29E-04
 ALL LISTED BETAS, INTERNAL CONVERSION AND AUGER ELECTRONS   1.36E-01
 ALL NEGLECTED BETAS, INT. CONVERSION AND AUGER ELECTRONS**  1.52E-04
 ALL LISTED RADIATIONS                                       3.96E-01
 ALL NEGLECTED RADIATIONS**                                  4.80E-04
 
 *  AVERAGE ENERGY (MEV)
 ** EACH NEGLECTED TRANSITION CONTRIBUTES LESS THAN  0.100%
    TO THE TOTAL MEV/TRANSFORMATION FOR THIS CATEGORY.
 TOTAL FEEDING OF GROUND STATE LEVEL IN 113-INDIUM
   DAUGHTER IS 1.0000E+00  PER TRANSFORMATION OF 113M-INDIUM.
   THIS DAUGHTER GROUND STATE IS STABLE.
