 111M-INDIUM-49          HALFLIFE = 7.7 MINUTES 

  MODE OF DECAY: ISOMERIC LEVEL
 
                                    MEAN
                                    NUMBER/                  MEV/
                               ID   TRANSFOR-   ENERGY       TRANSFOR-
        TYPE OF RADIATION      NO.  MATION      (MEV)        MATION

 GAMMA-RAY                      1   8.72E-01    5.370E-01    4.68E-01
 K CONV. ELECTRON, GAMMA-RAY    1   1.07E-01    5.091E-01    5.45E-02
 L1 CONV. ELECTRON, GAMMA-RAY   1   1.45E-02    5.328E-01    7.73E-03
 L2 CONV. ELECTRON, GAMMA-RAY   1   1.92E-03    5.331E-01    1.02E-03
 L3 CONV. ELECTRON, GAMMA-RAY   1   1.88E-03    5.333E-01    1.00E-03
 M CONV. ELECTRON, GAMMA-RAY    1   3.70E-03    5.363E-01*   1.98E-03
 N+ CONV. ELECTRON, GAMMA-RAY   1   7.89E-04    5.370E-01*   4.24E-04
 K -L2 X-RAY                        2.63E-02    2.398E-02    6.31E-04
 K -L3 X-RAY                        4.94E-02    2.419E-02    1.19E-03
 AUGER KLL                          1.08E-02    2.010E-02*   2.16E-04
 AUGER KLX                          4.50E-03    2.341E-02*   1.05E-04
 AUGER LMM                          8.87E-02    2.735E-03*   2.42E-04
 AUGER LMX                          2.17E-02    3.215E-03*   6.97E-05
 AUGER MNN                          2.24E-01    3.708E-04*   8.30E-05
 
 ALL LISTED X-RAYS, GAMMA-RAYS AND ANNIHILATION RADIATION    4.70E-01
 ALL NEGLECTED X-RAYS, GAMMA-RAYS AND ANNIH. RADIATION**     4.73E-04
 ALL LISTED BETAS, INTERNAL CONVERSION AND AUGER ELECTRONS   6.74E-02
 ALL NEGLECTED BETAS, INT. CONVERSION AND AUGER ELECTRONS**  5.45E-05
 ALL LISTED RADIATIONS                                       5.37E-01
 ALL NEGLECTED RADIATIONS**                                  5.27E-04
 
 *  AVERAGE ENERGY (MEV)
 ** EACH NEGLECTED TRANSITION CONTRIBUTES LESS THAN  0.100%
    TO THE TOTAL MEV/TRANSFORMATION FOR THIS CATEGORY.
 TOTAL FEEDING OF GROUND STATE LEVEL IN 111-INDIUM
   DAUGHTER IS 1.0000E+00  PER TRANSFORMATION OF 111M-INDIUM.
   DECAY OF THIS 2.8047 DAYS HALFLIFE LEVEL WILL CONTRIBUTE TO DOSE.
