 114M-INDIUM-49          HALFLIFE = 49.51 DAYS    

  MODES OF DECAY: ISOMERIC LEVEL, ELECTRON CAPTURE
 
                                    MEAN
                                    NUMBER/                  MEV/
                               ID   TRANSFOR-   ENERGY       TRANSFOR-
        TYPE OF RADIATION      NO.  MATION      (MEV)        MATION

 GAMMA-RAY                      1   1.56E-01    1.903E-01    2.96E-02
 K CONV. ELECTRON, GAMMA-RAY    1   3.98E-01    1.623E-01    6.46E-02
 L1 CONV. ELECTRON, GAMMA-RAY   1   3.72E-02    1.861E-01    6.93E-03
 L2 CONV. ELECTRON, GAMMA-RAY   1   1.60E-01    1.863E-01    2.99E-02
 L3 CONV. ELECTRON, GAMMA-RAY   1   1.28E-01    1.865E-01    2.38E-02
 M CONV. ELECTRON, GAMMA-RAY    1   6.92E-02    1.896E-01*   1.31E-02
 N+ CONV. ELECTRON, GAMMA-RAY   1   1.32E-02    1.903E-01*   2.51E-03
 K -L2 X-RAY                        9.77E-02    2.398E-02    2.34E-03
 K -L3 X-RAY                        1.83E-01    2.419E-02    4.44E-03
 K -M2 X-RAY                        1.64E-02    2.722E-02    4.45E-04
 K -M3 X-RAY                        3.18E-02    2.726E-02    8.66E-04
 K -N2 X-RAY                        3.34E-03    2.783E-02    9.29E-05
 K -N3 X-RAY                        6.50E-03    2.784E-02    1.81E-04
 Free-Bound X-RAY                   1.06E+01    8.132E-06    8.62E-05
 AUGER KLL                          3.99E-02    2.010E-02*   8.03E-04
 AUGER KLX                          1.67E-02    2.341E-02*   3.91E-04
 AUGER LMM                          5.19E-01    2.734E-03*   1.42E-03
 AUGER LMX                          1.27E-01    3.213E-03*   4.07E-04
 AUGER MNN                          1.32E+00    3.703E-04*   4.89E-04
 GAMMA-RAY                      1   3.24E-02    5.584E-01    1.81E-02
 GAMMA-RAY                      2   3.24E-02    7.252E-01    2.35E-02
 K -L2 X-RAY                        6.74E-03    2.296E-02    1.55E-04
 K -L3 X-RAY                        1.27E-02    2.315E-02    2.93E-04
 
 ALL LISTED X-RAYS, GAMMA-RAYS AND ANNIHILATION RADIATION    8.01E-02
 ALL NEGLECTED X-RAYS, GAMMA-RAYS AND ANNIH. RADIATION**     2.92E-04
 ALL LISTED BETAS, INTERNAL CONVERSION AND AUGER ELECTRONS   1.44E-01
 ALL NEGLECTED BETAS, INT. CONVERSION AND AUGER ELECTRONS**  6.18E-04
 ALL LISTED RADIATIONS                                       2.25E-01
 ALL NEGLECTED RADIATIONS**                                  9.11E-04
 
 *  AVERAGE ENERGY (MEV)
 ** EACH NEGLECTED TRANSITION CONTRIBUTES LESS THAN  0.100%
    TO THE TOTAL MEV/TRANSFORMATION FOR THIS CATEGORY.
 TOTAL FEEDING OF GROUND STATE LEVEL IN 114-INDIUM
   DAUGHTER IS 9.6750E-01  PER TRANSFORMATION OF 114M-INDIUM.
   DECAY OF THIS 71.9 SECONDS HALFLIFE LEVEL WILL CONTRIBUTE TO DOSE.
 TOTAL FEEDING OF GROUND STATE LEVEL IN 114-CADMIUM
   DAUGHTER IS 3.2500E-02  PER TRANSFORMATION OF 114M-INDIUM.
   THIS DAUGHTER GROUND STATE IS STABLE.
