 110-INDIUM-49           HALFLIFE = 4.9 HOURS   

  MODES OF DECAY: ELECTRON CAPTURE, BETA PLUS
 
                                    MEAN
                                    NUMBER/                  MEV/
                               ID   TRANSFOR-   ENERGY       TRANSFOR-
        TYPE OF RADIATION      NO.  MATION      (MEV)        MATION

 BETA PLUS                      1   1.03E-04    1.746E-01*   1.80E-05
 BETA PLUS                      2   1.02E-04    2.580E-01*   2.63E-05
 GAMMA-RAY                      3   2.26E-02    4.611E-01    1.04E-02
 K CONV. ELECTRON, GAMMA-RAY    3   1.62E-04    4.344E-01    7.06E-05
 GAMMA-RAY                      4   4.72E-02    4.618E-01    2.18E-02
 K CONV. ELECTRON, GAMMA-RAY    4   1.07E-04    4.351E-01    4.66E-05
 GAMMA-RAY                      6   1.87E-02    5.603E-01    1.05E-02
 K CONV. ELECTRON, GAMMA-RAY    6   7.83E-05    5.336E-01    4.18E-05
 GAMMA-RAY                      7   8.55E-02    5.819E-01    4.98E-02
 K CONV. ELECTRON, GAMMA-RAY    7   1.13E-04    5.552E-01    6.26E-05
 GAMMA-RAY                      8   6.49E-02    5.842E-01    3.79E-02
 K CONV. ELECTRON, GAMMA-RAY    8   2.64E-04    5.575E-01    1.47E-04
 L1 CONV. ELECTRON, GAMMA-RAY   8   3.02E-05    5.802E-01    1.75E-05
 GAMMA-RAY                      9   1.47E-02    6.262E-01    9.23E-03
 K CONV. ELECTRON, GAMMA-RAY    9   4.59E-05    5.996E-01    2.75E-05
 GAMMA-RAY                     10   2.59E-01    6.417E-01    1.67E-01
 K CONV. ELECTRON, GAMMA-RAY   10   8.43E-04    6.150E-01    5.19E-04
 L1 CONV. ELECTRON, GAMMA-RAY  10   9.62E-05    6.377E-01    6.13E-05
 M CONV. ELECTRON, GAMMA-RAY   10   1.94E-05    6.411E-01*   1.24E-05
 GAMMA-RAY                     12   9.83E-01    6.578E-01    6.47E-01
 K CONV. ELECTRON, GAMMA-RAY   12   2.69E-03    6.311E-01    1.70E-03
 L1 CONV. ELECTRON, GAMMA-RAY  12   2.97E-04    6.538E-01    1.94E-04
 L2 CONV. ELECTRON, GAMMA-RAY  12   2.46E-05    6.540E-01    1.61E-05
 M CONV. ELECTRON, GAMMA-RAY   12   6.57E-05    6.571E-01*   4.32E-05
 GAMMA-RAY                     13   4.52E-02    6.776E-01    3.06E-02
 K CONV. ELECTRON, GAMMA-RAY   13   1.30E-04    6.509E-01    8.46E-05
 GAMMA-RAY                     15   2.95E-01    7.074E-01    2.09E-01
 K CONV. ELECTRON, GAMMA-RAY   15   7.38E-04    6.807E-01    5.02E-04
 L1 CONV. ELECTRON, GAMMA-RAY  15   8.18E-05    7.034E-01    5.75E-05
 M CONV. ELECTRON, GAMMA-RAY   15   1.79E-05    7.068E-01*   1.26E-05
 GAMMA-RAY                     16   1.64E-02    7.081E-01    1.16E-02
 K CONV. ELECTRON, GAMMA-RAY   16   4.26E-05    6.814E-01    2.90E-05
 GAMMA-RAY                     17   1.97E-02    7.443E-01    1.46E-02
 K CONV. ELECTRON, GAMMA-RAY   17   3.93E-05    7.176E-01    2.82E-05
 GAMMA-RAY                     18   3.15E-02    7.599E-01    2.39E-02
 K CONV. ELECTRON, GAMMA-RAY   18   6.92E-05    7.332E-01    5.08E-05
 GAMMA-RAY                     22   2.26E-02    8.180E-01    1.85E-02
 K CONV. ELECTRON, GAMMA-RAY   22   4.20E-05    7.913E-01    3.32E-05
 GAMMA-RAY                     23   3.24E-02    8.447E-01    2.74E-02
 K CONV. ELECTRON, GAMMA-RAY   23   4.78E-05    8.180E-01    3.91E-05
 GAMMA-RAY                     25   9.29E-01    8.847E-01    8.22E-01
 K CONV. ELECTRON, GAMMA-RAY   25   1.23E-03    8.580E-01    1.05E-03
 L1 CONV. ELECTRON, GAMMA-RAY  25   1.36E-04    8.807E-01    1.20E-04
 M CONV. ELECTRON, GAMMA-RAY   25   2.89E-05    8.841E-01*   2.55E-05
 GAMMA-RAY                     26   1.97E-02    9.015E-01    1.77E-02
 K CONV. ELECTRON, GAMMA-RAY   26   2.49E-05    8.748E-01    2.17E-05
 GAMMA-RAY                     27   6.84E-01    9.375E-01    6.41E-01
 K CONV. ELECTRON, GAMMA-RAY   27   7.91E-04    9.108E-01    7.20E-04
 L1 CONV. ELECTRON, GAMMA-RAY  27   8.78E-05    9.335E-01    8.20E-05
 M CONV. ELECTRON, GAMMA-RAY   27   1.85E-05    9.369E-01*   1.73E-05
 GAMMA-RAY                     28   1.05E-01    9.972E-01    1.05E-01
 K CONV. ELECTRON, GAMMA-RAY   28   4.54E-05    9.705E-01    4.41E-05
 GAMMA-RAY                     30   6.88E-03    1.019E+00    7.01E-03
 GAMMA-RAY                     31   8.06E-03    1.045E+00    8.42E-03
 GAMMA-RAY                     32   1.37E-02    1.086E+00    1.48E-02
 GAMMA-RAY                     33   4.23E-02    1.117E+00    4.72E-02
 K CONV. ELECTRON, GAMMA-RAY   33   1.47E-05    1.091E+00    1.60E-05
 GAMMA-RAY                     35   2.95E-03    1.163E+00    3.43E-03
 GAMMA-RAY                     36   3.44E-03    1.305E+00    4.49E-03
 GAMMA-RAY                     37   9.83E-03    1.334E+00    1.31E-02
 GAMMA-RAY                     39   4.62E-03    1.421E+00    6.56E-03
 GAMMA-RAY                     40   1.25E-02    1.476E+00    1.84E-02
 GAMMA-RAY                     41   2.56E-03    1.505E+00    3.85E-03
 GAMMA-RAY                     43   5.01E-03    1.562E+00    7.83E-03
 GAMMA-RAY                     44   2.56E-03    1.579E+00    4.04E-03
 GAMMA-RAY                     46   4.62E-03    1.630E+00    7.53E-03
 GAMMA-RAY                     47   2.56E-03    1.698E+00    4.34E-03
 GAMMA-RAY                     49   6.19E-03    1.802E+00    1.12E-02
 GAMMA-RAY                     50   2.95E-03    1.903E+00    5.61E-03
 GAMMA-RAY                     51   3.83E-03    1.983E+00    7.60E-03
 K -L2 X-RAY                        2.10E-01    2.296E-02    4.81E-03
 K -L3 X-RAY                        3.94E-01    2.315E-02    9.13E-03
 AUGER KLL                          9.31E-02    1.928E-02*   1.79E-03
 AUGER KLX                          3.83E-02    2.242E-02*   8.59E-04
 AUGER KXY                          3.79E-03    2.558E-02*   9.69E-05
 CK LLX                             1.65E-01    1.661E-04*   2.74E-05
 AUGER LMM                          7.11E-01    2.611E-03*   1.86E-03
 AUGER LMX                          1.64E-01    3.054E-03*   5.00E-04
 AUGER LXY                          9.91E-03    3.515E-03*   3.48E-05
 CK MMX                             7.71E-01    1.280E-04*   9.87E-05
 AUGER MNN                          1.84E+00    3.454E-04*   6.37E-04
 CK NNX                             2.64E+00    3.677E-05*   9.73E-05
 
 ALL LISTED X-RAYS, GAMMA-RAYS AND ANNIHILATION RADIATION    3.06E+00
 ALL NEGLECTED X-RAYS, GAMMA-RAYS AND ANNIH. RADIATION**     3.43E-02
 ALL LISTED BETAS, INTERNAL CONVERSION AND AUGER ELECTRONS   1.19E-02
 ALL NEGLECTED BETAS, INT. CONVERSION AND AUGER ELECTRONS**  2.84E-04
 ALL LISTED RADIATIONS                                       3.07E+00
 ALL NEGLECTED RADIATIONS**                                  3.45E-02
 
 *  AVERAGE ENERGY (MEV)
 ** EACH NEGLECTED TRANSITION CONTRIBUTES LESS THAN  0.100%
    TO THE TOTAL MEV/TRANSFORMATION FOR THIS CATEGORY.
 TOTAL FEEDING OF GROUND STATE LEVEL IN 110-CADMIUM
   DAUGHTER IS 1.0000E+00 PER TRANSFORMATION OF 110-INDIUM.
   THIS DAUGHTER GROUND STATE IS STABLE.
