 109M-INDIUM-49          HALFLIFE = 1.34 MINUTES 

  MODE OF DECAY: ISOMERIC LEVEL
 
                                    MEAN
                                    NUMBER/                  MEV/
                               ID   TRANSFOR-   ENERGY       TRANSFOR-
        TYPE OF RADIATION      NO.  MATION      (MEV)        MATION

 GAMMA-RAY                      1   9.34E-01    6.501E-01    6.07E-01
 K CONV. ELECTRON, GAMMA-RAY    1   5.49E-02    6.222E-01    3.42E-02
 L1 CONV. ELECTRON, GAMMA-RAY   1   7.22E-03    6.459E-01    4.66E-03
 L2 CONV. ELECTRON, GAMMA-RAY   1   8.37E-04    6.462E-01    5.41E-04
 L3 CONV. ELECTRON, GAMMA-RAY   1   6.81E-04    6.464E-01    4.40E-04
 M CONV. ELECTRON, GAMMA-RAY    1   1.75E-03    6.494E-01*   1.14E-03
 N+ CONV. ELECTRON, GAMMA-RAY   1   3.75E-04    6.501E-01*   2.44E-04
 K -L3 X-RAY                        2.53E-02    2.419E-02    6.12E-04
 AUGER KLL                          5.51E-03    2.010E-02*   1.11E-04
 AUGER KLX                          2.31E-03    2.341E-02*   5.40E-05
 AUGER LMM                          4.50E-02    2.735E-03*   1.23E-04
 AUGER MNN                          1.14E-01    3.708E-04*   4.21E-05
 
 ALL LISTED X-RAYS, GAMMA-RAYS AND ANNIHILATION RADIATION    6.08E-01
 ALL NEGLECTED X-RAYS, GAMMA-RAYS AND ANNIH. RADIATION**     5.66E-04
 ALL LISTED BETAS, INTERNAL CONVERSION AND AUGER ELECTRONS   4.15E-02
 ALL NEGLECTED BETAS, INT. CONVERSION AND AUGER ELECTRONS**  6.31E-05
 ALL LISTED RADIATIONS                                       6.49E-01
 ALL NEGLECTED RADIATIONS**                                  6.29E-04
 
 *  AVERAGE ENERGY (MEV)
 ** EACH NEGLECTED TRANSITION CONTRIBUTES LESS THAN  0.100%
    TO THE TOTAL MEV/TRANSFORMATION FOR THIS CATEGORY.
 TOTAL FEEDING OF GROUND STATE LEVEL IN 109-INDIUM
   DAUGHTER IS 1.0000E+00  PER TRANSFORMATION OF 109M-INDIUM.
   DECAY OF THIS 4.2 HOURS HALFLIFE LEVEL WILL CONTRIBUTE TO DOSE.
