 192M-IRIDIUM-77         HALFLIFE = 1.45 MINUTES 

  MODES OF DECAY: ISOMERIC LEVEL, BETA MINUS
 
                                    MEAN
                                    NUMBER/                  MEV/
                               ID   TRANSFOR-   ENERGY       TRANSFOR-
        TYPE OF RADIATION      NO.  MATION      (MEV)        MATION

 GAMMA-RAY                      1   3.42E-04    5.671E-02    1.94E-05
 L1 CONV. ELECTRON, GAMMA-RAY   1   8.26E-03    4.331E-02    3.58E-04
 L2 CONV. ELECTRON, GAMMA-RAY   1   3.71E-01    4.385E-02    1.63E-02
 L3 CONV. ELECTRON, GAMMA-RAY   1   3.45E-01    4.550E-02    1.57E-02
 M CONV. ELECTRON, GAMMA-RAY    1   2.13E-01    5.417E-02*   1.15E-02
 N+ CONV. ELECTRON, GAMMA-RAY   1   6.25E-02    5.671E-02*   3.54E-03
 L2-M1 X-RAY                        2.74E-03    9.713E-03    2.66E-05
 L2-M4 X-RAY                        1.00E-01    1.074E-02    1.08E-03
 L2-N1 X-RAY                        6.81E-04    1.218E-02    8.29E-06
 L2-N4 X-RAY                        1.93E-02    1.255E-02    2.43E-04
 L2-O4 X-RAY                        1.25E-03    1.285E-02    1.61E-05
 L3-M1 X-RAY                        5.50E-03    8.068E-03    4.44E-05
 L3-M4 X-RAY                        9.50E-03    9.091E-03    8.64E-05
 L3-M5 X-RAY                        8.38E-02    9.169E-03    7.68E-04
 L3-N1 X-RAY                        1.10E-03    1.054E-02    1.16E-05
 L3-N4 X-RAY                        1.70E-03    1.090E-02    1.86E-05
 L3-N5 X-RAY                        1.53E-02    1.092E-02    1.67E-04
 L3-O5 X-RAY                        9.33E-04    1.121E-02    1.05E-05
 M X-RAY                            3.21E-02    1.999E-03    6.42E-05
 Free-Bound X-RAY                   6.90E+00    4.547E-05    3.14E-04
 CK LLX                             5.58E-02    1.170E-03*   6.53E-05
 AUGER LMM                          3.32E-01    7.214E-03*   2.40E-03
 AUGER LMX                          1.35E-01    9.192E-03*   1.24E-03
 AUGER LXY                          1.34E-02    1.120E-02*   1.50E-04
 CK MMX                             4.70E-01    3.579E-04*   1.68E-04
 AUGER MNN                          1.09E+00    1.651E-03*   1.79E-03
 AUGER MNX                          9.66E-02    1.857E-03*   1.79E-04
 CK NNX                             2.29E+00    1.717E-04*   3.93E-04
 GAMMA-RAY                      1   1.93E-05    2.960E-01    5.73E-06
 GAMMA-RAY                      2   9.35E-05    3.165E-01    2.96E-05
 
 ALL LISTED X-RAYS, GAMMA-RAYS AND ANNIHILATION RADIATION    2.91E-03
 ALL NEGLECTED X-RAYS, GAMMA-RAYS AND ANNIH. RADIATION**     1.92E-05
 ALL LISTED BETAS, INTERNAL CONVERSION AND AUGER ELECTRONS   5.38E-02
 ALL NEGLECTED BETAS, INT. CONVERSION AND AUGER ELECTRONS**  1.74E-04
 ALL LISTED RADIATIONS                                       5.67E-02
 ALL NEGLECTED RADIATIONS**                                  1.93E-04
 
 *  AVERAGE ENERGY (MEV)
 ** EACH NEGLECTED TRANSITION CONTRIBUTES LESS THAN  0.100%
    TO THE TOTAL MEV/TRANSFORMATION FOR THIS CATEGORY.
 TOTAL FEEDING OF GROUND STATE LEVEL IN 192-IRIDIUM
   DAUGHTER IS 9.9983E-01  PER TRANSFORMATION OF 192M-IRIDIUM.
   DECAY OF THIS 73.827 DAYS HALFLIFE LEVEL WILL CONTRIBUTE TO DOSE.
 TOTAL FEEDING OF GROUND STATE LEVEL IN 192-PLATINUM
   DAUGHTER IS 1.7500E-04  PER TRANSFORMATION OF 192M-IRIDIUM.
   THIS DAUGHTER GROUND STATE IS STABLE.
