 191M-IRIDIUM-77         HALFLIFE = 4.94 SECONDS 

  MODE OF DECAY: ISOMERIC LEVEL
 
                                    MEAN
                                    NUMBER/                  MEV/
                               ID   TRANSFOR-   ENERGY       TRANSFOR-
        TYPE OF RADIATION      NO.  MATION      (MEV)        MATION

 L1 CONV. ELECTRON, GAMMA-RAY   1   7.34E-03    2.845E-02    2.09E-04
 L2 CONV. ELECTRON, GAMMA-RAY   1   3.50E-01    2.899E-02    1.01E-02
 L3 CONV. ELECTRON, GAMMA-RAY   1   3.57E-01    3.063E-02    1.09E-02
 M CONV. ELECTRON, GAMMA-RAY    1   2.21E-01    3.931E-02*   8.68E-03
 N+ CONV. ELECTRON, GAMMA-RAY   1   6.50E-02    4.185E-02*   2.72E-03
 GAMMA-RAY                      4   2.61E-01    1.294E-01    3.38E-02
 K CONV. ELECTRON, GAMMA-RAY    4   5.87E-01    5.312E-02    3.12E-02
 L1 CONV. ELECTRON, GAMMA-RAY   4   8.67E-02    1.160E-01    1.01E-02
 L2 CONV. ELECTRON, GAMMA-RAY   4   2.50E-02    1.166E-01    2.91E-03
 L3 CONV. ELECTRON, GAMMA-RAY   4   1.43E-02    1.182E-01    1.69E-03
 M CONV. ELECTRON, GAMMA-RAY    4   3.00E-02    1.269E-01*   3.81E-03
 N+ CONV. ELECTRON, GAMMA-RAY   4   9.00E-03    1.294E-01*   1.17E-03
 K -L2 X-RAY                        1.64E-01    6.345E-02    1.04E-02
 K -L3 X-RAY                        2.82E-01    6.510E-02    1.83E-02
 K -M2 X-RAY                        3.07E-02    7.341E-02    2.25E-03
 K -M3 X-RAY                        5.94E-02    7.377E-02    4.38E-03
 K -N2 X-RAY                        7.11E-03    7.574E-02    5.39E-04
 K -N3 X-RAY                        1.39E-02    7.583E-02    1.05E-03
 K -O2 X-RAY                        1.63E-03    7.625E-02    1.24E-04
 K -O3 X-RAY                        3.27E-03    7.626E-02    2.49E-04
 L2-M4 X-RAY                        1.51E-01    1.074E-02    1.62E-03
 L2-N4 X-RAY                        2.91E-02    1.255E-02    3.66E-04
 L3-M1 X-RAY                        1.13E-02    8.068E-03    9.10E-05
 L3-M4 X-RAY                        1.95E-02    9.091E-03    1.77E-04
 L3-M5 X-RAY                        1.72E-01    9.169E-03    1.57E-03
 L3-N5 X-RAY                        3.14E-02    1.092E-02    3.43E-04
 M X-RAY                            5.94E-02    1.996E-03*   1.19E-04
 Free-Bound X-RAY                   1.27E+01    4.548E-05*   5.76E-04
 AUGER KLL                          1.58E-02    5.135E-02*   8.09E-04
 AUGER KLX                          8.39E-03    6.152E-02*   5.16E-04
 CK LLX                             1.59E-01    8.520E-04*   1.36E-04
 AUGER LMM                          6.16E-01    7.132E-03*   4.39E-03
 AUGER LMX                          2.50E-01    9.107E-03*   2.28E-03
 AUGER LXY                          2.49E-02    1.111E-02*   2.76E-04
 CK MMX                             8.48E-01    3.531E-04*   2.99E-04
 AUGER MNN                          2.01E+00    1.647E-03*   3.31E-03
 AUGER MNX                          1.78E-01    1.850E-03*   3.30E-04
 CK NNX                             4.19E+00    1.713E-04*   7.18E-04
 
 ALL LISTED X-RAYS, GAMMA-RAYS AND ANNIHILATION RADIATION    7.60E-02
 ALL NEGLECTED X-RAYS, GAMMA-RAYS AND ANNIH. RADIATION**     4.48E-04
 ALL LISTED BETAS, INTERNAL CONVERSION AND AUGER ELECTRONS   9.66E-02
 ALL NEGLECTED BETAS, INT. CONVERSION AND AUGER ELECTRONS**  4.93E-04
 ALL LISTED RADIATIONS                                       1.73E-01
 ALL NEGLECTED RADIATIONS**                                  9.41E-04
 
 *  AVERAGE ENERGY (MEV)
 ** EACH NEGLECTED TRANSITION CONTRIBUTES LESS THAN  0.100%
    TO THE TOTAL MEV/TRANSFORMATION FOR THIS CATEGORY.
 TOTAL FEEDING OF GROUND STATE LEVEL IN 191-IRIDIUM
   DAUGHTER IS 1.0000E+00  PER TRANSFORMATION OF 191M-IRIDIUM.
   THIS DAUGHTER GROUND STATE IS STABLE.
