 190-IRIDIUM-77          HALFLIFE = 11.78 DAYS    

  MODE OF DECAY: ELECTRON CAPTURE
 
                                    MEAN
                                    NUMBER/                  MEV/
                               ID   TRANSFOR-   ENERGY       TRANSFOR-
        TYPE OF RADIATION      NO.  MATION      (MEV)        MATION

 K CONV. ELECTRON, GAMMA-RAY    1   4.20E-03    2.386E-02    1.00E-04
 GAMMA-RAY                      2   5.24E-01    1.867E-01    9.79E-02
 K CONV. ELECTRON, GAMMA-RAY    2   1.06E-01    1.126E-01    1.20E-02
 L1 CONV. ELECTRON, GAMMA-RAY   2   1.25E-02    1.737E-01    2.18E-03
 L2 CONV. ELECTRON, GAMMA-RAY   2   4.46E-02    1.743E-01    7.78E-03
 L3 CONV. ELECTRON, GAMMA-RAY   2   3.07E-02    1.758E-01    5.40E-03
 M CONV. ELECTRON, GAMMA-RAY    2   2.23E-02    1.842E-01*   4.10E-03
 N+ CONV. ELECTRON, GAMMA-RAY   2   6.41E-03    1.867E-01*   1.20E-03
 K CONV. ELECTRON, GAMMA-RAY    3   1.05E-03    1.165E-01    1.22E-04
 GAMMA-RAY                      4   3.42E-02    1.969E-01    6.73E-03
 K CONV. ELECTRON, GAMMA-RAY    4   1.28E-02    1.228E-01    1.57E-03
 L1 CONV. ELECTRON, GAMMA-RAY   4   1.80E-03    1.839E-01    3.30E-04
 L2 CONV. ELECTRON, GAMMA-RAY   4   1.10E-03    1.844E-01    2.03E-04
 L3 CONV. ELECTRON, GAMMA-RAY   4   6.65E-04    1.860E-01    1.24E-04
 M CONV. ELECTRON, GAMMA-RAY    4   8.63E-04    1.944E-01*   1.68E-04
 GAMMA-RAY                      5   1.94E-02    1.981E-01    3.84E-03
 K CONV. ELECTRON, GAMMA-RAY    5   3.50E-03    1.240E-01    4.34E-04
 L1 CONV. ELECTRON, GAMMA-RAY   5   4.21E-04    1.851E-01    7.80E-05
 L2 CONV. ELECTRON, GAMMA-RAY   5   1.26E-03    1.857E-01    2.34E-04
 L3 CONV. ELECTRON, GAMMA-RAY   5   8.44E-04    1.872E-01    1.58E-04
 M CONV. ELECTRON, GAMMA-RAY    5   6.37E-04    1.956E-01*   1.25E-04
 GAMMA-RAY                      8   1.19E-02    2.079E-01    2.46E-03
 K CONV. ELECTRON, GAMMA-RAY    8   1.84E-03    1.338E-01    2.46E-04
 L2 CONV. ELECTRON, GAMMA-RAY   8   6.29E-04    1.955E-01    1.23E-04
 L3 CONV. ELECTRON, GAMMA-RAY   8   4.13E-04    1.970E-01    8.14E-05
 GAMMA-RAY                      9   3.74E-02    2.238E-01    8.37E-03
 K CONV. ELECTRON, GAMMA-RAY    9   1.56E-03    1.497E-01    2.33E-04
 K CONV. ELECTRON, GAMMA-RAY   12   3.63E-04    2.089E-01    7.58E-05
 GAMMA-RAY                     13   1.64E-02    2.882E-01    4.73E-03
 K CONV. ELECTRON, GAMMA-RAY   13   1.59E-03    2.142E-01    3.41E-04
 GAMMA-RAY                     14   6.61E-02    2.948E-01    1.95E-02
 K CONV. ELECTRON, GAMMA-RAY   14   4.10E-03    2.207E-01    9.04E-04
 L1 CONV. ELECTRON, GAMMA-RAY  14   5.24E-04    2.818E-01    1.48E-04
 L2 CONV. ELECTRON, GAMMA-RAY  14   7.97E-04    2.823E-01    2.25E-04
 L3 CONV. ELECTRON, GAMMA-RAY  14   4.46E-04    2.839E-01    1.27E-04
 M CONV. ELECTRON, GAMMA-RAY   14   4.39E-04    2.923E-01*   1.28E-04
 GAMMA-RAY                     15   1.30E-01    3.611E-01    4.70E-02
 K CONV. ELECTRON, GAMMA-RAY   15   4.85E-03    2.870E-01    1.39E-03
 L1 CONV. ELECTRON, GAMMA-RAY  15   6.38E-04    3.481E-01    2.22E-04
 L2 CONV. ELECTRON, GAMMA-RAY  15   6.80E-04    3.487E-01    2.37E-04
 L3 CONV. ELECTRON, GAMMA-RAY  15   3.45E-04    3.502E-01    1.21E-04
 M CONV. ELECTRON, GAMMA-RAY   15   4.09E-04    3.586E-01*   1.47E-04
 GAMMA-RAY                     16   2.28E-01    3.712E-01    8.46E-02
 K CONV. ELECTRON, GAMMA-RAY   16   8.26E-03    2.972E-01    2.45E-03
 L1 CONV. ELECTRON, GAMMA-RAY  16   1.09E-03    3.583E-01    3.92E-04
 L2 CONV. ELECTRON, GAMMA-RAY  16   1.05E-03    3.588E-01    3.78E-04
 L3 CONV. ELECTRON, GAMMA-RAY  16   5.26E-04    3.604E-01    1.89E-04
 M CONV. ELECTRON, GAMMA-RAY   16   6.55E-04    3.688E-01*   2.41E-04
 GAMMA-RAY                     17   2.03E-02    3.800E-01    7.71E-03
 GAMMA-RAY                     19   6.54E-02    3.974E-01    2.60E-02
 K CONV. ELECTRON, GAMMA-RAY   19   1.93E-03    3.233E-01    6.25E-04
 L1 CONV. ELECTRON, GAMMA-RAY  19   2.57E-04    3.844E-01    9.86E-05
 L2 CONV. ELECTRON, GAMMA-RAY  19   2.33E-04    3.849E-01    8.95E-05
 GAMMA-RAY                     20   2.39E-01    4.072E-01    9.75E-02
 K CONV. ELECTRON, GAMMA-RAY   20   8.86E-03    3.332E-01    2.95E-03
 L1 CONV. ELECTRON, GAMMA-RAY  20   1.22E-03    3.943E-01    4.79E-04
 L2 CONV. ELECTRON, GAMMA-RAY  20   7.08E-04    3.948E-01    2.80E-04
 L3 CONV. ELECTRON, GAMMA-RAY  20   3.26E-04    3.963E-01    1.29E-04
 M CONV. ELECTRON, GAMMA-RAY   20   5.42E-04    4.048E-01*   2.19E-04
 GAMMA-RAY                     21   4.56E-02    4.072E-01    1.86E-02
 K CONV. ELECTRON, GAMMA-RAY   21   1.53E-03    3.332E-01    5.09E-04
 L1 CONV. ELECTRON, GAMMA-RAY  21   2.08E-04    3.943E-01    8.19E-05
 GAMMA-RAY                     22   1.64E-02    4.206E-01    6.91E-03
 GAMMA-RAY                     24   2.74E-02    4.316E-01    1.18E-02
 K CONV. ELECTRON, GAMMA-RAY   24   2.44E-04    3.576E-01    8.71E-05
 GAMMA-RAY                     25   2.55E-02    4.478E-01    1.14E-02
 K CONV. ELECTRON, GAMMA-RAY   25   5.68E-04    3.737E-01    2.12E-04
 GAMMA-RAY                     26   1.82E-02    4.778E-01    8.72E-03
 GAMMA-RAY                     27   7.30E-03    4.852E-01    3.54E-03
 GAMMA-RAY                     28   7.80E-03    4.908E-01    3.83E-03
 GAMMA-RAY                     29   1.25E-02    5.026E-01    6.30E-03
 K CONV. ELECTRON, GAMMA-RAY   29   2.14E-04    4.285E-01    9.17E-05
 GAMMA-RAY                     30   3.40E-01    5.186E-01    1.76E-01
 K CONV. ELECTRON, GAMMA-RAY   30   2.04E-03    4.445E-01    9.06E-04
 L1 CONV. ELECTRON, GAMMA-RAY  30   2.59E-04    5.056E-01    1.31E-04
 GAMMA-RAY                     31   3.01E-01    5.580E-01    1.68E-01
 K CONV. ELECTRON, GAMMA-RAY   31   4.07E-03    4.839E-01    1.97E-03
 L1 CONV. ELECTRON, GAMMA-RAY  31   5.54E-04    5.450E-01    3.02E-04
 L2 CONV. ELECTRON, GAMMA-RAY  31   2.84E-04    5.455E-01    1.55E-04
 M CONV. ELECTRON, GAMMA-RAY   31   2.29E-04    5.555E-01*   1.27E-04
 GAMMA-RAY                     32   2.85E-01    5.693E-01    1.62E-01
 K CONV. ELECTRON, GAMMA-RAY   32   3.77E-03    4.952E-01    1.87E-03
 L1 CONV. ELECTRON, GAMMA-RAY  32   5.14E-04    5.563E-01    2.86E-04
 L2 CONV. ELECTRON, GAMMA-RAY  32   2.48E-04    5.569E-01    1.38E-04
 M CONV. ELECTRON, GAMMA-RAY   32   2.06E-04    5.668E-01*   1.17E-04
 GAMMA-RAY                     33   3.99E-01    6.051E-01    2.41E-01
 K CONV. ELECTRON, GAMMA-RAY   33   4.52E-03    5.311E-01    2.40E-03
 L1 CONV. ELECTRON, GAMMA-RAY  33   6.17E-04    5.922E-01    3.65E-04
 L2 CONV. ELECTRON, GAMMA-RAY  33   2.78E-04    5.927E-01    1.65E-04
 M CONV. ELECTRON, GAMMA-RAY   33   2.39E-04    6.027E-01*   1.44E-04
 GAMMA-RAY                     34   4.70E-03    6.154E-01    2.89E-03
 K CONV. ELECTRON, GAMMA-RAY   34   1.58E-04    5.413E-01    8.57E-05
 GAMMA-RAY                     35   7.52E-03    6.284E-01    4.73E-03
 GAMMA-RAY                     36   2.94E-02    6.309E-01    1.86E-02
 GAMMA-RAY                     37   8.44E-03    6.310E-01    5.32E-03
 GAMMA-RAY                     38   1.16E-02    6.560E-01    7.63E-03
 K CONV. ELECTRON, GAMMA-RAY   38   2.16E-04    5.820E-01    1.26E-04
 GAMMA-RAY                     40   2.83E-03    6.900E-01    1.95E-03
 GAMMA-RAY                     42   3.78E-02    7.262E-01    2.75E-02
 K CONV. ELECTRON, GAMMA-RAY   42   1.14E-04    6.522E-01    7.47E-05
 GAMMA-RAY                     46   2.21E-02    7.686E-01    1.70E-02
 K CONV. ELECTRON, GAMMA-RAY   46   1.52E-04    6.945E-01    1.06E-04
 GAMMA-RAY                     47   3.24E-03    8.218E-01    2.66E-03
 GAMMA-RAY                     48   5.70E-03    8.280E-01    4.72E-03
 GAMMA-RAY                     49   3.47E-02    8.290E-01    2.87E-02
 GAMMA-RAY                     50   1.14E-02    8.391E-01    9.57E-03
 GAMMA-RAY                     55   2.42E-02    1.036E+00    2.50E-02
 GAMMA-RAY                     57   4.29E-03    1.134E+00    4.86E-03
 GAMMA-RAY                     58   1.32E-03    1.147E+00    1.52E-03
 GAMMA-RAY                     61   4.40E-03    1.200E+00    5.28E-03
 GAMMA-RAY                     62   4.79E-03    1.324E+00    6.34E-03
 GAMMA-RAY                     64   1.55E-03    1.387E+00    2.15E-03
 GAMMA-RAY                     65   1.50E-03    1.397E+00    2.10E-03
 K -L2 X-RAY                        2.51E-01    6.164E-02    1.55E-02
 K -L3 X-RAY                        4.33E-01    6.319E-02    2.73E-02
 K -M2 X-RAY                        4.70E-02    7.128E-02    3.35E-03
 K -M3 X-RAY                        9.08E-02    7.161E-02    6.50E-03
 K -N3 X-RAY                        2.10E-02    7.360E-02    1.55E-03
 AUGER KLL                          2.48E-02    4.993E-02*   1.24E-03
 AUGER KLX                          1.31E-02    5.977E-02*   7.85E-04
 AUGER KXY                          1.67E-03    6.961E-02*   1.17E-04
 CK LLX                             2.32E-01    5.984E-04*   1.39E-04
 AUGER LMM                          5.10E-01    6.886E-03*   3.51E-03
 AUGER LMX                          2.03E-01    8.785E-03*   1.78E-03
 AUGER LXY                          1.99E-02    1.071E-02*   2.13E-04
 CK MMX                             7.05E-01    3.344E-04*   2.36E-04
 AUGER MNN                          1.68E+00    1.582E-03*   2.66E-03
 AUGER MNX                          1.31E-01    1.778E-03*   2.34E-04
 CK NNX                             3.51E+00    1.636E-04*   5.75E-04
 
 ALL LISTED X-RAYS, GAMMA-RAYS AND ANNIHILATION RADIATION    1.46E+00
 ALL NEGLECTED X-RAYS, GAMMA-RAYS AND ANNIH. RADIATION**     1.88E-02
 ALL LISTED BETAS, INTERNAL CONVERSION AND AUGER ELECTRONS   7.15E-02
 ALL NEGLECTED BETAS, INT. CONVERSION AND AUGER ELECTRONS**  3.06E-03
 ALL LISTED RADIATIONS                                       1.53E+00
 ALL NEGLECTED RADIATIONS**                                  2.18E-02
 
 *  AVERAGE ENERGY (MEV)
 ** EACH NEGLECTED TRANSITION CONTRIBUTES LESS THAN  0.100%
    TO THE TOTAL MEV/TRANSFORMATION FOR THIS CATEGORY.
 TOTAL FEEDING OF GROUND STATE LEVEL IN 190-OSMIUM
   DAUGHTER IS 1.0000E+00 PER TRANSFORMATION OF 190-IRIDIUM.
   THIS DAUGHTER GROUND STATE IS STABLE.
