 192-IRIDIUM-77          HALFLIFE = 73.827 DAYS    

  MODES OF DECAY: BETA MINUS, ELECTRON CAPTURE
 
                                    MEAN
                                    NUMBER/                  MEV/
                               ID   TRANSFOR-   ENERGY       TRANSFOR-
        TYPE OF RADIATION      NO.  MATION      (MEV)        MATION

 BETA MINUS                     4   5.60E-02    7.159E-02*   4.01E-03
 BETA MINUS                     5   4.14E-01    1.621E-01*   6.71E-02
 BETA MINUS                     6   4.80E-01    2.098E-01*   1.01E-01
 GAMMA-RAY                      5   2.87E-01    2.960E-01    8.50E-02
 K CONV. ELECTRON, GAMMA-RAY    5   1.88E-02    2.173E-01    4.09E-03
 L1 CONV. ELECTRON, GAMMA-RAY   5   2.50E-03    2.821E-01    7.05E-04
 L2 CONV. ELECTRON, GAMMA-RAY   5   4.06E-03    2.826E-01    1.15E-03
 L3 CONV. ELECTRON, GAMMA-RAY   5   2.18E-03    2.844E-01    6.19E-04
 M CONV. ELECTRON, GAMMA-RAY    5   2.20E-03    2.933E-01*   6.45E-04
 GAMMA-RAY                      6   2.97E-01    3.085E-01    9.16E-02
 K CONV. ELECTRON, GAMMA-RAY    6   1.81E-02    2.298E-01    4.15E-03
 L1 CONV. ELECTRON, GAMMA-RAY   6   2.42E-03    2.946E-01    7.13E-04
 L2 CONV. ELECTRON, GAMMA-RAY   6   3.51E-03    2.951E-01    1.04E-03
 L3 CONV. ELECTRON, GAMMA-RAY   6   1.84E-03    2.969E-01    5.46E-04
 M CONV. ELECTRON, GAMMA-RAY    6   1.95E-03    3.058E-01*   5.96E-04
 GAMMA-RAY                      8   8.27E-01    3.165E-01    2.62E-01
 K CONV. ELECTRON, GAMMA-RAY    8   4.44E-02    2.379E-01    1.06E-02
 L1 CONV. ELECTRON, GAMMA-RAY   8   5.92E-03    3.026E-01    1.79E-03
 L2 CONV. ELECTRON, GAMMA-RAY   8   8.91E-03    3.032E-01    2.70E-03
 L3 CONV. ELECTRON, GAMMA-RAY   8   4.64E-03    3.049E-01    1.41E-03
 M CONV. ELECTRON, GAMMA-RAY    8   4.89E-03    3.139E-01*   1.53E-03
 N+ CONV. ELECTRON, GAMMA-RAY   8   1.45E-03    3.165E-01*   4.59E-04
 GAMMA-RAY                     11   6.69E-03    4.165E-01    2.79E-03
 GAMMA-RAY                     12   4.78E-01    4.681E-01    2.24E-01
 K CONV. ELECTRON, GAMMA-RAY   12   1.02E-02    3.895E-01    3.97E-03
 L1 CONV. ELECTRON, GAMMA-RAY  12   1.41E-03    4.542E-01    6.40E-04
 L2 CONV. ELECTRON, GAMMA-RAY  12   1.08E-03    4.548E-01    4.90E-04
 M CONV. ELECTRON, GAMMA-RAY   12   7.21E-04    4.654E-01*   3.36E-04
 GAMMA-RAY                     14   4.52E-02    5.886E-01    2.66E-02
 K CONV. ELECTRON, GAMMA-RAY   14   5.84E-04    5.100E-01    2.98E-04
 GAMMA-RAY                     17   8.20E-02    6.044E-01    4.96E-02
 K CONV. ELECTRON, GAMMA-RAY   17   1.75E-03    5.258E-01    9.22E-04
 GAMMA-RAY                     18   5.34E-02    6.125E-01    3.27E-02
 K CONV. ELECTRON, GAMMA-RAY   18   6.35E-04    5.338E-01    3.39E-04
 GAMMA-RAY                     21   2.91E-03    8.845E-01    2.57E-03
 K -L2 X-RAY                        2.68E-02    6.530E-02    1.75E-03
 K -L3 X-RAY                        4.58E-02    6.705E-02    3.07E-03
 AUGER LMM                          5.44E-02    7.320E-03*   3.98E-04
 AUGER MNN                          1.77E-01    1.699E-03*   3.00E-04
 GAMMA-RAY                      2   4.73E-03    2.013E-01    9.52E-04
 GAMMA-RAY                      3   3.34E-02    2.058E-01    6.87E-03
 K CONV. ELECTRON, GAMMA-RAY    3   5.26E-03    1.317E-01    6.93E-04
 L2 CONV. ELECTRON, GAMMA-RAY   3   1.86E-03    1.934E-01    3.59E-04
 L3 CONV. ELECTRON, GAMMA-RAY   3   1.23E-03    1.949E-01    2.39E-04
 GAMMA-RAY                      6   7.26E-03    3.745E-01    2.72E-03
 GAMMA-RAY                      8   3.19E-02    4.846E-01    1.54E-02
 K CONV. ELECTRON, GAMMA-RAY    8   6.30E-04    4.105E-01    2.59E-04
 GAMMA-RAY                      9   4.38E-03    4.891E-01    2.14E-03
 K -L3 X-RAY                        2.13E-02    6.319E-02    1.35E-03
 
 ALL LISTED X-RAYS, GAMMA-RAYS AND ANNIHILATION RADIATION    8.11E-01
 ALL NEGLECTED X-RAYS, GAMMA-RAYS AND ANNIH. RADIATION**     5.86E-03
 ALL LISTED BETAS, INTERNAL CONVERSION AND AUGER ELECTRONS   2.14E-01
 ALL NEGLECTED BETAS, INT. CONVERSION AND AUGER ELECTRONS**  3.88E-03
 ALL LISTED RADIATIONS                                       1.02E+00
 ALL NEGLECTED RADIATIONS**                                  9.74E-03
 
 *  AVERAGE ENERGY (MEV)
 ** EACH NEGLECTED TRANSITION CONTRIBUTES LESS THAN  0.100%
    TO THE TOTAL MEV/TRANSFORMATION FOR THIS CATEGORY.
 TOTAL FEEDING OF GROUND STATE LEVEL IN 192-PLATINUM
   DAUGHTER IS 9.5130E-01 PER TRANSFORMATION OF 192-IRIDIUM.
   THIS DAUGHTER GROUND STATE IS STABLE.
 TOTAL FEEDING OF GROUND STATE LEVEL IN 192-OSMIUM
   DAUGHTER IS 4.8700E-02 PER TRANSFORMATION OF 192-IRIDIUM.
   THIS DAUGHTER GROUND STATE IS STABLE.
