 38-POTASSIUM-19         HALFLIFE = 7.636 MINUTES 

  MODES OF DECAY: ELECTRON CAPTURE, BETA PLUS
 
                                    MEAN
                                    NUMBER/                  MEV/
                               ID   TRANSFOR-   ENERGY       TRANSFOR-
        TYPE OF RADIATION      NO.  MATION      (MEV)        MATION

 BETA PLUS                      3   9.87E-01    1.212E+00*   1.20E+00
 BETA PLUS                      4   5.96E-03    2.293E+00*   1.37E-02
 ANNIHILATION RADIATION             1.99E+00    5.110E-01    1.02E+00
 GAMMA-RAY                      2   9.99E-01    2.167E+00    2.16E+00
 GAMMA-RAY                      3   1.42E-03    3.936E+00    5.59E-03
 
 ALL LISTED X-RAYS, GAMMA-RAYS AND ANNIHILATION RADIATION    3.19E+00
 ALL NEGLECTED X-RAYS, GAMMA-RAYS AND ANNIH. RADIATION**     1.68E-04
 ALL LISTED BETAS, INTERNAL CONVERSION AND AUGER ELECTRONS   1.21E+00
 ALL NEGLECTED BETAS, INT. CONVERSION AND AUGER ELECTRONS**  6.10E-04
 ALL LISTED RADIATIONS                                       4.40E+00
 ALL NEGLECTED RADIATIONS**                                  7.78E-04
 
 *  AVERAGE ENERGY (MEV)
 ** EACH NEGLECTED TRANSITION CONTRIBUTES LESS THAN  0.100%
    TO THE TOTAL MEV/TRANSFORMATION FOR THIS CATEGORY.
 TOTAL FEEDING OF GROUND STATE LEVEL IN 38-ARGON
   DAUGHTER IS 1.0000E+00 PER TRANSFORMATION OF  38-POTASSIUM.
   THIS DAUGHTER GROUND STATE IS STABLE.
