 40-POTASSIUM-19         HALFLIFE = 0.1251E+10 YEARS   

  MODES OF DECAY: BETA MINUS, ELECTRON CAPTURE, BETA PLUS
 
                                    MEAN
                                    NUMBER/                  MEV/
                               ID   TRANSFOR-   ENERGY       TRANSFOR-
        TYPE OF RADIATION      NO.  MATION      (MEV)        MATION

 BETA MINUS                     1   8.91E-01    5.848E-01*   5.21E-01
 BETA PLUS                      1   9.00E-04    2.522E-01*   2.27E-04
 ANNIHILATION RADIATION             1.80E-03    5.110E-01    9.20E-04
 GAMMA-RAY                      1   1.07E-01    1.461E+00    1.56E-01
 K CONV. ELECTRON, GAMMA-RAY    1   2.81E-06    1.458E+00    4.09E-06
 L1 CONV. ELECTRON, GAMMA-RAY   1   2.31E-07    1.461E+00    3.37E-07
 L2 CONV. ELECTRON, GAMMA-RAY   1   5.44E-10    1.461E+00    7.94E-10
 L3 CONV. ELECTRON, GAMMA-RAY   1   8.23E-10    1.461E+00    1.20E-09
 K -L2 X-RAY                        2.96E-03    2.928E-03    8.67E-06
 K -L3 X-RAY                        5.85E-03    2.931E-03    1.71E-05
 K -M2 X-RAY                        2.42E-04    3.163E-03    7.66E-07
 K -M3 X-RAY                        4.79E-04    3.163E-03    1.51E-06
 L1-L2 X-RAY                        5.02E-06    6.400E-05    3.21E-10
 L1-L3 X-RAY                        1.35E-05    6.634E-05    8.96E-10
 L1-M2 X-RAY                        3.92E-06    2.988E-04    1.17E-09
 L1-M3 X-RAY                        6.19E-06    2.990E-04    1.85E-09
 L2-L3 X-RAY                        9.61E-14    2.340E-06    2.25E-19
 L2-M1 X-RAY                        2.97E-05    2.205E-04    6.54E-09
 L2-M3 X-RAY                        1.28E-08    2.350E-04    3.00E-12
 L3-M1 X-RAY                        6.10E-05    2.182E-04    1.33E-08
 L3-M2 X-RAY                        1.30E-08    2.325E-04    3.02E-12
 L3-M3 X-RAY                        1.28E-08    2.327E-04    2.97E-12
 Free-Bound X-RAY                   3.85E-01    1.698E-05    6.54E-06
 AUGER KLL                          6.20E-02    2.654E-03*   1.64E-04
 AUGER KLX                          1.12E-02    2.896E-03*   3.23E-05
 AUGER KXY                          5.07E-04    3.141E-03*   1.59E-06
 CK LLX                             3.87E-02    4.411E-05*   1.71E-06
 AUGER LMM                          1.67E-01    2.157E-04*   3.60E-05
 
 ALL LISTED X-RAYS, GAMMA-RAYS AND ANNIHILATION RADIATION    1.57E-01
 ALL LISTED BETAS, INTERNAL CONVERSION AND AUGER ELECTRONS   5.22E-01
 ALL LISTED RADIATIONS                                       6.78E-01
 
 *  AVERAGE ENERGY (MEV)
 TOTAL FEEDING OF GROUND STATE LEVEL IN 40-CALCIUM
   DAUGHTER IS 8.9140E-01 PER TRANSFORMATION OF  40-POTASSIUM.
   THIS DAUGHTER GROUND STATE IS STABLE.
 TOTAL FEEDING OF GROUND STATE LEVEL IN 40-ARGON
   DAUGHTER IS 1.0860E-01 PER TRANSFORMATION OF  40-POTASSIUM.
   THIS DAUGHTER GROUND STATE IS STABLE.
