 42-POTASSIUM-19         HALFLIFE = 12.36 HOURS   

  MODE OF DECAY: BETA MINUS
 
                                    MEAN
                                    NUMBER/                  MEV/
                               ID   TRANSFOR-   ENERGY       TRANSFOR-
        TYPE OF RADIATION      NO.  MATION      (MEV)        MATION

 BETA MINUS                     3   3.40E-03    7.029E-01*   2.39E-03
 BETA MINUS                     4   1.76E-01    8.241E-01*   1.45E-01
 BETA MINUS                     5   8.19E-01    1.566E+00*   1.28E+00
 GAMMA-RAY                      1   3.36E-03    3.126E-01    1.05E-03
 GAMMA-RAY                      3   5.15E-04    8.997E-01    4.64E-04
 GAMMA-RAY                      6   1.81E-01    1.525E+00    2.76E-01
 GAMMA-RAY                      7   4.12E-04    1.921E+00    7.92E-04
 GAMMA-RAY                      8   1.99E-04    2.424E+00    4.82E-04
 
 ALL LISTED X-RAYS, GAMMA-RAYS AND ANNIHILATION RADIATION    2.78E-01
 ALL NEGLECTED X-RAYS, GAMMA-RAYS AND ANNIH. RADIATION**     2.56E-04
 ALL LISTED BETAS, INTERNAL CONVERSION AND AUGER ELECTRONS   1.43E+00
 ALL NEGLECTED BETAS, INT. CONVERSION AND AUGER ELECTRONS**  2.36E-04
 ALL LISTED RADIATIONS                                       1.71E+00
 ALL NEGLECTED RADIATIONS**                                  4.92E-04
 
 *  AVERAGE ENERGY (MEV)
 ** EACH NEGLECTED TRANSITION CONTRIBUTES LESS THAN  0.100%
    TO THE TOTAL MEV/TRANSFORMATION FOR THIS CATEGORY.
 TOTAL FEEDING OF GROUND STATE LEVEL IN 42-CALCIUM
   DAUGHTER IS 1.0000E+00 PER TRANSFORMATION OF  42-POTASSIUM.
   THIS DAUGHTER GROUND STATE IS STABLE.
