 77-KRYPTON-36           HALFLIFE = 74.4 MINUTES 

  MODES OF DECAY: ELECTRON CAPTURE, BETA PLUS
 
                                    MEAN
                                    NUMBER/                  MEV/
                               ID   TRANSFOR-   ENERGY       TRANSFOR-
        TYPE OF RADIATION      NO.  MATION      (MEV)        MATION

 BETA PLUS                      3   1.84E-03    4.423E-01*   8.15E-04
 BETA PLUS                      4   1.65E-03    4.676E-01*   7.71E-04
 BETA PLUS                      5   3.20E-03    5.130E-01*   1.64E-03
 BETA PLUS                      6   2.72E-02    7.139E-01*   1.94E-02
 BETA PLUS                      7   3.29E-01    7.784E-01*   2.56E-01
 BETA PLUS                      8   1.07E-03    8.536E-01*   9.11E-04
 BETA PLUS                      9   1.84E-03    8.308E-01*   1.53E-03
 BETA PLUS                     10   4.03E-01    8.456E-01*   3.40E-01
 BETA PLUS                     11   4.85E-02    9.053E-01*   4.39E-02
 ANNIHILATION RADIATION             1.63E+00    5.110E-01    8.35E-01
 GAMMA-RAY                      3   8.10E-01    1.296E-01    1.05E-01
 K CONV. ELECTRON, GAMMA-RAY    3   2.83E-02    1.162E-01    3.29E-03
 GAMMA-RAY                      4   3.73E-01    1.466E-01    5.46E-02
 K CONV. ELECTRON, GAMMA-RAY    4   1.69E-02    1.332E-01    2.25E-03
 GAMMA-RAY                      7   2.92E-02    2.760E-01    8.05E-03
 GAMMA-RAY                      9   3.73E-02    3.119E-01    1.16E-02
 GAMMA-RAY                     11   3.32E-03    6.065E-01    2.01E-03
 GAMMA-RAY                     13   4.29E-03    7.349E-01    3.15E-03
 GAMMA-RAY                     15   1.54E-03    8.375E-01    1.29E-03
 GAMMA-RAY                     16   2.03E-03    8.615E-01    1.74E-03
 GAMMA-RAY                     23   3.97E-03    1.300E+00    5.16E-03
 GAMMA-RAY                     24   1.13E-03    1.446E+00    1.64E-03
 AUGER KLL                          6.90E-02    1.020E-02*   7.04E-04
 
 ALL LISTED X-RAYS, GAMMA-RAYS AND ANNIHILATION RADIATION    1.03E+00
 ALL NEGLECTED X-RAYS, GAMMA-RAYS AND ANNIH. RADIATION**     8.96E-03
 ALL LISTED BETAS, INTERNAL CONVERSION AND AUGER ELECTRONS   6.72E-01
 ALL NEGLECTED BETAS, INT. CONVERSION AND AUGER ELECTRONS**  2.82E-03
 ALL LISTED RADIATIONS                                       1.70E+00
 ALL NEGLECTED RADIATIONS**                                  1.18E-02
 
 *  AVERAGE ENERGY (MEV)
 ** EACH NEGLECTED TRANSITION CONTRIBUTES LESS THAN  0.100%
    TO THE TOTAL MEV/TRANSFORMATION FOR THIS CATEGORY.
 TOTAL FEEDING OF 0.105820 MEV ISOMERIC LEVEL IN  77-BROMINE     
   DAUGHTER IS 9.6135E-02 PER TRANSFORMATION OF  77-KRYPTON.
   DECAY OF THIS 4.28 MINUTES HALFLIFE LEVEL WILL CONTRIBUTE TO DOSE.
 TOTAL FEEDING OF GROUND STATE LEVEL IN 77-BROMINE
   DAUGHTER IS 9.0386E-01 PER TRANSFORMATION OF  77-KRYPTON.
   DECAY OF THIS 57.036 HOURS HALFLIFE LEVEL WILL CONTRIBUTE TO DOSE.
