 85-KRYPTON-36           HALFLIFE = 10.756 YEARS   

  MODE OF DECAY: BETA MINUS
 
                                    MEAN
                                    NUMBER/                  MEV/
                               ID   TRANSFOR-   ENERGY       TRANSFOR-
        TYPE OF RADIATION      NO.  MATION      (MEV)        MATION

 BETA MINUS                     3   9.96E-01    2.515E-01*   2.50E-01
 GAMMA-RAY                      4   4.34E-03    5.140E-01    2.23E-03
 
 ALL LISTED X-RAYS, GAMMA-RAYS AND ANNIHILATION RADIATION    2.23E-03
 ALL NEGLECTED X-RAYS, GAMMA-RAYS AND ANNIH. RADIATION**     2.65E-07
 ALL LISTED BETAS, INTERNAL CONVERSION AND AUGER ELECTRONS   2.50E-01
 ALL NEGLECTED BETAS, INT. CONVERSION AND AUGER ELECTRONS**  2.23E-04
 ALL LISTED RADIATIONS                                       2.53E-01
 ALL NEGLECTED RADIATIONS**                                  2.23E-04
 
 *  AVERAGE ENERGY (MEV)
 ** EACH NEGLECTED TRANSITION CONTRIBUTES LESS THAN  0.100%
    TO THE TOTAL MEV/TRANSFORMATION FOR THIS CATEGORY.
 TOTAL FEEDING OF GROUND STATE LEVEL IN 85-RUBIDIUM
   DAUGHTER IS 1.0000E+00 PER TRANSFORMATION OF  85-KRYPTON.
   THIS DAUGHTER GROUND STATE IS STABLE.
