 85M-KRYPTON-36          HALFLIFE = 4.48 HOURS   

  MODES OF DECAY: BETA MINUS, ISOMERIC LEVEL
 
                                    MEAN
                                    NUMBER/                  MEV/
                               ID   TRANSFOR-   ENERGY       TRANSFOR-
        TYPE OF RADIATION      NO.  MATION      (MEV)        MATION

 BETA MINUS                     2   3.00E-03    2.384E-01*   7.15E-04
 BETA MINUS                     3   7.83E-01    2.905E-01*   2.27E-01
 GAMMA-RAY                      1   3.00E-03    1.298E-01    3.89E-04
 GAMMA-RAY                      2   7.50E-01    1.512E-01    1.13E-01
 K CONV. ELECTRON, GAMMA-RAY    2   3.16E-02    1.360E-01    4.30E-03
 L1 CONV. ELECTRON, GAMMA-RAY   2   3.36E-03    1.491E-01    5.01E-04
 K -L3 X-RAY                        1.20E-02    1.335E-02    1.60E-04
 GAMMA-RAY                      1   1.40E-01    3.049E-01    4.27E-02
 K CONV. ELECTRON, GAMMA-RAY    1   6.14E-02    2.906E-01    1.79E-02
 L1 CONV. ELECTRON, GAMMA-RAY   1   7.36E-03    3.030E-01    2.23E-03
 L2 CONV. ELECTRON, GAMMA-RAY   1   8.98E-04    3.031E-01    2.72E-04
 L3 CONV. ELECTRON, GAMMA-RAY   1   1.19E-03    3.032E-01    3.62E-04
 M CONV. ELECTRON, GAMMA-RAY    1   1.60E-03    3.047E-01*   4.87E-04
 K -L3 X-RAY                        2.24E-02    1.261E-02    2.82E-04
 
 ALL LISTED X-RAYS, GAMMA-RAYS AND ANNIHILATION RADIATION    1.57E-01
 ALL NEGLECTED X-RAYS, GAMMA-RAYS AND ANNIH. RADIATION**     4.77E-04
 ALL LISTED BETAS, INTERNAL CONVERSION AND AUGER ELECTRONS   2.54E-01
 ALL NEGLECTED BETAS, INT. CONVERSION AND AUGER ELECTRONS**  8.07E-04
 ALL LISTED RADIATIONS                                       4.11E-01
 ALL NEGLECTED RADIATIONS**                                  1.28E-03
 
 *  AVERAGE ENERGY (MEV)
 ** EACH NEGLECTED TRANSITION CONTRIBUTES LESS THAN  0.100%
    TO THE TOTAL MEV/TRANSFORMATION FOR THIS CATEGORY.
 TOTAL FEEDING OF GROUND STATE LEVEL IN 85-RUBIDIUM
   DAUGHTER IS 7.8600E-01  PER TRANSFORMATION OF  85M-KRYPTON.
   THIS DAUGHTER GROUND STATE IS STABLE.
 TOTAL FEEDING OF GROUND STATE LEVEL IN 85-KRYPTON
   DAUGHTER IS 2.1400E-01  PER TRANSFORMATION OF  85M-KRYPTON.
   DECAY OF THIS 10.756 YEARS HALFLIFE LEVEL WILL CONTRIBUTE TO DOSE.
