 81M-KRYPTON-36          HALFLIFE = 13.1 SECONDS 

  MODES OF DECAY: ISOMERIC LEVEL, ELECTRON CAPTURE
 
                                    MEAN
                                    NUMBER/                  MEV/
                               ID   TRANSFOR-   ENERGY       TRANSFOR-
        TYPE OF RADIATION      NO.  MATION      (MEV)        MATION

 GAMMA-RAY                      1   6.75E-01    1.905E-01    1.29E-01
 K CONV. ELECTRON, GAMMA-RAY    1   2.69E-01    1.762E-01    4.74E-02
 L1 CONV. ELECTRON, GAMMA-RAY   1   2.55E-02    1.886E-01    4.81E-03
 L2 CONV. ELECTRON, GAMMA-RAY   1   1.07E-02    1.887E-01    2.01E-03
 L3 CONV. ELECTRON, GAMMA-RAY   1   1.08E-02    1.888E-01    2.04E-03
 M CONV. ELECTRON, GAMMA-RAY    1   7.81E-03    1.903E-01*   1.49E-03
 N+ CONV. ELECTRON, GAMMA-RAY   1   8.41E-04    1.905E-01*   1.60E-04
 K -L2 X-RAY                        5.08E-02    1.255E-02    6.38E-04
 K -L3 X-RAY                        9.80E-02    1.261E-02    1.24E-03
 K -M3 X-RAY                        1.39E-02    1.407E-02    1.96E-04
 AUGER KLL                          7.25E-02    1.080E-02*   7.83E-04
 AUGER KLX                          2.30E-02    1.234E-02*   2.84E-04
 AUGER LMM                          3.31E-01    1.407E-03*   4.66E-04
 
 ALL LISTED X-RAYS, GAMMA-RAYS AND ANNIHILATION RADIATION    1.31E-01
 ALL NEGLECTED X-RAYS, GAMMA-RAYS AND ANNIH. RADIATION**     1.82E-04
 ALL LISTED BETAS, INTERNAL CONVERSION AND AUGER ELECTRONS   5.95E-02
 ALL NEGLECTED BETAS, INT. CONVERSION AND AUGER ELECTRONS**  1.46E-04
 ALL LISTED RADIATIONS                                       1.90E-01
 ALL NEGLECTED RADIATIONS**                                  3.28E-04
 
 *  AVERAGE ENERGY (MEV)
 ** EACH NEGLECTED TRANSITION CONTRIBUTES LESS THAN  0.100%
    TO THE TOTAL MEV/TRANSFORMATION FOR THIS CATEGORY.
 TOTAL FEEDING OF GROUND STATE LEVEL IN 81-KRYPTON
   DAUGHTER IS 9.9998E-01  PER TRANSFORMATION OF  81M-KRYPTON.
   DECAY OF THIS 229000 YEARS HALFLIFE LEVEL WILL CONTRIBUTE TO DOSE.
 TOTAL FEEDING OF GROUND STATE LEVEL IN 81-BROMINE
   DAUGHTER IS 2.5000E-05  PER TRANSFORMATION OF  81M-KRYPTON.
   THIS DAUGHTER GROUND STATE IS STABLE.
