 134-LANTHANUM-57        HALFLIFE = 6.45 MINUTES 

  MODES OF DECAY: ELECTRON CAPTURE, BETA PLUS
 
                                    MEAN
                                    NUMBER/                  MEV/
                               ID   TRANSFOR-   ENERGY       TRANSFOR-
        TYPE OF RADIATION      NO.  MATION      (MEV)        MATION

 BETA PLUS                      9   1.52E-02    9.373E-01*   1.42E-02
 BETA PLUS                     10   6.16E-01    1.215E+00*   7.48E-01
 ANNIHILATION RADIATION             1.26E+00    5.110E-01    6.45E-01
 GAMMA-RAY                      2   3.62E-03    5.632E-01    2.04E-03
 GAMMA-RAY                      4   5.04E-02    6.047E-01    3.05E-02
 GAMMA-RAY                     24   7.91E-04    1.168E+00    9.24E-04
 GAMMA-RAY                     28   1.19E-03    1.211E+00    1.45E-03
 GAMMA-RAY                     34   8.27E-04    1.321E+00    1.09E-03
 GAMMA-RAY                     41   1.85E-03    1.425E+00    2.64E-03
 GAMMA-RAY                     44   1.45E-03    1.484E+00    2.15E-03
 GAMMA-RAY                     49   4.12E-03    1.555E+00    6.41E-03
 GAMMA-RAY                     61   2.34E-03    1.732E+00    4.06E-03
 GAMMA-RAY                     65   4.84E-04    1.774E+00    8.59E-04
 GAMMA-RAY                     74   9.58E-04    1.960E+00    1.88E-03
 GAMMA-RAY                     76   8.97E-04    1.995E+00    1.79E-03
 GAMMA-RAY                     77   3.88E-04    2.029E+00    7.87E-04
 GAMMA-RAY                     81   5.80E-04    2.088E+00    1.21E-03
 K -L2 X-RAY                        8.15E-02    3.182E-02    2.59E-03
 K -L3 X-RAY                        1.50E-01    3.221E-02    4.83E-03
 K -M3 X-RAY                        2.78E-02    3.639E-02    1.01E-03
 
 ALL LISTED X-RAYS, GAMMA-RAYS AND ANNIHILATION RADIATION    7.11E-01
 ALL NEGLECTED X-RAYS, GAMMA-RAYS AND ANNIH. RADIATION**     8.47E-03
 ALL LISTED BETAS, INTERNAL CONVERSION AND AUGER ELECTRONS   7.62E-01
 ALL NEGLECTED BETAS, INT. CONVERSION AND AUGER ELECTRONS**  2.82E-03
 ALL LISTED RADIATIONS                                       1.47E+00
 ALL NEGLECTED RADIATIONS**                                  1.13E-02
 
 *  AVERAGE ENERGY (MEV)
 ** EACH NEGLECTED TRANSITION CONTRIBUTES LESS THAN  0.100%
    TO THE TOTAL MEV/TRANSFORMATION FOR THIS CATEGORY.
 TOTAL FEEDING OF GROUND STATE LEVEL IN 134-BARIUM
   DAUGHTER IS 1.0000E+00 PER TRANSFORMATION OF 134-LANTHANUM.
   THIS DAUGHTER GROUND STATE IS STABLE.
