 176-LUTETIUM-71         HALFLIFE = 0.385E+11 YEARS   

  MODE OF DECAY: BETA MINUS
 
                                    MEAN
                                    NUMBER/                  MEV/
                               ID   TRANSFOR-   ENERGY       TRANSFOR-
        TYPE OF RADIATION      NO.  MATION      (MEV)        MATION

 BETA MINUS                     2   9.96E-01    1.832E-01*   1.82E-01
 GAMMA-RAY                      1   1.45E-01    8.836E-02    1.28E-02
 K CONV. ELECTRON, GAMMA-RAY    1   1.69E-01    2.288E-02    3.86E-03
 L1 CONV. ELECTRON, GAMMA-RAY   1   1.80E-02    7.712E-02    1.39E-03
 L2 CONV. ELECTRON, GAMMA-RAY   1   2.55E-01    7.760E-02    1.98E-02
 L3 CONV. ELECTRON, GAMMA-RAY   1   2.44E-01    7.880E-02    1.93E-02
 M CONV. ELECTRON, GAMMA-RAY    1   1.30E-01    8.626E-02*   1.12E-02
 N+ CONV. ELECTRON, GAMMA-RAY   1   3.51E-02    8.836E-02*   3.10E-03
 GAMMA-RAY                      2   7.80E-01    2.018E-01    1.57E-01
 K CONV. ELECTRON, GAMMA-RAY    2   1.27E-01    1.363E-01    1.73E-02
 L1 CONV. ELECTRON, GAMMA-RAY   2   1.43E-02    1.906E-01    2.72E-03
 L2 CONV. ELECTRON, GAMMA-RAY   2   3.27E-02    1.911E-01    6.24E-03
 L3 CONV. ELECTRON, GAMMA-RAY   2   2.33E-02    1.923E-01    4.48E-03
 M CONV. ELECTRON, GAMMA-RAY    2   1.73E-02    1.997E-01*   3.45E-03
 N+ CONV. ELECTRON, GAMMA-RAY   2   4.74E-03    2.018E-01*   9.57E-04
 GAMMA-RAY                      3   9.36E-01    3.068E-01    2.87E-01
 K CONV. ELECTRON, GAMMA-RAY    3   4.85E-02    2.414E-01    1.17E-02
 L1 CONV. ELECTRON, GAMMA-RAY   3   5.92E-03    2.956E-01    1.75E-03
 L2 CONV. ELECTRON, GAMMA-RAY   3   6.53E-03    2.961E-01    1.93E-03
 L3 CONV. ELECTRON, GAMMA-RAY   3   3.89E-03    2.973E-01    1.15E-03
 M CONV. ELECTRON, GAMMA-RAY    3   3.94E-03    3.047E-01*   1.20E-03
 N+ CONV. ELECTRON, GAMMA-RAY   3   1.10E-03    3.068E-01*   3.37E-04
 GAMMA-RAY                      4   3.74E-03    4.011E-01    1.50E-03
 K -L2 X-RAY                        9.47E-02    5.472E-02    5.18E-03
 K -L3 X-RAY                        1.66E-01    5.592E-02    9.26E-03
 K -M2 X-RAY                        1.76E-02    6.312E-02    1.11E-03
 K -M3 X-RAY                        3.41E-02    6.338E-02    2.16E-03
 K -N3 X-RAY                        7.68E-03    6.511E-02    5.00E-04
 L2-M4 X-RAY                        8.83E-02    9.038E-03    7.98E-04
 L3-M5 X-RAY                        9.24E-02    7.890E-03    7.29E-04
 AUGER KLL                          1.05E-02    4.453E-02*   4.68E-04
 AUGER LMM                          4.63E-01    6.209E-03*   2.87E-03
 AUGER LMX                          1.72E-01    7.829E-03*   1.35E-03
 AUGER MNN                          1.42E+00    1.367E-03*   1.94E-03
 CK NNX                             3.26E+00    1.600E-04*   5.22E-04
 
 ALL LISTED X-RAYS, GAMMA-RAYS AND ANNIHILATION RADIATION    4.79E-01
 ALL NEGLECTED X-RAYS, GAMMA-RAYS AND ANNIH. RADIATION**     1.27E-03
 ALL LISTED BETAS, INTERNAL CONVERSION AND AUGER ELECTRONS   3.01E-01
 ALL NEGLECTED BETAS, INT. CONVERSION AND AUGER ELECTRONS**  1.16E-03
 ALL LISTED RADIATIONS                                       7.80E-01
 ALL NEGLECTED RADIATIONS**                                  2.43E-03
 
 *  AVERAGE ENERGY (MEV)
 ** EACH NEGLECTED TRANSITION CONTRIBUTES LESS THAN  0.100%
    TO THE TOTAL MEV/TRANSFORMATION FOR THIS CATEGORY.
 TOTAL FEEDING OF GROUND STATE LEVEL IN 176-HAFNIUM
   DAUGHTER IS 1.0000E+00 PER TRANSFORMATION OF 176-LUTETIUM.
   THIS DAUGHTER GROUND STATE IS STABLE.
