 28-MAGNESIUM-12         HALFLIFE = 20.915 HOURS   

  MODE OF DECAY: BETA MINUS
 
                                    MEAN
                                    NUMBER/                  MEV/
                               ID   TRANSFOR-   ENERGY       TRANSFOR-
        TYPE OF RADIATION      NO.  MATION      (MEV)        MATION

 BETA MINUS                     1   4.98E-02    6.521E-02*   3.25E-03
 BETA MINUS                     2   9.47E-01    1.559E-01*   1.48E-01
 BETA MINUS                     3   3.09E-03    3.191E-01*   9.86E-04
 GAMMA-RAY                      1   6.60E-01    3.064E-02    2.02E-02
 K CONV. ELECTRON, GAMMA-RAY    1   2.77E-01    2.909E-02    8.06E-03
 L1 CONV. ELECTRON, GAMMA-RAY   1   1.93E-02    3.052E-02    5.89E-04
 GAMMA-RAY                      2   3.66E-01    4.007E-01    1.47E-01
 GAMMA-RAY                      4   3.83E-01    9.415E-01    3.61E-01
 GAMMA-RAY                      7   5.26E-01    1.342E+00    7.06E-01
 GAMMA-RAY                      8   4.70E-02    1.373E+00    6.45E-02
 GAMMA-RAY                      9   4.20E-02    1.589E+00    6.68E-02
 GAMMA-RAY                     10   3.00E-03    1.620E+00    4.86E-03
 AUGER KLL                          2.54E-01    1.371E-03*   3.48E-04
 
 ALL LISTED X-RAYS, GAMMA-RAYS AND ANNIHILATION RADIATION    1.37E+00
 ALL NEGLECTED X-RAYS, GAMMA-RAYS AND ANNIH. RADIATION**     3.53E-04
 ALL LISTED BETAS, INTERNAL CONVERSION AND AUGER ELECTRONS   1.61E-01
 ALL NEGLECTED BETAS, INT. CONVERSION AND AUGER ELECTRONS**  1.13E-04
 ALL LISTED RADIATIONS                                       1.53E+00
 ALL NEGLECTED RADIATIONS**                                  4.67E-04
 
 *  AVERAGE ENERGY (MEV)
 ** EACH NEGLECTED TRANSITION CONTRIBUTES LESS THAN  0.100%
    TO THE TOTAL MEV/TRANSFORMATION FOR THIS CATEGORY.
 TOTAL FEEDING OF GROUND STATE LEVEL IN 28-ALUMINUM
   DAUGHTER IS 1.0000E+00 PER TRANSFORMATION OF  28-MAGNESIUM.
   DECAY OF THIS 2.2414 MINUTES HALFLIFE LEVEL WILL CONTRIBUTE TO DOSE.
