 51-MANGANESE-25         HALFLIFE = 46.2 MINUTES 

  MODES OF DECAY: ELECTRON CAPTURE, BETA PLUS
 
                                    MEAN
                                    NUMBER/                  MEV/
                               ID   TRANSFOR-   ENERGY       TRANSFOR-
        TYPE OF RADIATION      NO.  MATION      (MEV)        MATION

 BETA PLUS                      5   2.00E-03    6.190E-01*   1.24E-03
 BETA PLUS                      6   9.69E-01    9.631E-01*   9.33E-01
 ANNIHILATION RADIATION             1.94E+00    5.110E-01    9.92E-01
 GAMMA-RAY                      2   2.65E-03    7.491E-01    1.99E-03
 
 ALL LISTED X-RAYS, GAMMA-RAYS AND ANNIHILATION RADIATION    9.94E-01
 ALL NEGLECTED X-RAYS, GAMMA-RAYS AND ANNIH. RADIATION**     3.51E-03
 ALL LISTED BETAS, INTERNAL CONVERSION AND AUGER ELECTRONS   9.34E-01
 ALL NEGLECTED BETAS, INT. CONVERSION AND AUGER ELECTRONS**  1.92E-04
 ALL LISTED RADIATIONS                                       1.93E+00
 ALL NEGLECTED RADIATIONS**                                  3.70E-03
 
 *  AVERAGE ENERGY (MEV)
 ** EACH NEGLECTED TRANSITION CONTRIBUTES LESS THAN  0.100%
    TO THE TOTAL MEV/TRANSFORMATION FOR THIS CATEGORY.
 TOTAL FEEDING OF GROUND STATE LEVEL IN 51-CHROMIUM
   DAUGHTER IS 1.0000E+00 PER TRANSFORMATION OF  51-MANGANESE.
   DECAY OF THIS 27.7025 DAYS HALFLIFE LEVEL WILL CONTRIBUTE TO DOSE.
