 52M-MANGANESE-25        HALFLIFE = 21.1 MINUTES 

  MODES OF DECAY: ELECTRON CAPTURE, BETA PLUS, ISOMERIC LEVEL
 
                                    MEAN
                                    NUMBER/                  MEV/
                               ID   TRANSFOR-   ENERGY       TRANSFOR-
        TYPE OF RADIATION      NO.  MATION      (MEV)        MATION

 BETA PLUS                      6   9.64E-01    1.173E+00*   1.13E+00
 ANNIHILATION RADIATION             1.93E+00    5.110E-01    9.87E-01
 GAMMA-RAY                      4   9.82E-01    1.434E+00    1.41E+00
 GAMMA-RAY                      6   2.16E-03    1.728E+00    3.73E-03
 GAMMA-RAY                      1   1.68E-02    3.777E-01    6.36E-03
 
 ALL LISTED X-RAYS, GAMMA-RAYS AND ANNIHILATION RADIATION    2.41E+00
 ALL NEGLECTED X-RAYS, GAMMA-RAYS AND ANNIH. RADIATION**     2.84E-03
 ALL LISTED BETAS, INTERNAL CONVERSION AND AUGER ELECTRONS   1.13E+00
 ALL NEGLECTED BETAS, INT. CONVERSION AND AUGER ELECTRONS**  1.26E-03
 ALL LISTED RADIATIONS                                       3.54E+00
 ALL NEGLECTED RADIATIONS**                                  4.10E-03
 
 *  AVERAGE ENERGY (MEV)
 ** EACH NEGLECTED TRANSITION CONTRIBUTES LESS THAN  0.100%
    TO THE TOTAL MEV/TRANSFORMATION FOR THIS CATEGORY.
 TOTAL FEEDING OF GROUND STATE LEVEL IN 52-CHROMIUM
   DAUGHTER IS 9.8250E-01  PER TRANSFORMATION OF  52M-MANGANESE.
   THIS DAUGHTER GROUND STATE IS STABLE.
 TOTAL FEEDING OF GROUND STATE LEVEL IN 52-MANGANESE
   DAUGHTER IS 1.7500E-02  PER TRANSFORMATION OF  52M-MANGANESE.
   DECAY OF THIS 5.591 DAYS HALFLIFE LEVEL WILL CONTRIBUTE TO DOSE.
