 52-MANGANESE-25         HALFLIFE = 5.591 DAYS    

  MODES OF DECAY: ELECTRON CAPTURE, BETA PLUS
 
                                    MEAN
                                    NUMBER/                  MEV/
                               ID   TRANSFOR-   ENERGY       TRANSFOR-
        TYPE OF RADIATION      NO.  MATION      (MEV)        MATION

 BETA PLUS                      2   2.97E-01    2.418E-01*   7.17E-02
 ANNIHILATION RADIATION             5.93E-01    5.110E-01    3.03E-01
 GAMMA-RAY                      8   9.00E-01    7.442E-01    6.70E-01
 K CONV. ELECTRON, GAMMA-RAY    8   2.74E-04    7.383E-01    2.02E-04
 GAMMA-RAY                      9   3.32E-02    8.482E-01    2.82E-02
 GAMMA-RAY                     11   9.45E-01    9.355E-01    8.84E-01
 K CONV. ELECTRON, GAMMA-RAY   11   1.58E-04    9.296E-01    1.47E-04
 GAMMA-RAY                     13   4.21E-02    1.246E+00    5.25E-02
 GAMMA-RAY                     14   3.80E-03    1.248E+00    4.74E-03
 GAMMA-RAY                     15   5.07E-02    1.334E+00    6.76E-02
 GAMMA-RAY                     16   1.00E+00    1.434E+00    1.43E+00
 K CONV. ELECTRON, GAMMA-RAY   16   6.30E-05    1.428E+00    8.99E-05
 AUGER KLL                          3.66E-01    4.745E-03*   1.74E-03
 AUGER KLX                          8.44E-02    5.293E-03*   4.47E-04
 AUGER LMM                          1.02E+00    5.006E-04*   5.13E-04
 CK MMX                             2.12E+00    3.611E-05*   7.67E-05
 
 ALL LISTED X-RAYS, GAMMA-RAYS AND ANNIHILATION RADIATION    3.44E+00
 ALL NEGLECTED X-RAYS, GAMMA-RAYS AND ANNIH. RADIATION**     1.43E-02
 ALL LISTED BETAS, INTERNAL CONVERSION AND AUGER ELECTRONS   7.49E-02
 ALL NEGLECTED BETAS, INT. CONVERSION AND AUGER ELECTRONS**  1.20E-04
 ALL LISTED RADIATIONS                                       3.52E+00
 ALL NEGLECTED RADIATIONS**                                  1.45E-02
 
 *  AVERAGE ENERGY (MEV)
 ** EACH NEGLECTED TRANSITION CONTRIBUTES LESS THAN  0.100%
    TO THE TOTAL MEV/TRANSFORMATION FOR THIS CATEGORY.
 TOTAL FEEDING OF GROUND STATE LEVEL IN 52-CHROMIUM
   DAUGHTER IS 1.0000E+00 PER TRANSFORMATION OF  52-MANGANESE.
   THIS DAUGHTER GROUND STATE IS STABLE.
