 54-MANGANESE-25         HALFLIFE = 312.12 DAYS    

  MODES OF DECAY: ELECTRON CAPTURE, BETA PLUS, BETA MINUS
 
                                    MEAN
                                    NUMBER/                  MEV/
                               ID   TRANSFOR-   ENERGY       TRANSFOR-
        TYPE OF RADIATION      NO.  MATION      (MEV)        MATION

 GAMMA-RAY                      1   1.00E+00    8.348E-01    8.35E-01
 K CONV. ELECTRON, GAMMA-RAY    1   2.24E-04    8.289E-01    1.86E-04
 L1 CONV. ELECTRON, GAMMA-RAY   1   2.04E-05    8.342E-01    1.70E-05
 AUGER KLL                          5.19E-01    4.745E-03*   2.46E-03
 AUGER KLX                          1.20E-01    5.293E-03*   6.34E-04
 AUGER KXY                          7.36E-03    5.845E-03*   4.30E-05
 CK LLX                             2.94E-01    6.106E-05*   1.79E-05
 AUGER LMM                          1.45E+00    5.007E-04*   7.28E-04
 AUGER LMX                          1.10E-02    5.443E-04*   5.97E-06
 CK MMX                             3.02E+00    3.611E-05*   1.09E-04
 
 ALL LISTED X-RAYS, GAMMA-RAYS AND ANNIHILATION RADIATION    8.35E-01
 ALL NEGLECTED X-RAYS, GAMMA-RAYS AND ANNIH. RADIATION**     1.36E-03
 ALL LISTED BETAS, INTERNAL CONVERSION AND AUGER ELECTRONS   4.20E-03
 ALL NEGLECTED BETAS, INT. CONVERSION AND AUGER ELECTRONS**  1.18E-06
 ALL LISTED RADIATIONS                                       8.39E-01
 ALL NEGLECTED RADIATIONS**                                  1.36E-03
 
 *  AVERAGE ENERGY (MEV)
 ** EACH NEGLECTED TRANSITION CONTRIBUTES LESS THAN  0.100%
    TO THE TOTAL MEV/TRANSFORMATION FOR THIS CATEGORY.
 TOTAL FEEDING OF GROUND STATE LEVEL IN 54-CHROMIUM
   DAUGHTER IS 1.0000E+00 PER TRANSFORMATION OF  54-MANGANESE.
   THIS DAUGHTER GROUND STATE IS STABLE.
 TOTAL FEEDING OF GROUND STATE LEVEL IN 54-IRON
   DAUGHTER IS 2.9000E-06 PER TRANSFORMATION OF  54-MANGANESE.
   THIS DAUGHTER GROUND STATE IS STABLE.
