 99-MOLYBDENUM-42        HALFLIFE = 65.94 HOURS   

  MODE OF DECAY: BETA MINUS
 
                                    MEAN
                                    NUMBER/                  MEV/
                               ID   TRANSFOR-   ENERGY       TRANSFOR-
        TYPE OF RADIATION      NO.  MATION      (MEV)        MATION

 BETA MINUS                     6   1.64E-01    1.331E-01*   2.18E-02
 BETA MINUS                     9   1.14E-02    2.897E-01*   3.29E-03
 BETA MINUS                    10   8.22E-01    4.428E-01*   3.64E-01
 GAMMA-RAY                      2   1.05E-02    4.058E-02    4.27E-04
 K CONV. ELECTRON, GAMMA-RAY    2   3.48E-02    1.957E-02    6.80E-04
 GAMMA-RAY                      4   4.52E-02    1.405E-01    6.36E-03
 K CONV. ELECTRON, GAMMA-RAY    4   4.53E-03    1.195E-01    5.41E-04
 GAMMA-RAY                      8   5.99E-02    1.811E-01    1.08E-02
 K CONV. ELECTRON, GAMMA-RAY    8   7.52E-03    1.601E-01    1.20E-03
 GAMMA-RAY                     11   1.19E-02    3.664E-01    4.36E-03
 GAMMA-RAY                     20   5.70E-04    5.288E-01    3.01E-04
 GAMMA-RAY                     28   1.21E-01    7.395E-01    8.97E-02
 GAMMA-RAY                     30   4.26E-02    7.779E-01    3.31E-02
 GAMMA-RAY                     31   1.33E-03    8.230E-01    1.10E-03
 GAMMA-RAY                     33   9.46E-04    9.608E-01    9.09E-04
 K -L2 X-RAY                        1.06E-02    1.821E-02    1.94E-04
 K -L3 X-RAY                        2.02E-02    1.833E-02    3.71E-04
 
 ALL LISTED X-RAYS, GAMMA-RAYS AND ANNIHILATION RADIATION    1.48E-01
 ALL NEGLECTED X-RAYS, GAMMA-RAYS AND ANNIH. RADIATION**     7.17E-04
 ALL LISTED BETAS, INTERNAL CONVERSION AND AUGER ELECTRONS   3.91E-01
 ALL NEGLECTED BETAS, INT. CONVERSION AND AUGER ELECTRONS**  1.40E-03
 ALL LISTED RADIATIONS                                       5.39E-01
 ALL NEGLECTED RADIATIONS**                                  2.11E-03
 
 *  AVERAGE ENERGY (MEV)
 ** EACH NEGLECTED TRANSITION CONTRIBUTES LESS THAN  0.100%
    TO THE TOTAL MEV/TRANSFORMATION FOR THIS CATEGORY.
 TOTAL FEEDING OF 0.142683 MEV ISOMERIC LEVEL IN  99-TECHNETIUM  
   DAUGHTER IS 8.7730E-01 PER TRANSFORMATION OF  99-MOLYBDENUM.
   DECAY OF THIS 6.015 HOURS HALFLIFE LEVEL WILL CONTRIBUTE TO DOSE.
 TOTAL FEEDING OF GROUND STATE LEVEL IN 99-TECHNETIUM
   DAUGHTER IS 1.2270E-01 PER TRANSFORMATION OF  99-MOLYBDENUM.
   DECAY OF THIS 211100 YEARS HALFLIFE LEVEL WILL CONTRIBUTE TO DOSE.
