 22-SODIUM-11            HALFLIFE = 2.6019 YEARS   

  MODES OF DECAY: ELECTRON CAPTURE, BETA PLUS
 
                                    MEAN
                                    NUMBER/                  MEV/
                               ID   TRANSFOR-   ENERGY       TRANSFOR-
        TYPE OF RADIATION      NO.  MATION      (MEV)        MATION

 BETA PLUS                      1   8.98E-01    2.155E-01*   1.94E-01
 BETA PLUS                      2   5.50E-04    8.350E-01*   4.59E-04
 ANNIHILATION RADIATION             1.80E+00    5.110E-01    9.19E-01
 GAMMA-RAY                      1   9.99E-01    1.275E+00    1.27E+00
 K CONV. ELECTRON, GAMMA-RAY    1   6.43E-06    1.274E+00    8.19E-06
 L1 CONV. ELECTRON, GAMMA-RAY   1   3.77E-07    1.274E+00    4.81E-07
 L2 CONV. ELECTRON, GAMMA-RAY   1   2.07E-10    1.275E+00    2.64E-10
 L3 CONV. ELECTRON, GAMMA-RAY   1   3.40E-10    1.275E+00    4.33E-10
 
 ALL LISTED X-RAYS, GAMMA-RAYS AND ANNIHILATION RADIATION    2.19E+00
 ALL LISTED BETAS, INTERNAL CONVERSION AND AUGER ELECTRONS   1.94E-01
 ALL LISTED RADIATIONS                                       2.39E+00
 
 *  AVERAGE ENERGY (MEV)
 TOTAL FEEDING OF GROUND STATE LEVEL IN 22-NEON
   DAUGHTER IS 1.0000E+00 PER TRANSFORMATION OF  22-SODIUM.
   THIS DAUGHTER GROUND STATE IS STABLE.
