 24-SODIUM-11            HALFLIFE = 14.959 HOURS   

  MODE OF DECAY: BETA MINUS
 
                                    MEAN
                                    NUMBER/                  MEV/
                               ID   TRANSFOR-   ENERGY       TRANSFOR-
        TYPE OF RADIATION      NO.  MATION      (MEV)        MATION

 BETA MINUS                     3   9.99E-01    5.540E-01*   5.54E-01
 GAMMA-RAY                      2   1.00E+00    1.369E+00    1.37E+00
 GAMMA-RAY                      3   9.99E-01    2.754E+00    2.75E+00
 
 ALL LISTED X-RAYS, GAMMA-RAYS AND ANNIHILATION RADIATION    4.12E+00
 ALL NEGLECTED X-RAYS, GAMMA-RAYS AND ANNIH. RADIATION**     2.08E-03
 ALL LISTED BETAS, INTERNAL CONVERSION AND AUGER ELECTRONS   5.54E-01
 ALL NEGLECTED BETAS, INT. CONVERSION AND AUGER ELECTRONS**  1.32E-04
 ALL LISTED RADIATIONS                                       4.67E+00
 ALL NEGLECTED RADIATIONS**                                  2.21E-03
 
 *  AVERAGE ENERGY (MEV)
 ** EACH NEGLECTED TRANSITION CONTRIBUTES LESS THAN  0.100%
    TO THE TOTAL MEV/TRANSFORMATION FOR THIS CATEGORY.
 TOTAL FEEDING OF GROUND STATE LEVEL IN 24-MAGNESIUM
   DAUGHTER IS 1.0000E+00 PER TRANSFORMATION OF  24-SODIUM.
   THIS DAUGHTER GROUND STATE IS STABLE.
