 95M-NIOBIUM-41          HALFLIFE = 3.61 DAYS    

  MODES OF DECAY: ISOMERIC LEVEL, BETA MINUS
 
                                    MEAN
                                    NUMBER/                  MEV/
                               ID   TRANSFOR-   ENERGY       TRANSFOR-
        TYPE OF RADIATION      NO.  MATION      (MEV)        MATION

 GAMMA-RAY                      1   2.44E-01    2.357E-01    5.74E-02
 K CONV. ELECTRON, GAMMA-RAY    1   5.61E-01    2.167E-01    1.22E-01
 L1 CONV. ELECTRON, GAMMA-RAY   1   7.79E-02    2.330E-01    1.82E-02
 L2 CONV. ELECTRON, GAMMA-RAY   1   1.28E-02    2.332E-01    2.98E-03
 L3 CONV. ELECTRON, GAMMA-RAY   1   2.34E-02    2.333E-01    5.46E-03
 M CONV. ELECTRON, GAMMA-RAY    1   2.13E-02    2.353E-01*   5.01E-03
 N+ CONV. ELECTRON, GAMMA-RAY   1   3.57E-03    2.357E-01*   8.41E-04
 K -L2 X-RAY                        1.22E-01    1.648E-02    2.01E-03
 K -L3 X-RAY                        2.32E-01    1.658E-02    3.85E-03
 K -M2 X-RAY                        1.86E-02    1.857E-02    3.46E-04
 K -M3 X-RAY                        3.63E-02    1.859E-02    6.74E-04
 K -N3 X-RAY                        6.30E-03    1.891E-02    1.19E-04
 AUGER KLL                          1.02E-01    1.401E-02*   1.43E-03
 AUGER KLX                          3.71E-02    1.614E-02*   5.99E-04
 AUGER LMM                          6.04E-01    1.853E-03*   1.12E-03
 AUGER MNN                          1.50E+00    1.490E-04*   2.24E-04
 BETA MINUS                     4   2.37E-02    3.349E-01*   7.94E-03
 BETA MINUS                     5   3.16E-02    4.378E-01*   1.38E-02
 GAMMA-RAY                      1   2.30E-02    2.041E-01    4.69E-03
 K CONV. ELECTRON, GAMMA-RAY    1   1.04E-03    1.842E-01    1.91E-04
 GAMMA-RAY                      4   4.76E-04    5.821E-01    2.77E-04
 GAMMA-RAY                      6   1.34E-04    7.862E-01    1.06E-04
 
 ALL LISTED X-RAYS, GAMMA-RAYS AND ANNIHILATION RADIATION    6.95E-02
 ALL NEGLECTED X-RAYS, GAMMA-RAYS AND ANNIH. RADIATION**     1.84E-04
 ALL LISTED BETAS, INTERNAL CONVERSION AND AUGER ELECTRONS   1.79E-01
 ALL NEGLECTED BETAS, INT. CONVERSION AND AUGER ELECTRONS**  5.24E-04
 ALL LISTED RADIATIONS                                       2.49E-01
 ALL NEGLECTED RADIATIONS**                                  7.08E-04
 
 *  AVERAGE ENERGY (MEV)
 ** EACH NEGLECTED TRANSITION CONTRIBUTES LESS THAN  0.100%
    TO THE TOTAL MEV/TRANSFORMATION FOR THIS CATEGORY.
 TOTAL FEEDING OF GROUND STATE LEVEL IN 95-NIOBIUM
   DAUGHTER IS 9.4400E-01  PER TRANSFORMATION OF  95M-NIOBIUM.
   DECAY OF THIS 34.991 DAYS HALFLIFE LEVEL WILL CONTRIBUTE TO DOSE.
 TOTAL FEEDING OF GROUND STATE LEVEL IN 95-MOLYBDENUM
   DAUGHTER IS 5.6000E-02  PER TRANSFORMATION OF  95M-NIOBIUM.
   THIS DAUGHTER GROUND STATE IS STABLE.
