 90-NIOBIUM-41           HALFLIFE = 14.6 HOURS   

  MODES OF DECAY: ELECTRON CAPTURE, BETA PLUS
 
                                    MEAN
                                    NUMBER/                  MEV/
                               ID   TRANSFOR-   ENERGY       TRANSFOR-
        TYPE OF RADIATION      NO.  MATION      (MEV)        MATION

 BETA PLUS                      5   5.37E-01    6.621E-01*   3.55E-01
 ANNIHILATION RADIATION             1.07E+00    5.110E-01    5.49E-01
 GAMMA-RAY                      1   4.13E-02    1.327E-01    5.49E-03
 K CONV. ELECTRON, GAMMA-RAY    1   9.23E-02    1.148E-01    1.06E-02
 L1 CONV. ELECTRON, GAMMA-RAY   1   8.69E-03    1.302E-01    1.13E-03
 L2 CONV. ELECTRON, GAMMA-RAY   1   8.94E-03    1.304E-01    1.17E-03
 L3 CONV. ELECTRON, GAMMA-RAY   1   1.02E-02    1.305E-01    1.33E-03
 M CONV. ELECTRON, GAMMA-RAY    1   5.05E-03    1.324E-01*   6.69E-04
 GAMMA-RAY                      2   6.68E-01    1.412E-01    9.43E-02
 K CONV. ELECTRON, GAMMA-RAY    2   1.80E-01    1.232E-01    2.22E-02
 L1 CONV. ELECTRON, GAMMA-RAY   2   1.73E-02    1.387E-01    2.40E-03
 L2 CONV. ELECTRON, GAMMA-RAY   2   4.57E-03    1.389E-01    6.34E-04
 L3 CONV. ELECTRON, GAMMA-RAY   2   5.61E-03    1.390E-01    7.80E-04
 M CONV. ELECTRON, GAMMA-RAY    2   4.85E-03    1.408E-01*   6.84E-04
 GAMMA-RAY                      8   1.80E-02    3.713E-01    6.70E-03
 GAMMA-RAY                     21   1.11E-02    8.277E-01    9.17E-03
 GAMMA-RAY                     22   1.80E-02    8.906E-01    1.61E-02
 GAMMA-RAY                     29   9.27E-01    1.129E+00    1.05E+00
 GAMMA-RAY                     33   1.30E-02    1.270E+00    1.65E-02
 GAMMA-RAY                     35   4.59E-03    1.471E+00    6.76E-03
 GAMMA-RAY                     37   5.17E-03    1.575E+00    8.14E-03
 GAMMA-RAY                     38   2.38E-02    1.612E+00    3.83E-02
 GAMMA-RAY                     39   3.35E-03    1.658E+00    5.55E-03
 GAMMA-RAY                     40   5.00E-03    1.716E+00    8.59E-03
 GAMMA-RAY                     42   6.89E-03    1.843E+00    1.27E-02
 GAMMA-RAY                     43   1.28E-02    1.913E+00    2.45E-02
 GAMMA-RAY                     44   6.81E-03    1.985E+00    1.35E-02
 GAMMA-RAY                     48   1.80E-01    2.186E+00    3.93E-01
 GAMMA-RAY                     49   6.23E-03    2.222E+00    1.39E-02
 GAMMA-RAY                     50   8.20E-01    2.319E+00    1.90E+00
 K CONV. ELECTRON, GAMMA-RAY   50   3.37E-04    2.301E+00    7.75E-04
 GAMMA-RAY                     51   7.38E-03    2.322E+00    1.71E-02
 K -L3 X-RAY                        2.74E-01    1.574E-02    4.31E-03
 AUGER KLL                          1.33E-01    1.333E-02*   1.77E-03
 AUGER KLX                          4.74E-02    1.533E-02*   7.27E-04
 AUGER LMM                          7.23E-01    1.754E-03*   1.27E-03
 
 ALL LISTED X-RAYS, GAMMA-RAYS AND ANNIHILATION RADIATION    4.19E+00
 ALL NEGLECTED X-RAYS, GAMMA-RAYS AND ANNIH. RADIATION**     2.12E-02
 ALL LISTED BETAS, INTERNAL CONVERSION AND AUGER ELECTRONS   4.02E-01
 ALL NEGLECTED BETAS, INT. CONVERSION AND AUGER ELECTRONS**  1.69E-03
 ALL LISTED RADIATIONS                                       4.59E+00
 ALL NEGLECTED RADIATIONS**                                  2.28E-02
 
 *  AVERAGE ENERGY (MEV)
 ** EACH NEGLECTED TRANSITION CONTRIBUTES LESS THAN  0.100%
    TO THE TOTAL MEV/TRANSFORMATION FOR THIS CATEGORY.
 TOTAL FEEDING OF GROUND STATE LEVEL IN 90-ZIRCONIUM
   DAUGHTER IS 1.0000E+00 PER TRANSFORMATION OF  90-NIOBIUM.
   THIS DAUGHTER GROUND STATE IS STABLE.
