 140-NEODYMIUM-60        HALFLIFE = 3.37 DAYS    

  MODE OF DECAY: ELECTRON CAPTURE
 
                                    MEAN
                                    NUMBER/                  MEV/
                               ID   TRANSFOR-   ENERGY       TRANSFOR-
        TYPE OF RADIATION      NO.  MATION      (MEV)        MATION

 K -L2 X-RAY                        2.17E-01    3.557E-02    7.73E-03
 K -L3 X-RAY                        3.97E-01    3.606E-02    1.43E-02
 K -M2 X-RAY                        3.89E-02    4.068E-02    1.58E-03
 K -M3 X-RAY                        7.53E-02    4.078E-02    3.07E-03
 K -N2 X-RAY                        8.32E-03    4.177E-02    3.47E-04
 K -N3 X-RAY                        1.62E-02    4.179E-02    6.76E-04
 K -O2 X-RAY                        1.49E-03    4.198E-02    6.27E-05
 K -O3 X-RAY                        2.92E-03    4.199E-02    1.23E-04
 L2-M4 X-RAY                        2.97E-02    5.487E-03    1.63E-04
 L2-N4 X-RAY                        4.99E-03    6.321E-03    3.15E-05
 L3-M5 X-RAY                        4.88E-02    5.020E-03    2.45E-04
 L3-N5 X-RAY                        7.98E-03    5.836E-03    4.66E-05
 Free-Bound X-RAY                   1.11E+01    1.562E-05*   1.73E-04
 AUGER KLL                          4.43E-02    2.934E-02*   1.30E-03
 AUGER KLX                          2.11E-02    3.458E-02*   7.28E-04
 AUGER KXY                          2.40E-03    3.983E-02*   9.56E-05
 CK LLX                             1.38E-01    4.196E-04*   5.79E-05
 AUGER LMM                          5.47E-01    4.001E-03*   2.19E-03
 AUGER LMX                          1.82E-01    4.905E-03*   8.94E-04
 AUGER LXY                          1.49E-02    5.843E-03*   8.73E-05
 CK MMX                             6.22E-01    1.428E-04*   8.88E-05
 AUGER MNN                          1.43E+00    6.679E-04*   9.55E-04
 AUGER MNX                          1.01E-01    8.264E-04*   8.37E-05
 CK NNX                             3.90E+00    8.718E-05*   3.40E-04
 AUGER NXY                          1.39E+00    7.053E-05*   9.78E-05
 CK OOX                             1.30E+00    1.296E-05*   1.68E-05
 
 ALL LISTED X-RAYS, GAMMA-RAYS AND ANNIHILATION RADIATION    2.86E-02
 ALL NEGLECTED X-RAYS, GAMMA-RAYS AND ANNIH. RADIATION**     1.85E-04
 ALL LISTED BETAS, INTERNAL CONVERSION AND AUGER ELECTRONS   6.93E-03
 ALL NEGLECTED BETAS, INT. CONVERSION AND AUGER ELECTRONS**  2.27E-06
 ALL LISTED RADIATIONS                                       3.55E-02
 ALL NEGLECTED RADIATIONS**                                  1.87E-04
 
 *  AVERAGE ENERGY (MEV)
 ** EACH NEGLECTED TRANSITION CONTRIBUTES LESS THAN  0.100%
    TO THE TOTAL MEV/TRANSFORMATION FOR THIS CATEGORY.
 TOTAL FEEDING OF GROUND STATE LEVEL IN 140-PRASEODYMIUM
   DAUGHTER IS 1.0000E+00 PER TRANSFORMATION OF 140-NEODYMIUM.
   DECAY OF THIS 3.39 MINUTES HALFLIFE LEVEL WILL CONTRIBUTE TO DOSE.
