 19-NEON-10              HALFLIFE = 17.22 SECONDS 

  MODES OF DECAY: ELECTRON CAPTURE, BETA PLUS
 
                                    MEAN
                                    NUMBER/                  MEV/
                               ID   TRANSFOR-   ENERGY       TRANSFOR-
        TYPE OF RADIATION      NO.  MATION      (MEV)        MATION

 BETA PLUS                      1   2.13E-05    2.629E-01*   5.60E-06
 BETA PLUS                      2   1.20E-04    9.118E-01*   1.09E-04
 BETA PLUS                      3   9.99E-01    9.634E-01*   9.62E-01
 ANNIHILATION RADIATION             2.00E+00    5.110E-01    1.02E+00
 GAMMA-RAY                      1   1.20E-04    1.099E-01    1.32E-05
 K CONV. ELECTRON, GAMMA-RAY    1   2.29E-07    1.092E-01    2.50E-08
 L1 CONV. ELECTRON, GAMMA-RAY   1   1.37E-08    1.099E-01    1.50E-09
 GAMMA-RAY                      2   2.06E-05    1.971E-01    4.06E-06
 K CONV. ELECTRON, GAMMA-RAY    2   4.57E-08    1.965E-01    8.98E-09
 L1 CONV. ELECTRON, GAMMA-RAY   2   2.74E-09    1.971E-01    5.41E-10
 GAMMA-RAY                      3   2.06E-05    1.357E+00    2.80E-05
 K CONV. ELECTRON, GAMMA-RAY    3   6.69E-11    1.356E+00    9.07E-11
 L1 CONV. ELECTRON, GAMMA-RAY   3   4.02E-12    1.357E+00    5.45E-12
 GAMMA-RAY                      4   1.08E-06    1.444E+00    1.56E-06
 K CONV. ELECTRON, GAMMA-RAY    4   2.12E-12    1.443E+00    3.06E-12
 L1 CONV. ELECTRON, GAMMA-RAY   4   1.28E-13    1.444E+00    1.85E-13
 GAMMA-RAY                      5   5.70E-07    1.554E+00    8.86E-07
 K CONV. ELECTRON, GAMMA-RAY    5   1.47E-12    1.553E+00    2.29E-12
 L1 CONV. ELECTRON, GAMMA-RAY   5   8.84E-14    1.554E+00    1.37E-13
 
 ALL LISTED X-RAYS, GAMMA-RAYS AND ANNIHILATION RADIATION    1.02E+00
 ALL LISTED BETAS, INTERNAL CONVERSION AND AUGER ELECTRONS   9.62E-01
 ALL LISTED RADIATIONS                                       1.98E+00
 
 *  AVERAGE ENERGY (MEV)
 TOTAL FEEDING OF GROUND STATE LEVEL IN 19-FLUORINE
   DAUGHTER IS 1.0000E+00 PER TRANSFORMATION OF  19-NEON.
   THIS DAUGHTER GROUND STATE IS STABLE.
