 57-NICKEL-28            HALFLIFE = 35.6 HOURS   

  MODES OF DECAY: ELECTRON CAPTURE, BETA PLUS
 
                                    MEAN
                                    NUMBER/                  MEV/
                               ID   TRANSFOR-   ENERGY       TRANSFOR-
        TYPE OF RADIATION      NO.  MATION      (MEV)        MATION

 BETA PLUS                      1   4.40E-03    1.386E-01*   6.10E-04
 BETA PLUS                      2   8.00E-03    2.061E-01*   1.65E-03
 BETA PLUS                      3   7.03E-02    3.134E-01*   2.20E-02
 BETA PLUS                      4   3.52E-01    3.683E-01*   1.30E-01
 ANNIHILATION RADIATION             8.70E-01    5.110E-01    4.44E-01
 GAMMA-RAY                      1   1.67E-01    1.272E-01    2.12E-02
 K CONV. ELECTRON, GAMMA-RAY    1   3.24E-03    1.195E-01    3.87E-04
 GAMMA-RAY                     15   8.17E-01    1.378E+00    1.13E+00
 GAMMA-RAY                     18   5.75E-02    1.758E+00    1.01E-01
 GAMMA-RAY                     20   1.23E-01    1.920E+00    2.35E-01
 GAMMA-RAY                     23   9.80E-04    2.804E+00    2.75E-03
 AUGER KLL                          2.52E-01    6.031E-03*   1.52E-03
 AUGER KLX                          6.24E-02    6.775E-03*   4.23E-04
 AUGER LMM                          7.73E-01    6.982E-04*   5.40E-04
 
 ALL LISTED X-RAYS, GAMMA-RAYS AND ANNIHILATION RADIATION    1.93E+00
 ALL NEGLECTED X-RAYS, GAMMA-RAYS AND ANNIH. RADIATION**     7.91E-03
 ALL LISTED BETAS, INTERNAL CONVERSION AND AUGER ELECTRONS   1.57E-01
 ALL NEGLECTED BETAS, INT. CONVERSION AND AUGER ELECTRONS**  2.82E-04
 ALL LISTED RADIATIONS                                       2.09E+00
 ALL NEGLECTED RADIATIONS**                                  8.20E-03
 
 *  AVERAGE ENERGY (MEV)
 ** EACH NEGLECTED TRANSITION CONTRIBUTES LESS THAN  0.100%
    TO THE TOTAL MEV/TRANSFORMATION FOR THIS CATEGORY.
 TOTAL FEEDING OF GROUND STATE LEVEL IN 57-COBALT
   DAUGHTER IS 1.0000E+00 PER TRANSFORMATION OF  57-NICKEL.
   DECAY OF THIS 271.74 DAYS HALFLIFE LEVEL WILL CONTRIBUTE TO DOSE.
