 14-OXYGEN-8             HALFLIFE = 70.606 SECONDS 

  MODES OF DECAY: ELECTRON CAPTURE, BETA PLUS
 
                                    MEAN
                                    NUMBER/                  MEV/
                               ID   TRANSFOR-   ENERGY       TRANSFOR-
        TYPE OF RADIATION      NO.  MATION      (MEV)        MATION

 BETA PLUS                      1   1.90E-04    6.537E-02*   1.24E-05
 BETA PLUS                      2   9.92E-01    7.707E-01*   7.65E-01
 BETA PLUS                      3   6.10E-03    1.877E+00*   1.15E-02
 ANNIHILATION RADIATION             2.00E+00    5.110E-01    1.02E+00
 GAMMA-RAY                      1   5.20E-04    1.635E+00    8.50E-04
 K CONV. ELECTRON, GAMMA-RAY    1   5.88E-10    1.635E+00    9.62E-10
 L1 CONV. ELECTRON, GAMMA-RAY   1   3.52E-11    1.635E+00    5.76E-11
 GAMMA-RAY                      2   9.94E-01    2.313E+00    2.30E+00
 K CONV. ELECTRON, GAMMA-RAY    2   6.50E-07    2.312E+00    1.50E-06
 L1 CONV. ELECTRON, GAMMA-RAY   2   3.94E-08    2.313E+00    9.10E-08
 GAMMA-RAY                      3   2.11E-05    3.948E+00    8.33E-05
 K CONV. ELECTRON, GAMMA-RAY    3   6.69E-12    3.947E+00    2.64E-11
 L1 CONV. ELECTRON, GAMMA-RAY   3   4.57E-13    3.947E+00    1.80E-12
 
 ALL LISTED X-RAYS, GAMMA-RAYS AND ANNIHILATION RADIATION    3.32E+00
 ALL LISTED BETAS, INTERNAL CONVERSION AND AUGER ELECTRONS   7.76E-01
 ALL LISTED RADIATIONS                                       4.10E+00
 
 *  AVERAGE ENERGY (MEV)
 TOTAL FEEDING OF GROUND STATE LEVEL IN 14-NITROGEN
   DAUGHTER IS 1.0000E+00 PER TRANSFORMATION OF  14-OXYGEN.
   THIS DAUGHTER GROUND STATE IS STABLE.
