 19-OXYGEN-8             HALFLIFE = 26.464 SECONDS 

  MODE OF DECAY: BETA MINUS
 
                                    MEAN
                                    NUMBER/                  MEV/
                               ID   TRANSFOR-   ENERGY       TRANSFOR-
        TYPE OF RADIATION      NO.  MATION      (MEV)        MATION

 BETA MINUS                     7   5.23E-01    1.443E+00*   7.55E-01
 BETA MINUS                    10   4.37E-01    2.104E+00*   9.19E-01
 BETA MINUS                    12   3.85E-02    2.217E+00*   8.53E-02
 GAMMA-RAY                      1   2.54E-02    1.099E-01    2.79E-03
 GAMMA-RAY                      2   9.59E-01    1.971E-01    1.89E-01
 GAMMA-RAY                      5   5.04E-01    1.357E+00    6.84E-01
 GAMMA-RAY                      6   2.64E-02    1.444E+00    3.81E-02
 GAMMA-RAY                      7   1.39E-02    1.554E+00    2.16E-02
 GAMMA-RAY                     13   7.92E-04    4.180E+00    3.31E-03
 
 ALL LISTED X-RAYS, GAMMA-RAYS AND ANNIHILATION RADIATION    9.39E-01
 ALL NEGLECTED X-RAYS, GAMMA-RAYS AND ANNIH. RADIATION**     9.88E-04
 ALL LISTED BETAS, INTERNAL CONVERSION AND AUGER ELECTRONS   1.76E+00
 ALL NEGLECTED BETAS, INT. CONVERSION AND AUGER ELECTRONS**  2.19E-03
 ALL LISTED RADIATIONS                                       2.70E+00
 ALL NEGLECTED RADIATIONS**                                  3.17E-03
 
 *  AVERAGE ENERGY (MEV)
 ** EACH NEGLECTED TRANSITION CONTRIBUTES LESS THAN  0.100%
    TO THE TOTAL MEV/TRANSFORMATION FOR THIS CATEGORY.
 TOTAL FEEDING OF GROUND STATE LEVEL IN 19-FLUORINE
   DAUGHTER IS 1.0000E+00 PER TRANSFORMATION OF  19-OXYGEN.
   THIS DAUGHTER GROUND STATE IS STABLE.
