 190M-OSMIUM-76          HALFLIFE = 9.9 MINUTES 

  MODE OF DECAY: ISOMERIC LEVEL
 
                                    MEAN
                                    NUMBER/                  MEV/
                               ID   TRANSFOR-   ENERGY       TRANSFOR-
        TYPE OF RADIATION      NO.  MATION      (MEV)        MATION

 L1 CONV. ELECTRON, GAMMA-RAY   1   4.05E-01    2.595E-02    1.05E-02
 L2 CONV. ELECTRON, GAMMA-RAY   1   8.95E-02    2.648E-02    2.37E-03
 L3 CONV. ELECTRON, GAMMA-RAY   1   2.44E-01    2.802E-02    6.84E-03
 M CONV. ELECTRON, GAMMA-RAY    1   2.00E-01    3.645E-02*   7.30E-03
 N+ CONV. ELECTRON, GAMMA-RAY   1   6.01E-02    3.890E-02*   2.34E-03
 GAMMA-RAY                      2   7.02E-01    1.867E-01    1.31E-01
 K CONV. ELECTRON, GAMMA-RAY    2   1.42E-01    1.126E-01    1.60E-02
 L1 CONV. ELECTRON, GAMMA-RAY   2   1.68E-02    1.737E-01    2.92E-03
 L2 CONV. ELECTRON, GAMMA-RAY   2   5.97E-02    1.743E-01    1.04E-02
 L3 CONV. ELECTRON, GAMMA-RAY   2   4.11E-02    1.758E-01    7.23E-03
 M CONV. ELECTRON, GAMMA-RAY    2   2.98E-02    1.842E-01*   5.48E-03
 N+ CONV. ELECTRON, GAMMA-RAY   2   8.57E-03    1.867E-01*   1.60E-03
 GAMMA-RAY                      3   9.49E-01    3.612E-01    3.43E-01
 K CONV. ELECTRON, GAMMA-RAY    3   3.53E-02    2.871E-01    1.01E-02
 L1 CONV. ELECTRON, GAMMA-RAY   3   4.64E-03    3.483E-01    1.62E-03
 L2 CONV. ELECTRON, GAMMA-RAY   3   4.95E-03    3.488E-01    1.73E-03
 L3 CONV. ELECTRON, GAMMA-RAY   3   2.51E-03    3.503E-01    8.80E-04
 M CONV. ELECTRON, GAMMA-RAY    3   2.97E-03    3.587E-01*   1.07E-03
 N+ CONV. ELECTRON, GAMMA-RAY   3   8.67E-04    3.612E-01*   3.13E-04
 GAMMA-RAY                      4   9.78E-01    5.025E-01    4.91E-01
 K CONV. ELECTRON, GAMMA-RAY    4   1.67E-02    4.284E-01    7.15E-03
 L1 CONV. ELECTRON, GAMMA-RAY   4   2.26E-03    4.895E-01    1.11E-03
 L2 CONV. ELECTRON, GAMMA-RAY   4   1.38E-03    4.901E-01    6.76E-04
 L3 CONV. ELECTRON, GAMMA-RAY   4   5.99E-04    4.916E-01    2.95E-04
 M CONV. ELECTRON, GAMMA-RAY    4   1.02E-03    5.000E-01*   5.10E-04
 N+ CONV. ELECTRON, GAMMA-RAY   4   3.00E-04    5.025E-01*   1.51E-04
 GAMMA-RAY                      5   9.86E-01    6.165E-01    6.08E-01
 K CONV. ELECTRON, GAMMA-RAY    5   1.07E-02    5.424E-01    5.82E-03
 L1 CONV. ELECTRON, GAMMA-RAY   5   1.47E-03    6.036E-01    8.85E-04
 L2 CONV. ELECTRON, GAMMA-RAY   5   6.40E-04    6.041E-01    3.87E-04
 L3 CONV. ELECTRON, GAMMA-RAY   5   2.55E-04    6.056E-01    1.54E-04
 M CONV. ELECTRON, GAMMA-RAY    5   5.61E-04    6.140E-01*   3.45E-04
 K -L2 X-RAY                        5.70E-02    6.164E-02    3.52E-03
 K -L3 X-RAY                        9.83E-02    6.319E-02    6.21E-03
 AUGER KLL                          5.63E-03    4.993E-02*   2.81E-04
 AUGER KLX                          2.98E-03    5.977E-02*   1.78E-04
 CK LLX                             3.69E-01    5.157E-04*   1.90E-04
 AUGER LMM                          5.05E-01    6.854E-03*   3.46E-03
 AUGER LMX                          2.00E-01    8.755E-03*   1.75E-03
 AUGER LXY                          1.97E-02    1.069E-02*   2.10E-04
 CK MMX                             7.74E-01    3.363E-04*   2.60E-04
 AUGER MNN                          1.79E+00    1.580E-03*   2.82E-03
 AUGER MNX                          1.40E-01    1.777E-03*   2.48E-04
 CK NNX                             3.75E+00    1.635E-04*   6.14E-04
 
 ALL LISTED X-RAYS, GAMMA-RAYS AND ANNIHILATION RADIATION    1.58E+00
 ALL NEGLECTED X-RAYS, GAMMA-RAYS AND ANNIH. RADIATION**     6.66E-03
 ALL LISTED BETAS, INTERNAL CONVERSION AND AUGER ELECTRONS   1.16E-01
 ALL NEGLECTED BETAS, INT. CONVERSION AND AUGER ELECTRONS**  2.64E-04
 ALL LISTED RADIATIONS                                       1.70E+00
 ALL NEGLECTED RADIATIONS**                                  6.93E-03
 
 *  AVERAGE ENERGY (MEV)
 ** EACH NEGLECTED TRANSITION CONTRIBUTES LESS THAN  0.100%
    TO THE TOTAL MEV/TRANSFORMATION FOR THIS CATEGORY.
 TOTAL FEEDING OF GROUND STATE LEVEL IN 190-OSMIUM
   DAUGHTER IS 1.0000E+00  PER TRANSFORMATION OF 190M-OSMIUM.
   THIS DAUGHTER GROUND STATE IS STABLE.
