 191-OSMIUM-76           HALFLIFE = 15.4 DAYS    

  MODE OF DECAY: BETA MINUS
 
                                    MEAN
                                    NUMBER/                  MEV/
                               ID   TRANSFOR-   ENERGY       TRANSFOR-
        TYPE OF RADIATION      NO.  MATION      (MEV)        MATION

 BETA MINUS                     1   1.00E+00    3.776E-02*   3.78E-02
 L1 CONV. ELECTRON, GAMMA-RAY   1   6.57E-03    2.845E-02    1.87E-04
 L2 CONV. ELECTRON, GAMMA-RAY   1   3.13E-01    2.899E-02    9.08E-03
 L3 CONV. ELECTRON, GAMMA-RAY   1   3.19E-01    3.063E-02    9.78E-03
 M CONV. ELECTRON, GAMMA-RAY    1   1.98E-01    3.931E-02*   7.77E-03
 N+ CONV. ELECTRON, GAMMA-RAY   1   5.82E-02    4.185E-02*   2.43E-03
 GAMMA-RAY                      4   2.90E-01    1.294E-01    3.75E-02
 K CONV. ELECTRON, GAMMA-RAY    4   6.53E-01    5.312E-02    3.47E-02
 L1 CONV. ELECTRON, GAMMA-RAY   4   9.63E-02    1.160E-01    1.12E-02
 L2 CONV. ELECTRON, GAMMA-RAY   4   2.77E-02    1.166E-01    3.23E-03
 L3 CONV. ELECTRON, GAMMA-RAY   4   1.59E-02    1.182E-01    1.88E-03
 M CONV. ELECTRON, GAMMA-RAY    4   3.33E-02    1.269E-01*   4.23E-03
 N+ CONV. ELECTRON, GAMMA-RAY   4   1.00E-02    1.294E-01*   1.29E-03
 K -L2 X-RAY                        1.82E-01    6.345E-02    1.16E-02
 K -L3 X-RAY                        3.13E-01    6.510E-02    2.04E-02
 K -M2 X-RAY                        3.41E-02    7.341E-02    2.50E-03
 K -M3 X-RAY                        6.60E-02    7.377E-02    4.87E-03
 K -N2 X-RAY                        7.90E-03    7.574E-02    5.99E-04
 K -N3 X-RAY                        1.54E-02    7.583E-02    1.17E-03
 K -O2 X-RAY                        1.81E-03    7.625E-02    1.38E-04
 K -O3 X-RAY                        3.63E-03    7.626E-02    2.77E-04
 L2-M4 X-RAY                        1.47E-01    1.074E-02    1.58E-03
 L2-N4 X-RAY                        2.84E-02    1.255E-02    3.57E-04
 L3-M1 X-RAY                        1.13E-02    8.068E-03    9.12E-05
 L3-M4 X-RAY                        1.95E-02    9.091E-03    1.78E-04
 L3-M5 X-RAY                        1.72E-01    9.169E-03    1.58E-03
 L3-N5 X-RAY                        3.15E-02    1.092E-02    3.44E-04
 M X-RAY                            5.91E-02    1.996E-03*   1.18E-04
 Free-Bound X-RAY                   1.26E+01    4.548E-05*   5.73E-04
 AUGER KLL                          1.75E-02    5.135E-02*   8.98E-04
 AUGER KLX                          9.32E-03    6.152E-02*   5.73E-04
 CK LLX                             1.65E-01    8.300E-04*   1.37E-04
 AUGER LMM                          6.14E-01    7.126E-03*   4.37E-03
 AUGER LMX                          2.49E-01    9.101E-03*   2.27E-03
 AUGER LXY                          2.47E-02    1.110E-02*   2.75E-04
 CK MMX                             8.41E-01    3.527E-04*   2.97E-04
 AUGER MNN                          2.00E+00    1.646E-03*   3.29E-03
 AUGER MNX                          1.77E-01    1.849E-03*   3.28E-04
 CK NNX                             4.17E+00    1.713E-04*   7.14E-04
 
 ALL LISTED X-RAYS, GAMMA-RAYS AND ANNIHILATION RADIATION    8.38E-02
 ALL NEGLECTED X-RAYS, GAMMA-RAYS AND ANNIH. RADIATION**     4.71E-04
 ALL LISTED BETAS, INTERNAL CONVERSION AND AUGER ELECTRONS   1.37E-01
 ALL NEGLECTED BETAS, INT. CONVERSION AND AUGER ELECTRONS**  5.13E-04
 ALL LISTED RADIATIONS                                       2.20E-01
 ALL NEGLECTED RADIATIONS**                                  9.85E-04
 
 *  AVERAGE ENERGY (MEV)
 ** EACH NEGLECTED TRANSITION CONTRIBUTES LESS THAN  0.100%
    TO THE TOTAL MEV/TRANSFORMATION FOR THIS CATEGORY.
 TOTAL FEEDING OF GROUND STATE LEVEL IN 191-IRIDIUM
   DAUGHTER IS 1.0000E+00 PER TRANSFORMATION OF 191-OSMIUM.
   THIS DAUGHTER GROUND STATE IS STABLE.
