 191M-OSMIUM-76          HALFLIFE = 13.1 HOURS   

  MODE OF DECAY: ISOMERIC LEVEL
 
                                    MEAN
                                    NUMBER/                  MEV/
                               ID   TRANSFOR-   ENERGY       TRANSFOR-
        TYPE OF RADIATION      NO.  MATION      (MEV)        MATION

 GAMMA-RAY                      1   7.37E-04    7.438E-02    5.48E-05
 L1 CONV. ELECTRON, GAMMA-RAY   1   2.16E-01    6.143E-02    1.32E-02
 L2 CONV. ELECTRON, GAMMA-RAY   1   3.73E-02    6.196E-02    2.31E-03
 L3 CONV. ELECTRON, GAMMA-RAY   1   4.04E-01    6.350E-02    2.57E-02
 M CONV. ELECTRON, GAMMA-RAY    1   1.94E-01    7.193E-02*   1.39E-02
 N+ CONV. ELECTRON, GAMMA-RAY   1   5.81E-02    7.438E-02*   4.32E-03
 K -L2 X-RAY                        2.50E-02    6.164E-02    1.54E-03
 K -L3 X-RAY                        4.30E-02    6.319E-02    2.72E-03
 K -M2 X-RAY                        4.67E-03    7.128E-02    3.33E-04
 K -M3 X-RAY                        9.02E-03    7.161E-02    6.46E-04
 K -M5 X-RAY                        1.34E-04    7.210E-02    9.66E-06
 K -N2 X-RAY                        1.07E-03    7.352E-02    7.90E-05
 K -N3 X-RAY                        2.09E-03    7.360E-02    1.54E-04
 K -O2 X-RAY                        2.45E-04    7.400E-02    1.82E-05
 K -O3 X-RAY                        4.96E-04    7.401E-02    3.67E-05
 L1-M2 X-RAY                        5.05E-03    1.016E-02    5.13E-05
 L1-M3 X-RAY                        6.12E-03    1.050E-02    6.43E-05
 L1-N2 X-RAY                        1.25E-03    1.240E-02    1.56E-05
 L1-N3 X-RAY                        1.62E-03    1.248E-02    2.02E-05
 L2-M4 X-RAY                        2.14E-02    1.038E-02    2.22E-04
 L2-N4 X-RAY                        4.08E-03    1.213E-02    4.94E-05
 L3-M1 X-RAY                        8.17E-03    7.847E-03    6.41E-05
 L3-M4 X-RAY                        1.41E-02    8.832E-03    1.24E-04
 L3-M5 X-RAY                        1.24E-01    8.906E-03    1.10E-03
 L3-N1 X-RAY                        1.60E-03    1.023E-02    1.64E-05
 L3-N4 X-RAY                        2.50E-03    1.058E-02    2.64E-05
 L3-N5 X-RAY                        2.25E-02    1.059E-02    2.38E-04
 L3-O5 X-RAY                        1.08E-03    1.087E-02    1.18E-05
 M X-RAY                            3.36E-02    1.917E-03*   6.44E-05
 Free-Bound X-RAY                   7.74E+00    4.395E-05*   3.40E-04
 AUGER KLL                          2.46E-03    4.993E-02*   1.23E-04
 AUGER KLX                          1.31E-03    5.977E-02*   7.80E-05
 CK LLX                             1.78E-01    4.934E-04*   8.80E-05
 AUGER LMM                          3.60E-01    6.678E-03*   2.40E-03
 AUGER LMX                          1.42E-01    8.564E-03*   1.22E-03
 AUGER LXY                          1.39E-02    1.048E-02*   1.45E-04
 CK MMX                             5.21E-01    3.261E-04*   1.70E-04
 AUGER MNN                          1.23E+00    1.577E-03*   1.94E-03
 AUGER MNX                          9.65E-02    1.772E-03*   1.71E-04
 CK NNX                             2.56E+00    1.629E-04*   4.18E-04
 
 ALL LISTED X-RAYS, GAMMA-RAYS AND ANNIHILATION RADIATION    8.00E-03
 ALL NEGLECTED X-RAYS, GAMMA-RAYS AND ANNIH. RADIATION**     4.23E-05
 ALL LISTED BETAS, INTERNAL CONVERSION AND AUGER ELECTRONS   6.62E-02
 ALL NEGLECTED BETAS, INT. CONVERSION AND AUGER ELECTRONS**  1.30E-04
 ALL LISTED RADIATIONS                                       7.42E-02
 ALL NEGLECTED RADIATIONS**                                  1.72E-04
 
 *  AVERAGE ENERGY (MEV)
 ** EACH NEGLECTED TRANSITION CONTRIBUTES LESS THAN  0.100%
    TO THE TOTAL MEV/TRANSFORMATION FOR THIS CATEGORY.
 TOTAL FEEDING OF GROUND STATE LEVEL IN 191-OSMIUM
   DAUGHTER IS 1.0000E+00  PER TRANSFORMATION OF 191M-OSMIUM.
   DECAY OF THIS 15.4 DAYS HALFLIFE LEVEL WILL CONTRIBUTE TO DOSE.
