 30-PHOSPHORUS-15        HALFLIFE = 2.498 MINUTES 

  MODES OF DECAY: ELECTRON CAPTURE, BETA PLUS
 
                                    MEAN
                                    NUMBER/                  MEV/
                               ID   TRANSFOR-   ENERGY       TRANSFOR-
        TYPE OF RADIATION      NO.  MATION      (MEV)        MATION

 BETA PLUS                      2   9.98E-01    1.441E+00*   1.44E+00
 ANNIHILATION RADIATION             2.00E+00    5.110E-01    1.02E+00
 GAMMA-RAY                      4   6.90E-04    2.235E+00    1.54E-03
 
 ALL LISTED X-RAYS, GAMMA-RAYS AND ANNIHILATION RADIATION    1.02E+00
 ALL NEGLECTED X-RAYS, GAMMA-RAYS AND ANNIH. RADIATION**     9.40E-05
 ALL LISTED BETAS, INTERNAL CONVERSION AND AUGER ELECTRONS   1.44E+00
 ALL NEGLECTED BETAS, INT. CONVERSION AND AUGER ELECTRONS**  2.12E-04
 ALL LISTED RADIATIONS                                       2.46E+00
 ALL NEGLECTED RADIATIONS**                                  3.06E-04
 
 *  AVERAGE ENERGY (MEV)
 ** EACH NEGLECTED TRANSITION CONTRIBUTES LESS THAN  0.100%
    TO THE TOTAL MEV/TRANSFORMATION FOR THIS CATEGORY.
 TOTAL FEEDING OF GROUND STATE LEVEL IN 30-SILICON
   DAUGHTER IS 1.0000E+00 PER TRANSFORMATION OF  30-PHOSPHORUS.
   THIS DAUGHTER GROUND STATE IS STABLE.
