 204M-LEAD-82            HALFLIFE = 67.2 MINUTES 

  MODE OF DECAY: ISOMERIC LEVEL
 
                                    MEAN
                                    NUMBER/                  MEV/
                               ID   TRANSFOR-   ENERGY       TRANSFOR-
        TYPE OF RADIATION      NO.  MATION      (MEV)        MATION

 K CONV. ELECTRON, GAMMA-RAY    1   8.02E-04    2.010E-01    1.61E-04
 GAMMA-RAY                      2   8.93E-01    3.747E-01    3.34E-01
 K CONV. ELECTRON, GAMMA-RAY    2   3.50E-02    2.864E-01    1.00E-02
 L1 CONV. ELECTRON, GAMMA-RAY   2   5.12E-03    3.589E-01    1.84E-03
 L2 CONV. ELECTRON, GAMMA-RAY   2   7.08E-03    3.595E-01    2.54E-03
 L3 CONV. ELECTRON, GAMMA-RAY   2   3.08E-03    3.617E-01    1.11E-03
 M CONV. ELECTRON, GAMMA-RAY    2   3.88E-03    3.717E-01*   1.44E-03
 N+ CONV. ELECTRON, GAMMA-RAY   2   1.22E-03    3.747E-01*   4.56E-04
 K CONV. ELECTRON, GAMMA-RAY    3   4.76E-04    5.339E-01    2.54E-04
 L2 CONV. ELECTRON, GAMMA-RAY   3   3.73E-04    6.069E-01    2.26E-04
 GAMMA-RAY                      5   9.92E-01    8.992E-01    8.92E-01
 K CONV. ELECTRON, GAMMA-RAY    5   6.49E-03    8.109E-01    5.27E-03
 L1 CONV. ELECTRON, GAMMA-RAY   5   9.46E-04    8.833E-01    8.35E-04
 L2 CONV. ELECTRON, GAMMA-RAY   5   2.99E-04    8.839E-01    2.65E-04
 M CONV. ELECTRON, GAMMA-RAY    5   3.19E-04    8.961E-01*   2.86E-04
 GAMMA-RAY                      6   9.07E-01    9.117E-01    8.27E-01
 K CONV. ELECTRON, GAMMA-RAY    6   5.58E-02    8.235E-01    4.60E-02
 L1 CONV. ELECTRON, GAMMA-RAY   6   1.24E-02    8.959E-01    1.11E-02
 L2 CONV. ELECTRON, GAMMA-RAY   6   1.72E-02    8.965E-01    1.54E-02
 L3 CONV. ELECTRON, GAMMA-RAY   6   2.42E-03    8.987E-01    2.18E-03
 M CONV. ELECTRON, GAMMA-RAY    6   1.99E-03    9.087E-01*   1.81E-03
 K -L3 X-RAY                        4.67E-02    7.525E-02    3.51E-03
 AUGER KLL                          2.35E-03    5.875E-02*   1.38E-04
 AUGER LMM                          5.28E-02    8.182E-03*   4.32E-04
 AUGER LMX                          2.34E-02    1.057E-02*   2.47E-04
 AUGER MNN                          1.75E-01    1.913E-03*   3.34E-04
 
 ALL LISTED X-RAYS, GAMMA-RAYS AND ANNIHILATION RADIATION    2.06E+00
 ALL NEGLECTED X-RAYS, GAMMA-RAYS AND ANNIH. RADIATION**     6.86E-03
 ALL LISTED BETAS, INTERNAL CONVERSION AND AUGER ELECTRONS   1.02E-01
 ALL NEGLECTED BETAS, INT. CONVERSION AND AUGER ELECTRONS**  7.56E-04
 ALL LISTED RADIATIONS                                       2.16E+00
 ALL NEGLECTED RADIATIONS**                                  7.62E-03
 
 *  AVERAGE ENERGY (MEV)
 ** EACH NEGLECTED TRANSITION CONTRIBUTES LESS THAN  0.100%
    TO THE TOTAL MEV/TRANSFORMATION FOR THIS CATEGORY.
 TOTAL FEEDING OF GROUND STATE LEVEL IN 204-LEAD
   DAUGHTER IS 1.0000E+00  PER TRANSFORMATION OF 204M-LEAD.
   THIS DAUGHTER GROUND STATE IS STABLE.
