 201M-LEAD-82            HALFLIFE = 61 SECONDS 

  MODE OF DECAY: ISOMERIC LEVEL
 
                                    MEAN
                                    NUMBER/                  MEV/
                               ID   TRANSFOR-   ENERGY       TRANSFOR-
        TYPE OF RADIATION      NO.  MATION      (MEV)        MATION

 GAMMA-RAY                      1   5.42E-01    6.291E-01    3.41E-01
 K CONV. ELECTRON, GAMMA-RAY    1   3.10E-01    5.408E-01    1.68E-01
 L1 CONV. ELECTRON, GAMMA-RAY   1   7.47E-02    6.133E-01    4.58E-02
 L2 CONV. ELECTRON, GAMMA-RAY   1   1.78E-02    6.138E-01    1.09E-02
 L3 CONV. ELECTRON, GAMMA-RAY   1   1.77E-02    6.161E-01    1.09E-02
 M CONV. ELECTRON, GAMMA-RAY    1   2.86E-02    6.260E-01*   1.79E-02
 N+ CONV. ELECTRON, GAMMA-RAY   1   9.25E-03    6.291E-01*   5.82E-03
 K -L2 X-RAY                        8.74E-02    7.304E-02    6.38E-03
 K -L3 X-RAY                        1.47E-01    7.525E-02    1.10E-02
 K -M2 X-RAY                        1.63E-02    8.474E-02    1.39E-03
 K -M3 X-RAY                        3.17E-02    8.524E-02    2.70E-03
 K -N3 X-RAY                        7.66E-03    8.766E-02    6.72E-04
 L2-M4 X-RAY                        3.67E-02    1.266E-02    4.64E-04
 L3-M5 X-RAY                        5.93E-02    1.055E-02    6.25E-04
 AUGER KLL                          7.40E-03    5.875E-02*   4.35E-04
 AUGER KLX                          4.05E-03    7.071E-02*   2.86E-04
 AUGER LMM                          1.50E-01    8.044E-03*   1.21E-03
 AUGER LMX                          6.64E-02    1.042E-02*   6.92E-04
 AUGER MNN                          5.17E-01    1.910E-03*   9.87E-04
 
 ALL LISTED X-RAYS, GAMMA-RAYS AND ANNIHILATION RADIATION    3.64E-01
 ALL NEGLECTED X-RAYS, GAMMA-RAYS AND ANNIH. RADIATION**     1.44E-03
 ALL LISTED BETAS, INTERNAL CONVERSION AND AUGER ELECTRONS   2.62E-01
 ALL NEGLECTED BETAS, INT. CONVERSION AND AUGER ELECTRONS**  8.20E-04
 ALL LISTED RADIATIONS                                       6.27E-01
 ALL NEGLECTED RADIATIONS**                                  2.26E-03
 
 *  AVERAGE ENERGY (MEV)
 ** EACH NEGLECTED TRANSITION CONTRIBUTES LESS THAN  0.100%
    TO THE TOTAL MEV/TRANSFORMATION FOR THIS CATEGORY.
 TOTAL FEEDING OF GROUND STATE LEVEL IN 201-LEAD
   DAUGHTER IS 1.0000E+00  PER TRANSFORMATION OF 201M-LEAD.
   DECAY OF THIS 9.33 HOURS HALFLIFE LEVEL WILL CONTRIBUTE TO DOSE.
