 103-PALLADIUM-46        HALFLIFE = 16.991 DAYS    

  MODE OF DECAY: ELECTRON CAPTURE
 
                                    MEAN
                                    NUMBER/                  MEV/
                               ID   TRANSFOR-   ENERGY       TRANSFOR-
        TYPE OF RADIATION      NO.  MATION      (MEV)        MATION

 GAMMA-RAY                      7   2.21E-04    3.575E-01    7.89E-05
 GAMMA-RAY                      9   3.96E-05    4.971E-01    1.97E-05
 K -L2 X-RAY                        2.00E-01    2.004E-02    4.01E-03
 K -L3 X-RAY                        3.79E-01    2.019E-02    7.64E-03
 K -M2 X-RAY                        3.22E-02    2.267E-02    7.30E-04
 K -M3 X-RAY                        6.26E-02    2.270E-02    1.42E-03
 K -N2 X-RAY                        6.40E-03    2.313E-02    1.48E-04
 K -N3 X-RAY                        1.24E-02    2.314E-02    2.86E-04
 L2-M4 X-RAY                        1.17E-02    2.828E-03    3.31E-05
 L3-M5 X-RAY                        2.51E-02    2.687E-03    6.75E-05
 Free-Bound X-RAY                   8.44E+00    9.958E-06*   8.40E-05
 AUGER KLL                          1.15E-01    1.691E-02*   1.95E-03
 AUGER KLX                          4.51E-02    1.960E-02*   8.84E-04
 AUGER KXY                          4.25E-03    2.228E-02*   9.47E-05
 CK LLX                             1.92E-01    1.106E-04*   2.13E-05
 AUGER LMM                          7.70E-01    2.267E-03*   1.74E-03
 AUGER LMX                          1.43E-01    2.608E-03*   3.72E-04
 AUGER LXY                          7.26E-03    2.972E-03*   2.16E-05
 CK MMX                             8.15E-01    1.181E-04*   9.62E-05
 AUGER MNN                          2.00E+00    2.604E-04*   5.19E-04
 CK NNX                             3.34E+00    3.352E-05*   1.12E-04
 
 ALL LISTED X-RAYS, GAMMA-RAYS AND ANNIHILATION RADIATION    1.45E-02
 ALL NEGLECTED X-RAYS, GAMMA-RAYS AND ANNIH. RADIATION**     5.40E-05
 ALL LISTED BETAS, INTERNAL CONVERSION AND AUGER ELECTRONS   5.81E-03
 ALL NEGLECTED BETAS, INT. CONVERSION AND AUGER ELECTRONS**  6.04E-06
 ALL LISTED RADIATIONS                                       2.03E-02
 ALL NEGLECTED RADIATIONS**                                  6.01E-05
 
 *  AVERAGE ENERGY (MEV)
 ** EACH NEGLECTED TRANSITION CONTRIBUTES LESS THAN  0.100%
    TO THE TOTAL MEV/TRANSFORMATION FOR THIS CATEGORY.
 TOTAL FEEDING OF 0.039748 MEV ISOMERIC LEVEL IN 103-RHODIUM     
   DAUGHTER IS 9.9875E-01 PER TRANSFORMATION OF 103-PALLADIUM.
   DECAY OF THIS 56.114 MINUTES HALFLIFE LEVEL WILL CONTRIBUTE TO DOSE.
 TOTAL FEEDING OF GROUND STATE LEVEL IN 103-RHODIUM
   DAUGHTER IS 1.2512E-03 PER TRANSFORMATION OF 103-PALLADIUM.
   THIS DAUGHTER GROUND STATE IS STABLE.
