 100-PALLADIUM-46        HALFLIFE = 3.63 DAYS    

  MODE OF DECAY: ELECTRON CAPTURE
 
                                    MEAN
                                    NUMBER/                  MEV/
                               ID   TRANSFOR-   ENERGY       TRANSFOR-
        TYPE OF RADIATION      NO.  MATION      (MEV)        MATION

 GAMMA-RAY                      2   2.55E-02    3.266E-02    8.32E-04
 K CONV. ELECTRON, GAMMA-RAY    2   2.07E-01    9.469E-03    1.96E-03
 L1 CONV. ELECTRON, GAMMA-RAY   2   2.31E-02    2.927E-02    6.77E-04
 L2 CONV. ELECTRON, GAMMA-RAY   2   1.00E-02    2.951E-02    2.95E-04
 L3 CONV. ELECTRON, GAMMA-RAY   2   1.32E-02    2.966E-02    3.91E-04
 M CONV. ELECTRON, GAMMA-RAY    2   8.87E-03    3.217E-02*   2.85E-04
 N+ CONV. ELECTRON, GAMMA-RAY   2   1.59E-03    3.266E-02*   5.20E-05
 GAMMA-RAY                      3   7.02E-02    4.208E-02    2.95E-03
 K CONV. ELECTRON, GAMMA-RAY    3   1.03E-01    1.889E-02    1.94E-03
 L1 CONV. ELECTRON, GAMMA-RAY   3   9.15E-03    3.869E-02    3.54E-04
 L2 CONV. ELECTRON, GAMMA-RAY   3   1.69E-03    3.893E-02    6.59E-05
 L3 CONV. ELECTRON, GAMMA-RAY   3   2.70E-03    3.908E-02    1.05E-04
 M CONV. ELECTRON, GAMMA-RAY    3   2.51E-03    4.159E-02*   1.04E-04
 GAMMA-RAY                      5   2.65E-03    6.160E-02    1.63E-04
 K CONV. ELECTRON, GAMMA-RAY    5   2.30E-03    3.841E-02    8.85E-05
 GAMMA-RAY                      7   4.78E-01    7.478E-02    3.58E-02
 K CONV. ELECTRON, GAMMA-RAY    7   1.41E-01    5.159E-02    7.26E-03
 L1 CONV. ELECTRON, GAMMA-RAY   7   1.34E-02    7.139E-02    9.55E-04
 L2 CONV. ELECTRON, GAMMA-RAY   7   1.53E-03    7.163E-02    1.10E-04
 L3 CONV. ELECTRON, GAMMA-RAY   7   2.33E-03    7.178E-02    1.68E-04
 M CONV. ELECTRON, GAMMA-RAY    7   3.21E-03    7.429E-02*   2.38E-04
 GAMMA-RAY                      8   5.20E-01    8.400E-02    4.37E-02
 K CONV. ELECTRON, GAMMA-RAY    8   2.58E-01    6.081E-02    1.57E-02
 L1 CONV. ELECTRON, GAMMA-RAY   8   2.93E-02    8.061E-02    2.36E-03
 L2 CONV. ELECTRON, GAMMA-RAY   8   1.86E-03    8.085E-02    1.50E-04
 M CONV. ELECTRON, GAMMA-RAY    8   5.97E-03    8.351E-02*   4.98E-04
 N+ CONV. ELECTRON, GAMMA-RAY   8   1.16E-03    8.400E-02*   9.78E-05
 GAMMA-RAY                     11   7.80E-02    1.262E-01    9.84E-03
 K CONV. ELECTRON, GAMMA-RAY   11   5.12E-03    1.030E-01    5.28E-04
 L1 CONV. ELECTRON, GAMMA-RAY  11   5.14E-04    1.228E-01    6.31E-05
 GAMMA-RAY                     12   1.82E-03    1.399E-01    2.55E-04
 GAMMA-RAY                     13   3.17E-03    1.519E-01    4.82E-04
 GAMMA-RAY                     15   1.66E-02    1.589E-01    2.64E-03
 K CONV. ELECTRON, GAMMA-RAY   15   5.65E-04    1.357E-01    7.66E-05
 K -L2 X-RAY                        3.63E-01    2.004E-02    7.28E-03
 K -L3 X-RAY                        6.88E-01    2.019E-02    1.39E-02
 K -M2 X-RAY                        5.85E-02    2.267E-02    1.33E-03
 K -M3 X-RAY                        1.14E-01    2.270E-02    2.58E-03
 K -N2 X-RAY                        1.16E-02    2.313E-02    2.69E-04
 K -N3 X-RAY                        2.25E-02    2.314E-02    5.20E-04
 L3-M5 X-RAY                        4.64E-02    2.687E-03    1.25E-04
 Free-Bound X-RAY                   1.56E+01    9.958E-06*   1.55E-04
 AUGER KLL                          2.09E-01    1.691E-02*   3.54E-03
 AUGER KLX                          8.19E-02    1.960E-02*   1.61E-03
 AUGER KXY                          7.72E-03    2.228E-02*   1.72E-04
 AUGER LMM                          1.42E+00    2.267E-03*   3.23E-03
 AUGER LMX                          2.64E-01    2.608E-03*   6.89E-04
 CK MMX                             1.50E+00    1.182E-04*   1.78E-04
 AUGER MNN                          3.69E+00    2.604E-04*   9.59E-04
 CK NNX                             6.16E+00    3.352E-05*   2.07E-04
 
 ALL LISTED X-RAYS, GAMMA-RAYS AND ANNIHILATION RADIATION    1.23E-01
 ALL NEGLECTED X-RAYS, GAMMA-RAYS AND ANNIH. RADIATION**     3.78E-04
 ALL LISTED BETAS, INTERNAL CONVERSION AND AUGER ELECTRONS   4.51E-02
 ALL NEGLECTED BETAS, INT. CONVERSION AND AUGER ELECTRONS**  3.93E-04
 ALL LISTED RADIATIONS                                       1.68E-01
 ALL NEGLECTED RADIATIONS**                                  7.72E-04
 
 *  AVERAGE ENERGY (MEV)
 ** EACH NEGLECTED TRANSITION CONTRIBUTES LESS THAN  0.100%
    TO THE TOTAL MEV/TRANSFORMATION FOR THIS CATEGORY.
 TOTAL FEEDING OF GROUND STATE LEVEL IN 100-RHODIUM
   DAUGHTER IS 1.0000E+00 PER TRANSFORMATION OF 100-PALLADIUM.
   DECAY OF THIS 20.8 HOURS HALFLIFE LEVEL WILL CONTRIBUTE TO DOSE.
