 145-PROMETHIUM-61       HALFLIFE = 17.7 YEARS   

  MODES OF DECAY: ELECTRON CAPTURE, ALPHA
 
                                    MEAN
                                    NUMBER/                  MEV/
                               ID   TRANSFOR-   ENERGY       TRANSFOR-
        TYPE OF RADIATION      NO.  MATION      (MEV)        MATION

 GAMMA-RAY                      1   5.53E-03    6.720E-02    3.72E-04
 K CONV. ELECTRON, GAMMA-RAY    1   1.81E-02    2.360E-02    4.28E-04
 L1 CONV. ELECTRON, GAMMA-RAY   1   1.58E-03    6.011E-02    9.52E-05
 L2 CONV. ELECTRON, GAMMA-RAY   1   1.18E-02    6.047E-02    7.11E-04
 L3 CONV. ELECTRON, GAMMA-RAY   1   1.39E-02    6.100E-02    8.45E-04
 M CONV. ELECTRON, GAMMA-RAY    1   6.25E-03    6.591E-02*   4.12E-04
 N+ CONV. ELECTRON, GAMMA-RAY   1   1.61E-03    6.720E-02*   1.08E-04
 GAMMA-RAY                      2   1.85E-02    7.240E-02    1.34E-03
 K CONV. ELECTRON, GAMMA-RAY    2   5.79E-02    2.880E-02    1.67E-03
 L1 CONV. ELECTRON, GAMMA-RAY   2   7.39E-03    6.531E-02    4.83E-04
 L2 CONV. ELECTRON, GAMMA-RAY   2   5.99E-04    6.567E-02    3.94E-05
 M CONV. ELECTRON, GAMMA-RAY    2   1.72E-03    7.111E-02*   1.23E-04
 N+ CONV. ELECTRON, GAMMA-RAY   2   4.78E-04    7.240E-02*   3.46E-05
 K -L2 X-RAY                        2.16E-01    3.687E-02    7.97E-03
 K -L3 X-RAY                        3.94E-01    3.740E-02    1.47E-02
 K -M2 X-RAY                        3.89E-02    4.220E-02    1.64E-03
 K -M3 X-RAY                        7.53E-02    4.231E-02    3.19E-03
 K -N2 X-RAY                        8.36E-03    4.334E-02    3.62E-04
 K -N3 X-RAY                        1.62E-02    4.337E-02    7.04E-04
 K -O2 X-RAY                        1.57E-03    4.357E-02    6.83E-05
 K -O3 X-RAY                        3.10E-03    4.357E-02    1.35E-04
 L1-M3 X-RAY                        6.70E-03    5.806E-03    3.89E-05
 L2-M4 X-RAY                        3.47E-02    5.720E-03    1.98E-04
 L2-N4 X-RAY                        5.87E-03    6.599E-03    3.87E-05
 L3-M4 X-RAY                        6.20E-03    5.193E-03    3.22E-05
 L3-M5 X-RAY                        5.49E-02    5.216E-03    2.86E-04
 L3-N5 X-RAY                        9.05E-03    6.076E-03    5.50E-05
 Free-Bound X-RAY                   1.19E+01    1.521E-05    1.82E-04
 AUGER KLL                          4.16E-02    3.038E-02*   1.26E-03
 AUGER KLX                          2.00E-02    3.584E-02*   7.16E-04
 AUGER KXY                          2.29E-03    4.131E-02*   9.48E-05
 CK LLX                             1.79E-01    4.575E-04*   8.18E-05
 AUGER LMM                          5.95E-01    4.166E-03*   2.48E-03
 AUGER LMX                          2.00E-01    5.120E-03*   1.03E-03
 AUGER LXY                          1.67E-02    6.108E-03*   1.02E-04
 CK MMX                             7.16E-01    1.512E-04*   1.08E-04
 AUGER MNN                          1.57E+00    7.117E-04*   1.12E-03
 AUGER MNX                          1.08E-01    8.760E-04*   9.50E-05
 CK NNX                             4.53E+00    9.391E-05*   4.26E-04
 AUGER NXY                          1.22E+00    7.849E-05*   9.54E-05
 CK OOX                             1.20E+00    1.366E-05*   1.64E-05
 ALPHA                          1   2.80E-09    2.258E+00    6.32E-09
 RECOIL ATOM                        2.80E-09    6.410E-02    1.79E-10
 
 ALL LISTED X-RAYS, GAMMA-RAYS AND ANNIHILATION RADIATION    3.13E-02
 ALL NEGLECTED X-RAYS, GAMMA-RAYS AND ANNIH. RADIATION**     1.62E-04
 ALL LISTED BETAS, INTERNAL CONVERSION AND AUGER ELECTRONS   1.26E-02
 ALL NEGLECTED BETAS, INT. CONVERSION AND AUGER ELECTRONS**  1.08E-05
 ALL LISTED ALPHA PARTICLES AND  RECOIL NUCLEI               6.50E-09
 ALL LISTED RADIATIONS                                       4.39E-02
 ALL NEGLECTED RADIATIONS**                                  1.73E-04
 
 *  AVERAGE ENERGY (MEV)
 ** EACH NEGLECTED TRANSITION CONTRIBUTES LESS THAN  0.100%
    TO THE TOTAL MEV/TRANSFORMATION FOR THIS CATEGORY.
 TOTAL FEEDING OF GROUND STATE LEVEL IN 145-NEODYMIUM
   DAUGHTER IS 1.0000E+00 PER TRANSFORMATION OF 145-PROMETHIUM.
   THIS DAUGHTER GROUND STATE IS STABLE.
 TOTAL FEEDING OF GROUND STATE LEVEL IN 141-PRASEODYMIUM
   DAUGHTER IS 2.8000E-09 PER TRANSFORMATION OF 145-PROMETHIUM.
   THIS DAUGHTER GROUND STATE IS STABLE.
