 215-POLONIUM-84         HALFLIFE = 0.1781E-02 SECONDS 

  MODE OF DECAY: ALPHA
 
                                    MEAN
                                    NUMBER/                  MEV/
                               ID   TRANSFOR-   ENERGY       TRANSFOR-
        TYPE OF RADIATION      NO.  MATION      (MEV)        MATION

 ALPHA                          3   9.99E-01    7.386E+00    7.38E+00
 RECOIL ATOM                        9.99E-01    1.401E-01    1.40E-01
 GAMMA-RAY                      1   4.00E-04    4.388E-01    1.76E-04
 K CONV. ELECTRON, GAMMA-RAY    1   1.11E-05    3.505E-01    3.88E-06
 L1 CONV. ELECTRON, GAMMA-RAY   1   1.63E-06    4.230E-01    6.89E-07
 L2 CONV. ELECTRON, GAMMA-RAY   1   1.70E-06    4.235E-01    7.21E-07
 L3 CONV. ELECTRON, GAMMA-RAY   1   6.80E-07    4.258E-01    2.89E-07
 M CONV. ELECTRON, GAMMA-RAY    1   1.01E-06    4.357E-01*   4.39E-07
 N+ CONV. ELECTRON, GAMMA-RAY   1   3.17E-07    4.388E-01*   1.39E-07
 K -L2 X-RAY                        3.13E-06    7.304E-02    2.28E-07
 K -L3 X-RAY                        5.25E-06    7.525E-02    3.95E-07
 AUGER KLL                          2.65E-07    5.875E-02*   1.55E-08
 AUGER KLX                          1.45E-07    7.071E-02*   1.02E-08
 AUGER LMM                          5.34E-06    8.116E-03*   4.33E-08
 AUGER LMX                          2.37E-06    1.050E-02*   2.48E-08
 AUGER MNN                          1.80E-05    1.914E-03*   3.45E-08
 
 ALL LISTED X-RAYS, GAMMA-RAYS AND ANNIHILATION RADIATION    1.76E-04
 ALL NEGLECTED X-RAYS, GAMMA-RAYS AND ANNIH. RADIATION**     2.62E-07
 ALL LISTED BETAS, INTERNAL CONVERSION AND AUGER ELECTRONS   6.29E-06
 ALL NEGLECTED BETAS, INT. CONVERSION AND AUGER ELECTRONS**  2.84E-08
 ALL LISTED ALPHA PARTICLES AND  RECOIL NUCLEI               7.52E+00
 ALL NEGLECTED ALPHA PARTICLES AND  RECOIL NUCLEI**          3.97E-03
 ALL LISTED RADIATIONS                                       7.52E+00
 ALL NEGLECTED RADIATIONS**                                  3.97E-03
 
 *  AVERAGE ENERGY (MEV)
 ** EACH NEGLECTED TRANSITION CONTRIBUTES LESS THAN  0.100%
    TO THE TOTAL MEV/TRANSFORMATION FOR THIS CATEGORY.
 TOTAL FEEDING OF GROUND STATE LEVEL IN 211-LEAD
   DAUGHTER IS 1.0000E+00 PER TRANSFORMATION OF 215-POLONIUM.
   DECAY OF THIS 36.1 MINUTES HALFLIFE LEVEL WILL CONTRIBUTE TO DOSE.
