 211-POLONIUM-84         HALFLIFE = 0.516 SECONDS 

  MODE OF DECAY: ALPHA
 
                                    MEAN
                                    NUMBER/                  MEV/
                               ID   TRANSFOR-   ENERGY       TRANSFOR-
        TYPE OF RADIATION      NO.  MATION      (MEV)        MATION

 ALPHA                          1   5.44E-03    6.569E+00    3.57E-02
 RECOIL ATOM                        5.44E-03    1.270E-01    6.91E-04
 ALPHA                          2   5.57E-03    6.891E+00    3.84E-02
 RECOIL ATOM                        5.57E-03    1.332E-01    7.42E-04
 ALPHA                          3   9.89E-01    7.450E+00    7.37E+00
 RECOIL ATOM                        9.89E-01    1.441E-01    1.42E-01
 GAMMA-RAY                      1   3.27E-05    3.282E-01    1.07E-05
 K CONV. ELECTRON, GAMMA-RAY    1   9.43E-06    2.399E-01    2.26E-06
 L1 CONV. ELECTRON, GAMMA-RAY   1   1.46E-06    3.124E-01    4.55E-07
 GAMMA-RAY                      2   5.45E-03    5.697E-01    3.10E-03
 K CONV. ELECTRON, GAMMA-RAY    2   8.71E-05    4.814E-01    4.19E-05
 L1 CONV. ELECTRON, GAMMA-RAY   2   1.29E-05    5.538E-01    7.12E-06
 L2 CONV. ELECTRON, GAMMA-RAY   2   8.53E-06    5.544E-01    4.73E-06
 L3 CONV. ELECTRON, GAMMA-RAY   2   2.98E-06    5.566E-01    1.66E-06
 M CONV. ELECTRON, GAMMA-RAY    2   6.02E-06    5.666E-01*   3.41E-06
 N+ CONV. ELECTRON, GAMMA-RAY   2   1.90E-06    5.697E-01*   1.08E-06
 GAMMA-RAY                      3   5.61E-03    8.978E-01    5.04E-03
 K CONV. ELECTRON, GAMMA-RAY    3   1.15E-04    8.095E-01    9.28E-05
 L1 CONV. ELECTRON, GAMMA-RAY   3   1.74E-05    8.820E-01    1.54E-05
 L2 CONV. ELECTRON, GAMMA-RAY   3   1.38E-06    8.825E-01    1.22E-06
 M CONV. ELECTRON, GAMMA-RAY    3   4.42E-06    8.947E-01*   3.95E-06
 N+ CONV. ELECTRON, GAMMA-RAY   3   1.42E-06    8.978E-01*   1.28E-06
 AUGER KLL                          5.05E-06    5.875E-02*   2.97E-07
 AUGER KLX                          2.76E-06    7.071E-02*   1.95E-07
 AUGER LMM                          8.96E-05    8.059E-03*   7.22E-07
 AUGER LMX                          3.96E-05    1.043E-02*   4.13E-07
 AUGER MNN                          3.02E-04    1.911E-03*   5.77E-07
 
 ALL LISTED X-RAYS, GAMMA-RAYS AND ANNIHILATION RADIATION    8.16E-03
 ALL NEGLECTED X-RAYS, GAMMA-RAYS AND ANNIH. RADIATION**     1.67E-05
 ALL LISTED BETAS, INTERNAL CONVERSION AND AUGER ELECTRONS   1.79E-04
 ALL NEGLECTED BETAS, INT. CONVERSION AND AUGER ELECTRONS**  7.87E-07
 ALL LISTED ALPHA PARTICLES AND  RECOIL NUCLEI               7.59E+00
 ALL LISTED RADIATIONS                                       7.59E+00
 ALL NEGLECTED RADIATIONS**                                  1.75E-05
 
 *  AVERAGE ENERGY (MEV)
 ** EACH NEGLECTED TRANSITION CONTRIBUTES LESS THAN  0.100%
    TO THE TOTAL MEV/TRANSFORMATION FOR THIS CATEGORY.
 TOTAL FEEDING OF GROUND STATE LEVEL IN 207-LEAD
   DAUGHTER IS 1.0000E+00 PER TRANSFORMATION OF 211-POLONIUM.
   THIS DAUGHTER GROUND STATE IS STABLE.
