 214-POLONIUM-84         HALFLIFE = 0.1643E-03 SECONDS 

  MODE OF DECAY: ALPHA
 
                                    MEAN
                                    NUMBER/                  MEV/
                               ID   TRANSFOR-   ENERGY       TRANSFOR-
        TYPE OF RADIATION      NO.  MATION      (MEV)        MATION

 ALPHA                          3   1.00E+00    7.687E+00    7.69E+00
 RECOIL ATOM                        1.00E+00    1.465E-01    1.46E-01
 GAMMA-RAY                      1   5.36E-07    2.973E-01    1.59E-07
 K CONV. ELECTRON, GAMMA-RAY    1   3.57E-08    2.090E-01    7.47E-09
 L1 CONV. ELECTRON, GAMMA-RAY   1   5.15E-09    2.815E-01    1.45E-09
 L2 CONV. ELECTRON, GAMMA-RAY   1   1.09E-08    2.820E-01    3.07E-09
 L3 CONV. ELECTRON, GAMMA-RAY   1   5.35E-09    2.843E-01    1.52E-09
 M CONV. ELECTRON, GAMMA-RAY    1   5.51E-09    2.942E-01*   1.62E-09
 GAMMA-RAY                      2   1.04E-04    7.997E-01    8.28E-05
 K CONV. ELECTRON, GAMMA-RAY    2   8.47E-07    7.114E-01    6.02E-07
 L1 CONV. ELECTRON, GAMMA-RAY   2   1.24E-07    7.839E-01    9.71E-08
 L2 CONV. ELECTRON, GAMMA-RAY   2   4.71E-08    7.844E-01    3.69E-08
 L3 CONV. ELECTRON, GAMMA-RAY   2   1.41E-08    7.867E-01    1.11E-08
 M CONV. ELECTRON, GAMMA-RAY    2   4.47E-08    7.966E-01*   3.56E-08
 N+ CONV. ELECTRON, GAMMA-RAY   2   1.42E-08    7.997E-01*   1.14E-08
 AUGER KLL                          2.11E-08    5.875E-02*   1.24E-09
 AUGER LMM                          3.81E-07    8.070E-03*   3.08E-09
 AUGER LMX                          1.69E-07    1.045E-02*   1.76E-09
 AUGER MNN                          1.28E-06    1.912E-03*   2.45E-09
 
 ALL LISTED X-RAYS, GAMMA-RAYS AND ANNIHILATION RADIATION    8.29E-05
 ALL NEGLECTED X-RAYS, GAMMA-RAYS AND ANNIH. RADIATION**     6.99E-08
 ALL LISTED BETAS, INTERNAL CONVERSION AND AUGER ELECTRONS   8.18E-07
 ALL NEGLECTED BETAS, INT. CONVERSION AND AUGER ELECTRONS**  3.36E-09
 ALL LISTED ALPHA PARTICLES AND  RECOIL NUCLEI               7.83E+00
 ALL NEGLECTED ALPHA PARTICLES AND  RECOIL NUCLEI**          7.36E-04
 ALL LISTED RADIATIONS                                       7.83E+00
 ALL NEGLECTED RADIATIONS**                                  7.36E-04
 
 *  AVERAGE ENERGY (MEV)
 ** EACH NEGLECTED TRANSITION CONTRIBUTES LESS THAN  0.100%
    TO THE TOTAL MEV/TRANSFORMATION FOR THIS CATEGORY.
 TOTAL FEEDING OF GROUND STATE LEVEL IN 210-LEAD
   DAUGHTER IS 1.0000E+00 PER TRANSFORMATION OF 214-POLONIUM.
   DECAY OF THIS 22.2 YEARS HALFLIFE LEVEL WILL CONTRIBUTE TO DOSE.
