 210-POLONIUM-84         HALFLIFE = 138.376 DAYS    

  MODE OF DECAY: ALPHA
 
                                    MEAN
                                    NUMBER/                  MEV/
                               ID   TRANSFOR-   ENERGY       TRANSFOR-
        TYPE OF RADIATION      NO.  MATION      (MEV)        MATION

 ALPHA                          2   1.00E+00    5.304E+00    5.30E+00
 RECOIL ATOM                        1.00E+00    1.031E-01    1.03E-01
 GAMMA-RAY                      1   1.21E-05    8.031E-01    9.72E-06
 K CONV. ELECTRON, GAMMA-RAY    1   9.82E-08    7.148E-01    7.02E-08
 L1 CONV. ELECTRON, GAMMA-RAY   1   1.44E-08    7.873E-01    1.13E-08
 L2 CONV. ELECTRON, GAMMA-RAY   1   5.42E-09    7.878E-01    4.27E-09
 L3 CONV. ELECTRON, GAMMA-RAY   1   1.62E-09    7.901E-01    1.28E-09
 M CONV. ELECTRON, GAMMA-RAY    1   5.17E-09    8.000E-01*   4.14E-09
 N+ CONV. ELECTRON, GAMMA-RAY   1   1.65E-09    8.031E-01*   1.32E-09
 AUGER KLL                          2.35E-09    5.875E-02*   1.38E-10
 AUGER LMM                          4.18E-08    8.065E-03*   3.37E-10
 AUGER LMX                          1.85E-08    1.044E-02*   1.93E-10
 AUGER MNN                          1.41E-07    1.911E-03*   2.69E-10
 
 ALL LISTED X-RAYS, GAMMA-RAYS AND ANNIHILATION RADIATION    9.72E-06
 ALL NEGLECTED X-RAYS, GAMMA-RAYS AND ANNIH. RADIATION**     7.77E-09
 ALL LISTED BETAS, INTERNAL CONVERSION AND AUGER ELECTRONS   9.34E-08
 ALL NEGLECTED BETAS, INT. CONVERSION AND AUGER ELECTRONS**  3.14E-10
 ALL LISTED ALPHA PARTICLES AND  RECOIL NUCLEI               5.41E+00
 ALL NEGLECTED ALPHA PARTICLES AND  RECOIL NUCLEI**          5.62E-05
 ALL LISTED RADIATIONS                                       5.41E+00
 ALL NEGLECTED RADIATIONS**                                  5.62E-05
 
 *  AVERAGE ENERGY (MEV)
 ** EACH NEGLECTED TRANSITION CONTRIBUTES LESS THAN  0.100%
    TO THE TOTAL MEV/TRANSFORMATION FOR THIS CATEGORY.
 TOTAL FEEDING OF GROUND STATE LEVEL IN 206-LEAD
   DAUGHTER IS 1.0000E+00 PER TRANSFORMATION OF 210-POLONIUM.
   THIS DAUGHTER GROUND STATE IS STABLE.
