 213-POLONIUM-84         HALFLIFE = 0.42E-05 SECONDS 

  MODE OF DECAY: ALPHA
 
                                    MEAN
                                    NUMBER/                  MEV/
                               ID   TRANSFOR-   ENERGY       TRANSFOR-
        TYPE OF RADIATION      NO.  MATION      (MEV)        MATION

 ALPHA                          2   1.00E+00    8.377E+00    8.38E+00
 RECOIL ATOM                        1.00E+00    1.604E-01    1.60E-01
 GAMMA-RAY                      1   4.80E-05    7.788E-01    3.74E-05
 K CONV. ELECTRON, GAMMA-RAY    1   1.42E-06    6.905E-01    9.81E-07
 L1 CONV. ELECTRON, GAMMA-RAY   1   2.16E-07    7.630E-01    1.65E-07
 L2 CONV. ELECTRON, GAMMA-RAY   1   1.76E-08    7.635E-01    1.34E-08
 M CONV. ELECTRON, GAMMA-RAY    1   5.49E-08    7.757E-01*   4.26E-08
 N+ CONV. ELECTRON, GAMMA-RAY   1   1.77E-08    7.788E-01*   1.38E-08
 K -L3 X-RAY                        6.73E-07    7.525E-02    5.06E-08
 AUGER KLL                          3.39E-08    5.875E-02*   1.99E-09
 AUGER KLX                          1.86E-08    7.071E-02*   1.31E-09
 AUGER LMM                          5.76E-07    8.035E-03*   4.63E-09
 AUGER LMX                          2.55E-07    1.041E-02*   2.65E-09
 AUGER MNN                          1.94E-06    1.910E-03*   3.71E-09
 
 ALL LISTED X-RAYS, GAMMA-RAYS AND ANNIHILATION RADIATION    3.74E-05
 ALL NEGLECTED X-RAYS, GAMMA-RAYS AND ANNIH. RADIATION**     6.13E-08
 ALL LISTED BETAS, INTERNAL CONVERSION AND AUGER ELECTRONS   1.23E-06
 ALL NEGLECTED BETAS, INT. CONVERSION AND AUGER ELECTRONS**  4.13E-09
 ALL LISTED ALPHA PARTICLES AND  RECOIL NUCLEI               8.54E+00
 ALL NEGLECTED ALPHA PARTICLES AND  RECOIL NUCLEI**          3.72E-04
 ALL LISTED RADIATIONS                                       8.54E+00
 ALL NEGLECTED RADIATIONS**                                  3.72E-04
 
 *  AVERAGE ENERGY (MEV)
 ** EACH NEGLECTED TRANSITION CONTRIBUTES LESS THAN  0.100%
    TO THE TOTAL MEV/TRANSFORMATION FOR THIS CATEGORY.
 TOTAL FEEDING OF GROUND STATE LEVEL IN 209-LEAD
   DAUGHTER IS 1.0000E+00 PER TRANSFORMATION OF 213-POLONIUM.
   DECAY OF THIS 3.253 HOURS HALFLIFE LEVEL WILL CONTRIBUTE TO DOSE.
