 218-POLONIUM-84         HALFLIFE = 3.1 MINUTES 

  MODES OF DECAY: ALPHA, BETA MINUS
 
                                    MEAN
                                    NUMBER/                  MEV/
                               ID   TRANSFOR-   ENERGY       TRANSFOR-
        TYPE OF RADIATION      NO.  MATION      (MEV)        MATION

 ALPHA                          1   1.10E-05    5.182E+00    5.70E-05
 RECOIL ATOM                        1.10E-05    9.692E-02    1.07E-06
 ALPHA                          2   1.00E+00    6.002E+00    6.00E+00
 RECOIL ATOM                        1.00E+00    1.123E-01    1.12E-01
 BETA MINUS                     1   2.00E-04    7.137E-02*   1.43E-05
 
 ALL LISTED BETAS, INTERNAL CONVERSION AND AUGER ELECTRONS   1.43E-05
 ALL LISTED ALPHA PARTICLES AND  RECOIL NUCLEI               6.11E+00
 ALL LISTED RADIATIONS                                       6.11E+00
 
 *  AVERAGE ENERGY (MEV)
 TOTAL FEEDING OF GROUND STATE LEVEL IN 214-LEAD
   DAUGHTER IS 9.9980E-01 PER TRANSFORMATION OF 218-POLONIUM.
   DECAY OF THIS 26.8 MINUTES HALFLIFE LEVEL WILL CONTRIBUTE TO DOSE.
 TOTAL FEEDING OF GROUND STATE LEVEL IN 218-ASTATINE
   DAUGHTER IS 2.0000E-04 PER TRANSFORMATION OF 218-POLONIUM.
   DECAY OF THIS 1.5 SECONDS HALFLIFE LEVEL WILL CONTRIBUTE TO DOSE.
