 216-POLONIUM-84         HALFLIFE = 0.145 SECONDS 

  MODE OF DECAY: ALPHA
 
                                    MEAN
                                    NUMBER/                  MEV/
                               ID   TRANSFOR-   ENERGY       TRANSFOR-
        TYPE OF RADIATION      NO.  MATION      (MEV)        MATION

 ALPHA                          2   1.00E+00    6.778E+00    6.78E+00
 RECOIL ATOM                        1.00E+00    1.280E-01    1.28E-01
 GAMMA-RAY                      1   1.90E-05    8.049E-01    1.53E-05
 K CONV. ELECTRON, GAMMA-RAY    1   1.53E-07    7.166E-01    1.10E-07
 L1 CONV. ELECTRON, GAMMA-RAY   1   2.25E-08    7.891E-01    1.77E-08
 L2 CONV. ELECTRON, GAMMA-RAY   1   8.44E-09    7.896E-01    6.67E-09
 L3 CONV. ELECTRON, GAMMA-RAY   1   2.53E-09    7.919E-01    2.00E-09
 M CONV. ELECTRON, GAMMA-RAY    1   8.07E-09    8.018E-01*   6.47E-09
 N+ CONV. ELECTRON, GAMMA-RAY   1   2.57E-09    8.049E-01*   2.07E-09
 AUGER KLL                          3.67E-09    5.875E-02*   2.15E-10
 AUGER LMM                          6.54E-08    8.064E-03*   5.27E-10
 AUGER LMX                          2.89E-08    1.044E-02*   3.02E-10
 AUGER MNN                          2.20E-07    1.911E-03*   4.20E-10
 
 ALL LISTED X-RAYS, GAMMA-RAYS AND ANNIHILATION RADIATION    1.53E-05
 ALL NEGLECTED X-RAYS, GAMMA-RAYS AND ANNIH. RADIATION**     1.21E-08
 ALL LISTED BETAS, INTERNAL CONVERSION AND AUGER ELECTRONS   1.46E-07
 ALL NEGLECTED BETAS, INT. CONVERSION AND AUGER ELECTRONS**  4.90E-10
 ALL LISTED ALPHA PARTICLES AND  RECOIL NUCLEI               6.91E+00
 ALL NEGLECTED ALPHA PARTICLES AND  RECOIL NUCLEI**          1.16E-04
 ALL LISTED RADIATIONS                                       6.91E+00
 ALL NEGLECTED RADIATIONS**                                  1.16E-04
 
 *  AVERAGE ENERGY (MEV)
 ** EACH NEGLECTED TRANSITION CONTRIBUTES LESS THAN  0.100%
    TO THE TOTAL MEV/TRANSFORMATION FOR THIS CATEGORY.
 TOTAL FEEDING OF GROUND STATE LEVEL IN 212-LEAD
   DAUGHTER IS 1.0000E+00 PER TRANSFORMATION OF 216-POLONIUM.
   DECAY OF THIS 10.64 HOURS HALFLIFE LEVEL WILL CONTRIBUTE TO DOSE.
