 140-PRASEODYMIUM-59     HALFLIFE = 3.39 MINUTES 

  MODES OF DECAY: ELECTRON CAPTURE, BETA PLUS
 
                                    MEAN
                                    NUMBER/                  MEV/
                               ID   TRANSFOR-   ENERGY       TRANSFOR-
        TYPE OF RADIATION      NO.  MATION      (MEV)        MATION

 BETA PLUS                      3   5.12E-01    1.067E+00*   5.46E-01
 ANNIHILATION RADIATION             1.02E+00    5.110E-01    5.23E-01
 GAMMA-RAY                      5   5.00E-03    1.596E+00    7.98E-03
 K CONV. ELECTRON, GAMMA-RAY    6   9.07E-04    1.863E+00    1.69E-03
 K -L2 X-RAY                        1.09E-01    3.429E-02    3.73E-03
 K -L3 X-RAY                        1.99E-01    3.474E-02    6.92E-03
 K -M2 X-RAY                        1.94E-02    3.920E-02    7.59E-04
 K -M3 X-RAY                        3.75E-02    3.929E-02    1.47E-03
 AUGER KLL                          2.35E-02    2.832E-02*   6.66E-04
 AUGER LMM                          2.73E-01    3.851E-03*   1.05E-03
 
 ALL LISTED X-RAYS, GAMMA-RAYS AND ANNIHILATION RADIATION    5.44E-01
 ALL NEGLECTED X-RAYS, GAMMA-RAYS AND ANNIH. RADIATION**     2.53E-03
 ALL LISTED BETAS, INTERNAL CONVERSION AND AUGER ELECTRONS   5.50E-01
 ALL NEGLECTED BETAS, INT. CONVERSION AND AUGER ELECTRONS**  1.97E-03
 ALL LISTED RADIATIONS                                       1.09E+00
 ALL NEGLECTED RADIATIONS**                                  4.50E-03
 
 *  AVERAGE ENERGY (MEV)
 ** EACH NEGLECTED TRANSITION CONTRIBUTES LESS THAN  0.100%
    TO THE TOTAL MEV/TRANSFORMATION FOR THIS CATEGORY.
 TOTAL FEEDING OF GROUND STATE LEVEL IN 140-CERIUM
   DAUGHTER IS 1.0000E+00 PER TRANSFORMATION OF 140-PRASEODYMIUM.
   THIS DAUGHTER GROUND STATE IS STABLE.
