 143-PRASEODYMIUM-59     HALFLIFE = 13.57 DAYS    

  MODE OF DECAY: BETA MINUS
 
                                    MEAN
                                    NUMBER/                  MEV/
                               ID   TRANSFOR-   ENERGY       TRANSFOR-
        TYPE OF RADIATION      NO.  MATION      (MEV)        MATION

 BETA MINUS                     2   1.00E+00    3.150E-01*   3.15E-01
 GAMMA-RAY                      1   1.20E-08    7.421E-01    8.91E-09
 
 ALL LISTED X-RAYS, GAMMA-RAYS AND ANNIHILATION RADIATION    8.91E-09
 ALL NEGLECTED X-RAYS, GAMMA-RAYS AND ANNIH. RADIATION**     1.61E-12
 ALL LISTED BETAS, INTERNAL CONVERSION AND AUGER ELECTRONS   3.15E-01
 ALL NEGLECTED BETAS, INT. CONVERSION AND AUGER ELECTRONS**  7.82E-10
 ALL LISTED RADIATIONS                                       3.15E-01
 ALL NEGLECTED RADIATIONS**                                  7.84E-10
 
 *  AVERAGE ENERGY (MEV)
 ** EACH NEGLECTED TRANSITION CONTRIBUTES LESS THAN  0.100%
    TO THE TOTAL MEV/TRANSFORMATION FOR THIS CATEGORY.
 TOTAL FEEDING OF GROUND STATE LEVEL IN 143-NEODYMIUM
   DAUGHTER IS 1.0000E+00 PER TRANSFORMATION OF 143-PRASEODYMIUM.
   THIS DAUGHTER GROUND STATE IS STABLE.
