 197M-PLATINUM-78        HALFLIFE = 95.41 MINUTES 

  MODES OF DECAY: ISOMERIC LEVEL, BETA MINUS
 
                                    MEAN
                                    NUMBER/                  MEV/
                               ID   TRANSFOR-   ENERGY       TRANSFOR-
        TYPE OF RADIATION      NO.  MATION      (MEV)        MATION

 GAMMA-RAY                      1   1.08E-02    5.310E-02    5.73E-04
 L2 CONV. ELECTRON, GAMMA-RAY   1   3.53E-01    3.979E-02    1.40E-02
 L3 CONV. ELECTRON, GAMMA-RAY   1   3.58E-01    4.153E-02    1.49E-02
 M CONV. ELECTRON, GAMMA-RAY    1   1.85E-01    5.046E-02*   9.35E-03
 N+ CONV. ELECTRON, GAMMA-RAY   1   5.37E-02    5.310E-02*   2.85E-03
 GAMMA-RAY                      2   1.11E-01    3.465E-01    3.85E-02
 K CONV. ELECTRON, GAMMA-RAY    2   4.87E-01    2.679E-01    1.30E-01
 L1 CONV. ELECTRON, GAMMA-RAY   2   1.50E-01    3.326E-01    5.01E-02
 L2 CONV. ELECTRON, GAMMA-RAY   2   3.83E-02    3.332E-01    1.28E-02
 L3 CONV. ELECTRON, GAMMA-RAY   2   8.68E-02    3.349E-01    2.91E-02
 M CONV. ELECTRON, GAMMA-RAY    2   7.46E-02    3.439E-01*   2.56E-02
 N+ CONV. ELECTRON, GAMMA-RAY   2   2.29E-02    3.465E-01*   7.94E-03
 K -L2 X-RAY                        1.36E-01    6.530E-02    8.88E-03
 K -L3 X-RAY                        2.32E-01    6.705E-02    1.56E-02
 K -M2 X-RAY                        2.55E-02    7.559E-02    1.92E-03
 K -M3 X-RAY                        4.92E-02    7.598E-02    3.74E-03
 K -N2 X-RAY                        5.93E-03    7.801E-02    4.63E-04
 K -N3 X-RAY                        1.16E-02    7.810E-02    9.04E-04
 K -O2 X-RAY                        1.36E-03    7.854E-02    1.07E-04
 K -O3 X-RAY                        2.71E-03    7.856E-02    2.13E-04
 L2-M4 X-RAY                        1.53E-01    1.110E-02    1.70E-03
 L2-N4 X-RAY                        2.99E-02    1.298E-02    3.88E-04
 L3-M1 X-RAY                        1.24E-02    8.294E-03    1.03E-04
 L3-M4 X-RAY                        2.16E-02    9.355E-03    2.02E-04
 L3-M5 X-RAY                        1.90E-01    9.438E-03    1.80E-03
 L3-N5 X-RAY                        3.52E-02    1.125E-02    3.96E-04
 M X-RAY                            6.59E-02    2.071E-03    1.36E-04
 Free-Bound X-RAY                   2.34E+01    1.014E-05    2.38E-04
 AUGER KLL                          1.27E-02    5.278E-02*   6.71E-04
 AUGER KLX                          6.81E-03    6.329E-02*   4.31E-04
 AUGER LMM                          6.32E-01    7.308E-03*   4.62E-03
 AUGER LMX                          2.61E-01    9.359E-03*   2.44E-03
 AUGER MNN                          2.08E+00    1.700E-03*   3.53E-03
 AUGER MNX                          1.99E-01    1.912E-03*   3.80E-04
 CK NNX                             4.26E+00    1.714E-04*   7.30E-04
 AUGER NXY                          8.05E+00    5.600E-05*   4.51E-04
 BETA MINUS                     1   3.30E-02    2.218E-01*   7.32E-03
 GAMMA-RAY                      2   1.04E-03    1.300E-01    1.35E-04
 L2 CONV. ELECTRON, GAMMA-RAY   2   1.35E-02    1.162E-01    1.57E-03
 L3 CONV. ELECTRON, GAMMA-RAY   2   8.68E-03    1.181E-01    1.02E-03
 M CONV. ELECTRON, GAMMA-RAY    2   6.31E-03    1.273E-01*   8.03E-04
 GAMMA-RAY                      4   2.36E-02    2.790E-01    6.57E-03
 K CONV. ELECTRON, GAMMA-RAY    4   7.35E-03    1.980E-01    1.45E-03
 K -L2 X-RAY                        2.39E-03    6.718E-02    1.61E-04
 K -L3 X-RAY                        4.07E-03    6.904E-02    2.81E-04
 
 ALL LISTED X-RAYS, GAMMA-RAYS AND ANNIHILATION RADIATION    8.30E-02
 ALL NEGLECTED X-RAYS, GAMMA-RAYS AND ANNIH. RADIATION**     8.58E-04
 ALL LISTED BETAS, INTERNAL CONVERSION AND AUGER ELECTRONS   3.22E-01
 ALL NEGLECTED BETAS, INT. CONVERSION AND AUGER ELECTRONS**  2.53E-03
 ALL LISTED RADIATIONS                                       4.06E-01
 ALL NEGLECTED RADIATIONS**                                  3.39E-03
 
 *  AVERAGE ENERGY (MEV)
 ** EACH NEGLECTED TRANSITION CONTRIBUTES LESS THAN  0.100%
    TO THE TOTAL MEV/TRANSFORMATION FOR THIS CATEGORY.
 TOTAL FEEDING OF GROUND STATE LEVEL IN 197-PLATINUM
   DAUGHTER IS 9.6700E-01  PER TRANSFORMATION OF 197M-PLATINUM.
   DECAY OF THIS 19.8915 HOURS HALFLIFE LEVEL WILL CONTRIBUTE TO DOSE.
 TOTAL FEEDING OF GROUND STATE LEVEL IN 197-GOLD
   DAUGHTER IS 3.3000E-02  PER TRANSFORMATION OF 197M-PLATINUM.
   THIS DAUGHTER GROUND STATE IS STABLE.
