 191-PLATINUM-78         HALFLIFE = 2.802 DAYS    

  MODE OF DECAY: ELECTRON CAPTURE
 
                                    MEAN
                                    NUMBER/                  MEV/
                               ID   TRANSFOR-   ENERGY       TRANSFOR-
        TYPE OF RADIATION      NO.  MATION      (MEV)        MATION

 L2 CONV. ELECTRON, GAMMA-RAY   1   3.86E-03    2.907E-02    1.12E-04
 L3 CONV. ELECTRON, GAMMA-RAY   1   3.93E-03    3.072E-02    1.21E-04
 M CONV. ELECTRON, GAMMA-RAY    1   2.43E-03    3.939E-02*   9.59E-05
 L1 CONV. ELECTRON, GAMMA-RAY   2   2.37E-03    3.619E-02    8.58E-05
 GAMMA-RAY                      3   4.88E-02    8.240E-02    4.02E-03
 K CONV. ELECTRON, GAMMA-RAY    3   2.72E-01    6.084E-03    1.65E-03
 L1 CONV. ELECTRON, GAMMA-RAY   3   4.11E-02    6.900E-02    2.84E-03
 L2 CONV. ELECTRON, GAMMA-RAY   3   8.40E-02    6.954E-02    5.84E-03
 L3 CONV. ELECTRON, GAMMA-RAY   3   7.42E-02    7.118E-02    5.28E-03
 M CONV. ELECTRON, GAMMA-RAY    3   5.03E-02    7.986E-02*   4.02E-03
 N+ CONV. ELECTRON, GAMMA-RAY   3   1.46E-02    8.240E-02*   1.21E-03
 GAMMA-RAY                      5   3.28E-02    9.652E-02    3.17E-03
 K CONV. ELECTRON, GAMMA-RAY    5   1.89E-01    2.020E-02    3.82E-03
 L1 CONV. ELECTRON, GAMMA-RAY   5   2.81E-02    8.312E-02    2.34E-03
 L2 CONV. ELECTRON, GAMMA-RAY   5   3.78E-03    8.366E-02    3.16E-04
 L3 CONV. ELECTRON, GAMMA-RAY   5   1.28E-03    8.530E-02    1.09E-04
 M CONV. ELECTRON, GAMMA-RAY    5   7.73E-03    9.398E-02*   7.26E-04
 N+ CONV. ELECTRON, GAMMA-RAY   5   2.35E-03    9.652E-02*   2.27E-04
 GAMMA-RAY                      6   3.20E-02    1.294E-01    4.14E-03
 K CONV. ELECTRON, GAMMA-RAY    6   7.21E-02    5.309E-02    3.83E-03
 L1 CONV. ELECTRON, GAMMA-RAY   6   1.06E-02    1.160E-01    1.23E-03
 L2 CONV. ELECTRON, GAMMA-RAY   6   3.06E-03    1.165E-01    3.57E-04
 L3 CONV. ELECTRON, GAMMA-RAY   6   1.75E-03    1.182E-01    2.07E-04
 M CONV. ELECTRON, GAMMA-RAY    6   3.68E-03    1.269E-01*   4.67E-04
 N+ CONV. ELECTRON, GAMMA-RAY   6   1.10E-03    1.294E-01*   1.43E-04
 K CONV. ELECTRON, GAMMA-RAY    8   1.50E-03    6.457E-02    9.68E-05
 GAMMA-RAY                     10   3.52E-02    1.722E-01    6.06E-03
 K CONV. ELECTRON, GAMMA-RAY   10   3.96E-02    9.588E-02    3.79E-03
 L1 CONV. ELECTRON, GAMMA-RAY  10   5.84E-03    1.588E-01    9.28E-04
 L2 CONV. ELECTRON, GAMMA-RAY  10   5.60E-04    1.593E-01    8.92E-05
 M CONV. ELECTRON, GAMMA-RAY   10   1.50E-03    1.697E-01*   2.54E-04
 N+ CONV. ELECTRON, GAMMA-RAY  10   4.58E-04    1.722E-01*   7.89E-05
 GAMMA-RAY                     11   1.02E-02    1.790E-01    1.82E-03
 K CONV. ELECTRON, GAMMA-RAY   11   7.41E-03    1.026E-01    7.60E-04
 L1 CONV. ELECTRON, GAMMA-RAY  11   1.07E-03    1.656E-01    1.77E-04
 L2 CONV. ELECTRON, GAMMA-RAY  11   4.99E-04    1.661E-01    8.29E-05
 M CONV. ELECTRON, GAMMA-RAY   11   4.50E-04    1.764E-01*   7.94E-05
 GAMMA-RAY                     13   4.16E-03    1.877E-01    7.81E-04
 K CONV. ELECTRON, GAMMA-RAY   13   2.91E-03    1.114E-01    3.24E-04
 K CONV. ELECTRON, GAMMA-RAY   15   8.94E-04    1.326E-01    1.19E-04
 GAMMA-RAY                     17   8.24E-03    2.197E-01    1.81E-03
 K CONV. ELECTRON, GAMMA-RAY   17   1.10E-03    1.433E-01    1.58E-04
 L2 CONV. ELECTRON, GAMMA-RAY  17   3.79E-04    2.068E-01    7.84E-05
 K CONV. ELECTRON, GAMMA-RAY   19   6.10E-04    1.474E-01    8.99E-05
 GAMMA-RAY                     21   7.76E-03    2.679E-01    2.08E-03
 K CONV. ELECTRON, GAMMA-RAY   21   6.23E-04    1.916E-01    1.19E-04
 GAMMA-RAY                     22   1.65E-02    2.687E-01    4.43E-03
 K CONV. ELECTRON, GAMMA-RAY   22   1.31E-03    1.924E-01    2.53E-04
 L2 CONV. ELECTRON, GAMMA-RAY  22   3.21E-04    2.559E-01    8.22E-05
 GAMMA-RAY                     26   3.36E-02    3.512E-01    1.18E-02
 K CONV. ELECTRON, GAMMA-RAY   26   5.03E-03    2.749E-01    1.38E-03
 L1 CONV. ELECTRON, GAMMA-RAY  26   7.37E-04    3.378E-01    2.49E-04
 GAMMA-RAY                     27   6.00E-02    3.599E-01    2.16E-02
 K CONV. ELECTRON, GAMMA-RAY   27   8.97E-03    2.836E-01    2.54E-03
 L1 CONV. ELECTRON, GAMMA-RAY  27   1.32E-03    3.465E-01    4.56E-04
 M CONV. ELECTRON, GAMMA-RAY   27   3.31E-04    3.573E-01*   1.18E-04
 GAMMA-RAY                     30   9.60E-04    4.090E-01    3.93E-04
 GAMMA-RAY                     31   8.00E-02    4.094E-01    3.28E-02
 K CONV. ELECTRON, GAMMA-RAY   31   8.26E-03    3.331E-01    2.75E-03
 L1 CONV. ELECTRON, GAMMA-RAY  31   1.21E-03    3.960E-01    4.79E-04
 M CONV. ELECTRON, GAMMA-RAY   31   3.07E-04    4.069E-01*   1.25E-04
 GAMMA-RAY                     35   3.36E-02    4.565E-01    1.53E-02
 K CONV. ELECTRON, GAMMA-RAY   35   2.49E-03    3.802E-01    9.47E-04
 L1 CONV. ELECTRON, GAMMA-RAY  35   3.64E-04    4.431E-01    1.61E-04
 GAMMA-RAY                     38   6.00E-04    4.947E-01    2.97E-04
 GAMMA-RAY                     40   1.37E-01    5.389E-01    7.37E-02
 K CONV. ELECTRON, GAMMA-RAY   40   5.47E-03    4.626E-01    2.53E-03
 L1 CONV. ELECTRON, GAMMA-RAY  40   7.93E-04    5.255E-01    4.16E-04
 M CONV. ELECTRON, GAMMA-RAY   40   2.14E-04    5.363E-01*   1.15E-04
 GAMMA-RAY                     41   3.68E-03    5.416E-01    1.99E-03
 K CONV. ELECTRON, GAMMA-RAY   41   1.87E-04    4.653E-01    8.71E-05
 GAMMA-RAY                     42   5.28E-04    5.688E-01    3.00E-04
 GAMMA-RAY                     43   1.18E-03    5.765E-01    6.78E-04
 GAMMA-RAY                     44   7.60E-04    5.836E-01    4.44E-04
 GAMMA-RAY                     45   1.36E-03    5.880E-01    8.00E-04
 GAMMA-RAY                     48   1.41E-02    6.241E-01    8.79E-03
 K CONV. ELECTRON, GAMMA-RAY   48   4.96E-04    5.477E-01    2.72E-04
 K -L2 X-RAY                        3.94E-01    6.345E-02    2.50E-02
 K -L3 X-RAY                        6.75E-01    6.510E-02    4.39E-02
 K -M2 X-RAY                        7.36E-02    7.341E-02    5.40E-03
 K -M3 X-RAY                        1.42E-01    7.377E-02    1.05E-02
 K -N2 X-RAY                        1.71E-02    7.574E-02    1.29E-03
 K -N3 X-RAY                        3.32E-02    7.583E-02    2.52E-03
 K -O2 X-RAY                        3.91E-03    7.625E-02    2.98E-04
 K -O3 X-RAY                        7.83E-03    7.626E-02    5.97E-04
 L2-M4 X-RAY                        1.48E-01    1.074E-02    1.59E-03
 L2-N4 X-RAY                        2.85E-02    1.255E-02    3.58E-04
 L3-M5 X-RAY                        2.23E-01    9.169E-03    2.04E-03
 L3-N5 X-RAY                        4.08E-02    1.092E-02    4.45E-04
 Free-Bound X-RAY                   1.53E+01    4.547E-05*   6.94E-04
 AUGER KLL                          3.78E-02    5.135E-02*   1.94E-03
 AUGER KLX                          2.01E-02    6.152E-02*   1.24E-03
 AUGER KXY                          2.58E-03    7.169E-02*   1.85E-04
 CK LLX                             2.93E-01    6.852E-04*   2.00E-04
 AUGER LMM                          7.49E-01    7.076E-03*   5.30E-03
 AUGER LMX                          3.04E-01    9.049E-03*   2.75E-03
 AUGER LXY                          3.02E-02    1.105E-02*   3.33E-04
 CK MMX                             1.01E+00    3.499E-04*   3.53E-04
 AUGER MNN                          2.44E+00    1.643E-03*   4.01E-03
 AUGER MNX                          2.15E-01    1.844E-03*   3.97E-04
 CK NNX                             5.03E+00    1.711E-04*   8.61E-04
 AUGER NXY                          2.22E-01    3.595E-04*   7.99E-05
 CK OOX                             2.90E+00    3.540E-05*   1.03E-04
 
 ALL LISTED X-RAYS, GAMMA-RAYS AND ANNIHILATION RADIATION    2.92E-01
 ALL NEGLECTED X-RAYS, GAMMA-RAYS AND ANNIH. RADIATION**     4.18E-03
 ALL LISTED BETAS, INTERNAL CONVERSION AND AUGER ELECTRONS   7.30E-02
 ALL NEGLECTED BETAS, INT. CONVERSION AND AUGER ELECTRONS**  1.88E-03
 ALL LISTED RADIATIONS                                       3.65E-01
 ALL NEGLECTED RADIATIONS**                                  6.07E-03
 
 *  AVERAGE ENERGY (MEV)
 ** EACH NEGLECTED TRANSITION CONTRIBUTES LESS THAN  0.100%
    TO THE TOTAL MEV/TRANSFORMATION FOR THIS CATEGORY.
 TOTAL FEEDING OF GROUND STATE LEVEL IN 191-IRIDIUM
   DAUGHTER IS 1.0000E+00 PER TRANSFORMATION OF 191-PLATINUM.
   THIS DAUGHTER GROUND STATE IS STABLE.
