 193-PLATINUM-78         HALFLIFE = 50 YEARS   

  MODE OF DECAY: ELECTRON CAPTURE
 
                                    MEAN
                                    NUMBER/                  MEV/
                               ID   TRANSFOR-   ENERGY       TRANSFOR-
        TYPE OF RADIATION      NO.  MATION      (MEV)        MATION

 L1-M2 X-RAY                        1.57E-02    1.050E-02    1.64E-04
 L1-M3 X-RAY                        1.87E-02    1.086E-02    2.03E-04
 L1-M4 X-RAY                        4.95E-04    1.127E-02    5.58E-06
 L1-M5 X-RAY                        7.40E-04    1.135E-02    8.40E-06
 L1-N2 X-RAY                        3.92E-03    1.283E-02    5.02E-05
 L1-N3 X-RAY                        5.00E-03    1.291E-02    6.46E-05
 L1-O2 X-RAY                        6.60E-04    1.333E-02    8.80E-06
 L1-03 X-RAY                        8.14E-04    1.334E-02    1.09E-05
 L2-M1 X-RAY                        6.31E-04    9.713E-03    6.13E-06
 L2-M4 X-RAY                        2.31E-02    1.074E-02    2.48E-04
 L2-N4 X-RAY                        4.46E-03    1.255E-02    5.59E-05
 L2-O4 X-RAY                        2.88E-04    1.285E-02    3.70E-06
 L3-M1 X-RAY                        6.23E-03    8.068E-03    5.03E-05
 L3-M4 X-RAY                        1.08E-02    9.091E-03    9.78E-05
 L3-M5 X-RAY                        9.49E-02    9.169E-03    8.70E-04
 L3-N1 X-RAY                        1.25E-03    1.054E-02    1.32E-05
 L3-N4 X-RAY                        1.93E-03    1.090E-02    2.10E-05
 L3-N5 X-RAY                        1.74E-02    1.092E-02    1.90E-04
 L3-O1 X-RAY                        2.59E-04    1.111E-02    2.88E-06
 L3-O5 X-RAY                        1.06E-03    1.121E-02    1.18E-05
 M X-RAY                            4.02E-02    1.998E-03*   8.02E-05
 Free-Bound X-RAY                   8.98E+00    4.477E-05*   4.02E-04
 CK LLX                             4.95E-01    5.128E-04*   2.54E-04
 AUGER LMM                          3.16E-01    7.111E-03*   2.25E-03
 AUGER LMX                          1.28E-01    9.100E-03*   1.17E-03
 AUGER LXY                          1.28E-02    1.113E-02*   1.43E-04
 CK MMX                             7.00E-01    3.681E-04*   2.58E-04
 AUGER MNN                          1.36E+00    1.644E-03*   2.23E-03
 AUGER MNX                          1.20E-01    1.849E-03*   2.21E-04
 AUGER MXY                          5.94E-03    2.161E-03*   1.28E-05
 CK NNX                             2.93E+00    1.711E-04*   5.01E-04
 AUGER NXY                          1.41E-01    3.785E-04*   5.32E-05
 CK OOX                             1.78E+00    3.546E-05*   6.31E-05
 
 ALL LISTED X-RAYS, GAMMA-RAYS AND ANNIHILATION RADIATION    2.57E-03
 ALL NEGLECTED X-RAYS, GAMMA-RAYS AND ANNIH. RADIATION**     1.15E-05
 ALL LISTED BETAS, INTERNAL CONVERSION AND AUGER ELECTRONS   7.15E-03
 ALL LISTED RADIATIONS                                       9.72E-03
 ALL NEGLECTED RADIATIONS**                                  1.15E-05
 
 *  AVERAGE ENERGY (MEV)
 ** EACH NEGLECTED TRANSITION CONTRIBUTES LESS THAN  0.100%
    TO THE TOTAL MEV/TRANSFORMATION FOR THIS CATEGORY.
 TOTAL FEEDING OF GROUND STATE LEVEL IN 193-IRIDIUM
   DAUGHTER IS 1.0000E+00 PER TRANSFORMATION OF 193-PLATINUM.
   THIS DAUGHTER GROUND STATE IS STABLE.
