 226-RADIUM-88           HALFLIFE = 1600 YEARS   

  MODE OF DECAY: ALPHA
 
                                    MEAN
                                    NUMBER/                  MEV/
                               ID   TRANSFOR-   ENERGY       TRANSFOR-
        TYPE OF RADIATION      NO.  MATION      (MEV)        MATION

 ALPHA                          4   5.55E-02    4.601E+00    2.55E-01
 RECOIL ATOM                        5.55E-02    8.296E-02    4.60E-03
 ALPHA                          5   9.44E-01    4.784E+00    4.52E+00
 RECOIL ATOM                        9.44E-01    8.626E-02    8.15E-02
 GAMMA-RAY                      2   3.59E-02    1.862E-01    6.68E-03
 K CONV. ELECTRON, GAMMA-RAY    2   6.82E-03    8.745E-02    5.96E-04
 L1 CONV. ELECTRON, GAMMA-RAY   2   1.17E-03    1.682E-01    1.97E-04
 L2 CONV. ELECTRON, GAMMA-RAY   2   7.63E-03    1.688E-01    1.29E-03
 L3 CONV. ELECTRON, GAMMA-RAY   2   4.38E-03    1.716E-01    7.52E-04
 M CONV. ELECTRON, GAMMA-RAY    2   3.54E-03    1.827E-01*   6.47E-04
 N+ CONV. ELECTRON, GAMMA-RAY   2   1.16E-03    1.862E-01*   2.17E-04
 GAMMA-RAY                      4   5.00E-05    2.623E-01    1.31E-05
 K -L2 X-RAY                        1.94E-03    8.137E-02    1.58E-04
 K -L3 X-RAY                        3.20E-03    8.415E-02    2.70E-04
 K -M2 X-RAY                        3.62E-04    9.462E-02    3.43E-05
 K -M3 X-RAY                        7.04E-04    9.525E-02    6.70E-05
 K -N2 X-RAY                        8.82E-05    9.783E-02    8.63E-06
 K -N3 X-RAY                        1.75E-04    9.798E-02    1.72E-05
 L2-M4 X-RAY                        3.47E-03    1.437E-02    4.99E-05
 L2-N4 X-RAY                        7.40E-04    1.684E-02    1.25E-05
 L3-M5 X-RAY                        2.64E-03    1.173E-02    3.10E-05
 L3-N5 X-RAY                        5.27E-04    1.409E-02    7.43E-06
 Free-Bound X-RAY                   2.69E-01    5.011E-05*   1.35E-05
 AUGER KLL                          1.51E-04    6.511E-02*   9.85E-06
 AUGER KLX                          8.43E-05    7.867E-02*   6.63E-06
 AUGER LMM                          6.73E-03    9.152E-03*   6.16E-05
 AUGER LMX                          3.18E-03    1.190E-02*   3.78E-05
 AUGER LXY                          3.57E-04    1.469E-02*   5.24E-06
 CK MMX                             1.08E-02    4.657E-04*   5.01E-06
 AUGER MNN                          2.38E-02    2.131E-03*   5.08E-05
 AUGER MNX                          3.58E-03    2.466E-03*   8.82E-06
 CK NNX                             4.40E-02    1.804E-04*   7.94E-06
 AUGER NXY                          7.94E-02    1.135E-04*   9.01E-06
 
 ALL LISTED X-RAYS, GAMMA-RAYS AND ANNIHILATION RADIATION    7.37E-03
 ALL NEGLECTED X-RAYS, GAMMA-RAYS AND ANNIH. RADIATION**     3.26E-05
 ALL LISTED BETAS, INTERNAL CONVERSION AND AUGER ELECTRONS   3.90E-03
 ALL NEGLECTED BETAS, INT. CONVERSION AND AUGER ELECTRONS**  9.85E-06
 ALL LISTED ALPHA PARTICLES AND  RECOIL NUCLEI               4.86E+00
 ALL NEGLECTED ALPHA PARTICLES AND  RECOIL NUCLEI**          3.42E-04
 ALL LISTED RADIATIONS                                       4.87E+00
 ALL NEGLECTED RADIATIONS**                                  3.84E-04
 
 *  AVERAGE ENERGY (MEV)
 ** EACH NEGLECTED TRANSITION CONTRIBUTES LESS THAN  0.100%
    TO THE TOTAL MEV/TRANSFORMATION FOR THIS CATEGORY.
 TOTAL FEEDING OF GROUND STATE LEVEL IN 222-RADON
   DAUGHTER IS 1.0000E+00 PER TRANSFORMATION OF 226-RADIUM.
   DECAY OF THIS 3.8235 DAYS HALFLIFE LEVEL WILL CONTRIBUTE TO DOSE.
