 223-RADIUM-88           HALFLIFE = 11.43 DAYS    

  MODE OF DECAY: ALPHA
 
                                    MEAN
                                    NUMBER/                  MEV/
                               ID   TRANSFOR-   ENERGY       TRANSFOR-
        TYPE OF RADIATION      NO.  MATION      (MEV)        MATION

 ALPHA                         14   1.50E-03    5.289E+00    7.93E-03
 RECOIL ATOM                        1.50E-03    9.666E-02    1.45E-04
 ALPHA                         15   1.30E-03    5.340E+00    6.94E-03
 RECOIL ATOM                        1.30E-03    9.759E-02    1.27E-04
 ALPHA                         16   1.30E-03    5.367E+00    6.98E-03
 RECOIL ATOM                        1.30E-03    9.809E-02    1.28E-04
 ALPHA                         17   2.22E-02    5.435E+00    1.21E-01
 RECOIL ATOM                        2.22E-02    9.933E-02    2.21E-03
 ALPHA                         19   1.00E-02    5.502E+00    5.50E-02
 RECOIL ATOM                        1.00E-02    1.006E-01    1.01E-03
 ALPHA                         20   9.00E-02    5.540E+00    4.99E-01
 RECOIL ATOM                        9.00E-02    1.012E-01    9.11E-03
 ALPHA                         21   2.52E-01    5.607E+00    1.41E+00
 RECOIL ATOM                        2.52E-01    1.025E-01    2.58E-02
 ALPHA                         22   5.16E-01    5.716E+00    2.95E+00
 RECOIL ATOM                        5.16E-01    1.045E-01    5.39E-02
 ALPHA                         23   9.00E-02    5.747E+00    5.17E-01
 RECOIL ATOM                        9.00E-02    1.050E-01    9.46E-03
 ALPHA                         24   3.10E-03    5.858E+00    1.82E-02
 RECOIL ATOM                        3.10E-03    1.071E-01    3.32E-04
 ALPHA                         25   1.00E-02    5.872E+00    5.87E-02
 RECOIL ATOM                        1.00E-02    1.073E-01    1.07E-03
 M CONV. ELECTRON, GAMMA-RAY    1   4.12E-01    8.821E-04*   3.63E-04
 N+ CONV. ELECTRON, GAMMA-RAY   1   1.33E-01    4.400E-03*   5.86E-04
 M CONV. ELECTRON, GAMMA-RAY    2   1.06E-01    6.482E-03*   6.87E-04
 N+ CONV. ELECTRON, GAMMA-RAY   2   3.52E-02    1.000E-02*   3.52E-04
 M CONV. ELECTRON, GAMMA-RAY    3   7.06E-02    1.088E-02*   7.68E-04
 N+ CONV. ELECTRON, GAMMA-RAY   3   2.32E-02    1.440E-02*   3.35E-04
 L2 CONV. ELECTRON, GAMMA-RAY  15   1.24E-03    9.346E-02    1.15E-04
 L3 CONV. ELECTRON, GAMMA-RAY  15   8.92E-04    9.624E-02    8.59E-05
 L1 CONV. ELECTRON, GAMMA-RAY  18   1.32E-03    9.666E-02    1.27E-04
 GAMMA-RAY                     19   1.21E-02    1.223E-01    1.48E-03
 K CONV. ELECTRON, GAMMA-RAY   19   7.60E-02    2.356E-02    1.79E-03
 L1 CONV. ELECTRON, GAMMA-RAY  19   1.24E-02    1.043E-01    1.29E-03
 L2 CONV. ELECTRON, GAMMA-RAY  19   1.55E-03    1.049E-01    1.62E-04
 M CONV. ELECTRON, GAMMA-RAY   19   3.40E-03    1.188E-01*   4.04E-04
 N+ CONV. ELECTRON, GAMMA-RAY  19   1.15E-03    1.223E-01*   1.41E-04
 GAMMA-RAY                     24   3.27E-02    1.442E-01    4.71E-03
 K CONV. ELECTRON, GAMMA-RAY   24   1.29E-01    4.547E-02    5.86E-03
 L1 CONV. ELECTRON, GAMMA-RAY  24   2.09E-02    1.262E-01    2.64E-03
 L2 CONV. ELECTRON, GAMMA-RAY  24   2.44E-03    1.268E-01    3.09E-04
 M CONV. ELECTRON, GAMMA-RAY   24   5.67E-03    1.407E-01*   7.98E-04
 N+ CONV. ELECTRON, GAMMA-RAY  24   1.91E-03    1.442E-01*   2.76E-04
 GAMMA-RAY                     26   5.70E-02    1.542E-01    8.79E-03
 K CONV. ELECTRON, GAMMA-RAY   26   1.89E-01    5.544E-02    1.05E-02
 L1 CONV. ELECTRON, GAMMA-RAY  26   3.06E-02    1.362E-01    4.17E-03
 L2 CONV. ELECTRON, GAMMA-RAY  26   3.12E-03    1.368E-01    4.27E-04
 M CONV. ELECTRON, GAMMA-RAY   26   8.09E-03    1.507E-01*   1.22E-03
 N+ CONV. ELECTRON, GAMMA-RAY  26   2.73E-03    1.542E-01*   4.21E-04
 GAMMA-RAY                     27   6.95E-03    1.586E-01    1.10E-03
 K CONV. ELECTRON, GAMMA-RAY   27   2.06E-02    5.987E-02    1.23E-03
 L1 CONV. ELECTRON, GAMMA-RAY  27   3.35E-03    1.406E-01    4.70E-04
 M CONV. ELECTRON, GAMMA-RAY   27   9.26E-04    1.551E-01*   1.44E-04
 GAMMA-RAY                     31   1.53E-03    1.795E-01    2.75E-04
 K CONV. ELECTRON, GAMMA-RAY   31   2.64E-03    8.078E-02    2.13E-04
 GAMMA-RAY                     43   1.39E-01    2.695E-01    3.75E-02
 K CONV. ELECTRON, GAMMA-RAY   43   9.46E-02    1.707E-01    1.61E-02
 L1 CONV. ELECTRON, GAMMA-RAY  43   1.53E-02    2.514E-01    3.83E-03
 L2 CONV. ELECTRON, GAMMA-RAY  43   1.66E-03    2.521E-01    4.19E-04
 M CONV. ELECTRON, GAMMA-RAY   43   4.07E-03    2.659E-01*   1.08E-03
 N+ CONV. ELECTRON, GAMMA-RAY  43   1.37E-03    2.695E-01*   3.70E-04
 GAMMA-RAY                     46   1.60E-03    2.882E-01    4.61E-04
 GAMMA-RAY                     47   6.67E-04    2.938E-01    1.96E-04
 GAMMA-RAY                     48   3.99E-02    3.239E-01    1.29E-02
 K CONV. ELECTRON, GAMMA-RAY   48   1.63E-02    2.251E-01    3.66E-03
 L1 CONV. ELECTRON, GAMMA-RAY  48   2.61E-03    3.058E-01    7.99E-04
 L2 CONV. ELECTRON, GAMMA-RAY  48   2.85E-04    3.065E-01    8.73E-05
 M CONV. ELECTRON, GAMMA-RAY   48   6.98E-04    3.204E-01*   2.24E-04
 GAMMA-RAY                     49   2.09E-03    3.284E-01    6.85E-04
 GAMMA-RAY                     50   1.01E-03    3.340E-01    3.39E-04
 GAMMA-RAY                     51   2.84E-02    3.383E-01    9.59E-03
 K CONV. ELECTRON, GAMMA-RAY   51   1.06E-02    2.395E-01    2.53E-03
 L1 CONV. ELECTRON, GAMMA-RAY  51   1.70E-03    3.202E-01    5.43E-04
 M CONV. ELECTRON, GAMMA-RAY   51   4.46E-04    3.348E-01*   1.49E-04
 GAMMA-RAY                     52   2.22E-03    3.429E-01    7.63E-04
 GAMMA-RAY                     53   1.81E-03    3.468E-01    6.27E-04
 GAMMA-RAY                     56   4.59E-04    3.621E-01    1.66E-04
 GAMMA-RAY                     60   4.87E-03    3.717E-01    1.81E-03
 K CONV. ELECTRON, GAMMA-RAY   60   1.40E-03    2.729E-01    3.83E-04
 L1 CONV. ELECTRON, GAMMA-RAY  60   2.25E-04    3.536E-01    7.96E-05
 GAMMA-RAY                     61   5.00E-04    3.729E-01    1.87E-04
 GAMMA-RAY                     62   5.00E-04    3.733E-01    1.87E-04
 GAMMA-RAY                     70   3.47E-04    4.321E-01    1.50E-04
 GAMMA-RAY                     71   8.20E-04    4.393E-01    3.60E-04
 GAMMA-RAY                     72   1.29E-02    4.450E-01    5.75E-03
 K CONV. ELECTRON, GAMMA-RAY   72   2.30E-03    3.463E-01    7.97E-04
 L1 CONV. ELECTRON, GAMMA-RAY  72   3.67E-04    4.270E-01    1.57E-04
 GAMMA-RAY                     80   7.09E-04    5.276E-01    3.74E-04
 GAMMA-RAY                     90   9.45E-04    5.987E-01    5.66E-04
 GAMMA-RAY                     91   5.70E-04    6.093E-01    3.47E-04
 GAMMA-RAY                     96   3.06E-04    6.320E-01    1.93E-04
 K -L2 X-RAY                        1.57E-01    8.137E-02    1.28E-02
 K -L3 X-RAY                        2.59E-01    8.415E-02    2.18E-02
 K -M2 X-RAY                        2.93E-02    9.462E-02    2.78E-03
 K -M3 X-RAY                        5.70E-02    9.525E-02    5.43E-03
 K -N2 X-RAY                        7.14E-03    9.783E-02    6.99E-04
 K -N3 X-RAY                        1.42E-02    9.798E-02    1.39E-03
 K -O2 X-RAY                        1.69E-03    9.860E-02    1.66E-04
 K -O3 X-RAY                        3.24E-03    9.864E-02    3.20E-04
 L2-M4 X-RAY                        6.57E-02    1.437E-02    9.45E-04
 L2-N4 X-RAY                        1.40E-02    1.684E-02    2.36E-04
 L3-M5 X-RAY                        9.90E-02    1.173E-02    1.16E-03
 L3-N5 X-RAY                        1.98E-02    1.409E-02    2.78E-04
 M X-RAY                            6.21E-02    2.729E-03*   1.69E-04
 Free-Bound X-RAY                   1.47E+01    5.009E-05*   7.38E-04
 AUGER KLL                          1.23E-02    6.511E-02*   7.98E-04
 AUGER KLX                          6.83E-03    7.867E-02*   5.37E-04
 AUGER KXY                          9.19E-04    9.225E-02*   8.47E-05
 CK LLX                             9.68E-02    1.271E-03*   1.23E-04
 AUGER LMM                          2.07E-01    8.868E-03*   1.83E-03
 AUGER LMX                          9.72E-02    1.160E-02*   1.13E-03
 AUGER LXY                          1.09E-02    1.436E-02*   1.56E-04
 CK MMX                             8.03E-01    4.710E-04*   3.78E-04
 AUGER MNN                          1.21E+00    2.152E-03*   2.60E-03
 AUGER MNX                          1.86E-01    2.508E-03*   4.67E-04
 CK NNX                             2.44E+00    1.816E-04*   4.43E-04
 AUGER NXY                          4.29E+00    1.150E-04*   4.94E-04
 CK OOX                             3.86E+00    3.687E-05*   1.42E-04
 
 ALL LISTED X-RAYS, GAMMA-RAYS AND ANNIHILATION RADIATION    1.38E-01
 ALL NEGLECTED X-RAYS, GAMMA-RAYS AND ANNIH. RADIATION**     2.85E-03
 ALL LISTED BETAS, INTERNAL CONVERSION AND AUGER ELECTRONS   7.63E-02
 ALL NEGLECTED BETAS, INT. CONVERSION AND AUGER ELECTRONS**  1.81E-03
 ALL LISTED ALPHA PARTICLES AND  RECOIL NUCLEI               5.76E+00
 ALL NEGLECTED ALPHA PARTICLES AND  RECOIL NUCLEI**          1.29E-02
 ALL LISTED RADIATIONS                                       5.97E+00
 ALL NEGLECTED RADIATIONS**                                  1.75E-02
 
 *  AVERAGE ENERGY (MEV)
 ** EACH NEGLECTED TRANSITION CONTRIBUTES LESS THAN  0.100%
    TO THE TOTAL MEV/TRANSFORMATION FOR THIS CATEGORY.
 TOTAL FEEDING OF GROUND STATE LEVEL IN 219-RADON
   DAUGHTER IS 1.0000E+00 PER TRANSFORMATION OF 223-RADIUM.
   DECAY OF THIS 3.96 SECONDS HALFLIFE LEVEL WILL CONTRIBUTE TO DOSE.
