 79-RUBIDIUM-37          HALFLIFE = 22.9 MINUTES 

  MODES OF DECAY: ELECTRON CAPTURE, BETA PLUS
 
                                    MEAN
                                    NUMBER/                  MEV/
                               ID   TRANSFOR-   ENERGY       TRANSFOR-
        TYPE OF RADIATION      NO.  MATION      (MEV)        MATION

 BETA PLUS                      5   3.56E-03    4.420E-01*   1.57E-03
 BETA PLUS                      6   3.66E-03    5.018E-01*   1.84E-03
 BETA PLUS                      7   1.58E-03    5.224E-01*   8.27E-04
 BETA PLUS                     10   1.48E-03    6.790E-01*   1.01E-03
 BETA PLUS                     11   1.28E-02    6.856E-01*   8.75E-03
 BETA PLUS                     12   1.19E-03    7.571E-01*   8.99E-04
 BETA PLUS                     13   1.03E-01    8.281E-01*   8.52E-02
 BETA PLUS                     14   4.15E-01    8.574E-01*   3.56E-01
 BETA PLUS                     15   4.85E-03    8.643E-01*   4.19E-03
 BETA PLUS                     16   9.89E-04    8.708E-01*   8.61E-04
 BETA PLUS                     17   1.09E-02    8.815E-01*   9.59E-03
 BETA PLUS                     18   2.97E-03    9.521E-01*   2.83E-03
 BETA PLUS                     20   3.36E-03    9.897E-01*   3.33E-03
 BETA PLUS                     21   2.77E-03    9.979E-01*   2.76E-03
 BETA PLUS                     22   1.37E-01    1.041E+00*   1.43E-01
 BETA PLUS                     23   1.98E-03    1.092E+00*   2.16E-03
 BETA PLUS                     24   2.97E-03    1.128E+00*   3.35E-03
 BETA PLUS                     25   7.91E-03    1.108E+00*   8.77E-03
 BETA PLUS                     26   1.02E-01    1.116E+00*   1.14E-01
 BETA PLUS                     27   1.09E-02    1.197E+00*   1.30E-02
 ANNIHILATION RADIATION             1.67E+00    5.110E-01    8.52E-01
 GAMMA-RAY                      8   1.07E-01    1.297E-01    1.39E-02
 K CONV. ELECTRON, GAMMA-RAY    8   2.23E-01    1.154E-01    2.58E-02
 L1 CONV. ELECTRON, GAMMA-RAY   8   2.03E-02    1.278E-01    2.60E-03
 L2 CONV. ELECTRON, GAMMA-RAY   8   1.47E-02    1.280E-01    1.88E-03
 L3 CONV. ELECTRON, GAMMA-RAY   8   1.71E-02    1.280E-01    2.18E-03
 M CONV. ELECTRON, GAMMA-RAY    8   8.71E-03    1.295E-01*   1.13E-03
 GAMMA-RAY                     10   1.39E-01    1.434E-01    1.99E-02
 GAMMA-RAY                     11   1.05E-01    1.471E-01    1.54E-02
 K CONV. ELECTRON, GAMMA-RAY   11   2.03E-02    1.328E-01    2.69E-03
 GAMMA-RAY                     13   7.90E-02    1.548E-01    1.22E-02
 GAMMA-RAY                     14   8.59E-02    1.608E-01    1.38E-02
 K CONV. ELECTRON, GAMMA-RAY   14   5.80E-03    1.465E-01    8.50E-04
 GAMMA-RAY                     15   1.92E-01    1.828E-01    3.50E-02
 GAMMA-RAY                     21   9.01E-03    2.862E-01    2.58E-03
 GAMMA-RAY                     27   6.24E-03    3.373E-01    2.10E-03
 GAMMA-RAY                     28   7.23E-02    3.506E-01    2.53E-02
 GAMMA-RAY                     30   1.18E-02    3.841E-01    4.53E-03
 GAMMA-RAY                     32   6.05E-02    3.976E-01    2.41E-02
 GAMMA-RAY                     33   8.09E-03    4.018E-01    3.25E-03
 GAMMA-RAY                     36   1.22E-02    4.615E-01    5.65E-03
 GAMMA-RAY                     39   1.06E-01    5.054E-01    5.37E-02
 GAMMA-RAY                     40   2.08E-02    5.060E-01    1.05E-02
 GAMMA-RAY                     42   1.29E-02    5.333E-01    6.90E-03
 GAMMA-RAY                     43   7.39E-03    5.410E-01    4.00E-03
 GAMMA-RAY                     45   6.47E-03    5.487E-01    3.55E-03
 GAMMA-RAY                     47   9.24E-03    5.692E-01    5.26E-03
 GAMMA-RAY                     48   6.70E-03    6.032E-01    4.04E-03
 GAMMA-RAY                     50   8.78E-02    6.222E-01    5.46E-02
 GAMMA-RAY                     51   2.31E-03    6.436E-01    1.49E-03
 GAMMA-RAY                     52   2.31E-03    6.545E-01    1.51E-03
 GAMMA-RAY                     54   2.31E-01    6.881E-01    1.59E-01
 GAMMA-RAY                     58   6.01E-03    7.741E-01    4.65E-03
 GAMMA-RAY                     60   1.85E-03    7.883E-01    1.46E-03
 GAMMA-RAY                     70   6.01E-03    9.158E-01    5.50E-03
 GAMMA-RAY                     71   4.44E-03    9.216E-01    4.09E-03
 GAMMA-RAY                     73   3.28E-03    9.349E-01    3.07E-03
 GAMMA-RAY                     74   1.73E-03    9.412E-01    1.63E-03
 GAMMA-RAY                    101   2.49E-03    1.184E+00    2.95E-03
 GAMMA-RAY                    115   1.29E-03    1.298E+00    1.68E-03
 GAMMA-RAY                    132   1.66E-03    1.480E+00    2.46E-03
 K -L3 X-RAY                        1.69E-01    1.261E-02    2.12E-03
 AUGER KLL                          1.25E-01    1.080E-02*   1.35E-03
 
 ALL LISTED X-RAYS, GAMMA-RAYS AND ANNIHILATION RADIATION    1.36E+00
 ALL NEGLECTED X-RAYS, GAMMA-RAYS AND ANNIH. RADIATION**     8.48E-02
 ALL LISTED BETAS, INTERNAL CONVERSION AND AUGER ELECTRONS   8.03E-01
 ALL NEGLECTED BETAS, INT. CONVERSION AND AUGER ELECTRONS**  7.38E-03
 ALL LISTED RADIATIONS                                       2.17E+00
 ALL NEGLECTED RADIATIONS**                                  9.22E-02
 
 *  AVERAGE ENERGY (MEV)
 ** EACH NEGLECTED TRANSITION CONTRIBUTES LESS THAN  0.100%
    TO THE TOTAL MEV/TRANSFORMATION FOR THIS CATEGORY.
 TOTAL FEEDING OF GROUND STATE LEVEL IN 79-KRYPTON
   DAUGHTER IS 1.0000E+00 PER TRANSFORMATION OF  79-RUBIDIUM.
   DECAY OF THIS 35.04 HOURS HALFLIFE LEVEL WILL CONTRIBUTE TO DOSE.
