 86-RUBIDIUM-37          HALFLIFE = 18.642 DAYS    

  MODES OF DECAY: BETA MINUS, ELECTRON CAPTURE
 
                                    MEAN
                                    NUMBER/                  MEV/
                               ID   TRANSFOR-   ENERGY       TRANSFOR-
        TYPE OF RADIATION      NO.  MATION      (MEV)        MATION

 BETA MINUS                     1   8.64E-02    2.323E-01*   2.01E-02
 BETA MINUS                     2   9.14E-01    7.092E-01*   6.48E-01
 GAMMA-RAY                      1   8.64E-02    1.077E+00    9.30E-02
 
 ALL LISTED X-RAYS, GAMMA-RAYS AND ANNIHILATION RADIATION    9.30E-02
 ALL NEGLECTED X-RAYS, GAMMA-RAYS AND ANNIH. RADIATION**     7.54E-07
 ALL LISTED BETAS, INTERNAL CONVERSION AND AUGER ELECTRONS   6.68E-01
 ALL NEGLECTED BETAS, INT. CONVERSION AND AUGER ELECTRONS**  4.56E-05
 ALL LISTED RADIATIONS                                       7.61E-01
 ALL NEGLECTED RADIATIONS**                                  4.64E-05
 
 *  AVERAGE ENERGY (MEV)
 ** EACH NEGLECTED TRANSITION CONTRIBUTES LESS THAN  0.100%
    TO THE TOTAL MEV/TRANSFORMATION FOR THIS CATEGORY.
 TOTAL FEEDING OF GROUND STATE LEVEL IN 86-STRONTIUM
   DAUGHTER IS 9.9995E-01 PER TRANSFORMATION OF  86-RUBIDIUM.
   THIS DAUGHTER GROUND STATE IS STABLE.
 TOTAL FEEDING OF GROUND STATE LEVEL IN 86-KRYPTON
   DAUGHTER IS 5.2000E-05 PER TRANSFORMATION OF  86-RUBIDIUM.
   THIS DAUGHTER GROUND STATE IS STABLE.
