 84-RUBIDIUM-37          HALFLIFE = 32.77 DAYS    

  MODES OF DECAY: ELECTRON CAPTURE, BETA PLUS, BETA MINUS
 
                                    MEAN
                                    NUMBER/                  MEV/
                               ID   TRANSFOR-   ENERGY       TRANSFOR-
        TYPE OF RADIATION      NO.  MATION      (MEV)        MATION

 BETA PLUS                      1   1.40E-01    3.388E-01*   4.74E-02
 BETA PLUS                      2   1.31E-01    7.567E-01*   9.91E-02
 ANNIHILATION RADIATION             5.42E-01    5.110E-01    2.77E-01
 GAMMA-RAY                      1   6.90E-01    8.816E-01    6.08E-01
 K CONV. ELECTRON, GAMMA-RAY    1   4.13E-04    8.673E-01    3.58E-04
 GAMMA-RAY                      2   3.49E-03    1.016E+00    3.55E-03
 GAMMA-RAY                      3   7.38E-03    1.898E+00    1.40E-02
 K -L2 X-RAY                        1.14E-01    1.255E-02    1.44E-03
 K -L3 X-RAY                        2.21E-01    1.261E-02    2.78E-03
 AUGER KLL                          1.63E-01    1.080E-02*   1.76E-03
 AUGER KLX                          5.18E-02    1.234E-02*   6.39E-04
 AUGER LMM                          7.14E-01    1.407E-03*   1.00E-03
 BETA MINUS                     1   3.80E-02    3.328E-01*   1.26E-02
 
 ALL LISTED X-RAYS, GAMMA-RAYS AND ANNIHILATION RADIATION    9.07E-01
 ALL NEGLECTED X-RAYS, GAMMA-RAYS AND ANNIH. RADIATION**     8.46E-04
 ALL LISTED BETAS, INTERNAL CONVERSION AND AUGER ELECTRONS   1.63E-01
 ALL NEGLECTED BETAS, INT. CONVERSION AND AUGER ELECTRONS**  3.70E-04
 ALL LISTED RADIATIONS                                       1.07E+00
 ALL NEGLECTED RADIATIONS**                                  1.22E-03
 
 *  AVERAGE ENERGY (MEV)
 ** EACH NEGLECTED TRANSITION CONTRIBUTES LESS THAN  0.100%
    TO THE TOTAL MEV/TRANSFORMATION FOR THIS CATEGORY.
 TOTAL FEEDING OF GROUND STATE LEVEL IN 84-KRYPTON
   DAUGHTER IS 9.6200E-01 PER TRANSFORMATION OF  84-RUBIDIUM.
   THIS DAUGHTER GROUND STATE IS STABLE.
 TOTAL FEEDING OF GROUND STATE LEVEL IN 84-STRONTIUM
   DAUGHTER IS 3.8000E-02 PER TRANSFORMATION OF  84-RUBIDIUM.
   THIS DAUGHTER GROUND STATE IS STABLE.
