 82-RUBIDIUM-37          HALFLIFE = 1.273 MINUTES 

  MODES OF DECAY: ELECTRON CAPTURE, BETA PLUS
 
                                    MEAN
                                    NUMBER/                  MEV/
                               ID   TRANSFOR-   ENERGY       TRANSFOR-
        TYPE OF RADIATION      NO.  MATION      (MEV)        MATION

 BETA PLUS                      9   3.19E-03    5.277E-01*   1.68E-03
 BETA PLUS                     14   1.31E-01    1.167E+00*   1.53E-01
 BETA PLUS                     15   8.18E-01    1.534E+00*   1.25E+00
 ANNIHILATION RADIATION             1.91E+00    5.110E-01    9.75E-01
 GAMMA-RAY                      6   1.51E-01    7.765E-01    1.17E-01
 GAMMA-RAY                     18   5.29E-03    1.395E+00    7.38E-03
 GAMMA-RAY                     19   8.90E-04    1.475E+00    1.31E-03
 
 ALL LISTED X-RAYS, GAMMA-RAYS AND ANNIHILATION RADIATION    1.10E+00
 ALL NEGLECTED X-RAYS, GAMMA-RAYS AND ANNIH. RADIATION**     7.37E-03
 ALL LISTED BETAS, INTERNAL CONVERSION AND AUGER ELECTRONS   1.41E+00
 ALL NEGLECTED BETAS, INT. CONVERSION AND AUGER ELECTRONS**  2.00E-03
 ALL LISTED RADIATIONS                                       2.51E+00
 ALL NEGLECTED RADIATIONS**                                  9.37E-03
 
 *  AVERAGE ENERGY (MEV)
 ** EACH NEGLECTED TRANSITION CONTRIBUTES LESS THAN  0.100%
    TO THE TOTAL MEV/TRANSFORMATION FOR THIS CATEGORY.
 TOTAL FEEDING OF GROUND STATE LEVEL IN 82-KRYPTON
   DAUGHTER IS 1.0000E+00 PER TRANSFORMATION OF  82-RUBIDIUM.
   THIS DAUGHTER GROUND STATE IS STABLE.
