 83-RUBIDIUM-37          HALFLIFE = 86.2 DAYS    

  MODE OF DECAY: ELECTRON CAPTURE
 
                                    MEAN
                                    NUMBER/                  MEV/
                               ID   TRANSFOR-   ENERGY       TRANSFOR-
        TYPE OF RADIATION      NO.  MATION      (MEV)        MATION

 L1 CONV. ELECTRON, GAMMA-RAY   1   1.46E-01    7.503E-03    1.10E-03
 L2 CONV. ELECTRON, GAMMA-RAY   1   1.65E-02    7.677E-03    1.27E-04
 L3 CONV. ELECTRON, GAMMA-RAY   1   1.27E-02    7.732E-03    9.81E-05
 M CONV. ELECTRON, GAMMA-RAY    1   2.90E-02    9.198E-03*   2.67E-04
 N+ CONV. ELECTRON, GAMMA-RAY   1   3.41E-03    9.405E-03*   3.21E-05
 GAMMA-RAY                      6   4.47E-01    5.204E-01    2.33E-01
 K CONV. ELECTRON, GAMMA-RAY    6   1.13E-03    5.061E-01    5.70E-04
 L1 CONV. ELECTRON, GAMMA-RAY   6   1.15E-04    5.185E-01    5.94E-05
 M CONV. ELECTRON, GAMMA-RAY    6   2.07E-05    5.202E-01*   1.07E-05
 GAMMA-RAY                      7   2.93E-01    5.296E-01    1.55E-01
 K CONV. ELECTRON, GAMMA-RAY    7   5.03E-04    5.153E-01    2.59E-04
 L1 CONV. ELECTRON, GAMMA-RAY   7   5.23E-05    5.277E-01    2.76E-05
 GAMMA-RAY                      8   1.60E-01    5.526E-01    8.82E-02
 K CONV. ELECTRON, GAMMA-RAY    8   1.09E-04    5.383E-01    5.87E-05
 GAMMA-RAY                     10   8.49E-04    6.490E-01    5.51E-04
 GAMMA-RAY                     12   6.57E-03    7.902E-01    5.19E-03
 GAMMA-RAY                     13   2.37E-03    7.994E-01    1.89E-03
 K -L2 X-RAY                        1.64E-01    1.255E-02    2.06E-03
 K -L3 X-RAY                        3.17E-01    1.261E-02    4.00E-03
 K -M3 X-RAY                        4.51E-02    1.407E-02    6.35E-04
 AUGER KLL                          2.34E-01    1.080E-02*   2.53E-03
 AUGER KLX                          7.44E-02    1.234E-02*   9.18E-04
 AUGER KXY                          5.83E-03    1.388E-02*   8.09E-05
 CK LLX                             3.47E-01    1.032E-04*   3.58E-05
 AUGER LMM                          1.19E+00    1.410E-03*   1.68E-03
 AUGER LMX                          8.67E-02    1.516E-03*   1.31E-04
 CK MMX                             1.39E+00    6.567E-05*   9.10E-05
 AUGER MNN                          3.51E+00    5.638E-05*   1.98E-04
 
 ALL LISTED X-RAYS, GAMMA-RAYS AND ANNIHILATION RADIATION    4.90E-01
 ALL NEGLECTED X-RAYS, GAMMA-RAYS AND ANNIH. RADIATION**     1.01E-03
 ALL LISTED BETAS, INTERNAL CONVERSION AND AUGER ELECTRONS   8.27E-03
 ALL NEGLECTED BETAS, INT. CONVERSION AND AUGER ELECTRONS**  3.65E-05
 ALL LISTED RADIATIONS                                       4.99E-01
 ALL NEGLECTED RADIATIONS**                                  1.05E-03
 
 *  AVERAGE ENERGY (MEV)
 ** EACH NEGLECTED TRANSITION CONTRIBUTES LESS THAN  0.100%
    TO THE TOTAL MEV/TRANSFORMATION FOR THIS CATEGORY.
 TOTAL FEEDING OF 0.041556 MEV ISOMERIC LEVEL IN  83-KRYPTON     
   DAUGHTER IS 7.4292E-01 PER TRANSFORMATION OF  83-RUBIDIUM.
   DECAY OF THIS 1.83 HOURS HALFLIFE LEVEL WILL CONTRIBUTE TO DOSE.
 TOTAL FEEDING OF GROUND STATE LEVEL IN 83-KRYPTON
   DAUGHTER IS 2.5708E-01 PER TRANSFORMATION OF  83-RUBIDIUM.
   THIS DAUGHTER GROUND STATE IS STABLE.
