 82M-RUBIDIUM-37         HALFLIFE = 6.472 HOURS   

  MODES OF DECAY: ELECTRON CAPTURE, BETA PLUS
 
                                    MEAN
                                    NUMBER/                  MEV/
                               ID   TRANSFOR-   ENERGY       TRANSFOR-
        TYPE OF RADIATION      NO.  MATION      (MEV)        MATION

 BETA PLUS                      2   1.50E-03    1.928E-01*   2.89E-04
 BETA PLUS                      4   3.84E-04    2.616E-01*   1.01E-04
 BETA PLUS                      5   5.57E-03    2.709E-01*   1.51E-03
 BETA PLUS                      7   1.83E-01    3.484E-01*   6.36E-02
 BETA PLUS                      8   3.94E-04    3.885E-01*   1.53E-04
 BETA PLUS                      9   1.63E-03    4.183E-01*   6.83E-04
 BETA PLUS                     10   5.29E-04    4.452E-01*   2.35E-04
 BETA PLUS                     11   3.36E-03    6.199E-01*   2.08E-03
 BETA PLUS                     12   1.15E-03    7.044E-01*   8.12E-04
 BETA PLUS                     13   3.84E-03    7.166E-01*   2.75E-03
 BETA PLUS                     14   8.65E-03    9.220E-01*   7.97E-03
 BETA PLUS                     15   5.77E-03    1.200E+00*   6.92E-03
 ANNIHILATION RADIATION             4.32E-01    5.110E-01    2.21E-01
 GAMMA-RAY                      5   2.13E-02    1.833E-01    3.90E-03
 GAMMA-RAY                      6   2.07E-02    2.215E-01    4.58E-03
 GAMMA-RAY                     10   1.27E-02    4.553E-01    5.76E-03
 GAMMA-RAY                     12   6.24E-01    5.544E-01    3.46E-01
 K CONV. ELECTRON, GAMMA-RAY   12   4.24E-04    5.401E-01    2.29E-04
 GAMMA-RAY                     13   1.33E-02    5.838E-01    7.78E-03
 GAMMA-RAY                     14   2.01E-02    6.064E-01    1.22E-02
 GAMMA-RAY                     15   3.80E-01    6.191E-01    2.35E-01
 K CONV. ELECTRON, GAMMA-RAY   15   4.49E-04    6.048E-01    2.72E-04
 GAMMA-RAY                     16   2.63E-01    6.984E-01    1.84E-01
 K CONV. ELECTRON, GAMMA-RAY   16   2.38E-04    6.841E-01    1.63E-04
 GAMMA-RAY                     21   8.44E-01    7.765E-01    6.55E-01
 K CONV. ELECTRON, GAMMA-RAY   21   6.05E-04    7.622E-01    4.61E-04
 GAMMA-RAY                     22   2.10E-01    8.278E-01    1.74E-01
 GAMMA-RAY                     24   6.41E-03    9.520E-01    6.11E-03
 GAMMA-RAY                     28   7.17E-02    1.008E+00    7.23E-02
 GAMMA-RAY                     29   3.21E-01    1.044E+00    3.35E-01
 K CONV. ELECTRON, GAMMA-RAY   29   1.23E-04    1.030E+00    1.26E-04
 GAMMA-RAY                     30   7.26E-03    1.073E+00    7.79E-03
 GAMMA-RAY                     31   1.31E-02    1.081E+00    1.41E-02
 GAMMA-RAY                     33   7.51E-03    1.100E+00    8.26E-03
 GAMMA-RAY                     35   2.87E-03    1.191E+00    3.42E-03
 GAMMA-RAY                     38   2.37E-01    1.317E+00    3.12E-01
 GAMMA-RAY                     39   5.23E-03    1.331E+00    6.96E-03
 GAMMA-RAY                     43   1.55E-01    1.475E+00    2.29E-01
 GAMMA-RAY                     48   1.18E-02    1.650E+00    1.95E-02
 GAMMA-RAY                     51   2.62E-03    1.780E+00    4.66E-03
 GAMMA-RAY                     64   3.04E-03    2.315E+00    7.03E-03
 K -L3 X-RAY                        2.52E-01    1.261E-02    3.17E-03
 AUGER KLL                          1.86E-01    1.080E-02*   2.01E-03
 AUGER KLX                          5.91E-02    1.234E-02*   7.29E-04
 AUGER LMM                          8.14E-01    1.407E-03*   1.15E-03
 AUGER MNN                          2.33E+00    5.629E-05*   1.31E-04
 
 ALL LISTED X-RAYS, GAMMA-RAYS AND ANNIHILATION RADIATION    2.88E+00
 ALL NEGLECTED X-RAYS, GAMMA-RAYS AND ANNIH. RADIATION**     4.23E-02
 ALL LISTED BETAS, INTERNAL CONVERSION AND AUGER ELECTRONS   9.24E-02
 ALL NEGLECTED BETAS, INT. CONVERSION AND AUGER ELECTRONS**  1.13E-03
 ALL LISTED RADIATIONS                                       2.97E+00
 ALL NEGLECTED RADIATIONS**                                  4.35E-02
 
 *  AVERAGE ENERGY (MEV)
 ** EACH NEGLECTED TRANSITION CONTRIBUTES LESS THAN  0.100%
    TO THE TOTAL MEV/TRANSFORMATION FOR THIS CATEGORY.
 TOTAL FEEDING OF GROUND STATE LEVEL IN 82-KRYPTON
   DAUGHTER IS 1.0000E+00  PER TRANSFORMATION OF  82M-RUBIDIUM.
   THIS DAUGHTER GROUND STATE IS STABLE.
