 103M-RHODIUM-45         HALFLIFE = 56.114 MINUTES 

  MODE OF DECAY: ISOMERIC LEVEL
 
                                    MEAN
                                    NUMBER/                  MEV/
                               ID   TRANSFOR-   ENERGY       TRANSFOR-
        TYPE OF RADIATION      NO.  MATION      (MEV)        MATION

 GAMMA-RAY                      1   6.84E-04    3.976E-02    2.72E-05
 K CONV. ELECTRON, GAMMA-RAY    1   9.10E-02    1.656E-02    1.51E-03
 L1 CONV. ELECTRON, GAMMA-RAY   1   5.39E-03    3.636E-02    1.96E-04
 L2 CONV. ELECTRON, GAMMA-RAY   1   2.99E-01    3.660E-02    1.09E-02
 L3 CONV. ELECTRON, GAMMA-RAY   1   4.21E-01    3.675E-02    1.55E-02
 M CONV. ELECTRON, GAMMA-RAY    1   1.50E-01    3.926E-02*   5.87E-03
 N+ CONV. ELECTRON, GAMMA-RAY   1   2.43E-02    3.976E-02*   9.67E-04
 K -L2 X-RAY                        2.12E-02    2.004E-02    4.26E-04
 K -L3 X-RAY                        4.02E-02    2.019E-02    8.12E-04
 K -M2 X-RAY                        3.42E-03    2.267E-02    7.75E-05
 K -M3 X-RAY                        6.65E-03    2.270E-02    1.51E-04
 K -N2 X-RAY                        6.80E-04    2.313E-02    1.57E-05
 K -N3 X-RAY                        1.31E-03    2.314E-02    3.04E-05
 L2-M1 X-RAY                        1.08E-03    2.536E-03    2.74E-06
 L2-M4 X-RAY                        1.33E-02    2.828E-03    3.77E-05
 L2-N4 X-RAY                        9.09E-04    3.141E-03    2.86E-06
 L3-M1 X-RAY                        2.89E-03    2.389E-03    6.89E-06
 L3-M4 X-RAY                        2.19E-03    2.681E-03    5.88E-06
 L3-M5 X-RAY                        1.95E-02    2.687E-03    5.23E-05
 L3-N5 X-RAY                        1.30E-03    2.995E-03    3.89E-06
 Free-Bound X-RAY                   6.87E+00    9.960E-06*   6.84E-05
 AUGER KLL                          1.22E-02    1.691E-02*   2.07E-04
 AUGER KLX                          4.79E-03    1.960E-02*   9.38E-05
 AUGER LMM                          6.48E-01    2.269E-03*   1.47E-03
 AUGER LMX                          1.20E-01    2.609E-03*   3.13E-04
 CK MMX                             6.87E-01    1.204E-04*   8.27E-05
 AUGER MNN                          1.62E+00    2.602E-04*   4.21E-04
 CK NNX                             2.71E+00    3.361E-05*   9.12E-05
 
 ALL LISTED X-RAYS, GAMMA-RAYS AND ANNIHILATION RADIATION    1.72E-03
 ALL NEGLECTED X-RAYS, GAMMA-RAYS AND ANNIH. RADIATION**     3.27E-06
 ALL LISTED BETAS, INTERNAL CONVERSION AND AUGER ELECTRONS   3.76E-02
 ALL NEGLECTED BETAS, INT. CONVERSION AND AUGER ELECTRONS**  3.78E-05
 ALL LISTED RADIATIONS                                       3.94E-02
 ALL NEGLECTED RADIATIONS**                                  4.10E-05
 
 *  AVERAGE ENERGY (MEV)
 ** EACH NEGLECTED TRANSITION CONTRIBUTES LESS THAN  0.100%
    TO THE TOTAL MEV/TRANSFORMATION FOR THIS CATEGORY.
 TOTAL FEEDING OF GROUND STATE LEVEL IN 103-RHODIUM
   DAUGHTER IS 1.0000E+00  PER TRANSFORMATION OF 103M-RHODIUM.
   THIS DAUGHTER GROUND STATE IS STABLE.
