 100-RHODIUM-45          HALFLIFE = 20.8 HOURS   

  MODES OF DECAY: ELECTRON CAPTURE, BETA PLUS
 
                                    MEAN
                                    NUMBER/                  MEV/
                               ID   TRANSFOR-   ENERGY       TRANSFOR-
        TYPE OF RADIATION      NO.  MATION      (MEV)        MATION

 BETA PLUS                      7   1.10E-03    5.517E-01*   6.06E-04
 BETA PLUS                      8   1.48E-03    6.555E-01*   9.69E-04
 BETA PLUS                      9   1.20E-02    9.242E-01*   1.11E-02
 BETA PLUS                     10   2.40E-02    1.174E+00*   2.81E-02
 ANNIHILATION RADIATION             7.75E-02    5.110E-01    3.96E-02
 GAMMA-RAY                     14   7.52E-03    3.703E-01    2.78E-03
 GAMMA-RAY                     21   1.20E-01    4.462E-01    5.34E-02
 K CONV. ELECTRON, GAMMA-RAY   21   6.75E-04    4.241E-01    2.86E-04
 GAMMA-RAY                     28   9.12E-03    5.189E-01    4.73E-03
 GAMMA-RAY                     30   8.06E-01    5.395E-01    4.35E-01
 K CONV. ELECTRON, GAMMA-RAY   30   3.03E-03    5.174E-01    1.57E-03
 L1 CONV. ELECTRON, GAMMA-RAY  30   3.24E-04    5.363E-01    1.74E-04
 GAMMA-RAY                     33   5.01E-02    5.883E-01    2.94E-02
 GAMMA-RAY                     34   1.09E-02    5.908E-01    6.43E-03
 GAMMA-RAY                     41   4.55E-03    6.517E-01    2.97E-03
 GAMMA-RAY                     42   5.53E-03    6.546E-01    3.62E-03
 GAMMA-RAY                     46   7.16E-03    6.870E-01    4.92E-03
 GAMMA-RAY                     51   9.05E-03    7.487E-01    6.78E-03
 GAMMA-RAY                     56   3.74E-03    8.165E-01    3.05E-03
 GAMMA-RAY                     57   2.11E-01    8.227E-01    1.74E-01
 K CONV. ELECTRON, GAMMA-RAY   57   2.62E-04    8.006E-01    2.09E-04
 GAMMA-RAY                     68   1.55E-02    1.035E+00    1.60E-02
 GAMMA-RAY                     69   1.36E-01    1.107E+00    1.50E-01
 GAMMA-RAY                     72   2.39E-03    1.155E+00    2.75E-03
 GAMMA-RAY                     83   3.47E-03    1.326E+00    4.60E-03
 GAMMA-RAY                     84   5.29E-02    1.342E+00    7.09E-02
 GAMMA-RAY                     86   1.54E-01    1.362E+00    2.10E-01
 K CONV. ELECTRON, GAMMA-RAY   86   6.19E-05    1.340E+00    8.30E-05
 GAMMA-RAY                     87   3.92E-03    1.387E+00    5.43E-03
 GAMMA-RAY                     90   2.07E-01    1.553E+00    3.21E-01
 GAMMA-RAY                     91   9.99E-03    1.560E+00    1.56E-02
 GAMMA-RAY                     94   1.64E-02    1.627E+00    2.66E-02
 GAMMA-RAY                     96   3.10E-03    1.701E+00    5.27E-03
 GAMMA-RAY                     97   1.69E-03    1.707E+00    2.89E-03
 GAMMA-RAY                     98   1.91E-03    1.710E+00    3.27E-03
 GAMMA-RAY                    101   2.20E-03    1.865E+00    4.10E-03
 GAMMA-RAY                    102   1.16E-01    1.930E+00    2.24E-01
 GAMMA-RAY                    105   2.62E-03    1.977E+00    5.18E-03
 GAMMA-RAY                    117   3.26E-01    2.376E+00    7.76E-01
 K CONV. ELECTRON, GAMMA-RAY  117   2.59E-05    2.354E+00    6.09E-05
 GAMMA-RAY                    118   1.47E-03    2.469E+00    3.62E-03
 GAMMA-RAY                    121   2.56E-02    2.530E+00    6.47E-02
 GAMMA-RAY                    125   2.32E-03    2.784E+00    6.46E-03
 K -L2 X-RAY                        1.91E-01    1.912E-02    3.66E-03
 K -L3 X-RAY                        3.63E-01    1.925E-02    6.99E-03
 AUGER KLL                          1.21E-01    1.616E-02*   1.95E-03
 AUGER KLX                          4.64E-02    1.870E-02*   8.68E-04
 AUGER KXY                          4.31E-03    2.124E-02*   9.15E-05
 AUGER LMM                          7.68E-01    2.159E-03*   1.66E-03
 AUGER LMX                          1.31E-01    2.468E-03*   3.23E-04
 CK MMX                             8.05E-01    1.142E-04*   9.19E-05
 AUGER MNN                          1.97E+00    2.319E-04*   4.57E-04
 CK NNX                             3.56E+00    3.145E-05*   1.12E-04
 
 ALL LISTED X-RAYS, GAMMA-RAYS AND ANNIHILATION RADIATION    2.69E+00
 ALL NEGLECTED X-RAYS, GAMMA-RAYS AND ANNIH. RADIATION**     4.76E-02
 ALL LISTED BETAS, INTERNAL CONVERSION AND AUGER ELECTRONS   4.87E-02
 ALL NEGLECTED BETAS, INT. CONVERSION AND AUGER ELECTRONS**  7.04E-04
 ALL LISTED RADIATIONS                                       2.74E+00
 ALL NEGLECTED RADIATIONS**                                  4.83E-02
 
 *  AVERAGE ENERGY (MEV)
 ** EACH NEGLECTED TRANSITION CONTRIBUTES LESS THAN  0.100%
    TO THE TOTAL MEV/TRANSFORMATION FOR THIS CATEGORY.
 TOTAL FEEDING OF GROUND STATE LEVEL IN 100-RUTHENIUM
   DAUGHTER IS 1.0000E+00 PER TRANSFORMATION OF 100-RHODIUM.
   THIS DAUGHTER GROUND STATE IS STABLE.
