 105-RHODIUM-45          HALFLIFE = 35.36 HOURS   

  MODE OF DECAY: BETA MINUS
 
                                    MEAN
                                    NUMBER/                  MEV/
                               ID   TRANSFOR-   ENERGY       TRANSFOR-
        TYPE OF RADIATION      NO.  MATION      (MEV)        MATION

 BETA MINUS                     2   1.97E-01    6.966E-02*   1.37E-02
 BETA MINUS                     3   5.20E-02    7.368E-02*   3.83E-03
 BETA MINUS                     4   7.50E-01    1.791E-01*   1.34E-01
 GAMMA-RAY                      2   1.66E-03    2.801E-01    4.65E-04
 GAMMA-RAY                      3   5.10E-02    3.061E-01    1.56E-02
 K CONV. ELECTRON, GAMMA-RAY    3   8.51E-04    2.818E-01    2.40E-04
 GAMMA-RAY                      4   1.91E-01    3.189E-01    6.09E-02
 K CONV. ELECTRON, GAMMA-RAY    4   2.88E-03    2.946E-01    8.49E-04
 GAMMA-RAY                      5   4.20E-04    4.428E-01    1.86E-04
 
 ALL LISTED X-RAYS, GAMMA-RAYS AND ANNIHILATION RADIATION    7.72E-02
 ALL NEGLECTED X-RAYS, GAMMA-RAYS AND ANNIH. RADIATION**     9.97E-05
 ALL LISTED BETAS, INTERNAL CONVERSION AND AUGER ELECTRONS   1.53E-01
 ALL NEGLECTED BETAS, INT. CONVERSION AND AUGER ELECTRONS**  2.56E-04
 ALL LISTED RADIATIONS                                       2.30E-01
 ALL NEGLECTED RADIATIONS**                                  3.56E-04
 
 *  AVERAGE ENERGY (MEV)
 ** EACH NEGLECTED TRANSITION CONTRIBUTES LESS THAN  0.100%
    TO THE TOTAL MEV/TRANSFORMATION FOR THIS CATEGORY.
 TOTAL FEEDING OF GROUND STATE LEVEL IN 105-PALLADIUM
   DAUGHTER IS 1.0000E+00 PER TRANSFORMATION OF 105-RHODIUM.
   THIS DAUGHTER GROUND STATE IS STABLE.
