 222-RADON-86            HALFLIFE = 3.8235 DAYS    

  MODE OF DECAY: ALPHA
 
                                    MEAN
                                    NUMBER/                  MEV/
                               ID   TRANSFOR-   ENERGY       TRANSFOR-
        TYPE OF RADIATION      NO.  MATION      (MEV)        MATION

 ALPHA                          3   9.99E-01    5.490E+00    5.49E+00
 RECOIL ATOM                        9.99E-01    1.008E-01    1.01E-01
 GAMMA-RAY                      1   7.60E-04    5.100E-01    3.88E-04
 K CONV. ELECTRON, GAMMA-RAY    1   1.63E-05    4.166E-01    6.80E-06
 L1 CONV. ELECTRON, GAMMA-RAY   1   2.48E-06    4.931E-01    1.22E-06
 L2 CONV. ELECTRON, GAMMA-RAY   1   2.19E-06    4.937E-01    1.08E-06
 L3 CONV. ELECTRON, GAMMA-RAY   1   7.65E-07    4.962E-01    3.79E-07
 M CONV. ELECTRON, GAMMA-RAY    1   1.37E-06    5.067E-01*   6.94E-07
 N+ CONV. ELECTRON, GAMMA-RAY   1   4.44E-07    5.100E-01*   2.27E-07
 K -L3 X-RAY                        7.70E-06    7.961E-02    6.13E-07
 AUGER KLL                          3.75E-07    6.188E-02*   2.32E-08
 AUGER KLX                          2.07E-07    7.462E-02*   1.55E-08
 AUGER LMM                          7.27E-06    8.524E-03*   6.20E-08
 AUGER LMX                          3.33E-06    1.108E-02*   3.68E-08
 AUGER MNN                          2.50E-05    2.017E-03*   5.05E-08
 
 ALL LISTED X-RAYS, GAMMA-RAYS AND ANNIHILATION RADIATION    3.88E-04
 ALL NEGLECTED X-RAYS, GAMMA-RAYS AND ANNIH. RADIATION**     7.75E-07
 ALL LISTED BETAS, INTERNAL CONVERSION AND AUGER ELECTRONS   1.06E-05
 ALL NEGLECTED BETAS, INT. CONVERSION AND AUGER ELECTRONS**  4.31E-08
 ALL LISTED ALPHA PARTICLES AND  RECOIL NUCLEI               5.59E+00
 ALL NEGLECTED ALPHA PARTICLES AND  RECOIL NUCLEI**          3.99E-03
 ALL LISTED RADIATIONS                                       5.59E+00
 ALL NEGLECTED RADIATIONS**                                  3.99E-03
 
 *  AVERAGE ENERGY (MEV)
 ** EACH NEGLECTED TRANSITION CONTRIBUTES LESS THAN  0.100%
    TO THE TOTAL MEV/TRANSFORMATION FOR THIS CATEGORY.
 TOTAL FEEDING OF GROUND STATE LEVEL IN 218-POLONIUM
   DAUGHTER IS 1.0000E+00 PER TRANSFORMATION OF 222-RADON.
   DECAY OF THIS 3.1 MINUTES HALFLIFE LEVEL WILL CONTRIBUTE TO DOSE.
