 219-RADON-86            HALFLIFE = 3.96 SECONDS 

  MODE OF DECAY: ALPHA
 
                                    MEAN
                                    NUMBER/                  MEV/
                               ID   TRANSFOR-   ENERGY       TRANSFOR-
        TYPE OF RADIATION      NO.  MATION      (MEV)        MATION

 ALPHA                         12   7.50E-02    6.425E+00    4.82E-01
 RECOIL ATOM                        7.50E-02    1.196E-01    8.97E-03
 ALPHA                         13   1.20E-03    6.531E+00    7.84E-03
 RECOIL ATOM                        1.20E-03    1.216E-01    1.46E-04
 ALPHA                         14   1.29E-01    6.553E+00    8.45E-01
 RECOIL ATOM                        1.29E-01    1.220E-01    1.57E-02
 ALPHA                         15   7.94E-01    6.819E+00    5.41E+00
 RECOIL ATOM                        7.94E-01    1.270E-01    1.01E-01
 GAMMA-RAY                      1   1.30E-03    1.306E-01    1.69E-04
 K CONV. ELECTRON, GAMMA-RAY    1   4.25E-03    3.718E-02    1.58E-04
 L1 CONV. ELECTRON, GAMMA-RAY   1   6.80E-04    1.137E-01    7.73E-05
 L2 CONV. ELECTRON, GAMMA-RAY   1   3.85E-04    1.143E-01    4.40E-05
 L3 CONV. ELECTRON, GAMMA-RAY   1   2.28E-04    1.168E-01    2.67E-05
 M CONV. ELECTRON, GAMMA-RAY    1   3.23E-04    1.273E-01*   4.12E-05
 N+ CONV. ELECTRON, GAMMA-RAY   1   1.05E-04    1.306E-01*   1.37E-05
 GAMMA-RAY                      2   3.02E-04    2.215E-01    6.70E-05
 GAMMA-RAY                      4   1.08E-01    2.712E-01    2.93E-02
 K CONV. ELECTRON, GAMMA-RAY    4   1.27E-02    1.778E-01    2.26E-03
 L1 CONV. ELECTRON, GAMMA-RAY   4   1.96E-03    2.543E-01    4.98E-04
 L2 CONV. ELECTRON, GAMMA-RAY   4   3.67E-03    2.549E-01    9.35E-04
 L3 CONV. ELECTRON, GAMMA-RAY   4   1.78E-03    2.574E-01    4.59E-04
 M CONV. ELECTRON, GAMMA-RAY    4   1.92E-03    2.679E-01*   5.15E-04
 N+ CONV. ELECTRON, GAMMA-RAY   4   6.19E-04    2.712E-01*   1.68E-04
 GAMMA-RAY                      5   7.34E-04    2.936E-01    2.16E-04
 K CONV. ELECTRON, GAMMA-RAY    5   2.09E-04    2.001E-01    4.19E-05
 L1 CONV. ELECTRON, GAMMA-RAY   5   3.30E-05    2.766E-01    9.12E-06
 GAMMA-RAY                     14   6.59E-02    4.018E-01    2.65E-02
 K CONV. ELECTRON, GAMMA-RAY   14   2.33E-03    3.084E-01    7.20E-04
 L1 CONV. ELECTRON, GAMMA-RAY  14   3.56E-04    3.849E-01    1.37E-04
 L2 CONV. ELECTRON, GAMMA-RAY  14   4.78E-04    3.855E-01    1.84E-04
 L3 CONV. ELECTRON, GAMMA-RAY  14   1.90E-04    3.880E-01    7.39E-05
 M CONV. ELECTRON, GAMMA-RAY   14   2.62E-04    3.985E-01*   1.05E-04
 N+ CONV. ELECTRON, GAMMA-RAY  14   8.48E-05    4.018E-01*   3.41E-05
 GAMMA-RAY                     17   3.02E-04    4.382E-01    1.33E-04
 GAMMA-RAY                     20   4.43E-04    5.176E-01    2.29E-04
 K CONV. ELECTRON, GAMMA-RAY   20   2.89E-05    4.242E-01    1.23E-05
 GAMMA-RAY                     28   1.73E-04    6.767E-01    1.17E-04
 K -L2 X-RAY                        5.54E-03    7.713E-02    4.27E-04
 K -L3 X-RAY                        9.23E-03    7.961E-02    7.34E-04
 K -M2 X-RAY                        1.04E-03    8.958E-02    9.28E-05
 K -M3 X-RAY                        2.01E-03    9.014E-02    1.81E-04
 AUGER KLL                          4.50E-04    6.188E-02*   2.78E-05
 AUGER KLX                          2.48E-04    7.462E-02*   1.85E-05
 AUGER LMM                          9.93E-03    8.558E-03*   8.50E-05
 AUGER LMX                          4.54E-03    1.111E-02*   5.05E-05
 AUGER MNN                          3.42E-02    2.019E-03*   6.91E-05
 AUGER MNX                          4.72E-03    2.314E-03*   1.09E-05
 CK NNX                             6.36E-02    1.749E-04*   1.11E-05
 AUGER NXY                          1.18E-01    9.724E-05*   1.15E-05
 
 ALL LISTED X-RAYS, GAMMA-RAYS AND ANNIHILATION RADIATION    5.81E-02
 ALL NEGLECTED X-RAYS, GAMMA-RAYS AND ANNIH. RADIATION**     4.66E-04
 ALL LISTED BETAS, INTERNAL CONVERSION AND AUGER ELECTRONS   6.80E-03
 ALL NEGLECTED BETAS, INT. CONVERSION AND AUGER ELECTRONS**  3.83E-05
 ALL LISTED ALPHA PARTICLES AND  RECOIL NUCLEI               6.87E+00
 ALL NEGLECTED ALPHA PARTICLES AND  RECOIL NUCLEI**          5.36E-03
 ALL LISTED RADIATIONS                                       6.94E+00
 ALL NEGLECTED RADIATIONS**                                  5.86E-03
 
 *  AVERAGE ENERGY (MEV)
 ** EACH NEGLECTED TRANSITION CONTRIBUTES LESS THAN  0.100%
    TO THE TOTAL MEV/TRANSFORMATION FOR THIS CATEGORY.
 TOTAL FEEDING OF GROUND STATE LEVEL IN 215-POLONIUM
   DAUGHTER IS 1.0000E+00 PER TRANSFORMATION OF 219-RADON.
   DECAY OF THIS 0.1781E-02 SECONDS HALFLIFE LEVEL WILL CONTRIBUTE TO DOS
   E.
