 220-RADON-86            HALFLIFE = 55.6 SECONDS 

  MODE OF DECAY: ALPHA
 
                                    MEAN
                                    NUMBER/                  MEV/
                               ID   TRANSFOR-   ENERGY       TRANSFOR-
        TYPE OF RADIATION      NO.  MATION      (MEV)        MATION

 ALPHA                          1   1.14E-03    5.748E+00    6.55E-03
 RECOIL ATOM                        1.14E-03    1.065E-01    1.21E-04
 ALPHA                          2   9.99E-01    6.288E+00    6.28E+00
 RECOIL ATOM                        9.99E-01    1.165E-01    1.16E-01
 GAMMA-RAY                      1   1.14E-03    5.497E-01    6.27E-04
 K CONV. ELECTRON, GAMMA-RAY    1   2.10E-05    4.563E-01    9.59E-06
 L1 CONV. ELECTRON, GAMMA-RAY   1   3.20E-06    5.328E-01    1.70E-06
 L2 CONV. ELECTRON, GAMMA-RAY   1   2.47E-06    5.334E-01    1.32E-06
 L3 CONV. ELECTRON, GAMMA-RAY   1   8.31E-07    5.359E-01    4.45E-07
 M CONV. ELECTRON, GAMMA-RAY    1   1.63E-06    5.464E-01*   8.89E-07
 N+ CONV. ELECTRON, GAMMA-RAY   1   5.29E-07    5.497E-01*   2.91E-07
 K -L3 X-RAY                        9.92E-06    7.961E-02    7.90E-07
 AUGER KLL                          4.83E-07    6.188E-02*   2.99E-08
 AUGER KLX                          2.67E-07    7.462E-02*   1.99E-08
 AUGER LMM                          9.18E-06    8.515E-03*   7.82E-08
 AUGER LMX                          4.20E-06    1.107E-02*   4.64E-08
 AUGER MNN                          3.16E-05    2.017E-03*   6.37E-08
 
 ALL LISTED X-RAYS, GAMMA-RAYS AND ANNIHILATION RADIATION    6.27E-04
 ALL NEGLECTED X-RAYS, GAMMA-RAYS AND ANNIH. RADIATION**     9.95E-07
 ALL LISTED BETAS, INTERNAL CONVERSION AND AUGER ELECTRONS   1.45E-05
 ALL NEGLECTED BETAS, INT. CONVERSION AND AUGER ELECTRONS**  5.44E-08
 ALL LISTED ALPHA PARTICLES AND  RECOIL NUCLEI               6.40E+00
 ALL LISTED RADIATIONS                                       6.40E+00
 ALL NEGLECTED RADIATIONS**                                  1.05E-06
 
 *  AVERAGE ENERGY (MEV)
 ** EACH NEGLECTED TRANSITION CONTRIBUTES LESS THAN  0.100%
    TO THE TOTAL MEV/TRANSFORMATION FOR THIS CATEGORY.
 TOTAL FEEDING OF GROUND STATE LEVEL IN 216-POLONIUM
   DAUGHTER IS 1.0000E+00 PER TRANSFORMATION OF 220-RADON.
   DECAY OF THIS 0.145 SECONDS HALFLIFE LEVEL WILL CONTRIBUTE TO DOSE.
