 103-RUTHENIUM-44        HALFLIFE = 39.26 DAYS    

  MODE OF DECAY: BETA MINUS
 
                                    MEAN
                                    NUMBER/                  MEV/
                               ID   TRANSFOR-   ENERGY       TRANSFOR-
        TYPE OF RADIATION      NO.  MATION      (MEV)        MATION

 BETA MINUS                     2   6.68E-02    2.997E-02*   2.00E-03
 BETA MINUS                     4   9.19E-01    6.329E-02*   5.82E-02
 BETA MINUS                     6   2.90E-03    1.439E-01*   4.18E-04
 BETA MINUS                     7   1.00E-02    2.549E-01*   2.55E-03
 K CONV. ELECTRON, GAMMA-RAY    3   8.15E-03    3.008E-02    2.45E-04
 GAMMA-RAY                      9   3.03E-03    2.950E-01    8.94E-04
 GAMMA-RAY                     13   3.45E-03    4.438E-01    1.53E-03
 GAMMA-RAY                     14   9.10E-01    4.971E-01    4.52E-01
 K CONV. ELECTRON, GAMMA-RAY   14   4.23E-03    4.739E-01    2.00E-03
 L1 CONV. ELECTRON, GAMMA-RAY  14   4.71E-04    4.937E-01    2.33E-04
 GAMMA-RAY                     16   8.68E-03    5.570E-01    4.84E-03
 GAMMA-RAY                     18   5.76E-02    6.103E-01    3.52E-02
 K CONV. ELECTRON, GAMMA-RAY   18   1.63E-04    5.871E-01    9.56E-05
 GAMMA-RAY                     19   1.07E-03    6.120E-01    6.57E-04
 
 ALL LISTED X-RAYS, GAMMA-RAYS AND ANNIHILATION RADIATION    4.95E-01
 ALL NEGLECTED X-RAYS, GAMMA-RAYS AND ANNIH. RADIATION**     7.42E-04
 ALL LISTED BETAS, INTERNAL CONVERSION AND AUGER ELECTRONS   6.57E-02
 ALL NEGLECTED BETAS, INT. CONVERSION AND AUGER ELECTRONS**  3.34E-04
 ALL LISTED RADIATIONS                                       5.61E-01
 ALL NEGLECTED RADIATIONS**                                  1.08E-03
 
 *  AVERAGE ENERGY (MEV)
 ** EACH NEGLECTED TRANSITION CONTRIBUTES LESS THAN  0.100%
    TO THE TOTAL MEV/TRANSFORMATION FOR THIS CATEGORY.
 TOTAL FEEDING OF 0.039759 MEV ISOMERIC LEVEL IN 103-RHODIUM     
   DAUGHTER IS 9.8755E-01 PER TRANSFORMATION OF 103-RUTHENIUM.
   DECAY OF THIS 56.114 MINUTES HALFLIFE LEVEL WILL CONTRIBUTE TO DOSE.
 TOTAL FEEDING OF GROUND STATE LEVEL IN 103-RHODIUM
   DAUGHTER IS 1.2453E-02 PER TRANSFORMATION OF 103-RUTHENIUM.
   THIS DAUGHTER GROUND STATE IS STABLE.
