 97-RUTHENIUM-44         HALFLIFE = 2.9 DAYS    

  MODE OF DECAY: ELECTRON CAPTURE
 
                                    MEAN
                                    NUMBER/                  MEV/
                               ID   TRANSFOR-   ENERGY       TRANSFOR-
        TYPE OF RADIATION      NO.  MATION      (MEV)        MATION

 K CONV. ELECTRON, GAMMA-RAY    2   7.09E-04    8.778E-02    6.22E-05
 GAMMA-RAY                      5   8.56E-01    2.157E-01    1.85E-01
 K CONV. ELECTRON, GAMMA-RAY    5   2.86E-02    1.947E-01    5.56E-03
 L1 CONV. ELECTRON, GAMMA-RAY   5   3.14E-03    2.127E-01    6.67E-04
 L2 CONV. ELECTRON, GAMMA-RAY   5   2.05E-04    2.129E-01    4.37E-05
 L3 CONV. ELECTRON, GAMMA-RAY   5   1.29E-04    2.130E-01    2.75E-05
 M CONV. ELECTRON, GAMMA-RAY    5   6.36E-04    2.153E-01*   1.37E-04
 N+ CONV. ELECTRON, GAMMA-RAY   5   1.21E-04    2.157E-01*   2.61E-05
 GAMMA-RAY                      6   1.08E-01    3.245E-01    3.50E-02
 K CONV. ELECTRON, GAMMA-RAY    6   1.83E-03    3.035E-01    5.57E-04
 L1 CONV. ELECTRON, GAMMA-RAY   6   1.90E-04    3.215E-01    6.10E-05
 M CONV. ELECTRON, GAMMA-RAY    6   4.41E-05    3.241E-01*   1.43E-05
 GAMMA-RAY                      7   1.21E-03    4.606E-01    5.56E-04
 GAMMA-RAY                     11   8.73E-03    5.693E-01    4.97E-03
 K CONV. ELECTRON, GAMMA-RAY   11   2.44E-05    5.483E-01    1.34E-05
 GAMMA-RAY                     13   6.16E-04    6.452E-01    3.98E-04
 GAMMA-RAY                     15   7.53E-04    7.540E-01    5.68E-04
 GAMMA-RAY                     16   7.19E-04    7.851E-01    5.64E-04
 GAMMA-RAY                     18   4.28E-04    8.554E-01    3.66E-04
 K -L2 X-RAY                        2.02E-01    1.821E-02    3.68E-03
 K -L3 X-RAY                        3.85E-01    1.833E-02    7.05E-03
 K -M2 X-RAY                        3.18E-02    2.057E-02    6.54E-04
 K -M3 X-RAY                        6.19E-02    2.059E-02    1.27E-03
 K -N3 X-RAY                        1.18E-02    2.097E-02    2.47E-04
 AUGER KLL                          1.40E-01    1.542E-02*   2.16E-03
 AUGER KLX                          5.29E-02    1.782E-02*   9.43E-04
 AUGER KXY                          4.82E-03    2.023E-02*   9.75E-05
 CK LLX                             2.03E-01    1.067E-04*   2.16E-05
 AUGER LMM                          8.51E-01    2.054E-03*   1.75E-03
 AUGER LMX                          1.33E-01    2.333E-03*   3.09E-04
 AUGER LXY                          5.98E-03    2.642E-03*   1.58E-05
 CK MMX                             8.90E-01    1.102E-04*   9.81E-05
 AUGER MNN                          2.16E+00    2.039E-04*   4.40E-04
 CK NNX                             4.27E+00    2.940E-05*   1.25E-04
 
 ALL LISTED X-RAYS, GAMMA-RAYS AND ANNIHILATION RADIATION    2.40E-01
 ALL NEGLECTED X-RAYS, GAMMA-RAYS AND ANNIH. RADIATION**     8.01E-04
 ALL LISTED BETAS, INTERNAL CONVERSION AND AUGER ELECTRONS   1.31E-02
 ALL NEGLECTED BETAS, INT. CONVERSION AND AUGER ELECTRONS**  5.04E-05
 ALL LISTED RADIATIONS                                       2.53E-01
 ALL NEGLECTED RADIATIONS**                                  8.52E-04
 
 *  AVERAGE ENERGY (MEV)
 ** EACH NEGLECTED TRANSITION CONTRIBUTES LESS THAN  0.100%
    TO THE TOTAL MEV/TRANSFORMATION FOR THIS CATEGORY.
 TOTAL FEEDING OF 0.096500 MEV ISOMERIC LEVEL IN  97-TECHNETIUM  
   DAUGHTER IS 4.2179E-04 PER TRANSFORMATION OF  97-RUTHENIUM.
   DECAY OF THIS 90.1 DAYS HALFLIFE LEVEL WILL CONTRIBUTE TO DOSE.
 TOTAL FEEDING OF GROUND STATE LEVEL IN 97-TECHNETIUM
   DAUGHTER IS 9.9958E-01 PER TRANSFORMATION OF  97-RUTHENIUM.
   DECAY OF THIS 0.26E+07 YEARS HALFLIFE LEVEL WILL CONTRIBUTE TO DOSE.
