 118M-ANTIMONY-51        HALFLIFE = 5 HOURS   

  MODES OF DECAY: ELECTRON CAPTURE, BETA PLUS
 
                                    MEAN
                                    NUMBER/                  MEV/
                               ID   TRANSFOR-   ENERGY       TRANSFOR-
        TYPE OF RADIATION      NO.  MATION      (MEV)        MATION

 BETA PLUS                      1   1.60E-03    1.468E-01*   2.35E-04
 GAMMA-RAY                      1   3.04E-01    4.080E-02    1.24E-02
 K CONV. ELECTRON, GAMMA-RAY    1   5.64E-01    1.162E-02    6.55E-03
 L1 CONV. ELECTRON, GAMMA-RAY   1   5.07E-02    3.636E-02    1.84E-03
 L2 CONV. ELECTRON, GAMMA-RAY   1   1.22E-02    3.664E-02    4.48E-04
 L3 CONV. ELECTRON, GAMMA-RAY   1   1.88E-02    3.687E-02    6.95E-04
 M CONV. ELECTRON, GAMMA-RAY    1   1.60E-02    4.009E-02*   6.40E-04
 N+ CONV. ELECTRON, GAMMA-RAY   1   3.36E-03    4.080E-02*   1.37E-04
 GAMMA-RAY                      2   9.89E-01    2.537E-01    2.51E-01
 K CONV. ELECTRON, GAMMA-RAY    2   5.10E-02    2.245E-01    1.14E-02
 L1 CONV. ELECTRON, GAMMA-RAY   2   5.32E-03    2.492E-01    1.33E-03
 L2 CONV. ELECTRON, GAMMA-RAY   2   1.62E-03    2.495E-01    4.03E-04
 L3 CONV. ELECTRON, GAMMA-RAY   2   1.49E-03    2.498E-01    3.72E-04
 M CONV. ELECTRON, GAMMA-RAY    2   1.69E-03    2.530E-01*   4.27E-04
 N+ CONV. ELECTRON, GAMMA-RAY   2   3.60E-04    2.537E-01*   9.13E-05
 GAMMA-RAY                      3   1.50E-02    9.840E-01    1.47E-02
 GAMMA-RAY                      4   9.69E-01    1.051E+00    1.02E+00
 K CONV. ELECTRON, GAMMA-RAY    4   9.74E-04    1.022E+00    9.95E-04
 L1 CONV. ELECTRON, GAMMA-RAY   4   1.10E-04    1.046E+00    1.16E-04
 GAMMA-RAY                      5   3.60E-02    1.092E+00    3.93E-02
 K CONV. ELECTRON, GAMMA-RAY    5   6.74E-05    1.062E+00    7.16E-05
 GAMMA-RAY                      6   9.99E-01    1.230E+00    1.23E+00
 K CONV. ELECTRON, GAMMA-RAY    6   7.22E-04    1.200E+00    8.67E-04
 L1 CONV. ELECTRON, GAMMA-RAY   6   8.17E-05    1.225E+00    1.00E-04
 GAMMA-RAY                      7   5.00E-03    1.303E+00    6.51E-03
 GAMMA-RAY                      8   5.00E-03    1.481E+00    7.40E-03
 K -L2 X-RAY                        3.65E-01    2.502E-02    9.14E-03
 K -L3 X-RAY                        6.83E-01    2.526E-02    1.73E-02
 K -M3 X-RAY                        1.20E-01    2.847E-02    3.41E-03
 AUGER KLL                          1.38E-01    2.093E-02*   2.88E-03
 AUGER KLX                          5.87E-02    2.442E-02*   1.43E-03
 AUGER KXY                          5.99E-03    2.790E-02*   1.67E-04
 CK LLX                             2.21E-01    2.686E-04*   5.92E-05
 AUGER LMM                          1.15E+00    2.846E-03*   3.28E-03
 AUGER LMX                          2.97E-01    3.363E-03*   9.99E-04
 AUGER LXY                          1.97E-02    3.899E-03*   7.68E-05
 CK MMX                             1.29E+00    1.241E-04*   1.60E-04
 AUGER MNN                          2.92E+00    3.962E-04*   1.16E-03
 CK NNX                             3.99E+00    3.037E-05*   1.21E-04
 AUGER NXY                          1.16E+01    1.133E-05*   1.32E-04
 
 ALL LISTED X-RAYS, GAMMA-RAYS AND ANNIHILATION RADIATION    2.61E+00
 ALL NEGLECTED X-RAYS, GAMMA-RAYS AND ANNIH. RADIATION**     5.44E-03
 ALL LISTED BETAS, INTERNAL CONVERSION AND AUGER ELECTRONS   3.72E-02
 ALL NEGLECTED BETAS, INT. CONVERSION AND AUGER ELECTRONS**  1.40E-04
 ALL LISTED RADIATIONS                                       2.64E+00
 ALL NEGLECTED RADIATIONS**                                  5.58E-03
 
 *  AVERAGE ENERGY (MEV)
 ** EACH NEGLECTED TRANSITION CONTRIBUTES LESS THAN  0.100%
    TO THE TOTAL MEV/TRANSFORMATION FOR THIS CATEGORY.
 TOTAL FEEDING OF GROUND STATE LEVEL IN 118-TIN
   DAUGHTER IS 1.0000E+00  PER TRANSFORMATION OF 118M-ANTIMONY.
   THIS DAUGHTER GROUND STATE IS STABLE.
