 119-ANTIMONY-51         HALFLIFE = 38.19 HOURS   

  MODE OF DECAY: ELECTRON CAPTURE
 
                                    MEAN
                                    NUMBER/                  MEV/
                               ID   TRANSFOR-   ENERGY       TRANSFOR-
        TYPE OF RADIATION      NO.  MATION      (MEV)        MATION

 GAMMA-RAY                      1   1.60E-01    2.387E-02    3.83E-03
 L1 CONV. ELECTRON, GAMMA-RAY   1   6.12E-01    1.943E-02    1.19E-02
 L2 CONV. ELECTRON, GAMMA-RAY   1   5.07E-02    1.971E-02    1.00E-03
 L3 CONV. ELECTRON, GAMMA-RAY   1   1.42E-02    1.994E-02    2.83E-04
 M CONV. ELECTRON, GAMMA-RAY    1   1.33E-01    2.316E-02*   3.09E-03
 N+ CONV. ELECTRON, GAMMA-RAY   1   3.00E-02    2.387E-02*   7.15E-04
 K -L2 X-RAY                        2.11E-01    2.502E-02    5.28E-03
 K -L3 X-RAY                        3.95E-01    2.526E-02    9.97E-03
 K -M2 X-RAY                        3.56E-02    2.843E-02    1.01E-03
 K -M3 X-RAY                        6.91E-02    2.847E-02    1.97E-03
 K -N2 X-RAY                        7.30E-03    2.908E-02    2.12E-04
 K -N3 X-RAY                        1.42E-02    2.909E-02    4.14E-04
 L1-M2 X-RAY                        8.55E-03    3.687E-03    3.15E-05
 L1-M3 X-RAY                        1.39E-02    3.730E-03    5.19E-05
 L2-M4 X-RAY                        2.69E-02    3.657E-03    9.83E-05
 L3-M5 X-RAY                        4.23E-02    3.432E-03    1.45E-04
 Free-Bound X-RAY                   2.55E+01    1.086E-05*   2.77E-04
 AUGER KLL                          7.95E-02    2.093E-02*   1.66E-03
 AUGER KLX                          3.39E-02    2.442E-02*   8.27E-04
 AUGER KXY                          3.46E-03    2.790E-02*   9.65E-05
 CK LLX                             4.81E-01    3.094E-04*   1.49E-04
 AUGER LMM                          1.16E+00    2.900E-03*   3.35E-03
 AUGER LMX                          3.01E-01    3.425E-03*   1.03E-03
 AUGER LXY                          2.02E-02    3.972E-03*   8.01E-05
 CK MMX                             1.49E+00    1.212E-04*   1.81E-04
 AUGER MNN                          2.94E+00    3.990E-04*   1.17E-03
 AUGER MNX                          6.86E-02    4.803E-04*   3.30E-05
 CK NNX                             4.50E+00    3.018E-05*   1.36E-04
 AUGER NXY                          1.26E+01    1.136E-05*   1.43E-04
 
 ALL LISTED X-RAYS, GAMMA-RAYS AND ANNIHILATION RADIATION    2.33E-02
 ALL NEGLECTED X-RAYS, GAMMA-RAYS AND ANNIH. RADIATION**     1.34E-04
 ALL LISTED BETAS, INTERNAL CONVERSION AND AUGER ELECTRONS   2.58E-02
 ALL NEGLECTED BETAS, INT. CONVERSION AND AUGER ELECTRONS**  9.31E-08
 ALL LISTED RADIATIONS                                       4.91E-02
 ALL NEGLECTED RADIATIONS**                                  1.34E-04
 
 *  AVERAGE ENERGY (MEV)
 ** EACH NEGLECTED TRANSITION CONTRIBUTES LESS THAN  0.100%
    TO THE TOTAL MEV/TRANSFORMATION FOR THIS CATEGORY.
 TOTAL FEEDING OF GROUND STATE LEVEL IN 119-TIN
   DAUGHTER IS 1.0000E+00 PER TRANSFORMATION OF 119-ANTIMONY.
   THIS DAUGHTER GROUND STATE IS STABLE.
