 118-ANTIMONY-51         HALFLIFE = 3.6 MINUTES 

  MODES OF DECAY: ELECTRON CAPTURE, BETA PLUS
 
                                    MEAN
                                    NUMBER/                  MEV/
                               ID   TRANSFOR-   ENERGY       TRANSFOR-
        TYPE OF RADIATION      NO.  MATION      (MEV)        MATION

 BETA PLUS                      5   2.40E-03    6.276E-01*   1.51E-03
 BETA PLUS                      6   7.32E-01    1.188E+00*   8.70E-01
 ANNIHILATION RADIATION             1.47E+00    5.110E-01    7.51E-01
 GAMMA-RAY                      2   4.78E-03    5.287E-01    2.52E-03
 GAMMA-RAY                      4   4.00E-03    8.273E-01    3.31E-03
 GAMMA-RAY                      5   8.00E-04    1.099E+00    8.79E-04
 GAMMA-RAY                      7   2.50E-02    1.229E+00    3.07E-02
 GAMMA-RAY                      8   5.18E-03    1.267E+00    6.56E-03
 GAMMA-RAY                     10   7.75E-04    1.700E+00    1.32E-03
 GAMMA-RAY                     12   4.50E-04    1.907E+00    8.58E-04
 K -L2 X-RAY                        5.66E-02    2.502E-02    1.42E-03
 K -L3 X-RAY                        1.06E-01    2.526E-02    2.68E-03
 
 ALL LISTED X-RAYS, GAMMA-RAYS AND ANNIHILATION RADIATION    8.01E-01
 ALL NEGLECTED X-RAYS, GAMMA-RAYS AND ANNIH. RADIATION**     2.82E-03
 ALL LISTED BETAS, INTERNAL CONVERSION AND AUGER ELECTRONS   8.71E-01
 ALL NEGLECTED BETAS, INT. CONVERSION AND AUGER ELECTRONS**  1.85E-03
 ALL LISTED RADIATIONS                                       1.67E+00
 ALL NEGLECTED RADIATIONS**                                  4.67E-03
 
 *  AVERAGE ENERGY (MEV)
 ** EACH NEGLECTED TRANSITION CONTRIBUTES LESS THAN  0.100%
    TO THE TOTAL MEV/TRANSFORMATION FOR THIS CATEGORY.
 TOTAL FEEDING OF GROUND STATE LEVEL IN 118-TIN
   DAUGHTER IS 1.0000E+00 PER TRANSFORMATION OF 118-ANTIMONY.
   THIS DAUGHTER GROUND STATE IS STABLE.
