 49-SCANDIUM-21          HALFLIFE = 57.2 MINUTES 

  MODE OF DECAY: BETA MINUS
 
                                    MEAN
                                    NUMBER/                  MEV/
                               ID   TRANSFOR-   ENERGY       TRANSFOR-
        TYPE OF RADIATION      NO.  MATION      (MEV)        MATION

 BETA MINUS                     3   9.99E-01    8.182E-01*   8.18E-01
 GAMMA-RAY                      1   1.00E-04    1.623E+00    1.62E-04
 GAMMA-RAY                      2   5.00E-04    1.762E+00    8.81E-04
 
 ALL LISTED X-RAYS, GAMMA-RAYS AND ANNIHILATION RADIATION    1.04E-03
 ALL NEGLECTED X-RAYS, GAMMA-RAYS AND ANNIH. RADIATION**     1.87E-11
 ALL LISTED BETAS, INTERNAL CONVERSION AND AUGER ELECTRONS   8.18E-01
 ALL NEGLECTED BETAS, INT. CONVERSION AND AUGER ELECTRONS**  4.60E-05
 ALL LISTED RADIATIONS                                       8.19E-01
 ALL NEGLECTED RADIATIONS**                                  4.60E-05
 
 *  AVERAGE ENERGY (MEV)
 ** EACH NEGLECTED TRANSITION CONTRIBUTES LESS THAN  0.100%
    TO THE TOTAL MEV/TRANSFORMATION FOR THIS CATEGORY.
 TOTAL FEEDING OF GROUND STATE LEVEL IN 49-TITANIUM
   DAUGHTER IS 1.0000E+00 PER TRANSFORMATION OF  49-SCANDIUM.
   THIS DAUGHTER GROUND STATE IS STABLE.
