 47-SCANDIUM-21          HALFLIFE = 3.3492 DAYS    

  MODE OF DECAY: BETA MINUS
 
                                    MEAN
                                    NUMBER/                  MEV/
                               ID   TRANSFOR-   ENERGY       TRANSFOR-
        TYPE OF RADIATION      NO.  MATION      (MEV)        MATION

 BETA MINUS                     1   6.84E-01    1.426E-01*   9.75E-02
 BETA MINUS                     2   3.16E-01    2.039E-01*   6.44E-02
 GAMMA-RAY                      1   6.83E-01    1.594E-01    1.09E-01
 K CONV. ELECTRON, GAMMA-RAY    1   2.81E-03    1.544E-01    4.35E-04
 
 ALL LISTED X-RAYS, GAMMA-RAYS AND ANNIHILATION RADIATION    1.09E-01
 ALL NEGLECTED X-RAYS, GAMMA-RAYS AND ANNIH. RADIATION**     2.90E-06
 ALL LISTED BETAS, INTERNAL CONVERSION AND AUGER ELECTRONS   1.62E-01
 ALL NEGLECTED BETAS, INT. CONVERSION AND AUGER ELECTRONS**  5.23E-05
 ALL LISTED RADIATIONS                                       2.71E-01
 ALL NEGLECTED RADIATIONS**                                  5.52E-05
 
 *  AVERAGE ENERGY (MEV)
 ** EACH NEGLECTED TRANSITION CONTRIBUTES LESS THAN  0.100%
    TO THE TOTAL MEV/TRANSFORMATION FOR THIS CATEGORY.
 TOTAL FEEDING OF GROUND STATE LEVEL IN 47-TITANIUM
   DAUGHTER IS 1.0000E+00 PER TRANSFORMATION OF  47-SCANDIUM.
   THIS DAUGHTER GROUND STATE IS STABLE.
