 46-SCANDIUM-21          HALFLIFE = 83.79 DAYS    

  MODE OF DECAY: BETA MINUS
 
                                    MEAN
                                    NUMBER/                  MEV/
                               ID   TRANSFOR-   ENERGY       TRANSFOR-
        TYPE OF RADIATION      NO.  MATION      (MEV)        MATION

 BETA MINUS                     1   1.00E+00    1.118E-01*   1.12E-01
 GAMMA-RAY                      1   1.00E+00    8.893E-01    8.89E-01
 K CONV. ELECTRON, GAMMA-RAY    1   1.49E-04    8.843E-01    1.32E-04
 GAMMA-RAY                      2   1.00E+00    1.121E+00    1.12E+00
 
 ALL LISTED X-RAYS, GAMMA-RAYS AND ANNIHILATION RADIATION    2.01E+00
 ALL NEGLECTED X-RAYS, GAMMA-RAYS AND ANNIH. RADIATION**     5.02E-07
 ALL LISTED BETAS, INTERNAL CONVERSION AND AUGER ELECTRONS   1.12E-01
 ALL NEGLECTED BETAS, INT. CONVERSION AND AUGER ELECTRONS**  1.37E-04
 ALL LISTED RADIATIONS                                       2.12E+00
 ALL NEGLECTED RADIATIONS**                                  1.38E-04
 
 *  AVERAGE ENERGY (MEV)
 ** EACH NEGLECTED TRANSITION CONTRIBUTES LESS THAN  0.100%
    TO THE TOTAL MEV/TRANSFORMATION FOR THIS CATEGORY.
 TOTAL FEEDING OF GROUND STATE LEVEL IN 46-TITANIUM
   DAUGHTER IS 1.0000E+00 PER TRANSFORMATION OF  46-SCANDIUM.
   THIS DAUGHTER GROUND STATE IS STABLE.
