 72-SELENIUM-34          HALFLIFE = 8.4 DAYS    

  MODE OF DECAY: ELECTRON CAPTURE
 
                                    MEAN
                                    NUMBER/                  MEV/
                               ID   TRANSFOR-   ENERGY       TRANSFOR-
        TYPE OF RADIATION      NO.  MATION      (MEV)        MATION

 GAMMA-RAY                      1   5.80E-01    4.600E-02    2.67E-02
 K CONV. ELECTRON, GAMMA-RAY    1   3.84E-01    3.417E-02    1.31E-02
 L1 CONV. ELECTRON, GAMMA-RAY   1   3.40E-02    4.448E-02    1.51E-03
 L2 CONV. ELECTRON, GAMMA-RAY   1   2.85E-03    4.463E-02    1.27E-04
 L3 CONV. ELECTRON, GAMMA-RAY   1   4.90E-03    4.467E-02    2.19E-04
 M CONV. ELECTRON, GAMMA-RAY    1   6.46E-03    4.586E-02*   2.96E-04
 N+ CONV. ELECTRON, GAMMA-RAY   1   5.93E-04    4.600E-02*   2.73E-05
 K -L2 X-RAY                        2.10E-01    1.046E-02    2.19E-03
 K -L3 X-RAY                        4.06E-01    1.050E-02    4.26E-03
 K -M2 X-RAY                        2.77E-02    1.168E-02    3.24E-04
 K -M3 X-RAY                        5.41E-02    1.169E-02    6.33E-04
 Free-Bound X-RAY                   1.13E+01    1.421E-05*   1.61E-04
 AUGER KLL                          4.26E-01    9.066E-03*   3.86E-03
 AUGER KLX                          1.21E-01    1.030E-02*   1.25E-03
 AUGER KXY                          8.95E-03    1.154E-02*   1.03E-04
 CK LLX                             3.26E-01    9.858E-05*   3.21E-05
 AUGER LMM                          1.65E+00    1.156E-03*   1.91E-03
 AUGER LMX                          5.85E-02    1.223E-03*   7.16E-05
 CK MMX                             1.97E+00    5.246E-05*   1.03E-04
 AUGER MNN                          5.35E+00    2.233E-05*   1.19E-04
 
 ALL LISTED X-RAYS, GAMMA-RAYS AND ANNIHILATION RADIATION    3.43E-02
 ALL NEGLECTED X-RAYS, GAMMA-RAYS AND ANNIH. RADIATION**     6.47E-05
 ALL LISTED BETAS, INTERNAL CONVERSION AND AUGER ELECTRONS   2.28E-02
 ALL NEGLECTED BETAS, INT. CONVERSION AND AUGER ELECTRONS**  9.94E-07
 ALL LISTED RADIATIONS                                       5.70E-02
 ALL NEGLECTED RADIATIONS**                                  6.57E-05
 
 *  AVERAGE ENERGY (MEV)
 ** EACH NEGLECTED TRANSITION CONTRIBUTES LESS THAN  0.100%
    TO THE TOTAL MEV/TRANSFORMATION FOR THIS CATEGORY.
 TOTAL FEEDING OF GROUND STATE LEVEL IN 72-ARSENIC
   DAUGHTER IS 1.0000E+00 PER TRANSFORMATION OF  72-SELENIUM.
   DECAY OF THIS 26 HOURS HALFLIFE LEVEL WILL CONTRIBUTE TO DOSE.
