 73-SELENIUM-34          HALFLIFE = 7.15 HOURS   

  MODES OF DECAY: ELECTRON CAPTURE, BETA PLUS
 
                                    MEAN
                                    NUMBER/                  MEV/
                               ID   TRANSFOR-   ENERGY       TRANSFOR-
        TYPE OF RADIATION      NO.  MATION      (MEV)        MATION

 BETA PLUS                      7   6.47E-01    5.620E-01*   3.64E-01
 BETA PLUS                      8   6.40E-03    7.514E-01*   4.81E-03
 ANNIHILATION RADIATION             1.31E+00    5.110E-01    6.68E-01
 GAMMA-RAY                      1   6.98E-01    6.707E-02    4.68E-02
 K CONV. ELECTRON, GAMMA-RAY    1   1.73E-01    5.524E-02    9.55E-03
 L1 CONV. ELECTRON, GAMMA-RAY   1   1.78E-02    6.555E-02    1.16E-03
 GAMMA-RAY                      2   9.70E-01    3.612E-01    3.50E-01
 K CONV. ELECTRON, GAMMA-RAY    2   1.14E-02    3.494E-01    3.98E-03
 L1 CONV. ELECTRON, GAMMA-RAY   2   1.19E-03    3.597E-01    4.29E-04
 GAMMA-RAY                      5   2.66E-03    5.100E-01    1.36E-03
 GAMMA-RAY                     19   5.24E-03    8.651E-01    4.53E-03
 GAMMA-RAY                     22   1.35E-03    9.007E-01    1.21E-03
 GAMMA-RAY                     31   2.01E-03    1.111E+00    2.23E-03
 GAMMA-RAY                     44   1.36E-03    1.423E+00    1.93E-03
 K -L3 X-RAY                        1.58E-01    1.050E-02    1.66E-03
 AUGER KLL                          1.66E-01    9.066E-03*   1.50E-03
 AUGER KLX                          4.71E-02    1.030E-02*   4.85E-04
 AUGER LMM                          6.40E-01    1.156E-03*   7.40E-04
 
 ALL LISTED X-RAYS, GAMMA-RAYS AND ANNIHILATION RADIATION    1.08E+00
 ALL NEGLECTED X-RAYS, GAMMA-RAYS AND ANNIH. RADIATION**     1.38E-02
 ALL LISTED BETAS, INTERNAL CONVERSION AND AUGER ELECTRONS   3.86E-01
 ALL NEGLECTED BETAS, INT. CONVERSION AND AUGER ELECTRONS**  6.91E-04
 ALL LISTED RADIATIONS                                       1.46E+00
 ALL NEGLECTED RADIATIONS**                                  1.45E-02
 
 *  AVERAGE ENERGY (MEV)
 ** EACH NEGLECTED TRANSITION CONTRIBUTES LESS THAN  0.100%
    TO THE TOTAL MEV/TRANSFORMATION FOR THIS CATEGORY.
 TOTAL FEEDING OF GROUND STATE LEVEL IN 73-ARSENIC
   DAUGHTER IS 1.0000E+00 PER TRANSFORMATION OF  73-SELENIUM.
   DECAY OF THIS 80.3 DAYS HALFLIFE LEVEL WILL CONTRIBUTE TO DOSE.
