 73M-SELENIUM-34         HALFLIFE = 39.8 MINUTES 

  MODES OF DECAY: ISOMERIC LEVEL, ELECTRON CAPTURE, BETA PLUS
 
                                    MEAN
                                    NUMBER/                  MEV/
                               ID   TRANSFOR-   ENERGY       TRANSFOR-
        TYPE OF RADIATION      NO.  MATION      (MEV)        MATION

 K CONV. ELECTRON, GAMMA-RAY    1   1.37E-01    1.309E-02    1.80E-03
 L1 CONV. ELECTRON, GAMMA-RAY   1   8.82E-03    2.407E-02    2.12E-04
 L2 CONV. ELECTRON, GAMMA-RAY   1   1.88E-01    2.423E-02    4.55E-03
 L3 CONV. ELECTRON, GAMMA-RAY   1   3.04E-01    2.427E-02    7.38E-03
 M CONV. ELECTRON, GAMMA-RAY    1   8.22E-02    2.555E-02*   2.10E-03
 K -L2 X-RAY                        2.40E-02    1.114E-02    2.67E-04
 K -L3 X-RAY                        4.64E-02    1.118E-02    5.19E-04
 AUGER KLL                          4.32E-02    9.627E-03*   4.16E-04
 AUGER LMM                          6.29E-01    1.235E-03*   7.76E-04
 BETA PLUS                      5   1.40E-03    2.882E-01*   4.03E-04
 BETA PLUS                      6   1.01E-03    3.866E-01*   3.90E-04
 BETA PLUS                      7   1.07E-03    4.219E-01*   4.51E-04
 BETA PLUS                      8   9.89E-03    4.722E-01*   4.67E-03
 BETA PLUS                      9   5.79E-03    5.066E-01*   2.94E-03
 BETA PLUS                     10   8.09E-03    5.081E-01*   4.11E-03
 BETA PLUS                     11   9.09E-04    5.368E-01*   4.88E-04
 BETA PLUS                     12   8.49E-03    5.889E-01*   5.00E-03
 BETA PLUS                     13   4.99E-04    6.517E-01*   3.25E-04
 BETA PLUS                     14   1.26E-02    7.287E-01*   9.17E-03
 BETA PLUS                     15   2.50E-02    7.365E-01*   1.84E-02
 BETA PLUS                     16   1.29E-01    7.671E-01*   9.88E-02
 ANNIHILATION RADIATION             4.08E-01    5.110E-01    2.09E-01
 GAMMA-RAY                      1   2.59E-02    6.707E-02    1.74E-03
 K CONV. ELECTRON, GAMMA-RAY    1   6.42E-03    5.524E-02    3.54E-04
 GAMMA-RAY                      2   2.03E-02    8.400E-02    1.70E-03
 K CONV. ELECTRON, GAMMA-RAY    2   2.64E-03    7.217E-02    1.91E-04
 GAMMA-RAY                      5   4.57E-03    1.811E-01    8.28E-04
 GAMMA-RAY                      6   2.36E-02    2.537E-01    5.98E-03
 GAMMA-RAY                      7   1.68E-03    2.620E-01    4.40E-04
 GAMMA-RAY                      8   1.65E-03    3.093E-01    5.10E-04
 GAMMA-RAY                      9   8.15E-03    3.205E-01    2.61E-03
 GAMMA-RAY                     10   1.63E-02    3.934E-01    6.40E-03
 GAMMA-RAY                     11   1.25E-02    4.015E-01    5.01E-03
 GAMMA-RAY                     13   1.32E-03    4.902E-01    6.49E-04
 GAMMA-RAY                     14   1.39E-03    5.100E-01    7.09E-04
 GAMMA-RAY                     15   2.42E-03    5.710E-01    1.38E-03
 GAMMA-RAY                     16   9.92E-03    5.776E-01    5.73E-03
 GAMMA-RAY                     17   8.72E-04    5.883E-01    5.13E-04
 GAMMA-RAY                     20   1.19E-03    6.553E-01    7.78E-04
 GAMMA-RAY                     22   9.17E-04    7.026E-01    6.44E-04
 GAMMA-RAY                     23   4.71E-04    7.248E-01    3.42E-04
 GAMMA-RAY                     24   1.51E-03    7.696E-01    1.16E-03
 GAMMA-RAY                     26   1.09E-03    8.237E-01    8.97E-04
 GAMMA-RAY                     27   5.47E-04    8.331E-01    4.55E-04
 GAMMA-RAY                     28   2.71E-03    8.502E-01    2.30E-03
 GAMMA-RAY                     32   7.59E-04    9.933E-01    7.54E-04
 GAMMA-RAY                     33   6.57E-04    1.002E+00    6.59E-04
 GAMMA-RAY                     35   5.54E-04    1.020E+00    5.65E-04
 GAMMA-RAY                     37   5.89E-03    1.078E+00    6.35E-03
 GAMMA-RAY                     38   3.39E-04    1.087E+00    3.69E-04
 GAMMA-RAY                     44   2.50E-04    1.232E+00    3.08E-04
 GAMMA-RAY                     45   6.48E-04    1.302E+00    8.44E-04
 AUGER KLL                          2.41E-02    9.066E-03*   2.19E-04
 
 ALL LISTED X-RAYS, GAMMA-RAYS AND ANNIHILATION RADIATION    2.60E-01
 ALL NEGLECTED X-RAYS, GAMMA-RAYS AND ANNIH. RADIATION**     3.25E-03
 ALL LISTED BETAS, INTERNAL CONVERSION AND AUGER ELECTRONS   1.63E-01
 ALL NEGLECTED BETAS, INT. CONVERSION AND AUGER ELECTRONS**  1.04E-03
 ALL LISTED RADIATIONS                                       4.23E-01
 ALL NEGLECTED RADIATIONS**                                  4.29E-03
 
 *  AVERAGE ENERGY (MEV)
 ** EACH NEGLECTED TRANSITION CONTRIBUTES LESS THAN  0.100%
    TO THE TOTAL MEV/TRANSFORMATION FOR THIS CATEGORY.
 TOTAL FEEDING OF GROUND STATE LEVEL IN 73-SELENIUM
   DAUGHTER IS 7.2600E-01  PER TRANSFORMATION OF  73M-SELENIUM.
   DECAY OF THIS 7.15 HOURS HALFLIFE LEVEL WILL CONTRIBUTE TO DOSE.
 TOTAL FEEDING OF GROUND STATE LEVEL IN 73-ARSENIC
   DAUGHTER IS 2.7400E-01  PER TRANSFORMATION OF  73M-SELENIUM.
   DECAY OF THIS 80.3 DAYS HALFLIFE LEVEL WILL CONTRIBUTE TO DOSE.
