 77M-SELENIUM-34         HALFLIFE = 17.36 SECONDS 

  MODE OF DECAY: ISOMERIC LEVEL
 
                                    MEAN
                                    NUMBER/                  MEV/
                               ID   TRANSFOR-   ENERGY       TRANSFOR-
        TYPE OF RADIATION      NO.  MATION      (MEV)        MATION

 GAMMA-RAY                      1   5.32E-01    1.620E-01    8.62E-02
 K CONV. ELECTRON, GAMMA-RAY    1   3.91E-01    1.494E-01    5.85E-02
 L1 CONV. ELECTRON, GAMMA-RAY   1   3.62E-02    1.604E-01    5.81E-03
 L2 CONV. ELECTRON, GAMMA-RAY   1   1.51E-02    1.605E-01    2.43E-03
 L3 CONV. ELECTRON, GAMMA-RAY   1   1.67E-02    1.606E-01    2.68E-03
 M CONV. ELECTRON, GAMMA-RAY    1   1.09E-02    1.618E-01*   1.76E-03
 N+ CONV. ELECTRON, GAMMA-RAY   1   9.88E-04    1.620E-01*   1.60E-04
 K -L2 X-RAY                        6.84E-02    1.114E-02    7.62E-04
 K -L3 X-RAY                        1.32E-01    1.118E-02    1.48E-03
 K -M2 X-RAY                        9.24E-03    1.245E-02    1.15E-04
 K -M3 X-RAY                        1.80E-02    1.246E-02    2.25E-04
 AUGER KLL                          1.23E-01    9.627E-03*   1.19E-03
 AUGER KLX                          3.63E-02    1.096E-02*   3.98E-04
 AUGER LMM                          5.17E-01    1.237E-03*   6.39E-04
 
 ALL LISTED X-RAYS, GAMMA-RAYS AND ANNIHILATION RADIATION    8.88E-02
 ALL NEGLECTED X-RAYS, GAMMA-RAYS AND ANNIH. RADIATION**     8.52E-05
 ALL LISTED BETAS, INTERNAL CONVERSION AND AUGER ELECTRONS   7.35E-02
 ALL NEGLECTED BETAS, INT. CONVERSION AND AUGER ELECTRONS**  1.60E-04
 ALL LISTED RADIATIONS                                       1.62E-01
 ALL NEGLECTED RADIATIONS**                                  2.45E-04
 
 *  AVERAGE ENERGY (MEV)
 ** EACH NEGLECTED TRANSITION CONTRIBUTES LESS THAN  0.100%
    TO THE TOTAL MEV/TRANSFORMATION FOR THIS CATEGORY.
 TOTAL FEEDING OF GROUND STATE LEVEL IN 77-SELENIUM
   DAUGHTER IS 1.0000E+00  PER TRANSFORMATION OF  77M-SELENIUM.
   THIS DAUGHTER GROUND STATE IS STABLE.
