 75-SELENIUM-34          HALFLIFE = 119.779 DAYS    

  MODE OF DECAY: ELECTRON CAPTURE
 
                                    MEAN
                                    NUMBER/                  MEV/
                               ID   TRANSFOR-   ENERGY       TRANSFOR-
        TYPE OF RADIATION      NO.  MATION      (MEV)        MATION

 K CONV. ELECTRON, GAMMA-RAY    2   4.48E-02    1.255E-02    5.62E-04
 L1 CONV. ELECTRON, GAMMA-RAY   2   6.68E-03    2.286E-02    1.53E-04
 L2 CONV. ELECTRON, GAMMA-RAY   2   7.40E-04    2.302E-02    1.70E-05
 L3 CONV. ELECTRON, GAMMA-RAY   2   1.87E-03    2.305E-02    4.30E-05
 M CONV. ELECTRON, GAMMA-RAY    2   1.51E-03    2.424E-02*   3.66E-05
 GAMMA-RAY                      3   1.11E-02    6.605E-02    7.35E-04
 K CONV. ELECTRON, GAMMA-RAY    3   2.97E-03    5.422E-02    1.61E-04
 L1 CONV. ELECTRON, GAMMA-RAY   3   3.04E-04    6.453E-02    1.96E-05
 GAMMA-RAY                      5   3.42E-02    9.673E-02    3.31E-03
 K CONV. ELECTRON, GAMMA-RAY    5   2.65E-02    8.490E-02    2.25E-03
 L1 CONV. ELECTRON, GAMMA-RAY   5   2.41E-03    9.521E-02    2.29E-04
 L2 CONV. ELECTRON, GAMMA-RAY   5   5.10E-04    9.537E-02    4.86E-05
 L3 CONV. ELECTRON, GAMMA-RAY   5   7.23E-04    9.541E-02    6.90E-05
 M CONV. ELECTRON, GAMMA-RAY    5   5.67E-04    9.659E-02*   5.48E-05
 GAMMA-RAY                      6   1.72E-01    1.211E-01    2.08E-02
 K CONV. ELECTRON, GAMMA-RAY    6   6.44E-03    1.093E-01    7.04E-04
 L1 CONV. ELECTRON, GAMMA-RAY   6   6.12E-04    1.196E-01    7.32E-05
 GAMMA-RAY                      7   5.83E-01    1.360E-01    7.92E-02
 K CONV. ELECTRON, GAMMA-RAY    7   1.54E-02    1.242E-01    1.92E-03
 L1 CONV. ELECTRON, GAMMA-RAY   7   1.48E-03    1.345E-01    1.98E-04
 M CONV. ELECTRON, GAMMA-RAY    7   2.52E-04    1.359E-01*   3.42E-05
 GAMMA-RAY                      8   1.48E-02    1.986E-01    2.94E-03
 K CONV. ELECTRON, GAMMA-RAY    8   2.75E-04    1.868E-01    5.14E-05
 GAMMA-RAY                     10   5.89E-01    2.647E-01    1.56E-01
 K CONV. ELECTRON, GAMMA-RAY   10   3.81E-03    2.528E-01    9.64E-04
 L1 CONV. ELECTRON, GAMMA-RAY  10   3.88E-04    2.631E-01    1.02E-04
 M CONV. ELECTRON, GAMMA-RAY   10   6.34E-05    2.645E-01*   1.68E-05
 GAMMA-RAY                     11   2.50E-01    2.795E-01    6.99E-02
 K CONV. ELECTRON, GAMMA-RAY   11   1.89E-03    2.677E-01    5.07E-04
 L1 CONV. ELECTRON, GAMMA-RAY  11   1.89E-04    2.780E-01    5.27E-05
 GAMMA-RAY                     12   1.32E-02    3.039E-01    4.00E-03
 K CONV. ELECTRON, GAMMA-RAY   12   6.20E-04    2.921E-01    1.81E-04
 L1 CONV. ELECTRON, GAMMA-RAY  12   6.01E-05    3.024E-01    1.82E-05
 GAMMA-RAY                     14   1.15E-01    4.007E-01    4.59E-02
 K CONV. ELECTRON, GAMMA-RAY   14   1.38E-04    3.888E-01    5.38E-05
 K -L2 X-RAY                        1.63E-01    1.046E-02    1.71E-03
 K -L3 X-RAY                        3.16E-01    1.050E-02    3.32E-03
 K -M3 X-RAY                        4.22E-02    1.169E-02    4.93E-04
 AUGER KLL                          3.32E-01    9.066E-03*   3.01E-03
 AUGER KLX                          9.43E-02    1.030E-02*   9.71E-04
 AUGER KXY                          6.97E-03    1.154E-02*   8.05E-05
 CK LLX                             2.59E-01    9.873E-05*   2.56E-05
 AUGER LMM                          1.29E+00    1.157E-03*   1.49E-03
 AUGER LMX                          4.58E-02    1.223E-03*   5.60E-05
 CK MMX                             1.54E+00    5.246E-05*   8.10E-05
 AUGER MNN                          4.19E+00    2.233E-05*   9.35E-05
 
 ALL LISTED X-RAYS, GAMMA-RAYS AND ANNIHILATION RADIATION    3.88E-01
 ALL NEGLECTED X-RAYS, GAMMA-RAYS AND ANNIH. RADIATION**     7.35E-04
 ALL LISTED BETAS, INTERNAL CONVERSION AND AUGER ELECTRONS   1.43E-02
 ALL NEGLECTED BETAS, INT. CONVERSION AND AUGER ELECTRONS**  1.15E-04
 ALL LISTED RADIATIONS                                       4.03E-01
 ALL NEGLECTED RADIATIONS**                                  8.50E-04
 
 *  AVERAGE ENERGY (MEV)
 ** EACH NEGLECTED TRANSITION CONTRIBUTES LESS THAN  0.100%
    TO THE TOTAL MEV/TRANSFORMATION FOR THIS CATEGORY.
 TOTAL FEEDING OF GROUND STATE LEVEL IN 75-ARSENIC
   DAUGHTER IS 1.0000E+00 PER TRANSFORMATION OF  75-SELENIUM.
   THIS DAUGHTER GROUND STATE IS STABLE.
