 153-SAMARIUM-62         HALFLIFE = 46.5 HOURS   

  MODE OF DECAY: BETA MINUS
 
                                    MEAN
                                    NUMBER/                  MEV/
                               ID   TRANSFOR-   ENERGY       TRANSFOR-
        TYPE OF RADIATION      NO.  MATION      (MEV)        MATION

 BETA MINUS                    14   3.22E-01    1.997E-01*   6.43E-02
 BETA MINUS                    16   4.96E-01    2.254E-01*   1.12E-01
 BETA MINUS                    17   4.10E-03    2.276E-01*   9.33E-04
 BETA MINUS                    18   1.75E-01    2.645E-01*   4.63E-02
 GAMMA-RAY                      5   4.85E-02    6.967E-02    3.38E-03
 K CONV. ELECTRON, GAMMA-RAY    5   2.21E-01    2.111E-02    4.67E-03
 L1 CONV. ELECTRON, GAMMA-RAY   5   2.86E-02    6.165E-02    1.76E-03
 L2 CONV. ELECTRON, GAMMA-RAY   5   4.45E-03    6.205E-02    2.76E-04
 M CONV. ELECTRON, GAMMA-RAY    5   7.87E-03    6.820E-02*   5.37E-04
 GAMMA-RAY                      6   3.49E-03    7.542E-02    2.63E-04
 GAMMA-RAY                      7   1.85E-03    8.337E-02    1.54E-04
 GAMMA-RAY                      8   1.67E-03    8.949E-02    1.49E-04
 GAMMA-RAY                     10   8.46E-03    9.743E-02    8.25E-04
 GAMMA-RAY                     11   2.98E-01    1.032E-01    3.07E-02
 K CONV. ELECTRON, GAMMA-RAY   11   4.34E-01    5.461E-02    2.37E-02
 L1 CONV. ELECTRON, GAMMA-RAY  11   5.68E-02    9.516E-02    5.41E-03
 L2 CONV. ELECTRON, GAMMA-RAY  11   6.08E-03    9.556E-02    5.81E-04
 M CONV. ELECTRON, GAMMA-RAY   11   1.42E-02    1.017E-01*   1.44E-03
 N+ CONV. ELECTRON, GAMMA-RAY  11   3.94E-03    1.032E-01*   4.07E-04
 GAMMA-RAY                     17   8.05E-04    1.729E-01    1.39E-04
 GAMMA-RAY                     24   1.46E-04    4.636E-01    6.77E-05
 GAMMA-RAY                     30   6.26E-04    5.314E-01    3.33E-04
 GAMMA-RAY                     31   3.19E-04    5.332E-01    1.70E-04
 GAMMA-RAY                     32   2.18E-04    5.391E-01    1.17E-04
 GAMMA-RAY                     41   1.16E-04    5.967E-01    6.93E-05
 GAMMA-RAY                     46   1.46E-04    6.095E-01    8.90E-05
 GAMMA-RAY                     47   1.46E-04    6.095E-01    8.90E-05
 K -L2 X-RAY                        1.79E-01    4.094E-02    7.32E-03
 K -L3 X-RAY                        3.22E-01    4.160E-02    1.34E-02
 K -M2 X-RAY                        3.25E-02    4.696E-02    1.53E-03
 K -M3 X-RAY                        6.29E-02    4.710E-02    2.96E-03
 K -N2 X-RAY                        7.09E-03    4.828E-02    3.42E-04
 K -N3 X-RAY                        1.38E-02    4.831E-02    6.64E-04
 K -O2 X-RAY                        1.46E-03    4.854E-02    7.11E-05
 K -O3 X-RAY                        2.99E-03    4.854E-02    1.45E-04
 L2-M4 X-RAY                        3.16E-02    6.458E-03    2.04E-04
 L3-M5 X-RAY                        4.86E-02    5.831E-03    2.83E-04
 Free-Bound X-RAY                   7.55E+00    1.423E-05*   1.07E-04
 AUGER KLL                          2.93E-02    3.362E-02*   9.85E-04
 AUGER KLX                          1.44E-02    3.978E-02*   5.72E-04
 AUGER LMM                          4.12E-01    4.617E-03*   1.90E-03
 AUGER LMX                          1.42E-01    5.718E-03*   8.12E-04
 AUGER MNN                          1.12E+00    8.538E-04*   9.54E-04
 CK NNX                             3.26E+00    1.130E-04*   3.68E-04
 
 ALL LISTED X-RAYS, GAMMA-RAYS AND ANNIHILATION RADIATION    6.36E-02
 ALL NEGLECTED X-RAYS, GAMMA-RAYS AND ANNIH. RADIATION**     6.35E-04
 ALL LISTED BETAS, INTERNAL CONVERSION AND AUGER ELECTRONS   2.68E-01
 ALL NEGLECTED BETAS, INT. CONVERSION AND AUGER ELECTRONS**  2.09E-03
 ALL LISTED RADIATIONS                                       3.31E-01
 ALL NEGLECTED RADIATIONS**                                  2.73E-03
 
 *  AVERAGE ENERGY (MEV)
 ** EACH NEGLECTED TRANSITION CONTRIBUTES LESS THAN  0.100%
    TO THE TOTAL MEV/TRANSFORMATION FOR THIS CATEGORY.
 TOTAL FEEDING OF GROUND STATE LEVEL IN 153-EUROPIUM
   DAUGHTER IS 1.0000E+00 PER TRANSFORMATION OF 153-SAMARIUM.
   THIS DAUGHTER GROUND STATE IS STABLE.
