 145-SAMARIUM-62         HALFLIFE = 340 DAYS    

  MODE OF DECAY: ELECTRON CAPTURE
 
                                    MEAN
                                    NUMBER/                  MEV/
                               ID   TRANSFOR-   ENERGY       TRANSFOR-
        TYPE OF RADIATION      NO.  MATION      (MEV)        MATION

 GAMMA-RAY                      1   1.21E-01    6.122E-02    7.44E-03
 K CONV. ELECTRON, GAMMA-RAY    1   6.76E-01    1.600E-02    1.08E-02
 L1 CONV. ELECTRON, GAMMA-RAY   1   8.73E-02    5.383E-02    4.70E-03
 L2 CONV. ELECTRON, GAMMA-RAY   1   8.12E-03    5.420E-02    4.40E-04
 L3 CONV. ELECTRON, GAMMA-RAY   1   2.46E-03    5.477E-02    1.35E-04
 M CONV. ELECTRON, GAMMA-RAY    1   2.09E-02    5.987E-02*   1.25E-03
 N+ CONV. ELECTRON, GAMMA-RAY   1   5.82E-03    6.122E-02*   3.57E-04
 K -L2 X-RAY                        3.99E-01    3.820E-02    1.52E-02
 K -L3 X-RAY                        7.24E-01    3.877E-02    2.81E-02
 K -M2 X-RAY                        7.21E-02    4.376E-02    3.15E-03
 K -M3 X-RAY                        1.39E-01    4.387E-02    6.12E-03
 K -N2 X-RAY                        1.56E-02    4.495E-02    6.99E-04
 K -N3 X-RAY                        3.02E-02    4.498E-02    1.36E-03
 K -O2 X-RAY                        3.05E-03    4.519E-02    1.38E-04
 K -O3 X-RAY                        6.11E-03    4.519E-02    2.76E-04
 L2-M4 X-RAY                        6.14E-02    5.960E-03    3.66E-04
 L2-N4 X-RAY                        1.05E-02    6.884E-03    7.22E-05
 L3-M5 X-RAY                        9.80E-02    5.417E-03    5.31E-04
 L3-N5 X-RAY                        1.63E-02    6.321E-03    1.03E-04
 Free-Bound X-RAY                   1.82E+01    1.484E-05*   2.71E-04
 AUGER KLL                          7.26E-02    3.144E-02*   2.28E-03
 AUGER KLX                          3.51E-02    3.713E-02*   1.30E-03
 AUGER KXY                          4.07E-03    4.283E-02*   1.74E-04
 CK LLX                             2.36E-01    4.763E-04*   1.13E-04
 AUGER LMM                          9.54E-01    4.302E-03*   4.10E-03
 AUGER LMX                          3.24E-01    5.302E-03*   1.72E-03
 AUGER LXY                          2.73E-02    6.336E-03*   1.73E-04
 CK MMX                             1.18E+00    1.598E-04*   1.88E-04
 AUGER MNN                          2.54E+00    7.561E-04*   1.92E-03
 AUGER MNX                          1.68E-01    9.230E-04*   1.55E-04
 CK NNX                             7.30E+00    1.006E-04*   7.34E-04
 AUGER NXY                          1.49E+00    8.533E-05*   1.27E-04
 
 ALL LISTED X-RAYS, GAMMA-RAYS AND ANNIHILATION RADIATION    6.38E-02
 ALL NEGLECTED X-RAYS, GAMMA-RAYS AND ANNIH. RADIATION**     4.07E-04
 ALL LISTED BETAS, INTERNAL CONVERSION AND AUGER ELECTRONS   3.07E-02
 ALL NEGLECTED BETAS, INT. CONVERSION AND AUGER ELECTRONS**  2.84E-05
 ALL LISTED RADIATIONS                                       9.45E-02
 ALL NEGLECTED RADIATIONS**                                  4.35E-04
 
 *  AVERAGE ENERGY (MEV)
 ** EACH NEGLECTED TRANSITION CONTRIBUTES LESS THAN  0.100%
    TO THE TOTAL MEV/TRANSFORMATION FOR THIS CATEGORY.
 TOTAL FEEDING OF GROUND STATE LEVEL IN 145-PROMETHIUM
   DAUGHTER IS 1.0000E+00 PER TRANSFORMATION OF 145-SAMARIUM.
   DECAY OF THIS 17.7 YEARS HALFLIFE LEVEL WILL CONTRIBUTE TO DOSE.
