 117M-TIN-50             HALFLIFE = 13.76 DAYS    

  MODE OF DECAY: ISOMERIC LEVEL
 
                                    MEAN
                                    NUMBER/                  MEV/
                               ID   TRANSFOR-   ENERGY       TRANSFOR-
        TYPE OF RADIATION      NO.  MATION      (MEV)        MATION

 GAMMA-RAY                      1   2.11E-02    1.560E-01    3.30E-03
 K CONV. ELECTRON, GAMMA-RAY    1   6.63E-01    1.268E-01    8.41E-02
 L1 CONV. ELECTRON, GAMMA-RAY   1   1.37E-01    1.516E-01    2.08E-02
 L2 CONV. ELECTRON, GAMMA-RAY   1   3.07E-02    1.519E-01    4.66E-03
 L3 CONV. ELECTRON, GAMMA-RAY   1   1.06E-01    1.521E-01    1.62E-02
 M CONV. ELECTRON, GAMMA-RAY    1   6.01E-02    1.553E-01*   9.34E-03
 N+ CONV. ELECTRON, GAMMA-RAY   1   1.27E-02    1.560E-01*   1.98E-03
 GAMMA-RAY                      2   8.64E-01    1.586E-01    1.37E-01
 K CONV. ELECTRON, GAMMA-RAY    2   1.19E-01    1.294E-01    1.54E-02
 L1 CONV. ELECTRON, GAMMA-RAY   2   1.40E-02    1.541E-01    2.15E-03
 M CONV. ELECTRON, GAMMA-RAY    2   2.97E-03    1.578E-01*   4.68E-04
 K -L2 X-RAY                        1.94E-01    2.502E-02    4.86E-03
 K -L3 X-RAY                        3.63E-01    2.526E-02    9.17E-03
 K -M2 X-RAY                        3.28E-02    2.843E-02    9.31E-04
 K -M3 X-RAY                        6.36E-02    2.847E-02    1.81E-03
 K -N2 X-RAY                        6.71E-03    2.908E-02    1.95E-04
 K -N3 X-RAY                        1.31E-02    2.909E-02    3.81E-04
 Free-Bound X-RAY                   1.53E+01    1.085E-05*   1.67E-04
 AUGER KLL                          7.32E-02    2.093E-02*   1.53E-03
 AUGER KLX                          3.12E-02    2.442E-02*   7.61E-04
 AUGER LMM                          7.44E-01    2.848E-03*   2.12E-03
 AUGER LMX                          1.92E-01    3.365E-03*   6.45E-04
 AUGER MNN                          1.89E+00    3.965E-04*   7.50E-04
 
 ALL LISTED X-RAYS, GAMMA-RAYS AND ANNIHILATION RADIATION    1.58E-01
 ALL NEGLECTED X-RAYS, GAMMA-RAYS AND ANNIH. RADIATION**     3.03E-04
 ALL LISTED BETAS, INTERNAL CONVERSION AND AUGER ELECTRONS   1.61E-01
 ALL NEGLECTED BETAS, INT. CONVERSION AND AUGER ELECTRONS**  7.47E-04
 ALL LISTED RADIATIONS                                       3.19E-01
 ALL NEGLECTED RADIATIONS**                                  1.05E-03
 
 *  AVERAGE ENERGY (MEV)
 ** EACH NEGLECTED TRANSITION CONTRIBUTES LESS THAN  0.100%
    TO THE TOTAL MEV/TRANSFORMATION FOR THIS CATEGORY.
 TOTAL FEEDING OF GROUND STATE LEVEL IN 117-TIN
   DAUGHTER IS 1.0000E+00  PER TRANSFORMATION OF 117M-TIN.
   THIS DAUGHTER GROUND STATE IS STABLE.
