 87M-STRONTIUM-38        HALFLIFE = 2.815 HOURS   

  MODES OF DECAY: ISOMERIC LEVEL, ELECTRON CAPTURE
 
                                    MEAN
                                    NUMBER/                  MEV/
                               ID   TRANSFOR-   ENERGY       TRANSFOR-
        TYPE OF RADIATION      NO.  MATION      (MEV)        MATION

 GAMMA-RAY                      1   8.20E-01    3.885E-01    3.19E-01
 K CONV. ELECTRON, GAMMA-RAY    1   1.50E-01    3.725E-01    5.59E-02
 L1 CONV. ELECTRON, GAMMA-RAY   1   1.80E-02    3.863E-01    6.96E-03
 L2 CONV. ELECTRON, GAMMA-RAY   1   2.02E-03    3.865E-01    7.81E-04
 L3 CONV. ELECTRON, GAMMA-RAY   1   2.29E-03    3.866E-01    8.86E-04
 M CONV. ELECTRON, GAMMA-RAY    1   3.90E-03    3.883E-01*   1.51E-03
 N+ CONV. ELECTRON, GAMMA-RAY   1   5.93E-04    3.885E-01*   2.30E-04
 K -L2 X-RAY                        3.02E-02    1.405E-02    4.25E-04
 K -L3 X-RAY                        5.80E-02    1.412E-02    8.19E-04
 AUGER KLL                          3.45E-02    1.202E-02*   4.15E-04
 AUGER KLX                          1.17E-02    1.379E-02*   1.61E-04
 AUGER LMM                          1.70E-01    1.573E-03*   2.68E-04
 
 ALL LISTED X-RAYS, GAMMA-RAYS AND ANNIHILATION RADIATION    3.20E-01
 ALL NEGLECTED X-RAYS, GAMMA-RAYS AND ANNIH. RADIATION**     2.97E-04
 ALL LISTED BETAS, INTERNAL CONVERSION AND AUGER ELECTRONS   6.71E-02
 ALL NEGLECTED BETAS, INT. CONVERSION AND AUGER ELECTRONS**  1.16E-04
 ALL LISTED RADIATIONS                                       3.87E-01
 ALL NEGLECTED RADIATIONS**                                  4.13E-04
 
 *  AVERAGE ENERGY (MEV)
 ** EACH NEGLECTED TRANSITION CONTRIBUTES LESS THAN  0.100%
    TO THE TOTAL MEV/TRANSFORMATION FOR THIS CATEGORY.
 TOTAL FEEDING OF GROUND STATE LEVEL IN 87-STRONTIUM
   DAUGHTER IS 9.9700E-01  PER TRANSFORMATION OF  87M-STRONTIUM.
   THIS DAUGHTER GROUND STATE IS STABLE.
 TOTAL FEEDING OF GROUND STATE LEVEL IN 87-RUBIDIUM
   DAUGHTER IS 3.0000E-03  PER TRANSFORMATION OF  87M-STRONTIUM.
   DECAY OF THIS 0.4923E+11 YEARS HALFLIFE LEVEL WILL CONTRIBUTE TO DOSE.
