 85M-STRONTIUM-38        HALFLIFE = 67.63 MINUTES 

  MODES OF DECAY: ISOMERIC LEVEL, ELECTRON CAPTURE, BETA PLUS
 
                                    MEAN
                                    NUMBER/                  MEV/
                               ID   TRANSFOR-   ENERGY       TRANSFOR-
        TYPE OF RADIATION      NO.  MATION      (MEV)        MATION

 L1 CONV. ELECTRON, GAMMA-RAY   1   2.77E-03    4.720E-03    1.31E-05
 L2 CONV. ELECTRON, GAMMA-RAY   1   2.54E-01    4.908E-03    1.25E-03
 L3 CONV. ELECTRON, GAMMA-RAY   1   4.44E-01    4.978E-03    2.21E-03
 M CONV. ELECTRON, GAMMA-RAY    1   1.46E-01    6.650E-03*   9.71E-04
 N+ CONV. ELECTRON, GAMMA-RAY   1   1.64E-02    6.920E-03*   1.13E-04
 GAMMA-RAY                      2   8.44E-01    2.319E-01    1.96E-01
 K CONV. ELECTRON, GAMMA-RAY    2   1.67E-02    2.158E-01    3.60E-03
 L1 CONV. ELECTRON, GAMMA-RAY   2   1.74E-03    2.297E-01    3.99E-04
 L2 CONV. ELECTRON, GAMMA-RAY   2   1.16E-04    2.298E-01    2.66E-05
 L3 CONV. ELECTRON, GAMMA-RAY   2   9.81E-05    2.299E-01    2.26E-05
 M CONV. ELECTRON, GAMMA-RAY    2   3.34E-04    2.316E-01*   7.73E-05
 GAMMA-RAY                      3   2.77E-03    2.388E-01    6.61E-04
 K CONV. ELECTRON, GAMMA-RAY    3   4.49E-03    2.227E-01    9.99E-04
 L1 CONV. ELECTRON, GAMMA-RAY   3   5.83E-04    2.366E-01    1.38E-04
 L2 CONV. ELECTRON, GAMMA-RAY   3   8.85E-05    2.368E-01    2.10E-05
 L3 CONV. ELECTRON, GAMMA-RAY   3   1.49E-04    2.368E-01    3.52E-05
 M CONV. ELECTRON, GAMMA-RAY    3   1.45E-04    2.385E-01*   3.46E-05
 AUGER KLL                          4.87E-03    1.202E-02*   5.86E-05
 AUGER KLX                          1.65E-03    1.379E-02*   2.28E-05
 AUGER LMM                          6.49E-01    1.570E-03*   1.02E-03
 AUGER LMX                          5.69E-02    1.706E-03*   9.72E-05
 CK MMX                             6.60E-01    9.553E-05*   6.30E-05
 AUGER MNN                          1.50E+00    7.471E-05*   1.12E-04
 CK NNX                             1.49E+00    1.364E-05*   2.04E-05
 GAMMA-RAY                      2   1.29E-01    1.512E-01    1.94E-02
 K CONV. ELECTRON, GAMMA-RAY    2   5.43E-03    1.360E-01    7.39E-04
 L1 CONV. ELECTRON, GAMMA-RAY   2   5.77E-04    1.491E-01    8.60E-05
 M CONV. ELECTRON, GAMMA-RAY    2   1.03E-04    1.510E-01*   1.55E-05
 K -L2 X-RAY                        2.39E-02    1.329E-02    3.18E-04
 K -L3 X-RAY                        4.60E-02    1.335E-02    6.15E-04
 AUGER KLL                          3.05E-02    1.140E-02*   3.48E-04
 AUGER KLX                          1.00E-02    1.305E-02*   1.31E-04
 AUGER LMM                          1.40E-01    1.490E-03*   2.09E-04
 AUGER LMX                          1.13E-02    1.612E-03*   1.83E-05
 AUGER MNN                          3.71E-01    6.501E-05*   2.41E-05
 
 ALL LISTED X-RAYS, GAMMA-RAYS AND ANNIHILATION RADIATION    2.17E-01
 ALL NEGLECTED X-RAYS, GAMMA-RAYS AND ANNIH. RADIATION**     9.39E-04
 ALL LISTED BETAS, INTERNAL CONVERSION AND AUGER ELECTRONS   1.29E-02
 ALL NEGLECTED BETAS, INT. CONVERSION AND AUGER ELECTRONS**  8.66E-05
 ALL LISTED RADIATIONS                                       2.30E-01
 ALL NEGLECTED RADIATIONS**                                  1.03E-03
 
 *  AVERAGE ENERGY (MEV)
 ** EACH NEGLECTED TRANSITION CONTRIBUTES LESS THAN  0.100%
    TO THE TOTAL MEV/TRANSFORMATION FOR THIS CATEGORY.
 TOTAL FEEDING OF GROUND STATE LEVEL IN 85-STRONTIUM
   DAUGHTER IS 8.6600E-01  PER TRANSFORMATION OF  85M-STRONTIUM.
   DECAY OF THIS 64.84 DAYS HALFLIFE LEVEL WILL CONTRIBUTE TO DOSE.
 TOTAL FEEDING OF GROUND STATE LEVEL IN 85-RUBIDIUM
   DAUGHTER IS 1.3400E-01  PER TRANSFORMATION OF  85M-STRONTIUM.
   THIS DAUGHTER GROUND STATE IS STABLE.
