 83-STRONTIUM-38         HALFLIFE = 32.41 HOURS   

  MODES OF DECAY: ELECTRON CAPTURE, BETA PLUS
 
                                    MEAN
                                    NUMBER/                  MEV/
                               ID   TRANSFOR-   ENERGY       TRANSFOR-
        TYPE OF RADIATION      NO.  MATION      (MEV)        MATION

 BETA PLUS                      4   8.89E-03    1.989E-01*   1.77E-03
 BETA PLUS                      8   3.06E-02    3.627E-01*   1.11E-02
 BETA PLUS                     11   8.89E-02    5.306E-01*   4.72E-02
 BETA PLUS                     12   1.28E-01    5.494E-01*   7.05E-02
 ANNIHILATION RADIATION             5.15E-01    5.110E-01    2.63E-01
 K CONV. ELECTRON, GAMMA-RAY    2   5.09E-01    2.717E-02    1.38E-02
 L1 CONV. ELECTRON, GAMMA-RAY   2   7.24E-02    4.028E-02    2.91E-03
 L2 CONV. ELECTRON, GAMMA-RAY   2   7.49E-03    4.046E-02    3.03E-04
 L3 CONV. ELECTRON, GAMMA-RAY   2   1.45E-02    4.052E-02    5.89E-04
 M CONV. ELECTRON, GAMMA-RAY    2   1.64E-02    4.209E-02*   6.92E-04
 GAMMA-RAY                      7   4.38E-03    2.900E-01    1.27E-03
 GAMMA-RAY                      8   2.49E-02    3.812E-01    9.49E-03
 GAMMA-RAY                      9   1.41E-01    3.815E-01    5.37E-02
 K CONV. ELECTRON, GAMMA-RAY    9   6.81E-03    3.664E-01    2.49E-03
 L1 CONV. ELECTRON, GAMMA-RAY   9   7.73E-04    3.795E-01    2.93E-04
 GAMMA-RAY                     10   1.66E-02    3.894E-01    6.45E-03
 GAMMA-RAY                     11   4.41E-02    4.184E-01    1.85E-02
 GAMMA-RAY                     12   1.59E-02    4.236E-01    6.74E-03
 GAMMA-RAY                     13   8.55E-03    4.382E-01    3.75E-03
 GAMMA-RAY                     14   2.22E-03    5.594E-01    1.24E-03
 GAMMA-RAY                     23   3.63E-03    6.591E-01    2.39E-03
 GAMMA-RAY                     24   3.63E-03    6.591E-01    2.39E-03
 GAMMA-RAY                     25   3.63E-03    6.591E-01    2.39E-03
 GAMMA-RAY                     26   2.40E-03    6.596E-01    1.58E-03
 GAMMA-RAY                     35   2.55E-03    7.371E-01    1.88E-03
 GAMMA-RAY                     37   4.14E-03    7.591E-01    3.14E-03
 GAMMA-RAY                     38   3.00E-01    7.627E-01    2.29E-01
 K CONV. ELECTRON, GAMMA-RAY   38   2.73E-04    7.475E-01    2.04E-04
 GAMMA-RAY                     39   1.99E-02    7.784E-01    1.55E-02
 GAMMA-RAY                     43   8.40E-03    8.193E-01    6.88E-03
 GAMMA-RAY                     46   2.30E-03    8.484E-01    1.95E-03
 GAMMA-RAY                     47   1.29E-03    8.538E-01    1.10E-03
 GAMMA-RAY                     48   1.29E-03    8.538E-01    1.10E-03
 GAMMA-RAY                     53   1.38E-03    8.908E-01    1.23E-03
 GAMMA-RAY                     54   1.38E-03    8.908E-01    1.23E-03
 GAMMA-RAY                     56   3.03E-03    9.077E-01    2.75E-03
 GAMMA-RAY                     57   1.32E-03    9.169E-01    1.21E-03
 GAMMA-RAY                     60   1.38E-03    9.446E-01    1.30E-03
 GAMMA-RAY                     61   1.38E-03    9.446E-01    1.30E-03
 GAMMA-RAY                     62   1.38E-03    9.446E-01    1.30E-03
 GAMMA-RAY                     63   5.97E-03    9.942E-01    5.94E-03
 GAMMA-RAY                     64   5.97E-03    9.942E-01    5.94E-03
 GAMMA-RAY                     69   8.70E-04    1.039E+00    9.04E-04
 GAMMA-RAY                     70   3.48E-03    1.044E+00    3.63E-03
 GAMMA-RAY                     71   3.48E-03    1.044E+00    3.63E-03
 GAMMA-RAY                     72   3.48E-03    1.044E+00    3.63E-03
 GAMMA-RAY                     73   1.12E-03    1.051E+00    1.18E-03
 GAMMA-RAY                     74   2.04E-03    1.054E+00    2.15E-03
 GAMMA-RAY                     78   2.56E-03    1.098E+00    2.82E-03
 GAMMA-RAY                     83   1.28E-02    1.147E+00    1.47E-02
 GAMMA-RAY                     84   1.48E-02    1.160E+00    1.72E-02
 GAMMA-RAY                     87   1.59E-03    1.202E+00    1.91E-03
 GAMMA-RAY                     89   2.41E-03    1.215E+00    2.92E-03
 GAMMA-RAY                     90   2.41E-03    1.215E+00    2.92E-03
 GAMMA-RAY                     92   2.10E-03    1.238E+00    2.60E-03
 GAMMA-RAY                     93   7.23E-04    1.243E+00    8.99E-04
 GAMMA-RAY                     95   6.60E-04    1.272E+00    8.40E-04
 GAMMA-RAY                     97   7.83E-04    1.285E+00    1.01E-03
 GAMMA-RAY                     98   1.31E-03    1.296E+00    1.69E-03
 GAMMA-RAY                     99   2.04E-03    1.324E+00    2.70E-03
 GAMMA-RAY                    103   1.05E-03    1.385E+00    1.45E-03
 GAMMA-RAY                    108   9.24E-04    1.528E+00    1.41E-03
 GAMMA-RAY                    109   1.76E-02    1.563E+00    2.76E-02
 GAMMA-RAY                    116   6.75E-04    1.653E+00    1.12E-03
 GAMMA-RAY                    117   7.80E-04    1.666E+00    1.30E-03
 GAMMA-RAY                    118   7.80E-04    1.666E+00    1.30E-03
 GAMMA-RAY                    129   7.20E-04    1.947E+00    1.40E-03
 GAMMA-RAY                    130   7.74E-03    1.952E+00    1.51E-02
 GAMMA-RAY                    131   4.59E-04    2.015E+00    9.25E-04
 GAMMA-RAY                    132   9.48E-04    2.048E+00    1.94E-03
 GAMMA-RAY                    133   9.48E-04    2.048E+00    1.94E-03
 GAMMA-RAY                    135   1.22E-03    2.090E+00    2.54E-03
 GAMMA-RAY                    137   1.71E-03    2.148E+00    3.67E-03
 K -L2 X-RAY                        2.28E-01    1.329E-02    3.03E-03
 K -L3 X-RAY                        4.38E-01    1.335E-02    5.85E-03
 K -M3 X-RAY                        6.36E-02    1.492E-02    9.50E-04
 AUGER KLL                          2.90E-01    1.140E-02*   3.31E-03
 AUGER KLX                          9.53E-02    1.305E-02*   1.24E-03
 AUGER LMM                          1.41E+00    1.490E-03*   2.10E-03
 AUGER LMX                          1.14E-01    1.613E-03*   1.84E-04
 AUGER MNN                          3.76E+00    6.504E-05*   2.45E-04
 
 ALL LISTED X-RAYS, GAMMA-RAYS AND ANNIHILATION RADIATION    7.94E-01
 ALL NEGLECTED X-RAYS, GAMMA-RAYS AND ANNIH. RADIATION**     2.69E-02
 ALL LISTED BETAS, INTERNAL CONVERSION AND AUGER ELECTRONS   1.59E-01
 ALL NEGLECTED BETAS, INT. CONVERSION AND AUGER ELECTRONS**  1.42E-03
 ALL LISTED RADIATIONS                                       9.53E-01
 ALL NEGLECTED RADIATIONS**                                  2.84E-02
 
 *  AVERAGE ENERGY (MEV)
 ** EACH NEGLECTED TRANSITION CONTRIBUTES LESS THAN  0.100%
    TO THE TOTAL MEV/TRANSFORMATION FOR THIS CATEGORY.
 TOTAL FEEDING OF GROUND STATE LEVEL IN 83-RUBIDIUM
   DAUGHTER IS 1.0000E+00 PER TRANSFORMATION OF  83-STRONTIUM.
   DECAY OF THIS 86.2 DAYS HALFLIFE LEVEL WILL CONTRIBUTE TO DOSE.
