 89-STRONTIUM-38         HALFLIFE = 50.53 DAYS    

  MODE OF DECAY: BETA MINUS
 
                                    MEAN
                                    NUMBER/                  MEV/
                               ID   TRANSFOR-   ENERGY       TRANSFOR-
        TYPE OF RADIATION      NO.  MATION      (MEV)        MATION

 BETA MINUS                     2   1.00E+00    5.846E-01*   5.85E-01
 GAMMA-RAY                      1   9.56E-05    9.090E-01    8.69E-05
 
 ALL LISTED X-RAYS, GAMMA-RAYS AND ANNIHILATION RADIATION    8.69E-05
 ALL NEGLECTED X-RAYS, GAMMA-RAYS AND ANNIH. RADIATION**     7.81E-09
 ALL LISTED BETAS, INTERNAL CONVERSION AND AUGER ELECTRONS   5.85E-01
 ALL NEGLECTED BETAS, INT. CONVERSION AND AUGER ELECTRONS**  2.11E-05
 ALL LISTED RADIATIONS                                       5.85E-01
 ALL NEGLECTED RADIATIONS**                                  2.11E-05
 
 *  AVERAGE ENERGY (MEV)
 ** EACH NEGLECTED TRANSITION CONTRIBUTES LESS THAN  0.100%
    TO THE TOTAL MEV/TRANSFORMATION FOR THIS CATEGORY.
 TOTAL FEEDING OF GROUND STATE LEVEL IN 89-YTTRIUM
   DAUGHTER IS 1.0000E+00 PER TRANSFORMATION OF  89-STRONTIUM.
   THIS DAUGHTER GROUND STATE IS STABLE.
