 178-TANTALUM-73         HALFLIFE = 9.31 MINUTES 

  MODES OF DECAY: ELECTRON CAPTURE, BETA PLUS
 
                                    MEAN
                                    NUMBER/                  MEV/
                               ID   TRANSFOR-   ENERGY       TRANSFOR-
        TYPE OF RADIATION      NO.  MATION      (MEV)        MATION

 BETA PLUS                      1   3.39E-03    3.844E-01*   1.30E-03
 BETA PLUS                      2   8.98E-03    4.253E-01*   3.82E-03
 ANNIHILATION RADIATION             2.47E-02    5.110E-01    1.26E-02
 GAMMA-RAY                      1   6.58E-02    9.313E-02    6.12E-03
 K CONV. ELECTRON, GAMMA-RAY    1   7.22E-02    2.765E-02    2.00E-03
 L1 CONV. ELECTRON, GAMMA-RAY   1   7.36E-03    8.189E-02    6.03E-04
 L2 CONV. ELECTRON, GAMMA-RAY   1   9.07E-02    8.237E-02    7.47E-03
 L3 CONV. ELECTRON, GAMMA-RAY   1   8.54E-02    8.357E-02    7.13E-03
 M CONV. ELECTRON, GAMMA-RAY    1   4.59E-02    9.103E-02*   4.18E-03
 N+ CONV. ELECTRON, GAMMA-RAY   1   1.24E-02    9.313E-02*   1.16E-03
 GAMMA-RAY                      5   8.59E-04    2.134E-01    1.83E-04
 GAMMA-RAY                      8   5.49E-04    9.700E-01    5.33E-04
 GAMMA-RAY                      9   1.80E-04    1.082E+00    1.94E-04
 GAMMA-RAY                     10   5.36E-03    1.106E+00    5.93E-03
 GAMMA-RAY                     11   1.58E-04    1.175E+00    1.85E-04
 GAMMA-RAY                     12   1.69E-03    1.183E+00    2.01E-03
 GAMMA-RAY                     13   2.69E-04    1.189E+00    3.20E-04
 GAMMA-RAY                     16   3.55E-04    1.255E+00    4.46E-04
 GAMMA-RAY                     17   2.85E-04    1.269E+00    3.62E-04
 GAMMA-RAY                     18   3.55E-04    1.277E+00    4.53E-04
 GAMMA-RAY                     19   4.13E-04    1.310E+00    5.41E-04
 GAMMA-RAY                     20   1.03E-02    1.341E+00    1.38E-02
 GAMMA-RAY                     21   1.18E-02    1.351E+00    1.59E-02
 GAMMA-RAY                     22   4.80E-03    1.403E+00    6.73E-03
 K CONV. ELECTRON, GAMMA-RAY   22   3.52E-04    1.337E+00    4.70E-04
 L1 CONV. ELECTRON, GAMMA-RAY  22   4.83E-05    1.392E+00    6.72E-05
 GAMMA-RAY                     26   1.22E-04    1.468E+00    1.80E-04
 GAMMA-RAY                     28   2.69E-03    1.496E+00    4.02E-03
 GAMMA-RAY                     30   1.06E-04    1.561E+00    1.65E-04
 K -L2 X-RAY                        2.43E-01    5.472E-02    1.33E-02
 K -L3 X-RAY                        4.26E-01    5.592E-02    2.38E-02
 K -M2 X-RAY                        4.53E-02    6.312E-02    2.86E-03
 K -M3 X-RAY                        8.76E-02    6.338E-02    5.55E-03
 K -N2 X-RAY                        1.02E-02    6.505E-02    6.63E-04
 K -N3 X-RAY                        1.97E-02    6.511E-02    1.28E-03
 K -O2 X-RAY                        2.30E-03    6.544E-02    1.51E-04
 K -O3 X-RAY                        4.77E-03    6.544E-02    3.12E-04
 L2-M4 X-RAY                        8.29E-02    9.038E-03    7.49E-04
 L2-N4 X-RAY                        1.51E-02    1.054E-02    1.59E-04
 L3-M5 X-RAY                        1.19E-01    7.890E-03    9.40E-04
 L3-N5 X-RAY                        2.07E-02    9.344E-03    1.93E-04
 Free-Bound X-RAY                   1.12E+01    1.941E-05*   2.18E-04
 AUGER KLL                          2.70E-02    4.453E-02*   1.20E-03
 AUGER KLX                          1.40E-02    5.310E-02*   7.41E-04
 AUGER KXY                          1.74E-03    6.169E-02*   1.07E-04
 CK LLX                             1.69E-01    6.089E-04*   1.03E-04
 AUGER LMM                          5.52E-01    6.163E-03*   3.40E-03
 AUGER LMX                          2.05E-01    7.783E-03*   1.59E-03
 AUGER LXY                          1.92E-02    9.433E-03*   1.81E-04
 CK MMX                             6.58E-01    3.022E-04*   1.99E-04
 AUGER MNN                          1.71E+00    1.364E-03*   2.33E-03
 AUGER MNX                          8.98E-02    1.542E-03*   1.39E-04
 CK NNX                             3.91E+00    1.598E-04*   6.25E-04
 
 ALL LISTED X-RAYS, GAMMA-RAYS AND ANNIHILATION RADIATION    1.21E-01
 ALL NEGLECTED X-RAYS, GAMMA-RAYS AND ANNIH. RADIATION**     9.70E-04
 ALL LISTED BETAS, INTERNAL CONVERSION AND AUGER ELECTRONS   3.88E-02
 ALL NEGLECTED BETAS, INT. CONVERSION AND AUGER ELECTRONS**  3.01E-04
 ALL LISTED RADIATIONS                                       1.60E-01
 ALL NEGLECTED RADIATIONS**                                  1.27E-03
 
 *  AVERAGE ENERGY (MEV)
 ** EACH NEGLECTED TRANSITION CONTRIBUTES LESS THAN  0.100%
    TO THE TOTAL MEV/TRANSFORMATION FOR THIS CATEGORY.
 TOTAL FEEDING OF GROUND STATE LEVEL IN 178-HAFNIUM
   DAUGHTER IS 1.0000E+00 PER TRANSFORMATION OF 178-TANTALUM.
   THIS DAUGHTER GROUND STATE IS STABLE.
