 178M-TANTALUM-73        HALFLIFE = 2.36 HOURS   

  MODE OF DECAY: ELECTRON CAPTURE
 
                                    MEAN
                                    NUMBER/                  MEV/
                               ID   TRANSFOR-   ENERGY       TRANSFOR-
        TYPE OF RADIATION      NO.  MATION      (MEV)        MATION

 GAMMA-RAY                      1   6.44E-01    8.886E-02    5.72E-02
 K CONV. ELECTRON, GAMMA-RAY    1   2.57E-01    2.338E-02    6.00E-03
 L1 CONV. ELECTRON, GAMMA-RAY   1   2.68E-02    7.762E-02    2.08E-03
 L2 CONV. ELECTRON, GAMMA-RAY   1   8.48E-03    7.810E-02    6.62E-04
 L3 CONV. ELECTRON, GAMMA-RAY   1   9.74E-03    7.930E-02    7.73E-04
 M CONV. ELECTRON, GAMMA-RAY    1   1.03E-02    8.676E-02*   8.89E-04
 N+ CONV. ELECTRON, GAMMA-RAY   1   2.85E-03    8.886E-02*   2.53E-04
 GAMMA-RAY                      2   1.72E-01    9.319E-02    1.60E-02
 K CONV. ELECTRON, GAMMA-RAY    2   1.89E-01    2.770E-02    5.23E-03
 L1 CONV. ELECTRON, GAMMA-RAY   2   1.92E-02    8.194E-02    1.58E-03
 L2 CONV. ELECTRON, GAMMA-RAY   2   2.37E-01    8.242E-02    1.95E-02
 L3 CONV. ELECTRON, GAMMA-RAY   2   2.23E-01    8.363E-02    1.86E-02
 M CONV. ELECTRON, GAMMA-RAY    2   1.20E-01    9.109E-02*   1.09E-02
 N+ CONV. ELECTRON, GAMMA-RAY   2   3.25E-02    9.319E-02*   3.03E-03
 GAMMA-RAY                      3   8.14E-01    2.134E-01    1.74E-01
 K CONV. ELECTRON, GAMMA-RAY    3   1.13E-01    1.480E-01    1.68E-02
 L1 CONV. ELECTRON, GAMMA-RAY   3   1.29E-02    2.022E-01    2.61E-03
 L2 CONV. ELECTRON, GAMMA-RAY   3   2.67E-02    2.027E-01    5.42E-03
 L3 CONV. ELECTRON, GAMMA-RAY   3   1.86E-02    2.039E-01    3.80E-03
 M CONV. ELECTRON, GAMMA-RAY    3   1.43E-02    2.113E-01*   3.02E-03
 N+ CONV. ELECTRON, GAMMA-RAY   3   3.93E-03    2.134E-01*   8.39E-04
 GAMMA-RAY                      5   9.41E-01    3.256E-01    3.06E-01
 K CONV. ELECTRON, GAMMA-RAY    5   4.17E-02    2.601E-01    1.09E-02
 L1 CONV. ELECTRON, GAMMA-RAY   5   5.14E-03    3.143E-01    1.62E-03
 L2 CONV. ELECTRON, GAMMA-RAY   5   5.13E-03    3.148E-01    1.62E-03
 L3 CONV. ELECTRON, GAMMA-RAY   5   2.97E-03    3.160E-01    9.40E-04
 M CONV. ELECTRON, GAMMA-RAY    5   3.19E-03    3.235E-01*   1.03E-03
 N+ CONV. ELECTRON, GAMMA-RAY   5   8.88E-04    3.256E-01*   2.89E-04
 GAMMA-RAY                      6   3.12E-01    3.316E-01    1.03E-01
 K CONV. ELECTRON, GAMMA-RAY    6   3.86E-02    2.661E-01    1.03E-02
 L1 CONV. ELECTRON, GAMMA-RAY   6   5.38E-03    3.204E-01    1.73E-03
 M CONV. ELECTRON, GAMMA-RAY    6   1.33E-03    3.295E-01*   4.37E-04
 GAMMA-RAY                      7   9.70E-01    4.264E-01    4.14E-01
 K CONV. ELECTRON, GAMMA-RAY    7   2.15E-02    3.609E-01    7.77E-03
 L1 CONV. ELECTRON, GAMMA-RAY   7   2.75E-03    4.151E-01    1.14E-03
 L2 CONV. ELECTRON, GAMMA-RAY   7   1.77E-03    4.156E-01    7.35E-04
 L3 CONV. ELECTRON, GAMMA-RAY   7   9.08E-04    4.168E-01    3.78E-04
 M CONV. ELECTRON, GAMMA-RAY    7   1.29E-03    4.243E-01*   5.46E-04
 K -L2 X-RAY                        4.04E-01    5.472E-02    2.21E-02
 K -L3 X-RAY                        7.07E-01    5.592E-02    3.95E-02
 K -M2 X-RAY                        7.52E-02    6.312E-02    4.75E-03
 K -M3 X-RAY                        1.45E-01    6.338E-02    9.22E-03
 K -N3 X-RAY                        3.27E-02    6.511E-02    2.13E-03
 L2-M4 X-RAY                        1.65E-01    9.038E-03    1.49E-03
 L3-M5 X-RAY                        2.19E-01    7.890E-03    1.73E-03
 AUGER KLL                          4.48E-02    4.453E-02*   1.99E-03
 AUGER KLX                          2.32E-02    5.310E-02*   1.23E-03
 AUGER KXY                          2.89E-03    6.169E-02*   1.78E-04
 CK LLX                             2.89E-01    6.314E-04*   1.83E-04
 AUGER LMM                          1.03E+00    6.173E-03*   6.38E-03
 AUGER LMX                          3.83E-01    7.793E-03*   2.99E-03
 AUGER LXY                          3.59E-02    9.443E-03*   3.39E-04
 CK MMX                             1.23E+00    3.025E-04*   3.73E-04
 AUGER MNN                          3.19E+00    1.365E-03*   4.35E-03
 AUGER MNX                          1.68E-01    1.543E-03*   2.59E-04
 CK NNX                             7.31E+00    1.598E-04*   1.17E-03
 
 ALL LISTED X-RAYS, GAMMA-RAYS AND ANNIHILATION RADIATION    1.15E+00
 ALL NEGLECTED X-RAYS, GAMMA-RAYS AND ANNIH. RADIATION**     4.46E-03
 ALL LISTED BETAS, INTERNAL CONVERSION AND AUGER ELECTRONS   1.61E-01
 ALL NEGLECTED BETAS, INT. CONVERSION AND AUGER ELECTRONS**  7.35E-04
 ALL LISTED RADIATIONS                                       1.31E+00
 ALL NEGLECTED RADIATIONS**                                  5.20E-03
 
 *  AVERAGE ENERGY (MEV)
 ** EACH NEGLECTED TRANSITION CONTRIBUTES LESS THAN  0.100%
    TO THE TOTAL MEV/TRANSFORMATION FOR THIS CATEGORY.
 TOTAL FEEDING OF GROUND STATE LEVEL IN 178-HAFNIUM
   DAUGHTER IS 1.0000E+00  PER TRANSFORMATION OF 178M-TANTALUM.
   THIS DAUGHTER GROUND STATE IS STABLE.
