 177-TANTALUM-73         HALFLIFE = 56.56 HOURS   

  MODE OF DECAY: ELECTRON CAPTURE
 
                                    MEAN
                                    NUMBER/                  MEV/
                               ID   TRANSFOR-   ENERGY       TRANSFOR-
        TYPE OF RADIATION      NO.  MATION      (MEV)        MATION

 GAMMA-RAY                      5   7.24E-02    1.129E-01    8.17E-03
 K CONV. ELECTRON, GAMMA-RAY    5   5.85E-02    4.742E-02    2.78E-03
 L1 CONV. ELECTRON, GAMMA-RAY   5   6.26E-03    1.017E-01    6.36E-04
 L2 CONV. ELECTRON, GAMMA-RAY   5   3.94E-02    1.021E-01    4.02E-03
 L3 CONV. ELECTRON, GAMMA-RAY   5   3.48E-02    1.033E-01    3.59E-03
 M CONV. ELECTRON, GAMMA-RAY    5   2.01E-02    1.108E-01*   2.22E-03
 N+ CONV. ELECTRON, GAMMA-RAY   5   5.46E-03    1.129E-01*   6.16E-04
 GAMMA-RAY                     11   9.40E-03    2.084E-01    1.96E-03
 K CONV. ELECTRON, GAMMA-RAY   11   5.10E-04    1.429E-01    7.29E-05
 GAMMA-RAY                     13   3.10E-04    2.497E-01    7.75E-05
 GAMMA-RAY                     21   2.16E-04    3.213E-01    6.95E-05
 GAMMA-RAY                     26   3.10E-04    4.208E-01    1.31E-04
 GAMMA-RAY                     27   1.03E-03    4.246E-01    4.39E-04
 GAMMA-RAY                     30   3.10E-04    4.915E-01    1.52E-04
 GAMMA-RAY                     32   7.05E-04    5.081E-01    3.58E-04
 GAMMA-RAY                     33   1.69E-04    5.261E-01    8.90E-05
 GAMMA-RAY                     36   2.16E-04    6.044E-01    1.31E-04
 GAMMA-RAY                     37   2.91E-04    6.329E-01    1.84E-04
 GAMMA-RAY                     39   3.95E-04    7.344E-01    2.90E-04
 GAMMA-RAY                     40   1.60E-04    7.364E-01    1.18E-04
 GAMMA-RAY                     41   2.07E-03    7.459E-01    1.54E-03
 GAMMA-RAY                     44   2.73E-04    8.474E-01    2.31E-04
 GAMMA-RAY                     46   5.55E-04    9.448E-01    5.24E-04
 GAMMA-RAY                     48   2.91E-03    1.058E+00    3.08E-03
 K -L2 X-RAY                        2.40E-01    5.472E-02    1.32E-02
 K -L3 X-RAY                        4.21E-01    5.592E-02    2.35E-02
 K -M2 X-RAY                        4.48E-02    6.312E-02    2.83E-03
 K -M3 X-RAY                        8.66E-02    6.338E-02    5.49E-03
 K -M5 X-RAY                        1.16E-03    6.381E-02    7.38E-05
 K -N2 X-RAY                        1.01E-02    6.505E-02    6.55E-04
 K -N3 X-RAY                        1.95E-02    6.511E-02    1.27E-03
 K -O2 X-RAY                        2.28E-03    6.544E-02    1.49E-04
 K -O3 X-RAY                        4.72E-03    6.544E-02    3.09E-04
 L2-M4 X-RAY                        7.12E-02    9.038E-03    6.44E-04
 L2-N4 X-RAY                        1.30E-02    1.054E-02    1.37E-04
 L3-M4 X-RAY                        1.23E-02    7.833E-03    9.65E-05
 L3-M5 X-RAY                        1.09E-01    7.890E-03    8.58E-04
 L3-N5 X-RAY                        1.89E-02    9.344E-03    1.77E-04
 Free-Bound X-RAY                   1.02E+01    1.941E-05*   1.97E-04
 AUGER KLL                          2.67E-02    4.453E-02*   1.19E-03
 AUGER KLX                          1.38E-02    5.310E-02*   7.33E-04
 AUGER KXY                          1.72E-03    6.169E-02*   1.06E-04
 CK LLX                             1.65E-01    5.920E-04*   9.78E-05
 AUGER LMM                          4.98E-01    6.157E-03*   3.07E-03
 AUGER LMX                          1.85E-01    7.777E-03*   1.44E-03
 AUGER LXY                          1.73E-02    9.427E-03*   1.63E-04
 CK MMX                             5.95E-01    3.020E-04*   1.80E-04
 AUGER MNN                          1.54E+00    1.364E-03*   2.11E-03
 AUGER MNX                          8.12E-02    1.541E-03*   1.25E-04
 CK NNX                             3.54E+00    1.598E-04*   5.65E-04
 AUGER NXY                          1.12E-01    2.832E-04*   3.16E-05
 AUGER OXY                          1.26E+00    2.446E-05*   3.07E-05
 
 ALL LISTED X-RAYS, GAMMA-RAYS AND ANNIHILATION RADIATION    6.71E-02
 ALL NEGLECTED X-RAYS, GAMMA-RAYS AND ANNIH. RADIATION**     6.47E-04
 ALL LISTED BETAS, INTERNAL CONVERSION AND AUGER ELECTRONS   2.38E-02
 ALL NEGLECTED BETAS, INT. CONVERSION AND AUGER ELECTRONS**  1.95E-04
 ALL LISTED RADIATIONS                                       9.09E-02
 ALL NEGLECTED RADIATIONS**                                  8.42E-04
 
 *  AVERAGE ENERGY (MEV)
 ** EACH NEGLECTED TRANSITION CONTRIBUTES LESS THAN  0.100%
    TO THE TOTAL MEV/TRANSFORMATION FOR THIS CATEGORY.
 TOTAL FEEDING OF GROUND STATE LEVEL IN 177-HAFNIUM
   DAUGHTER IS 1.0000E+00 PER TRANSFORMATION OF 177-TANTALUM.
   THIS DAUGHTER GROUND STATE IS STABLE.
