 182M-TANTALUM-73        HALFLIFE = 15.84 MINUTES 

  MODE OF DECAY: ISOMERIC LEVEL
 
                                    MEAN
                                    NUMBER/                  MEV/
                               ID   TRANSFOR-   ENERGY       TRANSFOR-
        TYPE OF RADIATION      NO.  MATION      (MEV)        MATION

 L1 CONV. ELECTRON, GAMMA-RAY   1   4.38E-01    4.607E-03    2.02E-03
 L3 CONV. ELECTRON, GAMMA-RAY   1   2.76E-01    6.384E-03    1.76E-03
 M CONV. ELECTRON, GAMMA-RAY    1   1.95E-01    1.408E-02*   2.74E-03
 N+ CONV. ELECTRON, GAMMA-RAY   1   5.70E-02    1.626E-02*   9.27E-04
 GAMMA-RAY                      2   3.65E-01    1.468E-01    5.35E-02
 K CONV. ELECTRON, GAMMA-RAY    2   4.61E-01    7.922E-02    3.65E-02
 L1 CONV. ELECTRON, GAMMA-RAY   2   6.59E-02    1.351E-01    8.91E-03
 L2 CONV. ELECTRON, GAMMA-RAY   2   5.79E-03    1.356E-01    7.85E-04
 M CONV. ELECTRON, GAMMA-RAY    2   1.64E-02    1.446E-01*   2.38E-03
 N+ CONV. ELECTRON, GAMMA-RAY   2   4.82E-03    1.468E-01*   7.08E-04
 GAMMA-RAY                      3   4.80E-01    1.716E-01    8.24E-02
 K CONV. ELECTRON, GAMMA-RAY    3   3.91E-01    1.040E-01    4.07E-02
 L1 CONV. ELECTRON, GAMMA-RAY   3   5.60E-02    1.599E-01    8.95E-03
 L2 CONV. ELECTRON, GAMMA-RAY   3   4.85E-03    1.604E-01    7.77E-04
 M CONV. ELECTRON, GAMMA-RAY    3   1.39E-02    1.694E-01*   2.36E-03
 N+ CONV. ELECTRON, GAMMA-RAY   3   4.08E-03    1.716E-01*   7.00E-04
 GAMMA-RAY                      4   2.40E-01    1.850E-01    4.44E-02
 K CONV. ELECTRON, GAMMA-RAY    4   1.52E-01    1.174E-01    1.78E-02
 L1 CONV. ELECTRON, GAMMA-RAY   4   2.43E-02    1.733E-01    4.21E-03
 L2 CONV. ELECTRON, GAMMA-RAY   4   2.81E-01    1.738E-01    4.88E-02
 L3 CONV. ELECTRON, GAMMA-RAY   4   1.68E-01    1.751E-01    2.94E-02
 M CONV. ELECTRON, GAMMA-RAY    4   1.23E-01    1.828E-01*   2.26E-02
 N+ CONV. ELECTRON, GAMMA-RAY   4   3.43E-02    1.850E-01*   6.34E-03
 GAMMA-RAY                      5   6.72E-02    3.184E-01    2.14E-02
 K CONV. ELECTRON, GAMMA-RAY    5   3.88E-03    2.508E-01    9.73E-04
 GAMMA-RAY                      6   2.88E-03    3.565E-01    1.03E-03
 K CONV. ELECTRON, GAMMA-RAY    6   8.81E-03    2.889E-01    2.55E-03
 L1 CONV. ELECTRON, GAMMA-RAY   6   2.29E-03    3.448E-01    7.89E-04
 L3 CONV. ELECTRON, GAMMA-RAY   6   1.13E-03    3.466E-01    3.93E-04
 M CONV. ELECTRON, GAMMA-RAY    6   1.03E-03    3.543E-01*   3.65E-04
 K -L2 X-RAY                        2.81E-01    5.640E-02    1.58E-02
 K -L3 X-RAY                        4.89E-01    5.769E-02    2.82E-02
 K -M2 X-RAY                        5.23E-02    6.510E-02    3.41E-03
 K -M3 X-RAY                        1.01E-01    6.538E-02    6.61E-03
 K -N2 X-RAY                        1.18E-02    6.710E-02    7.94E-04
 K -N3 X-RAY                        2.29E-02    6.717E-02    1.54E-03
 K -O3 X-RAY                        5.53E-03    6.752E-02    3.74E-04
 L2-M4 X-RAY                        1.55E-01    9.361E-03    1.45E-03
 L2-N4 X-RAY                        2.85E-02    1.092E-02    3.11E-04
 L3-M5 X-RAY                        2.63E-01    8.138E-03    2.14E-03
 L3-N5 X-RAY                        4.61E-02    9.648E-03    4.45E-04
 Free-Bound X-RAY                   2.40E+01    2.496E-05*   6.00E-04
 AUGER KLL                          2.99E-02    4.585E-02*   1.37E-03
 AUGER KLX                          1.56E-02    5.472E-02*   8.52E-04
 CK LLX                             5.00E-01    5.921E-04*   2.96E-04
 AUGER LMM                          1.13E+00    6.339E-03*   7.13E-03
 AUGER LMX                          4.24E-01    8.028E-03*   3.41E-03
 AUGER LXY                          4.02E-02    9.749E-03*   3.92E-04
 CK MMX                             1.56E+00    3.127E-04*   4.87E-04
 AUGER MNN                          3.67E+00    1.418E-03*   5.21E-03
 AUGER MNX                          2.13E-01    1.600E-03*   3.41E-04
 CK NNX                             8.17E+00    1.604E-04*   1.31E-03
 
 ALL LISTED X-RAYS, GAMMA-RAYS AND ANNIHILATION RADIATION    2.64E-01
 ALL NEGLECTED X-RAYS, GAMMA-RAYS AND ANNIH. RADIATION**     1.47E-03
 ALL LISTED BETAS, INTERNAL CONVERSION AND AUGER ELECTRONS   2.65E-01
 ALL NEGLECTED BETAS, INT. CONVERSION AND AUGER ELECTRONS**  1.16E-03
 ALL LISTED RADIATIONS                                       5.30E-01
 ALL NEGLECTED RADIATIONS**                                  2.63E-03
 
 *  AVERAGE ENERGY (MEV)
 ** EACH NEGLECTED TRANSITION CONTRIBUTES LESS THAN  0.100%
    TO THE TOTAL MEV/TRANSFORMATION FOR THIS CATEGORY.
 TOTAL FEEDING OF GROUND STATE LEVEL IN 182-TANTALUM
   DAUGHTER IS 1.0000E+00  PER TRANSFORMATION OF 182M-TANTALUM.
   DECAY OF THIS 114.43 DAYS HALFLIFE LEVEL WILL CONTRIBUTE TO DOSE.
