 152-TERBIUM-65          HALFLIFE = 17.5 HOURS   

  MODES OF DECAY: ELECTRON CAPTURE, BETA PLUS
 
                                    MEAN
                                    NUMBER/                  MEV/
                               ID   TRANSFOR-   ENERGY       TRANSFOR-
        TYPE OF RADIATION      NO.  MATION      (MEV)        MATION

 BETA PLUS                     11   1.80E-03    4.682E-01*   8.41E-04
 BETA PLUS                     13   1.06E-03    5.030E-01*   5.32E-04
 BETA PLUS                     17   6.59E-04    5.779E-01*   3.81E-04
 BETA PLUS                     18   1.90E-03    5.996E-01*   1.14E-03
 BETA PLUS                     19   2.61E-03    6.163E-01*   1.61E-03
 BETA PLUS                     21   1.10E-03    6.926E-01*   7.60E-04
 BETA PLUS                     22   5.09E-03    7.441E-01*   3.79E-03
 BETA PLUS                     23   2.00E-03    7.458E-01*   1.49E-03
 BETA PLUS                     25   5.19E-03    8.315E-01*   4.31E-03
 BETA PLUS                     26   7.38E-03    8.378E-01*   6.19E-03
 BETA PLUS                     27   9.98E-04    8.740E-01*   8.72E-04
 BETA PLUS                     28   2.29E-02    9.182E-01*   2.11E-02
 BETA PLUS                     29   1.50E-03    1.002E+00*   1.50E-03
 BETA PLUS                     30   9.98E-03    1.063E+00*   1.06E-02
 BETA PLUS                     31   5.99E-02    1.184E+00*   7.09E-02
 BETA PLUS                     32   6.98E-02    1.336E+00*   9.33E-02
 ANNIHILATION RADIATION             3.92E-01    5.110E-01    2.00E-01
 GAMMA-RAY                     12   8.58E-02    2.711E-01    2.33E-02
 K CONV. ELECTRON, GAMMA-RAY   12   5.33E-03    2.208E-01    1.18E-03
 GAMMA-RAY                     13   8.64E-03    3.152E-01    2.72E-03
 GAMMA-RAY                     17   6.50E-01    3.443E-01    2.24E-01
 K CONV. ELECTRON, GAMMA-RAY   17   2.02E-02    2.940E-01    5.94E-03
 L1 CONV. ELECTRON, GAMMA-RAY  17   2.34E-03    3.359E-01    7.86E-04
 L2 CONV. ELECTRON, GAMMA-RAY  17   1.28E-03    3.363E-01    4.30E-04
 L3 CONV. ELECTRON, GAMMA-RAY  17   8.43E-04    3.370E-01    2.84E-04
 M CONV. ELECTRON, GAMMA-RAY   17   1.01E-03    3.427E-01*   3.46E-04
 GAMMA-RAY                     20   4.16E-03    3.878E-01    1.61E-03
 K CONV. ELECTRON, GAMMA-RAY   20   1.59E-03    3.375E-01    5.36E-04
 GAMMA-RAY                     21   4.09E-02    4.111E-01    1.68E-02
 K CONV. ELECTRON, GAMMA-RAY   21   7.79E-04    3.608E-01    2.81E-04
 K CONV. ELECTRON, GAMMA-RAY   22   4.41E-03    3.822E-01    1.69E-03
 L1 CONV. ELECTRON, GAMMA-RAY  22   6.16E-04    4.242E-01    2.61E-04
 GAMMA-RAY                     39   9.42E-02    5.863E-01    5.53E-02
 K CONV. ELECTRON, GAMMA-RAY   39   1.95E-03    5.360E-01    1.04E-03
 K CONV. ELECTRON, GAMMA-RAY   40   1.09E-02    5.653E-01    6.18E-03
 L1 CONV. ELECTRON, GAMMA-RAY  40   1.51E-03    6.073E-01    9.17E-04
 GAMMA-RAY                     41   9.36E-03    6.228E-01    5.83E-03
 GAMMA-RAY                     47   5.52E-03    6.751E-01    3.73E-03
 GAMMA-RAY                     51   7.86E-03    7.033E-01    5.53E-03
 GAMMA-RAY                     52   1.69E-02    7.033E-01    1.19E-02
 GAMMA-RAY                     57   2.21E-03    7.387E-01    1.63E-03
 GAMMA-RAY                     58   2.92E-02    7.649E-01    2.24E-02
 GAMMA-RAY                     60   5.78E-02    7.789E-01    4.51E-02
 GAMMA-RAY                     63   2.34E-03    8.128E-01    1.90E-03
 GAMMA-RAY                     69   6.69E-03    8.933E-01    5.98E-03
 GAMMA-RAY                     73   4.55E-03    9.287E-01    4.23E-03
 GAMMA-RAY                     74   1.82E-02    9.307E-01    1.69E-02
 GAMMA-RAY                     75   1.89E-03    9.370E-01    1.77E-03
 GAMMA-RAY                     78   9.29E-03    9.704E-01    9.02E-03
 GAMMA-RAY                     79   3.12E-02    9.741E-01    3.04E-02
 GAMMA-RAY                     82   7.80E-03    9.903E-01    7.72E-03
 GAMMA-RAY                     83   4.22E-03    1.011E+00    4.27E-03
 GAMMA-RAY                     91   1.56E-03    1.084E+00    1.69E-03
 GAMMA-RAY                     92   2.47E-03    1.086E+00    2.68E-03
 GAMMA-RAY                     93   1.00E-02    1.090E+00    1.09E-02
 GAMMA-RAY                     94   4.22E-03    1.107E+00    4.68E-03
 GAMMA-RAY                     95   2.66E-02    1.109E+00    2.96E-02
 GAMMA-RAY                     98   8.38E-03    1.138E+00    9.54E-03
 GAMMA-RAY                    100   2.47E-03    1.160E+00    2.87E-03
 GAMMA-RAY                    102   2.40E-03    1.186E+00    2.85E-03
 GAMMA-RAY                    103   4.48E-03    1.191E+00    5.34E-03
 GAMMA-RAY                    106   2.92E-03    1.209E+00    3.54E-03
 GAMMA-RAY                    110   1.08E-02    1.261E+00    1.36E-02
 GAMMA-RAY                    114   2.14E-02    1.299E+00    2.79E-02
 GAMMA-RAY                    115   1.43E-02    1.315E+00    1.88E-02
 GAMMA-RAY                    116   1.89E-03    1.316E+00    2.48E-03
 GAMMA-RAY                    117   3.90E-03    1.318E+00    5.14E-03
 GAMMA-RAY                    118   9.10E-03    1.326E+00    1.21E-02
 GAMMA-RAY                    119   1.36E-03    1.337E+00    1.82E-03
 GAMMA-RAY                    121   9.49E-03    1.348E+00    1.28E-02
 GAMMA-RAY                    125   1.36E-03    1.369E+00    1.87E-03
 GAMMA-RAY                    127   4.22E-03    1.384E+00    5.85E-03
 GAMMA-RAY                    128   1.62E-03    1.401E+00    2.28E-03
 GAMMA-RAY                    131   7.21E-03    1.412E+00    1.02E-02
 GAMMA-RAY                    138   1.82E-03    1.447E+00    2.63E-03
 GAMMA-RAY                    142   1.04E-03    1.496E+00    1.56E-03
 GAMMA-RAY                    144   7.08E-03    1.518E+00    1.08E-02
 GAMMA-RAY                    148   1.11E-03    1.566E+00    1.73E-03
 GAMMA-RAY                    149   1.56E-03    1.571E+00    2.45E-03
 GAMMA-RAY                    151   9.68E-03    1.586E+00    1.54E-02
 GAMMA-RAY                    152   1.82E-03    1.597E+00    2.91E-03
 GAMMA-RAY                    153   2.08E-03    1.597E+00    3.32E-03
 GAMMA-RAY                    154   2.34E-03    1.599E+00    3.74E-03
 GAMMA-RAY                    155   1.89E-03    1.599E+00    3.01E-03
 GAMMA-RAY                    156   1.56E-03    1.606E+00    2.51E-03
 GAMMA-RAY                    157   2.01E-03    1.606E+00    3.24E-03
 GAMMA-RAY                    158   2.53E-03    1.632E+00    4.14E-03
 GAMMA-RAY                    160   9.10E-04    1.646E+00    1.50E-03
 GAMMA-RAY                    162   7.54E-03    1.667E+00    1.26E-02
 GAMMA-RAY                    166   9.10E-04    1.739E+00    1.58E-03
 GAMMA-RAY                    167   7.21E-03    1.757E+00    1.27E-02
 GAMMA-RAY                    169   2.99E-03    1.771E+00    5.30E-03
 GAMMA-RAY                    170   8.45E-04    1.779E+00    1.50E-03
 GAMMA-RAY                    171   5.72E-03    1.789E+00    1.02E-02
 GAMMA-RAY                    172   1.95E-03    1.798E+00    3.51E-03
 GAMMA-RAY                    173   1.04E-03    1.803E+00    1.87E-03
 GAMMA-RAY                    174   9.75E-04    1.810E+00    1.76E-03
 GAMMA-RAY                    176   1.43E-03    1.825E+00    2.61E-03
 GAMMA-RAY                    177   9.75E-04    1.841E+00    1.79E-03
 GAMMA-RAY                    178   1.75E-03    1.857E+00    3.26E-03
 GAMMA-RAY                    179   4.94E-03    1.862E+00    9.20E-03
 GAMMA-RAY                    180   1.49E-03    1.871E+00    2.80E-03
 GAMMA-RAY                    183   1.90E-02    1.902E+00    3.62E-02
 GAMMA-RAY                    186   4.29E-03    1.921E+00    8.24E-03
 GAMMA-RAY                    188   7.21E-03    1.941E+00    1.40E-02
 GAMMA-RAY                    190   3.51E-03    1.955E+00    6.86E-03
 GAMMA-RAY                    195   9.10E-04    1.994E+00    1.81E-03
 GAMMA-RAY                    199   1.36E-03    2.034E+00    2.78E-03
 GAMMA-RAY                    200   9.10E-04    2.043E+00    1.86E-03
 GAMMA-RAY                    203   9.75E-04    2.069E+00    2.02E-03
 GAMMA-RAY                    204   7.80E-04    2.075E+00    1.62E-03
 GAMMA-RAY                    208   1.43E-03    2.093E+00    2.99E-03
 GAMMA-RAY                    209   9.10E-04    2.104E+00    1.91E-03
 GAMMA-RAY                    210   9.75E-04    2.114E+00    2.06E-03
 GAMMA-RAY                    213   2.27E-03    2.151E+00    4.89E-03
 GAMMA-RAY                    214   8.45E-04    2.159E+00    1.82E-03
 GAMMA-RAY                    215   9.75E-04    2.169E+00    2.11E-03
 GAMMA-RAY                    217   2.14E-03    2.185E+00    4.69E-03
 GAMMA-RAY                    218   7.80E-04    2.196E+00    1.71E-03
 GAMMA-RAY                    221   9.75E-04    2.252E+00    2.20E-03
 GAMMA-RAY                    222   7.80E-04    2.255E+00    1.76E-03
 GAMMA-RAY                    224   8.45E-04    2.265E+00    1.91E-03
 GAMMA-RAY                    225   1.11E-03    2.277E+00    2.52E-03
 GAMMA-RAY                    229   1.43E-03    2.343E+00    3.35E-03
 GAMMA-RAY                    232   4.35E-03    2.365E+00    1.03E-02
 GAMMA-RAY                    233   8.90E-03    2.375E+00    2.12E-02
 GAMMA-RAY                    234   1.82E-03    2.385E+00    4.34E-03
 GAMMA-RAY                    235   1.04E-03    2.398E+00    2.49E-03
 GAMMA-RAY                    236   1.49E-02    2.405E+00    3.58E-02
 GAMMA-RAY                    237   6.50E-04    2.428E+00    1.58E-03
 GAMMA-RAY                    241   9.10E-04    2.496E+00    2.27E-03
 GAMMA-RAY                    243   1.30E-03    2.519E+00    3.27E-03
 GAMMA-RAY                    244   9.10E-04    2.524E+00    2.30E-03
 GAMMA-RAY                    245   3.18E-03    2.536E+00    8.08E-03
 GAMMA-RAY                    248   2.21E-03    2.570E+00    5.68E-03
 GAMMA-RAY                    249   5.85E-04    2.576E+00    1.51E-03
 GAMMA-RAY                    251   7.15E-04    2.585E+00    1.85E-03
 GAMMA-RAY                    252   4.16E-03    2.588E+00    1.08E-02
 GAMMA-RAY                    254   5.85E-04    2.603E+00    1.52E-03
 GAMMA-RAY                    255   3.05E-03    2.620E+00    8.00E-03
 GAMMA-RAY                    257   5.85E-04    2.655E+00    1.55E-03
 GAMMA-RAY                    258   2.27E-03    2.663E+00    6.06E-03
 GAMMA-RAY                    259   1.56E-03    2.668E+00    4.16E-03
 GAMMA-RAY                    260   6.50E-04    2.681E+00    1.74E-03
 GAMMA-RAY                    262   6.50E-04    2.694E+00    1.75E-03
 GAMMA-RAY                    263   2.66E-03    2.698E+00    7.19E-03
 GAMMA-RAY                    264   7.80E-04    2.703E+00    2.11E-03
 GAMMA-RAY                    265   2.47E-03    2.709E+00    6.69E-03
 GAMMA-RAY                    266   3.90E-03    2.720E+00    1.06E-02
 GAMMA-RAY                    268   1.04E-03    2.734E+00    2.84E-03
 GAMMA-RAY                    270   9.75E-04    2.744E+00    2.68E-03
 GAMMA-RAY                    271   1.30E-03    2.755E+00    3.58E-03
 GAMMA-RAY                    277   1.11E-03    2.796E+00    3.09E-03
 GAMMA-RAY                    279   5.85E-04    2.809E+00    1.64E-03
 GAMMA-RAY                    285   8.45E-04    2.861E+00    2.42E-03
 GAMMA-RAY                    286   6.50E-04    2.870E+00    1.87E-03
 GAMMA-RAY                    288   1.30E-03    2.882E+00    3.75E-03
 GAMMA-RAY                    290   8.45E-04    2.893E+00    2.44E-03
 GAMMA-RAY                    292   5.85E-04    2.906E+00    1.70E-03
 GAMMA-RAY                    295   5.20E-04    2.928E+00    1.52E-03
 GAMMA-RAY                    297   9.10E-04    2.941E+00    2.68E-03
 GAMMA-RAY                    308   8.45E-04    3.042E+00    2.57E-03
 GAMMA-RAY                    318   5.85E-04    3.160E+00    1.85E-03
 GAMMA-RAY                    319   7.80E-04    3.165E+00    2.47E-03
 K -L2 X-RAY                        1.94E-01    4.236E-02    8.20E-03
 K -L3 X-RAY                        3.48E-01    4.306E-02    1.50E-02
 K -M2 X-RAY                        3.54E-02    4.862E-02    1.72E-03
 K -M3 X-RAY                        6.85E-02    4.876E-02    3.34E-03
 AUGER KLL                          3.02E-02    3.474E-02*   1.05E-03
 AUGER KLX                          1.50E-02    4.115E-02*   6.16E-04
 AUGER LMM                          4.34E-01    4.773E-03*   2.07E-03
 AUGER LMX                          1.52E-01    5.929E-03*   9.02E-04
 AUGER MNN                          1.18E+00    8.980E-04*   1.06E-03
 CK NNX                             3.51E+00    1.134E-04*   3.98E-04
 
 ALL LISTED X-RAYS, GAMMA-RAYS AND ANNIHILATION RADIATION    1.36E+00
 ALL NEGLECTED X-RAYS, GAMMA-RAYS AND ANNIH. RADIATION**     1.36E-01
 ALL LISTED BETAS, INTERNAL CONVERSION AND AUGER ELECTRONS   2.45E-01
 ALL NEGLECTED BETAS, INT. CONVERSION AND AUGER ELECTRONS**  5.04E-03
 ALL LISTED RADIATIONS                                       1.60E+00
 ALL NEGLECTED RADIATIONS**                                  1.41E-01
 
 *  AVERAGE ENERGY (MEV)
 ** EACH NEGLECTED TRANSITION CONTRIBUTES LESS THAN  0.100%
    TO THE TOTAL MEV/TRANSFORMATION FOR THIS CATEGORY.
 TOTAL FEEDING OF GROUND STATE LEVEL IN 152-GADOLINIUM
   DAUGHTER IS 1.0000E+00 PER TRANSFORMATION OF 152-TERBIUM.
   DECAY OF THIS 0.108E+15 YEARS HALFLIFE LEVEL WILL CONTRIBUTE TO DOSE.
