 146-TERBIUM-65          HALFLIFE = 23 SECONDS 

  MODES OF DECAY: ELECTRON CAPTURE, BETA PLUS
 
                                    MEAN
                                    NUMBER/                  MEV/
                               ID   TRANSFOR-   ENERGY       TRANSFOR-
        TYPE OF RADIATION      NO.  MATION      (MEV)        MATION

 BETA PLUS                      1   4.35E-03    1.091E+00*   4.74E-03
 BETA PLUS                      2   5.43E-02    1.141E+00*   6.20E-02
 BETA PLUS                      3   1.47E-01    1.891E+00*   2.77E-01
 BETA PLUS                      4   1.25E-01    1.939E+00*   2.42E-01
 BETA PLUS                      5   3.32E-01    2.098E+00*   6.95E-01
 BETA PLUS                      6   6.74E-02    2.565E+00*   1.73E-01
 ANNIHILATION RADIATION             1.46E+00    5.110E-01    7.45E-01
 GAMMA-RAY                      3   1.31E-01    4.410E-01    5.78E-02
 K CONV. ELECTRON, GAMMA-RAY    3   4.00E-03    3.907E-01    1.56E-03
 GAMMA-RAY                      4   2.60E-02    6.550E-01    1.70E-02
 GAMMA-RAY                      5   1.00E-02    9.876E-01    9.88E-03
 GAMMA-RAY                      6   2.90E-02    1.032E+00    2.99E-02
 GAMMA-RAY                      7   5.16E-01    1.079E+00    5.57E-01
 GAMMA-RAY                      9   1.72E-01    1.417E+00    2.44E-01
 GAMMA-RAY                     10   1.00E+00    1.580E+00    1.58E+00
 K CONV. ELECTRON, GAMMA-RAY   10   1.79E-03    1.529E+00    2.73E-03
 GAMMA-RAY                     13   2.90E-03    1.972E+00    5.72E-03
 GAMMA-RAY                     15   1.17E-01    3.140E+00    3.67E-01
 K -L3 X-RAY                        1.14E-01    4.306E-02    4.89E-03
 
 ALL LISTED X-RAYS, GAMMA-RAYS AND ANNIHILATION RADIATION    3.62E+00
 ALL NEGLECTED X-RAYS, GAMMA-RAYS AND ANNIH. RADIATION**     7.72E-03
 ALL LISTED BETAS, INTERNAL CONVERSION AND AUGER ELECTRONS   1.46E+00
 ALL NEGLECTED BETAS, INT. CONVERSION AND AUGER ELECTRONS**  5.21E-03
 ALL LISTED RADIATIONS                                       5.08E+00
 ALL NEGLECTED RADIATIONS**                                  1.29E-02
 
 *  AVERAGE ENERGY (MEV)
 ** EACH NEGLECTED TRANSITION CONTRIBUTES LESS THAN  0.100%
    TO THE TOTAL MEV/TRANSFORMATION FOR THIS CATEGORY.
 TOTAL FEEDING OF GROUND STATE LEVEL IN 146-GADOLINIUM
   DAUGHTER IS 1.0000E+00 PER TRANSFORMATION OF 146-TERBIUM.
   DECAY OF THIS 48.27 DAYS HALFLIFE LEVEL WILL CONTRIBUTE TO DOSE.
