 95M-TECHNETIUM-43       HALFLIFE = 61 DAYS    

  MODES OF DECAY: ELECTRON CAPTURE, BETA PLUS, ISOMERIC LEVEL
 
                                    MEAN
                                    NUMBER/                  MEV/
                               ID   TRANSFOR-   ENERGY       TRANSFOR-
        TYPE OF RADIATION      NO.  MATION      (MEV)        MATION

 BETA PLUS                      1   2.03E-03    2.258E-01*   4.57E-04
 BETA PLUS                      2   2.44E-03    3.368E-01*   8.21E-04
 ANNIHILATION RADIATION             8.93E-03    5.110E-01    4.56E-03
 GAMMA-RAY                      2   6.32E-01    2.041E-01    1.29E-01
 K CONV. ELECTRON, GAMMA-RAY    2   2.86E-02    1.842E-01    5.27E-03
 L1 CONV. ELECTRON, GAMMA-RAY   2   3.01E-03    2.013E-01    6.06E-04
 L2 CONV. ELECTRON, GAMMA-RAY   2   3.55E-04    2.015E-01    7.16E-05
 L3 CONV. ELECTRON, GAMMA-RAY   2   3.34E-04    2.016E-01    6.73E-05
 M CONV. ELECTRON, GAMMA-RAY    2   6.70E-04    2.037E-01*   1.36E-04
 N+ CONV. ELECTRON, GAMMA-RAY   2   1.19E-04    2.041E-01*   2.43E-05
 GAMMA-RAY                      5   6.11E-03    2.531E-01    1.55E-03
 K CONV. ELECTRON, GAMMA-RAY    5   1.13E-04    2.331E-01    2.63E-05
 GAMMA-RAY                     11   3.00E-01    5.821E-01    1.74E-01
 K CONV. ELECTRON, GAMMA-RAY   11   7.29E-04    5.621E-01    4.10E-04
 L1 CONV. ELECTRON, GAMMA-RAY  11   7.94E-05    5.792E-01    4.60E-05
 GAMMA-RAY                     13   1.28E-02    6.165E-01    7.92E-03
 K CONV. ELECTRON, GAMMA-RAY   13   2.91E-05    5.965E-01    1.74E-05
 GAMMA-RAY                     15   8.66E-02    7.862E-01    6.81E-02
 K CONV. ELECTRON, GAMMA-RAY   15   1.05E-04    7.662E-01    8.08E-05
 GAMMA-RAY                     17   4.71E-02    8.206E-01    3.87E-02
 K CONV. ELECTRON, GAMMA-RAY   17   5.22E-05    8.007E-01    4.18E-05
 GAMMA-RAY                     18   2.66E-01    8.351E-01    2.22E-01
 K CONV. ELECTRON, GAMMA-RAY   18   2.84E-04    8.152E-01    2.31E-04
 L1 CONV. ELECTRON, GAMMA-RAY  18   3.09E-05    8.323E-01    2.57E-05
 GAMMA-RAY                     21   2.78E-02    1.039E+00    2.89E-02
 K CONV. ELECTRON, GAMMA-RAY   21   1.74E-05    1.019E+00    1.77E-05
 K -L2 X-RAY                        1.90E-01    1.734E-02    3.29E-03
 K -L3 X-RAY                        3.62E-01    1.744E-02    6.31E-03
 K -M3 X-RAY                        5.74E-02    1.957E-02    1.12E-03
 AUGER KLL                          1.45E-01    1.471E-02*   2.13E-03
 AUGER KLX                          5.36E-02    1.697E-02*   9.10E-04
 AUGER KXY                          4.79E-03    1.924E-02*   9.22E-05
 CK LLX                             1.96E-01    1.069E-04*   2.10E-05
 AUGER LMM                          8.39E-01    1.952E-03*   1.64E-03
 AUGER LMX                          1.19E-01    2.201E-03*   2.62E-04
 CK MMX                             8.80E-01    1.067E-04*   9.39E-05
 AUGER MNN                          2.11E+00    1.762E-04*   3.72E-04
 CK NNX                             4.63E+00    2.736E-05*   1.27E-04
 K CONV. ELECTRON, GAMMA-RAY    1   8.33E-03    1.789E-02    1.49E-04
 L1 CONV. ELECTRON, GAMMA-RAY   1   5.72E-03    3.588E-02    2.05E-04
 L2 CONV. ELECTRON, GAMMA-RAY   1   1.18E-03    3.610E-02    4.24E-05
 L3 CONV. ELECTRON, GAMMA-RAY   1   1.72E-02    3.622E-02    6.24E-04
 M CONV. ELECTRON, GAMMA-RAY    1   5.43E-03    3.848E-02*   2.09E-04
 N+ CONV. ELECTRON, GAMMA-RAY   1   9.07E-04    3.890E-02*   3.53E-05
 AUGER KLL                          1.30E-03    1.542E-02*   2.01E-05
 AUGER LMM                          2.69E-02    2.040E-03*   5.49E-05
 
 ALL LISTED X-RAYS, GAMMA-RAYS AND ANNIHILATION RADIATION    6.86E-01
 ALL NEGLECTED X-RAYS, GAMMA-RAYS AND ANNIH. RADIATION**     2.53E-03
 ALL LISTED BETAS, INTERNAL CONVERSION AND AUGER ELECTRONS   1.53E-02
 ALL NEGLECTED BETAS, INT. CONVERSION AND AUGER ELECTRONS**  1.10E-04
 ALL LISTED RADIATIONS                                       7.02E-01
 ALL NEGLECTED RADIATIONS**                                  2.64E-03
 
 *  AVERAGE ENERGY (MEV)
 ** EACH NEGLECTED TRANSITION CONTRIBUTES LESS THAN  0.100%
    TO THE TOTAL MEV/TRANSFORMATION FOR THIS CATEGORY.
 TOTAL FEEDING OF GROUND STATE LEVEL IN 95-MOLYBDENUM
   DAUGHTER IS 9.6120E-01  PER TRANSFORMATION OF  95M-TECHNETIUM.
   THIS DAUGHTER GROUND STATE IS STABLE.
 TOTAL FEEDING OF GROUND STATE LEVEL IN 95-TECHNETIUM
   DAUGHTER IS 3.8800E-02  PER TRANSFORMATION OF  95M-TECHNETIUM.
   DECAY OF THIS 20 HOURS HALFLIFE LEVEL WILL CONTRIBUTE TO DOSE.
