 94-TECHNETIUM-43        HALFLIFE = 293 MINUTES 

  MODES OF DECAY: ELECTRON CAPTURE, BETA PLUS
 
                                    MEAN
                                    NUMBER/                  MEV/
                               ID   TRANSFOR-   ENERGY       TRANSFOR-
        TYPE OF RADIATION      NO.  MATION      (MEV)        MATION

 BETA PLUS                      3   1.07E-01    3.583E-01*   3.82E-02
 ANNIHILATION RADIATION             2.14E-01    5.110E-01    1.09E-01
 K CONV. ELECTRON, GAMMA-RAY    1   9.07E-03    6.304E-02    5.72E-04
 L1 CONV. ELECTRON, GAMMA-RAY   1   8.19E-04    8.015E-02    6.56E-05
 L3 CONV. ELECTRON, GAMMA-RAY   1   7.30E-04    8.048E-02    5.88E-05
 GAMMA-RAY                      2   3.30E-02    4.492E-01    1.48E-02
 K CONV. ELECTRON, GAMMA-RAY    2   1.47E-04    4.292E-01    6.30E-05
 GAMMA-RAY                      3   2.35E-02    5.321E-01    1.25E-02
 GAMMA-RAY                      4   9.96E-01    7.027E-01    7.00E-01
 K CONV. ELECTRON, GAMMA-RAY    4   1.62E-03    6.827E-01    1.10E-03
 L1 CONV. ELECTRON, GAMMA-RAY   4   1.72E-04    6.998E-01    1.20E-04
 GAMMA-RAY                      5   1.21E-02    7.423E-01    8.97E-03
 GAMMA-RAY                      6   9.57E-01    8.497E-01    8.13E-01
 K CONV. ELECTRON, GAMMA-RAY    6   9.61E-04    8.298E-01    7.98E-04
 L1 CONV. ELECTRON, GAMMA-RAY   6   1.03E-04    8.469E-01    8.70E-05
 GAMMA-RAY                      7   9.99E-01    8.711E-01    8.70E-01
 K CONV. ELECTRON, GAMMA-RAY    7   9.45E-04    8.511E-01    8.04E-04
 L1 CONV. ELECTRON, GAMMA-RAY   7   1.01E-04    8.682E-01    8.77E-05
 GAMMA-RAY                      8   7.59E-02    9.161E-01    6.96E-02
 K CONV. ELECTRON, GAMMA-RAY    8   6.60E-05    8.961E-01    5.92E-05
 GAMMA-RAY                      9   6.79E-03    1.509E+00    1.03E-02
 GAMMA-RAY                     10   2.25E-02    1.592E+00    3.58E-02
 GAMMA-RAY                     11   2.90E-03    1.766E+00    5.12E-03
 K -L2 X-RAY                        1.74E-01    1.734E-02    3.02E-03
 K -L3 X-RAY                        3.32E-01    1.744E-02    5.80E-03
 AUGER KLL                          1.33E-01    1.471E-02*   1.96E-03
 AUGER KLX                          4.93E-02    1.697E-02*   8.36E-04
 AUGER KXY                          4.40E-03    1.924E-02*   8.47E-05
 AUGER LMM                          7.70E-01    1.952E-03*   1.50E-03
 AUGER LMX                          1.09E-01    2.201E-03*   2.40E-04
 CK MMX                             8.07E-01    1.067E-04*   8.61E-05
 AUGER MNN                          1.93E+00    1.762E-04*   3.41E-04
 CK NNX                             4.24E+00    2.736E-05*   1.16E-04
 
 ALL LISTED X-RAYS, GAMMA-RAYS AND ANNIHILATION RADIATION    2.66E+00
 ALL NEGLECTED X-RAYS, GAMMA-RAYS AND ANNIH. RADIATION**     2.41E-03
 ALL LISTED BETAS, INTERNAL CONVERSION AND AUGER ELECTRONS   4.72E-02
 ALL NEGLECTED BETAS, INT. CONVERSION AND AUGER ELECTRONS**  3.35E-04
 ALL LISTED RADIATIONS                                       2.71E+00
 ALL NEGLECTED RADIATIONS**                                  2.75E-03
 
 *  AVERAGE ENERGY (MEV)
 ** EACH NEGLECTED TRANSITION CONTRIBUTES LESS THAN  0.100%
    TO THE TOTAL MEV/TRANSFORMATION FOR THIS CATEGORY.
 TOTAL FEEDING OF GROUND STATE LEVEL IN 94-MOLYBDENUM
   DAUGHTER IS 1.0000E+00 PER TRANSFORMATION OF  94-TECHNETIUM.
   THIS DAUGHTER GROUND STATE IS STABLE.
