 99M-TECHNETIUM-43       HALFLIFE = 6.015 HOURS   

  MODES OF DECAY: ISOMERIC LEVEL, BETA MINUS
 
                                    MEAN
                                    NUMBER/                  MEV/
                               ID   TRANSFOR-   ENERGY       TRANSFOR-
        TYPE OF RADIATION      NO.  MATION      (MEV)        MATION

 M CONV. ELECTRON, GAMMA-RAY    1   8.62E-01    1.748E-03*   1.51E-03
 N+ CONV. ELECTRON, GAMMA-RAY   1   1.30E-01    2.173E-03*   2.82E-04
 GAMMA-RAY                      2   8.91E-01    1.405E-01    1.25E-01
 K CONV. ELECTRON, GAMMA-RAY    2   8.92E-02    1.195E-01    1.07E-02
 L1 CONV. ELECTRON, GAMMA-RAY   2   9.89E-03    1.375E-01    1.36E-03
 L2 CONV. ELECTRON, GAMMA-RAY   2   6.46E-04    1.377E-01    8.89E-05
 L3 CONV. ELECTRON, GAMMA-RAY   2   3.37E-04    1.378E-01    4.65E-05
 M CONV. ELECTRON, GAMMA-RAY    2   1.99E-03    1.401E-01*   2.79E-04
 N+ CONV. ELECTRON, GAMMA-RAY   2   3.80E-04    1.405E-01*   5.34E-05
 K CONV. ELECTRON, GAMMA-RAY    3   5.50E-03    1.216E-01    6.69E-04
 L1 CONV. ELECTRON, GAMMA-RAY   3   9.48E-04    1.396E-01    1.32E-04
 L2 CONV. ELECTRON, GAMMA-RAY   3   1.98E-04    1.398E-01    2.77E-05
 L3 CONV. ELECTRON, GAMMA-RAY   3   6.08E-04    1.400E-01    8.51E-05
 M CONV. ELECTRON, GAMMA-RAY    3   3.48E-04    1.422E-01*   4.95E-05
 K -L2 X-RAY                        2.14E-02    1.821E-02    3.89E-04
 K -L3 X-RAY                        4.06E-02    1.833E-02    7.44E-04
 K -M3 X-RAY                        6.53E-03    2.059E-02    1.35E-04
 AUGER KLL                          1.48E-02    1.542E-02*   2.28E-04
 AUGER KLX                          5.59E-03    1.782E-02*   9.96E-05
 AUGER LMM                          9.03E-02    2.054E-03*   1.86E-04
 AUGER LMX                          1.41E-02    2.333E-03*   3.28E-05
 CK MMX                             7.09E-01    1.142E-04*   8.09E-05
 AUGER MNN                          1.08E+00    2.061E-04*   2.23E-04
 CK NNX                             2.47E+00    2.961E-05*   7.30E-05
 
 ALL LISTED X-RAYS, GAMMA-RAYS AND ANNIHILATION RADIATION    1.26E-01
 ALL NEGLECTED X-RAYS, GAMMA-RAYS AND ANNIH. RADIATION**     1.93E-04
 ALL LISTED BETAS, INTERNAL CONVERSION AND AUGER ELECTRONS   1.62E-02
 ALL NEGLECTED BETAS, INT. CONVERSION AND AUGER ELECTRONS**  3.06E-05
 ALL LISTED RADIATIONS                                       1.43E-01
 ALL NEGLECTED RADIATIONS**                                  2.23E-04
 
 *  AVERAGE ENERGY (MEV)
 ** EACH NEGLECTED TRANSITION CONTRIBUTES LESS THAN  0.100%
    TO THE TOTAL MEV/TRANSFORMATION FOR THIS CATEGORY.
 TOTAL FEEDING OF GROUND STATE LEVEL IN 99-TECHNETIUM
   DAUGHTER IS 9.9996E-01  PER TRANSFORMATION OF  99M-TECHNETIUM.
   DECAY OF THIS 211100 YEARS HALFLIFE LEVEL WILL CONTRIBUTE TO DOSE.
 TOTAL FEEDING OF GROUND STATE LEVEL IN 99-RUTHENIUM
   DAUGHTER IS 3.7000E-05  PER TRANSFORMATION OF  99M-TECHNETIUM.
   THIS DAUGHTER GROUND STATE IS STABLE.
