 95-TECHNETIUM-43        HALFLIFE = 20 HOURS   

  MODE OF DECAY: ELECTRON CAPTURE
 
                                    MEAN
                                    NUMBER/                  MEV/
                               ID   TRANSFOR-   ENERGY       TRANSFOR-
        TYPE OF RADIATION      NO.  MATION      (MEV)        MATION

 K CONV. ELECTRON, GAMMA-RAY    4   1.37E-04    1.842E-01    2.53E-05
 GAMMA-RAY                     11   3.04E-03    6.040E-01    1.84E-03
 GAMMA-RAY                     12   9.38E-01    7.658E-01    7.18E-01
 K CONV. ELECTRON, GAMMA-RAY   12   1.21E-03    7.458E-01    9.05E-04
 L1 CONV. ELECTRON, GAMMA-RAY  12   1.32E-04    7.629E-01    1.01E-04
 M CONV. ELECTRON, GAMMA-RAY   12   2.46E-05    7.654E-01*   1.88E-05
 GAMMA-RAY                     14   1.45E-03    7.859E-01    1.14E-03
 GAMMA-RAY                     15   3.17E-03    8.696E-01    2.76E-03
 GAMMA-RAY                     16   1.95E-02    9.477E-01    1.85E-02
 K CONV. ELECTRON, GAMMA-RAY   16   1.51E-05    9.277E-01    1.40E-05
 GAMMA-RAY                     18   3.74E-02    1.074E+00    4.02E-02
 K CONV. ELECTRON, GAMMA-RAY   18   2.31E-05    1.054E+00    2.43E-05
 K -L2 X-RAY                        1.92E-01    1.734E-02    3.33E-03
 K -L3 X-RAY                        3.66E-01    1.744E-02    6.38E-03
 K -M3 X-RAY                        5.80E-02    1.957E-02    1.14E-03
 AUGER KLL                          1.46E-01    1.471E-02*   2.15E-03
 AUGER KLX                          5.42E-02    1.697E-02*   9.20E-04
 AUGER KXY                          4.85E-03    1.924E-02*   9.32E-05
 CK LLX                             1.99E-01    1.069E-04*   2.13E-05
 AUGER LMM                          8.48E-01    1.952E-03*   1.66E-03
 AUGER LMX                          1.20E-01    2.201E-03*   2.64E-04
 AUGER LXY                          5.13E-03    2.485E-03*   1.27E-05
 CK MMX                             8.89E-01    1.066E-04*   9.49E-05
 AUGER MNN                          2.13E+00    1.762E-04*   3.76E-04
 CK NNX                             4.68E+00    2.736E-05*   1.28E-04
 
 ALL LISTED X-RAYS, GAMMA-RAYS AND ANNIHILATION RADIATION    7.94E-01
 ALL NEGLECTED X-RAYS, GAMMA-RAYS AND ANNIH. RADIATION**     2.74E-03
 ALL LISTED BETAS, INTERNAL CONVERSION AND AUGER ELECTRONS   6.80E-03
 ALL NEGLECTED BETAS, INT. CONVERSION AND AUGER ELECTRONS**  4.52E-05
 ALL LISTED RADIATIONS                                       8.01E-01
 ALL NEGLECTED RADIATIONS**                                  2.79E-03
 
 *  AVERAGE ENERGY (MEV)
 ** EACH NEGLECTED TRANSITION CONTRIBUTES LESS THAN  0.100%
    TO THE TOTAL MEV/TRANSFORMATION FOR THIS CATEGORY.
 TOTAL FEEDING OF GROUND STATE LEVEL IN 95-MOLYBDENUM
   DAUGHTER IS 1.0000E+00 PER TRANSFORMATION OF  95-TECHNETIUM.
   THIS DAUGHTER GROUND STATE IS STABLE.
