 123M-TELLURIUM-52       HALFLIFE = 119.25 DAYS    

  MODE OF DECAY: ISOMERIC LEVEL
 
                                    MEAN
                                    NUMBER/                  MEV/
                               ID   TRANSFOR-   ENERGY       TRANSFOR-
        TYPE OF RADIATION      NO.  MATION      (MEV)        MATION

 K CONV. ELECTRON, GAMMA-RAY    1   4.14E-01    5.666E-02    2.35E-02
 L1 CONV. ELECTRON, GAMMA-RAY   1   1.52E-01    8.355E-02    1.27E-02
 L2 CONV. ELECTRON, GAMMA-RAY   1   3.47E-02    8.384E-02    2.91E-03
 L3 CONV. ELECTRON, GAMMA-RAY   1   2.59E-01    8.412E-02    2.18E-02
 M CONV. ELECTRON, GAMMA-RAY    1   1.07E-01    8.765E-02*   9.34E-03
 N+ CONV. ELECTRON, GAMMA-RAY   1   2.43E-02    8.846E-02*   2.15E-03
 GAMMA-RAY                      2   8.40E-01    1.590E-01    1.34E-01
 K CONV. ELECTRON, GAMMA-RAY    2   1.38E-01    1.272E-01    1.75E-02
 L1 CONV. ELECTRON, GAMMA-RAY   2   1.65E-02    1.540E-01    2.54E-03
 L2 CONV. ELECTRON, GAMMA-RAY   2   1.08E-03    1.543E-01    1.67E-04
 M CONV. ELECTRON, GAMMA-RAY    2   3.59E-03    1.581E-01*   5.68E-04
 N+ CONV. ELECTRON, GAMMA-RAY   2   8.58E-04    1.590E-01*   1.36E-04
 K -L2 X-RAY                        1.39E-01    2.719E-02    3.79E-03
 K -L3 X-RAY                        2.59E-01    2.747E-02    7.12E-03
 K -M2 X-RAY                        2.39E-02    3.094E-02    7.39E-04
 K -M3 X-RAY                        4.63E-02    3.099E-02    1.44E-03
 K -N2 X-RAY                        4.95E-03    3.167E-02    1.57E-04
 K -N3 X-RAY                        9.72E-03    3.168E-02    3.08E-04
 Free-Bound X-RAY                   1.41E+01    1.361E-05*   1.92E-04
 AUGER KLL                          4.50E-02    2.267E-02*   1.02E-03
 AUGER KLX                          1.98E-02    2.651E-02*   5.26E-04
 AUGER LMM                          6.83E-01    3.075E-03*   2.10E-03
 AUGER LMX                          1.93E-01    3.669E-03*   7.09E-04
 AUGER MNN                          1.76E+00    4.497E-04*   7.92E-04
 AUGER NXY                          6.88E+00    2.292E-05*   1.58E-04
 
 ALL LISTED X-RAYS, GAMMA-RAYS AND ANNIHILATION RADIATION    1.47E-01
 ALL NEGLECTED X-RAYS, GAMMA-RAYS AND ANNIH. RADIATION**     4.42E-04
 ALL LISTED BETAS, INTERNAL CONVERSION AND AUGER ELECTRONS   9.86E-02
 ALL NEGLECTED BETAS, INT. CONVERSION AND AUGER ELECTRONS**  4.13E-04
 ALL LISTED RADIATIONS                                       2.46E-01
 ALL NEGLECTED RADIATIONS**                                  8.55E-04
 
 *  AVERAGE ENERGY (MEV)
 ** EACH NEGLECTED TRANSITION CONTRIBUTES LESS THAN  0.100%
    TO THE TOTAL MEV/TRANSFORMATION FOR THIS CATEGORY.
 TOTAL FEEDING OF GROUND STATE LEVEL IN 123-TELLURIUM
   DAUGHTER IS 1.0000E+00  PER TRANSFORMATION OF 123M-TELLURIUM.
   DECAY OF THIS 0.6E+15 YEARS HALFLIFE LEVEL WILL CONTRIBUTE TO DOSE.
