 202-THALLIUM-81         HALFLIFE = 12.23 DAYS    

  MODE OF DECAY: ELECTRON CAPTURE
 
                                    MEAN
                                    NUMBER/                  MEV/
                               ID   TRANSFOR-   ENERGY       TRANSFOR-
        TYPE OF RADIATION      NO.  MATION      (MEV)        MATION

 GAMMA-RAY                      1   9.14E-01    4.396E-01    4.02E-01
 K CONV. ELECTRON, GAMMA-RAY    1   2.39E-02    3.562E-01    8.50E-03
 L1 CONV. ELECTRON, GAMMA-RAY   1   3.38E-03    4.247E-01    1.44E-03
 L2 CONV. ELECTRON, GAMMA-RAY   1   3.19E-03    4.253E-01    1.36E-03
 L3 CONV. ELECTRON, GAMMA-RAY   1   1.34E-03    4.273E-01    5.73E-04
 M CONV. ELECTRON, GAMMA-RAY    1   1.97E-03    4.367E-01*   8.58E-04
 N+ CONV. ELECTRON, GAMMA-RAY   1   6.02E-04    4.396E-01*   2.64E-04
 GAMMA-RAY                      2   5.85E-03    5.201E-01    3.04E-03
 K CONV. ELECTRON, GAMMA-RAY    2   2.80E-04    4.368E-01    1.22E-04
 GAMMA-RAY                      3   6.85E-04    9.597E-01    6.58E-04
 K -L2 X-RAY                        2.29E-01    6.910E-02    1.58E-02
 K -L3 X-RAY                        3.87E-01    7.107E-02    2.75E-02
 K -M2 X-RAY                        4.28E-02    8.008E-02    3.43E-03
 K -M3 X-RAY                        8.28E-02    8.052E-02    6.67E-03
 K -N2 X-RAY                        1.01E-02    8.268E-02    8.34E-04
 K -N3 X-RAY                        1.98E-02    8.279E-02    1.64E-03
 L2-M4 X-RAY                        8.05E-02    1.186E-02    9.55E-04
 L3-M5 X-RAY                        1.29E-01    9.986E-03    1.29E-03
 AUGER KLL                          2.03E-02    5.572E-02*   1.13E-03
 AUGER KLX                          1.10E-02    6.694E-02*   7.35E-04
 AUGER KXY                          1.43E-03    7.816E-02*   1.12E-04
 CK LLX                             1.65E-01    8.138E-04*   1.34E-04
 AUGER LMM                          3.63E-01    7.646E-03*   2.77E-03
 AUGER LMX                          1.55E-01    9.855E-03*   1.53E-03
 AUGER LXY                          1.60E-02    1.209E-02*   1.93E-04
 CK MMX                             4.96E-01    4.154E-04*   2.06E-04
 AUGER MNN                          1.21E+00    1.807E-03*   2.19E-03
 AUGER MNX                          1.34E-01    2.040E-03*   2.73E-04
 CK NNX                             2.35E+00    1.746E-04*   4.10E-04
 AUGER NXY                          4.47E+00    6.991E-05*   3.12E-04
 CK OOX                             3.06E+00    4.204E-05*   1.28E-04
 
 ALL LISTED X-RAYS, GAMMA-RAYS AND ANNIHILATION RADIATION    4.64E-01
 ALL NEGLECTED X-RAYS, GAMMA-RAYS AND ANNIH. RADIATION**     2.19E-03
 ALL LISTED BETAS, INTERNAL CONVERSION AND AUGER ELECTRONS   2.32E-02
 ALL NEGLECTED BETAS, INT. CONVERSION AND AUGER ELECTRONS**  5.43E-05
 ALL LISTED RADIATIONS                                       4.87E-01
 ALL NEGLECTED RADIATIONS**                                  2.25E-03
 
 *  AVERAGE ENERGY (MEV)
 ** EACH NEGLECTED TRANSITION CONTRIBUTES LESS THAN  0.100%
    TO THE TOTAL MEV/TRANSFORMATION FOR THIS CATEGORY.
 TOTAL FEEDING OF GROUND STATE LEVEL IN 202-MERCURY
   DAUGHTER IS 1.0000E+00 PER TRANSFORMATION OF 202-THALLIUM.
   THIS DAUGHTER GROUND STATE IS STABLE.
