 201-THALLIUM-81         HALFLIFE = 72.912 HOURS   

  MODE OF DECAY: ELECTRON CAPTURE
 
                                    MEAN
                                    NUMBER/                  MEV/
                               ID   TRANSFOR-   ENERGY       TRANSFOR-
        TYPE OF RADIATION      NO.  MATION      (MEV)        MATION

 N+ CONV. ELECTRON, GAMMA-RAY   1   3.80E-01    1.565E-03*   5.95E-04
 L1 CONV. ELECTRON, GAMMA-RAY   3   4.29E-03    1.151E-02    4.94E-05
 L1 CONV. ELECTRON, GAMMA-RAY   4   8.52E-02    1.577E-02    1.34E-03
 L2 CONV. ELECTRON, GAMMA-RAY   4   8.55E-03    1.635E-02    1.40E-04
 M CONV. ELECTRON, GAMMA-RAY    4   2.22E-02    2.776E-02*   6.16E-04
 N+ CONV. ELECTRON, GAMMA-RAY   4   6.97E-03    3.060E-02*   2.13E-04
 L1 CONV. ELECTRON, GAMMA-RAY   5   7.48E-02    1.736E-02    1.30E-03
 L2 CONV. ELECTRON, GAMMA-RAY   5   7.67E-03    1.794E-02    1.38E-04
 M CONV. ELECTRON, GAMMA-RAY    5   1.96E-02    2.935E-02*   5.74E-04
 N+ CONV. ELECTRON, GAMMA-RAY   5   6.14E-03    3.219E-02*   1.98E-04
 GAMMA-RAY                      6   2.57E-02    1.353E-01    3.47E-03
 K CONV. ELECTRON, GAMMA-RAY    6   7.34E-02    5.199E-02    3.81E-03
 L1 CONV. ELECTRON, GAMMA-RAY   6   1.12E-02    1.205E-01    1.35E-03
 L2 CONV. ELECTRON, GAMMA-RAY   6   1.12E-03    1.211E-01    1.36E-04
 M CONV. ELECTRON, GAMMA-RAY    6   2.92E-03    1.325E-01*   3.86E-04
 N+ CONV. ELECTRON, GAMMA-RAY   6   9.16E-04    1.353E-01*   1.24E-04
 GAMMA-RAY                      8   1.55E-03    1.659E-01    2.57E-04
 K CONV. ELECTRON, GAMMA-RAY    8   2.21E-03    8.253E-02    1.82E-04
 L1 CONV. ELECTRON, GAMMA-RAY   8   3.37E-04    1.511E-01    5.09E-05
 GAMMA-RAY                      9   1.00E-01    1.674E-01    1.67E-02
 K CONV. ELECTRON, GAMMA-RAY    9   1.56E-01    8.408E-02    1.31E-02
 L1 CONV. ELECTRON, GAMMA-RAY   9   2.39E-02    1.526E-01    3.65E-03
 L2 CONV. ELECTRON, GAMMA-RAY   9   2.39E-03    1.532E-01    3.66E-04
 M CONV. ELECTRON, GAMMA-RAY    9   6.21E-03    1.646E-01*   1.02E-03
 N+ CONV. ELECTRON, GAMMA-RAY   9   1.95E-03    1.674E-01*   3.27E-04
 K -L2 X-RAY                        2.74E-01    6.910E-02    1.89E-02
 K -L3 X-RAY                        4.64E-01    7.107E-02    3.30E-02
 K -M2 X-RAY                        5.12E-02    8.008E-02    4.10E-03
 K -M3 X-RAY                        9.91E-02    8.052E-02    7.98E-03
 K -M4 X-RAY                        1.32E-03    8.096E-02    1.07E-04
 K -M5 X-RAY                        1.62E-03    8.105E-02    1.31E-04
 K -N2 X-RAY                        1.21E-02    8.268E-02    9.98E-04
 K -N3 X-RAY                        2.36E-02    8.279E-02    1.96E-03
 K -O2 X-RAY                        2.79E-03    8.327E-02    2.32E-04
 K -O3 X-RAY                        5.48E-03    8.328E-02    4.56E-04
 L1-M2 X-RAY                        1.16E-02    1.155E-02    1.34E-04
 L1-M3 X-RAY                        1.32E-02    1.199E-02    1.58E-04
 L2-M4 X-RAY                        1.06E-01    1.186E-02    1.25E-03
 L2-N4 X-RAY                        2.11E-02    1.388E-02    2.92E-04
 L3-M1 X-RAY                        1.22E-02    8.750E-03    1.07E-04
 L3-M4 X-RAY                        2.13E-02    9.892E-03    2.11E-04
 L3-M5 X-RAY                        1.87E-01    9.986E-03    1.87E-03
 L3-N5 X-RAY                        3.54E-02    1.193E-02    4.22E-04
 M X-RAY                            6.73E-02    2.223E-03*   1.50E-04
 Free-Bound X-RAY                   2.28E+01    1.470E-05*   3.35E-04
 AUGER KLL                          2.43E-02    5.572E-02*   1.35E-03
 AUGER KLX                          1.32E-02    6.694E-02*   8.80E-04
 AUGER KXY                          1.71E-03    7.816E-02*   1.34E-04
 CK LLX                             3.53E-01    7.435E-04*   2.62E-04
 AUGER LMM                          5.29E-01    7.659E-03*   4.05E-03
 AUGER LMX                          2.26E-01    9.871E-03*   2.23E-03
 AUGER LXY                          2.34E-02    1.211E-02*   2.83E-04
 CK MMX                             7.76E-01    4.180E-04*   3.24E-04
 AUGER MNN                          1.85E+00    1.807E-03*   3.34E-03
 AUGER MNX                          2.04E-01    2.039E-03*   4.16E-04
 CK NNX                             4.16E+00    1.760E-04*   7.31E-04
 AUGER NXY                          7.40E+00    7.237E-05*   5.36E-04
 CK OOX                             5.34E+00    4.208E-05*   2.25E-04
 
 ALL LISTED X-RAYS, GAMMA-RAYS AND ANNIHILATION RADIATION    9.32E-02
 ALL NEGLECTED X-RAYS, GAMMA-RAYS AND ANNIH. RADIATION**     5.84E-04
 ALL LISTED BETAS, INTERNAL CONVERSION AND AUGER ELECTRONS   4.45E-02
 ALL NEGLECTED BETAS, INT. CONVERSION AND AUGER ELECTRONS**  2.37E-04
 ALL LISTED RADIATIONS                                       1.38E-01
 ALL NEGLECTED RADIATIONS**                                  8.21E-04
 
 *  AVERAGE ENERGY (MEV)
 ** EACH NEGLECTED TRANSITION CONTRIBUTES LESS THAN  0.100%
    TO THE TOTAL MEV/TRANSFORMATION FOR THIS CATEGORY.
 TOTAL FEEDING OF GROUND STATE LEVEL IN 201-MERCURY
   DAUGHTER IS 1.0000E+00 PER TRANSFORMATION OF 201-THALLIUM.
   THIS DAUGHTER GROUND STATE IS STABLE.
