 200-THALLIUM-81         HALFLIFE = 26.1 HOURS   

  MODES OF DECAY: ELECTRON CAPTURE, BETA PLUS
 
                                    MEAN
                                    NUMBER/                  MEV/
                               ID   TRANSFOR-   ENERGY       TRANSFOR-
        TYPE OF RADIATION      NO.  MATION      (MEV)        MATION

 BETA PLUS                      1   3.01E-03    4.958E-01*   1.49E-03
 BETA PLUS                      2   5.52E-04    6.608E-01*   3.65E-04
 ANNIHILATION RADIATION             7.12E-03    5.110E-01    3.64E-03
 L1 CONV. ELECTRON, GAMMA-RAY   1   6.85E-04    6.203E-02    4.25E-05
 K CONV. ELECTRON, GAMMA-RAY    3   5.00E-03    3.316E-02    1.66E-04
 L1 CONV. ELECTRON, GAMMA-RAY   3   7.64E-04    1.017E-01    7.77E-05
 K CONV. ELECTRON, GAMMA-RAY    7   1.40E-03    1.687E-01    2.37E-04
 L1 CONV. ELECTRON, GAMMA-RAY   7   2.13E-04    2.372E-01    5.04E-05
 K CONV. ELECTRON, GAMMA-RAY    8   4.81E-04    1.689E-01    8.13E-05
 GAMMA-RAY                     10   5.14E-03    2.894E-01    1.49E-03
 K CONV. ELECTRON, GAMMA-RAY   10   1.77E-03    2.060E-01    3.65E-04
 L1 CONV. ELECTRON, GAMMA-RAY  10   2.68E-04    2.745E-01    7.36E-05
 K CONV. ELECTRON, GAMMA-RAY   11   7.52E-04    2.258E-01    1.70E-04
 GAMMA-RAY                     14   8.72E-01    3.679E-01    3.21E-01
 K CONV. ELECTRON, GAMMA-RAY   14   3.41E-02    2.846E-01    9.70E-03
 L1 CONV. ELECTRON, GAMMA-RAY  14   4.78E-03    3.531E-01    1.69E-03
 L2 CONV. ELECTRON, GAMMA-RAY  14   6.18E-03    3.537E-01    2.18E-03
 L3 CONV. ELECTRON, GAMMA-RAY  14   2.84E-03    3.557E-01    1.01E-03
 M CONV. ELECTRON, GAMMA-RAY   14   3.47E-03    3.651E-01*   1.27E-03
 N+ CONV. ELECTRON, GAMMA-RAY  14   1.06E-03    3.679E-01*   3.88E-04
 K CONV. ELECTRON, GAMMA-RAY   16   2.46E-04    3.039E-01    7.48E-05
 GAMMA-RAY                     21   3.23E-03    4.768E-01    1.54E-03
 K CONV. ELECTRON, GAMMA-RAY   21   1.86E-04    3.935E-01    7.32E-05
 GAMMA-RAY                     26   2.53E-03    5.214E-01    1.32E-03
 K CONV. ELECTRON, GAMMA-RAY   26   1.13E-04    4.380E-01    4.95E-05
 GAMMA-RAY                     32   1.38E-01    5.793E-01    7.98E-02
 K CONV. ELECTRON, GAMMA-RAY   32   1.99E-03    4.959E-01    9.86E-04
 L1 CONV. ELECTRON, GAMMA-RAY  32   2.83E-04    5.645E-01    1.60E-04
 L2 CONV. ELECTRON, GAMMA-RAY  32   1.67E-04    5.650E-01    9.42E-05
 M CONV. ELECTRON, GAMMA-RAY   32   1.25E-04    5.764E-01*   7.20E-05
 GAMMA-RAY                     33   2.88E-03    5.917E-01    1.70E-03
 K CONV. ELECTRON, GAMMA-RAY   33   1.48E-04    5.083E-01    7.51E-05
 GAMMA-RAY                     34   2.44E-03    6.121E-01    1.49E-03
 GAMMA-RAY                     36   1.00E-02    6.286E-01    6.30E-03
 K CONV. ELECTRON, GAMMA-RAY   36   4.40E-04    5.453E-01    2.40E-04
 GAMMA-RAY                     37   2.28E-02    6.614E-01    1.51E-02
 K CONV. ELECTRON, GAMMA-RAY   37   2.50E-04    5.780E-01    1.45E-04
 GAMMA-RAY                     40   1.29E-02    7.016E-01    9.05E-03
 K CONV. ELECTRON, GAMMA-RAY   40   1.26E-04    6.182E-01    7.79E-05
 GAMMA-RAY                     41   2.70E-03    7.118E-01    1.92E-03
 K CONV. ELECTRON, GAMMA-RAY   41   8.61E-05    6.284E-01    5.41E-05
 GAMMA-RAY                     44   5.67E-03    7.836E-01    4.44E-03
 GAMMA-RAY                     45   1.03E-02    7.871E-01    8.10E-03
 K CONV. ELECTRON, GAMMA-RAY   45   2.53E-04    7.037E-01    1.78E-04
 GAMMA-RAY                     46   1.08E-01    8.283E-01    8.96E-02
 K CONV. ELECTRON, GAMMA-RAY   46   2.33E-03    7.450E-01    1.73E-03
 L1 CONV. ELECTRON, GAMMA-RAY  46   3.46E-04    8.135E-01    2.82E-04
 M CONV. ELECTRON, GAMMA-RAY   46   8.70E-05    8.255E-01*   7.19E-05
 GAMMA-RAY                     49   2.02E-02    8.862E-01    1.79E-02
 K CONV. ELECTRON, GAMMA-RAY   49   1.82E-04    8.028E-01    1.46E-04
 GAMMA-RAY                     50   6.19E-03    8.985E-01    5.56E-03
 K CONV. ELECTRON, GAMMA-RAY   50   7.30E-05    8.152E-01    5.95E-05
 GAMMA-RAY                     55   1.22E-03    1.147E+00    1.40E-03
 GAMMA-RAY                     57   1.13E-03    1.181E+00    1.34E-03
 GAMMA-RAY                     58   1.13E-03    1.202E+00    1.36E-03
 GAMMA-RAY                     59   2.99E-01    1.206E+00    3.61E-01
 K CONV. ELECTRON, GAMMA-RAY   59   2.41E-03    1.122E+00    2.71E-03
 L1 CONV. ELECTRON, GAMMA-RAY  59   3.57E-04    1.191E+00    4.26E-04
 M CONV. ELECTRON, GAMMA-RAY   59   8.92E-05    1.203E+00*   1.07E-04
 GAMMA-RAY                     60   3.36E-02    1.226E+00    4.11E-02
 K CONV. ELECTRON, GAMMA-RAY   60   1.39E-04    1.142E+00    1.59E-04
 GAMMA-RAY                     61   9.33E-03    1.254E+00    1.17E-02
 GAMMA-RAY                     62   7.85E-03    1.263E+00    9.91E-03
 K CONV. ELECTRON, GAMMA-RAY   62   5.17E-05    1.180E+00    6.09E-05
 GAMMA-RAY                     63   3.31E-02    1.274E+00    4.22E-02
 K CONV. ELECTRON, GAMMA-RAY   63   2.41E-04    1.190E+00    2.87E-04
 L1 CONV. ELECTRON, GAMMA-RAY  63   3.57E-05    1.259E+00    4.49E-05
 GAMMA-RAY                     64   6.02E-03    1.291E+00    7.77E-03
 GAMMA-RAY                     66   1.48E-03    1.350E+00    2.00E-03
 GAMMA-RAY                     67   3.40E-02    1.363E+00    4.63E-02
 K CONV. ELECTRON, GAMMA-RAY   67   1.51E-04    1.280E+00    1.94E-04
 GAMMA-RAY                     68   8.72E-03    1.366E+00    1.19E-02
 K CONV. ELECTRON, GAMMA-RAY   68   5.32E-05    1.283E+00    6.83E-05
 GAMMA-RAY                     69   1.45E-02    1.408E+00    2.04E-02
 K CONV. ELECTRON, GAMMA-RAY   69   7.48E-05    1.324E+00    9.90E-05
 GAMMA-RAY                     70   1.52E-03    1.478E+00    2.24E-03
 K CONV. ELECTRON, GAMMA-RAY   71   3.61E-05    1.432E+00    5.17E-05
 GAMMA-RAY                     72   4.01E-02    1.515E+00    6.08E-02
 K CONV. ELECTRON, GAMMA-RAY   72   1.87E-04    1.432E+00    2.68E-04
 L1 CONV. ELECTRON, GAMMA-RAY  72   2.76E-05    1.500E+00    4.15E-05
 GAMMA-RAY                     73   2.70E-03    1.571E+00    4.25E-03
 GAMMA-RAY                     75   1.17E-02    1.605E+00    1.87E-02
 K CONV. ELECTRON, GAMMA-RAY   75   4.77E-05    1.521E+00    7.26E-05
 GAMMA-RAY                     76   8.11E-04    1.631E+00    1.32E-03
 GAMMA-RAY                     77   7.94E-04    1.693E+00    1.34E-03
 GAMMA-RAY                     78   3.31E-03    1.718E+00    5.69E-03
 GAMMA-RAY                     80   1.40E-03    1.759E+00    2.45E-03
 GAMMA-RAY                     85   1.14E-03    1.906E+00    2.18E-03
 K -L2 X-RAY                        2.36E-01    6.910E-02    1.63E-02
 K -L3 X-RAY                        4.00E-01    7.107E-02    2.84E-02
 K -M2 X-RAY                        4.42E-02    8.008E-02    3.54E-03
 K -M3 X-RAY                        8.55E-02    8.052E-02    6.88E-03
 K -N3 X-RAY                        2.04E-02    8.279E-02    1.69E-03
 L3-M5 X-RAY                        1.34E-01    9.986E-03    1.34E-03
 AUGER KLL                          2.09E-02    5.572E-02*   1.17E-03
 AUGER KLX                          1.13E-02    6.694E-02*   7.59E-04
 AUGER KXY                          1.48E-03    7.816E-02*   1.16E-04
 CK LLX                             1.72E-01    8.143E-04*   1.40E-04
 AUGER LMM                          3.77E-01    7.648E-03*   2.88E-03
 AUGER LMX                          1.61E-01    9.857E-03*   1.59E-03
 AUGER LXY                          1.66E-02    1.209E-02*   2.01E-04
 CK MMX                             5.16E-01    4.155E-04*   2.15E-04
 AUGER MNN                          1.26E+00    1.807E-03*   2.28E-03
 AUGER MNX                          1.39E-01    2.040E-03*   2.84E-04
 CK NNX                             2.44E+00    1.746E-04*   4.27E-04
 AUGER NXY                          4.65E+00    6.991E-05*   3.25E-04
 CK OOX                             3.18E+00    4.204E-05*   1.34E-04
 
 ALL LISTED X-RAYS, GAMMA-RAYS AND ANNIHILATION RADIATION    1.29E+00
 ALL NEGLECTED X-RAYS, GAMMA-RAYS AND ANNIH. RADIATION**     2.56E-02
 ALL LISTED BETAS, INTERNAL CONVERSION AND AUGER ELECTRONS   3.90E-02
 ALL NEGLECTED BETAS, INT. CONVERSION AND AUGER ELECTRONS**  1.74E-03
 ALL LISTED RADIATIONS                                       1.32E+00
 ALL NEGLECTED RADIATIONS**                                  2.73E-02
 
 *  AVERAGE ENERGY (MEV)
 ** EACH NEGLECTED TRANSITION CONTRIBUTES LESS THAN  0.100%
    TO THE TOTAL MEV/TRANSFORMATION FOR THIS CATEGORY.
 TOTAL FEEDING OF GROUND STATE LEVEL IN 200-MERCURY
   DAUGHTER IS 1.0000E+00 PER TRANSFORMATION OF 200-THALLIUM.
   THIS DAUGHTER GROUND STATE IS STABLE.
