 206-THALLIUM-81         HALFLIFE = 4.2 MINUTES 

  MODE OF DECAY: BETA MINUS
 
                                    MEAN
                                    NUMBER/                  MEV/
                               ID   TRANSFOR-   ENERGY       TRANSFOR-
        TYPE OF RADIATION      NO.  MATION      (MEV)        MATION

 BETA MINUS                     3   9.99E-01    5.392E-01*   5.39E-01
 GAMMA-RAY                      1   2.60E-06    3.620E-01    9.41E-07
 GAMMA-RAY                      2   5.00E-05    8.033E-01    4.02E-05
 K CONV. ELECTRON, GAMMA-RAY    3   8.24E-04    1.077E+00    8.87E-04
 K -L2 X-RAY                        2.33E-04    7.304E-02    1.70E-05
 K -L3 X-RAY                        3.91E-04    7.525E-02    2.94E-05
 K -M2 X-RAY                        4.35E-05    8.474E-02    3.69E-06
 K -M3 X-RAY                        8.43E-05    8.524E-02    7.18E-06
 K -M5 X-RAY                        1.44E-06    8.580E-02    1.23E-07
 K -N2 X-RAY                        1.04E-05    8.753E-02    9.08E-07
 K -N3 X-RAY                        2.04E-05    8.766E-02    1.79E-06
 K -O2 X-RAY                        2.41E-06    8.818E-02    2.13E-07
 K -O3 X-RAY                        4.67E-06    8.820E-02    4.12E-07
 L2-M4 X-RAY                        8.13E-05    1.266E-02    1.03E-06
 L2-N4 X-RAY                        1.66E-05    1.482E-02    2.46E-07
 L3-M4 X-RAY                        1.52E-05    1.045E-02    1.59E-07
 L3-M5 X-RAY                        1.34E-04    1.055E-02    1.41E-06
 L3-N5 X-RAY                        2.57E-05    1.263E-02    3.25E-07
 M X-RAY                            4.67E-05    2.379E-03*   1.11E-07
 Free-Bound X-RAY                   1.24E-02    2.662E-05*   3.30E-07
 
 ALL LISTED X-RAYS, GAMMA-RAYS AND ANNIHILATION RADIATION    1.05E-04
 ALL NEGLECTED X-RAYS, GAMMA-RAYS AND ANNIH. RADIATION**     6.43E-07
 ALL LISTED BETAS, INTERNAL CONVERSION AND AUGER ELECTRONS   5.39E-01
 ALL NEGLECTED BETAS, INT. CONVERSION AND AUGER ELECTRONS**  3.31E-04
 ALL LISTED RADIATIONS                                       5.40E-01
 ALL NEGLECTED RADIATIONS**                                  3.31E-04
 
 *  AVERAGE ENERGY (MEV)
 ** EACH NEGLECTED TRANSITION CONTRIBUTES LESS THAN  0.100%
    TO THE TOTAL MEV/TRANSFORMATION FOR THIS CATEGORY.
 TOTAL FEEDING OF GROUND STATE LEVEL IN 206-LEAD
   DAUGHTER IS 1.0000E+00 PER TRANSFORMATION OF 206-THALLIUM.
   THIS DAUGHTER GROUND STATE IS STABLE.
