 207-THALLIUM-81         HALFLIFE = 4.77 MINUTES 

  MODE OF DECAY: BETA MINUS
 
                                    MEAN
                                    NUMBER/                  MEV/
                               ID   TRANSFOR-   ENERGY       TRANSFOR-
        TYPE OF RADIATION      NO.  MATION      (MEV)        MATION

 BETA MINUS                     3   9.97E-01    4.960E-01*   4.95E-01
 GAMMA-RAY                      1   1.40E-05    3.281E-01    4.59E-06
 GAMMA-RAY                      2   1.59E-05    5.696E-01    9.06E-06
 GAMMA-RAY                      3   2.60E-03    8.978E-01    2.33E-03
 
 ALL LISTED X-RAYS, GAMMA-RAYS AND ANNIHILATION RADIATION    2.35E-03
 ALL NEGLECTED X-RAYS, GAMMA-RAYS AND ANNIH. RADIATION**     4.52E-06
 ALL LISTED BETAS, INTERNAL CONVERSION AND AUGER ELECTRONS   4.95E-01
 ALL NEGLECTED BETAS, INT. CONVERSION AND AUGER ELECTRONS**  4.79E-04
 ALL LISTED RADIATIONS                                       4.97E-01
 ALL NEGLECTED RADIATIONS**                                  4.84E-04
 
 *  AVERAGE ENERGY (MEV)
 ** EACH NEGLECTED TRANSITION CONTRIBUTES LESS THAN  0.100%
    TO THE TOTAL MEV/TRANSFORMATION FOR THIS CATEGORY.
 TOTAL FEEDING OF GROUND STATE LEVEL IN 207-LEAD
   DAUGHTER IS 1.0000E+00 PER TRANSFORMATION OF 207-THALLIUM.
   THIS DAUGHTER GROUND STATE IS STABLE.
