 208-THALLIUM-81         HALFLIFE = 3.053 MINUTES 

  MODE OF DECAY: BETA MINUS
 
                                    MEAN
                                    NUMBER/                  MEV/
                               ID   TRANSFOR-   ENERGY       TRANSFOR-
        TYPE OF RADIATION      NO.  MATION      (MEV)        MATION

 BETA MINUS                     8   3.11E-02    3.409E-01*   1.06E-02
 BETA MINUS                    10   6.34E-03    3.567E-01*   2.26E-03
 BETA MINUS                    11   2.47E-01    4.394E-01*   1.08E-01
 BETA MINUS                    12   2.19E-01    5.332E-01*   1.17E-01
 BETA MINUS                    13   4.90E-01    6.472E-01*   3.17E-01
 K CONV. ELECTRON, GAMMA-RAY    3   4.10E-03    1.643E-01    6.74E-04
 GAMMA-RAY                      4   6.31E-02    2.774E-01    1.75E-02
 K CONV. ELECTRON, GAMMA-RAY    4   2.88E-02    1.891E-01    5.45E-03
 L1 CONV. ELECTRON, GAMMA-RAY   4   4.45E-03    2.615E-01    1.16E-03
 GAMMA-RAY                      7   2.26E-01    5.108E-01    1.15E-01
 K CONV. ELECTRON, GAMMA-RAY    7   2.00E-02    4.225E-01    8.46E-03
 L1 CONV. ELECTRON, GAMMA-RAY   7   3.06E-03    4.949E-01    1.51E-03
 GAMMA-RAY                      8   8.45E-01    5.832E-01    4.93E-01
 K CONV. ELECTRON, GAMMA-RAY    8   1.29E-02    4.949E-01    6.37E-03
 L1 CONV. ELECTRON, GAMMA-RAY   8   1.90E-03    5.673E-01    1.08E-03
 L2 CONV. ELECTRON, GAMMA-RAY   8   1.21E-03    5.679E-01    6.88E-04
 GAMMA-RAY                     14   1.81E-02    7.631E-01    1.38E-02
 GAMMA-RAY                     16   1.24E-01    8.606E-01    1.07E-01
 K CONV. ELECTRON, GAMMA-RAY   16   2.84E-03    7.723E-01    2.20E-03
 GAMMA-RAY                     21   3.97E-03    1.094E+00    4.34E-03
 GAMMA-RAY                     29   9.92E-01    2.615E+00    2.59E+00
 K CONV. ELECTRON, GAMMA-RAY   29   7.00E-03    2.526E+00    1.77E-02
 L1 CONV. ELECTRON, GAMMA-RAY  29   9.65E-04    2.599E+00    2.51E-03
 M CONV. ELECTRON, GAMMA-RAY   29   2.54E-04    2.611E+00*   6.63E-04
 
 ALL LISTED X-RAYS, GAMMA-RAYS AND ANNIHILATION RADIATION    3.34E+00
 ALL NEGLECTED X-RAYS, GAMMA-RAYS AND ANNIH. RADIATION**     1.69E-02
 ALL LISTED BETAS, INTERNAL CONVERSION AND AUGER ELECTRONS   6.04E-01
 ALL NEGLECTED BETAS, INT. CONVERSION AND AUGER ELECTRONS**  7.44E-03
 ALL LISTED RADIATIONS                                       3.95E+00
 ALL NEGLECTED RADIATIONS**                                  2.43E-02
 
 *  AVERAGE ENERGY (MEV)
 ** EACH NEGLECTED TRANSITION CONTRIBUTES LESS THAN  0.100%
    TO THE TOTAL MEV/TRANSFORMATION FOR THIS CATEGORY.
 TOTAL FEEDING OF GROUND STATE LEVEL IN 208-LEAD
   DAUGHTER IS 1.0000E+00 PER TRANSFORMATION OF 208-THALLIUM.
   THIS DAUGHTER GROUND STATE IS STABLE.
