 209-THALLIUM-81         HALFLIFE = 2.161 MINUTES 

  MODE OF DECAY: BETA MINUS
 
                                    MEAN
                                    NUMBER/                  MEV/
                               ID   TRANSFOR-   ENERGY       TRANSFOR-
        TYPE OF RADIATION      NO.  MATION      (MEV)        MATION

 BETA MINUS                     1   4.60E-03    1.779E-01*   8.19E-04
 BETA MINUS                     2   6.10E-03    2.929E-01*   1.79E-03
 BETA MINUS                     3   9.88E-01    6.598E-01*   6.52E-01
 BETA MINUS                     4   1.00E-03    7.087E-01*   7.09E-04
 GAMMA-RAY                      1   8.43E-01    1.172E-01    9.88E-02
 K CONV. ELECTRON, GAMMA-RAY    1   1.99E-01    2.892E-02    5.75E-03
 L1 CONV. ELECTRON, GAMMA-RAY   1   2.25E-02    1.014E-01    2.28E-03
 L2 CONV. ELECTRON, GAMMA-RAY   1   8.32E-03    1.020E-01    8.48E-04
 L3 CONV. ELECTRON, GAMMA-RAY   1   8.03E-03    1.042E-01    8.37E-04
 M CONV. ELECTRON, GAMMA-RAY    1   9.21E-03    1.142E-01*   1.05E-03
 GAMMA-RAY                      2   9.69E-01    4.651E-01    4.51E-01
 K CONV. ELECTRON, GAMMA-RAY    2   2.37E-02    3.768E-01    8.91E-03
 L1 CONV. ELECTRON, GAMMA-RAY   2   3.48E-03    4.493E-01    1.56E-03
 L2 CONV. ELECTRON, GAMMA-RAY   2   3.29E-03    4.499E-01    1.48E-03
 M CONV. ELECTRON, GAMMA-RAY    2   2.01E-03    4.621E-01*   9.31E-04
 GAMMA-RAY                      3   6.10E-03    9.201E-01    5.62E-03
 GAMMA-RAY                      4   4.55E-03    1.239E+00    5.64E-03
 GAMMA-RAY                      5   9.98E-01    1.567E+00    1.56E+00
 K CONV. ELECTRON, GAMMA-RAY    5   2.36E-03    1.479E+00    3.49E-03
 K -L2 X-RAY                        6.35E-02    7.304E-02    4.64E-03
 K -L3 X-RAY                        1.07E-01    7.525E-02    8.02E-03
 AUGER LMM                          9.52E-02    8.047E-03*   7.66E-04
 
 ALL LISTED X-RAYS, GAMMA-RAYS AND ANNIHILATION RADIATION    2.14E+00
 ALL NEGLECTED X-RAYS, GAMMA-RAYS AND ANNIH. RADIATION**     5.13E-03
 ALL LISTED BETAS, INTERNAL CONVERSION AND AUGER ELECTRONS   6.83E-01
 ALL NEGLECTED BETAS, INT. CONVERSION AND AUGER ELECTRONS**  4.24E-03
 ALL LISTED RADIATIONS                                       2.82E+00
 ALL NEGLECTED RADIATIONS**                                  9.36E-03
 
 *  AVERAGE ENERGY (MEV)
 ** EACH NEGLECTED TRANSITION CONTRIBUTES LESS THAN  0.100%
    TO THE TOTAL MEV/TRANSFORMATION FOR THIS CATEGORY.
 TOTAL FEEDING OF GROUND STATE LEVEL IN 209-LEAD
   DAUGHTER IS 1.0000E+00 PER TRANSFORMATION OF 209-THALLIUM.
   DECAY OF THIS 3.253 HOURS HALFLIFE LEVEL WILL CONTRIBUTE TO DOSE.
