 210-THALLIUM-81         HALFLIFE = 1.3 MINUTES 

  MODE OF DECAY: BETA MINUS
 
                                    MEAN
                                    NUMBER/                  MEV/
                               ID   TRANSFOR-   ENERGY       TRANSFOR-
        TYPE OF RADIATION      NO.  MATION      (MEV)        MATION

 BETA MINUS                     1   1.94E-02    4.803E-01*   9.33E-03
 BETA MINUS                     2   6.80E-02    5.708E-01*   3.88E-02
 BETA MINUS                     3   2.33E-01    6.770E-01*   1.58E-01
 BETA MINUS                     4   9.71E-02    7.457E-01*   7.24E-02
 BETA MINUS                     5   9.71E-02    8.802E-01*   8.55E-02
 BETA MINUS                     6   2.91E-01    1.639E+00*   4.77E-01
 BETA MINUS                     7   1.94E-01    1.766E+00*   3.43E-01
 L2 CONV. ELECTRON, GAMMA-RAY   1   1.12E-01    6.775E-02    7.57E-03
 L3 CONV. ELECTRON, GAMMA-RAY   1   9.49E-02    6.996E-02    6.64E-03
 M CONV. ELECTRON, GAMMA-RAY    1   5.57E-02    7.995E-02*   4.45E-03
 N+ CONV. ELECTRON, GAMMA-RAY   1   1.71E-02    8.300E-02*   1.42E-03
 GAMMA-RAY                      2   3.96E-02    9.700E-02    3.84E-03
 L2 CONV. ELECTRON, GAMMA-RAY   2   1.09E-01    8.175E-02    8.89E-03
 L3 CONV. ELECTRON, GAMMA-RAY   2   8.79E-02    8.396E-02    7.38E-03
 M CONV. ELECTRON, GAMMA-RAY    2   5.34E-02    9.395E-02*   5.01E-03
 N+ CONV. ELECTRON, GAMMA-RAY   2   1.64E-02    9.700E-02*   1.59E-03
 GAMMA-RAY                      3   7.92E-01    2.960E-01    2.34E-01
 K CONV. ELECTRON, GAMMA-RAY    3   5.33E-02    2.077E-01    1.11E-02
 L1 CONV. ELECTRON, GAMMA-RAY   3   7.68E-03    2.802E-01    2.15E-03
 L2 CONV. ELECTRON, GAMMA-RAY   3   1.64E-02    2.807E-01    4.59E-03
 L3 CONV. ELECTRON, GAMMA-RAY   3   8.07E-03    2.830E-01    2.28E-03
 M CONV. ELECTRON, GAMMA-RAY    3   8.28E-03    2.929E-01*   2.43E-03
 GAMMA-RAY                      4   3.96E-02    3.560E-01    1.41E-02
 GAMMA-RAY                      5   2.97E-02    3.820E-01    1.13E-02
 GAMMA-RAY                      6   1.98E-02    4.800E-01    9.50E-03
 GAMMA-RAY                      7   1.98E-02    6.700E-01    1.33E-02
 GAMMA-RAY                      8   9.90E-01    7.996E-01    7.91E-01
 K CONV. ELECTRON, GAMMA-RAY    8   8.10E-03    7.113E-01    5.76E-03
 GAMMA-RAY                      9   6.93E-02    8.600E-01    5.96E-02
 GAMMA-RAY                     10   2.97E-02    9.100E-01    2.70E-02
 GAMMA-RAY                     11   1.19E-01    1.070E+00    1.27E-01
 GAMMA-RAY                     12   6.93E-02    1.110E+00    7.69E-02
 GAMMA-RAY                     13   1.68E-01    1.210E+00    2.04E-01
 GAMMA-RAY                     14   2.08E-01    1.316E+00    2.73E-01
 GAMMA-RAY                     15   4.95E-02    1.410E+00    6.98E-02
 GAMMA-RAY                     16   1.98E-02    1.490E+00    2.95E-02
 GAMMA-RAY                     17   1.98E-02    1.540E+00    3.05E-02
 GAMMA-RAY                     18   1.98E-02    1.590E+00    3.15E-02
 GAMMA-RAY                     19   1.98E-02    1.650E+00    3.27E-02
 GAMMA-RAY                     20   6.93E-02    2.010E+00    1.39E-01
 GAMMA-RAY                     21   4.95E-02    2.090E+00    1.03E-01
 GAMMA-RAY                     22   2.97E-02    2.270E+00    6.74E-02
 GAMMA-RAY                     23   7.92E-02    2.360E+00    1.87E-01
 GAMMA-RAY                     24   8.91E-02    2.430E+00    2.16E-01
 K -L3 X-RAY                        4.07E-02    7.525E-02    3.07E-03
 AUGER LMM                          2.08E-01    8.246E-03*   1.71E-03
 AUGER MNN                          6.99E-01    1.921E-03*   1.34E-03
 
 ALL LISTED X-RAYS, GAMMA-RAYS AND ANNIHILATION RADIATION    2.76E+00
 ALL NEGLECTED X-RAYS, GAMMA-RAYS AND ANNIH. RADIATION**     7.69E-03
 ALL LISTED BETAS, INTERNAL CONVERSION AND AUGER ELECTRONS   1.26E+00
 ALL NEGLECTED BETAS, INT. CONVERSION AND AUGER ELECTRONS**  1.17E-02
 ALL LISTED RADIATIONS                                       4.01E+00
 ALL NEGLECTED RADIATIONS**                                  1.94E-02
 
 *  AVERAGE ENERGY (MEV)
 ** EACH NEGLECTED TRANSITION CONTRIBUTES LESS THAN  0.100%
    TO THE TOTAL MEV/TRANSFORMATION FOR THIS CATEGORY.
 TOTAL FEEDING OF GROUND STATE LEVEL IN 210-LEAD
   DAUGHTER IS 1.0000E+00 PER TRANSFORMATION OF 210-THALLIUM.
   DECAY OF THIS 22.2 YEARS HALFLIFE LEVEL WILL CONTRIBUTE TO DOSE.
