 167-THULIUM-69          HALFLIFE = 9.25 DAYS    

  MODE OF DECAY: ELECTRON CAPTURE
 
                                    MEAN
                                    NUMBER/                  MEV/
                               ID   TRANSFOR-   ENERGY       TRANSFOR-
        TYPE OF RADIATION      NO.  MATION      (MEV)        MATION

 GAMMA-RAY                      2   4.67E-02    5.707E-02    2.66E-03
 L1 CONV. ELECTRON, GAMMA-RAY   2   7.27E-02    4.736E-02    3.44E-03
 L2 CONV. ELECTRON, GAMMA-RAY   2   5.82E-02    4.780E-02    2.78E-03
 L3 CONV. ELECTRON, GAMMA-RAY   2   5.93E-02    4.872E-02    2.89E-03
 M CONV. ELECTRON, GAMMA-RAY    2   4.47E-02    5.528E-02*   2.47E-03
 N+ CONV. ELECTRON, GAMMA-RAY   2   1.21E-02    5.707E-02*   6.91E-04
 GAMMA-RAY                      4   4.15E-01    2.078E-01    8.63E-02
 K CONV. ELECTRON, GAMMA-RAY    4   1.98E-01    1.502E-01    2.97E-02
 L1 CONV. ELECTRON, GAMMA-RAY   4   2.44E-02    1.981E-01    4.84E-03
 L2 CONV. ELECTRON, GAMMA-RAY   4   1.66E-01    1.985E-01    3.30E-02
 L3 CONV. ELECTRON, GAMMA-RAY   4   1.02E-01    1.995E-01    2.04E-02
 M CONV. ELECTRON, GAMMA-RAY    4   7.33E-02    2.060E-01*   1.51E-02
 N+ CONV. ELECTRON, GAMMA-RAY   4   1.96E-02    2.078E-01*   4.07E-03
 GAMMA-RAY                      6   7.41E-04    2.649E-01    1.96E-04
 GAMMA-RAY                     10   1.61E-02    5.315E-01    8.56E-03
 K -L2 X-RAY                        2.73E-01    4.830E-02    1.32E-02
 K -L3 X-RAY                        4.84E-01    4.923E-02    2.38E-02
 K -M2 X-RAY                        5.04E-02    5.558E-02    2.80E-03
 K -M3 X-RAY                        9.75E-02    5.578E-02    5.44E-03
 K -N2 X-RAY                        1.12E-02    5.722E-02    6.39E-04
 K -N3 X-RAY                        2.16E-02    5.726E-02    1.24E-03
 K -O3 X-RAY                        5.16E-03    5.755E-02    2.97E-04
 L2-M4 X-RAY                        1.06E-01    7.820E-03    8.27E-04
 L2-N4 X-RAY                        1.87E-02    9.095E-03    1.70E-04
 L3-M5 X-RAY                        1.24E-01    6.935E-03    8.63E-04
 L3-N5 X-RAY                        2.12E-02    8.175E-03    1.73E-04
 Free-Bound X-RAY                   1.45E+01    1.356E-05*   1.97E-04
 AUGER KLL                          3.60E-02    3.947E-02*   1.42E-03
 AUGER KLX                          1.82E-02    4.690E-02*   8.54E-04
 CK LLX                             2.40E-01    7.473E-04*   1.80E-04
 AUGER LMM                          8.30E-01    5.514E-03*   4.58E-03
 AUGER LMX                          2.96E-01    6.893E-03*   2.04E-03
 AUGER LXY                          2.67E-02    8.305E-03*   2.22E-04
 CK MMX                             1.13E+00    2.369E-04*   2.68E-04
 AUGER MNN                          2.39E+00    1.135E-03*   2.72E-03
 AUGER MNX                          1.19E-01    1.313E-03*   1.57E-04
 CK NNX                             6.53E+00    1.415E-04*   9.24E-04
 
 ALL LISTED X-RAYS, GAMMA-RAYS AND ANNIHILATION RADIATION    1.47E-01
 ALL NEGLECTED X-RAYS, GAMMA-RAYS AND ANNIH. RADIATION**     8.53E-04
 ALL LISTED BETAS, INTERNAL CONVERSION AND AUGER ELECTRONS   1.33E-01
 ALL NEGLECTED BETAS, INT. CONVERSION AND AUGER ELECTRONS**  4.41E-04
 ALL LISTED RADIATIONS                                       2.80E-01
 ALL NEGLECTED RADIATIONS**                                  1.29E-03
 
 *  AVERAGE ENERGY (MEV)
 ** EACH NEGLECTED TRANSITION CONTRIBUTES LESS THAN  0.100%
    TO THE TOTAL MEV/TRANSFORMATION FOR THIS CATEGORY.
 TOTAL FEEDING OF GROUND STATE LEVEL IN 167-ERBIUM
   DAUGHTER IS 1.0000E+00 PER TRANSFORMATION OF 167-THULIUM.
   THIS DAUGHTER GROUND STATE IS STABLE.
