 170-THULIUM-69          HALFLIFE = 128.6 DAYS    

  MODES OF DECAY: BETA MINUS, ELECTRON CAPTURE
 
                                    MEAN
                                    NUMBER/                  MEV/
                               ID   TRANSFOR-   ENERGY       TRANSFOR-
        TYPE OF RADIATION      NO.  MATION      (MEV)        MATION

 BETA MINUS                     1   1.83E-01    2.904E-01*   5.31E-02
 BETA MINUS                     2   8.16E-01    3.231E-01*   2.64E-01
 GAMMA-RAY                      1   2.47E-02    8.425E-02    2.08E-03
 K CONV. ELECTRON, GAMMA-RAY    1   3.43E-02    2.281E-02    7.83E-04
 L2 CONV. ELECTRON, GAMMA-RAY   1   4.55E-02    7.426E-02    3.38E-03
 L3 CONV. ELECTRON, GAMMA-RAY   1   4.53E-02    7.532E-02    3.41E-03
 M CONV. ELECTRON, GAMMA-RAY    1   2.33E-02    8.232E-02*   1.92E-03
 N+ CONV. ELECTRON, GAMMA-RAY   1   6.16E-03    8.425E-02*   5.19E-04
 K -L2 X-RAY                        9.39E-03    5.145E-02    4.83E-04
 K -L3 X-RAY                        1.65E-02    5.251E-02    8.69E-04
 K -M2 X-RAY                        1.74E-03    5.928E-02    1.03E-04
 K -M3 X-RAY                        3.37E-03    5.951E-02    2.00E-04
 K -N2 X-RAY                        3.88E-04    6.105E-02    2.37E-05
 K -N3 X-RAY                        7.50E-04    6.111E-02    4.58E-05
 K -O2 X-RAY                        8.72E-05    6.140E-02    5.35E-06
 K -O3 X-RAY                        1.81E-04    6.141E-02    1.11E-05
 L2-M4 X-RAY                        1.12E-02    8.415E-03    9.45E-05
 L2-N4 X-RAY                        2.00E-03    9.799E-03    1.96E-05
 L3-M1 X-RAY                        8.30E-04    6.566E-03    5.45E-06
 L3-M4 X-RAY                        1.33E-03    7.356E-03    9.75E-06
 L3-M5 X-RAY                        1.17E-02    7.405E-03    8.66E-05
 L3-N5 X-RAY                        2.00E-03    8.749E-03    1.75E-05
 M X-RAY                            3.39E-03    1.502E-03    5.09E-06
 Free-Bound X-RAY                   1.36E+00    8.691E-06    1.18E-05
 AUGER LMM                          6.66E-02    5.849E-03*   3.89E-04
 K -L2 X-RAY                        2.92E-04    4.830E-02    1.41E-05
 K -L3 X-RAY                        5.18E-04    4.923E-02    2.55E-05
 K -M3 X-RAY                        1.04E-04    5.578E-02    5.82E-06
 
 ALL LISTED X-RAYS, GAMMA-RAYS AND ANNIHILATION RADIATION    4.12E-03
 ALL NEGLECTED X-RAYS, GAMMA-RAYS AND ANNIH. RADIATION**     2.61E-05
 ALL LISTED BETAS, INTERNAL CONVERSION AND AUGER ELECTRONS   3.27E-01
 ALL NEGLECTED BETAS, INT. CONVERSION AND AUGER ELECTRONS**  9.42E-04
 ALL LISTED RADIATIONS                                       3.31E-01
 ALL NEGLECTED RADIATIONS**                                  9.68E-04
 
 *  AVERAGE ENERGY (MEV)
 ** EACH NEGLECTED TRANSITION CONTRIBUTES LESS THAN  0.100%
    TO THE TOTAL MEV/TRANSFORMATION FOR THIS CATEGORY.
 TOTAL FEEDING OF GROUND STATE LEVEL IN 170-YTTERBIUM
   DAUGHTER IS 9.9869E-01 PER TRANSFORMATION OF 170-THULIUM.
   THIS DAUGHTER GROUND STATE IS STABLE.
 TOTAL FEEDING OF GROUND STATE LEVEL IN 170-ERBIUM
   DAUGHTER IS 1.3100E-03 PER TRANSFORMATION OF 170-THULIUM.
   THIS DAUGHTER GROUND STATE IS STABLE.
