 177-TUNGSTEN-74         HALFLIFE = 132 MINUTES 

  MODES OF DECAY: ELECTRON CAPTURE, BETA PLUS
 
                                    MEAN
                                    NUMBER/                  MEV/
                               ID   TRANSFOR-   ENERGY       TRANSFOR-
        TYPE OF RADIATION      NO.  MATION      (MEV)        MATION

 BETA PLUS                      3   2.08E-03    3.672E-01*   7.63E-04
 ANNIHILATION RADIATION             4.75E-03    5.110E-01    2.43E-03
 L2 CONV. ELECTRON, GAMMA-RAY   3   1.95E-01    1.929E-02    3.75E-03
 L3 CONV. ELECTRON, GAMMA-RAY   3   2.33E-01    2.057E-02    4.80E-03
 M CONV. ELECTRON, GAMMA-RAY    3   1.07E-01    2.827E-02*   3.04E-03
 N+ CONV. ELECTRON, GAMMA-RAY   3   2.92E-02    3.045E-02*   8.89E-04
 GAMMA-RAY                      4   6.36E-02    7.045E-02    4.48E-03
 K CONV. ELECTRON, GAMMA-RAY    4   5.21E-01    2.885E-03    1.50E-03
 L1 CONV. ELECTRON, GAMMA-RAY   4   7.52E-02    5.879E-02    4.42E-03
 L2 CONV. ELECTRON, GAMMA-RAY   4   9.18E-02    5.929E-02    5.44E-03
 L3 CONV. ELECTRON, GAMMA-RAY   4   8.66E-02    6.057E-02    5.24E-03
 M CONV. ELECTRON, GAMMA-RAY    4   6.19E-02    6.827E-02*   4.22E-03
 N+ CONV. ELECTRON, GAMMA-RAY   4   1.73E-02    7.045E-02*   1.22E-03
 K CONV. ELECTRON, GAMMA-RAY    6   1.06E-02    3.418E-02    3.64E-04
 L2 CONV. ELECTRON, GAMMA-RAY   6   2.48E-03    9.059E-02    2.24E-04
 L3 CONV. ELECTRON, GAMMA-RAY   6   2.16E-03    9.187E-02    1.98E-04
 GAMMA-RAY                      7   8.59E-02    1.151E-01    9.88E-03
 K CONV. ELECTRON, GAMMA-RAY    7   1.81E-02    4.749E-02    8.58E-04
 L1 CONV. ELECTRON, GAMMA-RAY   7   1.95E-03    1.034E-01    2.02E-04
 GAMMA-RAY                      8   5.05E-01    1.157E-01    5.84E-02
 K CONV. ELECTRON, GAMMA-RAY    8   1.05E-01    4.809E-02    5.04E-03
 L1 CONV. ELECTRON, GAMMA-RAY   8   1.13E-02    1.040E-01    1.18E-03
 L2 CONV. ELECTRON, GAMMA-RAY   8   3.07E-03    1.045E-01    3.20E-04
 L3 CONV. ELECTRON, GAMMA-RAY   8   3.35E-03    1.058E-01    3.54E-04
 M CONV. ELECTRON, GAMMA-RAY    8   4.05E-03    1.135E-01*   4.59E-04
 GAMMA-RAY                      9   1.36E-02    1.426E-01    1.94E-03
 K CONV. ELECTRON, GAMMA-RAY    9   1.52E-02    7.504E-02    1.14E-03
 L1 CONV. ELECTRON, GAMMA-RAY   9   2.12E-03    1.309E-01    2.78E-04
 GAMMA-RAY                     12   3.94E-02    1.560E-01    6.14E-03
 K CONV. ELECTRON, GAMMA-RAY   12   3.25E-02    8.839E-02    2.87E-03
 L1 CONV. ELECTRON, GAMMA-RAY  12   4.49E-03    1.443E-01    6.47E-04
 L2 CONV. ELECTRON, GAMMA-RAY  12   2.21E-03    1.448E-01    3.20E-04
 L3 CONV. ELECTRON, GAMMA-RAY  12   1.49E-03    1.461E-01    2.18E-04
 M CONV. ELECTRON, GAMMA-RAY   12   1.94E-03    1.538E-01*   2.99E-04
 GAMMA-RAY                     15   8.48E-02    1.862E-01    1.58E-02
 K CONV. ELECTRON, GAMMA-RAY   15   5.17E-03    1.186E-01    6.13E-04
 GAMMA-RAY                     16   7.78E-02    1.864E-01    1.45E-02
 K CONV. ELECTRON, GAMMA-RAY   16   3.68E-02    1.189E-01    4.38E-03
 L1 CONV. ELECTRON, GAMMA-RAY  16   5.28E-03    1.748E-01    9.23E-04
 M CONV. ELECTRON, GAMMA-RAY   16   1.31E-03    1.842E-01*   2.42E-04
 GAMMA-RAY                     18   2.22E-02    2.232E-01    4.96E-03
 K CONV. ELECTRON, GAMMA-RAY   18   4.60E-03    1.557E-01    7.16E-04
 GAMMA-RAY                     21   9.29E-03    2.593E-01    2.41E-03
 K CONV. ELECTRON, GAMMA-RAY   21   1.68E-03    1.917E-01    3.22E-04
 GAMMA-RAY                     22   3.98E-02    2.710E-01    1.08E-02
 GAMMA-RAY                     24   8.79E-03    2.808E-01    2.47E-03
 GAMMA-RAY                     27   9.29E-03    3.083E-01    2.86E-03
 K CONV. ELECTRON, GAMMA-RAY   27   1.51E-03    2.407E-01    3.64E-04
 GAMMA-RAY                     28   1.38E-02    3.113E-01    4.31E-03
 GAMMA-RAY                     31   4.24E-02    3.675E-01    1.56E-02
 K CONV. ELECTRON, GAMMA-RAY   31   4.31E-03    3.000E-01    1.29E-03
 L1 CONV. ELECTRON, GAMMA-RAY  31   6.11E-04    3.559E-01    2.17E-04
 GAMMA-RAY                     32   4.65E-02    3.774E-01    1.75E-02
 K CONV. ELECTRON, GAMMA-RAY   32   4.40E-03    3.098E-01    1.36E-03
 L1 CONV. ELECTRON, GAMMA-RAY  32   6.24E-04    3.657E-01    2.28E-04
 GAMMA-RAY                     33   6.87E-03    3.823E-01    2.63E-03
 K CONV. ELECTRON, GAMMA-RAY   33   6.29E-04    3.147E-01    1.98E-04
 GAMMA-RAY                     34   1.69E-02    3.888E-01    6.56E-03
 GAMMA-RAY                     35   6.16E-02    4.172E-01    2.57E-02
 K CONV. ELECTRON, GAMMA-RAY   35   1.49E-03    3.496E-01    5.20E-04
 GAMMA-RAY                     36   8.79E-03    4.184E-01    3.68E-03
 GAMMA-RAY                     37   9.09E-03    4.240E-01    3.85E-03
 GAMMA-RAY                     38   1.32E-01    4.270E-01    5.65E-02
 K CONV. ELECTRON, GAMMA-RAY   38   9.06E-03    3.594E-01    3.26E-03
 L1 CONV. ELECTRON, GAMMA-RAY  38   1.28E-03    4.153E-01    5.31E-04
 GAMMA-RAY                     39   7.68E-03    4.315E-01    3.31E-03
 GAMMA-RAY                     40   5.35E-03    4.366E-01    2.34E-03
 GAMMA-RAY                     41   1.30E-02    4.506E-01    5.87E-03
 K CONV. ELECTRON, GAMMA-RAY   41   7.75E-04    3.830E-01    2.97E-04
 GAMMA-RAY                     44   7.17E-03    4.675E-01    3.35E-03
 GAMMA-RAY                     46   1.30E-02    4.735E-01    6.17E-03
 K CONV. ELECTRON, GAMMA-RAY   46   6.82E-04    4.059E-01    2.77E-04
 GAMMA-RAY                     49   8.08E-03    5.024E-01    4.06E-03
 GAMMA-RAY                     51   2.38E-02    5.285E-01    1.26E-02
 GAMMA-RAY                     54   8.08E-03    5.681E-01    4.59E-03
 GAMMA-RAY                     56   5.96E-02    6.118E-01    3.65E-02
 K CONV. ELECTRON, GAMMA-RAY   56   5.89E-04    5.442E-01    3.20E-04
 GAMMA-RAY                     57   3.03E-03    6.194E-01    1.88E-03
 GAMMA-RAY                     59   2.57E-02    6.473E-01    1.66E-02
 GAMMA-RAY                     60   1.97E-02    6.722E-01    1.32E-02
 K CONV. ELECTRON, GAMMA-RAY   60   4.20E-04    6.046E-01    2.54E-04
 GAMMA-RAY                     61   5.66E-03    6.785E-01    3.84E-03
 GAMMA-RAY                     64   2.63E-03    7.112E-01    1.87E-03
 GAMMA-RAY                     66   1.18E-02    7.216E-01    8.53E-03
 GAMMA-RAY                     68   5.66E-03    7.590E-01    4.29E-03
 GAMMA-RAY                     71   1.04E-02    7.859E-01    8.18E-03
 GAMMA-RAY                     73   5.86E-03    7.936E-01    4.65E-03
 GAMMA-RAY                     75   1.04E-02    8.279E-01    8.61E-03
 GAMMA-RAY                     76   1.02E-02    8.362E-01    8.53E-03
 GAMMA-RAY                     77   6.97E-03    8.584E-01    5.98E-03
 GAMMA-RAY                     78   1.22E-02    8.772E-01    1.07E-02
 GAMMA-RAY                     79   1.22E-02    8.802E-01    1.08E-02
 GAMMA-RAY                     81   3.94E-03    9.035E-01    3.56E-03
 GAMMA-RAY                     82   7.68E-03    9.392E-01    7.21E-03
 GAMMA-RAY                     83   3.43E-03    9.788E-01    3.36E-03
 GAMMA-RAY                     84   8.08E-03    9.902E-01    8.00E-03
 GAMMA-RAY                     85   5.35E-03    1.000E+00    5.35E-03
 GAMMA-RAY                     86   3.74E-03    1.005E+00    3.75E-03
 GAMMA-RAY                     87   4.82E-02    1.015E+00    4.89E-02
 GAMMA-RAY                     88   1.03E-01    1.036E+00    1.07E-01
 K CONV. ELECTRON, GAMMA-RAY   88   7.43E-04    9.688E-01    7.20E-04
 GAMMA-RAY                     89   4.24E-03    1.046E+00    4.44E-03
 GAMMA-RAY                     90   1.82E-03    1.053E+00    1.91E-03
 GAMMA-RAY                     91   6.46E-03    1.056E+00    6.82E-03
 GAMMA-RAY                     92   3.12E-02    1.067E+00    3.33E-02
 GAMMA-RAY                     95   2.73E-03    1.104E+00    3.01E-03
 GAMMA-RAY                     97   7.98E-03    1.141E+00    9.10E-03
 GAMMA-RAY                     99   5.35E-03    1.171E+00    6.27E-03
 GAMMA-RAY                    100   3.74E-02    1.183E+00    4.42E-02
 GAMMA-RAY                    102   2.12E-03    1.220E+00    2.59E-03
 GAMMA-RAY                    109   4.85E-03    1.296E+00    6.28E-03
 GAMMA-RAY                    110   2.42E-03    1.302E+00    3.16E-03
 GAMMA-RAY                    112   5.35E-03    1.327E+00    7.10E-03
 GAMMA-RAY                    113   1.82E-03    1.358E+00    2.47E-03
 GAMMA-RAY                    114   2.73E-03    1.406E+00    3.83E-03
 K -L2 X-RAY                        4.39E-01    5.640E-02    2.47E-02
 K -L3 X-RAY                        7.64E-01    5.769E-02    4.41E-02
 K -M2 X-RAY                        8.18E-02    6.510E-02    5.33E-03
 K -M3 X-RAY                        1.58E-01    6.538E-02    1.03E-02
 K -N3 X-RAY                        3.58E-02    6.717E-02    2.41E-03
 L3-M5 X-RAY                        2.62E-01    8.138E-03    2.13E-03
 AUGER KLL                          4.67E-02    4.585E-02*   2.14E-03
 AUGER KLX                          2.43E-02    5.472E-02*   1.33E-03
 AUGER KXY                          3.05E-03    6.361E-02*   1.94E-04
 CK LLX                             3.08E-01    6.763E-04*   2.08E-04
 AUGER LMM                          1.14E+00    6.340E-03*   7.21E-03
 AUGER LMX                          4.29E-01    8.026E-03*   3.44E-03
 AUGER LXY                          4.06E-02    9.742E-03*   3.95E-04
 CK MMX                             1.46E+00    3.100E-04*   4.52E-04
 AUGER MNN                          3.55E+00    1.419E-03*   5.04E-03
 AUGER MNX                          2.06E-01    1.599E-03*   3.30E-04
 CK NNX                             7.82E+00    1.605E-04*   1.26E-03
 
 ALL LISTED X-RAYS, GAMMA-RAYS AND ANNIHILATION RADIATION    8.70E-01
 ALL NEGLECTED X-RAYS, GAMMA-RAYS AND ANNIH. RADIATION**     4.83E-02
 ALL LISTED BETAS, INTERNAL CONVERSION AND AUGER ELECTRONS   8.93E-02
 ALL NEGLECTED BETAS, INT. CONVERSION AND AUGER ELECTRONS**  7.67E-03
 ALL LISTED RADIATIONS                                       9.60E-01
 ALL NEGLECTED RADIATIONS**                                  5.60E-02
 
 *  AVERAGE ENERGY (MEV)
 ** EACH NEGLECTED TRANSITION CONTRIBUTES LESS THAN  0.200%
    TO THE TOTAL MEV/TRANSFORMATION FOR THIS CATEGORY.
 TOTAL FEEDING OF GROUND STATE LEVEL IN 177-TANTALUM
   DAUGHTER IS 1.0000E+00 PER TRANSFORMATION OF 177-TUNGSTEN.
   DECAY OF THIS 56.56 HOURS HALFLIFE LEVEL WILL CONTRIBUTE TO DOSE.
