 181-TUNGSTEN-74         HALFLIFE = 121.2 DAYS    

  MODE OF DECAY: ELECTRON CAPTURE
 
                                    MEAN
                                    NUMBER/                  MEV/
                               ID   TRANSFOR-   ENERGY       TRANSFOR-
        TYPE OF RADIATION      NO.  MATION      (MEV)        MATION

 GAMMA-RAY                      1   1.03E-02    6.240E-03    6.43E-05
 M CONV. ELECTRON, GAMMA-RAY    1   5.83E-01    4.056E-03*   2.37E-03
 N+ CONV. ELECTRON, GAMMA-RAY   1   1.43E-01    6.240E-03*   8.92E-04
 GAMMA-RAY                      2   3.11E-04    1.363E-01    4.24E-05
 K CONV. ELECTRON, GAMMA-RAY    2   4.35E-04    6.871E-02    2.99E-05
 K -L2 X-RAY                        1.87E-01    5.640E-02    1.05E-02
 K -L3 X-RAY                        3.25E-01    5.769E-02    1.88E-02
 K -M2 X-RAY                        3.48E-02    6.510E-02    2.26E-03
 K -M3 X-RAY                        6.72E-02    6.538E-02    4.40E-03
 K -M4 X-RAY                        7.29E-04    6.576E-02    4.79E-05
 K -M5 X-RAY                        9.23E-04    6.582E-02    6.08E-05
 K -N2 X-RAY                        7.87E-03    6.710E-02    5.28E-04
 K -N3 X-RAY                        1.52E-02    6.717E-02    1.02E-03
 K -O2 X-RAY                        1.78E-03    6.751E-02    1.20E-04
 K -O3 X-RAY                        3.68E-03    6.752E-02    2.48E-04
 L1-M2 X-RAY                        5.77E-03    9.195E-03    5.30E-05
 L1-M3 X-RAY                        7.33E-03    9.472E-03    6.94E-05
 L2-M4 X-RAY                        5.48E-02    9.361E-03    5.13E-04
 L2-N4 X-RAY                        1.01E-02    1.092E-02    1.10E-04
 L3-M1 X-RAY                        6.52E-03    7.195E-03    4.69E-05
 L3-M4 X-RAY                        1.10E-02    8.077E-03    8.85E-05
 L3-M5 X-RAY                        9.67E-02    8.138E-03    7.87E-04
 L3-N5 X-RAY                        1.70E-02    9.648E-03    1.64E-04
 M X-RAY                            4.07E-02    1.708E-03*   6.96E-05
 Free-Bound X-RAY                   1.24E+01    2.494E-05*   3.09E-04
 AUGER KLL                          1.99E-02    4.585E-02*   9.10E-04
 AUGER KLX                          1.03E-02    5.472E-02*   5.66E-04
 AUGER KXY                          1.30E-03    6.361E-02*   8.25E-05
 CK LLX                             1.96E-01    5.835E-04*   1.14E-04
 AUGER LMM                          4.13E-01    6.338E-03*   2.62E-03
 AUGER LMX                          1.56E-01    8.027E-03*   1.25E-03
 AUGER LXY                          1.48E-02    9.749E-03*   1.44E-04
 CK MMX                             8.26E-01    3.141E-04*   2.59E-04
 AUGER MNN                          1.88E+00    1.419E-03*   2.67E-03
 AUGER MNX                          1.10E-01    1.603E-03*   1.76E-04
 CK NNX                             4.22E+00    1.604E-04*   6.76E-04
 AUGER NXY                          1.40E-01    3.021E-04*   4.23E-05
 CK OOX                             1.09E+00    1.199E-05*   1.30E-05
 AUGER OXY                          1.54E+00    2.736E-05*   4.22E-05
 
 ALL LISTED X-RAYS, GAMMA-RAYS AND ANNIHILATION RADIATION    4.03E-02
 ALL NEGLECTED X-RAYS, GAMMA-RAYS AND ANNIH. RADIATION**     1.45E-04
 ALL LISTED BETAS, INTERNAL CONVERSION AND AUGER ELECTRONS   1.29E-02
 ALL NEGLECTED BETAS, INT. CONVERSION AND AUGER ELECTRONS**  3.68E-05
 ALL LISTED RADIATIONS                                       5.31E-02
 ALL NEGLECTED RADIATIONS**                                  1.82E-04
 
 *  AVERAGE ENERGY (MEV)
 ** EACH NEGLECTED TRANSITION CONTRIBUTES LESS THAN  0.100%
    TO THE TOTAL MEV/TRANSFORMATION FOR THIS CATEGORY.
 TOTAL FEEDING OF GROUND STATE LEVEL IN 181-TANTALUM
   DAUGHTER IS 1.0000E+00 PER TRANSFORMATION OF 181-TUNGSTEN.
   THIS DAUGHTER GROUND STATE IS STABLE.
