 188-TUNGSTEN-74         HALFLIFE = 69.78 DAYS    

  MODE OF DECAY: BETA MINUS
 
                                    MEAN
                                    NUMBER/                  MEV/
                               ID   TRANSFOR-   ENERGY       TRANSFOR-
        TYPE OF RADIATION      NO.  MATION      (MEV)        MATION

 BETA MINUS                     1   8.30E-03    1.493E-02*   1.24E-04
 BETA MINUS                     4   1.50E-03    8.991E-02*   1.35E-04
 BETA MINUS                     5   9.90E-01    9.973E-02*   9.87E-02
 GAMMA-RAY                      1   1.09E-03    6.358E-02    6.90E-05
 L1 CONV. ELECTRON, GAMMA-RAY   1   2.63E-03    5.107E-02    1.34E-04
 GAMMA-RAY                      2   2.41E-05    8.531E-02    2.06E-06
 GAMMA-RAY                      4   6.43E-05    1.418E-01    9.12E-06
 GAMMA-RAY                      5   8.04E-05    2.079E-01    1.67E-05
 GAMMA-RAY                      6   2.21E-03    2.271E-01    5.02E-04
 K CONV. ELECTRON, GAMMA-RAY    6   8.07E-04    1.552E-01    1.25E-04
 GAMMA-RAY                      7   4.02E-03    2.907E-01    1.17E-03
 K CONV. ELECTRON, GAMMA-RAY    7   7.36E-04    2.188E-01    1.61E-04
 K -L2 X-RAY                        5.08E-04    5.986E-02    3.04E-05
 K -L3 X-RAY                        8.78E-04    6.132E-02    5.38E-05
 K -M2 X-RAY                        9.49E-05    6.918E-02    6.56E-06
 K -M3 X-RAY                        1.83E-04    6.950E-02    1.27E-05
 K -N3 X-RAY                        4.22E-05    7.141E-02    3.01E-06
 L2-M4 X-RAY                        2.94E-04    1.003E-02    2.95E-06
 L3-M5 X-RAY                        6.35E-04    8.645E-03    5.49E-06
 Free-Bound X-RAY                   5.62E-02    3.746E-05*   2.10E-06
 
 ALL LISTED X-RAYS, GAMMA-RAYS AND ANNIHILATION RADIATION    1.88E-03
 ALL NEGLECTED X-RAYS, GAMMA-RAYS AND ANNIH. RADIATION**     9.99E-06
 ALL LISTED BETAS, INTERNAL CONVERSION AND AUGER ELECTRONS   9.94E-02
 ALL NEGLECTED BETAS, INT. CONVERSION AND AUGER ELECTRONS**  2.54E-04
 ALL LISTED RADIATIONS                                       1.01E-01
 ALL NEGLECTED RADIATIONS**                                  2.64E-04
 
 *  AVERAGE ENERGY (MEV)
 ** EACH NEGLECTED TRANSITION CONTRIBUTES LESS THAN  0.100%
    TO THE TOTAL MEV/TRANSFORMATION FOR THIS CATEGORY.
 TOTAL FEEDING OF GROUND STATE LEVEL IN 188-RHENIUM
   DAUGHTER IS 1.0000E+00 PER TRANSFORMATION OF 188-TUNGSTEN.
   DECAY OF THIS 17.004 HOURS HALFLIFE LEVEL WILL CONTRIBUTE TO DOSE.
