 122-XENON-54            HALFLIFE = 20.1 HOURS   

  MODE OF DECAY: ELECTRON CAPTURE
 
                                    MEAN
                                    NUMBER/                  MEV/
                               ID   TRANSFOR-   ENERGY       TRANSFOR-
        TYPE OF RADIATION      NO.  MATION      (MEV)        MATION

 K CONV. ELECTRON, GAMMA-RAY    1   2.72E-03    1.992E-02    5.42E-05
 L1 CONV. ELECTRON, GAMMA-RAY   1   3.29E-04    4.792E-02    1.58E-05
 K CONV. ELECTRON, GAMMA-RAY    2   2.76E-03    2.485E-02    6.86E-05
 L1 CONV. ELECTRON, GAMMA-RAY   2   3.01E-04    5.285E-02    1.59E-05
 L2 CONV. ELECTRON, GAMMA-RAY   2   3.61E-04    5.316E-02    1.92E-05
 L3 CONV. ELECTRON, GAMMA-RAY   2   4.51E-04    5.346E-02    2.41E-05
 M CONV. ELECTRON, GAMMA-RAY    2   2.36E-04    5.715E-02*   1.35E-05
 GAMMA-RAY                      3   4.07E-03    6.163E-02    2.51E-04
 K CONV. ELECTRON, GAMMA-RAY    3   1.07E-02    2.846E-02    3.05E-04
 L1 CONV. ELECTRON, GAMMA-RAY   3   1.30E-03    5.646E-02    7.35E-05
 M CONV. ELECTRON, GAMMA-RAY    3   2.88E-04    6.076E-02*   1.75E-05
 K CONV. ELECTRON, GAMMA-RAY    4   1.14E-03    3.347E-02    3.81E-05
 GAMMA-RAY                      5   1.86E-03    7.247E-02    1.35E-04
 K CONV. ELECTRON, GAMMA-RAY    5   3.04E-03    3.931E-02    1.20E-04
 L1 CONV. ELECTRON, GAMMA-RAY   5   3.39E-04    6.731E-02    2.28E-05
 L2 CONV. ELECTRON, GAMMA-RAY   5   2.26E-04    6.761E-02    1.53E-05
 L3 CONV. ELECTRON, GAMMA-RAY   5   2.62E-04    6.792E-02    1.78E-05
 M CONV. ELECTRON, GAMMA-RAY    5   1.74E-04    7.160E-02*   1.24E-05
 GAMMA-RAY                      6   5.63E-03    9.060E-02    5.10E-04
 K CONV. ELECTRON, GAMMA-RAY    6   5.72E-03    5.743E-02    3.28E-04
 L1 CONV. ELECTRON, GAMMA-RAY   6   6.36E-04    8.543E-02    5.43E-05
 L2 CONV. ELECTRON, GAMMA-RAY   6   3.14E-04    8.574E-02    2.69E-05
 L3 CONV. ELECTRON, GAMMA-RAY   6   3.39E-04    8.604E-02    2.92E-05
 M CONV. ELECTRON, GAMMA-RAY    6   2.69E-04    8.973E-02*   2.41E-05
 K CONV. ELECTRON, GAMMA-RAY    7   4.64E-04    7.069E-02    3.28E-05
 K CONV. ELECTRON, GAMMA-RAY    8   3.20E-04    7.673E-02    2.45E-05
 GAMMA-RAY                      9   1.01E-03    1.164E-01    1.18E-04
 K CONV. ELECTRON, GAMMA-RAY    9   6.97E-04    8.319E-02    5.80E-05
 GAMMA-RAY                     10   2.62E-02    1.486E-01    3.89E-03
 K CONV. ELECTRON, GAMMA-RAY   10   5.65E-03    1.154E-01    6.52E-04
 L1 CONV. ELECTRON, GAMMA-RAY  10   6.83E-04    1.435E-01    9.80E-05
 M CONV. ELECTRON, GAMMA-RAY   10   1.49E-04    1.477E-01*   2.20E-05
 GAMMA-RAY                     11   1.33E-03    1.631E-01    2.17E-04
 K CONV. ELECTRON, GAMMA-RAY   11   2.87E-04    1.299E-01    3.72E-05
 GAMMA-RAY                     12   1.44E-03    1.745E-01    2.50E-04
 K CONV. ELECTRON, GAMMA-RAY   12   2.47E-04    1.413E-01    3.49E-05
 GAMMA-RAY                     13   2.61E-03    1.756E-01    4.57E-04
 K CONV. ELECTRON, GAMMA-RAY   13   4.48E-04    1.424E-01    6.38E-05
 GAMMA-RAY                     14   5.58E-03    1.870E-01    1.04E-03
 K CONV. ELECTRON, GAMMA-RAY   14   6.41E-04    1.538E-01    9.86E-05
 L1 CONV. ELECTRON, GAMMA-RAY  14   7.74E-05    1.818E-01    1.41E-05
 GAMMA-RAY                     15   1.16E-03    2.014E-01    2.34E-04
 K CONV. ELECTRON, GAMMA-RAY   15   1.30E-04    1.683E-01    2.19E-05
 GAMMA-RAY                     16   1.19E-03    2.537E-01    3.01E-04
 K CONV. ELECTRON, GAMMA-RAY   16   6.04E-05    2.205E-01    1.33E-05
 GAMMA-RAY                     17   5.46E-04    2.594E-01    1.42E-04
 GAMMA-RAY                     18   4.06E-03    2.884E-01    1.17E-03
 K CONV. ELECTRON, GAMMA-RAY   18   1.48E-04    2.553E-01    3.77E-05
 GAMMA-RAY                     19   3.90E-04    3.263E-01    1.27E-04
 GAMMA-RAY                     20   7.80E-02    3.501E-01    2.73E-02
 K CONV. ELECTRON, GAMMA-RAY   20   1.72E-03    3.169E-01    5.46E-04
 L1 CONV. ELECTRON, GAMMA-RAY  20   2.06E-04    3.449E-01    7.10E-05
 M CONV. ELECTRON, GAMMA-RAY   20   4.41E-05    3.492E-01*   1.54E-05
 GAMMA-RAY                     21   2.42E-03    3.551E-01    8.59E-04
 K CONV. ELECTRON, GAMMA-RAY   21   5.15E-05    3.219E-01    1.66E-05
 GAMMA-RAY                     22   1.87E-02    4.166E-01    7.80E-03
 K CONV. ELECTRON, GAMMA-RAY   22   2.66E-04    3.835E-01    1.02E-04
 L1 CONV. ELECTRON, GAMMA-RAY  22   3.17E-05    4.115E-01    1.30E-05
 K -L2 X-RAY                        2.25E-01    2.831E-02    6.36E-03
 K -L3 X-RAY                        4.17E-01    2.861E-02    1.19E-02
 K -M2 X-RAY                        3.88E-02    3.224E-02    1.25E-03
 K -M3 X-RAY                        7.52E-02    3.229E-02    2.43E-03
 K -N2 X-RAY                        8.09E-03    3.302E-02    2.67E-04
 K -N3 X-RAY                        1.58E-02    3.303E-02    5.23E-04
 L2-M4 X-RAY                        2.16E-02    4.216E-03    9.10E-05
 L3-M5 X-RAY                        3.73E-02    3.925E-03    1.46E-04
 Free-Bound X-RAY                   1.29E+01    1.527E-05*   1.96E-04
 AUGER KLL                          6.74E-02    2.356E-02*   1.59E-03
 AUGER KLX                          3.02E-02    2.759E-02*   8.33E-04
 AUGER KXY                          3.23E-03    3.161E-02*   1.02E-04
 CK LLX                             1.42E-01    3.100E-04*   4.40E-05
 AUGER LMM                          6.45E-01    3.207E-03*   2.07E-03
 AUGER LMX                          1.91E-01    3.842E-03*   7.32E-04
 AUGER LXY                          1.39E-02    4.501E-03*   6.25E-05
 CK MMX                             7.13E-01    1.250E-04*   8.91E-05
 AUGER MNN                          1.64E+00    4.771E-04*   7.85E-04
 AUGER MNX                          7.84E-02    5.789E-04*   4.54E-05
 CK NNX                             1.93E+00    2.704E-05*   5.22E-05
 AUGER NXY                          6.20E+00    2.896E-05*   1.79E-04
 
 ALL LISTED X-RAYS, GAMMA-RAYS AND ANNIHILATION RADIATION    6.80E-02
 ALL NEGLECTED X-RAYS, GAMMA-RAYS AND ANNIH. RADIATION**     3.90E-04
 ALL LISTED BETAS, INTERNAL CONVERSION AND AUGER ELECTRONS   9.85E-03
 ALL NEGLECTED BETAS, INT. CONVERSION AND AUGER ELECTRONS**  1.52E-04
 ALL LISTED RADIATIONS                                       7.79E-02
 ALL NEGLECTED RADIATIONS**                                  5.42E-04
 
 *  AVERAGE ENERGY (MEV)
 ** EACH NEGLECTED TRANSITION CONTRIBUTES LESS THAN  0.100%
    TO THE TOTAL MEV/TRANSFORMATION FOR THIS CATEGORY.
 TOTAL FEEDING OF GROUND STATE LEVEL IN 122-IODINE
   DAUGHTER IS 1.0000E+00 PER TRANSFORMATION OF 122-XENON.
   DECAY OF THIS 3.63 MINUTES HALFLIFE LEVEL WILL CONTRIBUTE TO DOSE.
