 129M-XENON-54           HALFLIFE = 8.88 DAYS    

  MODE OF DECAY: ISOMERIC LEVEL
 
                                    MEAN
                                    NUMBER/                  MEV/
                               ID   TRANSFOR-   ENERGY       TRANSFOR-
        TYPE OF RADIATION      NO.  MATION      (MEV)        MATION

 GAMMA-RAY                      1   7.44E-02    3.958E-02    2.94E-03
 K CONV. ELECTRON, GAMMA-RAY    1   7.91E-01    5.022E-03    3.97E-03
 L1 CONV. ELECTRON, GAMMA-RAY   1   9.60E-02    3.416E-02    3.28E-03
 L2 CONV. ELECTRON, GAMMA-RAY   1   8.57E-03    3.447E-02    2.95E-04
 M CONV. ELECTRON, GAMMA-RAY    1   2.20E-02    3.865E-02*   8.49E-04
 N+ CONV. ELECTRON, GAMMA-RAY   1   5.52E-03    3.958E-02*   2.19E-04
 GAMMA-RAY                      2   4.60E-02    1.966E-01    9.04E-03
 K CONV. ELECTRON, GAMMA-RAY    2   6.35E-01    1.620E-01    1.03E-01
 L1 CONV. ELECTRON, GAMMA-RAY   2   1.32E-01    1.911E-01    2.51E-02
 L2 CONV. ELECTRON, GAMMA-RAY   2   2.95E-02    1.915E-01    5.64E-03
 L3 CONV. ELECTRON, GAMMA-RAY   2   8.77E-02    1.918E-01    1.68E-02
 M CONV. ELECTRON, GAMMA-RAY    2   5.65E-02    1.956E-01*   1.10E-02
 N+ CONV. ELECTRON, GAMMA-RAY   2   1.39E-02    1.966E-01*   2.73E-03
 K -L2 X-RAY                        3.65E-01    2.945E-02    1.07E-02
 K -L3 X-RAY                        6.76E-01    2.978E-02    2.01E-02
 K -M2 X-RAY                        6.34E-02    3.357E-02    2.13E-03
 K -M3 X-RAY                        1.23E-01    3.363E-02    4.14E-03
 K -N2 X-RAY                        1.33E-02    3.440E-02    4.58E-04
 K -N3 X-RAY                        2.59E-02    3.441E-02    8.93E-04
 K -O3 X-RAY                        2.58E-03    3.455E-02    8.90E-05
 L2-M4 X-RAY                        3.97E-02    4.413E-03    1.75E-04
 L3-M5 X-RAY                        7.06E-02    4.097E-03    2.89E-04
 Free-Bound X-RAY                   2.20E+01    1.662E-05*   3.66E-04
 AUGER KLL                          1.03E-01    2.447E-02*   2.51E-03
 AUGER KLX                          4.59E-02    2.869E-02*   1.32E-03
 AUGER LMM                          1.13E+00    3.325E-03*   3.75E-03
 AUGER LMX                          3.35E-01    4.003E-03*   1.34E-03
 AUGER MNN                          2.87E+00    5.052E-04*   1.45E-03
 AUGER NXY                          1.05E+01    3.624E-05*   3.80E-04
 
 ALL LISTED X-RAYS, GAMMA-RAYS AND ANNIHILATION RADIATION    5.14E-02
 ALL NEGLECTED X-RAYS, GAMMA-RAYS AND ANNIH. RADIATION**     3.34E-04
 ALL LISTED BETAS, INTERNAL CONVERSION AND AUGER ELECTRONS   1.84E-01
 ALL NEGLECTED BETAS, INT. CONVERSION AND AUGER ELECTRONS**  8.20E-04
 ALL LISTED RADIATIONS                                       2.35E-01
 ALL NEGLECTED RADIATIONS**                                  1.15E-03
 
 *  AVERAGE ENERGY (MEV)
 ** EACH NEGLECTED TRANSITION CONTRIBUTES LESS THAN  0.100%
    TO THE TOTAL MEV/TRANSFORMATION FOR THIS CATEGORY.
 TOTAL FEEDING OF GROUND STATE LEVEL IN 129-XENON
   DAUGHTER IS 1.0000E+00  PER TRANSFORMATION OF 129M-XENON.
   THIS DAUGHTER GROUND STATE IS STABLE.
