 127M-XENON-54           HALFLIFE = 69.2 SECONDS 

  MODE OF DECAY: ISOMERIC LEVEL
 
                                    MEAN
                                    NUMBER/                  MEV/
                               ID   TRANSFOR-   ENERGY       TRANSFOR-
        TYPE OF RADIATION      NO.  MATION      (MEV)        MATION

 GAMMA-RAY                      1   6.90E-01    1.246E-01    8.60E-02
 K CONV. ELECTRON, GAMMA-RAY    1   2.68E-01    9.004E-02    2.42E-02
 L1 CONV. ELECTRON, GAMMA-RAY   1   3.25E-02    1.192E-01    3.88E-03
 L2 CONV. ELECTRON, GAMMA-RAY   1   2.82E-03    1.195E-01    3.37E-04
 L3 CONV. ELECTRON, GAMMA-RAY   1   1.20E-03    1.198E-01    1.43E-04
 M CONV. ELECTRON, GAMMA-RAY    1   7.49E-03    1.237E-01*   9.26E-04
 N+ CONV. ELECTRON, GAMMA-RAY   1   1.88E-03    1.246E-01*   2.34E-04
 GAMMA-RAY                      2   3.80E-01    1.725E-01    6.55E-02
 K CONV. ELECTRON, GAMMA-RAY    2   3.43E-01    1.379E-01    4.73E-02
 L1 CONV. ELECTRON, GAMMA-RAY   2   3.27E-02    1.671E-01    5.46E-03
 L2 CONV. ELECTRON, GAMMA-RAY   2   1.01E-01    1.674E-01    1.70E-02
 L3 CONV. ELECTRON, GAMMA-RAY   2   8.51E-02    1.677E-01    1.43E-02
 M CONV. ELECTRON, GAMMA-RAY    2   4.82E-02    1.716E-01*   8.28E-03
 N+ CONV. ELECTRON, GAMMA-RAY   2   1.13E-02    1.725E-01*   1.95E-03
 K -L2 X-RAY                        1.56E-01    2.945E-02    4.61E-03
 K -L3 X-RAY                        2.90E-01    2.978E-02    8.63E-03
 K -M2 X-RAY                        2.72E-02    3.357E-02    9.13E-04
 K -M3 X-RAY                        5.27E-02    3.363E-02    1.77E-03
 K -N2 X-RAY                        5.70E-03    3.440E-02    1.96E-04
 K -N3 X-RAY                        1.11E-02    3.441E-02    3.83E-04
 Free-Bound X-RAY                   1.07E+01    1.662E-05*   1.79E-04
 AUGER KLL                          4.40E-02    2.447E-02*   1.08E-03
 AUGER KLX                          1.97E-02    2.869E-02*   5.65E-04
 AUGER LMM                          5.54E-01    3.325E-03*   1.84E-03
 AUGER LMX                          1.64E-01    4.002E-03*   6.57E-04
 AUGER MNN                          1.41E+00    5.049E-04*   7.12E-04
 AUGER NXY                          5.11E+00    3.623E-05*   1.85E-04
 
 ALL LISTED X-RAYS, GAMMA-RAYS AND ANNIHILATION RADIATION    1.68E-01
 ALL NEGLECTED X-RAYS, GAMMA-RAYS AND ANNIH. RADIATION**     4.27E-04
 ALL LISTED BETAS, INTERNAL CONVERSION AND AUGER ELECTRONS   1.29E-01
 ALL NEGLECTED BETAS, INT. CONVERSION AND AUGER ELECTRONS**  3.31E-04
 ALL LISTED RADIATIONS                                       2.97E-01
 ALL NEGLECTED RADIATIONS**                                  7.58E-04
 
 *  AVERAGE ENERGY (MEV)
 ** EACH NEGLECTED TRANSITION CONTRIBUTES LESS THAN  0.100%
    TO THE TOTAL MEV/TRANSFORMATION FOR THIS CATEGORY.
 TOTAL FEEDING OF GROUND STATE LEVEL IN 127-XENON
   DAUGHTER IS 1.0000E+00  PER TRANSFORMATION OF 127M-XENON.
   DECAY OF THIS 36.4 DAYS HALFLIFE LEVEL WILL CONTRIBUTE TO DOSE.
