 135M-XENON-54           HALFLIFE = 15.29 MINUTES 

  MODES OF DECAY: ISOMERIC LEVEL, BETA MINUS
 
                                    MEAN
                                    NUMBER/                  MEV/
                               ID   TRANSFOR-   ENERGY       TRANSFOR-
        TYPE OF RADIATION      NO.  MATION      (MEV)        MATION

 GAMMA-RAY                      1   7.99E-01    5.266E-01    4.21E-01
 K CONV. ELECTRON, GAMMA-RAY    1   1.55E-01    4.920E-01    7.61E-02
 L1 CONV. ELECTRON, GAMMA-RAY   1   2.27E-02    5.211E-01    1.18E-02
 L2 CONV. ELECTRON, GAMMA-RAY   1   3.49E-03    5.215E-01    1.82E-03
 L3 CONV. ELECTRON, GAMMA-RAY   1   3.64E-03    5.218E-01    1.90E-03
 M CONV. ELECTRON, GAMMA-RAY    1   6.34E-03    5.256E-01*   3.33E-03
 N+ CONV. ELECTRON, GAMMA-RAY   1   1.58E-03    5.266E-01*   8.34E-04
 K -L2 X-RAY                        3.96E-02    2.945E-02    1.17E-03
 K -L3 X-RAY                        7.33E-02    2.978E-02    2.18E-03
 K -M3 X-RAY                        1.33E-02    3.363E-02    4.49E-04
 AUGER KLL                          1.11E-02    2.447E-02*   2.72E-04
 AUGER KLX                          4.98E-03    2.869E-02*   1.43E-04
 AUGER LMM                          1.16E-01    3.327E-03*   3.87E-04
 AUGER LMX                          3.45E-02    4.005E-03*   1.38E-04
 AUGER MNN                          2.95E-01    5.052E-04*   1.49E-04
 BETA MINUS                     5   5.96E-03    6.414E-01*   3.82E-03
 
 ALL LISTED X-RAYS, GAMMA-RAYS AND ANNIHILATION RADIATION    4.24E-01
 ALL NEGLECTED X-RAYS, GAMMA-RAYS AND ANNIH. RADIATION**     5.40E-04
 ALL LISTED BETAS, INTERNAL CONVERSION AND AUGER ELECTRONS   1.01E-01
 ALL NEGLECTED BETAS, INT. CONVERSION AND AUGER ELECTRONS**  1.25E-04
 ALL LISTED RADIATIONS                                       5.25E-01
 ALL NEGLECTED RADIATIONS**                                  6.65E-04
 
 *  AVERAGE ENERGY (MEV)
 ** EACH NEGLECTED TRANSITION CONTRIBUTES LESS THAN  0.100%
    TO THE TOTAL MEV/TRANSFORMATION FOR THIS CATEGORY.
 TOTAL FEEDING OF GROUND STATE LEVEL IN 135-XENON
   DAUGHTER IS 9.9400E-01  PER TRANSFORMATION OF 135M-XENON.
   DECAY OF THIS 9.14 HOURS HALFLIFE LEVEL WILL CONTRIBUTE TO DOSE.
 TOTAL FEEDING OF GROUND STATE LEVEL IN 135-CESIUM
   DAUGHTER IS 6.0000E-03  PER TRANSFORMATION OF 135M-XENON.
   DECAY OF THIS 0.23E+07 YEARS HALFLIFE LEVEL WILL CONTRIBUTE TO DOSE.
