 123-XENON-54            HALFLIFE = 2.08 HOURS   

  MODES OF DECAY: ELECTRON CAPTURE, BETA PLUS
 
                                    MEAN
                                    NUMBER/                  MEV/
                               ID   TRANSFOR-   ENERGY       TRANSFOR-
        TYPE OF RADIATION      NO.  MATION      (MEV)        MATION

 BETA PLUS                      8   1.10E-02    5.933E-01*   6.52E-03
 BETA PLUS                      9   4.00E-02    6.613E-01*   2.64E-02
 BETA PLUS                     10   1.74E-01    6.743E-01*   1.17E-01
 ANNIHILATION RADIATION             4.52E-01    5.110E-01    2.31E-01
 GAMMA-RAY                      3   4.89E-01    1.489E-01    7.28E-02
 K CONV. ELECTRON, GAMMA-RAY    3   1.61E-01    1.157E-01    1.86E-02
 L1 CONV. ELECTRON, GAMMA-RAY   3   1.57E-02    1.437E-01    2.26E-03
 L2 CONV. ELECTRON, GAMMA-RAY   3   1.23E-02    1.440E-01    1.77E-03
 L3 CONV. ELECTRON, GAMMA-RAY   3   1.28E-02    1.443E-01    1.85E-03
 M CONV. ELECTRON, GAMMA-RAY    3   8.56E-03    1.480E-01*   1.27E-03
 N+ CONV. ELECTRON, GAMMA-RAY   3   1.99E-03    1.489E-01*   2.96E-04
 GAMMA-RAY                      4   1.49E-01    1.781E-01    2.66E-02
 K CONV. ELECTRON, GAMMA-RAY    4   1.95E-02    1.449E-01    2.83E-03
 L1 CONV. ELECTRON, GAMMA-RAY   4   2.36E-03    1.729E-01    4.09E-04
 GAMMA-RAY                      6   8.56E-02    3.302E-01    2.83E-02
 K CONV. ELECTRON, GAMMA-RAY    6   2.19E-03    2.970E-01    6.52E-04
 GAMMA-RAY                      9   2.00E-03    6.805E-01    1.36E-03
 GAMMA-RAY                     10   1.12E-03    6.915E-01    7.78E-04
 GAMMA-RAY                     11   1.71E-03    7.185E-01    1.23E-03
 GAMMA-RAY                     12   1.22E-03    7.283E-01    8.90E-04
 GAMMA-RAY                     14   4.45E-03    7.829E-01    3.48E-03
 GAMMA-RAY                     24   2.84E-03    8.707E-01    2.47E-03
 GAMMA-RAY                     25   2.44E-02    8.996E-01    2.20E-02
 GAMMA-RAY                     26   8.80E-04    9.090E-01    8.00E-04
 GAMMA-RAY                     27   8.31E-04    9.120E-01    7.58E-04
 GAMMA-RAY                     28   3.13E-03    9.349E-01    2.93E-03
 GAMMA-RAY                     31   5.38E-03    9.640E-01    5.19E-03
 GAMMA-RAY                     32   2.84E-03    9.794E-01    2.78E-03
 GAMMA-RAY                     33   7.34E-04    1.004E+00    7.37E-04
 GAMMA-RAY                     34   4.40E-03    1.011E+00    4.45E-03
 GAMMA-RAY                     35   1.17E-03    1.014E+00    1.19E-03
 GAMMA-RAY                     36   7.34E-04    1.041E+00    7.64E-04
 GAMMA-RAY                     37   1.37E-03    1.049E+00    1.44E-03
 GAMMA-RAY                     38   7.82E-03    1.061E+00    8.30E-03
 GAMMA-RAY                     39   6.60E-03    1.064E+00    7.03E-03
 GAMMA-RAY                     40   2.79E-02    1.093E+00    3.05E-02
 GAMMA-RAY                     41   1.56E-02    1.113E+00    1.74E-02
 GAMMA-RAY                     42   5.87E-04    1.132E+00    6.64E-04
 GAMMA-RAY                     43   9.78E-04    1.154E+00    1.13E-03
 GAMMA-RAY                     44   1.03E-03    1.161E+00    1.19E-03
 GAMMA-RAY                     46   9.29E-04    1.202E+00    1.12E-03
 GAMMA-RAY                     47   9.78E-04    1.237E+00    1.21E-03
 GAMMA-RAY                     48   1.12E-03    1.242E+00    1.40E-03
 GAMMA-RAY                     49   4.50E-03    1.242E+00    5.59E-03
 GAMMA-RAY                     53   1.32E-03    1.310E+00    1.73E-03
 GAMMA-RAY                     56   1.17E-03    1.391E+00    1.63E-03
 GAMMA-RAY                     57   4.89E-04    1.508E+00    7.38E-04
 GAMMA-RAY                     58   3.03E-03    1.535E+00    4.65E-03
 GAMMA-RAY                     59   1.71E-03    1.604E+00    2.75E-03
 GAMMA-RAY                     60   5.87E-03    1.626E+00    9.54E-03
 GAMMA-RAY                     61   1.32E-03    1.657E+00    2.19E-03
 GAMMA-RAY                     62   6.11E-03    1.687E+00    1.03E-02
 GAMMA-RAY                     63   1.91E-03    1.716E+00    3.27E-03
 GAMMA-RAY                     64   1.42E-03    1.732E+00    2.46E-03
 GAMMA-RAY                     65   9.29E-04    1.756E+00    1.63E-03
 GAMMA-RAY                     66   9.78E-04    1.778E+00    1.74E-03
 GAMMA-RAY                     68   1.25E-02    1.807E+00    2.25E-02
 GAMMA-RAY                     69   1.22E-03    1.822E+00    2.23E-03
 GAMMA-RAY                     70   6.36E-04    1.865E+00    1.19E-03
 GAMMA-RAY                     71   5.87E-04    1.871E+00    1.10E-03
 GAMMA-RAY                     72   6.36E-03    1.885E+00    1.20E-02
 GAMMA-RAY                     73   7.34E-04    1.914E+00    1.40E-03
 GAMMA-RAY                     75   2.20E-03    1.934E+00    4.26E-03
 GAMMA-RAY                     76   9.78E-04    1.956E+00    1.91E-03
 GAMMA-RAY                     77   1.37E-03    1.974E+00    2.70E-03
 GAMMA-RAY                     78   4.40E-04    1.993E+00    8.77E-04
 GAMMA-RAY                     79   1.86E-03    2.003E+00    3.72E-03
 GAMMA-RAY                     80   2.44E-03    2.038E+00    4.98E-03
 GAMMA-RAY                     81   4.40E-04    2.052E+00    9.03E-04
 GAMMA-RAY                     82   7.34E-04    2.059E+00    1.51E-03
 GAMMA-RAY                     83   4.89E-04    2.063E+00    1.01E-03
 GAMMA-RAY                     84   1.66E-03    2.072E+00    3.44E-03
 GAMMA-RAY                     85   1.56E-03    2.101E+00    3.29E-03
 GAMMA-RAY                     89   3.42E-04    2.145E+00    7.34E-04
 GAMMA-RAY                     92   6.36E-04    2.174E+00    1.38E-03
 GAMMA-RAY                     93   3.91E-04    2.179E+00    8.52E-04
 GAMMA-RAY                     95   4.40E-04    2.201E+00    9.69E-04
 GAMMA-RAY                     96   3.91E-04    2.212E+00    8.65E-04
 GAMMA-RAY                     97   3.42E-04    2.219E+00    7.59E-04
 GAMMA-RAY                    102   3.42E-04    2.327E+00    7.97E-04
 K -L2 X-RAY                        2.15E-01    2.831E-02    6.08E-03
 K -L3 X-RAY                        3.99E-01    2.861E-02    1.14E-02
 K -M2 X-RAY                        3.71E-02    3.224E-02    1.20E-03
 K -M3 X-RAY                        7.20E-02    3.229E-02    2.32E-03
 AUGER KLL                          6.45E-02    2.356E-02*   1.52E-03
 AUGER KLX                          2.89E-02    2.759E-02*   7.97E-04
 AUGER LMM                          6.25E-01    3.205E-03*   2.00E-03
 AUGER LMX                          1.85E-01    3.840E-03*   7.09E-04
 AUGER MNN                          1.59E+00    4.770E-04*   7.60E-04
 
 ALL LISTED X-RAYS, GAMMA-RAYS AND ANNIHILATION RADIATION    6.26E-01
 ALL NEGLECTED X-RAYS, GAMMA-RAYS AND ANNIH. RADIATION**     1.48E-02
 ALL LISTED BETAS, INTERNAL CONVERSION AND AUGER ELECTRONS   1.86E-01
 ALL NEGLECTED BETAS, INT. CONVERSION AND AUGER ELECTRONS**  1.55E-03
 ALL LISTED RADIATIONS                                       8.12E-01
 ALL NEGLECTED RADIATIONS**                                  1.64E-02
 
 *  AVERAGE ENERGY (MEV)
 ** EACH NEGLECTED TRANSITION CONTRIBUTES LESS THAN  0.100%
    TO THE TOTAL MEV/TRANSFORMATION FOR THIS CATEGORY.
 TOTAL FEEDING OF GROUND STATE LEVEL IN 123-IODINE
   DAUGHTER IS 1.0000E+00 PER TRANSFORMATION OF 123-XENON.
   DECAY OF THIS 13.27 HOURS HALFLIFE LEVEL WILL CONTRIBUTE TO DOSE.
