 135-XENON-54            HALFLIFE = 9.14 HOURS   

  MODE OF DECAY: BETA MINUS
 
                                    MEAN
                                    NUMBER/                  MEV/
                               ID   TRANSFOR-   ENERGY       TRANSFOR-
        TYPE OF RADIATION      NO.  MATION      (MEV)        MATION

 BETA MINUS                     3   3.11E-02    1.732E-01*   5.39E-03
 BETA MINUS                     4   5.91E-03    2.480E-01*   1.46E-03
 BETA MINUS                     5   9.61E-01    3.102E-01*   2.98E-01
 GAMMA-RAY                      1   2.89E-03    1.582E-01    4.57E-04
 GAMMA-RAY                      3   9.00E-01    2.498E-01    2.25E-01
 K CONV. ELECTRON, GAMMA-RAY    3   5.71E-02    2.138E-01    1.22E-02
 L1 CONV. ELECTRON, GAMMA-RAY   3   6.50E-03    2.441E-01    1.59E-03
 L2 CONV. ELECTRON, GAMMA-RAY   3   1.58E-03    2.444E-01    3.86E-04
 M CONV. ELECTRON, GAMMA-RAY    3   1.94E-03    2.488E-01*   4.83E-04
 GAMMA-RAY                      4   2.20E-03    3.584E-01    7.90E-04
 GAMMA-RAY                      6   3.58E-03    4.080E-01    1.46E-03
 GAMMA-RAY                      9   2.90E-02    6.082E-01    1.76E-02
 GAMMA-RAY                     10   4.50E-04    6.544E-01    2.94E-04
 GAMMA-RAY                     11   5.49E-04    7.315E-01    4.02E-04
 GAMMA-RAY                     12   7.02E-04    8.126E-01    5.70E-04
 K -L2 X-RAY                        1.50E-02    3.062E-02    4.59E-04
 K -L3 X-RAY                        2.77E-02    3.098E-02    8.57E-04
 
 ALL LISTED X-RAYS, GAMMA-RAYS AND ANNIHILATION RADIATION    2.48E-01
 ALL NEGLECTED X-RAYS, GAMMA-RAYS AND ANNIH. RADIATION**     5.51E-04
 ALL LISTED BETAS, INTERNAL CONVERSION AND AUGER ELECTRONS   3.20E-01
 ALL NEGLECTED BETAS, INT. CONVERSION AND AUGER ELECTRONS**  1.26E-03
 ALL LISTED RADIATIONS                                       5.67E-01
 ALL NEGLECTED RADIATIONS**                                  1.81E-03
 
 *  AVERAGE ENERGY (MEV)
 ** EACH NEGLECTED TRANSITION CONTRIBUTES LESS THAN  0.100%
    TO THE TOTAL MEV/TRANSFORMATION FOR THIS CATEGORY.
 TOTAL FEEDING OF GROUND STATE LEVEL IN 135-CESIUM
   DAUGHTER IS 1.0000E+00 PER TRANSFORMATION OF 135-XENON.
   DECAY OF THIS 0.23E+07 YEARS HALFLIFE LEVEL WILL CONTRIBUTE TO DOSE.
