 86-YTTRIUM-39           HALFLIFE = 14.74 HOURS   

  MODES OF DECAY: ELECTRON CAPTURE, BETA PLUS
 
                                    MEAN
                                    NUMBER/                  MEV/
                               ID   TRANSFOR-   ENERGY       TRANSFOR-
        TYPE OF RADIATION      NO.  MATION      (MEV)        MATION

 BETA PLUS                      5   2.20E-03    1.730E-01*   3.80E-04
 BETA PLUS                      7   2.60E-03    2.009E-01*   5.21E-04
 BETA PLUS                      9   3.09E-03    2.524E-01*   7.81E-04
 BETA PLUS                     10   1.80E-03    3.747E-01*   6.73E-04
 BETA PLUS                     11   1.10E-02    3.940E-01*   4.33E-03
 BETA PLUS                     13   1.90E-02    4.521E-01*   8.58E-03
 BETA PLUS                     14   1.33E-02    5.094E-01*   6.76E-03
 BETA PLUS                     15   1.19E-01    5.354E-01*   6.36E-02
 BETA PLUS                     16   6.89E-03    5.885E-01*   4.05E-03
 BETA PLUS                     17   4.99E-04    6.548E-01*   3.27E-04
 BETA PLUS                     18   5.59E-02    6.810E-01*   3.81E-02
 BETA PLUS                     19   4.99E-04    7.202E-01*   3.59E-04
 BETA PLUS                     20   1.70E-02    7.677E-01*   1.30E-02
 BETA PLUS                     21   3.59E-02    8.832E-01*   3.17E-02
 BETA PLUS                     22   8.98E-03    1.078E+00*   9.68E-03
 BETA PLUS                     23   2.00E-02    1.436E+00*   2.87E-02
 ANNIHILATION RADIATION             6.38E-01    5.110E-01    3.26E-01
 GAMMA-RAY                     12   3.46E-02    3.070E-01    1.06E-02
 GAMMA-RAY                     17   3.63E-02    3.829E-01    1.39E-02
 GAMMA-RAY                     20   1.69E-01    4.431E-01    7.49E-02
 GAMMA-RAY                     26   4.89E-02    5.152E-01    2.52E-02
 GAMMA-RAY                     27   4.79E-02    5.806E-01    2.78E-02
 GAMMA-RAY                     28   2.01E-02    6.083E-01    1.22E-02
 GAMMA-RAY                     30   3.26E-01    6.277E-01    2.05E-01
 GAMMA-RAY                     32   2.19E-02    6.448E-01    1.41E-02
 GAMMA-RAY                     33   9.16E-02    6.459E-01    5.91E-02
 GAMMA-RAY                     37   1.54E-01    7.033E-01    1.09E-01
 GAMMA-RAY                     38   2.62E-02    7.099E-01    1.86E-02
 GAMMA-RAY                     40   1.36E-02    7.408E-01    1.01E-02
 GAMMA-RAY                     41   2.39E-02    7.676E-01    1.84E-02
 GAMMA-RAY                     43   2.24E-01    7.774E-01    1.74E-01
 GAMMA-RAY                     45   3.30E-02    8.260E-01    2.73E-02
 GAMMA-RAY                     46   1.48E-02    8.337E-01    1.24E-02
 GAMMA-RAY                     47   4.37E-02    8.357E-01    3.65E-02
 GAMMA-RAY                     49   4.37E-03    8.874E-01    3.88E-03
 GAMMA-RAY                     50   1.04E-02    9.554E-01    9.93E-03
 GAMMA-RAY                     53   3.79E-02    1.024E+00    3.89E-02
 GAMMA-RAY                     54   8.25E-01    1.077E+00    8.88E-01
 K CONV. ELECTRON, GAMMA-RAY   54   3.59E-04    1.061E+00    3.81E-04
 GAMMA-RAY                     56   6.93E-03    1.093E+00    7.57E-03
 GAMMA-RAY                     61   3.05E-01    1.153E+00    3.52E-01
 GAMMA-RAY                     63   1.18E-02    1.163E+00    1.37E-02
 GAMMA-RAY                     64   1.53E-02    1.253E+00    1.92E-02
 GAMMA-RAY                     65   6.52E-03    1.270E+00    8.28E-03
 GAMMA-RAY                     66   2.89E-03    1.284E+00    3.71E-03
 GAMMA-RAY                     67   2.89E-03    1.295E+00    3.74E-03
 GAMMA-RAY                     68   5.44E-03    1.296E+00    7.06E-03
 GAMMA-RAY                     70   2.95E-02    1.349E+00    3.97E-02
 GAMMA-RAY                     72   3.30E-03    1.415E+00    4.67E-03
 GAMMA-RAY                     73   3.55E-03    1.508E+00    5.35E-03
 GAMMA-RAY                     77   6.35E-03    1.696E+00    1.08E-02
 GAMMA-RAY                     79   5.53E-03    1.724E+00    9.53E-03
 GAMMA-RAY                     80   9.98E-03    1.791E+00    1.79E-02
 GAMMA-RAY                     81   1.65E-02    1.802E+00    2.97E-02
 GAMMA-RAY                     82   1.72E-01    1.854E+00    3.18E-01
 GAMMA-RAY                     83   2.08E-01    1.921E+00    3.99E-01
 GAMMA-RAY                     86   2.47E-03    2.088E+00    5.17E-03
 GAMMA-RAY                     92   2.25E-02    2.568E+00    5.78E-02
 GAMMA-RAY                     93   1.24E-02    2.610E+00    3.23E-02
 GAMMA-RAY                     94   1.65E-03    2.642E+00    4.36E-03
 GAMMA-RAY                     96   2.06E-03    2.795E+00    5.76E-03
 GAMMA-RAY                     99   3.80E-03    2.866E+00    1.09E-02
 GAMMA-RAY                    102   1.24E-03    3.334E+00    4.13E-03
 AUGER KLL                          1.38E-01    1.202E-02*   1.66E-03
 AUGER KLX                          4.67E-02    1.379E-02*   6.44E-04
 AUGER LMM                          6.64E-01    1.573E-03*   1.05E-03
 
 ALL LISTED X-RAYS, GAMMA-RAYS AND ANNIHILATION RADIATION    3.49E+00
 ALL NEGLECTED X-RAYS, GAMMA-RAYS AND ANNIH. RADIATION**     9.13E-02
 ALL LISTED BETAS, INTERNAL CONVERSION AND AUGER ELECTRONS   2.15E-01
 ALL NEGLECTED BETAS, INT. CONVERSION AND AUGER ELECTRONS**  2.60E-03
 ALL LISTED RADIATIONS                                       3.70E+00
 ALL NEGLECTED RADIATIONS**                                  9.39E-02
 
 *  AVERAGE ENERGY (MEV)
 ** EACH NEGLECTED TRANSITION CONTRIBUTES LESS THAN  0.100%
    TO THE TOTAL MEV/TRANSFORMATION FOR THIS CATEGORY.
 TOTAL FEEDING OF GROUND STATE LEVEL IN 86-STRONTIUM
   DAUGHTER IS 1.0000E+00 PER TRANSFORMATION OF  86-YTTRIUM.
   THIS DAUGHTER GROUND STATE IS STABLE.
