 89M-YTTRIUM-39          HALFLIFE = 15.663 SECONDS 

  MODE OF DECAY: ISOMERIC LEVEL
 
                                    MEAN
                                    NUMBER/                  MEV/
                               ID   TRANSFOR-   ENERGY       TRANSFOR-
        TYPE OF RADIATION      NO.  MATION      (MEV)        MATION

 GAMMA-RAY                      1   9.92E-01    9.090E-01    9.01E-01
 K CONV. ELECTRON, GAMMA-RAY    1   7.45E-03    8.920E-01    6.64E-03
 L1 CONV. ELECTRON, GAMMA-RAY   1   8.38E-04    9.066E-01    7.59E-04
 L2 CONV. ELECTRON, GAMMA-RAY   1   4.89E-05    9.068E-01    4.44E-05
 L3 CONV. ELECTRON, GAMMA-RAY   1   2.82E-05    9.069E-01    2.56E-05
 M CONV. ELECTRON, GAMMA-RAY    1   1.60E-04    9.087E-01*   1.46E-04
 N+ CONV. ELECTRON, GAMMA-RAY   1   2.66E-05    9.090E-01*   2.42E-05
 AUGER KLL                          1.58E-03    1.267E-02*   2.01E-05
 AUGER KLX                          5.51E-04    1.455E-02*   8.01E-06
 AUGER LMM                          8.02E-03    1.662E-03*   1.33E-05
 
 ALL LISTED X-RAYS, GAMMA-RAYS AND ANNIHILATION RADIATION    9.01E-01
 ALL NEGLECTED X-RAYS, GAMMA-RAYS AND ANNIH. RADIATION**     8.10E-05
 ALL LISTED BETAS, INTERNAL CONVERSION AND AUGER ELECTRONS   7.68E-03
 ALL NEGLECTED BETAS, INT. CONVERSION AND AUGER ELECTRONS**  6.43E-06
 ALL LISTED RADIATIONS                                       9.09E-01
 ALL NEGLECTED RADIATIONS**                                  8.74E-05
 
 *  AVERAGE ENERGY (MEV)
 ** EACH NEGLECTED TRANSITION CONTRIBUTES LESS THAN  0.100%
    TO THE TOTAL MEV/TRANSFORMATION FOR THIS CATEGORY.
 TOTAL FEEDING OF GROUND STATE LEVEL IN 89-YTTRIUM
   DAUGHTER IS 1.0000E+00  PER TRANSFORMATION OF  89M-YTTRIUM.
   THIS DAUGHTER GROUND STATE IS STABLE.
