 91-YTTRIUM-39           HALFLIFE = 58.51 DAYS    

  MODE OF DECAY: BETA MINUS
 
                                    MEAN
                                    NUMBER/                  MEV/
                               ID   TRANSFOR-   ENERGY       TRANSFOR-
        TYPE OF RADIATION      NO.  MATION      (MEV)        MATION

 BETA MINUS                     2   9.97E-01    6.045E-01*   6.03E-01
 GAMMA-RAY                      1   2.60E-03    1.205E+00    3.13E-03
 
 ALL LISTED X-RAYS, GAMMA-RAYS AND ANNIHILATION RADIATION    3.13E-03
 ALL NEGLECTED X-RAYS, GAMMA-RAYS AND ANNIH. RADIATION**     1.21E-08
 ALL LISTED BETAS, INTERNAL CONVERSION AND AUGER ELECTRONS   6.03E-01
 ALL NEGLECTED BETAS, INT. CONVERSION AND AUGER ELECTRONS**  2.63E-04
 ALL LISTED RADIATIONS                                       6.06E-01
 ALL NEGLECTED RADIATIONS**                                  2.63E-04
 
 *  AVERAGE ENERGY (MEV)
 ** EACH NEGLECTED TRANSITION CONTRIBUTES LESS THAN  0.100%
    TO THE TOTAL MEV/TRANSFORMATION FOR THIS CATEGORY.
 TOTAL FEEDING OF GROUND STATE LEVEL IN 91-ZIRCONIUM
   DAUGHTER IS 1.0000E+00 PER TRANSFORMATION OF  91-YTTRIUM.
   THIS DAUGHTER GROUND STATE IS STABLE.
