 91M-YTTRIUM-39          HALFLIFE = 49.71 MINUTES 

  MODE OF DECAY: ISOMERIC LEVEL
 
                                    MEAN
                                    NUMBER/                  MEV/
                               ID   TRANSFOR-   ENERGY       TRANSFOR-
        TYPE OF RADIATION      NO.  MATION      (MEV)        MATION

 GAMMA-RAY                      1   9.50E-01    5.556E-01    5.28E-01
 K CONV. ELECTRON, GAMMA-RAY    1   4.39E-02    5.386E-01    2.37E-02
 L1 CONV. ELECTRON, GAMMA-RAY   1   5.14E-03    5.532E-01    2.85E-03
 L2 CONV. ELECTRON, GAMMA-RAY   1   4.58E-04    5.534E-01    2.53E-04
 L3 CONV. ELECTRON, GAMMA-RAY   1   3.98E-04    5.535E-01    2.20E-04
 M CONV. ELECTRON, GAMMA-RAY    1   1.06E-03    5.553E-01*   5.86E-04
 N+ CONV. ELECTRON, GAMMA-RAY   1   1.73E-04    5.556E-01*   9.62E-05
 AUGER KLL                          9.34E-03    1.267E-02*   1.18E-04
 AUGER KLX                          3.25E-03    1.455E-02*   4.73E-05
 AUGER LMM                          4.78E-02    1.662E-03*   7.95E-05
 
 ALL LISTED X-RAYS, GAMMA-RAYS AND ANNIHILATION RADIATION    5.28E-01
 ALL NEGLECTED X-RAYS, GAMMA-RAYS AND ANNIH. RADIATION**     4.78E-04
 ALL LISTED BETAS, INTERNAL CONVERSION AND AUGER ELECTRONS   2.79E-02
 ALL NEGLECTED BETAS, INT. CONVERSION AND AUGER ELECTRONS**  3.83E-05
 ALL LISTED RADIATIONS                                       5.56E-01
 ALL NEGLECTED RADIATIONS**                                  5.16E-04
 
 *  AVERAGE ENERGY (MEV)
 ** EACH NEGLECTED TRANSITION CONTRIBUTES LESS THAN  0.100%
    TO THE TOTAL MEV/TRANSFORMATION FOR THIS CATEGORY.
 TOTAL FEEDING OF GROUND STATE LEVEL IN 91-YTTRIUM
   DAUGHTER IS 1.0000E+00  PER TRANSFORMATION OF  91M-YTTRIUM.
   DECAY OF THIS 58.51 DAYS HALFLIFE LEVEL WILL CONTRIBUTE TO DOSE.
