 169-YTTERBIUM-70        HALFLIFE = 32.026 DAYS    

  MODE OF DECAY: ELECTRON CAPTURE
 
                                    MEAN
                                    NUMBER/                  MEV/
                               ID   TRANSFOR-   ENERGY       TRANSFOR-
        TYPE OF RADIATION      NO.  MATION      (MEV)        MATION

 M CONV. ELECTRON, GAMMA-RAY    1   7.42E-01    6.545E-03*   4.86E-03
 N+ CONV. ELECTRON, GAMMA-RAY   1   2.03E-01    8.410E-03*   1.71E-03
 L1 CONV. ELECTRON, GAMMA-RAY   2   7.12E-02    1.067E-02    7.59E-04
 M CONV. ELECTRON, GAMMA-RAY    2   1.89E-02    1.889E-02*   3.57E-04
 L1 CONV. ELECTRON, GAMMA-RAY   3   1.11E-02    3.268E-02    3.62E-04
 L2 CONV. ELECTRON, GAMMA-RAY   5   1.01E-01    4.098E-02    4.13E-03
 L3 CONV. ELECTRON, GAMMA-RAY   5   1.15E-01    4.197E-02    4.82E-03
 M CONV. ELECTRON, GAMMA-RAY    5   5.32E-02    4.874E-02*   2.59E-03
 N+ CONV. ELECTRON, GAMMA-RAY   5   1.40E-02    5.061E-02*   7.06E-04
 L1 CONV. ELECTRON, GAMMA-RAY   6   1.42E-02    4.077E-02    5.81E-04
 M CONV. ELECTRON, GAMMA-RAY    6   3.51E-03    4.899E-02*   1.72E-04
 L3 CONV. ELECTRON, GAMMA-RAY   7   3.51E-03    4.287E-02    1.50E-04
 GAMMA-RAY                      8   2.15E-02    6.301E-02    1.35E-03
 K CONV. ELECTRON, GAMMA-RAY    8   2.19E-01    3.524E-03    7.72E-04
 L1 CONV. ELECTRON, GAMMA-RAY   8   3.03E-02    5.293E-02    1.61E-03
 M CONV. ELECTRON, GAMMA-RAY    8   7.49E-03    6.115E-02*   4.58E-04
 GAMMA-RAY                      9   4.42E-01    6.312E-02    2.79E-02
 K CONV. ELECTRON, GAMMA-RAY    9   3.98E-01    3.633E-03    1.44E-03
 L1 CONV. ELECTRON, GAMMA-RAY   9   3.93E-02    5.304E-02    2.09E-03
 L2 CONV. ELECTRON, GAMMA-RAY   9   1.45E-02    5.349E-02    7.77E-04
 L3 CONV. ELECTRON, GAMMA-RAY   9   1.82E-02    5.448E-02    9.94E-04
 M CONV. ELECTRON, GAMMA-RAY    9   1.62E-02    6.126E-02*   9.91E-04
 N+ CONV. ELECTRON, GAMMA-RAY   9   4.35E-03    6.312E-02*   2.75E-04
 GAMMA-RAY                     13   2.61E-02    9.362E-02    2.44E-03
 K CONV. ELECTRON, GAMMA-RAY   13   8.32E-02    3.413E-02    2.84E-03
 L1 CONV. ELECTRON, GAMMA-RAY  13   1.14E-02    8.353E-02    9.55E-04
 L2 CONV. ELECTRON, GAMMA-RAY  13   1.79E-03    8.399E-02    1.51E-04
 M CONV. ELECTRON, GAMMA-RAY   13   3.20E-03    9.175E-02*   2.94E-04
 GAMMA-RAY                     19   1.75E-01    1.098E-01    1.92E-02
 K CONV. ELECTRON, GAMMA-RAY   19   3.53E-01    5.029E-02    1.77E-02
 L1 CONV. ELECTRON, GAMMA-RAY  19   4.86E-02    9.970E-02    4.85E-03
 L2 CONV. ELECTRON, GAMMA-RAY  19   6.40E-03    1.002E-01    6.41E-04
 L3 CONV. ELECTRON, GAMMA-RAY  19   2.71E-03    1.011E-01    2.74E-04
 M CONV. ELECTRON, GAMMA-RAY   19   1.30E-02    1.079E-01*   1.40E-03
 N+ CONV. ELECTRON, GAMMA-RAY  19   3.65E-03    1.098E-01*   4.00E-04
 GAMMA-RAY                     23   1.87E-02    1.182E-01    2.21E-03
 K CONV. ELECTRON, GAMMA-RAY   23   1.30E-02    5.870E-02    7.64E-04
 L2 CONV. ELECTRON, GAMMA-RAY  23   6.52E-03    1.086E-01    7.08E-04
 L3 CONV. ELECTRON, GAMMA-RAY  23   5.93E-03    1.096E-01    6.50E-04
 M CONV. ELECTRON, GAMMA-RAY   23   3.35E-03    1.163E-01*   3.90E-04
 GAMMA-RAY                     24   5.37E-03    1.299E-01    6.98E-04
 K CONV. ELECTRON, GAMMA-RAY   24   6.89E-03    7.045E-02    4.85E-04
 GAMMA-RAY                     25   1.13E-01    1.305E-01    1.48E-02
 K CONV. ELECTRON, GAMMA-RAY   25   6.08E-02    7.104E-02    4.32E-03
 L1 CONV. ELECTRON, GAMMA-RAY  25   6.04E-03    1.204E-01    7.27E-04
 L2 CONV. ELECTRON, GAMMA-RAY  25   2.51E-02    1.209E-01    3.03E-03
 L3 CONV. ELECTRON, GAMMA-RAY  25   2.21E-02    1.219E-01    2.69E-03
 M CONV. ELECTRON, GAMMA-RAY   25   1.30E-02    1.287E-01*   1.67E-03
 N+ CONV. ELECTRON, GAMMA-RAY  25   3.44E-03    1.305E-01*   4.49E-04
 GAMMA-RAY                     28   2.22E-01    1.772E-01    3.93E-02
 K CONV. ELECTRON, GAMMA-RAY   28   1.07E-01    1.177E-01    1.26E-02
 L1 CONV. ELECTRON, GAMMA-RAY  28   1.45E-02    1.671E-01    2.42E-03
 L2 CONV. ELECTRON, GAMMA-RAY  28   3.08E-03    1.676E-01    5.16E-04
 L3 CONV. ELECTRON, GAMMA-RAY  28   1.70E-03    1.686E-01    2.87E-04
 M CONV. ELECTRON, GAMMA-RAY   28   4.37E-03    1.753E-01*   7.66E-04
 N+ CONV. ELECTRON, GAMMA-RAY  28   1.22E-03    1.772E-01*   2.16E-04
 GAMMA-RAY                     30   3.58E-01    1.980E-01    7.09E-02
 K CONV. ELECTRON, GAMMA-RAY   30   1.31E-01    1.385E-01    1.82E-02
 L1 CONV. ELECTRON, GAMMA-RAY  30   1.79E-02    1.879E-01    3.36E-03
 L2 CONV. ELECTRON, GAMMA-RAY  30   2.66E-03    1.883E-01    5.01E-04
 L3 CONV. ELECTRON, GAMMA-RAY  30   1.15E-03    1.893E-01    2.18E-04
 M CONV. ELECTRON, GAMMA-RAY   30   4.89E-03    1.961E-01*   9.58E-04
 N+ CONV. ELECTRON, GAMMA-RAY  30   1.37E-03    1.980E-01*   2.72E-04
 GAMMA-RAY                     37   1.71E-02    2.611E-01    4.48E-03
 GAMMA-RAY                     41   1.79E-03    3.068E-01    5.49E-04
 GAMMA-RAY                     42   5.01E-03    3.075E-01    1.54E-03
 GAMMA-RAY                     43   1.01E-01    3.077E-01    3.09E-02
 K CONV. ELECTRON, GAMMA-RAY   43   4.85E-03    2.482E-01    1.20E-03
 L1 CONV. ELECTRON, GAMMA-RAY  43   5.75E-04    2.977E-01    1.71E-04
 L2 CONV. ELECTRON, GAMMA-RAY  43   5.18E-04    2.981E-01    1.55E-04
 K -L2 X-RAY                        5.95E-01    4.986E-02    2.97E-02
 K -L3 X-RAY                        1.05E+00    5.085E-02    5.35E-02
 K -M2 X-RAY                        1.10E-01    5.741E-02    6.33E-03
 K -M3 X-RAY                        2.13E-01    5.762E-02    1.23E-02
 K -N2 X-RAY                        2.45E-02    5.912E-02    1.45E-03
 K -N3 X-RAY                        4.73E-02    5.916E-02    2.80E-03
 K -O3 X-RAY                        1.14E-02    5.946E-02    6.75E-04
 L2-M4 X-RAY                        1.75E-01    8.113E-03    1.42E-03
 L3-M5 X-RAY                        2.50E-01    7.168E-03    1.79E-03
 L3-N5 X-RAY                        4.25E-02    8.460E-03    3.60E-04
 Free-Bound X-RAY                   3.04E+01    1.348E-05*   4.09E-04
 AUGER KLL                          7.50E-02    4.070E-02*   3.05E-03
 AUGER KLX                          3.82E-02    4.841E-02*   1.85E-03
 AUGER KXY                          4.66E-03    5.613E-02*   2.62E-04
 CK LLX                             3.47E-01    8.382E-04*   2.90E-04
 AUGER LMM                          1.45E+00    5.653E-03*   8.18E-03
 AUGER LMX                          5.19E-01    7.088E-03*   3.68E-03
 AUGER LXY                          4.72E-02    8.554E-03*   4.04E-04
 CK MMX                             2.81E+00    2.545E-04*   7.15E-04
 AUGER MNN                          4.95E+00    1.203E-03*   5.95E-03
 AUGER MNX                          2.42E-01    1.392E-03*   3.37E-04
 CK NNX                             1.36E+01    1.477E-04*   2.01E-03
 
 ALL LISTED X-RAYS, GAMMA-RAYS AND ANNIHILATION RADIATION    3.27E-01
 ALL NEGLECTED X-RAYS, GAMMA-RAYS AND ANNIH. RADIATION**     3.24E-03
 ALL LISTED BETAS, INTERNAL CONVERSION AND AUGER ELECTRONS   1.45E-01
 ALL NEGLECTED BETAS, INT. CONVERSION AND AUGER ELECTRONS**  2.53E-03
 ALL LISTED RADIATIONS                                       4.72E-01
 ALL NEGLECTED RADIATIONS**                                  5.76E-03
 
 *  AVERAGE ENERGY (MEV)
 ** EACH NEGLECTED TRANSITION CONTRIBUTES LESS THAN  0.100%
    TO THE TOTAL MEV/TRANSFORMATION FOR THIS CATEGORY.
 TOTAL FEEDING OF GROUND STATE LEVEL IN 169-THULIUM
   DAUGHTER IS 1.0000E+00 PER TRANSFORMATION OF 169-YTTERBIUM.
   THIS DAUGHTER GROUND STATE IS STABLE.
