 69M-ZINC-30             HALFLIFE = 13.76 HOURS   

  MODES OF DECAY: ISOMERIC LEVEL, BETA MINUS
 
                                    MEAN
                                    NUMBER/                  MEV/
                               ID   TRANSFOR-   ENERGY       TRANSFOR-
        TYPE OF RADIATION      NO.  MATION      (MEV)        MATION

 GAMMA-RAY                      1   9.48E-01    4.386E-01    4.16E-01
 K CONV. ELECTRON, GAMMA-RAY    1   4.55E-02    4.290E-01    1.95E-02
 L1 CONV. ELECTRON, GAMMA-RAY   1   4.78E-03    4.374E-01    2.09E-03
 L2 CONV. ELECTRON, GAMMA-RAY   1   3.27E-04    4.376E-01    1.43E-04
 L3 CONV. ELECTRON, GAMMA-RAY   1   3.05E-04    4.376E-01    1.34E-04
 M CONV. ELECTRON, GAMMA-RAY    1   8.15E-04    4.385E-01*   3.57E-04
 AUGER KLL                          1.91E-02    7.487E-03*   1.43E-04
 AUGER KLX                          4.87E-03    8.455E-03*   4.12E-05
 AUGER LMM                          6.61E-02    9.295E-04*   6.14E-05
 BETA MINUS                     1   3.30E-04    2.902E-01*   9.58E-05
 
 ALL LISTED X-RAYS, GAMMA-RAYS AND ANNIHILATION RADIATION    4.16E-01
 ALL NEGLECTED X-RAYS, GAMMA-RAYS AND ANNIH. RADIATION**     3.78E-04
 ALL LISTED BETAS, INTERNAL CONVERSION AND AUGER ELECTRONS   2.26E-02
 ALL NEGLECTED BETAS, INT. CONVERSION AND AUGER ELECTRONS**  2.84E-05
 ALL LISTED RADIATIONS                                       4.38E-01
 ALL NEGLECTED RADIATIONS**                                  4.07E-04
 
 *  AVERAGE ENERGY (MEV)
 ** EACH NEGLECTED TRANSITION CONTRIBUTES LESS THAN  0.100%
    TO THE TOTAL MEV/TRANSFORMATION FOR THIS CATEGORY.
 TOTAL FEEDING OF GROUND STATE LEVEL IN 69-ZINC
   DAUGHTER IS 9.9967E-01  PER TRANSFORMATION OF  69M-ZINC.
   DECAY OF THIS 56.4 MINUTES HALFLIFE LEVEL WILL CONTRIBUTE TO DOSE.
 TOTAL FEEDING OF GROUND STATE LEVEL IN 69-GALLIUM
   DAUGHTER IS 3.3000E-04  PER TRANSFORMATION OF  69M-ZINC.
   THIS DAUGHTER GROUND STATE IS STABLE.
