 69-ZINC-30              HALFLIFE = 56.4 MINUTES 

  MODE OF DECAY: BETA MINUS
 
                                    MEAN
                                    NUMBER/                  MEV/
                               ID   TRANSFOR-   ENERGY       TRANSFOR-
        TYPE OF RADIATION      NO.  MATION      (MEV)        MATION

 BETA MINUS                     3   1.00E+00    3.216E-01*   3.22E-01
 GAMMA-RAY                      1   1.20E-05    3.184E-01    3.82E-06
 GAMMA-RAY                      2   2.50E-06    8.717E-01    2.18E-06
 
 ALL LISTED X-RAYS, GAMMA-RAYS AND ANNIHILATION RADIATION    6.00E-06
 ALL NEGLECTED X-RAYS, GAMMA-RAYS AND ANNIH. RADIATION**     2.06E-10
 ALL LISTED BETAS, INTERNAL CONVERSION AND AUGER ELECTRONS   3.22E-01
 ALL NEGLECTED BETAS, INT. CONVERSION AND AUGER ELECTRONS**  2.36E-06
 ALL LISTED RADIATIONS                                       3.22E-01
 ALL NEGLECTED RADIATIONS**                                  2.36E-06
 
 *  AVERAGE ENERGY (MEV)
 ** EACH NEGLECTED TRANSITION CONTRIBUTES LESS THAN  0.100%
    TO THE TOTAL MEV/TRANSFORMATION FOR THIS CATEGORY.
 TOTAL FEEDING OF GROUND STATE LEVEL IN 69-GALLIUM
   DAUGHTER IS 1.0000E+00 PER TRANSFORMATION OF  69-ZINC.
   THIS DAUGHTER GROUND STATE IS STABLE.
