 95-ZIRCONIUM-40         HALFLIFE = 64.032 DAYS    

  MODE OF DECAY: BETA MINUS
 
                                    MEAN
                                    NUMBER/                  MEV/
                               ID   TRANSFOR-   ENERGY       TRANSFOR-
        TYPE OF RADIATION      NO.  MATION      (MEV)        MATION

 BETA MINUS                     1   5.45E-01    1.098E-01*   5.98E-02
 BETA MINUS                     2   4.43E-01    1.210E-01*   5.37E-02
 BETA MINUS                     3   1.08E-02    3.276E-01*   3.54E-03
 BETA MINUS                     4   1.03E-03    4.239E-01*   4.37E-04
 GAMMA-RAY                      2   4.43E-01    7.242E-01    3.21E-01
 K CONV. ELECTRON, GAMMA-RAY    2   6.14E-04    7.052E-01    4.33E-04
 GAMMA-RAY                      3   5.44E-01    7.567E-01    4.12E-01
 K CONV. ELECTRON, GAMMA-RAY    3   6.83E-04    7.378E-01    5.04E-04
 
 ALL LISTED X-RAYS, GAMMA-RAYS AND ANNIHILATION RADIATION    7.32E-01
 ALL NEGLECTED X-RAYS, GAMMA-RAYS AND ANNIH. RADIATION**     1.65E-05
 ALL LISTED BETAS, INTERNAL CONVERSION AND AUGER ELECTRONS   1.18E-01
 ALL NEGLECTED BETAS, INT. CONVERSION AND AUGER ELECTRONS**  1.38E-04
 ALL LISTED RADIATIONS                                       8.50E-01
 ALL NEGLECTED RADIATIONS**                                  1.54E-04
 
 *  AVERAGE ENERGY (MEV)
 ** EACH NEGLECTED TRANSITION CONTRIBUTES LESS THAN  0.100%
    TO THE TOTAL MEV/TRANSFORMATION FOR THIS CATEGORY.
 TOTAL FEEDING OF 0.235690 MEV ISOMERIC LEVEL IN  95-NIOBIUM     
   DAUGHTER IS 1.0802E-02 PER TRANSFORMATION OF  95-ZIRCONIUM.
   DECAY OF THIS 3.61 DAYS HALFLIFE LEVEL WILL CONTRIBUTE TO DOSE.
 TOTAL FEEDING OF GROUND STATE LEVEL IN 95-NIOBIUM
   DAUGHTER IS 9.8920E-01 PER TRANSFORMATION OF  95-ZIRCONIUM.
   DECAY OF THIS 34.991 DAYS HALFLIFE LEVEL WILL CONTRIBUTE TO DOSE.
